[2024-12-22T11:18:04.121+0000] {processor.py:186} INFO - Started process (PID=109) to work on /home/airflow/.local/lib/python3.12/site-packages/airflow/example_dags/example_branch_python_dop_operator_3.py
[2024-12-22T11:18:04.125+0000] {processor.py:914} INFO - Processing file /home/airflow/.local/lib/python3.12/site-packages/airflow/example_dags/example_branch_python_dop_operator_3.py for tasks to queue
[2024-12-22T11:18:04.133+0000] {logging_mixin.py:190} INFO - [2024-12-22T11:18:04.132+0000] {dagbag.py:588} INFO - Filling up the DagBag from /home/airflow/.local/lib/python3.12/site-packages/airflow/example_dags/example_branch_python_dop_operator_3.py
[2024-12-22T11:18:04.219+0000] {processor.py:925} INFO - DAG(s) 'example_branch_dop_operator_v3' retrieved from /home/airflow/.local/lib/python3.12/site-packages/airflow/example_dags/example_branch_python_dop_operator_3.py
[2024-12-22T11:18:04.326+0000] {logging_mixin.py:190} INFO - [2024-12-22T11:18:04.324+0000] {dag.py:3239} INFO - Sync 1 DAGs
[2024-12-22T11:18:04.449+0000] {logging_mixin.py:190} INFO - [2024-12-22T11:18:04.449+0000] {dag.py:4180} INFO - Setting next_dagrun for example_branch_dop_operator_v3 to 2024-12-22 11:17:00+00:00, run_after=2024-12-22 11:18:00+00:00
[2024-12-22T11:18:04.534+0000] {processor.py:208} INFO - Processing /home/airflow/.local/lib/python3.12/site-packages/airflow/example_dags/example_branch_python_dop_operator_3.py took 0.446 seconds
[2024-12-22T11:18:35.837+0000] {processor.py:186} INFO - Started process (PID=174) to work on /home/airflow/.local/lib/python3.12/site-packages/airflow/example_dags/example_branch_python_dop_operator_3.py
[2024-12-22T11:18:35.842+0000] {processor.py:914} INFO - Processing file /home/airflow/.local/lib/python3.12/site-packages/airflow/example_dags/example_branch_python_dop_operator_3.py for tasks to queue
[2024-12-22T11:18:35.852+0000] {logging_mixin.py:190} INFO - [2024-12-22T11:18:35.851+0000] {dagbag.py:588} INFO - Filling up the DagBag from /home/airflow/.local/lib/python3.12/site-packages/airflow/example_dags/example_branch_python_dop_operator_3.py
[2024-12-22T11:18:35.900+0000] {processor.py:925} INFO - DAG(s) 'example_branch_dop_operator_v3' retrieved from /home/airflow/.local/lib/python3.12/site-packages/airflow/example_dags/example_branch_python_dop_operator_3.py
[2024-12-22T11:18:35.984+0000] {logging_mixin.py:190} INFO - [2024-12-22T11:18:35.983+0000] {dag.py:3239} INFO - Sync 1 DAGs
[2024-12-22T11:18:36.142+0000] {logging_mixin.py:190} INFO - [2024-12-22T11:18:36.141+0000] {dag.py:4180} INFO - Setting next_dagrun for example_branch_dop_operator_v3 to 2024-12-22 11:17:00+00:00, run_after=2024-12-22 11:18:00+00:00
[2024-12-22T11:18:37.013+0000] {processor.py:208} INFO - Processing /home/airflow/.local/lib/python3.12/site-packages/airflow/example_dags/example_branch_python_dop_operator_3.py took 1.197 seconds
[2024-12-22T11:19:12.917+0000] {processor.py:186} INFO - Started process (PID=239) to work on /home/airflow/.local/lib/python3.12/site-packages/airflow/example_dags/example_branch_python_dop_operator_3.py
[2024-12-22T11:19:12.923+0000] {processor.py:914} INFO - Processing file /home/airflow/.local/lib/python3.12/site-packages/airflow/example_dags/example_branch_python_dop_operator_3.py for tasks to queue
[2024-12-22T11:19:12.936+0000] {logging_mixin.py:190} INFO - [2024-12-22T11:19:12.935+0000] {dagbag.py:588} INFO - Filling up the DagBag from /home/airflow/.local/lib/python3.12/site-packages/airflow/example_dags/example_branch_python_dop_operator_3.py
[2024-12-22T11:19:12.991+0000] {processor.py:925} INFO - DAG(s) 'example_branch_dop_operator_v3' retrieved from /home/airflow/.local/lib/python3.12/site-packages/airflow/example_dags/example_branch_python_dop_operator_3.py
[2024-12-22T11:19:13.092+0000] {logging_mixin.py:190} INFO - [2024-12-22T11:19:13.091+0000] {dag.py:3239} INFO - Sync 1 DAGs
[2024-12-22T11:19:13.252+0000] {logging_mixin.py:190} INFO - [2024-12-22T11:19:13.251+0000] {dag.py:4180} INFO - Setting next_dagrun for example_branch_dop_operator_v3 to 2024-12-22 11:18:00+00:00, run_after=2024-12-22 11:19:00+00:00
[2024-12-22T11:19:13.363+0000] {processor.py:208} INFO - Processing /home/airflow/.local/lib/python3.12/site-packages/airflow/example_dags/example_branch_python_dop_operator_3.py took 0.479 seconds
[2024-12-22T11:19:44.015+0000] {processor.py:186} INFO - Started process (PID=305) to work on /home/airflow/.local/lib/python3.12/site-packages/airflow/example_dags/example_branch_python_dop_operator_3.py
[2024-12-22T11:19:44.017+0000] {processor.py:914} INFO - Processing file /home/airflow/.local/lib/python3.12/site-packages/airflow/example_dags/example_branch_python_dop_operator_3.py for tasks to queue
[2024-12-22T11:19:44.024+0000] {logging_mixin.py:190} INFO - [2024-12-22T11:19:44.023+0000] {dagbag.py:588} INFO - Filling up the DagBag from /home/airflow/.local/lib/python3.12/site-packages/airflow/example_dags/example_branch_python_dop_operator_3.py
[2024-12-22T11:19:44.051+0000] {processor.py:925} INFO - DAG(s) 'example_branch_dop_operator_v3' retrieved from /home/airflow/.local/lib/python3.12/site-packages/airflow/example_dags/example_branch_python_dop_operator_3.py
[2024-12-22T11:19:44.098+0000] {logging_mixin.py:190} INFO - [2024-12-22T11:19:44.097+0000] {dag.py:3239} INFO - Sync 1 DAGs
[2024-12-22T11:19:44.167+0000] {logging_mixin.py:190} INFO - [2024-12-22T11:19:44.166+0000] {dag.py:4180} INFO - Setting next_dagrun for example_branch_dop_operator_v3 to 2024-12-22 11:18:00+00:00, run_after=2024-12-22 11:19:00+00:00
[2024-12-22T11:19:44.717+0000] {processor.py:208} INFO - Processing /home/airflow/.local/lib/python3.12/site-packages/airflow/example_dags/example_branch_python_dop_operator_3.py took 0.717 seconds
[2024-12-22T11:20:23.925+0000] {processor.py:186} INFO - Started process (PID=371) to work on /home/airflow/.local/lib/python3.12/site-packages/airflow/example_dags/example_branch_python_dop_operator_3.py
[2024-12-22T11:20:23.927+0000] {processor.py:914} INFO - Processing file /home/airflow/.local/lib/python3.12/site-packages/airflow/example_dags/example_branch_python_dop_operator_3.py for tasks to queue
[2024-12-22T11:20:23.934+0000] {logging_mixin.py:190} INFO - [2024-12-22T11:20:23.933+0000] {dagbag.py:588} INFO - Filling up the DagBag from /home/airflow/.local/lib/python3.12/site-packages/airflow/example_dags/example_branch_python_dop_operator_3.py
[2024-12-22T11:20:23.960+0000] {processor.py:925} INFO - DAG(s) 'example_branch_dop_operator_v3' retrieved from /home/airflow/.local/lib/python3.12/site-packages/airflow/example_dags/example_branch_python_dop_operator_3.py
[2024-12-22T11:20:24.013+0000] {logging_mixin.py:190} INFO - [2024-12-22T11:20:24.013+0000] {dag.py:3239} INFO - Sync 1 DAGs
[2024-12-22T11:20:24.090+0000] {logging_mixin.py:190} INFO - [2024-12-22T11:20:24.090+0000] {dag.py:4180} INFO - Setting next_dagrun for example_branch_dop_operator_v3 to 2024-12-22 11:19:00+00:00, run_after=2024-12-22 11:20:00+00:00
[2024-12-22T11:20:24.141+0000] {processor.py:208} INFO - Processing /home/airflow/.local/lib/python3.12/site-packages/airflow/example_dags/example_branch_python_dop_operator_3.py took 0.234 seconds
[2024-12-22T11:20:54.702+0000] {processor.py:186} INFO - Started process (PID=436) to work on /home/airflow/.local/lib/python3.12/site-packages/airflow/example_dags/example_branch_python_dop_operator_3.py
[2024-12-22T11:20:54.704+0000] {processor.py:914} INFO - Processing file /home/airflow/.local/lib/python3.12/site-packages/airflow/example_dags/example_branch_python_dop_operator_3.py for tasks to queue
[2024-12-22T11:20:54.714+0000] {logging_mixin.py:190} INFO - [2024-12-22T11:20:54.713+0000] {dagbag.py:588} INFO - Filling up the DagBag from /home/airflow/.local/lib/python3.12/site-packages/airflow/example_dags/example_branch_python_dop_operator_3.py
[2024-12-22T11:20:54.742+0000] {processor.py:925} INFO - DAG(s) 'example_branch_dop_operator_v3' retrieved from /home/airflow/.local/lib/python3.12/site-packages/airflow/example_dags/example_branch_python_dop_operator_3.py
[2024-12-22T11:20:54.801+0000] {logging_mixin.py:190} INFO - [2024-12-22T11:20:54.800+0000] {dag.py:3239} INFO - Sync 1 DAGs
[2024-12-22T11:20:54.914+0000] {logging_mixin.py:190} INFO - [2024-12-22T11:20:54.913+0000] {dag.py:4180} INFO - Setting next_dagrun for example_branch_dop_operator_v3 to 2024-12-22 11:19:00+00:00, run_after=2024-12-22 11:20:00+00:00
[2024-12-22T11:20:54.961+0000] {processor.py:208} INFO - Processing /home/airflow/.local/lib/python3.12/site-packages/airflow/example_dags/example_branch_python_dop_operator_3.py took 0.275 seconds
[2024-12-22T11:21:33.229+0000] {processor.py:186} INFO - Started process (PID=508) to work on /home/airflow/.local/lib/python3.12/site-packages/airflow/example_dags/example_branch_python_dop_operator_3.py
[2024-12-22T11:21:33.234+0000] {processor.py:914} INFO - Processing file /home/airflow/.local/lib/python3.12/site-packages/airflow/example_dags/example_branch_python_dop_operator_3.py for tasks to queue
[2024-12-22T11:21:33.239+0000] {logging_mixin.py:190} INFO - [2024-12-22T11:21:33.239+0000] {dagbag.py:588} INFO - Filling up the DagBag from /home/airflow/.local/lib/python3.12/site-packages/airflow/example_dags/example_branch_python_dop_operator_3.py
[2024-12-22T11:21:33.274+0000] {processor.py:925} INFO - DAG(s) 'example_branch_dop_operator_v3' retrieved from /home/airflow/.local/lib/python3.12/site-packages/airflow/example_dags/example_branch_python_dop_operator_3.py
[2024-12-22T11:21:33.330+0000] {logging_mixin.py:190} INFO - [2024-12-22T11:21:33.330+0000] {dag.py:3239} INFO - Sync 1 DAGs
[2024-12-22T11:21:33.416+0000] {logging_mixin.py:190} INFO - [2024-12-22T11:21:33.415+0000] {dag.py:4180} INFO - Setting next_dagrun for example_branch_dop_operator_v3 to 2024-12-22 11:20:00+00:00, run_after=2024-12-22 11:21:00+00:00
[2024-12-22T11:21:33.465+0000] {processor.py:208} INFO - Processing /home/airflow/.local/lib/python3.12/site-packages/airflow/example_dags/example_branch_python_dop_operator_3.py took 0.259 seconds
[2024-12-22T11:22:09.848+0000] {processor.py:186} INFO - Started process (PID=573) to work on /home/airflow/.local/lib/python3.12/site-packages/airflow/example_dags/example_branch_python_dop_operator_3.py
[2024-12-22T11:22:09.851+0000] {processor.py:914} INFO - Processing file /home/airflow/.local/lib/python3.12/site-packages/airflow/example_dags/example_branch_python_dop_operator_3.py for tasks to queue
[2024-12-22T11:22:09.858+0000] {logging_mixin.py:190} INFO - [2024-12-22T11:22:09.857+0000] {dagbag.py:588} INFO - Filling up the DagBag from /home/airflow/.local/lib/python3.12/site-packages/airflow/example_dags/example_branch_python_dop_operator_3.py
[2024-12-22T11:22:09.898+0000] {processor.py:925} INFO - DAG(s) 'example_branch_dop_operator_v3' retrieved from /home/airflow/.local/lib/python3.12/site-packages/airflow/example_dags/example_branch_python_dop_operator_3.py
[2024-12-22T11:22:09.998+0000] {logging_mixin.py:190} INFO - [2024-12-22T11:22:09.997+0000] {dag.py:3239} INFO - Sync 1 DAGs
[2024-12-22T11:22:10.104+0000] {logging_mixin.py:190} INFO - [2024-12-22T11:22:10.103+0000] {dag.py:4180} INFO - Setting next_dagrun for example_branch_dop_operator_v3 to 2024-12-22 11:21:00+00:00, run_after=2024-12-22 11:22:00+00:00
[2024-12-22T11:22:10.149+0000] {processor.py:208} INFO - Processing /home/airflow/.local/lib/python3.12/site-packages/airflow/example_dags/example_branch_python_dop_operator_3.py took 0.320 seconds
[2024-12-22T11:22:44.422+0000] {processor.py:186} INFO - Started process (PID=638) to work on /home/airflow/.local/lib/python3.12/site-packages/airflow/example_dags/example_branch_python_dop_operator_3.py
[2024-12-22T11:22:44.427+0000] {processor.py:914} INFO - Processing file /home/airflow/.local/lib/python3.12/site-packages/airflow/example_dags/example_branch_python_dop_operator_3.py for tasks to queue
[2024-12-22T11:22:44.438+0000] {logging_mixin.py:190} INFO - [2024-12-22T11:22:44.437+0000] {dagbag.py:588} INFO - Filling up the DagBag from /home/airflow/.local/lib/python3.12/site-packages/airflow/example_dags/example_branch_python_dop_operator_3.py
[2024-12-22T11:22:44.489+0000] {processor.py:925} INFO - DAG(s) 'example_branch_dop_operator_v3' retrieved from /home/airflow/.local/lib/python3.12/site-packages/airflow/example_dags/example_branch_python_dop_operator_3.py
[2024-12-22T11:22:44.620+0000] {logging_mixin.py:190} INFO - [2024-12-22T11:22:44.618+0000] {dag.py:3239} INFO - Sync 1 DAGs
[2024-12-22T11:22:44.738+0000] {logging_mixin.py:190} INFO - [2024-12-22T11:22:44.738+0000] {dag.py:4180} INFO - Setting next_dagrun for example_branch_dop_operator_v3 to 2024-12-22 11:21:00+00:00, run_after=2024-12-22 11:22:00+00:00
[2024-12-22T11:22:44.789+0000] {processor.py:208} INFO - Processing /home/airflow/.local/lib/python3.12/site-packages/airflow/example_dags/example_branch_python_dop_operator_3.py took 0.395 seconds
[2024-12-22T11:23:27.918+0000] {processor.py:186} INFO - Started process (PID=707) to work on /home/airflow/.local/lib/python3.12/site-packages/airflow/example_dags/example_branch_python_dop_operator_3.py
[2024-12-22T11:23:27.925+0000] {processor.py:914} INFO - Processing file /home/airflow/.local/lib/python3.12/site-packages/airflow/example_dags/example_branch_python_dop_operator_3.py for tasks to queue
[2024-12-22T11:23:27.935+0000] {logging_mixin.py:190} INFO - [2024-12-22T11:23:27.934+0000] {dagbag.py:588} INFO - Filling up the DagBag from /home/airflow/.local/lib/python3.12/site-packages/airflow/example_dags/example_branch_python_dop_operator_3.py
[2024-12-22T11:23:27.992+0000] {processor.py:925} INFO - DAG(s) 'example_branch_dop_operator_v3' retrieved from /home/airflow/.local/lib/python3.12/site-packages/airflow/example_dags/example_branch_python_dop_operator_3.py
[2024-12-22T11:23:28.082+0000] {logging_mixin.py:190} INFO - [2024-12-22T11:23:28.080+0000] {dag.py:3239} INFO - Sync 1 DAGs
[2024-12-22T11:23:28.208+0000] {logging_mixin.py:190} INFO - [2024-12-22T11:23:28.206+0000] {dag.py:4180} INFO - Setting next_dagrun for example_branch_dop_operator_v3 to 2024-12-22 11:22:00+00:00, run_after=2024-12-22 11:23:00+00:00
[2024-12-22T11:23:28.266+0000] {processor.py:208} INFO - Processing /home/airflow/.local/lib/python3.12/site-packages/airflow/example_dags/example_branch_python_dop_operator_3.py took 0.371 seconds
[2024-12-22T11:24:05.067+0000] {processor.py:186} INFO - Started process (PID=772) to work on /home/airflow/.local/lib/python3.12/site-packages/airflow/example_dags/example_branch_python_dop_operator_3.py
[2024-12-22T11:24:05.070+0000] {processor.py:914} INFO - Processing file /home/airflow/.local/lib/python3.12/site-packages/airflow/example_dags/example_branch_python_dop_operator_3.py for tasks to queue
[2024-12-22T11:24:05.077+0000] {logging_mixin.py:190} INFO - [2024-12-22T11:24:05.076+0000] {dagbag.py:588} INFO - Filling up the DagBag from /home/airflow/.local/lib/python3.12/site-packages/airflow/example_dags/example_branch_python_dop_operator_3.py
[2024-12-22T11:24:05.115+0000] {processor.py:925} INFO - DAG(s) 'example_branch_dop_operator_v3' retrieved from /home/airflow/.local/lib/python3.12/site-packages/airflow/example_dags/example_branch_python_dop_operator_3.py
[2024-12-22T11:24:05.164+0000] {logging_mixin.py:190} INFO - [2024-12-22T11:24:05.164+0000] {dag.py:3239} INFO - Sync 1 DAGs
[2024-12-22T11:24:05.238+0000] {logging_mixin.py:190} INFO - [2024-12-22T11:24:05.238+0000] {dag.py:4180} INFO - Setting next_dagrun for example_branch_dop_operator_v3 to 2024-12-22 11:23:00+00:00, run_after=2024-12-22 11:24:00+00:00
[2024-12-22T11:24:05.282+0000] {processor.py:208} INFO - Processing /home/airflow/.local/lib/python3.12/site-packages/airflow/example_dags/example_branch_python_dop_operator_3.py took 0.232 seconds
[2024-12-22T11:24:35.773+0000] {processor.py:186} INFO - Started process (PID=837) to work on /home/airflow/.local/lib/python3.12/site-packages/airflow/example_dags/example_branch_python_dop_operator_3.py
[2024-12-22T11:24:35.777+0000] {processor.py:914} INFO - Processing file /home/airflow/.local/lib/python3.12/site-packages/airflow/example_dags/example_branch_python_dop_operator_3.py for tasks to queue
[2024-12-22T11:24:35.789+0000] {logging_mixin.py:190} INFO - [2024-12-22T11:24:35.787+0000] {dagbag.py:588} INFO - Filling up the DagBag from /home/airflow/.local/lib/python3.12/site-packages/airflow/example_dags/example_branch_python_dop_operator_3.py
[2024-12-22T11:24:35.841+0000] {processor.py:925} INFO - DAG(s) 'example_branch_dop_operator_v3' retrieved from /home/airflow/.local/lib/python3.12/site-packages/airflow/example_dags/example_branch_python_dop_operator_3.py
[2024-12-22T11:24:35.915+0000] {logging_mixin.py:190} INFO - [2024-12-22T11:24:35.915+0000] {dag.py:3239} INFO - Sync 1 DAGs
[2024-12-22T11:24:36.038+0000] {logging_mixin.py:190} INFO - [2024-12-22T11:24:36.027+0000] {dag.py:4180} INFO - Setting next_dagrun for example_branch_dop_operator_v3 to 2024-12-22 11:23:00+00:00, run_after=2024-12-22 11:24:00+00:00
[2024-12-22T11:24:36.111+0000] {processor.py:208} INFO - Processing /home/airflow/.local/lib/python3.12/site-packages/airflow/example_dags/example_branch_python_dop_operator_3.py took 0.378 seconds
[2024-12-22T11:25:06.336+0000] {processor.py:186} INFO - Started process (PID=902) to work on /home/airflow/.local/lib/python3.12/site-packages/airflow/example_dags/example_branch_python_dop_operator_3.py
[2024-12-22T11:25:06.338+0000] {processor.py:914} INFO - Processing file /home/airflow/.local/lib/python3.12/site-packages/airflow/example_dags/example_branch_python_dop_operator_3.py for tasks to queue
[2024-12-22T11:25:06.347+0000] {logging_mixin.py:190} INFO - [2024-12-22T11:25:06.346+0000] {dagbag.py:588} INFO - Filling up the DagBag from /home/airflow/.local/lib/python3.12/site-packages/airflow/example_dags/example_branch_python_dop_operator_3.py
[2024-12-22T11:25:06.383+0000] {processor.py:925} INFO - DAG(s) 'example_branch_dop_operator_v3' retrieved from /home/airflow/.local/lib/python3.12/site-packages/airflow/example_dags/example_branch_python_dop_operator_3.py
[2024-12-22T11:25:06.443+0000] {logging_mixin.py:190} INFO - [2024-12-22T11:25:06.443+0000] {dag.py:3239} INFO - Sync 1 DAGs
[2024-12-22T11:25:06.519+0000] {logging_mixin.py:190} INFO - [2024-12-22T11:25:06.518+0000] {dag.py:4180} INFO - Setting next_dagrun for example_branch_dop_operator_v3 to 2024-12-22 11:24:00+00:00, run_after=2024-12-22 11:25:00+00:00
[2024-12-22T11:25:06.564+0000] {processor.py:208} INFO - Processing /home/airflow/.local/lib/python3.12/site-packages/airflow/example_dags/example_branch_python_dop_operator_3.py took 0.245 seconds
[2024-12-22T11:25:36.912+0000] {processor.py:186} INFO - Started process (PID=967) to work on /home/airflow/.local/lib/python3.12/site-packages/airflow/example_dags/example_branch_python_dop_operator_3.py
[2024-12-22T11:25:36.914+0000] {processor.py:914} INFO - Processing file /home/airflow/.local/lib/python3.12/site-packages/airflow/example_dags/example_branch_python_dop_operator_3.py for tasks to queue
[2024-12-22T11:25:36.921+0000] {logging_mixin.py:190} INFO - [2024-12-22T11:25:36.920+0000] {dagbag.py:588} INFO - Filling up the DagBag from /home/airflow/.local/lib/python3.12/site-packages/airflow/example_dags/example_branch_python_dop_operator_3.py
[2024-12-22T11:25:36.948+0000] {processor.py:925} INFO - DAG(s) 'example_branch_dop_operator_v3' retrieved from /home/airflow/.local/lib/python3.12/site-packages/airflow/example_dags/example_branch_python_dop_operator_3.py
[2024-12-22T11:25:36.991+0000] {logging_mixin.py:190} INFO - [2024-12-22T11:25:36.990+0000] {dag.py:3239} INFO - Sync 1 DAGs
[2024-12-22T11:25:37.056+0000] {logging_mixin.py:190} INFO - [2024-12-22T11:25:37.055+0000] {dag.py:4180} INFO - Setting next_dagrun for example_branch_dop_operator_v3 to 2024-12-22 11:24:00+00:00, run_after=2024-12-22 11:25:00+00:00
[2024-12-22T11:25:37.097+0000] {processor.py:208} INFO - Processing /home/airflow/.local/lib/python3.12/site-packages/airflow/example_dags/example_branch_python_dop_operator_3.py took 0.205 seconds
[2024-12-22T11:26:34.290+0000] {processor.py:186} INFO - Started process (PID=1046) to work on /home/airflow/.local/lib/python3.12/site-packages/airflow/example_dags/example_branch_python_dop_operator_3.py
[2024-12-22T11:26:34.293+0000] {processor.py:914} INFO - Processing file /home/airflow/.local/lib/python3.12/site-packages/airflow/example_dags/example_branch_python_dop_operator_3.py for tasks to queue
[2024-12-22T11:26:34.302+0000] {logging_mixin.py:190} INFO - [2024-12-22T11:26:34.301+0000] {dagbag.py:588} INFO - Filling up the DagBag from /home/airflow/.local/lib/python3.12/site-packages/airflow/example_dags/example_branch_python_dop_operator_3.py
[2024-12-22T11:26:34.345+0000] {processor.py:925} INFO - DAG(s) 'example_branch_dop_operator_v3' retrieved from /home/airflow/.local/lib/python3.12/site-packages/airflow/example_dags/example_branch_python_dop_operator_3.py
[2024-12-22T11:26:34.417+0000] {logging_mixin.py:190} INFO - [2024-12-22T11:26:34.417+0000] {dag.py:3239} INFO - Sync 1 DAGs
[2024-12-22T11:26:34.565+0000] {logging_mixin.py:190} INFO - [2024-12-22T11:26:34.553+0000] {dag.py:4180} INFO - Setting next_dagrun for example_branch_dop_operator_v3 to 2024-12-22 11:25:00+00:00, run_after=2024-12-22 11:26:00+00:00
[2024-12-22T11:26:34.772+0000] {processor.py:208} INFO - Processing /home/airflow/.local/lib/python3.12/site-packages/airflow/example_dags/example_branch_python_dop_operator_3.py took 0.502 seconds
[2024-12-22T11:27:10.278+0000] {processor.py:186} INFO - Started process (PID=1111) to work on /home/airflow/.local/lib/python3.12/site-packages/airflow/example_dags/example_branch_python_dop_operator_3.py
[2024-12-22T11:27:10.280+0000] {processor.py:914} INFO - Processing file /home/airflow/.local/lib/python3.12/site-packages/airflow/example_dags/example_branch_python_dop_operator_3.py for tasks to queue
[2024-12-22T11:27:10.283+0000] {logging_mixin.py:190} INFO - [2024-12-22T11:27:10.282+0000] {dagbag.py:588} INFO - Filling up the DagBag from /home/airflow/.local/lib/python3.12/site-packages/airflow/example_dags/example_branch_python_dop_operator_3.py
[2024-12-22T11:27:10.319+0000] {processor.py:925} INFO - DAG(s) 'example_branch_dop_operator_v3' retrieved from /home/airflow/.local/lib/python3.12/site-packages/airflow/example_dags/example_branch_python_dop_operator_3.py
[2024-12-22T11:27:10.372+0000] {logging_mixin.py:190} INFO - [2024-12-22T11:27:10.371+0000] {dag.py:3239} INFO - Sync 1 DAGs
[2024-12-22T11:27:10.451+0000] {logging_mixin.py:190} INFO - [2024-12-22T11:27:10.450+0000] {dag.py:4180} INFO - Setting next_dagrun for example_branch_dop_operator_v3 to 2024-12-22 11:26:00+00:00, run_after=2024-12-22 11:27:00+00:00
[2024-12-22T11:27:10.496+0000] {processor.py:208} INFO - Processing /home/airflow/.local/lib/python3.12/site-packages/airflow/example_dags/example_branch_python_dop_operator_3.py took 0.236 seconds
[2024-12-22T11:27:49.149+0000] {processor.py:186} INFO - Started process (PID=1176) to work on /home/airflow/.local/lib/python3.12/site-packages/airflow/example_dags/example_branch_python_dop_operator_3.py
[2024-12-22T11:27:49.151+0000] {processor.py:914} INFO - Processing file /home/airflow/.local/lib/python3.12/site-packages/airflow/example_dags/example_branch_python_dop_operator_3.py for tasks to queue
[2024-12-22T11:27:49.153+0000] {logging_mixin.py:190} INFO - [2024-12-22T11:27:49.153+0000] {dagbag.py:588} INFO - Filling up the DagBag from /home/airflow/.local/lib/python3.12/site-packages/airflow/example_dags/example_branch_python_dop_operator_3.py
[2024-12-22T11:27:49.178+0000] {processor.py:925} INFO - DAG(s) 'example_branch_dop_operator_v3' retrieved from /home/airflow/.local/lib/python3.12/site-packages/airflow/example_dags/example_branch_python_dop_operator_3.py
[2024-12-22T11:27:49.227+0000] {logging_mixin.py:190} INFO - [2024-12-22T11:27:49.226+0000] {dag.py:3239} INFO - Sync 1 DAGs
[2024-12-22T11:27:49.308+0000] {logging_mixin.py:190} INFO - [2024-12-22T11:27:49.307+0000] {dag.py:4180} INFO - Setting next_dagrun for example_branch_dop_operator_v3 to 2024-12-22 11:26:00+00:00, run_after=2024-12-22 11:27:00+00:00
[2024-12-22T11:27:49.356+0000] {processor.py:208} INFO - Processing /home/airflow/.local/lib/python3.12/site-packages/airflow/example_dags/example_branch_python_dop_operator_3.py took 0.222 seconds
[2024-12-22T11:28:28.642+0000] {processor.py:186} INFO - Started process (PID=1249) to work on /home/airflow/.local/lib/python3.12/site-packages/airflow/example_dags/example_branch_python_dop_operator_3.py
[2024-12-22T11:28:28.645+0000] {processor.py:914} INFO - Processing file /home/airflow/.local/lib/python3.12/site-packages/airflow/example_dags/example_branch_python_dop_operator_3.py for tasks to queue
[2024-12-22T11:28:28.648+0000] {logging_mixin.py:190} INFO - [2024-12-22T11:28:28.648+0000] {dagbag.py:588} INFO - Filling up the DagBag from /home/airflow/.local/lib/python3.12/site-packages/airflow/example_dags/example_branch_python_dop_operator_3.py
[2024-12-22T11:28:28.677+0000] {processor.py:925} INFO - DAG(s) 'example_branch_dop_operator_v3' retrieved from /home/airflow/.local/lib/python3.12/site-packages/airflow/example_dags/example_branch_python_dop_operator_3.py
[2024-12-22T11:28:28.729+0000] {logging_mixin.py:190} INFO - [2024-12-22T11:28:28.728+0000] {dag.py:3239} INFO - Sync 1 DAGs
[2024-12-22T11:28:28.805+0000] {logging_mixin.py:190} INFO - [2024-12-22T11:28:28.805+0000] {dag.py:4180} INFO - Setting next_dagrun for example_branch_dop_operator_v3 to 2024-12-22 11:27:00+00:00, run_after=2024-12-22 11:28:00+00:00
[2024-12-22T11:28:28.848+0000] {processor.py:208} INFO - Processing /home/airflow/.local/lib/python3.12/site-packages/airflow/example_dags/example_branch_python_dop_operator_3.py took 0.223 seconds
[2024-12-22T11:29:03.894+0000] {processor.py:186} INFO - Started process (PID=1314) to work on /home/airflow/.local/lib/python3.12/site-packages/airflow/example_dags/example_branch_python_dop_operator_3.py
[2024-12-22T11:29:03.897+0000] {processor.py:914} INFO - Processing file /home/airflow/.local/lib/python3.12/site-packages/airflow/example_dags/example_branch_python_dop_operator_3.py for tasks to queue
[2024-12-22T11:29:03.901+0000] {logging_mixin.py:190} INFO - [2024-12-22T11:29:03.900+0000] {dagbag.py:588} INFO - Filling up the DagBag from /home/airflow/.local/lib/python3.12/site-packages/airflow/example_dags/example_branch_python_dop_operator_3.py
[2024-12-22T11:29:03.947+0000] {processor.py:925} INFO - DAG(s) 'example_branch_dop_operator_v3' retrieved from /home/airflow/.local/lib/python3.12/site-packages/airflow/example_dags/example_branch_python_dop_operator_3.py
[2024-12-22T11:29:04.047+0000] {logging_mixin.py:190} INFO - [2024-12-22T11:29:04.046+0000] {dag.py:3239} INFO - Sync 1 DAGs
[2024-12-22T11:29:04.170+0000] {logging_mixin.py:190} INFO - [2024-12-22T11:29:04.169+0000] {dag.py:4180} INFO - Setting next_dagrun for example_branch_dop_operator_v3 to 2024-12-22 11:28:00+00:00, run_after=2024-12-22 11:29:00+00:00
[2024-12-22T11:29:05.267+0000] {processor.py:208} INFO - Processing /home/airflow/.local/lib/python3.12/site-packages/airflow/example_dags/example_branch_python_dop_operator_3.py took 1.391 seconds
[2024-12-22T11:29:41.004+0000] {processor.py:186} INFO - Started process (PID=1381) to work on /home/airflow/.local/lib/python3.12/site-packages/airflow/example_dags/example_branch_python_dop_operator_3.py
[2024-12-22T11:29:41.008+0000] {processor.py:914} INFO - Processing file /home/airflow/.local/lib/python3.12/site-packages/airflow/example_dags/example_branch_python_dop_operator_3.py for tasks to queue
[2024-12-22T11:29:41.011+0000] {logging_mixin.py:190} INFO - [2024-12-22T11:29:41.010+0000] {dagbag.py:588} INFO - Filling up the DagBag from /home/airflow/.local/lib/python3.12/site-packages/airflow/example_dags/example_branch_python_dop_operator_3.py
[2024-12-22T11:29:41.048+0000] {processor.py:925} INFO - DAG(s) 'example_branch_dop_operator_v3' retrieved from /home/airflow/.local/lib/python3.12/site-packages/airflow/example_dags/example_branch_python_dop_operator_3.py
[2024-12-22T11:29:41.105+0000] {logging_mixin.py:190} INFO - [2024-12-22T11:29:41.104+0000] {dag.py:3239} INFO - Sync 1 DAGs
[2024-12-22T11:29:42.248+0000] {logging_mixin.py:190} INFO - [2024-12-22T11:29:42.247+0000] {dag.py:4180} INFO - Setting next_dagrun for example_branch_dop_operator_v3 to 2024-12-22 11:28:00+00:00, run_after=2024-12-22 11:29:00+00:00
[2024-12-22T11:29:42.454+0000] {processor.py:208} INFO - Processing /home/airflow/.local/lib/python3.12/site-packages/airflow/example_dags/example_branch_python_dop_operator_3.py took 1.468 seconds
[2024-12-22T11:30:14.714+0000] {processor.py:186} INFO - Started process (PID=1446) to work on /home/airflow/.local/lib/python3.12/site-packages/airflow/example_dags/example_branch_python_dop_operator_3.py
[2024-12-22T11:30:14.717+0000] {processor.py:914} INFO - Processing file /home/airflow/.local/lib/python3.12/site-packages/airflow/example_dags/example_branch_python_dop_operator_3.py for tasks to queue
[2024-12-22T11:30:14.721+0000] {logging_mixin.py:190} INFO - [2024-12-22T11:30:14.720+0000] {dagbag.py:588} INFO - Filling up the DagBag from /home/airflow/.local/lib/python3.12/site-packages/airflow/example_dags/example_branch_python_dop_operator_3.py
[2024-12-22T11:30:14.763+0000] {processor.py:925} INFO - DAG(s) 'example_branch_dop_operator_v3' retrieved from /home/airflow/.local/lib/python3.12/site-packages/airflow/example_dags/example_branch_python_dop_operator_3.py
[2024-12-22T11:30:14.827+0000] {logging_mixin.py:190} INFO - [2024-12-22T11:30:14.826+0000] {dag.py:3239} INFO - Sync 1 DAGs
[2024-12-22T11:30:15.965+0000] {logging_mixin.py:190} INFO - [2024-12-22T11:30:15.964+0000] {dag.py:4180} INFO - Setting next_dagrun for example_branch_dop_operator_v3 to 2024-12-22 11:29:00+00:00, run_after=2024-12-22 11:30:00+00:00
[2024-12-22T11:30:16.034+0000] {processor.py:208} INFO - Processing /home/airflow/.local/lib/python3.12/site-packages/airflow/example_dags/example_branch_python_dop_operator_3.py took 1.338 seconds
[2024-12-22T11:30:47.812+0000] {processor.py:186} INFO - Started process (PID=1511) to work on /home/airflow/.local/lib/python3.12/site-packages/airflow/example_dags/example_branch_python_dop_operator_3.py
[2024-12-22T11:30:47.815+0000] {processor.py:914} INFO - Processing file /home/airflow/.local/lib/python3.12/site-packages/airflow/example_dags/example_branch_python_dop_operator_3.py for tasks to queue
[2024-12-22T11:30:47.818+0000] {logging_mixin.py:190} INFO - [2024-12-22T11:30:47.817+0000] {dagbag.py:588} INFO - Filling up the DagBag from /home/airflow/.local/lib/python3.12/site-packages/airflow/example_dags/example_branch_python_dop_operator_3.py
[2024-12-22T11:30:47.845+0000] {processor.py:925} INFO - DAG(s) 'example_branch_dop_operator_v3' retrieved from /home/airflow/.local/lib/python3.12/site-packages/airflow/example_dags/example_branch_python_dop_operator_3.py
[2024-12-22T11:30:47.886+0000] {logging_mixin.py:190} INFO - [2024-12-22T11:30:47.886+0000] {dag.py:3239} INFO - Sync 1 DAGs
[2024-12-22T11:30:47.949+0000] {logging_mixin.py:190} INFO - [2024-12-22T11:30:47.949+0000] {dag.py:4180} INFO - Setting next_dagrun for example_branch_dop_operator_v3 to 2024-12-22 11:29:00+00:00, run_after=2024-12-22 11:30:00+00:00
[2024-12-22T11:30:47.987+0000] {processor.py:208} INFO - Processing /home/airflow/.local/lib/python3.12/site-packages/airflow/example_dags/example_branch_python_dop_operator_3.py took 0.189 seconds
[2024-12-22T11:31:18.673+0000] {processor.py:186} INFO - Started process (PID=1576) to work on /home/airflow/.local/lib/python3.12/site-packages/airflow/example_dags/example_branch_python_dop_operator_3.py
[2024-12-22T11:31:18.675+0000] {processor.py:914} INFO - Processing file /home/airflow/.local/lib/python3.12/site-packages/airflow/example_dags/example_branch_python_dop_operator_3.py for tasks to queue
[2024-12-22T11:31:18.679+0000] {logging_mixin.py:190} INFO - [2024-12-22T11:31:18.678+0000] {dagbag.py:588} INFO - Filling up the DagBag from /home/airflow/.local/lib/python3.12/site-packages/airflow/example_dags/example_branch_python_dop_operator_3.py
[2024-12-22T11:31:18.711+0000] {processor.py:925} INFO - DAG(s) 'example_branch_dop_operator_v3' retrieved from /home/airflow/.local/lib/python3.12/site-packages/airflow/example_dags/example_branch_python_dop_operator_3.py
[2024-12-22T11:31:18.767+0000] {logging_mixin.py:190} INFO - [2024-12-22T11:31:18.767+0000] {dag.py:3239} INFO - Sync 1 DAGs
[2024-12-22T11:31:18.844+0000] {logging_mixin.py:190} INFO - [2024-12-22T11:31:18.843+0000] {dag.py:4180} INFO - Setting next_dagrun for example_branch_dop_operator_v3 to 2024-12-22 11:30:00+00:00, run_after=2024-12-22 11:31:00+00:00
[2024-12-22T11:31:18.890+0000] {processor.py:208} INFO - Processing /home/airflow/.local/lib/python3.12/site-packages/airflow/example_dags/example_branch_python_dop_operator_3.py took 0.231 seconds
[2024-12-22T11:31:53.481+0000] {processor.py:186} INFO - Started process (PID=1641) to work on /home/airflow/.local/lib/python3.12/site-packages/airflow/example_dags/example_branch_python_dop_operator_3.py
[2024-12-22T11:31:53.483+0000] {processor.py:914} INFO - Processing file /home/airflow/.local/lib/python3.12/site-packages/airflow/example_dags/example_branch_python_dop_operator_3.py for tasks to queue
[2024-12-22T11:31:53.488+0000] {logging_mixin.py:190} INFO - [2024-12-22T11:31:53.487+0000] {dagbag.py:588} INFO - Filling up the DagBag from /home/airflow/.local/lib/python3.12/site-packages/airflow/example_dags/example_branch_python_dop_operator_3.py
[2024-12-22T11:31:53.527+0000] {processor.py:925} INFO - DAG(s) 'example_branch_dop_operator_v3' retrieved from /home/airflow/.local/lib/python3.12/site-packages/airflow/example_dags/example_branch_python_dop_operator_3.py
[2024-12-22T11:31:53.579+0000] {logging_mixin.py:190} INFO - [2024-12-22T11:31:53.578+0000] {dag.py:3239} INFO - Sync 1 DAGs
[2024-12-22T11:31:53.676+0000] {logging_mixin.py:190} INFO - [2024-12-22T11:31:53.675+0000] {dag.py:4180} INFO - Setting next_dagrun for example_branch_dop_operator_v3 to 2024-12-22 11:30:00+00:00, run_after=2024-12-22 11:31:00+00:00
[2024-12-22T11:31:53.737+0000] {processor.py:208} INFO - Processing /home/airflow/.local/lib/python3.12/site-packages/airflow/example_dags/example_branch_python_dop_operator_3.py took 0.284 seconds
[2024-12-22T11:32:33.147+0000] {processor.py:186} INFO - Started process (PID=1713) to work on /home/airflow/.local/lib/python3.12/site-packages/airflow/example_dags/example_branch_python_dop_operator_3.py
[2024-12-22T11:32:33.149+0000] {processor.py:914} INFO - Processing file /home/airflow/.local/lib/python3.12/site-packages/airflow/example_dags/example_branch_python_dop_operator_3.py for tasks to queue
[2024-12-22T11:32:33.153+0000] {logging_mixin.py:190} INFO - [2024-12-22T11:32:33.152+0000] {dagbag.py:588} INFO - Filling up the DagBag from /home/airflow/.local/lib/python3.12/site-packages/airflow/example_dags/example_branch_python_dop_operator_3.py
[2024-12-22T11:32:33.194+0000] {processor.py:925} INFO - DAG(s) 'example_branch_dop_operator_v3' retrieved from /home/airflow/.local/lib/python3.12/site-packages/airflow/example_dags/example_branch_python_dop_operator_3.py
[2024-12-22T11:32:33.247+0000] {logging_mixin.py:190} INFO - [2024-12-22T11:32:33.246+0000] {dag.py:3239} INFO - Sync 1 DAGs
[2024-12-22T11:32:33.329+0000] {logging_mixin.py:190} INFO - [2024-12-22T11:32:33.329+0000] {dag.py:4180} INFO - Setting next_dagrun for example_branch_dop_operator_v3 to 2024-12-22 11:31:00+00:00, run_after=2024-12-22 11:32:00+00:00
[2024-12-22T11:32:33.376+0000] {processor.py:208} INFO - Processing /home/airflow/.local/lib/python3.12/site-packages/airflow/example_dags/example_branch_python_dop_operator_3.py took 0.247 seconds
[2024-12-22T11:33:08.935+0000] {processor.py:186} INFO - Started process (PID=1769) to work on /home/airflow/.local/lib/python3.12/site-packages/airflow/example_dags/example_branch_python_dop_operator_3.py
[2024-12-22T11:33:08.938+0000] {processor.py:914} INFO - Processing file /home/airflow/.local/lib/python3.12/site-packages/airflow/example_dags/example_branch_python_dop_operator_3.py for tasks to queue
[2024-12-22T11:33:08.941+0000] {logging_mixin.py:190} INFO - [2024-12-22T11:33:08.940+0000] {dagbag.py:588} INFO - Filling up the DagBag from /home/airflow/.local/lib/python3.12/site-packages/airflow/example_dags/example_branch_python_dop_operator_3.py
[2024-12-22T11:33:08.977+0000] {processor.py:925} INFO - DAG(s) 'example_branch_dop_operator_v3' retrieved from /home/airflow/.local/lib/python3.12/site-packages/airflow/example_dags/example_branch_python_dop_operator_3.py
[2024-12-22T11:33:09.040+0000] {logging_mixin.py:190} INFO - [2024-12-22T11:33:09.040+0000] {dag.py:3239} INFO - Sync 1 DAGs
[2024-12-22T11:33:09.120+0000] {logging_mixin.py:190} INFO - [2024-12-22T11:33:09.119+0000] {dag.py:4180} INFO - Setting next_dagrun for example_branch_dop_operator_v3 to 2024-12-22 11:32:00+00:00, run_after=2024-12-22 11:33:00+00:00
[2024-12-22T11:33:09.169+0000] {processor.py:208} INFO - Processing /home/airflow/.local/lib/python3.12/site-packages/airflow/example_dags/example_branch_python_dop_operator_3.py took 0.254 seconds
[2024-12-22T11:33:48.929+0000] {processor.py:186} INFO - Started process (PID=1833) to work on /home/airflow/.local/lib/python3.12/site-packages/airflow/example_dags/example_branch_python_dop_operator_3.py
[2024-12-22T11:33:48.932+0000] {processor.py:914} INFO - Processing file /home/airflow/.local/lib/python3.12/site-packages/airflow/example_dags/example_branch_python_dop_operator_3.py for tasks to queue
[2024-12-22T11:33:48.936+0000] {logging_mixin.py:190} INFO - [2024-12-22T11:33:48.935+0000] {dagbag.py:588} INFO - Filling up the DagBag from /home/airflow/.local/lib/python3.12/site-packages/airflow/example_dags/example_branch_python_dop_operator_3.py
[2024-12-22T11:33:48.970+0000] {processor.py:925} INFO - DAG(s) 'example_branch_dop_operator_v3' retrieved from /home/airflow/.local/lib/python3.12/site-packages/airflow/example_dags/example_branch_python_dop_operator_3.py
[2024-12-22T11:33:49.073+0000] {logging_mixin.py:190} INFO - [2024-12-22T11:33:49.072+0000] {dag.py:3239} INFO - Sync 1 DAGs
[2024-12-22T11:33:49.171+0000] {logging_mixin.py:190} INFO - [2024-12-22T11:33:49.171+0000] {dag.py:4180} INFO - Setting next_dagrun for example_branch_dop_operator_v3 to 2024-12-22 11:32:00+00:00, run_after=2024-12-22 11:33:00+00:00
[2024-12-22T11:33:49.237+0000] {processor.py:208} INFO - Processing /home/airflow/.local/lib/python3.12/site-packages/airflow/example_dags/example_branch_python_dop_operator_3.py took 0.324 seconds
[2024-12-22T11:34:27.174+0000] {processor.py:186} INFO - Started process (PID=1898) to work on /home/airflow/.local/lib/python3.12/site-packages/airflow/example_dags/example_branch_python_dop_operator_3.py
[2024-12-22T11:34:27.177+0000] {processor.py:914} INFO - Processing file /home/airflow/.local/lib/python3.12/site-packages/airflow/example_dags/example_branch_python_dop_operator_3.py for tasks to queue
[2024-12-22T11:34:27.181+0000] {logging_mixin.py:190} INFO - [2024-12-22T11:34:27.180+0000] {dagbag.py:588} INFO - Filling up the DagBag from /home/airflow/.local/lib/python3.12/site-packages/airflow/example_dags/example_branch_python_dop_operator_3.py
[2024-12-22T11:34:27.208+0000] {processor.py:925} INFO - DAG(s) 'example_branch_dop_operator_v3' retrieved from /home/airflow/.local/lib/python3.12/site-packages/airflow/example_dags/example_branch_python_dop_operator_3.py
[2024-12-22T11:34:27.257+0000] {logging_mixin.py:190} INFO - [2024-12-22T11:34:27.256+0000] {dag.py:3239} INFO - Sync 1 DAGs
[2024-12-22T11:34:27.376+0000] {logging_mixin.py:190} INFO - [2024-12-22T11:34:27.375+0000] {dag.py:4180} INFO - Setting next_dagrun for example_branch_dop_operator_v3 to 2024-12-22 11:33:00+00:00, run_after=2024-12-22 11:34:00+00:00
[2024-12-22T11:34:27.429+0000] {processor.py:208} INFO - Processing /home/airflow/.local/lib/python3.12/site-packages/airflow/example_dags/example_branch_python_dop_operator_3.py took 0.270 seconds
[2024-12-22T11:35:03.173+0000] {processor.py:186} INFO - Started process (PID=1971) to work on /home/airflow/.local/lib/python3.12/site-packages/airflow/example_dags/example_branch_python_dop_operator_3.py
[2024-12-22T11:35:03.176+0000] {processor.py:914} INFO - Processing file /home/airflow/.local/lib/python3.12/site-packages/airflow/example_dags/example_branch_python_dop_operator_3.py for tasks to queue
[2024-12-22T11:35:03.180+0000] {logging_mixin.py:190} INFO - [2024-12-22T11:35:03.179+0000] {dagbag.py:588} INFO - Filling up the DagBag from /home/airflow/.local/lib/python3.12/site-packages/airflow/example_dags/example_branch_python_dop_operator_3.py
[2024-12-22T11:35:03.205+0000] {processor.py:925} INFO - DAG(s) 'example_branch_dop_operator_v3' retrieved from /home/airflow/.local/lib/python3.12/site-packages/airflow/example_dags/example_branch_python_dop_operator_3.py
[2024-12-22T11:35:03.247+0000] {logging_mixin.py:190} INFO - [2024-12-22T11:35:03.246+0000] {dag.py:3239} INFO - Sync 1 DAGs
[2024-12-22T11:35:03.331+0000] {logging_mixin.py:190} INFO - [2024-12-22T11:35:03.331+0000] {dag.py:4180} INFO - Setting next_dagrun for example_branch_dop_operator_v3 to 2024-12-22 11:34:00+00:00, run_after=2024-12-22 11:35:00+00:00
[2024-12-22T11:35:03.403+0000] {processor.py:208} INFO - Processing /home/airflow/.local/lib/python3.12/site-packages/airflow/example_dags/example_branch_python_dop_operator_3.py took 0.247 seconds
[2024-12-22T11:35:38.935+0000] {processor.py:186} INFO - Started process (PID=2036) to work on /home/airflow/.local/lib/python3.12/site-packages/airflow/example_dags/example_branch_python_dop_operator_3.py
[2024-12-22T11:35:38.937+0000] {processor.py:914} INFO - Processing file /home/airflow/.local/lib/python3.12/site-packages/airflow/example_dags/example_branch_python_dop_operator_3.py for tasks to queue
[2024-12-22T11:35:38.941+0000] {logging_mixin.py:190} INFO - [2024-12-22T11:35:38.940+0000] {dagbag.py:588} INFO - Filling up the DagBag from /home/airflow/.local/lib/python3.12/site-packages/airflow/example_dags/example_branch_python_dop_operator_3.py
[2024-12-22T11:35:38.969+0000] {processor.py:925} INFO - DAG(s) 'example_branch_dop_operator_v3' retrieved from /home/airflow/.local/lib/python3.12/site-packages/airflow/example_dags/example_branch_python_dop_operator_3.py
[2024-12-22T11:35:39.021+0000] {logging_mixin.py:190} INFO - [2024-12-22T11:35:39.020+0000] {dag.py:3239} INFO - Sync 1 DAGs
[2024-12-22T11:35:39.088+0000] {logging_mixin.py:190} INFO - [2024-12-22T11:35:39.088+0000] {dag.py:4180} INFO - Setting next_dagrun for example_branch_dop_operator_v3 to 2024-12-22 11:34:00+00:00, run_after=2024-12-22 11:35:00+00:00
[2024-12-22T11:35:39.137+0000] {processor.py:208} INFO - Processing /home/airflow/.local/lib/python3.12/site-packages/airflow/example_dags/example_branch_python_dop_operator_3.py took 0.217 seconds
[2024-12-22T11:36:35.400+0000] {processor.py:186} INFO - Started process (PID=2100) to work on /home/airflow/.local/lib/python3.12/site-packages/airflow/example_dags/example_branch_python_dop_operator_3.py
[2024-12-22T11:36:35.403+0000] {processor.py:914} INFO - Processing file /home/airflow/.local/lib/python3.12/site-packages/airflow/example_dags/example_branch_python_dop_operator_3.py for tasks to queue
[2024-12-22T11:36:35.406+0000] {logging_mixin.py:190} INFO - [2024-12-22T11:36:35.405+0000] {dagbag.py:588} INFO - Filling up the DagBag from /home/airflow/.local/lib/python3.12/site-packages/airflow/example_dags/example_branch_python_dop_operator_3.py
[2024-12-22T11:36:35.433+0000] {processor.py:925} INFO - DAG(s) 'example_branch_dop_operator_v3' retrieved from /home/airflow/.local/lib/python3.12/site-packages/airflow/example_dags/example_branch_python_dop_operator_3.py
[2024-12-22T11:36:35.476+0000] {logging_mixin.py:190} INFO - [2024-12-22T11:36:35.475+0000] {dag.py:3239} INFO - Sync 1 DAGs
[2024-12-22T11:36:35.539+0000] {logging_mixin.py:190} INFO - [2024-12-22T11:36:35.539+0000] {dag.py:4180} INFO - Setting next_dagrun for example_branch_dop_operator_v3 to 2024-12-22 11:35:00+00:00, run_after=2024-12-22 11:36:00+00:00
[2024-12-22T11:36:35.578+0000] {processor.py:208} INFO - Processing /home/airflow/.local/lib/python3.12/site-packages/airflow/example_dags/example_branch_python_dop_operator_3.py took 0.192 seconds
[2024-12-22T11:37:09.557+0000] {processor.py:186} INFO - Started process (PID=2165) to work on /home/airflow/.local/lib/python3.12/site-packages/airflow/example_dags/example_branch_python_dop_operator_3.py
[2024-12-22T11:37:09.559+0000] {processor.py:914} INFO - Processing file /home/airflow/.local/lib/python3.12/site-packages/airflow/example_dags/example_branch_python_dop_operator_3.py for tasks to queue
[2024-12-22T11:37:09.563+0000] {logging_mixin.py:190} INFO - [2024-12-22T11:37:09.562+0000] {dagbag.py:588} INFO - Filling up the DagBag from /home/airflow/.local/lib/python3.12/site-packages/airflow/example_dags/example_branch_python_dop_operator_3.py
[2024-12-22T11:37:09.593+0000] {processor.py:925} INFO - DAG(s) 'example_branch_dop_operator_v3' retrieved from /home/airflow/.local/lib/python3.12/site-packages/airflow/example_dags/example_branch_python_dop_operator_3.py
[2024-12-22T11:37:09.642+0000] {logging_mixin.py:190} INFO - [2024-12-22T11:37:09.642+0000] {dag.py:3239} INFO - Sync 1 DAGs
[2024-12-22T11:37:09.734+0000] {logging_mixin.py:190} INFO - [2024-12-22T11:37:09.734+0000] {dag.py:4180} INFO - Setting next_dagrun for example_branch_dop_operator_v3 to 2024-12-22 11:36:00+00:00, run_after=2024-12-22 11:37:00+00:00
[2024-12-22T11:37:09.786+0000] {processor.py:208} INFO - Processing /home/airflow/.local/lib/python3.12/site-packages/airflow/example_dags/example_branch_python_dop_operator_3.py took 0.245 seconds
[2024-12-22T11:37:41.874+0000] {processor.py:186} INFO - Started process (PID=2230) to work on /home/airflow/.local/lib/python3.12/site-packages/airflow/example_dags/example_branch_python_dop_operator_3.py
[2024-12-22T11:37:41.877+0000] {processor.py:914} INFO - Processing file /home/airflow/.local/lib/python3.12/site-packages/airflow/example_dags/example_branch_python_dop_operator_3.py for tasks to queue
[2024-12-22T11:37:41.880+0000] {logging_mixin.py:190} INFO - [2024-12-22T11:37:41.879+0000] {dagbag.py:588} INFO - Filling up the DagBag from /home/airflow/.local/lib/python3.12/site-packages/airflow/example_dags/example_branch_python_dop_operator_3.py
[2024-12-22T11:37:41.908+0000] {processor.py:925} INFO - DAG(s) 'example_branch_dop_operator_v3' retrieved from /home/airflow/.local/lib/python3.12/site-packages/airflow/example_dags/example_branch_python_dop_operator_3.py
[2024-12-22T11:37:41.955+0000] {logging_mixin.py:190} INFO - [2024-12-22T11:37:41.954+0000] {dag.py:3239} INFO - Sync 1 DAGs
[2024-12-22T11:37:42.023+0000] {logging_mixin.py:190} INFO - [2024-12-22T11:37:42.022+0000] {dag.py:4180} INFO - Setting next_dagrun for example_branch_dop_operator_v3 to 2024-12-22 11:36:00+00:00, run_after=2024-12-22 11:37:00+00:00
[2024-12-22T11:37:42.068+0000] {processor.py:208} INFO - Processing /home/airflow/.local/lib/python3.12/site-packages/airflow/example_dags/example_branch_python_dop_operator_3.py took 0.214 seconds
[2024-12-22T11:38:20.313+0000] {processor.py:186} INFO - Started process (PID=2286) to work on /home/airflow/.local/lib/python3.12/site-packages/airflow/example_dags/example_branch_python_dop_operator_3.py
[2024-12-22T11:38:20.315+0000] {processor.py:914} INFO - Processing file /home/airflow/.local/lib/python3.12/site-packages/airflow/example_dags/example_branch_python_dop_operator_3.py for tasks to queue
[2024-12-22T11:38:20.318+0000] {logging_mixin.py:190} INFO - [2024-12-22T11:38:20.317+0000] {dagbag.py:588} INFO - Filling up the DagBag from /home/airflow/.local/lib/python3.12/site-packages/airflow/example_dags/example_branch_python_dop_operator_3.py
[2024-12-22T11:38:20.347+0000] {processor.py:925} INFO - DAG(s) 'example_branch_dop_operator_v3' retrieved from /home/airflow/.local/lib/python3.12/site-packages/airflow/example_dags/example_branch_python_dop_operator_3.py
[2024-12-22T11:38:20.393+0000] {logging_mixin.py:190} INFO - [2024-12-22T11:38:20.392+0000] {dag.py:3239} INFO - Sync 1 DAGs
[2024-12-22T11:38:20.464+0000] {logging_mixin.py:190} INFO - [2024-12-22T11:38:20.464+0000] {dag.py:4180} INFO - Setting next_dagrun for example_branch_dop_operator_v3 to 2024-12-22 11:37:00+00:00, run_after=2024-12-22 11:38:00+00:00
[2024-12-22T11:38:20.509+0000] {processor.py:208} INFO - Processing /home/airflow/.local/lib/python3.12/site-packages/airflow/example_dags/example_branch_python_dop_operator_3.py took 0.211 seconds
[2024-12-22T11:39:01.470+0000] {processor.py:186} INFO - Started process (PID=2356) to work on /home/airflow/.local/lib/python3.12/site-packages/airflow/example_dags/example_branch_python_dop_operator_3.py
[2024-12-22T11:39:01.472+0000] {processor.py:914} INFO - Processing file /home/airflow/.local/lib/python3.12/site-packages/airflow/example_dags/example_branch_python_dop_operator_3.py for tasks to queue
[2024-12-22T11:39:01.477+0000] {logging_mixin.py:190} INFO - [2024-12-22T11:39:01.476+0000] {dagbag.py:588} INFO - Filling up the DagBag from /home/airflow/.local/lib/python3.12/site-packages/airflow/example_dags/example_branch_python_dop_operator_3.py
[2024-12-22T11:39:01.516+0000] {processor.py:925} INFO - DAG(s) 'example_branch_dop_operator_v3' retrieved from /home/airflow/.local/lib/python3.12/site-packages/airflow/example_dags/example_branch_python_dop_operator_3.py
[2024-12-22T11:39:01.574+0000] {logging_mixin.py:190} INFO - [2024-12-22T11:39:01.573+0000] {dag.py:3239} INFO - Sync 1 DAGs
[2024-12-22T11:39:01.666+0000] {logging_mixin.py:190} INFO - [2024-12-22T11:39:01.666+0000] {dag.py:4180} INFO - Setting next_dagrun for example_branch_dop_operator_v3 to 2024-12-22 11:38:00+00:00, run_after=2024-12-22 11:39:00+00:00
[2024-12-22T11:39:01.714+0000] {processor.py:208} INFO - Processing /home/airflow/.local/lib/python3.12/site-packages/airflow/example_dags/example_branch_python_dop_operator_3.py took 0.262 seconds
[2024-12-22T11:39:38.002+0000] {processor.py:186} INFO - Started process (PID=2421) to work on /home/airflow/.local/lib/python3.12/site-packages/airflow/example_dags/example_branch_python_dop_operator_3.py
[2024-12-22T11:39:38.005+0000] {processor.py:914} INFO - Processing file /home/airflow/.local/lib/python3.12/site-packages/airflow/example_dags/example_branch_python_dop_operator_3.py for tasks to queue
[2024-12-22T11:39:38.009+0000] {logging_mixin.py:190} INFO - [2024-12-22T11:39:38.008+0000] {dagbag.py:588} INFO - Filling up the DagBag from /home/airflow/.local/lib/python3.12/site-packages/airflow/example_dags/example_branch_python_dop_operator_3.py
[2024-12-22T11:39:38.043+0000] {processor.py:925} INFO - DAG(s) 'example_branch_dop_operator_v3' retrieved from /home/airflow/.local/lib/python3.12/site-packages/airflow/example_dags/example_branch_python_dop_operator_3.py
[2024-12-22T11:39:38.099+0000] {logging_mixin.py:190} INFO - [2024-12-22T11:39:38.098+0000] {dag.py:3239} INFO - Sync 1 DAGs
[2024-12-22T11:39:38.222+0000] {logging_mixin.py:190} INFO - [2024-12-22T11:39:38.222+0000] {dag.py:4180} INFO - Setting next_dagrun for example_branch_dop_operator_v3 to 2024-12-22 11:38:00+00:00, run_after=2024-12-22 11:39:00+00:00
[2024-12-22T11:39:38.282+0000] {processor.py:208} INFO - Processing /home/airflow/.local/lib/python3.12/site-packages/airflow/example_dags/example_branch_python_dop_operator_3.py took 0.298 seconds
[2024-12-22T11:40:19.239+0000] {processor.py:186} INFO - Started process (PID=2488) to work on /home/airflow/.local/lib/python3.12/site-packages/airflow/example_dags/example_branch_python_dop_operator_3.py
[2024-12-22T11:40:19.241+0000] {processor.py:914} INFO - Processing file /home/airflow/.local/lib/python3.12/site-packages/airflow/example_dags/example_branch_python_dop_operator_3.py for tasks to queue
[2024-12-22T11:40:19.246+0000] {logging_mixin.py:190} INFO - [2024-12-22T11:40:19.245+0000] {dagbag.py:588} INFO - Filling up the DagBag from /home/airflow/.local/lib/python3.12/site-packages/airflow/example_dags/example_branch_python_dop_operator_3.py
[2024-12-22T11:40:19.295+0000] {processor.py:925} INFO - DAG(s) 'example_branch_dop_operator_v3' retrieved from /home/airflow/.local/lib/python3.12/site-packages/airflow/example_dags/example_branch_python_dop_operator_3.py
[2024-12-22T11:40:19.354+0000] {logging_mixin.py:190} INFO - [2024-12-22T11:40:19.353+0000] {dag.py:3239} INFO - Sync 1 DAGs
[2024-12-22T11:40:19.448+0000] {logging_mixin.py:190} INFO - [2024-12-22T11:40:19.448+0000] {dag.py:4180} INFO - Setting next_dagrun for example_branch_dop_operator_v3 to 2024-12-22 11:39:00+00:00, run_after=2024-12-22 11:40:00+00:00
[2024-12-22T11:40:19.497+0000] {processor.py:208} INFO - Processing /home/airflow/.local/lib/python3.12/site-packages/airflow/example_dags/example_branch_python_dop_operator_3.py took 0.282 seconds
[2024-12-22T11:40:58.616+0000] {processor.py:186} INFO - Started process (PID=2553) to work on /home/airflow/.local/lib/python3.12/site-packages/airflow/example_dags/example_branch_python_dop_operator_3.py
[2024-12-22T11:40:58.618+0000] {processor.py:914} INFO - Processing file /home/airflow/.local/lib/python3.12/site-packages/airflow/example_dags/example_branch_python_dop_operator_3.py for tasks to queue
[2024-12-22T11:40:58.622+0000] {logging_mixin.py:190} INFO - [2024-12-22T11:40:58.621+0000] {dagbag.py:588} INFO - Filling up the DagBag from /home/airflow/.local/lib/python3.12/site-packages/airflow/example_dags/example_branch_python_dop_operator_3.py
[2024-12-22T11:40:58.659+0000] {processor.py:925} INFO - DAG(s) 'example_branch_dop_operator_v3' retrieved from /home/airflow/.local/lib/python3.12/site-packages/airflow/example_dags/example_branch_python_dop_operator_3.py
[2024-12-22T11:40:58.734+0000] {logging_mixin.py:190} INFO - [2024-12-22T11:40:58.733+0000] {dag.py:3239} INFO - Sync 1 DAGs
[2024-12-22T11:40:58.843+0000] {logging_mixin.py:190} INFO - [2024-12-22T11:40:58.843+0000] {dag.py:4180} INFO - Setting next_dagrun for example_branch_dop_operator_v3 to 2024-12-22 11:39:00+00:00, run_after=2024-12-22 11:40:00+00:00
[2024-12-22T11:40:58.669+0000] {processor.py:208} INFO - Processing /home/airflow/.local/lib/python3.12/site-packages/airflow/example_dags/example_branch_python_dop_operator_3.py took 0.299 seconds
[2024-12-22T11:41:35.420+0000] {processor.py:186} INFO - Started process (PID=2624) to work on /home/airflow/.local/lib/python3.12/site-packages/airflow/example_dags/example_branch_python_dop_operator_3.py
[2024-12-22T11:41:35.424+0000] {processor.py:914} INFO - Processing file /home/airflow/.local/lib/python3.12/site-packages/airflow/example_dags/example_branch_python_dop_operator_3.py for tasks to queue
[2024-12-22T11:41:35.428+0000] {logging_mixin.py:190} INFO - [2024-12-22T11:41:35.427+0000] {dagbag.py:588} INFO - Filling up the DagBag from /home/airflow/.local/lib/python3.12/site-packages/airflow/example_dags/example_branch_python_dop_operator_3.py
[2024-12-22T11:41:35.466+0000] {processor.py:925} INFO - DAG(s) 'example_branch_dop_operator_v3' retrieved from /home/airflow/.local/lib/python3.12/site-packages/airflow/example_dags/example_branch_python_dop_operator_3.py
[2024-12-22T11:41:35.572+0000] {logging_mixin.py:190} INFO - [2024-12-22T11:41:35.572+0000] {dag.py:3239} INFO - Sync 1 DAGs
[2024-12-22T11:41:35.667+0000] {logging_mixin.py:190} INFO - [2024-12-22T11:41:35.666+0000] {dag.py:4180} INFO - Setting next_dagrun for example_branch_dop_operator_v3 to 2024-12-22 11:40:00+00:00, run_after=2024-12-22 11:41:00+00:00
[2024-12-22T11:41:35.720+0000] {processor.py:208} INFO - Processing /home/airflow/.local/lib/python3.12/site-packages/airflow/example_dags/example_branch_python_dop_operator_3.py took 0.319 seconds
[2024-12-22T11:43:18.589+0000] {processor.py:186} INFO - Started process (PID=2686) to work on /home/airflow/.local/lib/python3.12/site-packages/airflow/example_dags/example_branch_python_dop_operator_3.py
[2024-12-22T11:43:18.592+0000] {processor.py:914} INFO - Processing file /home/airflow/.local/lib/python3.12/site-packages/airflow/example_dags/example_branch_python_dop_operator_3.py for tasks to queue
[2024-12-22T11:43:18.599+0000] {logging_mixin.py:190} INFO - [2024-12-22T11:43:18.598+0000] {dagbag.py:588} INFO - Filling up the DagBag from /home/airflow/.local/lib/python3.12/site-packages/airflow/example_dags/example_branch_python_dop_operator_3.py
[2024-12-22T11:43:18.642+0000] {processor.py:925} INFO - DAG(s) 'example_branch_dop_operator_v3' retrieved from /home/airflow/.local/lib/python3.12/site-packages/airflow/example_dags/example_branch_python_dop_operator_3.py
[2024-12-22T11:43:18.713+0000] {logging_mixin.py:190} INFO - [2024-12-22T11:43:18.712+0000] {dag.py:3239} INFO - Sync 1 DAGs
[2024-12-22T11:43:18.809+0000] {logging_mixin.py:190} INFO - [2024-12-22T11:43:18.809+0000] {dag.py:4180} INFO - Setting next_dagrun for example_branch_dop_operator_v3 to 2024-12-22 11:42:00+00:00, run_after=2024-12-22 11:43:00+00:00
[2024-12-22T11:43:18.868+0000] {processor.py:208} INFO - Processing /home/airflow/.local/lib/python3.12/site-packages/airflow/example_dags/example_branch_python_dop_operator_3.py took 0.303 seconds
[2024-12-22T11:45:52.948+0000] {processor.py:186} INFO - Started process (PID=2754) to work on /home/airflow/.local/lib/python3.12/site-packages/airflow/example_dags/example_branch_python_dop_operator_3.py
[2024-12-22T11:45:52.951+0000] {processor.py:914} INFO - Processing file /home/airflow/.local/lib/python3.12/site-packages/airflow/example_dags/example_branch_python_dop_operator_3.py for tasks to queue
[2024-12-22T11:45:52.954+0000] {logging_mixin.py:190} INFO - [2024-12-22T11:45:52.953+0000] {dagbag.py:588} INFO - Filling up the DagBag from /home/airflow/.local/lib/python3.12/site-packages/airflow/example_dags/example_branch_python_dop_operator_3.py
[2024-12-22T11:45:52.999+0000] {processor.py:925} INFO - DAG(s) 'example_branch_dop_operator_v3' retrieved from /home/airflow/.local/lib/python3.12/site-packages/airflow/example_dags/example_branch_python_dop_operator_3.py
[2024-12-22T11:45:53.156+0000] {logging_mixin.py:190} INFO - [2024-12-22T11:45:53.155+0000] {dag.py:3239} INFO - Sync 1 DAGs
[2024-12-22T11:45:53.267+0000] {logging_mixin.py:190} INFO - [2024-12-22T11:45:53.266+0000] {dag.py:4180} INFO - Setting next_dagrun for example_branch_dop_operator_v3 to 2024-12-22 11:44:00+00:00, run_after=2024-12-22 11:45:00+00:00
[2024-12-22T11:45:53.333+0000] {processor.py:208} INFO - Processing /home/airflow/.local/lib/python3.12/site-packages/airflow/example_dags/example_branch_python_dop_operator_3.py took 0.409 seconds
[2024-12-22T11:50:06.641+0000] {processor.py:186} INFO - Started process (PID=101) to work on /home/airflow/.local/lib/python3.12/site-packages/airflow/example_dags/example_branch_python_dop_operator_3.py
[2024-12-22T11:50:06.643+0000] {processor.py:914} INFO - Processing file /home/airflow/.local/lib/python3.12/site-packages/airflow/example_dags/example_branch_python_dop_operator_3.py for tasks to queue
[2024-12-22T11:50:06.646+0000] {logging_mixin.py:190} INFO - [2024-12-22T11:50:06.646+0000] {dagbag.py:588} INFO - Filling up the DagBag from /home/airflow/.local/lib/python3.12/site-packages/airflow/example_dags/example_branch_python_dop_operator_3.py
[2024-12-22T11:50:06.660+0000] {processor.py:925} INFO - DAG(s) 'example_branch_dop_operator_v3' retrieved from /home/airflow/.local/lib/python3.12/site-packages/airflow/example_dags/example_branch_python_dop_operator_3.py
[2024-12-22T11:50:06.684+0000] {logging_mixin.py:190} INFO - [2024-12-22T11:50:06.684+0000] {dag.py:3239} INFO - Sync 1 DAGs
[2024-12-22T11:50:06.718+0000] {logging_mixin.py:190} INFO - [2024-12-22T11:50:06.717+0000] {dag.py:4180} INFO - Setting next_dagrun for example_branch_dop_operator_v3 to 2024-12-22 11:49:00+00:00, run_after=2024-12-22 11:50:00+00:00
[2024-12-22T11:50:06.741+0000] {processor.py:208} INFO - Processing /home/airflow/.local/lib/python3.12/site-packages/airflow/example_dags/example_branch_python_dop_operator_3.py took 0.107 seconds
[2024-12-22T11:50:38.013+0000] {processor.py:186} INFO - Started process (PID=166) to work on /home/airflow/.local/lib/python3.12/site-packages/airflow/example_dags/example_branch_python_dop_operator_3.py
[2024-12-22T11:50:38.014+0000] {processor.py:914} INFO - Processing file /home/airflow/.local/lib/python3.12/site-packages/airflow/example_dags/example_branch_python_dop_operator_3.py for tasks to queue
[2024-12-22T11:50:38.018+0000] {logging_mixin.py:190} INFO - [2024-12-22T11:50:38.018+0000] {dagbag.py:588} INFO - Filling up the DagBag from /home/airflow/.local/lib/python3.12/site-packages/airflow/example_dags/example_branch_python_dop_operator_3.py
[2024-12-22T11:50:38.039+0000] {processor.py:925} INFO - DAG(s) 'example_branch_dop_operator_v3' retrieved from /home/airflow/.local/lib/python3.12/site-packages/airflow/example_dags/example_branch_python_dop_operator_3.py
[2024-12-22T11:50:38.080+0000] {logging_mixin.py:190} INFO - [2024-12-22T11:50:38.079+0000] {dag.py:3239} INFO - Sync 1 DAGs
[2024-12-22T11:50:38.190+0000] {logging_mixin.py:190} INFO - [2024-12-22T11:50:38.190+0000] {dag.py:4180} INFO - Setting next_dagrun for example_branch_dop_operator_v3 to 2024-12-22 11:49:00+00:00, run_after=2024-12-22 11:50:00+00:00
[2024-12-22T11:50:38.219+0000] {processor.py:208} INFO - Processing /home/airflow/.local/lib/python3.12/site-packages/airflow/example_dags/example_branch_python_dop_operator_3.py took 0.215 seconds
[2024-12-22T11:51:16.436+0000] {processor.py:186} INFO - Started process (PID=231) to work on /home/airflow/.local/lib/python3.12/site-packages/airflow/example_dags/example_branch_python_dop_operator_3.py
[2024-12-22T11:51:16.438+0000] {processor.py:914} INFO - Processing file /home/airflow/.local/lib/python3.12/site-packages/airflow/example_dags/example_branch_python_dop_operator_3.py for tasks to queue
[2024-12-22T11:51:16.440+0000] {logging_mixin.py:190} INFO - [2024-12-22T11:51:16.440+0000] {dagbag.py:588} INFO - Filling up the DagBag from /home/airflow/.local/lib/python3.12/site-packages/airflow/example_dags/example_branch_python_dop_operator_3.py
[2024-12-22T11:51:16.453+0000] {processor.py:925} INFO - DAG(s) 'example_branch_dop_operator_v3' retrieved from /home/airflow/.local/lib/python3.12/site-packages/airflow/example_dags/example_branch_python_dop_operator_3.py
[2024-12-22T11:51:16.475+0000] {logging_mixin.py:190} INFO - [2024-12-22T11:51:16.475+0000] {dag.py:3239} INFO - Sync 1 DAGs
[2024-12-22T11:51:16.506+0000] {logging_mixin.py:190} INFO - [2024-12-22T11:51:16.506+0000] {dag.py:4180} INFO - Setting next_dagrun for example_branch_dop_operator_v3 to 2024-12-22 11:50:00+00:00, run_after=2024-12-22 11:51:00+00:00
[2024-12-22T11:51:16.528+0000] {processor.py:208} INFO - Processing /home/airflow/.local/lib/python3.12/site-packages/airflow/example_dags/example_branch_python_dop_operator_3.py took 0.100 seconds
[2024-12-22T11:51:48.203+0000] {processor.py:186} INFO - Started process (PID=302) to work on /home/airflow/.local/lib/python3.12/site-packages/airflow/example_dags/example_branch_python_dop_operator_3.py
[2024-12-22T11:51:48.205+0000] {processor.py:914} INFO - Processing file /home/airflow/.local/lib/python3.12/site-packages/airflow/example_dags/example_branch_python_dop_operator_3.py for tasks to queue
[2024-12-22T11:51:48.207+0000] {logging_mixin.py:190} INFO - [2024-12-22T11:51:48.207+0000] {dagbag.py:588} INFO - Filling up the DagBag from /home/airflow/.local/lib/python3.12/site-packages/airflow/example_dags/example_branch_python_dop_operator_3.py
[2024-12-22T11:51:48.222+0000] {processor.py:925} INFO - DAG(s) 'example_branch_dop_operator_v3' retrieved from /home/airflow/.local/lib/python3.12/site-packages/airflow/example_dags/example_branch_python_dop_operator_3.py
[2024-12-22T11:51:48.246+0000] {logging_mixin.py:190} INFO - [2024-12-22T11:51:48.246+0000] {dag.py:3239} INFO - Sync 1 DAGs
[2024-12-22T11:51:48.280+0000] {logging_mixin.py:190} INFO - [2024-12-22T11:51:48.279+0000] {dag.py:4180} INFO - Setting next_dagrun for example_branch_dop_operator_v3 to 2024-12-22 11:50:00+00:00, run_after=2024-12-22 11:51:00+00:00
[2024-12-22T11:51:48.307+0000] {processor.py:208} INFO - Processing /home/airflow/.local/lib/python3.12/site-packages/airflow/example_dags/example_branch_python_dop_operator_3.py took 0.111 seconds
[2024-12-22T11:52:19.374+0000] {processor.py:186} INFO - Started process (PID=367) to work on /home/airflow/.local/lib/python3.12/site-packages/airflow/example_dags/example_branch_python_dop_operator_3.py
[2024-12-22T11:52:19.375+0000] {processor.py:914} INFO - Processing file /home/airflow/.local/lib/python3.12/site-packages/airflow/example_dags/example_branch_python_dop_operator_3.py for tasks to queue
[2024-12-22T11:52:19.379+0000] {logging_mixin.py:190} INFO - [2024-12-22T11:52:19.378+0000] {dagbag.py:588} INFO - Filling up the DagBag from /home/airflow/.local/lib/python3.12/site-packages/airflow/example_dags/example_branch_python_dop_operator_3.py
[2024-12-22T11:52:19.392+0000] {processor.py:925} INFO - DAG(s) 'example_branch_dop_operator_v3' retrieved from /home/airflow/.local/lib/python3.12/site-packages/airflow/example_dags/example_branch_python_dop_operator_3.py
[2024-12-22T11:52:19.416+0000] {logging_mixin.py:190} INFO - [2024-12-22T11:52:19.415+0000] {dag.py:3239} INFO - Sync 1 DAGs
[2024-12-22T11:52:19.449+0000] {logging_mixin.py:190} INFO - [2024-12-22T11:52:19.449+0000] {dag.py:4180} INFO - Setting next_dagrun for example_branch_dop_operator_v3 to 2024-12-22 11:51:00+00:00, run_after=2024-12-22 11:52:00+00:00
[2024-12-22T11:52:19.472+0000] {processor.py:208} INFO - Processing /home/airflow/.local/lib/python3.12/site-packages/airflow/example_dags/example_branch_python_dop_operator_3.py took 0.107 seconds
[2024-12-22T11:52:51.421+0000] {processor.py:186} INFO - Started process (PID=432) to work on /home/airflow/.local/lib/python3.12/site-packages/airflow/example_dags/example_branch_python_dop_operator_3.py
[2024-12-22T11:52:51.423+0000] {processor.py:914} INFO - Processing file /home/airflow/.local/lib/python3.12/site-packages/airflow/example_dags/example_branch_python_dop_operator_3.py for tasks to queue
[2024-12-22T11:52:51.426+0000] {logging_mixin.py:190} INFO - [2024-12-22T11:52:51.425+0000] {dagbag.py:588} INFO - Filling up the DagBag from /home/airflow/.local/lib/python3.12/site-packages/airflow/example_dags/example_branch_python_dop_operator_3.py
[2024-12-22T11:52:51.445+0000] {processor.py:925} INFO - DAG(s) 'example_branch_dop_operator_v3' retrieved from /home/airflow/.local/lib/python3.12/site-packages/airflow/example_dags/example_branch_python_dop_operator_3.py
[2024-12-22T11:52:51.492+0000] {logging_mixin.py:190} INFO - [2024-12-22T11:52:51.492+0000] {dag.py:3239} INFO - Sync 1 DAGs
[2024-12-22T11:52:51.551+0000] {logging_mixin.py:190} INFO - [2024-12-22T11:52:51.550+0000] {dag.py:4180} INFO - Setting next_dagrun for example_branch_dop_operator_v3 to 2024-12-22 11:51:00+00:00, run_after=2024-12-22 11:52:00+00:00
[2024-12-22T11:52:51.578+0000] {processor.py:208} INFO - Processing /home/airflow/.local/lib/python3.12/site-packages/airflow/example_dags/example_branch_python_dop_operator_3.py took 0.168 seconds
[2024-12-22T11:53:22.474+0000] {processor.py:186} INFO - Started process (PID=497) to work on /home/airflow/.local/lib/python3.12/site-packages/airflow/example_dags/example_branch_python_dop_operator_3.py
[2024-12-22T11:53:22.475+0000] {processor.py:914} INFO - Processing file /home/airflow/.local/lib/python3.12/site-packages/airflow/example_dags/example_branch_python_dop_operator_3.py for tasks to queue
[2024-12-22T11:53:22.478+0000] {logging_mixin.py:190} INFO - [2024-12-22T11:53:22.478+0000] {dagbag.py:588} INFO - Filling up the DagBag from /home/airflow/.local/lib/python3.12/site-packages/airflow/example_dags/example_branch_python_dop_operator_3.py
[2024-12-22T11:53:22.492+0000] {processor.py:925} INFO - DAG(s) 'example_branch_dop_operator_v3' retrieved from /home/airflow/.local/lib/python3.12/site-packages/airflow/example_dags/example_branch_python_dop_operator_3.py
[2024-12-22T11:53:22.518+0000] {logging_mixin.py:190} INFO - [2024-12-22T11:53:22.518+0000] {dag.py:3239} INFO - Sync 1 DAGs
[2024-12-22T11:53:22.557+0000] {logging_mixin.py:190} INFO - [2024-12-22T11:53:22.556+0000] {dag.py:4180} INFO - Setting next_dagrun for example_branch_dop_operator_v3 to 2024-12-22 11:52:00+00:00, run_after=2024-12-22 11:53:00+00:00
[2024-12-22T11:53:22.594+0000] {processor.py:208} INFO - Processing /home/airflow/.local/lib/python3.12/site-packages/airflow/example_dags/example_branch_python_dop_operator_3.py took 0.127 seconds
[2024-12-22T11:53:54.457+0000] {processor.py:186} INFO - Started process (PID=562) to work on /home/airflow/.local/lib/python3.12/site-packages/airflow/example_dags/example_branch_python_dop_operator_3.py
[2024-12-22T11:53:54.459+0000] {processor.py:914} INFO - Processing file /home/airflow/.local/lib/python3.12/site-packages/airflow/example_dags/example_branch_python_dop_operator_3.py for tasks to queue
[2024-12-22T11:53:54.462+0000] {logging_mixin.py:190} INFO - [2024-12-22T11:53:54.461+0000] {dagbag.py:588} INFO - Filling up the DagBag from /home/airflow/.local/lib/python3.12/site-packages/airflow/example_dags/example_branch_python_dop_operator_3.py
[2024-12-22T11:53:54.475+0000] {processor.py:925} INFO - DAG(s) 'example_branch_dop_operator_v3' retrieved from /home/airflow/.local/lib/python3.12/site-packages/airflow/example_dags/example_branch_python_dop_operator_3.py
[2024-12-22T11:53:54.499+0000] {logging_mixin.py:190} INFO - [2024-12-22T11:53:54.498+0000] {dag.py:3239} INFO - Sync 1 DAGs
[2024-12-22T11:53:54.530+0000] {logging_mixin.py:190} INFO - [2024-12-22T11:53:54.529+0000] {dag.py:4180} INFO - Setting next_dagrun for example_branch_dop_operator_v3 to 2024-12-22 11:52:00+00:00, run_after=2024-12-22 11:53:00+00:00
[2024-12-22T11:53:54.551+0000] {processor.py:208} INFO - Processing /home/airflow/.local/lib/python3.12/site-packages/airflow/example_dags/example_branch_python_dop_operator_3.py took 0.101 seconds
[2024-12-22T11:54:27.338+0000] {processor.py:186} INFO - Started process (PID=627) to work on /home/airflow/.local/lib/python3.12/site-packages/airflow/example_dags/example_branch_python_dop_operator_3.py
[2024-12-22T11:54:27.340+0000] {processor.py:914} INFO - Processing file /home/airflow/.local/lib/python3.12/site-packages/airflow/example_dags/example_branch_python_dop_operator_3.py for tasks to queue
[2024-12-22T11:54:27.343+0000] {logging_mixin.py:190} INFO - [2024-12-22T11:54:27.343+0000] {dagbag.py:588} INFO - Filling up the DagBag from /home/airflow/.local/lib/python3.12/site-packages/airflow/example_dags/example_branch_python_dop_operator_3.py
[2024-12-22T11:54:27.364+0000] {processor.py:925} INFO - DAG(s) 'example_branch_dop_operator_v3' retrieved from /home/airflow/.local/lib/python3.12/site-packages/airflow/example_dags/example_branch_python_dop_operator_3.py
[2024-12-22T11:54:27.395+0000] {logging_mixin.py:190} INFO - [2024-12-22T11:54:27.395+0000] {dag.py:3239} INFO - Sync 1 DAGs
[2024-12-22T11:54:27.433+0000] {logging_mixin.py:190} INFO - [2024-12-22T11:54:27.432+0000] {dag.py:4180} INFO - Setting next_dagrun for example_branch_dop_operator_v3 to 2024-12-22 11:53:00+00:00, run_after=2024-12-22 11:54:00+00:00
[2024-12-22T11:54:27.474+0000] {processor.py:208} INFO - Processing /home/airflow/.local/lib/python3.12/site-packages/airflow/example_dags/example_branch_python_dop_operator_3.py took 0.145 seconds
[2024-12-22T11:54:58.350+0000] {processor.py:186} INFO - Started process (PID=692) to work on /home/airflow/.local/lib/python3.12/site-packages/airflow/example_dags/example_branch_python_dop_operator_3.py
[2024-12-22T11:54:58.351+0000] {processor.py:914} INFO - Processing file /home/airflow/.local/lib/python3.12/site-packages/airflow/example_dags/example_branch_python_dop_operator_3.py for tasks to queue
[2024-12-22T11:54:58.354+0000] {logging_mixin.py:190} INFO - [2024-12-22T11:54:58.354+0000] {dagbag.py:588} INFO - Filling up the DagBag from /home/airflow/.local/lib/python3.12/site-packages/airflow/example_dags/example_branch_python_dop_operator_3.py
[2024-12-22T11:54:58.368+0000] {processor.py:925} INFO - DAG(s) 'example_branch_dop_operator_v3' retrieved from /home/airflow/.local/lib/python3.12/site-packages/airflow/example_dags/example_branch_python_dop_operator_3.py
[2024-12-22T11:54:58.392+0000] {logging_mixin.py:190} INFO - [2024-12-22T11:54:58.391+0000] {dag.py:3239} INFO - Sync 1 DAGs
[2024-12-22T11:54:58.423+0000] {logging_mixin.py:190} INFO - [2024-12-22T11:54:58.423+0000] {dag.py:4180} INFO - Setting next_dagrun for example_branch_dop_operator_v3 to 2024-12-22 11:53:00+00:00, run_after=2024-12-22 11:54:00+00:00
[2024-12-22T11:54:58.444+0000] {processor.py:208} INFO - Processing /home/airflow/.local/lib/python3.12/site-packages/airflow/example_dags/example_branch_python_dop_operator_3.py took 0.102 seconds
[2024-12-22T11:56:37.662+0000] {processor.py:186} INFO - Started process (PID=103) to work on /home/airflow/.local/lib/python3.12/site-packages/airflow/example_dags/example_branch_python_dop_operator_3.py
[2024-12-22T11:56:37.664+0000] {processor.py:914} INFO - Processing file /home/airflow/.local/lib/python3.12/site-packages/airflow/example_dags/example_branch_python_dop_operator_3.py for tasks to queue
[2024-12-22T11:56:37.668+0000] {logging_mixin.py:190} INFO - [2024-12-22T11:56:37.667+0000] {dagbag.py:588} INFO - Filling up the DagBag from /home/airflow/.local/lib/python3.12/site-packages/airflow/example_dags/example_branch_python_dop_operator_3.py
[2024-12-22T11:56:37.685+0000] {processor.py:925} INFO - DAG(s) 'example_branch_dop_operator_v3' retrieved from /home/airflow/.local/lib/python3.12/site-packages/airflow/example_dags/example_branch_python_dop_operator_3.py
[2024-12-22T11:56:37.717+0000] {logging_mixin.py:190} INFO - [2024-12-22T11:56:37.717+0000] {dag.py:3239} INFO - Sync 1 DAGs
[2024-12-22T11:56:37.762+0000] {logging_mixin.py:190} INFO - [2024-12-22T11:56:37.762+0000] {dag.py:4180} INFO - Setting next_dagrun for example_branch_dop_operator_v3 to 2024-12-22 11:55:00+00:00, run_after=2024-12-22 11:56:00+00:00
[2024-12-22T11:56:37.795+0000] {processor.py:208} INFO - Processing /home/airflow/.local/lib/python3.12/site-packages/airflow/example_dags/example_branch_python_dop_operator_3.py took 0.142 seconds
[2024-12-22T11:57:10.385+0000] {processor.py:186} INFO - Started process (PID=169) to work on /home/airflow/.local/lib/python3.12/site-packages/airflow/example_dags/example_branch_python_dop_operator_3.py
[2024-12-22T11:57:10.399+0000] {processor.py:914} INFO - Processing file /home/airflow/.local/lib/python3.12/site-packages/airflow/example_dags/example_branch_python_dop_operator_3.py for tasks to queue
[2024-12-22T11:57:10.407+0000] {logging_mixin.py:190} INFO - [2024-12-22T11:57:10.406+0000] {dagbag.py:588} INFO - Filling up the DagBag from /home/airflow/.local/lib/python3.12/site-packages/airflow/example_dags/example_branch_python_dop_operator_3.py
[2024-12-22T11:57:10.431+0000] {processor.py:925} INFO - DAG(s) 'example_branch_dop_operator_v3' retrieved from /home/airflow/.local/lib/python3.12/site-packages/airflow/example_dags/example_branch_python_dop_operator_3.py
[2024-12-22T11:57:10.465+0000] {logging_mixin.py:190} INFO - [2024-12-22T11:57:10.464+0000] {dag.py:3239} INFO - Sync 1 DAGs
[2024-12-22T11:57:10.516+0000] {logging_mixin.py:190} INFO - [2024-12-22T11:57:10.515+0000] {dag.py:4180} INFO - Setting next_dagrun for example_branch_dop_operator_v3 to 2024-12-22 11:56:00+00:00, run_after=2024-12-22 11:57:00+00:00
[2024-12-22T11:57:10.546+0000] {processor.py:208} INFO - Processing /home/airflow/.local/lib/python3.12/site-packages/airflow/example_dags/example_branch_python_dop_operator_3.py took 0.171 seconds
