[2024-12-22T11:18:08.089+0000] {processor.py:186} INFO - Started process (PID=124) to work on /home/airflow/.local/lib/python3.12/site-packages/airflow/example_dags/example_branch_operator.py
[2024-12-22T11:18:08.092+0000] {processor.py:914} INFO - Processing file /home/airflow/.local/lib/python3.12/site-packages/airflow/example_dags/example_branch_operator.py for tasks to queue
[2024-12-22T11:18:08.102+0000] {logging_mixin.py:190} INFO - [2024-12-22T11:18:08.101+0000] {dagbag.py:588} INFO - Filling up the DagBag from /home/airflow/.local/lib/python3.12/site-packages/airflow/example_dags/example_branch_operator.py
[2024-12-22T11:18:08.182+0000] {processor.py:925} INFO - DAG(s) 'example_branch_operator' retrieved from /home/airflow/.local/lib/python3.12/site-packages/airflow/example_dags/example_branch_operator.py
[2024-12-22T11:18:08.839+0000] {logging_mixin.py:190} INFO - [2024-12-22T11:18:08.837+0000] {dag.py:3239} INFO - Sync 1 DAGs
[2024-12-22T11:18:09.041+0000] {logging_mixin.py:190} INFO - [2024-12-22T11:18:09.038+0000] {dag.py:4180} INFO - Setting next_dagrun for example_branch_operator to 2024-12-21 00:00:00+00:00, run_after=2024-12-22 00:00:00+00:00
[2024-12-22T11:18:09.164+0000] {processor.py:208} INFO - Processing /home/airflow/.local/lib/python3.12/site-packages/airflow/example_dags/example_branch_operator.py took 1.099 seconds
[2024-12-22T11:18:42.065+0000] {processor.py:186} INFO - Started process (PID=189) to work on /home/airflow/.local/lib/python3.12/site-packages/airflow/example_dags/example_branch_operator.py
[2024-12-22T11:18:42.070+0000] {processor.py:914} INFO - Processing file /home/airflow/.local/lib/python3.12/site-packages/airflow/example_dags/example_branch_operator.py for tasks to queue
[2024-12-22T11:18:42.084+0000] {logging_mixin.py:190} INFO - [2024-12-22T11:18:42.082+0000] {dagbag.py:588} INFO - Filling up the DagBag from /home/airflow/.local/lib/python3.12/site-packages/airflow/example_dags/example_branch_operator.py
[2024-12-22T11:18:42.181+0000] {processor.py:925} INFO - DAG(s) 'example_branch_operator' retrieved from /home/airflow/.local/lib/python3.12/site-packages/airflow/example_dags/example_branch_operator.py
[2024-12-22T11:18:42.281+0000] {logging_mixin.py:190} INFO - [2024-12-22T11:18:42.281+0000] {dag.py:3239} INFO - Sync 1 DAGs
[2024-12-22T11:18:42.361+0000] {logging_mixin.py:190} INFO - [2024-12-22T11:18:42.360+0000] {dag.py:4180} INFO - Setting next_dagrun for example_branch_operator to 2024-12-21 00:00:00+00:00, run_after=2024-12-22 00:00:00+00:00
[2024-12-22T11:18:43.291+0000] {processor.py:208} INFO - Processing /home/airflow/.local/lib/python3.12/site-packages/airflow/example_dags/example_branch_operator.py took 1.257 seconds
[2024-12-22T11:19:23.678+0000] {processor.py:186} INFO - Started process (PID=254) to work on /home/airflow/.local/lib/python3.12/site-packages/airflow/example_dags/example_branch_operator.py
[2024-12-22T11:19:23.684+0000] {processor.py:914} INFO - Processing file /home/airflow/.local/lib/python3.12/site-packages/airflow/example_dags/example_branch_operator.py for tasks to queue
[2024-12-22T11:19:23.699+0000] {logging_mixin.py:190} INFO - [2024-12-22T11:19:23.697+0000] {dagbag.py:588} INFO - Filling up the DagBag from /home/airflow/.local/lib/python3.12/site-packages/airflow/example_dags/example_branch_operator.py
[2024-12-22T11:19:23.798+0000] {processor.py:925} INFO - DAG(s) 'example_branch_operator' retrieved from /home/airflow/.local/lib/python3.12/site-packages/airflow/example_dags/example_branch_operator.py
[2024-12-22T11:19:23.872+0000] {logging_mixin.py:190} INFO - [2024-12-22T11:19:23.872+0000] {dag.py:3239} INFO - Sync 1 DAGs
[2024-12-22T11:19:23.933+0000] {logging_mixin.py:190} INFO - [2024-12-22T11:19:23.933+0000] {dag.py:4180} INFO - Setting next_dagrun for example_branch_operator to 2024-12-21 00:00:00+00:00, run_after=2024-12-22 00:00:00+00:00
[2024-12-22T11:19:23.975+0000] {processor.py:208} INFO - Processing /home/airflow/.local/lib/python3.12/site-packages/airflow/example_dags/example_branch_operator.py took 0.335 seconds
[2024-12-22T11:19:54.207+0000] {processor.py:186} INFO - Started process (PID=319) to work on /home/airflow/.local/lib/python3.12/site-packages/airflow/example_dags/example_branch_operator.py
[2024-12-22T11:19:54.211+0000] {processor.py:914} INFO - Processing file /home/airflow/.local/lib/python3.12/site-packages/airflow/example_dags/example_branch_operator.py for tasks to queue
[2024-12-22T11:19:54.219+0000] {logging_mixin.py:190} INFO - [2024-12-22T11:19:54.218+0000] {dagbag.py:588} INFO - Filling up the DagBag from /home/airflow/.local/lib/python3.12/site-packages/airflow/example_dags/example_branch_operator.py
[2024-12-22T11:19:54.279+0000] {processor.py:925} INFO - DAG(s) 'example_branch_operator' retrieved from /home/airflow/.local/lib/python3.12/site-packages/airflow/example_dags/example_branch_operator.py
[2024-12-22T11:19:54.372+0000] {logging_mixin.py:190} INFO - [2024-12-22T11:19:54.372+0000] {dag.py:3239} INFO - Sync 1 DAGs
[2024-12-22T11:19:54.447+0000] {logging_mixin.py:190} INFO - [2024-12-22T11:19:54.447+0000] {dag.py:4180} INFO - Setting next_dagrun for example_branch_operator to 2024-12-21 00:00:00+00:00, run_after=2024-12-22 00:00:00+00:00
[2024-12-22T11:19:54.508+0000] {processor.py:208} INFO - Processing /home/airflow/.local/lib/python3.12/site-packages/airflow/example_dags/example_branch_operator.py took 0.325 seconds
[2024-12-22T11:20:29.387+0000] {processor.py:186} INFO - Started process (PID=385) to work on /home/airflow/.local/lib/python3.12/site-packages/airflow/example_dags/example_branch_operator.py
[2024-12-22T11:20:29.389+0000] {processor.py:914} INFO - Processing file /home/airflow/.local/lib/python3.12/site-packages/airflow/example_dags/example_branch_operator.py for tasks to queue
[2024-12-22T11:20:29.395+0000] {logging_mixin.py:190} INFO - [2024-12-22T11:20:29.394+0000] {dagbag.py:588} INFO - Filling up the DagBag from /home/airflow/.local/lib/python3.12/site-packages/airflow/example_dags/example_branch_operator.py
[2024-12-22T11:20:29.445+0000] {processor.py:925} INFO - DAG(s) 'example_branch_operator' retrieved from /home/airflow/.local/lib/python3.12/site-packages/airflow/example_dags/example_branch_operator.py
[2024-12-22T11:20:29.519+0000] {logging_mixin.py:190} INFO - [2024-12-22T11:20:29.518+0000] {dag.py:3239} INFO - Sync 1 DAGs
[2024-12-22T11:20:29.577+0000] {logging_mixin.py:190} INFO - [2024-12-22T11:20:29.576+0000] {dag.py:4180} INFO - Setting next_dagrun for example_branch_operator to 2024-12-21 00:00:00+00:00, run_after=2024-12-22 00:00:00+00:00
[2024-12-22T11:20:30.503+0000] {processor.py:208} INFO - Processing /home/airflow/.local/lib/python3.12/site-packages/airflow/example_dags/example_branch_operator.py took 1.132 seconds
[2024-12-22T11:21:01.299+0000] {processor.py:186} INFO - Started process (PID=450) to work on /home/airflow/.local/lib/python3.12/site-packages/airflow/example_dags/example_branch_operator.py
[2024-12-22T11:21:01.301+0000] {processor.py:914} INFO - Processing file /home/airflow/.local/lib/python3.12/site-packages/airflow/example_dags/example_branch_operator.py for tasks to queue
[2024-12-22T11:21:01.309+0000] {logging_mixin.py:190} INFO - [2024-12-22T11:21:01.308+0000] {dagbag.py:588} INFO - Filling up the DagBag from /home/airflow/.local/lib/python3.12/site-packages/airflow/example_dags/example_branch_operator.py
[2024-12-22T11:21:01.371+0000] {processor.py:925} INFO - DAG(s) 'example_branch_operator' retrieved from /home/airflow/.local/lib/python3.12/site-packages/airflow/example_dags/example_branch_operator.py
[2024-12-22T11:21:01.469+0000] {logging_mixin.py:190} INFO - [2024-12-22T11:21:01.468+0000] {dag.py:3239} INFO - Sync 1 DAGs
[2024-12-22T11:21:01.543+0000] {logging_mixin.py:190} INFO - [2024-12-22T11:21:01.542+0000] {dag.py:4180} INFO - Setting next_dagrun for example_branch_operator to 2024-12-21 00:00:00+00:00, run_after=2024-12-22 00:00:00+00:00
[2024-12-22T11:21:01.600+0000] {processor.py:208} INFO - Processing /home/airflow/.local/lib/python3.12/site-packages/airflow/example_dags/example_branch_operator.py took 0.318 seconds
[2024-12-22T11:21:40.211+0000] {processor.py:186} INFO - Started process (PID=522) to work on /home/airflow/.local/lib/python3.12/site-packages/airflow/example_dags/example_branch_operator.py
[2024-12-22T11:21:40.217+0000] {processor.py:914} INFO - Processing file /home/airflow/.local/lib/python3.12/site-packages/airflow/example_dags/example_branch_operator.py for tasks to queue
[2024-12-22T11:21:40.231+0000] {logging_mixin.py:190} INFO - [2024-12-22T11:21:40.229+0000] {dagbag.py:588} INFO - Filling up the DagBag from /home/airflow/.local/lib/python3.12/site-packages/airflow/example_dags/example_branch_operator.py
[2024-12-22T11:21:40.400+0000] {processor.py:925} INFO - DAG(s) 'example_branch_operator' retrieved from /home/airflow/.local/lib/python3.12/site-packages/airflow/example_dags/example_branch_operator.py
[2024-12-22T11:21:40.540+0000] {logging_mixin.py:190} INFO - [2024-12-22T11:21:40.539+0000] {dag.py:3239} INFO - Sync 1 DAGs
[2024-12-22T11:21:40.608+0000] {logging_mixin.py:190} INFO - [2024-12-22T11:21:40.608+0000] {dag.py:4180} INFO - Setting next_dagrun for example_branch_operator to 2024-12-21 00:00:00+00:00, run_after=2024-12-22 00:00:00+00:00
[2024-12-22T11:21:40.817+0000] {processor.py:208} INFO - Processing /home/airflow/.local/lib/python3.12/site-packages/airflow/example_dags/example_branch_operator.py took 0.645 seconds
[2024-12-22T11:22:13.878+0000] {processor.py:186} INFO - Started process (PID=587) to work on /home/airflow/.local/lib/python3.12/site-packages/airflow/example_dags/example_branch_operator.py
[2024-12-22T11:22:13.880+0000] {processor.py:914} INFO - Processing file /home/airflow/.local/lib/python3.12/site-packages/airflow/example_dags/example_branch_operator.py for tasks to queue
[2024-12-22T11:22:13.888+0000] {logging_mixin.py:190} INFO - [2024-12-22T11:22:13.887+0000] {dagbag.py:588} INFO - Filling up the DagBag from /home/airflow/.local/lib/python3.12/site-packages/airflow/example_dags/example_branch_operator.py
[2024-12-22T11:22:13.939+0000] {processor.py:925} INFO - DAG(s) 'example_branch_operator' retrieved from /home/airflow/.local/lib/python3.12/site-packages/airflow/example_dags/example_branch_operator.py
[2024-12-22T11:22:14.033+0000] {logging_mixin.py:190} INFO - [2024-12-22T11:22:14.032+0000] {dag.py:3239} INFO - Sync 1 DAGs
[2024-12-22T11:22:14.116+0000] {logging_mixin.py:190} INFO - [2024-12-22T11:22:14.115+0000] {dag.py:4180} INFO - Setting next_dagrun for example_branch_operator to 2024-12-21 00:00:00+00:00, run_after=2024-12-22 00:00:00+00:00
[2024-12-22T11:22:14.166+0000] {processor.py:208} INFO - Processing /home/airflow/.local/lib/python3.12/site-packages/airflow/example_dags/example_branch_operator.py took 0.307 seconds
[2024-12-22T11:22:49.313+0000] {processor.py:186} INFO - Started process (PID=653) to work on /home/airflow/.local/lib/python3.12/site-packages/airflow/example_dags/example_branch_operator.py
[2024-12-22T11:22:49.316+0000] {processor.py:914} INFO - Processing file /home/airflow/.local/lib/python3.12/site-packages/airflow/example_dags/example_branch_operator.py for tasks to queue
[2024-12-22T11:22:49.325+0000] {logging_mixin.py:190} INFO - [2024-12-22T11:22:49.324+0000] {dagbag.py:588} INFO - Filling up the DagBag from /home/airflow/.local/lib/python3.12/site-packages/airflow/example_dags/example_branch_operator.py
[2024-12-22T11:22:49.392+0000] {processor.py:925} INFO - DAG(s) 'example_branch_operator' retrieved from /home/airflow/.local/lib/python3.12/site-packages/airflow/example_dags/example_branch_operator.py
[2024-12-22T11:22:49.501+0000] {logging_mixin.py:190} INFO - [2024-12-22T11:22:49.500+0000] {dag.py:3239} INFO - Sync 1 DAGs
[2024-12-22T11:22:49.603+0000] {logging_mixin.py:190} INFO - [2024-12-22T11:22:49.602+0000] {dag.py:4180} INFO - Setting next_dagrun for example_branch_operator to 2024-12-21 00:00:00+00:00, run_after=2024-12-22 00:00:00+00:00
[2024-12-22T11:22:49.667+0000] {processor.py:208} INFO - Processing /home/airflow/.local/lib/python3.12/site-packages/airflow/example_dags/example_branch_operator.py took 0.380 seconds
[2024-12-22T11:23:32.094+0000] {processor.py:186} INFO - Started process (PID=722) to work on /home/airflow/.local/lib/python3.12/site-packages/airflow/example_dags/example_branch_operator.py
[2024-12-22T11:23:32.111+0000] {processor.py:914} INFO - Processing file /home/airflow/.local/lib/python3.12/site-packages/airflow/example_dags/example_branch_operator.py for tasks to queue
[2024-12-22T11:23:32.118+0000] {logging_mixin.py:190} INFO - [2024-12-22T11:23:32.117+0000] {dagbag.py:588} INFO - Filling up the DagBag from /home/airflow/.local/lib/python3.12/site-packages/airflow/example_dags/example_branch_operator.py
[2024-12-22T11:23:32.189+0000] {processor.py:925} INFO - DAG(s) 'example_branch_operator' retrieved from /home/airflow/.local/lib/python3.12/site-packages/airflow/example_dags/example_branch_operator.py
[2024-12-22T11:23:32.260+0000] {logging_mixin.py:190} INFO - [2024-12-22T11:23:32.260+0000] {dag.py:3239} INFO - Sync 1 DAGs
[2024-12-22T11:23:32.326+0000] {logging_mixin.py:190} INFO - [2024-12-22T11:23:32.326+0000] {dag.py:4180} INFO - Setting next_dagrun for example_branch_operator to 2024-12-21 00:00:00+00:00, run_after=2024-12-22 00:00:00+00:00
[2024-12-22T11:23:32.401+0000] {processor.py:208} INFO - Processing /home/airflow/.local/lib/python3.12/site-packages/airflow/example_dags/example_branch_operator.py took 0.323 seconds
[2024-12-22T11:24:08.072+0000] {processor.py:186} INFO - Started process (PID=787) to work on /home/airflow/.local/lib/python3.12/site-packages/airflow/example_dags/example_branch_operator.py
[2024-12-22T11:24:08.074+0000] {processor.py:914} INFO - Processing file /home/airflow/.local/lib/python3.12/site-packages/airflow/example_dags/example_branch_operator.py for tasks to queue
[2024-12-22T11:24:08.081+0000] {logging_mixin.py:190} INFO - [2024-12-22T11:24:08.080+0000] {dagbag.py:588} INFO - Filling up the DagBag from /home/airflow/.local/lib/python3.12/site-packages/airflow/example_dags/example_branch_operator.py
[2024-12-22T11:24:08.138+0000] {processor.py:925} INFO - DAG(s) 'example_branch_operator' retrieved from /home/airflow/.local/lib/python3.12/site-packages/airflow/example_dags/example_branch_operator.py
[2024-12-22T11:24:08.225+0000] {logging_mixin.py:190} INFO - [2024-12-22T11:24:08.224+0000] {dag.py:3239} INFO - Sync 1 DAGs
[2024-12-22T11:24:08.307+0000] {logging_mixin.py:190} INFO - [2024-12-22T11:24:08.306+0000] {dag.py:4180} INFO - Setting next_dagrun for example_branch_operator to 2024-12-21 00:00:00+00:00, run_after=2024-12-22 00:00:00+00:00
[2024-12-22T11:24:08.355+0000] {processor.py:208} INFO - Processing /home/airflow/.local/lib/python3.12/site-packages/airflow/example_dags/example_branch_operator.py took 0.301 seconds
[2024-12-22T11:24:38.688+0000] {processor.py:186} INFO - Started process (PID=851) to work on /home/airflow/.local/lib/python3.12/site-packages/airflow/example_dags/example_branch_operator.py
[2024-12-22T11:24:38.695+0000] {processor.py:914} INFO - Processing file /home/airflow/.local/lib/python3.12/site-packages/airflow/example_dags/example_branch_operator.py for tasks to queue
[2024-12-22T11:24:38.704+0000] {logging_mixin.py:190} INFO - [2024-12-22T11:24:38.703+0000] {dagbag.py:588} INFO - Filling up the DagBag from /home/airflow/.local/lib/python3.12/site-packages/airflow/example_dags/example_branch_operator.py
[2024-12-22T11:24:38.832+0000] {processor.py:925} INFO - DAG(s) 'example_branch_operator' retrieved from /home/airflow/.local/lib/python3.12/site-packages/airflow/example_dags/example_branch_operator.py
[2024-12-22T11:24:39.000+0000] {logging_mixin.py:190} INFO - [2024-12-22T11:24:38.999+0000] {dag.py:3239} INFO - Sync 1 DAGs
[2024-12-22T11:24:39.142+0000] {logging_mixin.py:190} INFO - [2024-12-22T11:24:39.139+0000] {dag.py:4180} INFO - Setting next_dagrun for example_branch_operator to 2024-12-21 00:00:00+00:00, run_after=2024-12-22 00:00:00+00:00
[2024-12-22T11:24:40.160+0000] {processor.py:208} INFO - Processing /home/airflow/.local/lib/python3.12/site-packages/airflow/example_dags/example_branch_operator.py took 1.511 seconds
[2024-12-22T11:25:10.999+0000] {processor.py:186} INFO - Started process (PID=916) to work on /home/airflow/.local/lib/python3.12/site-packages/airflow/example_dags/example_branch_operator.py
[2024-12-22T11:25:11.003+0000] {processor.py:914} INFO - Processing file /home/airflow/.local/lib/python3.12/site-packages/airflow/example_dags/example_branch_operator.py for tasks to queue
[2024-12-22T11:25:11.012+0000] {logging_mixin.py:190} INFO - [2024-12-22T11:25:11.010+0000] {dagbag.py:588} INFO - Filling up the DagBag from /home/airflow/.local/lib/python3.12/site-packages/airflow/example_dags/example_branch_operator.py
[2024-12-22T11:25:11.085+0000] {processor.py:925} INFO - DAG(s) 'example_branch_operator' retrieved from /home/airflow/.local/lib/python3.12/site-packages/airflow/example_dags/example_branch_operator.py
[2024-12-22T11:25:11.182+0000] {logging_mixin.py:190} INFO - [2024-12-22T11:25:11.181+0000] {dag.py:3239} INFO - Sync 1 DAGs
[2024-12-22T11:25:11.283+0000] {logging_mixin.py:190} INFO - [2024-12-22T11:25:11.282+0000] {dag.py:4180} INFO - Setting next_dagrun for example_branch_operator to 2024-12-21 00:00:00+00:00, run_after=2024-12-22 00:00:00+00:00
[2024-12-22T11:25:11.338+0000] {processor.py:208} INFO - Processing /home/airflow/.local/lib/python3.12/site-packages/airflow/example_dags/example_branch_operator.py took 0.363 seconds
[2024-12-22T11:25:42.591+0000] {processor.py:186} INFO - Started process (PID=981) to work on /home/airflow/.local/lib/python3.12/site-packages/airflow/example_dags/example_branch_operator.py
[2024-12-22T11:25:42.593+0000] {processor.py:914} INFO - Processing file /home/airflow/.local/lib/python3.12/site-packages/airflow/example_dags/example_branch_operator.py for tasks to queue
[2024-12-22T11:25:42.599+0000] {logging_mixin.py:190} INFO - [2024-12-22T11:25:42.598+0000] {dagbag.py:588} INFO - Filling up the DagBag from /home/airflow/.local/lib/python3.12/site-packages/airflow/example_dags/example_branch_operator.py
[2024-12-22T11:25:42.654+0000] {processor.py:925} INFO - DAG(s) 'example_branch_operator' retrieved from /home/airflow/.local/lib/python3.12/site-packages/airflow/example_dags/example_branch_operator.py
[2024-12-22T11:25:42.716+0000] {logging_mixin.py:190} INFO - [2024-12-22T11:25:42.715+0000] {dag.py:3239} INFO - Sync 1 DAGs
[2024-12-22T11:25:42.789+0000] {logging_mixin.py:190} INFO - [2024-12-22T11:25:42.788+0000] {dag.py:4180} INFO - Setting next_dagrun for example_branch_operator to 2024-12-21 00:00:00+00:00, run_after=2024-12-22 00:00:00+00:00
[2024-12-22T11:25:42.838+0000] {processor.py:208} INFO - Processing /home/airflow/.local/lib/python3.12/site-packages/airflow/example_dags/example_branch_operator.py took 0.266 seconds
[2024-12-22T11:26:37.742+0000] {processor.py:186} INFO - Started process (PID=1060) to work on /home/airflow/.local/lib/python3.12/site-packages/airflow/example_dags/example_branch_operator.py
[2024-12-22T11:26:37.746+0000] {processor.py:914} INFO - Processing file /home/airflow/.local/lib/python3.12/site-packages/airflow/example_dags/example_branch_operator.py for tasks to queue
[2024-12-22T11:26:37.755+0000] {logging_mixin.py:190} INFO - [2024-12-22T11:26:37.754+0000] {dagbag.py:588} INFO - Filling up the DagBag from /home/airflow/.local/lib/python3.12/site-packages/airflow/example_dags/example_branch_operator.py
[2024-12-22T11:26:37.833+0000] {processor.py:925} INFO - DAG(s) 'example_branch_operator' retrieved from /home/airflow/.local/lib/python3.12/site-packages/airflow/example_dags/example_branch_operator.py
[2024-12-22T11:26:37.929+0000] {logging_mixin.py:190} INFO - [2024-12-22T11:26:37.928+0000] {dag.py:3239} INFO - Sync 1 DAGs
[2024-12-22T11:26:38.023+0000] {logging_mixin.py:190} INFO - [2024-12-22T11:26:38.023+0000] {dag.py:4180} INFO - Setting next_dagrun for example_branch_operator to 2024-12-21 00:00:00+00:00, run_after=2024-12-22 00:00:00+00:00
[2024-12-22T11:26:38.067+0000] {processor.py:208} INFO - Processing /home/airflow/.local/lib/python3.12/site-packages/airflow/example_dags/example_branch_operator.py took 0.360 seconds
[2024-12-22T11:27:12.389+0000] {processor.py:186} INFO - Started process (PID=1125) to work on /home/airflow/.local/lib/python3.12/site-packages/airflow/example_dags/example_branch_operator.py
[2024-12-22T11:27:12.391+0000] {processor.py:914} INFO - Processing file /home/airflow/.local/lib/python3.12/site-packages/airflow/example_dags/example_branch_operator.py for tasks to queue
[2024-12-22T11:27:12.395+0000] {logging_mixin.py:190} INFO - [2024-12-22T11:27:12.394+0000] {dagbag.py:588} INFO - Filling up the DagBag from /home/airflow/.local/lib/python3.12/site-packages/airflow/example_dags/example_branch_operator.py
[2024-12-22T11:27:12.455+0000] {processor.py:925} INFO - DAG(s) 'example_branch_operator' retrieved from /home/airflow/.local/lib/python3.12/site-packages/airflow/example_dags/example_branch_operator.py
[2024-12-22T11:27:12.533+0000] {logging_mixin.py:190} INFO - [2024-12-22T11:27:12.532+0000] {dag.py:3239} INFO - Sync 1 DAGs
[2024-12-22T11:27:12.605+0000] {logging_mixin.py:190} INFO - [2024-12-22T11:27:12.604+0000] {dag.py:4180} INFO - Setting next_dagrun for example_branch_operator to 2024-12-21 00:00:00+00:00, run_after=2024-12-22 00:00:00+00:00
[2024-12-22T11:27:12.653+0000] {processor.py:208} INFO - Processing /home/airflow/.local/lib/python3.12/site-packages/airflow/example_dags/example_branch_operator.py took 0.280 seconds
[2024-12-22T11:27:52.959+0000] {processor.py:186} INFO - Started process (PID=1193) to work on /home/airflow/.local/lib/python3.12/site-packages/airflow/example_dags/example_branch_operator.py
[2024-12-22T11:27:52.961+0000] {processor.py:914} INFO - Processing file /home/airflow/.local/lib/python3.12/site-packages/airflow/example_dags/example_branch_operator.py for tasks to queue
[2024-12-22T11:27:52.964+0000] {logging_mixin.py:190} INFO - [2024-12-22T11:27:52.963+0000] {dagbag.py:588} INFO - Filling up the DagBag from /home/airflow/.local/lib/python3.12/site-packages/airflow/example_dags/example_branch_operator.py
[2024-12-22T11:27:53.051+0000] {processor.py:925} INFO - DAG(s) 'example_branch_operator' retrieved from /home/airflow/.local/lib/python3.12/site-packages/airflow/example_dags/example_branch_operator.py
[2024-12-22T11:27:53.150+0000] {logging_mixin.py:190} INFO - [2024-12-22T11:27:53.149+0000] {dag.py:3239} INFO - Sync 1 DAGs
[2024-12-22T11:27:53.230+0000] {logging_mixin.py:190} INFO - [2024-12-22T11:27:53.230+0000] {dag.py:4180} INFO - Setting next_dagrun for example_branch_operator to 2024-12-21 00:00:00+00:00, run_after=2024-12-22 00:00:00+00:00
[2024-12-22T11:27:53.280+0000] {processor.py:208} INFO - Processing /home/airflow/.local/lib/python3.12/site-packages/airflow/example_dags/example_branch_operator.py took 0.338 seconds
[2024-12-22T11:28:32.020+0000] {processor.py:186} INFO - Started process (PID=1264) to work on /home/airflow/.local/lib/python3.12/site-packages/airflow/example_dags/example_branch_operator.py
[2024-12-22T11:28:32.024+0000] {processor.py:914} INFO - Processing file /home/airflow/.local/lib/python3.12/site-packages/airflow/example_dags/example_branch_operator.py for tasks to queue
[2024-12-22T11:28:32.029+0000] {logging_mixin.py:190} INFO - [2024-12-22T11:28:32.027+0000] {dagbag.py:588} INFO - Filling up the DagBag from /home/airflow/.local/lib/python3.12/site-packages/airflow/example_dags/example_branch_operator.py
[2024-12-22T11:28:32.137+0000] {processor.py:925} INFO - DAG(s) 'example_branch_operator' retrieved from /home/airflow/.local/lib/python3.12/site-packages/airflow/example_dags/example_branch_operator.py
[2024-12-22T11:28:32.239+0000] {logging_mixin.py:190} INFO - [2024-12-22T11:28:32.239+0000] {dag.py:3239} INFO - Sync 1 DAGs
[2024-12-22T11:28:32.314+0000] {logging_mixin.py:190} INFO - [2024-12-22T11:28:32.314+0000] {dag.py:4180} INFO - Setting next_dagrun for example_branch_operator to 2024-12-21 00:00:00+00:00, run_after=2024-12-22 00:00:00+00:00
[2024-12-22T11:28:32.370+0000] {processor.py:208} INFO - Processing /home/airflow/.local/lib/python3.12/site-packages/airflow/example_dags/example_branch_operator.py took 0.409 seconds
[2024-12-22T11:29:08.548+0000] {processor.py:186} INFO - Started process (PID=1328) to work on /home/airflow/.local/lib/python3.12/site-packages/airflow/example_dags/example_branch_operator.py
[2024-12-22T11:29:08.551+0000] {processor.py:914} INFO - Processing file /home/airflow/.local/lib/python3.12/site-packages/airflow/example_dags/example_branch_operator.py for tasks to queue
[2024-12-22T11:29:08.556+0000] {logging_mixin.py:190} INFO - [2024-12-22T11:29:08.555+0000] {dagbag.py:588} INFO - Filling up the DagBag from /home/airflow/.local/lib/python3.12/site-packages/airflow/example_dags/example_branch_operator.py
[2024-12-22T11:29:08.615+0000] {processor.py:925} INFO - DAG(s) 'example_branch_operator' retrieved from /home/airflow/.local/lib/python3.12/site-packages/airflow/example_dags/example_branch_operator.py
[2024-12-22T11:29:08.713+0000] {logging_mixin.py:190} INFO - [2024-12-22T11:29:08.712+0000] {dag.py:3239} INFO - Sync 1 DAGs
[2024-12-22T11:29:08.792+0000] {logging_mixin.py:190} INFO - [2024-12-22T11:29:08.791+0000] {dag.py:4180} INFO - Setting next_dagrun for example_branch_operator to 2024-12-21 00:00:00+00:00, run_after=2024-12-22 00:00:00+00:00
[2024-12-22T11:29:08.843+0000] {processor.py:208} INFO - Processing /home/airflow/.local/lib/python3.12/site-packages/airflow/example_dags/example_branch_operator.py took 0.311 seconds
[2024-12-22T11:29:47.016+0000] {processor.py:186} INFO - Started process (PID=1395) to work on /home/airflow/.local/lib/python3.12/site-packages/airflow/example_dags/example_branch_operator.py
[2024-12-22T11:29:47.019+0000] {processor.py:914} INFO - Processing file /home/airflow/.local/lib/python3.12/site-packages/airflow/example_dags/example_branch_operator.py for tasks to queue
[2024-12-22T11:29:47.024+0000] {logging_mixin.py:190} INFO - [2024-12-22T11:29:47.023+0000] {dagbag.py:588} INFO - Filling up the DagBag from /home/airflow/.local/lib/python3.12/site-packages/airflow/example_dags/example_branch_operator.py
[2024-12-22T11:29:47.119+0000] {processor.py:925} INFO - DAG(s) 'example_branch_operator' retrieved from /home/airflow/.local/lib/python3.12/site-packages/airflow/example_dags/example_branch_operator.py
[2024-12-22T11:29:47.265+0000] {logging_mixin.py:190} INFO - [2024-12-22T11:29:47.264+0000] {dag.py:3239} INFO - Sync 1 DAGs
[2024-12-22T11:29:47.345+0000] {logging_mixin.py:190} INFO - [2024-12-22T11:29:47.344+0000] {dag.py:4180} INFO - Setting next_dagrun for example_branch_operator to 2024-12-21 00:00:00+00:00, run_after=2024-12-22 00:00:00+00:00
[2024-12-22T11:29:47.399+0000] {processor.py:208} INFO - Processing /home/airflow/.local/lib/python3.12/site-packages/airflow/example_dags/example_branch_operator.py took 0.423 seconds
[2024-12-22T11:30:22.784+0000] {processor.py:186} INFO - Started process (PID=1461) to work on /home/airflow/.local/lib/python3.12/site-packages/airflow/example_dags/example_branch_operator.py
[2024-12-22T11:30:22.789+0000] {processor.py:914} INFO - Processing file /home/airflow/.local/lib/python3.12/site-packages/airflow/example_dags/example_branch_operator.py for tasks to queue
[2024-12-22T11:30:22.796+0000] {logging_mixin.py:190} INFO - [2024-12-22T11:30:22.794+0000] {dagbag.py:588} INFO - Filling up the DagBag from /home/airflow/.local/lib/python3.12/site-packages/airflow/example_dags/example_branch_operator.py
[2024-12-22T11:30:22.947+0000] {processor.py:925} INFO - DAG(s) 'example_branch_operator' retrieved from /home/airflow/.local/lib/python3.12/site-packages/airflow/example_dags/example_branch_operator.py
[2024-12-22T11:30:23.099+0000] {logging_mixin.py:190} INFO - [2024-12-22T11:30:23.098+0000] {dag.py:3239} INFO - Sync 1 DAGs
[2024-12-22T11:30:23.187+0000] {logging_mixin.py:190} INFO - [2024-12-22T11:30:23.186+0000] {dag.py:4180} INFO - Setting next_dagrun for example_branch_operator to 2024-12-21 00:00:00+00:00, run_after=2024-12-22 00:00:00+00:00
[2024-12-22T11:30:24.042+0000] {processor.py:208} INFO - Processing /home/airflow/.local/lib/python3.12/site-packages/airflow/example_dags/example_branch_operator.py took 1.291 seconds
[2024-12-22T11:30:54.983+0000] {processor.py:186} INFO - Started process (PID=1526) to work on /home/airflow/.local/lib/python3.12/site-packages/airflow/example_dags/example_branch_operator.py
[2024-12-22T11:30:54.985+0000] {processor.py:914} INFO - Processing file /home/airflow/.local/lib/python3.12/site-packages/airflow/example_dags/example_branch_operator.py for tasks to queue
[2024-12-22T11:30:54.988+0000] {logging_mixin.py:190} INFO - [2024-12-22T11:30:54.987+0000] {dagbag.py:588} INFO - Filling up the DagBag from /home/airflow/.local/lib/python3.12/site-packages/airflow/example_dags/example_branch_operator.py
[2024-12-22T11:30:54.633+0000] {processor.py:925} INFO - DAG(s) 'example_branch_operator' retrieved from /home/airflow/.local/lib/python3.12/site-packages/airflow/example_dags/example_branch_operator.py
[2024-12-22T11:30:54.714+0000] {logging_mixin.py:190} INFO - [2024-12-22T11:30:54.713+0000] {dag.py:3239} INFO - Sync 1 DAGs
[2024-12-22T11:30:54.790+0000] {logging_mixin.py:190} INFO - [2024-12-22T11:30:54.789+0000] {dag.py:4180} INFO - Setting next_dagrun for example_branch_operator to 2024-12-21 00:00:00+00:00, run_after=2024-12-22 00:00:00+00:00
[2024-12-22T11:30:54.854+0000] {processor.py:208} INFO - Processing /home/airflow/.local/lib/python3.12/site-packages/airflow/example_dags/example_branch_operator.py took 0.292 seconds
[2024-12-22T11:31:26.512+0000] {processor.py:186} INFO - Started process (PID=1591) to work on /home/airflow/.local/lib/python3.12/site-packages/airflow/example_dags/example_branch_operator.py
[2024-12-22T11:31:26.515+0000] {processor.py:914} INFO - Processing file /home/airflow/.local/lib/python3.12/site-packages/airflow/example_dags/example_branch_operator.py for tasks to queue
[2024-12-22T11:31:26.522+0000] {logging_mixin.py:190} INFO - [2024-12-22T11:31:26.521+0000] {dagbag.py:588} INFO - Filling up the DagBag from /home/airflow/.local/lib/python3.12/site-packages/airflow/example_dags/example_branch_operator.py
[2024-12-22T11:31:26.608+0000] {processor.py:925} INFO - DAG(s) 'example_branch_operator' retrieved from /home/airflow/.local/lib/python3.12/site-packages/airflow/example_dags/example_branch_operator.py
[2024-12-22T11:31:26.769+0000] {logging_mixin.py:190} INFO - [2024-12-22T11:31:26.768+0000] {dag.py:3239} INFO - Sync 1 DAGs
[2024-12-22T11:31:26.911+0000] {logging_mixin.py:190} INFO - [2024-12-22T11:31:26.910+0000] {dag.py:4180} INFO - Setting next_dagrun for example_branch_operator to 2024-12-21 00:00:00+00:00, run_after=2024-12-22 00:00:00+00:00
[2024-12-22T11:31:27.931+0000] {processor.py:208} INFO - Processing /home/airflow/.local/lib/python3.12/site-packages/airflow/example_dags/example_branch_operator.py took 1.445 seconds
[2024-12-22T11:31:59.053+0000] {processor.py:186} INFO - Started process (PID=1657) to work on /home/airflow/.local/lib/python3.12/site-packages/airflow/example_dags/example_branch_operator.py
[2024-12-22T11:31:59.055+0000] {processor.py:914} INFO - Processing file /home/airflow/.local/lib/python3.12/site-packages/airflow/example_dags/example_branch_operator.py for tasks to queue
[2024-12-22T11:31:59.059+0000] {logging_mixin.py:190} INFO - [2024-12-22T11:31:59.058+0000] {dagbag.py:588} INFO - Filling up the DagBag from /home/airflow/.local/lib/python3.12/site-packages/airflow/example_dags/example_branch_operator.py
[2024-12-22T11:31:59.124+0000] {processor.py:925} INFO - DAG(s) 'example_branch_operator' retrieved from /home/airflow/.local/lib/python3.12/site-packages/airflow/example_dags/example_branch_operator.py
[2024-12-22T11:31:59.199+0000] {logging_mixin.py:190} INFO - [2024-12-22T11:31:59.199+0000] {dag.py:3239} INFO - Sync 1 DAGs
[2024-12-22T11:31:59.264+0000] {logging_mixin.py:190} INFO - [2024-12-22T11:31:59.264+0000] {dag.py:4180} INFO - Setting next_dagrun for example_branch_operator to 2024-12-21 00:00:00+00:00, run_after=2024-12-22 00:00:00+00:00
[2024-12-22T11:32:00.428+0000] {processor.py:208} INFO - Processing /home/airflow/.local/lib/python3.12/site-packages/airflow/example_dags/example_branch_operator.py took 1.395 seconds
[2024-12-22T11:32:36.393+0000] {processor.py:186} INFO - Started process (PID=1729) to work on /home/airflow/.local/lib/python3.12/site-packages/airflow/example_dags/example_branch_operator.py
[2024-12-22T11:32:36.396+0000] {processor.py:914} INFO - Processing file /home/airflow/.local/lib/python3.12/site-packages/airflow/example_dags/example_branch_operator.py for tasks to queue
[2024-12-22T11:32:36.400+0000] {logging_mixin.py:190} INFO - [2024-12-22T11:32:36.399+0000] {dagbag.py:588} INFO - Filling up the DagBag from /home/airflow/.local/lib/python3.12/site-packages/airflow/example_dags/example_branch_operator.py
[2024-12-22T11:32:36.467+0000] {processor.py:925} INFO - DAG(s) 'example_branch_operator' retrieved from /home/airflow/.local/lib/python3.12/site-packages/airflow/example_dags/example_branch_operator.py
[2024-12-22T11:32:36.561+0000] {logging_mixin.py:190} INFO - [2024-12-22T11:32:36.560+0000] {dag.py:3239} INFO - Sync 1 DAGs
[2024-12-22T11:32:36.643+0000] {logging_mixin.py:190} INFO - [2024-12-22T11:32:36.642+0000] {dag.py:4180} INFO - Setting next_dagrun for example_branch_operator to 2024-12-21 00:00:00+00:00, run_after=2024-12-22 00:00:00+00:00
[2024-12-22T11:32:36.688+0000] {processor.py:208} INFO - Processing /home/airflow/.local/lib/python3.12/site-packages/airflow/example_dags/example_branch_operator.py took 0.313 seconds
[2024-12-22T11:33:15.812+0000] {processor.py:186} INFO - Started process (PID=1794) to work on /home/airflow/.local/lib/python3.12/site-packages/airflow/example_dags/example_branch_operator.py
[2024-12-22T11:33:15.816+0000] {processor.py:914} INFO - Processing file /home/airflow/.local/lib/python3.12/site-packages/airflow/example_dags/example_branch_operator.py for tasks to queue
[2024-12-22T11:33:15.821+0000] {logging_mixin.py:190} INFO - [2024-12-22T11:33:15.820+0000] {dagbag.py:588} INFO - Filling up the DagBag from /home/airflow/.local/lib/python3.12/site-packages/airflow/example_dags/example_branch_operator.py
[2024-12-22T11:33:15.893+0000] {processor.py:925} INFO - DAG(s) 'example_branch_operator' retrieved from /home/airflow/.local/lib/python3.12/site-packages/airflow/example_dags/example_branch_operator.py
[2024-12-22T11:33:16.019+0000] {logging_mixin.py:190} INFO - [2024-12-22T11:33:16.018+0000] {dag.py:3239} INFO - Sync 1 DAGs
[2024-12-22T11:33:16.104+0000] {logging_mixin.py:190} INFO - [2024-12-22T11:33:16.103+0000] {dag.py:4180} INFO - Setting next_dagrun for example_branch_operator to 2024-12-21 00:00:00+00:00, run_after=2024-12-22 00:00:00+00:00
[2024-12-22T11:33:16.236+0000] {processor.py:208} INFO - Processing /home/airflow/.local/lib/python3.12/site-packages/airflow/example_dags/example_branch_operator.py took 0.446 seconds
[2024-12-22T11:33:56.055+0000] {processor.py:186} INFO - Started process (PID=1852) to work on /home/airflow/.local/lib/python3.12/site-packages/airflow/example_dags/example_branch_operator.py
[2024-12-22T11:33:56.058+0000] {processor.py:914} INFO - Processing file /home/airflow/.local/lib/python3.12/site-packages/airflow/example_dags/example_branch_operator.py for tasks to queue
[2024-12-22T11:33:56.062+0000] {logging_mixin.py:190} INFO - [2024-12-22T11:33:56.061+0000] {dagbag.py:588} INFO - Filling up the DagBag from /home/airflow/.local/lib/python3.12/site-packages/airflow/example_dags/example_branch_operator.py
[2024-12-22T11:33:56.138+0000] {processor.py:925} INFO - DAG(s) 'example_branch_operator' retrieved from /home/airflow/.local/lib/python3.12/site-packages/airflow/example_dags/example_branch_operator.py
[2024-12-22T11:33:56.273+0000] {logging_mixin.py:190} INFO - [2024-12-22T11:33:56.273+0000] {dag.py:3239} INFO - Sync 1 DAGs
[2024-12-22T11:33:56.371+0000] {logging_mixin.py:190} INFO - [2024-12-22T11:33:56.370+0000] {dag.py:4180} INFO - Setting next_dagrun for example_branch_operator to 2024-12-21 00:00:00+00:00, run_after=2024-12-22 00:00:00+00:00
[2024-12-22T11:33:56.429+0000] {processor.py:208} INFO - Processing /home/airflow/.local/lib/python3.12/site-packages/airflow/example_dags/example_branch_operator.py took 0.395 seconds
[2024-12-22T11:34:30.096+0000] {processor.py:186} INFO - Started process (PID=1914) to work on /home/airflow/.local/lib/python3.12/site-packages/airflow/example_dags/example_branch_operator.py
[2024-12-22T11:34:30.100+0000] {processor.py:914} INFO - Processing file /home/airflow/.local/lib/python3.12/site-packages/airflow/example_dags/example_branch_operator.py for tasks to queue
[2024-12-22T11:34:30.107+0000] {logging_mixin.py:190} INFO - [2024-12-22T11:34:30.106+0000] {dagbag.py:588} INFO - Filling up the DagBag from /home/airflow/.local/lib/python3.12/site-packages/airflow/example_dags/example_branch_operator.py
[2024-12-22T11:34:30.213+0000] {processor.py:925} INFO - DAG(s) 'example_branch_operator' retrieved from /home/airflow/.local/lib/python3.12/site-packages/airflow/example_dags/example_branch_operator.py
[2024-12-22T11:34:30.315+0000] {logging_mixin.py:190} INFO - [2024-12-22T11:34:30.314+0000] {dag.py:3239} INFO - Sync 1 DAGs
[2024-12-22T11:34:30.396+0000] {logging_mixin.py:190} INFO - [2024-12-22T11:34:30.396+0000] {dag.py:4180} INFO - Setting next_dagrun for example_branch_operator to 2024-12-21 00:00:00+00:00, run_after=2024-12-22 00:00:00+00:00
[2024-12-22T11:34:30.450+0000] {processor.py:208} INFO - Processing /home/airflow/.local/lib/python3.12/site-packages/airflow/example_dags/example_branch_operator.py took 0.392 seconds
[2024-12-22T11:35:05.577+0000] {processor.py:186} INFO - Started process (PID=1985) to work on /home/airflow/.local/lib/python3.12/site-packages/airflow/example_dags/example_branch_operator.py
[2024-12-22T11:35:05.579+0000] {processor.py:914} INFO - Processing file /home/airflow/.local/lib/python3.12/site-packages/airflow/example_dags/example_branch_operator.py for tasks to queue
[2024-12-22T11:35:05.583+0000] {logging_mixin.py:190} INFO - [2024-12-22T11:35:05.582+0000] {dagbag.py:588} INFO - Filling up the DagBag from /home/airflow/.local/lib/python3.12/site-packages/airflow/example_dags/example_branch_operator.py
[2024-12-22T11:35:05.641+0000] {processor.py:925} INFO - DAG(s) 'example_branch_operator' retrieved from /home/airflow/.local/lib/python3.12/site-packages/airflow/example_dags/example_branch_operator.py
[2024-12-22T11:35:05.714+0000] {logging_mixin.py:190} INFO - [2024-12-22T11:35:05.713+0000] {dag.py:3239} INFO - Sync 1 DAGs
[2024-12-22T11:35:05.792+0000] {logging_mixin.py:190} INFO - [2024-12-22T11:35:05.792+0000] {dag.py:4180} INFO - Setting next_dagrun for example_branch_operator to 2024-12-21 00:00:00+00:00, run_after=2024-12-22 00:00:00+00:00
[2024-12-22T11:35:05.835+0000] {processor.py:208} INFO - Processing /home/airflow/.local/lib/python3.12/site-packages/airflow/example_dags/example_branch_operator.py took 0.278 seconds
[2024-12-22T11:35:44.931+0000] {processor.py:186} INFO - Started process (PID=2050) to work on /home/airflow/.local/lib/python3.12/site-packages/airflow/example_dags/example_branch_operator.py
[2024-12-22T11:35:44.933+0000] {processor.py:914} INFO - Processing file /home/airflow/.local/lib/python3.12/site-packages/airflow/example_dags/example_branch_operator.py for tasks to queue
[2024-12-22T11:35:44.936+0000] {logging_mixin.py:190} INFO - [2024-12-22T11:35:44.935+0000] {dagbag.py:588} INFO - Filling up the DagBag from /home/airflow/.local/lib/python3.12/site-packages/airflow/example_dags/example_branch_operator.py
[2024-12-22T11:35:44.980+0000] {processor.py:925} INFO - DAG(s) 'example_branch_operator' retrieved from /home/airflow/.local/lib/python3.12/site-packages/airflow/example_dags/example_branch_operator.py
[2024-12-22T11:35:45.079+0000] {logging_mixin.py:190} INFO - [2024-12-22T11:35:45.078+0000] {dag.py:3239} INFO - Sync 1 DAGs
[2024-12-22T11:35:45.164+0000] {logging_mixin.py:190} INFO - [2024-12-22T11:35:45.163+0000] {dag.py:4180} INFO - Setting next_dagrun for example_branch_operator to 2024-12-21 00:00:00+00:00, run_after=2024-12-22 00:00:00+00:00
[2024-12-22T11:35:46.158+0000] {processor.py:208} INFO - Processing /home/airflow/.local/lib/python3.12/site-packages/airflow/example_dags/example_branch_operator.py took 1.241 seconds
[2024-12-22T11:36:41.792+0000] {processor.py:186} INFO - Started process (PID=2114) to work on /home/airflow/.local/lib/python3.12/site-packages/airflow/example_dags/example_branch_operator.py
[2024-12-22T11:36:41.795+0000] {processor.py:914} INFO - Processing file /home/airflow/.local/lib/python3.12/site-packages/airflow/example_dags/example_branch_operator.py for tasks to queue
[2024-12-22T11:36:41.797+0000] {logging_mixin.py:190} INFO - [2024-12-22T11:36:41.797+0000] {dagbag.py:588} INFO - Filling up the DagBag from /home/airflow/.local/lib/python3.12/site-packages/airflow/example_dags/example_branch_operator.py
[2024-12-22T11:36:41.840+0000] {processor.py:925} INFO - DAG(s) 'example_branch_operator' retrieved from /home/airflow/.local/lib/python3.12/site-packages/airflow/example_dags/example_branch_operator.py
[2024-12-22T11:36:41.903+0000] {logging_mixin.py:190} INFO - [2024-12-22T11:36:41.903+0000] {dag.py:3239} INFO - Sync 1 DAGs
[2024-12-22T11:36:41.996+0000] {logging_mixin.py:190} INFO - [2024-12-22T11:36:41.996+0000] {dag.py:4180} INFO - Setting next_dagrun for example_branch_operator to 2024-12-21 00:00:00+00:00, run_after=2024-12-22 00:00:00+00:00
[2024-12-22T11:36:42.041+0000] {processor.py:208} INFO - Processing /home/airflow/.local/lib/python3.12/site-packages/airflow/example_dags/example_branch_operator.py took 0.262 seconds
[2024-12-22T11:37:18.255+0000] {processor.py:186} INFO - Started process (PID=2179) to work on /home/airflow/.local/lib/python3.12/site-packages/airflow/example_dags/example_branch_operator.py
[2024-12-22T11:37:18.260+0000] {processor.py:914} INFO - Processing file /home/airflow/.local/lib/python3.12/site-packages/airflow/example_dags/example_branch_operator.py for tasks to queue
[2024-12-22T11:37:18.267+0000] {logging_mixin.py:190} INFO - [2024-12-22T11:37:18.265+0000] {dagbag.py:588} INFO - Filling up the DagBag from /home/airflow/.local/lib/python3.12/site-packages/airflow/example_dags/example_branch_operator.py
[2024-12-22T11:37:18.384+0000] {processor.py:925} INFO - DAG(s) 'example_branch_operator' retrieved from /home/airflow/.local/lib/python3.12/site-packages/airflow/example_dags/example_branch_operator.py
[2024-12-22T11:37:18.512+0000] {logging_mixin.py:190} INFO - [2024-12-22T11:37:18.511+0000] {dag.py:3239} INFO - Sync 1 DAGs
[2024-12-22T11:37:18.613+0000] {logging_mixin.py:190} INFO - [2024-12-22T11:37:18.612+0000] {dag.py:4180} INFO - Setting next_dagrun for example_branch_operator to 2024-12-21 00:00:00+00:00, run_after=2024-12-22 00:00:00+00:00
[2024-12-22T11:37:19.519+0000] {processor.py:208} INFO - Processing /home/airflow/.local/lib/python3.12/site-packages/airflow/example_dags/example_branch_operator.py took 1.300 seconds
[2024-12-22T11:38:01.991+0000] {processor.py:186} INFO - Started process (PID=2249) to work on /home/airflow/.local/lib/python3.12/site-packages/airflow/example_dags/example_branch_operator.py
[2024-12-22T11:38:01.995+0000] {processor.py:914} INFO - Processing file /home/airflow/.local/lib/python3.12/site-packages/airflow/example_dags/example_branch_operator.py for tasks to queue
[2024-12-22T11:38:02.000+0000] {logging_mixin.py:190} INFO - [2024-12-22T11:38:01.999+0000] {dagbag.py:588} INFO - Filling up the DagBag from /home/airflow/.local/lib/python3.12/site-packages/airflow/example_dags/example_branch_operator.py
[2024-12-22T11:38:02.087+0000] {processor.py:925} INFO - DAG(s) 'example_branch_operator' retrieved from /home/airflow/.local/lib/python3.12/site-packages/airflow/example_dags/example_branch_operator.py
[2024-12-22T11:38:02.171+0000] {logging_mixin.py:190} INFO - [2024-12-22T11:38:02.170+0000] {dag.py:3239} INFO - Sync 1 DAGs
[2024-12-22T11:38:02.233+0000] {logging_mixin.py:190} INFO - [2024-12-22T11:38:02.233+0000] {dag.py:4180} INFO - Setting next_dagrun for example_branch_operator to 2024-12-21 00:00:00+00:00, run_after=2024-12-22 00:00:00+00:00
[2024-12-22T11:38:02.275+0000] {processor.py:208} INFO - Processing /home/airflow/.local/lib/python3.12/site-packages/airflow/example_dags/example_branch_operator.py took 0.307 seconds
[2024-12-22T11:38:35.002+0000] {processor.py:186} INFO - Started process (PID=2314) to work on /home/airflow/.local/lib/python3.12/site-packages/airflow/example_dags/example_branch_operator.py
[2024-12-22T11:38:35.004+0000] {processor.py:914} INFO - Processing file /home/airflow/.local/lib/python3.12/site-packages/airflow/example_dags/example_branch_operator.py for tasks to queue
[2024-12-22T11:38:35.007+0000] {logging_mixin.py:190} INFO - [2024-12-22T11:38:35.006+0000] {dagbag.py:588} INFO - Filling up the DagBag from /home/airflow/.local/lib/python3.12/site-packages/airflow/example_dags/example_branch_operator.py
[2024-12-22T11:38:35.064+0000] {processor.py:925} INFO - DAG(s) 'example_branch_operator' retrieved from /home/airflow/.local/lib/python3.12/site-packages/airflow/example_dags/example_branch_operator.py
[2024-12-22T11:38:35.154+0000] {logging_mixin.py:190} INFO - [2024-12-22T11:38:35.153+0000] {dag.py:3239} INFO - Sync 1 DAGs
[2024-12-22T11:38:35.213+0000] {logging_mixin.py:190} INFO - [2024-12-22T11:38:35.212+0000] {dag.py:4180} INFO - Setting next_dagrun for example_branch_operator to 2024-12-21 00:00:00+00:00, run_after=2024-12-22 00:00:00+00:00
[2024-12-22T11:38:35.311+0000] {processor.py:208} INFO - Processing /home/airflow/.local/lib/python3.12/site-packages/airflow/example_dags/example_branch_operator.py took 0.325 seconds
[2024-12-22T11:39:07.549+0000] {processor.py:186} INFO - Started process (PID=2378) to work on /home/airflow/.local/lib/python3.12/site-packages/airflow/example_dags/example_branch_operator.py
[2024-12-22T11:39:07.551+0000] {processor.py:914} INFO - Processing file /home/airflow/.local/lib/python3.12/site-packages/airflow/example_dags/example_branch_operator.py for tasks to queue
[2024-12-22T11:39:07.555+0000] {logging_mixin.py:190} INFO - [2024-12-22T11:39:07.554+0000] {dagbag.py:588} INFO - Filling up the DagBag from /home/airflow/.local/lib/python3.12/site-packages/airflow/example_dags/example_branch_operator.py
[2024-12-22T11:39:07.631+0000] {processor.py:925} INFO - DAG(s) 'example_branch_operator' retrieved from /home/airflow/.local/lib/python3.12/site-packages/airflow/example_dags/example_branch_operator.py
[2024-12-22T11:39:07.755+0000] {logging_mixin.py:190} INFO - [2024-12-22T11:39:07.755+0000] {dag.py:3239} INFO - Sync 1 DAGs
[2024-12-22T11:39:07.865+0000] {logging_mixin.py:190} INFO - [2024-12-22T11:39:07.864+0000] {dag.py:4180} INFO - Setting next_dagrun for example_branch_operator to 2024-12-21 00:00:00+00:00, run_after=2024-12-22 00:00:00+00:00
[2024-12-22T11:39:07.935+0000] {processor.py:208} INFO - Processing /home/airflow/.local/lib/python3.12/site-packages/airflow/example_dags/example_branch_operator.py took 0.404 seconds
[2024-12-22T11:39:41.465+0000] {processor.py:186} INFO - Started process (PID=2440) to work on /home/airflow/.local/lib/python3.12/site-packages/airflow/example_dags/example_branch_operator.py
[2024-12-22T11:39:41.468+0000] {processor.py:914} INFO - Processing file /home/airflow/.local/lib/python3.12/site-packages/airflow/example_dags/example_branch_operator.py for tasks to queue
[2024-12-22T11:39:41.471+0000] {logging_mixin.py:190} INFO - [2024-12-22T11:39:41.470+0000] {dagbag.py:588} INFO - Filling up the DagBag from /home/airflow/.local/lib/python3.12/site-packages/airflow/example_dags/example_branch_operator.py
[2024-12-22T11:39:41.519+0000] {processor.py:925} INFO - DAG(s) 'example_branch_operator' retrieved from /home/airflow/.local/lib/python3.12/site-packages/airflow/example_dags/example_branch_operator.py
[2024-12-22T11:39:41.593+0000] {logging_mixin.py:190} INFO - [2024-12-22T11:39:41.593+0000] {dag.py:3239} INFO - Sync 1 DAGs
[2024-12-22T11:39:41.657+0000] {logging_mixin.py:190} INFO - [2024-12-22T11:39:41.656+0000] {dag.py:4180} INFO - Setting next_dagrun for example_branch_operator to 2024-12-21 00:00:00+00:00, run_after=2024-12-22 00:00:00+00:00
[2024-12-22T11:39:41.707+0000] {processor.py:208} INFO - Processing /home/airflow/.local/lib/python3.12/site-packages/airflow/example_dags/example_branch_operator.py took 0.261 seconds
[2024-12-22T11:40:22.877+0000] {processor.py:186} INFO - Started process (PID=2503) to work on /home/airflow/.local/lib/python3.12/site-packages/airflow/example_dags/example_branch_operator.py
[2024-12-22T11:40:22.880+0000] {processor.py:914} INFO - Processing file /home/airflow/.local/lib/python3.12/site-packages/airflow/example_dags/example_branch_operator.py for tasks to queue
[2024-12-22T11:40:22.884+0000] {logging_mixin.py:190} INFO - [2024-12-22T11:40:22.883+0000] {dagbag.py:588} INFO - Filling up the DagBag from /home/airflow/.local/lib/python3.12/site-packages/airflow/example_dags/example_branch_operator.py
[2024-12-22T11:40:22.952+0000] {processor.py:925} INFO - DAG(s) 'example_branch_operator' retrieved from /home/airflow/.local/lib/python3.12/site-packages/airflow/example_dags/example_branch_operator.py
[2024-12-22T11:40:23.026+0000] {logging_mixin.py:190} INFO - [2024-12-22T11:40:23.025+0000] {dag.py:3239} INFO - Sync 1 DAGs
[2024-12-22T11:40:23.104+0000] {logging_mixin.py:190} INFO - [2024-12-22T11:40:23.103+0000] {dag.py:4180} INFO - Setting next_dagrun for example_branch_operator to 2024-12-21 00:00:00+00:00, run_after=2024-12-22 00:00:00+00:00
[2024-12-22T11:40:23.143+0000] {processor.py:208} INFO - Processing /home/airflow/.local/lib/python3.12/site-packages/airflow/example_dags/example_branch_operator.py took 0.283 seconds
[2024-12-22T11:41:01.128+0000] {processor.py:186} INFO - Started process (PID=2568) to work on /home/airflow/.local/lib/python3.12/site-packages/airflow/example_dags/example_branch_operator.py
[2024-12-22T11:41:01.130+0000] {processor.py:914} INFO - Processing file /home/airflow/.local/lib/python3.12/site-packages/airflow/example_dags/example_branch_operator.py for tasks to queue
[2024-12-22T11:41:01.133+0000] {logging_mixin.py:190} INFO - [2024-12-22T11:41:01.133+0000] {dagbag.py:588} INFO - Filling up the DagBag from /home/airflow/.local/lib/python3.12/site-packages/airflow/example_dags/example_branch_operator.py
[2024-12-22T11:41:01.192+0000] {processor.py:925} INFO - DAG(s) 'example_branch_operator' retrieved from /home/airflow/.local/lib/python3.12/site-packages/airflow/example_dags/example_branch_operator.py
[2024-12-22T11:41:01.270+0000] {logging_mixin.py:190} INFO - [2024-12-22T11:41:01.269+0000] {dag.py:3239} INFO - Sync 1 DAGs
[2024-12-22T11:41:01.349+0000] {logging_mixin.py:190} INFO - [2024-12-22T11:41:01.349+0000] {dag.py:4180} INFO - Setting next_dagrun for example_branch_operator to 2024-12-21 00:00:00+00:00, run_after=2024-12-22 00:00:00+00:00
[2024-12-22T11:41:01.392+0000] {processor.py:208} INFO - Processing /home/airflow/.local/lib/python3.12/site-packages/airflow/example_dags/example_branch_operator.py took 0.283 seconds
[2024-12-22T11:41:38.982+0000] {processor.py:186} INFO - Started process (PID=2639) to work on /home/airflow/.local/lib/python3.12/site-packages/airflow/example_dags/example_branch_operator.py
[2024-12-22T11:41:38.984+0000] {processor.py:914} INFO - Processing file /home/airflow/.local/lib/python3.12/site-packages/airflow/example_dags/example_branch_operator.py for tasks to queue
[2024-12-22T11:41:38.988+0000] {logging_mixin.py:190} INFO - [2024-12-22T11:41:38.987+0000] {dagbag.py:588} INFO - Filling up the DagBag from /home/airflow/.local/lib/python3.12/site-packages/airflow/example_dags/example_branch_operator.py
[2024-12-22T11:41:39.064+0000] {processor.py:925} INFO - DAG(s) 'example_branch_operator' retrieved from /home/airflow/.local/lib/python3.12/site-packages/airflow/example_dags/example_branch_operator.py
[2024-12-22T11:41:39.167+0000] {logging_mixin.py:190} INFO - [2024-12-22T11:41:39.166+0000] {dag.py:3239} INFO - Sync 1 DAGs
[2024-12-22T11:41:39.250+0000] {logging_mixin.py:190} INFO - [2024-12-22T11:41:39.249+0000] {dag.py:4180} INFO - Setting next_dagrun for example_branch_operator to 2024-12-21 00:00:00+00:00, run_after=2024-12-22 00:00:00+00:00
[2024-12-22T11:41:39.303+0000] {processor.py:208} INFO - Processing /home/airflow/.local/lib/python3.12/site-packages/airflow/example_dags/example_branch_operator.py took 0.344 seconds
[2024-12-22T11:43:25.974+0000] {processor.py:186} INFO - Started process (PID=2700) to work on /home/airflow/.local/lib/python3.12/site-packages/airflow/example_dags/example_branch_operator.py
[2024-12-22T11:43:25.979+0000] {processor.py:914} INFO - Processing file /home/airflow/.local/lib/python3.12/site-packages/airflow/example_dags/example_branch_operator.py for tasks to queue
[2024-12-22T11:43:25.988+0000] {logging_mixin.py:190} INFO - [2024-12-22T11:43:25.986+0000] {dagbag.py:588} INFO - Filling up the DagBag from /home/airflow/.local/lib/python3.12/site-packages/airflow/example_dags/example_branch_operator.py
[2024-12-22T11:43:26.103+0000] {processor.py:925} INFO - DAG(s) 'example_branch_operator' retrieved from /home/airflow/.local/lib/python3.12/site-packages/airflow/example_dags/example_branch_operator.py
[2024-12-22T11:43:26.287+0000] {logging_mixin.py:190} INFO - [2024-12-22T11:43:26.286+0000] {dag.py:3239} INFO - Sync 1 DAGs
[2024-12-22T11:43:26.424+0000] {logging_mixin.py:190} INFO - [2024-12-22T11:43:26.423+0000] {dag.py:4180} INFO - Setting next_dagrun for example_branch_operator to 2024-12-21 00:00:00+00:00, run_after=2024-12-22 00:00:00+00:00
[2024-12-22T11:43:27.290+0000] {processor.py:208} INFO - Processing /home/airflow/.local/lib/python3.12/site-packages/airflow/example_dags/example_branch_operator.py took 1.352 seconds
[2024-12-22T11:50:08.997+0000] {processor.py:186} INFO - Started process (PID=116) to work on /home/airflow/.local/lib/python3.12/site-packages/airflow/example_dags/example_branch_operator.py
[2024-12-22T11:50:08.999+0000] {processor.py:914} INFO - Processing file /home/airflow/.local/lib/python3.12/site-packages/airflow/example_dags/example_branch_operator.py for tasks to queue
[2024-12-22T11:50:09.002+0000] {logging_mixin.py:190} INFO - [2024-12-22T11:50:09.002+0000] {dagbag.py:588} INFO - Filling up the DagBag from /home/airflow/.local/lib/python3.12/site-packages/airflow/example_dags/example_branch_operator.py
[2024-12-22T11:50:09.030+0000] {processor.py:925} INFO - DAG(s) 'example_branch_operator' retrieved from /home/airflow/.local/lib/python3.12/site-packages/airflow/example_dags/example_branch_operator.py
[2024-12-22T11:50:09.211+0000] {logging_mixin.py:190} INFO - [2024-12-22T11:50:09.211+0000] {dag.py:3239} INFO - Sync 1 DAGs
[2024-12-22T11:50:09.244+0000] {logging_mixin.py:190} INFO - [2024-12-22T11:50:09.243+0000] {dag.py:4180} INFO - Setting next_dagrun for example_branch_operator to 2024-12-21 00:00:00+00:00, run_after=2024-12-22 00:00:00+00:00
[2024-12-22T11:50:09.276+0000] {processor.py:208} INFO - Processing /home/airflow/.local/lib/python3.12/site-packages/airflow/example_dags/example_branch_operator.py took 0.287 seconds
[2024-12-22T11:50:39.585+0000] {processor.py:186} INFO - Started process (PID=181) to work on /home/airflow/.local/lib/python3.12/site-packages/airflow/example_dags/example_branch_operator.py
[2024-12-22T11:50:39.588+0000] {processor.py:914} INFO - Processing file /home/airflow/.local/lib/python3.12/site-packages/airflow/example_dags/example_branch_operator.py for tasks to queue
[2024-12-22T11:50:39.591+0000] {logging_mixin.py:190} INFO - [2024-12-22T11:50:39.591+0000] {dagbag.py:588} INFO - Filling up the DagBag from /home/airflow/.local/lib/python3.12/site-packages/airflow/example_dags/example_branch_operator.py
[2024-12-22T11:50:39.618+0000] {processor.py:925} INFO - DAG(s) 'example_branch_operator' retrieved from /home/airflow/.local/lib/python3.12/site-packages/airflow/example_dags/example_branch_operator.py
[2024-12-22T11:50:39.664+0000] {logging_mixin.py:190} INFO - [2024-12-22T11:50:39.664+0000] {dag.py:3239} INFO - Sync 1 DAGs
[2024-12-22T11:50:39.705+0000] {logging_mixin.py:190} INFO - [2024-12-22T11:50:39.704+0000] {dag.py:4180} INFO - Setting next_dagrun for example_branch_operator to 2024-12-21 00:00:00+00:00, run_after=2024-12-22 00:00:00+00:00
[2024-12-22T11:50:39.741+0000] {processor.py:208} INFO - Processing /home/airflow/.local/lib/python3.12/site-packages/airflow/example_dags/example_branch_operator.py took 0.164 seconds
[2024-12-22T11:51:17.841+0000] {processor.py:186} INFO - Started process (PID=252) to work on /home/airflow/.local/lib/python3.12/site-packages/airflow/example_dags/example_branch_operator.py
[2024-12-22T11:51:17.843+0000] {processor.py:914} INFO - Processing file /home/airflow/.local/lib/python3.12/site-packages/airflow/example_dags/example_branch_operator.py for tasks to queue
[2024-12-22T11:51:17.846+0000] {logging_mixin.py:190} INFO - [2024-12-22T11:51:17.846+0000] {dagbag.py:588} INFO - Filling up the DagBag from /home/airflow/.local/lib/python3.12/site-packages/airflow/example_dags/example_branch_operator.py
[2024-12-22T11:51:17.871+0000] {processor.py:925} INFO - DAG(s) 'example_branch_operator' retrieved from /home/airflow/.local/lib/python3.12/site-packages/airflow/example_dags/example_branch_operator.py
[2024-12-22T11:51:17.915+0000] {logging_mixin.py:190} INFO - [2024-12-22T11:51:17.914+0000] {dag.py:3239} INFO - Sync 1 DAGs
[2024-12-22T11:51:17.948+0000] {logging_mixin.py:190} INFO - [2024-12-22T11:51:17.947+0000] {dag.py:4180} INFO - Setting next_dagrun for example_branch_operator to 2024-12-21 00:00:00+00:00, run_after=2024-12-22 00:00:00+00:00
[2024-12-22T11:51:17.971+0000] {processor.py:208} INFO - Processing /home/airflow/.local/lib/python3.12/site-packages/airflow/example_dags/example_branch_operator.py took 0.138 seconds
[2024-12-22T11:51:49.500+0000] {processor.py:186} INFO - Started process (PID=317) to work on /home/airflow/.local/lib/python3.12/site-packages/airflow/example_dags/example_branch_operator.py
[2024-12-22T11:51:49.501+0000] {processor.py:914} INFO - Processing file /home/airflow/.local/lib/python3.12/site-packages/airflow/example_dags/example_branch_operator.py for tasks to queue
[2024-12-22T11:51:49.504+0000] {logging_mixin.py:190} INFO - [2024-12-22T11:51:49.504+0000] {dagbag.py:588} INFO - Filling up the DagBag from /home/airflow/.local/lib/python3.12/site-packages/airflow/example_dags/example_branch_operator.py
[2024-12-22T11:51:49.526+0000] {processor.py:925} INFO - DAG(s) 'example_branch_operator' retrieved from /home/airflow/.local/lib/python3.12/site-packages/airflow/example_dags/example_branch_operator.py
[2024-12-22T11:51:49.560+0000] {logging_mixin.py:190} INFO - [2024-12-22T11:51:49.560+0000] {dag.py:3239} INFO - Sync 1 DAGs
[2024-12-22T11:51:49.588+0000] {logging_mixin.py:190} INFO - [2024-12-22T11:51:49.588+0000] {dag.py:4180} INFO - Setting next_dagrun for example_branch_operator to 2024-12-21 00:00:00+00:00, run_after=2024-12-22 00:00:00+00:00
[2024-12-22T11:51:49.611+0000] {processor.py:208} INFO - Processing /home/airflow/.local/lib/python3.12/site-packages/airflow/example_dags/example_branch_operator.py took 0.118 seconds
[2024-12-22T11:52:20.574+0000] {processor.py:186} INFO - Started process (PID=382) to work on /home/airflow/.local/lib/python3.12/site-packages/airflow/example_dags/example_branch_operator.py
[2024-12-22T11:52:20.576+0000] {processor.py:914} INFO - Processing file /home/airflow/.local/lib/python3.12/site-packages/airflow/example_dags/example_branch_operator.py for tasks to queue
[2024-12-22T11:52:20.578+0000] {logging_mixin.py:190} INFO - [2024-12-22T11:52:20.578+0000] {dagbag.py:588} INFO - Filling up the DagBag from /home/airflow/.local/lib/python3.12/site-packages/airflow/example_dags/example_branch_operator.py
[2024-12-22T11:52:20.603+0000] {processor.py:925} INFO - DAG(s) 'example_branch_operator' retrieved from /home/airflow/.local/lib/python3.12/site-packages/airflow/example_dags/example_branch_operator.py
[2024-12-22T11:52:20.637+0000] {logging_mixin.py:190} INFO - [2024-12-22T11:52:20.636+0000] {dag.py:3239} INFO - Sync 1 DAGs
[2024-12-22T11:52:20.667+0000] {logging_mixin.py:190} INFO - [2024-12-22T11:52:20.667+0000] {dag.py:4180} INFO - Setting next_dagrun for example_branch_operator to 2024-12-21 00:00:00+00:00, run_after=2024-12-22 00:00:00+00:00
[2024-12-22T11:52:20.686+0000] {processor.py:208} INFO - Processing /home/airflow/.local/lib/python3.12/site-packages/airflow/example_dags/example_branch_operator.py took 0.122 seconds
[2024-12-22T11:52:52.994+0000] {processor.py:186} INFO - Started process (PID=447) to work on /home/airflow/.local/lib/python3.12/site-packages/airflow/example_dags/example_branch_operator.py
[2024-12-22T11:52:52.995+0000] {processor.py:914} INFO - Processing file /home/airflow/.local/lib/python3.12/site-packages/airflow/example_dags/example_branch_operator.py for tasks to queue
[2024-12-22T11:52:52.998+0000] {logging_mixin.py:190} INFO - [2024-12-22T11:52:52.998+0000] {dagbag.py:588} INFO - Filling up the DagBag from /home/airflow/.local/lib/python3.12/site-packages/airflow/example_dags/example_branch_operator.py
[2024-12-22T11:52:53.029+0000] {processor.py:925} INFO - DAG(s) 'example_branch_operator' retrieved from /home/airflow/.local/lib/python3.12/site-packages/airflow/example_dags/example_branch_operator.py
[2024-12-22T11:52:53.066+0000] {logging_mixin.py:190} INFO - [2024-12-22T11:52:53.066+0000] {dag.py:3239} INFO - Sync 1 DAGs
[2024-12-22T11:52:53.096+0000] {logging_mixin.py:190} INFO - [2024-12-22T11:52:53.096+0000] {dag.py:4180} INFO - Setting next_dagrun for example_branch_operator to 2024-12-21 00:00:00+00:00, run_after=2024-12-22 00:00:00+00:00
[2024-12-22T11:52:53.118+0000] {processor.py:208} INFO - Processing /home/airflow/.local/lib/python3.12/site-packages/airflow/example_dags/example_branch_operator.py took 0.132 seconds
[2024-12-22T11:53:23.656+0000] {processor.py:186} INFO - Started process (PID=512) to work on /home/airflow/.local/lib/python3.12/site-packages/airflow/example_dags/example_branch_operator.py
[2024-12-22T11:53:23.658+0000] {processor.py:914} INFO - Processing file /home/airflow/.local/lib/python3.12/site-packages/airflow/example_dags/example_branch_operator.py for tasks to queue
[2024-12-22T11:53:23.661+0000] {logging_mixin.py:190} INFO - [2024-12-22T11:53:23.660+0000] {dagbag.py:588} INFO - Filling up the DagBag from /home/airflow/.local/lib/python3.12/site-packages/airflow/example_dags/example_branch_operator.py
[2024-12-22T11:53:23.718+0000] {processor.py:925} INFO - DAG(s) 'example_branch_operator' retrieved from /home/airflow/.local/lib/python3.12/site-packages/airflow/example_dags/example_branch_operator.py
[2024-12-22T11:53:23.793+0000] {logging_mixin.py:190} INFO - [2024-12-22T11:53:23.792+0000] {dag.py:3239} INFO - Sync 1 DAGs
[2024-12-22T11:53:23.871+0000] {logging_mixin.py:190} INFO - [2024-12-22T11:53:23.870+0000] {dag.py:4180} INFO - Setting next_dagrun for example_branch_operator to 2024-12-21 00:00:00+00:00, run_after=2024-12-22 00:00:00+00:00
[2024-12-22T11:53:23.909+0000] {processor.py:208} INFO - Processing /home/airflow/.local/lib/python3.12/site-packages/airflow/example_dags/example_branch_operator.py took 0.260 seconds
[2024-12-22T11:53:55.787+0000] {processor.py:186} INFO - Started process (PID=577) to work on /home/airflow/.local/lib/python3.12/site-packages/airflow/example_dags/example_branch_operator.py
[2024-12-22T11:53:55.788+0000] {processor.py:914} INFO - Processing file /home/airflow/.local/lib/python3.12/site-packages/airflow/example_dags/example_branch_operator.py for tasks to queue
[2024-12-22T11:53:55.792+0000] {logging_mixin.py:190} INFO - [2024-12-22T11:53:55.791+0000] {dagbag.py:588} INFO - Filling up the DagBag from /home/airflow/.local/lib/python3.12/site-packages/airflow/example_dags/example_branch_operator.py
[2024-12-22T11:53:55.819+0000] {processor.py:925} INFO - DAG(s) 'example_branch_operator' retrieved from /home/airflow/.local/lib/python3.12/site-packages/airflow/example_dags/example_branch_operator.py
[2024-12-22T11:53:55.863+0000] {logging_mixin.py:190} INFO - [2024-12-22T11:53:55.863+0000] {dag.py:3239} INFO - Sync 1 DAGs
[2024-12-22T11:53:55.898+0000] {logging_mixin.py:190} INFO - [2024-12-22T11:53:55.897+0000] {dag.py:4180} INFO - Setting next_dagrun for example_branch_operator to 2024-12-21 00:00:00+00:00, run_after=2024-12-22 00:00:00+00:00
[2024-12-22T11:53:55.919+0000] {processor.py:208} INFO - Processing /home/airflow/.local/lib/python3.12/site-packages/airflow/example_dags/example_branch_operator.py took 0.141 seconds
[2024-12-22T11:54:30.067+0000] {processor.py:186} INFO - Started process (PID=642) to work on /home/airflow/.local/lib/python3.12/site-packages/airflow/example_dags/example_branch_operator.py
[2024-12-22T11:54:30.082+0000] {processor.py:914} INFO - Processing file /home/airflow/.local/lib/python3.12/site-packages/airflow/example_dags/example_branch_operator.py for tasks to queue
[2024-12-22T11:54:30.087+0000] {logging_mixin.py:190} INFO - [2024-12-22T11:54:30.086+0000] {dagbag.py:588} INFO - Filling up the DagBag from /home/airflow/.local/lib/python3.12/site-packages/airflow/example_dags/example_branch_operator.py
[2024-12-22T11:54:30.138+0000] {processor.py:925} INFO - DAG(s) 'example_branch_operator' retrieved from /home/airflow/.local/lib/python3.12/site-packages/airflow/example_dags/example_branch_operator.py
[2024-12-22T11:54:30.214+0000] {logging_mixin.py:190} INFO - [2024-12-22T11:54:30.214+0000] {dag.py:3239} INFO - Sync 1 DAGs
[2024-12-22T11:54:30.263+0000] {logging_mixin.py:190} INFO - [2024-12-22T11:54:30.263+0000] {dag.py:4180} INFO - Setting next_dagrun for example_branch_operator to 2024-12-21 00:00:00+00:00, run_after=2024-12-22 00:00:00+00:00
[2024-12-22T11:54:30.300+0000] {processor.py:208} INFO - Processing /home/airflow/.local/lib/python3.12/site-packages/airflow/example_dags/example_branch_operator.py took 0.255 seconds
[2024-12-22T11:55:00.862+0000] {processor.py:186} INFO - Started process (PID=707) to work on /home/airflow/.local/lib/python3.12/site-packages/airflow/example_dags/example_branch_operator.py
[2024-12-22T11:55:00.863+0000] {processor.py:914} INFO - Processing file /home/airflow/.local/lib/python3.12/site-packages/airflow/example_dags/example_branch_operator.py for tasks to queue
[2024-12-22T11:55:00.866+0000] {logging_mixin.py:190} INFO - [2024-12-22T11:55:00.866+0000] {dagbag.py:588} INFO - Filling up the DagBag from /home/airflow/.local/lib/python3.12/site-packages/airflow/example_dags/example_branch_operator.py
[2024-12-22T11:55:00.888+0000] {processor.py:925} INFO - DAG(s) 'example_branch_operator' retrieved from /home/airflow/.local/lib/python3.12/site-packages/airflow/example_dags/example_branch_operator.py
[2024-12-22T11:55:00.921+0000] {logging_mixin.py:190} INFO - [2024-12-22T11:55:00.921+0000] {dag.py:3239} INFO - Sync 1 DAGs
[2024-12-22T11:55:00.953+0000] {logging_mixin.py:190} INFO - [2024-12-22T11:55:00.953+0000] {dag.py:4180} INFO - Setting next_dagrun for example_branch_operator to 2024-12-21 00:00:00+00:00, run_after=2024-12-22 00:00:00+00:00
[2024-12-22T11:55:00.977+0000] {processor.py:208} INFO - Processing /home/airflow/.local/lib/python3.12/site-packages/airflow/example_dags/example_branch_operator.py took 0.123 seconds
[2024-12-22T11:56:39.774+0000] {processor.py:186} INFO - Started process (PID=118) to work on /home/airflow/.local/lib/python3.12/site-packages/airflow/example_dags/example_branch_operator.py
[2024-12-22T11:56:39.776+0000] {processor.py:914} INFO - Processing file /home/airflow/.local/lib/python3.12/site-packages/airflow/example_dags/example_branch_operator.py for tasks to queue
[2024-12-22T11:56:39.781+0000] {logging_mixin.py:190} INFO - [2024-12-22T11:56:39.780+0000] {dagbag.py:588} INFO - Filling up the DagBag from /home/airflow/.local/lib/python3.12/site-packages/airflow/example_dags/example_branch_operator.py
[2024-12-22T11:56:39.813+0000] {processor.py:925} INFO - DAG(s) 'example_branch_operator' retrieved from /home/airflow/.local/lib/python3.12/site-packages/airflow/example_dags/example_branch_operator.py
[2024-12-22T11:56:40.016+0000] {logging_mixin.py:190} INFO - [2024-12-22T11:56:40.016+0000] {dag.py:3239} INFO - Sync 1 DAGs
[2024-12-22T11:56:40.055+0000] {logging_mixin.py:190} INFO - [2024-12-22T11:56:40.055+0000] {dag.py:4180} INFO - Setting next_dagrun for example_branch_operator to 2024-12-21 00:00:00+00:00, run_after=2024-12-22 00:00:00+00:00
[2024-12-22T11:56:40.094+0000] {processor.py:208} INFO - Processing /home/airflow/.local/lib/python3.12/site-packages/airflow/example_dags/example_branch_operator.py took 0.329 seconds
[2024-12-22T11:57:12.803+0000] {processor.py:186} INFO - Started process (PID=184) to work on /home/airflow/.local/lib/python3.12/site-packages/airflow/example_dags/example_branch_operator.py
[2024-12-22T11:57:12.806+0000] {processor.py:914} INFO - Processing file /home/airflow/.local/lib/python3.12/site-packages/airflow/example_dags/example_branch_operator.py for tasks to queue
[2024-12-22T11:57:12.810+0000] {logging_mixin.py:190} INFO - [2024-12-22T11:57:12.809+0000] {dagbag.py:588} INFO - Filling up the DagBag from /home/airflow/.local/lib/python3.12/site-packages/airflow/example_dags/example_branch_operator.py
[2024-12-22T11:57:12.843+0000] {processor.py:925} INFO - DAG(s) 'example_branch_operator' retrieved from /home/airflow/.local/lib/python3.12/site-packages/airflow/example_dags/example_branch_operator.py
[2024-12-22T11:57:12.893+0000] {logging_mixin.py:190} INFO - [2024-12-22T11:57:12.893+0000] {dag.py:3239} INFO - Sync 1 DAGs
[2024-12-22T11:57:12.957+0000] {logging_mixin.py:190} INFO - [2024-12-22T11:57:12.957+0000] {dag.py:4180} INFO - Setting next_dagrun for example_branch_operator to 2024-12-21 00:00:00+00:00, run_after=2024-12-22 00:00:00+00:00
[2024-12-22T11:57:12.991+0000] {processor.py:208} INFO - Processing /home/airflow/.local/lib/python3.12/site-packages/airflow/example_dags/example_branch_operator.py took 0.197 seconds
