[2024-12-22T11:17:58.630+0000] {processor.py:186} INFO - Started process (PID=91) to work on /home/airflow/.local/lib/python3.12/site-packages/airflow/example_dags/example_external_task_marker_dag.py
[2024-12-22T11:17:58.633+0000] {processor.py:914} INFO - Processing file /home/airflow/.local/lib/python3.12/site-packages/airflow/example_dags/example_external_task_marker_dag.py for tasks to queue
[2024-12-22T11:17:58.640+0000] {logging_mixin.py:190} INFO - [2024-12-22T11:17:58.639+0000] {dagbag.py:588} INFO - Filling up the DagBag from /home/airflow/.local/lib/python3.12/site-packages/airflow/example_dags/example_external_task_marker_dag.py
[2024-12-22T11:17:58.688+0000] {processor.py:925} INFO - DAG(s) 'example_external_task_marker_child', 'example_external_task_marker_parent' retrieved from /home/airflow/.local/lib/python3.12/site-packages/airflow/example_dags/example_external_task_marker_dag.py
[2024-12-22T11:17:58.947+0000] {logging_mixin.py:190} INFO - [2024-12-22T11:17:58.946+0000] {dag.py:3239} INFO - Sync 2 DAGs
[2024-12-22T11:17:59.043+0000] {logging_mixin.py:190} INFO - [2024-12-22T11:17:59.042+0000] {dag.py:4180} INFO - Setting next_dagrun for example_external_task_marker_child to None, run_after=None
[2024-12-22T11:17:59.066+0000] {logging_mixin.py:190} INFO - [2024-12-22T11:17:59.065+0000] {dag.py:4180} INFO - Setting next_dagrun for example_external_task_marker_parent to None, run_after=None
[2024-12-22T11:17:59.147+0000] {processor.py:208} INFO - Processing /home/airflow/.local/lib/python3.12/site-packages/airflow/example_dags/example_external_task_marker_dag.py took 0.533 seconds
[2024-12-22T11:18:30.688+0000] {processor.py:186} INFO - Started process (PID=156) to work on /home/airflow/.local/lib/python3.12/site-packages/airflow/example_dags/example_external_task_marker_dag.py
[2024-12-22T11:18:30.691+0000] {processor.py:914} INFO - Processing file /home/airflow/.local/lib/python3.12/site-packages/airflow/example_dags/example_external_task_marker_dag.py for tasks to queue
[2024-12-22T11:18:30.700+0000] {logging_mixin.py:190} INFO - [2024-12-22T11:18:30.699+0000] {dagbag.py:588} INFO - Filling up the DagBag from /home/airflow/.local/lib/python3.12/site-packages/airflow/example_dags/example_external_task_marker_dag.py
[2024-12-22T11:18:30.723+0000] {processor.py:925} INFO - DAG(s) 'example_external_task_marker_parent', 'example_external_task_marker_child' retrieved from /home/airflow/.local/lib/python3.12/site-packages/airflow/example_dags/example_external_task_marker_dag.py
[2024-12-22T11:18:30.807+0000] {logging_mixin.py:190} INFO - [2024-12-22T11:18:30.806+0000] {dag.py:3239} INFO - Sync 2 DAGs
[2024-12-22T11:18:30.844+0000] {logging_mixin.py:190} INFO - [2024-12-22T11:18:30.844+0000] {dag.py:4180} INFO - Setting next_dagrun for example_external_task_marker_child to None, run_after=None
[2024-12-22T11:18:30.854+0000] {logging_mixin.py:190} INFO - [2024-12-22T11:18:30.853+0000] {dag.py:4180} INFO - Setting next_dagrun for example_external_task_marker_parent to None, run_after=None
[2024-12-22T11:18:30.886+0000] {processor.py:208} INFO - Processing /home/airflow/.local/lib/python3.12/site-packages/airflow/example_dags/example_external_task_marker_dag.py took 0.215 seconds
[2024-12-22T11:19:06.359+0000] {processor.py:186} INFO - Started process (PID=227) to work on /home/airflow/.local/lib/python3.12/site-packages/airflow/example_dags/example_external_task_marker_dag.py
[2024-12-22T11:19:06.362+0000] {processor.py:914} INFO - Processing file /home/airflow/.local/lib/python3.12/site-packages/airflow/example_dags/example_external_task_marker_dag.py for tasks to queue
[2024-12-22T11:19:06.367+0000] {logging_mixin.py:190} INFO - [2024-12-22T11:19:06.366+0000] {dagbag.py:588} INFO - Filling up the DagBag from /home/airflow/.local/lib/python3.12/site-packages/airflow/example_dags/example_external_task_marker_dag.py
[2024-12-22T11:19:06.386+0000] {processor.py:925} INFO - DAG(s) 'example_external_task_marker_child', 'example_external_task_marker_parent' retrieved from /home/airflow/.local/lib/python3.12/site-packages/airflow/example_dags/example_external_task_marker_dag.py
[2024-12-22T11:19:06.439+0000] {logging_mixin.py:190} INFO - [2024-12-22T11:19:06.439+0000] {dag.py:3239} INFO - Sync 2 DAGs
[2024-12-22T11:19:06.478+0000] {logging_mixin.py:190} INFO - [2024-12-22T11:19:06.477+0000] {dag.py:4180} INFO - Setting next_dagrun for example_external_task_marker_child to None, run_after=None
[2024-12-22T11:19:06.488+0000] {logging_mixin.py:190} INFO - [2024-12-22T11:19:06.487+0000] {dag.py:4180} INFO - Setting next_dagrun for example_external_task_marker_parent to None, run_after=None
[2024-12-22T11:19:06.523+0000] {processor.py:208} INFO - Processing /home/airflow/.local/lib/python3.12/site-packages/airflow/example_dags/example_external_task_marker_dag.py took 0.177 seconds
[2024-12-22T11:19:38.898+0000] {processor.py:186} INFO - Started process (PID=293) to work on /home/airflow/.local/lib/python3.12/site-packages/airflow/example_dags/example_external_task_marker_dag.py
[2024-12-22T11:19:38.901+0000] {processor.py:914} INFO - Processing file /home/airflow/.local/lib/python3.12/site-packages/airflow/example_dags/example_external_task_marker_dag.py for tasks to queue
[2024-12-22T11:19:38.912+0000] {logging_mixin.py:190} INFO - [2024-12-22T11:19:38.911+0000] {dagbag.py:588} INFO - Filling up the DagBag from /home/airflow/.local/lib/python3.12/site-packages/airflow/example_dags/example_external_task_marker_dag.py
[2024-12-22T11:19:38.941+0000] {processor.py:925} INFO - DAG(s) 'example_external_task_marker_child', 'example_external_task_marker_parent' retrieved from /home/airflow/.local/lib/python3.12/site-packages/airflow/example_dags/example_external_task_marker_dag.py
[2024-12-22T11:19:39.003+0000] {logging_mixin.py:190} INFO - [2024-12-22T11:19:39.002+0000] {dag.py:3239} INFO - Sync 2 DAGs
[2024-12-22T11:19:39.064+0000] {logging_mixin.py:190} INFO - [2024-12-22T11:19:39.063+0000] {dag.py:4180} INFO - Setting next_dagrun for example_external_task_marker_child to None, run_after=None
[2024-12-22T11:19:39.076+0000] {logging_mixin.py:190} INFO - [2024-12-22T11:19:39.076+0000] {dag.py:4180} INFO - Setting next_dagrun for example_external_task_marker_parent to None, run_after=None
[2024-12-22T11:19:39.121+0000] {processor.py:208} INFO - Processing /home/airflow/.local/lib/python3.12/site-packages/airflow/example_dags/example_external_task_marker_dag.py took 0.243 seconds
[2024-12-22T11:20:18.420+0000] {processor.py:186} INFO - Started process (PID=359) to work on /home/airflow/.local/lib/python3.12/site-packages/airflow/example_dags/example_external_task_marker_dag.py
[2024-12-22T11:20:18.422+0000] {processor.py:914} INFO - Processing file /home/airflow/.local/lib/python3.12/site-packages/airflow/example_dags/example_external_task_marker_dag.py for tasks to queue
[2024-12-22T11:20:18.427+0000] {logging_mixin.py:190} INFO - [2024-12-22T11:20:18.427+0000] {dagbag.py:588} INFO - Filling up the DagBag from /home/airflow/.local/lib/python3.12/site-packages/airflow/example_dags/example_external_task_marker_dag.py
[2024-12-22T11:20:18.445+0000] {processor.py:925} INFO - DAG(s) 'example_external_task_marker_child', 'example_external_task_marker_parent' retrieved from /home/airflow/.local/lib/python3.12/site-packages/airflow/example_dags/example_external_task_marker_dag.py
[2024-12-22T11:20:18.503+0000] {logging_mixin.py:190} INFO - [2024-12-22T11:20:18.502+0000] {dag.py:3239} INFO - Sync 2 DAGs
[2024-12-22T11:20:18.552+0000] {logging_mixin.py:190} INFO - [2024-12-22T11:20:18.551+0000] {dag.py:4180} INFO - Setting next_dagrun for example_external_task_marker_child to None, run_after=None
[2024-12-22T11:20:18.565+0000] {logging_mixin.py:190} INFO - [2024-12-22T11:20:18.565+0000] {dag.py:4180} INFO - Setting next_dagrun for example_external_task_marker_parent to None, run_after=None
[2024-12-22T11:20:18.603+0000] {processor.py:208} INFO - Processing /home/airflow/.local/lib/python3.12/site-packages/airflow/example_dags/example_external_task_marker_dag.py took 0.196 seconds
[2024-12-22T11:20:48.911+0000] {processor.py:186} INFO - Started process (PID=424) to work on /home/airflow/.local/lib/python3.12/site-packages/airflow/example_dags/example_external_task_marker_dag.py
[2024-12-22T11:20:48.914+0000] {processor.py:914} INFO - Processing file /home/airflow/.local/lib/python3.12/site-packages/airflow/example_dags/example_external_task_marker_dag.py for tasks to queue
[2024-12-22T11:20:48.920+0000] {logging_mixin.py:190} INFO - [2024-12-22T11:20:48.919+0000] {dagbag.py:588} INFO - Filling up the DagBag from /home/airflow/.local/lib/python3.12/site-packages/airflow/example_dags/example_external_task_marker_dag.py
[2024-12-22T11:20:48.945+0000] {processor.py:925} INFO - DAG(s) 'example_external_task_marker_parent', 'example_external_task_marker_child' retrieved from /home/airflow/.local/lib/python3.12/site-packages/airflow/example_dags/example_external_task_marker_dag.py
[2024-12-22T11:20:49.000+0000] {logging_mixin.py:190} INFO - [2024-12-22T11:20:48.999+0000] {dag.py:3239} INFO - Sync 2 DAGs
[2024-12-22T11:20:49.035+0000] {logging_mixin.py:190} INFO - [2024-12-22T11:20:49.034+0000] {dag.py:4180} INFO - Setting next_dagrun for example_external_task_marker_child to None, run_after=None
[2024-12-22T11:20:49.045+0000] {logging_mixin.py:190} INFO - [2024-12-22T11:20:49.044+0000] {dag.py:4180} INFO - Setting next_dagrun for example_external_task_marker_parent to None, run_after=None
[2024-12-22T11:20:50.128+0000] {processor.py:208} INFO - Processing /home/airflow/.local/lib/python3.12/site-packages/airflow/example_dags/example_external_task_marker_dag.py took 1.232 seconds
[2024-12-22T11:21:27.951+0000] {processor.py:186} INFO - Started process (PID=489) to work on /home/airflow/.local/lib/python3.12/site-packages/airflow/example_dags/example_external_task_marker_dag.py
[2024-12-22T11:21:27.954+0000] {processor.py:914} INFO - Processing file /home/airflow/.local/lib/python3.12/site-packages/airflow/example_dags/example_external_task_marker_dag.py for tasks to queue
[2024-12-22T11:21:27.961+0000] {logging_mixin.py:190} INFO - [2024-12-22T11:21:27.960+0000] {dagbag.py:588} INFO - Filling up the DagBag from /home/airflow/.local/lib/python3.12/site-packages/airflow/example_dags/example_external_task_marker_dag.py
[2024-12-22T11:21:27.984+0000] {processor.py:925} INFO - DAG(s) 'example_external_task_marker_child', 'example_external_task_marker_parent' retrieved from /home/airflow/.local/lib/python3.12/site-packages/airflow/example_dags/example_external_task_marker_dag.py
[2024-12-22T11:21:28.051+0000] {logging_mixin.py:190} INFO - [2024-12-22T11:21:28.051+0000] {dag.py:3239} INFO - Sync 2 DAGs
[2024-12-22T11:21:28.152+0000] {logging_mixin.py:190} INFO - [2024-12-22T11:21:28.150+0000] {dag.py:4180} INFO - Setting next_dagrun for example_external_task_marker_child to None, run_after=None
[2024-12-22T11:21:28.176+0000] {logging_mixin.py:190} INFO - [2024-12-22T11:21:28.174+0000] {dag.py:4180} INFO - Setting next_dagrun for example_external_task_marker_parent to None, run_after=None
[2024-12-22T11:21:28.254+0000] {processor.py:208} INFO - Processing /home/airflow/.local/lib/python3.12/site-packages/airflow/example_dags/example_external_task_marker_dag.py took 0.320 seconds
[2024-12-22T11:22:04.047+0000] {processor.py:186} INFO - Started process (PID=561) to work on /home/airflow/.local/lib/python3.12/site-packages/airflow/example_dags/example_external_task_marker_dag.py
[2024-12-22T11:22:04.051+0000] {processor.py:914} INFO - Processing file /home/airflow/.local/lib/python3.12/site-packages/airflow/example_dags/example_external_task_marker_dag.py for tasks to queue
[2024-12-22T11:22:04.064+0000] {logging_mixin.py:190} INFO - [2024-12-22T11:22:04.062+0000] {dagbag.py:588} INFO - Filling up the DagBag from /home/airflow/.local/lib/python3.12/site-packages/airflow/example_dags/example_external_task_marker_dag.py
[2024-12-22T11:22:04.108+0000] {processor.py:925} INFO - DAG(s) 'example_external_task_marker_child', 'example_external_task_marker_parent' retrieved from /home/airflow/.local/lib/python3.12/site-packages/airflow/example_dags/example_external_task_marker_dag.py
[2024-12-22T11:22:04.233+0000] {logging_mixin.py:190} INFO - [2024-12-22T11:22:04.232+0000] {dag.py:3239} INFO - Sync 2 DAGs
[2024-12-22T11:22:04.341+0000] {logging_mixin.py:190} INFO - [2024-12-22T11:22:04.340+0000] {dag.py:4180} INFO - Setting next_dagrun for example_external_task_marker_child to None, run_after=None
[2024-12-22T11:22:04.362+0000] {logging_mixin.py:190} INFO - [2024-12-22T11:22:04.361+0000] {dag.py:4180} INFO - Setting next_dagrun for example_external_task_marker_parent to None, run_after=None
[2024-12-22T11:22:05.461+0000] {processor.py:208} INFO - Processing /home/airflow/.local/lib/python3.12/site-packages/airflow/example_dags/example_external_task_marker_dag.py took 1.445 seconds
[2024-12-22T11:22:36.184+0000] {processor.py:186} INFO - Started process (PID=626) to work on /home/airflow/.local/lib/python3.12/site-packages/airflow/example_dags/example_external_task_marker_dag.py
[2024-12-22T11:22:36.186+0000] {processor.py:914} INFO - Processing file /home/airflow/.local/lib/python3.12/site-packages/airflow/example_dags/example_external_task_marker_dag.py for tasks to queue
[2024-12-22T11:22:36.192+0000] {logging_mixin.py:190} INFO - [2024-12-22T11:22:36.191+0000] {dagbag.py:588} INFO - Filling up the DagBag from /home/airflow/.local/lib/python3.12/site-packages/airflow/example_dags/example_external_task_marker_dag.py
[2024-12-22T11:22:36.214+0000] {processor.py:925} INFO - DAG(s) 'example_external_task_marker_parent', 'example_external_task_marker_child' retrieved from /home/airflow/.local/lib/python3.12/site-packages/airflow/example_dags/example_external_task_marker_dag.py
[2024-12-22T11:22:36.300+0000] {logging_mixin.py:190} INFO - [2024-12-22T11:22:36.299+0000] {dag.py:3239} INFO - Sync 2 DAGs
[2024-12-22T11:22:36.385+0000] {logging_mixin.py:190} INFO - [2024-12-22T11:22:36.384+0000] {dag.py:4180} INFO - Setting next_dagrun for example_external_task_marker_child to None, run_after=None
[2024-12-22T11:22:36.405+0000] {logging_mixin.py:190} INFO - [2024-12-22T11:22:36.404+0000] {dag.py:4180} INFO - Setting next_dagrun for example_external_task_marker_parent to None, run_after=None
[2024-12-22T11:22:36.644+0000] {processor.py:208} INFO - Processing /home/airflow/.local/lib/python3.12/site-packages/airflow/example_dags/example_external_task_marker_dag.py took 0.477 seconds
[2024-12-22T11:23:21.723+0000] {processor.py:186} INFO - Started process (PID=690) to work on /home/airflow/.local/lib/python3.12/site-packages/airflow/example_dags/example_external_task_marker_dag.py
[2024-12-22T11:23:21.728+0000] {processor.py:914} INFO - Processing file /home/airflow/.local/lib/python3.12/site-packages/airflow/example_dags/example_external_task_marker_dag.py for tasks to queue
[2024-12-22T11:23:21.741+0000] {logging_mixin.py:190} INFO - [2024-12-22T11:23:21.740+0000] {dagbag.py:588} INFO - Filling up the DagBag from /home/airflow/.local/lib/python3.12/site-packages/airflow/example_dags/example_external_task_marker_dag.py
[2024-12-22T11:23:21.788+0000] {processor.py:925} INFO - DAG(s) 'example_external_task_marker_child', 'example_external_task_marker_parent' retrieved from /home/airflow/.local/lib/python3.12/site-packages/airflow/example_dags/example_external_task_marker_dag.py
[2024-12-22T11:23:21.843+0000] {logging_mixin.py:190} INFO - [2024-12-22T11:23:21.842+0000] {dag.py:3239} INFO - Sync 2 DAGs
[2024-12-22T11:23:21.888+0000] {logging_mixin.py:190} INFO - [2024-12-22T11:23:21.888+0000] {dag.py:4180} INFO - Setting next_dagrun for example_external_task_marker_child to None, run_after=None
[2024-12-22T11:23:21.897+0000] {logging_mixin.py:190} INFO - [2024-12-22T11:23:21.896+0000] {dag.py:4180} INFO - Setting next_dagrun for example_external_task_marker_parent to None, run_after=None
[2024-12-22T11:23:21.932+0000] {processor.py:208} INFO - Processing /home/airflow/.local/lib/python3.12/site-packages/airflow/example_dags/example_external_task_marker_dag.py took 0.240 seconds
[2024-12-22T11:23:52.478+0000] {processor.py:186} INFO - Started process (PID=757) to work on /home/airflow/.local/lib/python3.12/site-packages/airflow/example_dags/example_external_task_marker_dag.py
[2024-12-22T11:23:52.482+0000] {processor.py:914} INFO - Processing file /home/airflow/.local/lib/python3.12/site-packages/airflow/example_dags/example_external_task_marker_dag.py for tasks to queue
[2024-12-22T11:23:52.489+0000] {logging_mixin.py:190} INFO - [2024-12-22T11:23:52.488+0000] {dagbag.py:588} INFO - Filling up the DagBag from /home/airflow/.local/lib/python3.12/site-packages/airflow/example_dags/example_external_task_marker_dag.py
[2024-12-22T11:23:52.519+0000] {processor.py:925} INFO - DAG(s) 'example_external_task_marker_child', 'example_external_task_marker_parent' retrieved from /home/airflow/.local/lib/python3.12/site-packages/airflow/example_dags/example_external_task_marker_dag.py
[2024-12-22T11:23:52.591+0000] {logging_mixin.py:190} INFO - [2024-12-22T11:23:52.591+0000] {dag.py:3239} INFO - Sync 2 DAGs
[2024-12-22T11:23:52.646+0000] {logging_mixin.py:190} INFO - [2024-12-22T11:23:52.645+0000] {dag.py:4180} INFO - Setting next_dagrun for example_external_task_marker_child to None, run_after=None
[2024-12-22T11:23:52.661+0000] {logging_mixin.py:190} INFO - [2024-12-22T11:23:52.660+0000] {dag.py:4180} INFO - Setting next_dagrun for example_external_task_marker_parent to None, run_after=None
[2024-12-22T11:23:52.714+0000] {processor.py:208} INFO - Processing /home/airflow/.local/lib/python3.12/site-packages/airflow/example_dags/example_external_task_marker_dag.py took 0.256 seconds
[2024-12-22T11:24:24.880+0000] {processor.py:186} INFO - Started process (PID=822) to work on /home/airflow/.local/lib/python3.12/site-packages/airflow/example_dags/example_external_task_marker_dag.py
[2024-12-22T11:24:24.983+0000] {processor.py:914} INFO - Processing file /home/airflow/.local/lib/python3.12/site-packages/airflow/example_dags/example_external_task_marker_dag.py for tasks to queue
[2024-12-22T11:24:24.991+0000] {logging_mixin.py:190} INFO - [2024-12-22T11:24:24.990+0000] {dagbag.py:588} INFO - Filling up the DagBag from /home/airflow/.local/lib/python3.12/site-packages/airflow/example_dags/example_external_task_marker_dag.py
[2024-12-22T11:24:25.016+0000] {processor.py:925} INFO - DAG(s) 'example_external_task_marker_parent', 'example_external_task_marker_child' retrieved from /home/airflow/.local/lib/python3.12/site-packages/airflow/example_dags/example_external_task_marker_dag.py
[2024-12-22T11:24:25.075+0000] {logging_mixin.py:190} INFO - [2024-12-22T11:24:25.074+0000] {dag.py:3239} INFO - Sync 2 DAGs
[2024-12-22T11:24:25.116+0000] {logging_mixin.py:190} INFO - [2024-12-22T11:24:25.115+0000] {dag.py:4180} INFO - Setting next_dagrun for example_external_task_marker_child to None, run_after=None
[2024-12-22T11:24:25.126+0000] {logging_mixin.py:190} INFO - [2024-12-22T11:24:25.126+0000] {dag.py:4180} INFO - Setting next_dagrun for example_external_task_marker_parent to None, run_after=None
[2024-12-22T11:24:25.162+0000] {processor.py:208} INFO - Processing /home/airflow/.local/lib/python3.12/site-packages/airflow/example_dags/example_external_task_marker_dag.py took 0.295 seconds
[2024-12-22T11:24:55.326+0000] {processor.py:186} INFO - Started process (PID=886) to work on /home/airflow/.local/lib/python3.12/site-packages/airflow/example_dags/example_external_task_marker_dag.py
[2024-12-22T11:24:55.330+0000] {processor.py:914} INFO - Processing file /home/airflow/.local/lib/python3.12/site-packages/airflow/example_dags/example_external_task_marker_dag.py for tasks to queue
[2024-12-22T11:24:55.338+0000] {logging_mixin.py:190} INFO - [2024-12-22T11:24:55.337+0000] {dagbag.py:588} INFO - Filling up the DagBag from /home/airflow/.local/lib/python3.12/site-packages/airflow/example_dags/example_external_task_marker_dag.py
[2024-12-22T11:24:55.367+0000] {processor.py:925} INFO - DAG(s) 'example_external_task_marker_child', 'example_external_task_marker_parent' retrieved from /home/airflow/.local/lib/python3.12/site-packages/airflow/example_dags/example_external_task_marker_dag.py
[2024-12-22T11:24:55.429+0000] {logging_mixin.py:190} INFO - [2024-12-22T11:24:55.428+0000] {dag.py:3239} INFO - Sync 2 DAGs
[2024-12-22T11:24:55.470+0000] {logging_mixin.py:190} INFO - [2024-12-22T11:24:55.470+0000] {dag.py:4180} INFO - Setting next_dagrun for example_external_task_marker_child to None, run_after=None
[2024-12-22T11:24:55.482+0000] {logging_mixin.py:190} INFO - [2024-12-22T11:24:55.482+0000] {dag.py:4180} INFO - Setting next_dagrun for example_external_task_marker_parent to None, run_after=None
[2024-12-22T11:24:55.522+0000] {processor.py:208} INFO - Processing /home/airflow/.local/lib/python3.12/site-packages/airflow/example_dags/example_external_task_marker_dag.py took 0.217 seconds
[2024-12-22T11:25:30.425+0000] {processor.py:186} INFO - Started process (PID=952) to work on /home/airflow/.local/lib/python3.12/site-packages/airflow/example_dags/example_external_task_marker_dag.py
[2024-12-22T11:25:30.427+0000] {processor.py:914} INFO - Processing file /home/airflow/.local/lib/python3.12/site-packages/airflow/example_dags/example_external_task_marker_dag.py for tasks to queue
[2024-12-22T11:25:30.434+0000] {logging_mixin.py:190} INFO - [2024-12-22T11:25:30.433+0000] {dagbag.py:588} INFO - Filling up the DagBag from /home/airflow/.local/lib/python3.12/site-packages/airflow/example_dags/example_external_task_marker_dag.py
[2024-12-22T11:25:30.460+0000] {processor.py:925} INFO - DAG(s) 'example_external_task_marker_child', 'example_external_task_marker_parent' retrieved from /home/airflow/.local/lib/python3.12/site-packages/airflow/example_dags/example_external_task_marker_dag.py
[2024-12-22T11:25:30.541+0000] {logging_mixin.py:190} INFO - [2024-12-22T11:25:30.540+0000] {dag.py:3239} INFO - Sync 2 DAGs
[2024-12-22T11:25:30.613+0000] {logging_mixin.py:190} INFO - [2024-12-22T11:25:30.612+0000] {dag.py:4180} INFO - Setting next_dagrun for example_external_task_marker_child to None, run_after=None
[2024-12-22T11:25:30.627+0000] {logging_mixin.py:190} INFO - [2024-12-22T11:25:30.627+0000] {dag.py:4180} INFO - Setting next_dagrun for example_external_task_marker_parent to None, run_after=None
[2024-12-22T11:25:30.689+0000] {processor.py:208} INFO - Processing /home/airflow/.local/lib/python3.12/site-packages/airflow/example_dags/example_external_task_marker_dag.py took 0.282 seconds
[2024-12-22T11:26:32.100+0000] {processor.py:186} INFO - Started process (PID=1034) to work on /home/airflow/.local/lib/python3.12/site-packages/airflow/example_dags/example_external_task_marker_dag.py
[2024-12-22T11:26:32.102+0000] {processor.py:914} INFO - Processing file /home/airflow/.local/lib/python3.12/site-packages/airflow/example_dags/example_external_task_marker_dag.py for tasks to queue
[2024-12-22T11:26:32.107+0000] {logging_mixin.py:190} INFO - [2024-12-22T11:26:32.107+0000] {dagbag.py:588} INFO - Filling up the DagBag from /home/airflow/.local/lib/python3.12/site-packages/airflow/example_dags/example_external_task_marker_dag.py
[2024-12-22T11:26:32.131+0000] {processor.py:925} INFO - DAG(s) 'example_external_task_marker_parent', 'example_external_task_marker_child' retrieved from /home/airflow/.local/lib/python3.12/site-packages/airflow/example_dags/example_external_task_marker_dag.py
[2024-12-22T11:26:32.192+0000] {logging_mixin.py:190} INFO - [2024-12-22T11:26:32.192+0000] {dag.py:3239} INFO - Sync 2 DAGs
[2024-12-22T11:26:32.233+0000] {logging_mixin.py:190} INFO - [2024-12-22T11:26:32.233+0000] {dag.py:4180} INFO - Setting next_dagrun for example_external_task_marker_child to None, run_after=None
[2024-12-22T11:26:32.243+0000] {logging_mixin.py:190} INFO - [2024-12-22T11:26:32.242+0000] {dag.py:4180} INFO - Setting next_dagrun for example_external_task_marker_parent to None, run_after=None
[2024-12-22T11:26:32.284+0000] {processor.py:208} INFO - Processing /home/airflow/.local/lib/python3.12/site-packages/airflow/example_dags/example_external_task_marker_dag.py took 0.200 seconds
[2024-12-22T11:27:08.108+0000] {processor.py:186} INFO - Started process (PID=1099) to work on /home/airflow/.local/lib/python3.12/site-packages/airflow/example_dags/example_external_task_marker_dag.py
[2024-12-22T11:27:08.110+0000] {processor.py:914} INFO - Processing file /home/airflow/.local/lib/python3.12/site-packages/airflow/example_dags/example_external_task_marker_dag.py for tasks to queue
[2024-12-22T11:27:08.113+0000] {logging_mixin.py:190} INFO - [2024-12-22T11:27:08.112+0000] {dagbag.py:588} INFO - Filling up the DagBag from /home/airflow/.local/lib/python3.12/site-packages/airflow/example_dags/example_external_task_marker_dag.py
[2024-12-22T11:27:08.133+0000] {processor.py:925} INFO - DAG(s) 'example_external_task_marker_child', 'example_external_task_marker_parent' retrieved from /home/airflow/.local/lib/python3.12/site-packages/airflow/example_dags/example_external_task_marker_dag.py
[2024-12-22T11:27:08.193+0000] {logging_mixin.py:190} INFO - [2024-12-22T11:27:08.193+0000] {dag.py:3239} INFO - Sync 2 DAGs
[2024-12-22T11:27:08.265+0000] {logging_mixin.py:190} INFO - [2024-12-22T11:27:08.264+0000] {dag.py:4180} INFO - Setting next_dagrun for example_external_task_marker_child to None, run_after=None
[2024-12-22T11:27:08.275+0000] {logging_mixin.py:190} INFO - [2024-12-22T11:27:08.274+0000] {dag.py:4180} INFO - Setting next_dagrun for example_external_task_marker_parent to None, run_after=None
[2024-12-22T11:27:08.329+0000] {processor.py:208} INFO - Processing /home/airflow/.local/lib/python3.12/site-packages/airflow/example_dags/example_external_task_marker_dag.py took 0.236 seconds
[2024-12-22T11:27:45.659+0000] {processor.py:186} INFO - Started process (PID=1164) to work on /home/airflow/.local/lib/python3.12/site-packages/airflow/example_dags/example_external_task_marker_dag.py
[2024-12-22T11:27:45.663+0000] {processor.py:914} INFO - Processing file /home/airflow/.local/lib/python3.12/site-packages/airflow/example_dags/example_external_task_marker_dag.py for tasks to queue
[2024-12-22T11:27:45.672+0000] {logging_mixin.py:190} INFO - [2024-12-22T11:27:45.670+0000] {dagbag.py:588} INFO - Filling up the DagBag from /home/airflow/.local/lib/python3.12/site-packages/airflow/example_dags/example_external_task_marker_dag.py
[2024-12-22T11:27:45.724+0000] {processor.py:925} INFO - DAG(s) 'example_external_task_marker_child', 'example_external_task_marker_parent' retrieved from /home/airflow/.local/lib/python3.12/site-packages/airflow/example_dags/example_external_task_marker_dag.py
[2024-12-22T11:27:45.832+0000] {logging_mixin.py:190} INFO - [2024-12-22T11:27:45.831+0000] {dag.py:3239} INFO - Sync 2 DAGs
[2024-12-22T11:27:45.907+0000] {logging_mixin.py:190} INFO - [2024-12-22T11:27:45.906+0000] {dag.py:4180} INFO - Setting next_dagrun for example_external_task_marker_child to None, run_after=None
[2024-12-22T11:27:45.924+0000] {logging_mixin.py:190} INFO - [2024-12-22T11:27:45.924+0000] {dag.py:4180} INFO - Setting next_dagrun for example_external_task_marker_parent to None, run_after=None
[2024-12-22T11:27:46.683+0000] {processor.py:208} INFO - Processing /home/airflow/.local/lib/python3.12/site-packages/airflow/example_dags/example_external_task_marker_dag.py took 1.054 seconds
[2024-12-22T11:28:25.457+0000] {processor.py:186} INFO - Started process (PID=1231) to work on /home/airflow/.local/lib/python3.12/site-packages/airflow/example_dags/example_external_task_marker_dag.py
[2024-12-22T11:28:25.460+0000] {processor.py:914} INFO - Processing file /home/airflow/.local/lib/python3.12/site-packages/airflow/example_dags/example_external_task_marker_dag.py for tasks to queue
[2024-12-22T11:28:25.465+0000] {logging_mixin.py:190} INFO - [2024-12-22T11:28:25.464+0000] {dagbag.py:588} INFO - Filling up the DagBag from /home/airflow/.local/lib/python3.12/site-packages/airflow/example_dags/example_external_task_marker_dag.py
[2024-12-22T11:28:25.495+0000] {processor.py:925} INFO - DAG(s) 'example_external_task_marker_child', 'example_external_task_marker_parent' retrieved from /home/airflow/.local/lib/python3.12/site-packages/airflow/example_dags/example_external_task_marker_dag.py
[2024-12-22T11:28:25.550+0000] {logging_mixin.py:190} INFO - [2024-12-22T11:28:25.549+0000] {dag.py:3239} INFO - Sync 2 DAGs
[2024-12-22T11:28:25.592+0000] {logging_mixin.py:190} INFO - [2024-12-22T11:28:25.592+0000] {dag.py:4180} INFO - Setting next_dagrun for example_external_task_marker_child to None, run_after=None
[2024-12-22T11:28:25.602+0000] {logging_mixin.py:190} INFO - [2024-12-22T11:28:25.602+0000] {dag.py:4180} INFO - Setting next_dagrun for example_external_task_marker_parent to None, run_after=None
[2024-12-22T11:28:25.638+0000] {processor.py:208} INFO - Processing /home/airflow/.local/lib/python3.12/site-packages/airflow/example_dags/example_external_task_marker_dag.py took 0.202 seconds
[2024-12-22T11:28:59.670+0000] {processor.py:186} INFO - Started process (PID=1302) to work on /home/airflow/.local/lib/python3.12/site-packages/airflow/example_dags/example_external_task_marker_dag.py
[2024-12-22T11:28:59.676+0000] {processor.py:914} INFO - Processing file /home/airflow/.local/lib/python3.12/site-packages/airflow/example_dags/example_external_task_marker_dag.py for tasks to queue
[2024-12-22T11:28:59.683+0000] {logging_mixin.py:190} INFO - [2024-12-22T11:28:59.681+0000] {dagbag.py:588} INFO - Filling up the DagBag from /home/airflow/.local/lib/python3.12/site-packages/airflow/example_dags/example_external_task_marker_dag.py
[2024-12-22T11:29:00.725+0000] {processor.py:925} INFO - DAG(s) 'example_external_task_marker_child', 'example_external_task_marker_parent' retrieved from /home/airflow/.local/lib/python3.12/site-packages/airflow/example_dags/example_external_task_marker_dag.py
[2024-12-22T11:29:00.845+0000] {logging_mixin.py:190} INFO - [2024-12-22T11:29:00.844+0000] {dag.py:3239} INFO - Sync 2 DAGs
[2024-12-22T11:29:00.936+0000] {logging_mixin.py:190} INFO - [2024-12-22T11:29:00.935+0000] {dag.py:4180} INFO - Setting next_dagrun for example_external_task_marker_child to None, run_after=None
[2024-12-22T11:29:00.957+0000] {logging_mixin.py:190} INFO - [2024-12-22T11:29:00.956+0000] {dag.py:4180} INFO - Setting next_dagrun for example_external_task_marker_parent to None, run_after=None
[2024-12-22T11:29:01.012+0000] {processor.py:208} INFO - Processing /home/airflow/.local/lib/python3.12/site-packages/airflow/example_dags/example_external_task_marker_dag.py took 1.378 seconds
[2024-12-22T11:29:33.286+0000] {processor.py:186} INFO - Started process (PID=1369) to work on /home/airflow/.local/lib/python3.12/site-packages/airflow/example_dags/example_external_task_marker_dag.py
[2024-12-22T11:29:33.292+0000] {processor.py:914} INFO - Processing file /home/airflow/.local/lib/python3.12/site-packages/airflow/example_dags/example_external_task_marker_dag.py for tasks to queue
[2024-12-22T11:29:33.299+0000] {logging_mixin.py:190} INFO - [2024-12-22T11:29:33.297+0000] {dagbag.py:588} INFO - Filling up the DagBag from /home/airflow/.local/lib/python3.12/site-packages/airflow/example_dags/example_external_task_marker_dag.py
[2024-12-22T11:29:34.347+0000] {processor.py:925} INFO - DAG(s) 'example_external_task_marker_parent', 'example_external_task_marker_child' retrieved from /home/airflow/.local/lib/python3.12/site-packages/airflow/example_dags/example_external_task_marker_dag.py
[2024-12-22T11:29:34.524+0000] {logging_mixin.py:190} INFO - [2024-12-22T11:29:34.523+0000] {dag.py:3239} INFO - Sync 2 DAGs
[2024-12-22T11:29:34.603+0000] {logging_mixin.py:190} INFO - [2024-12-22T11:29:34.603+0000] {dag.py:4180} INFO - Setting next_dagrun for example_external_task_marker_child to None, run_after=None
[2024-12-22T11:29:34.620+0000] {logging_mixin.py:190} INFO - [2024-12-22T11:29:34.619+0000] {dag.py:4180} INFO - Setting next_dagrun for example_external_task_marker_parent to None, run_after=None
[2024-12-22T11:29:34.691+0000] {processor.py:208} INFO - Processing /home/airflow/.local/lib/python3.12/site-packages/airflow/example_dags/example_external_task_marker_dag.py took 1.444 seconds
[2024-12-22T11:30:05.908+0000] {processor.py:186} INFO - Started process (PID=1434) to work on /home/airflow/.local/lib/python3.12/site-packages/airflow/example_dags/example_external_task_marker_dag.py
[2024-12-22T11:30:05.910+0000] {processor.py:914} INFO - Processing file /home/airflow/.local/lib/python3.12/site-packages/airflow/example_dags/example_external_task_marker_dag.py for tasks to queue
[2024-12-22T11:30:05.914+0000] {logging_mixin.py:190} INFO - [2024-12-22T11:30:05.913+0000] {dagbag.py:588} INFO - Filling up the DagBag from /home/airflow/.local/lib/python3.12/site-packages/airflow/example_dags/example_external_task_marker_dag.py
[2024-12-22T11:30:05.943+0000] {processor.py:925} INFO - DAG(s) 'example_external_task_marker_child', 'example_external_task_marker_parent' retrieved from /home/airflow/.local/lib/python3.12/site-packages/airflow/example_dags/example_external_task_marker_dag.py
[2024-12-22T11:30:06.056+0000] {logging_mixin.py:190} INFO - [2024-12-22T11:30:06.055+0000] {dag.py:3239} INFO - Sync 2 DAGs
[2024-12-22T11:30:06.173+0000] {logging_mixin.py:190} INFO - [2024-12-22T11:30:06.171+0000] {dag.py:4180} INFO - Setting next_dagrun for example_external_task_marker_child to None, run_after=None
[2024-12-22T11:30:06.203+0000] {logging_mixin.py:190} INFO - [2024-12-22T11:30:06.202+0000] {dag.py:4180} INFO - Setting next_dagrun for example_external_task_marker_parent to None, run_after=None
[2024-12-22T11:30:07.212+0000] {processor.py:208} INFO - Processing /home/airflow/.local/lib/python3.12/site-packages/airflow/example_dags/example_external_task_marker_dag.py took 1.322 seconds
[2024-12-22T11:30:37.692+0000] {processor.py:186} INFO - Started process (PID=1499) to work on /home/airflow/.local/lib/python3.12/site-packages/airflow/example_dags/example_external_task_marker_dag.py
[2024-12-22T11:30:37.695+0000] {processor.py:914} INFO - Processing file /home/airflow/.local/lib/python3.12/site-packages/airflow/example_dags/example_external_task_marker_dag.py for tasks to queue
[2024-12-22T11:30:37.699+0000] {logging_mixin.py:190} INFO - [2024-12-22T11:30:37.698+0000] {dagbag.py:588} INFO - Filling up the DagBag from /home/airflow/.local/lib/python3.12/site-packages/airflow/example_dags/example_external_task_marker_dag.py
[2024-12-22T11:30:37.726+0000] {processor.py:925} INFO - DAG(s) 'example_external_task_marker_parent', 'example_external_task_marker_child' retrieved from /home/airflow/.local/lib/python3.12/site-packages/airflow/example_dags/example_external_task_marker_dag.py
[2024-12-22T11:30:37.799+0000] {logging_mixin.py:190} INFO - [2024-12-22T11:30:37.798+0000] {dag.py:3239} INFO - Sync 2 DAGs
[2024-12-22T11:30:37.846+0000] {logging_mixin.py:190} INFO - [2024-12-22T11:30:37.846+0000] {dag.py:4180} INFO - Setting next_dagrun for example_external_task_marker_child to None, run_after=None
[2024-12-22T11:30:37.857+0000] {logging_mixin.py:190} INFO - [2024-12-22T11:30:37.856+0000] {dag.py:4180} INFO - Setting next_dagrun for example_external_task_marker_parent to None, run_after=None
[2024-12-22T11:30:37.897+0000] {processor.py:208} INFO - Processing /home/airflow/.local/lib/python3.12/site-packages/airflow/example_dags/example_external_task_marker_dag.py took 0.225 seconds
[2024-12-22T11:31:12.030+0000] {processor.py:186} INFO - Started process (PID=1564) to work on /home/airflow/.local/lib/python3.12/site-packages/airflow/example_dags/example_external_task_marker_dag.py
[2024-12-22T11:31:12.033+0000] {processor.py:914} INFO - Processing file /home/airflow/.local/lib/python3.12/site-packages/airflow/example_dags/example_external_task_marker_dag.py for tasks to queue
[2024-12-22T11:31:12.037+0000] {logging_mixin.py:190} INFO - [2024-12-22T11:31:12.036+0000] {dagbag.py:588} INFO - Filling up the DagBag from /home/airflow/.local/lib/python3.12/site-packages/airflow/example_dags/example_external_task_marker_dag.py
[2024-12-22T11:31:12.075+0000] {processor.py:925} INFO - DAG(s) 'example_external_task_marker_parent', 'example_external_task_marker_child' retrieved from /home/airflow/.local/lib/python3.12/site-packages/airflow/example_dags/example_external_task_marker_dag.py
[2024-12-22T11:31:12.190+0000] {logging_mixin.py:190} INFO - [2024-12-22T11:31:12.189+0000] {dag.py:3239} INFO - Sync 2 DAGs
[2024-12-22T11:31:12.299+0000] {logging_mixin.py:190} INFO - [2024-12-22T11:31:12.298+0000] {dag.py:4180} INFO - Setting next_dagrun for example_external_task_marker_child to None, run_after=None
[2024-12-22T11:31:12.315+0000] {logging_mixin.py:190} INFO - [2024-12-22T11:31:12.315+0000] {dag.py:4180} INFO - Setting next_dagrun for example_external_task_marker_parent to None, run_after=None
[2024-12-22T11:31:12.370+0000] {processor.py:208} INFO - Processing /home/airflow/.local/lib/python3.12/site-packages/airflow/example_dags/example_external_task_marker_dag.py took 0.357 seconds
[2024-12-22T11:31:47.247+0000] {processor.py:186} INFO - Started process (PID=1619) to work on /home/airflow/.local/lib/python3.12/site-packages/airflow/example_dags/example_external_task_marker_dag.py
[2024-12-22T11:31:47.250+0000] {processor.py:914} INFO - Processing file /home/airflow/.local/lib/python3.12/site-packages/airflow/example_dags/example_external_task_marker_dag.py for tasks to queue
[2024-12-22T11:31:47.254+0000] {logging_mixin.py:190} INFO - [2024-12-22T11:31:47.253+0000] {dagbag.py:588} INFO - Filling up the DagBag from /home/airflow/.local/lib/python3.12/site-packages/airflow/example_dags/example_external_task_marker_dag.py
[2024-12-22T11:31:47.277+0000] {processor.py:925} INFO - DAG(s) 'example_external_task_marker_parent', 'example_external_task_marker_child' retrieved from /home/airflow/.local/lib/python3.12/site-packages/airflow/example_dags/example_external_task_marker_dag.py
[2024-12-22T11:31:47.357+0000] {logging_mixin.py:190} INFO - [2024-12-22T11:31:47.355+0000] {dag.py:3239} INFO - Sync 2 DAGs
[2024-12-22T11:31:47.431+0000] {logging_mixin.py:190} INFO - [2024-12-22T11:31:47.430+0000] {dag.py:4180} INFO - Setting next_dagrun for example_external_task_marker_child to None, run_after=None
[2024-12-22T11:31:47.446+0000] {logging_mixin.py:190} INFO - [2024-12-22T11:31:47.446+0000] {dag.py:4180} INFO - Setting next_dagrun for example_external_task_marker_parent to None, run_after=None
[2024-12-22T11:31:47.505+0000] {processor.py:208} INFO - Processing /home/airflow/.local/lib/python3.12/site-packages/airflow/example_dags/example_external_task_marker_dag.py took 0.271 seconds
[2024-12-22T11:32:26.607+0000] {processor.py:186} INFO - Started process (PID=1683) to work on /home/airflow/.local/lib/python3.12/site-packages/airflow/example_dags/example_external_task_marker_dag.py
[2024-12-22T11:32:26.609+0000] {processor.py:914} INFO - Processing file /home/airflow/.local/lib/python3.12/site-packages/airflow/example_dags/example_external_task_marker_dag.py for tasks to queue
[2024-12-22T11:32:26.612+0000] {logging_mixin.py:190} INFO - [2024-12-22T11:32:26.612+0000] {dagbag.py:588} INFO - Filling up the DagBag from /home/airflow/.local/lib/python3.12/site-packages/airflow/example_dags/example_external_task_marker_dag.py
[2024-12-22T11:32:26.637+0000] {processor.py:925} INFO - DAG(s) 'example_external_task_marker_parent', 'example_external_task_marker_child' retrieved from /home/airflow/.local/lib/python3.12/site-packages/airflow/example_dags/example_external_task_marker_dag.py
[2024-12-22T11:32:26.693+0000] {logging_mixin.py:190} INFO - [2024-12-22T11:32:26.692+0000] {dag.py:3239} INFO - Sync 2 DAGs
[2024-12-22T11:32:26.736+0000] {logging_mixin.py:190} INFO - [2024-12-22T11:32:26.736+0000] {dag.py:4180} INFO - Setting next_dagrun for example_external_task_marker_child to None, run_after=None
[2024-12-22T11:32:26.747+0000] {logging_mixin.py:190} INFO - [2024-12-22T11:32:26.746+0000] {dag.py:4180} INFO - Setting next_dagrun for example_external_task_marker_parent to None, run_after=None
[2024-12-22T11:32:26.799+0000] {processor.py:208} INFO - Processing /home/airflow/.local/lib/python3.12/site-packages/airflow/example_dags/example_external_task_marker_dag.py took 0.206 seconds
[2024-12-22T11:33:02.280+0000] {processor.py:186} INFO - Started process (PID=1753) to work on /home/airflow/.local/lib/python3.12/site-packages/airflow/example_dags/example_external_task_marker_dag.py
[2024-12-22T11:33:02.283+0000] {processor.py:914} INFO - Processing file /home/airflow/.local/lib/python3.12/site-packages/airflow/example_dags/example_external_task_marker_dag.py for tasks to queue
[2024-12-22T11:33:02.286+0000] {logging_mixin.py:190} INFO - [2024-12-22T11:33:02.285+0000] {dagbag.py:588} INFO - Filling up the DagBag from /home/airflow/.local/lib/python3.12/site-packages/airflow/example_dags/example_external_task_marker_dag.py
[2024-12-22T11:33:02.313+0000] {processor.py:925} INFO - DAG(s) 'example_external_task_marker_child', 'example_external_task_marker_parent' retrieved from /home/airflow/.local/lib/python3.12/site-packages/airflow/example_dags/example_external_task_marker_dag.py
[2024-12-22T11:33:02.405+0000] {logging_mixin.py:190} INFO - [2024-12-22T11:33:02.404+0000] {dag.py:3239} INFO - Sync 2 DAGs
[2024-12-22T11:33:02.479+0000] {logging_mixin.py:190} INFO - [2024-12-22T11:33:02.478+0000] {dag.py:4180} INFO - Setting next_dagrun for example_external_task_marker_child to None, run_after=None
[2024-12-22T11:33:02.494+0000] {logging_mixin.py:190} INFO - [2024-12-22T11:33:02.493+0000] {dag.py:4180} INFO - Setting next_dagrun for example_external_task_marker_parent to None, run_after=None
[2024-12-22T11:33:03.328+0000] {processor.py:208} INFO - Processing /home/airflow/.local/lib/python3.12/site-packages/airflow/example_dags/example_external_task_marker_dag.py took 1.063 seconds
[2024-12-22T11:33:44.263+0000] {processor.py:186} INFO - Started process (PID=1818) to work on /home/airflow/.local/lib/python3.12/site-packages/airflow/example_dags/example_external_task_marker_dag.py
[2024-12-22T11:33:44.265+0000] {processor.py:914} INFO - Processing file /home/airflow/.local/lib/python3.12/site-packages/airflow/example_dags/example_external_task_marker_dag.py for tasks to queue
[2024-12-22T11:33:44.268+0000] {logging_mixin.py:190} INFO - [2024-12-22T11:33:44.267+0000] {dagbag.py:588} INFO - Filling up the DagBag from /home/airflow/.local/lib/python3.12/site-packages/airflow/example_dags/example_external_task_marker_dag.py
[2024-12-22T11:33:44.291+0000] {processor.py:925} INFO - DAG(s) 'example_external_task_marker_parent', 'example_external_task_marker_child' retrieved from /home/airflow/.local/lib/python3.12/site-packages/airflow/example_dags/example_external_task_marker_dag.py
[2024-12-22T11:33:44.355+0000] {logging_mixin.py:190} INFO - [2024-12-22T11:33:44.354+0000] {dag.py:3239} INFO - Sync 2 DAGs
[2024-12-22T11:33:44.401+0000] {logging_mixin.py:190} INFO - [2024-12-22T11:33:44.401+0000] {dag.py:4180} INFO - Setting next_dagrun for example_external_task_marker_child to None, run_after=None
[2024-12-22T11:33:44.409+0000] {logging_mixin.py:190} INFO - [2024-12-22T11:33:44.409+0000] {dag.py:4180} INFO - Setting next_dagrun for example_external_task_marker_parent to None, run_after=None
[2024-12-22T11:33:44.445+0000] {processor.py:208} INFO - Processing /home/airflow/.local/lib/python3.12/site-packages/airflow/example_dags/example_external_task_marker_dag.py took 0.197 seconds
[2024-12-22T11:34:21.059+0000] {processor.py:186} INFO - Started process (PID=1883) to work on /home/airflow/.local/lib/python3.12/site-packages/airflow/example_dags/example_external_task_marker_dag.py
[2024-12-22T11:34:21.062+0000] {processor.py:914} INFO - Processing file /home/airflow/.local/lib/python3.12/site-packages/airflow/example_dags/example_external_task_marker_dag.py for tasks to queue
[2024-12-22T11:34:21.068+0000] {logging_mixin.py:190} INFO - [2024-12-22T11:34:21.066+0000] {dagbag.py:588} INFO - Filling up the DagBag from /home/airflow/.local/lib/python3.12/site-packages/airflow/example_dags/example_external_task_marker_dag.py
[2024-12-22T11:34:21.103+0000] {processor.py:925} INFO - DAG(s) 'example_external_task_marker_parent', 'example_external_task_marker_child' retrieved from /home/airflow/.local/lib/python3.12/site-packages/airflow/example_dags/example_external_task_marker_dag.py
[2024-12-22T11:34:21.194+0000] {logging_mixin.py:190} INFO - [2024-12-22T11:34:21.193+0000] {dag.py:3239} INFO - Sync 2 DAGs
[2024-12-22T11:34:21.279+0000] {logging_mixin.py:190} INFO - [2024-12-22T11:34:21.278+0000] {dag.py:4180} INFO - Setting next_dagrun for example_external_task_marker_child to None, run_after=None
[2024-12-22T11:34:21.295+0000] {logging_mixin.py:190} INFO - [2024-12-22T11:34:21.294+0000] {dag.py:4180} INFO - Setting next_dagrun for example_external_task_marker_parent to None, run_after=None
[2024-12-22T11:34:21.353+0000] {processor.py:208} INFO - Processing /home/airflow/.local/lib/python3.12/site-packages/airflow/example_dags/example_external_task_marker_dag.py took 0.318 seconds
[2024-12-22T11:34:54.855+0000] {processor.py:186} INFO - Started process (PID=1950) to work on /home/airflow/.local/lib/python3.12/site-packages/airflow/example_dags/example_external_task_marker_dag.py
[2024-12-22T11:34:54.857+0000] {processor.py:914} INFO - Processing file /home/airflow/.local/lib/python3.12/site-packages/airflow/example_dags/example_external_task_marker_dag.py for tasks to queue
[2024-12-22T11:34:54.861+0000] {logging_mixin.py:190} INFO - [2024-12-22T11:34:54.860+0000] {dagbag.py:588} INFO - Filling up the DagBag from /home/airflow/.local/lib/python3.12/site-packages/airflow/example_dags/example_external_task_marker_dag.py
[2024-12-22T11:34:54.886+0000] {processor.py:925} INFO - DAG(s) 'example_external_task_marker_child', 'example_external_task_marker_parent' retrieved from /home/airflow/.local/lib/python3.12/site-packages/airflow/example_dags/example_external_task_marker_dag.py
[2024-12-22T11:34:54.978+0000] {logging_mixin.py:190} INFO - [2024-12-22T11:34:54.977+0000] {dag.py:3239} INFO - Sync 2 DAGs
[2024-12-22T11:34:55.021+0000] {logging_mixin.py:190} INFO - [2024-12-22T11:34:55.021+0000] {dag.py:4180} INFO - Setting next_dagrun for example_external_task_marker_child to None, run_after=None
[2024-12-22T11:34:55.030+0000] {logging_mixin.py:190} INFO - [2024-12-22T11:34:55.029+0000] {dag.py:4180} INFO - Setting next_dagrun for example_external_task_marker_parent to None, run_after=None
[2024-12-22T11:34:55.066+0000] {processor.py:208} INFO - Processing /home/airflow/.local/lib/python3.12/site-packages/airflow/example_dags/example_external_task_marker_dag.py took 0.226 seconds
[2024-12-22T11:35:27.312+0000] {processor.py:186} INFO - Started process (PID=2015) to work on /home/airflow/.local/lib/python3.12/site-packages/airflow/example_dags/example_external_task_marker_dag.py
[2024-12-22T11:35:27.315+0000] {processor.py:914} INFO - Processing file /home/airflow/.local/lib/python3.12/site-packages/airflow/example_dags/example_external_task_marker_dag.py for tasks to queue
[2024-12-22T11:35:27.318+0000] {logging_mixin.py:190} INFO - [2024-12-22T11:35:27.318+0000] {dagbag.py:588} INFO - Filling up the DagBag from /home/airflow/.local/lib/python3.12/site-packages/airflow/example_dags/example_external_task_marker_dag.py
[2024-12-22T11:35:27.342+0000] {processor.py:925} INFO - DAG(s) 'example_external_task_marker_parent', 'example_external_task_marker_child' retrieved from /home/airflow/.local/lib/python3.12/site-packages/airflow/example_dags/example_external_task_marker_dag.py
[2024-12-22T11:35:27.396+0000] {logging_mixin.py:190} INFO - [2024-12-22T11:35:27.395+0000] {dag.py:3239} INFO - Sync 2 DAGs
[2024-12-22T11:35:27.444+0000] {logging_mixin.py:190} INFO - [2024-12-22T11:35:27.444+0000] {dag.py:4180} INFO - Setting next_dagrun for example_external_task_marker_child to None, run_after=None
[2024-12-22T11:35:27.454+0000] {logging_mixin.py:190} INFO - [2024-12-22T11:35:27.453+0000] {dag.py:4180} INFO - Setting next_dagrun for example_external_task_marker_parent to None, run_after=None
[2024-12-22T11:35:27.494+0000] {processor.py:208} INFO - Processing /home/airflow/.local/lib/python3.12/site-packages/airflow/example_dags/example_external_task_marker_dag.py took 0.199 seconds
[2024-12-22T11:36:30.885+0000] {processor.py:186} INFO - Started process (PID=2088) to work on /home/airflow/.local/lib/python3.12/site-packages/airflow/example_dags/example_external_task_marker_dag.py
[2024-12-22T11:36:30.890+0000] {processor.py:914} INFO - Processing file /home/airflow/.local/lib/python3.12/site-packages/airflow/example_dags/example_external_task_marker_dag.py for tasks to queue
[2024-12-22T11:36:30.899+0000] {logging_mixin.py:190} INFO - [2024-12-22T11:36:30.898+0000] {dagbag.py:588} INFO - Filling up the DagBag from /home/airflow/.local/lib/python3.12/site-packages/airflow/example_dags/example_external_task_marker_dag.py
[2024-12-22T11:36:30.954+0000] {processor.py:925} INFO - DAG(s) 'example_external_task_marker_child', 'example_external_task_marker_parent' retrieved from /home/airflow/.local/lib/python3.12/site-packages/airflow/example_dags/example_external_task_marker_dag.py
[2024-12-22T11:36:31.032+0000] {logging_mixin.py:190} INFO - [2024-12-22T11:36:31.031+0000] {dag.py:3239} INFO - Sync 2 DAGs
[2024-12-22T11:36:31.076+0000] {logging_mixin.py:190} INFO - [2024-12-22T11:36:31.075+0000] {dag.py:4180} INFO - Setting next_dagrun for example_external_task_marker_child to None, run_after=None
[2024-12-22T11:36:31.087+0000] {logging_mixin.py:190} INFO - [2024-12-22T11:36:31.086+0000] {dag.py:4180} INFO - Setting next_dagrun for example_external_task_marker_parent to None, run_after=None
[2024-12-22T11:36:31.128+0000] {processor.py:208} INFO - Processing /home/airflow/.local/lib/python3.12/site-packages/airflow/example_dags/example_external_task_marker_dag.py took 0.287 seconds
[2024-12-22T11:37:01.638+0000] {processor.py:186} INFO - Started process (PID=2153) to work on /home/airflow/.local/lib/python3.12/site-packages/airflow/example_dags/example_external_task_marker_dag.py
[2024-12-22T11:37:01.640+0000] {processor.py:914} INFO - Processing file /home/airflow/.local/lib/python3.12/site-packages/airflow/example_dags/example_external_task_marker_dag.py for tasks to queue
[2024-12-22T11:37:01.642+0000] {logging_mixin.py:190} INFO - [2024-12-22T11:37:01.642+0000] {dagbag.py:588} INFO - Filling up the DagBag from /home/airflow/.local/lib/python3.12/site-packages/airflow/example_dags/example_external_task_marker_dag.py
[2024-12-22T11:37:01.663+0000] {processor.py:925} INFO - DAG(s) 'example_external_task_marker_child', 'example_external_task_marker_parent' retrieved from /home/airflow/.local/lib/python3.12/site-packages/airflow/example_dags/example_external_task_marker_dag.py
[2024-12-22T11:37:01.724+0000] {logging_mixin.py:190} INFO - [2024-12-22T11:37:01.724+0000] {dag.py:3239} INFO - Sync 2 DAGs
[2024-12-22T11:37:01.773+0000] {logging_mixin.py:190} INFO - [2024-12-22T11:37:01.773+0000] {dag.py:4180} INFO - Setting next_dagrun for example_external_task_marker_child to None, run_after=None
[2024-12-22T11:37:01.784+0000] {logging_mixin.py:190} INFO - [2024-12-22T11:37:01.783+0000] {dag.py:4180} INFO - Setting next_dagrun for example_external_task_marker_parent to None, run_after=None
[2024-12-22T11:37:01.824+0000] {processor.py:208} INFO - Processing /home/airflow/.local/lib/python3.12/site-packages/airflow/example_dags/example_external_task_marker_dag.py took 0.202 seconds
[2024-12-22T11:37:39.711+0000] {processor.py:186} INFO - Started process (PID=2218) to work on /home/airflow/.local/lib/python3.12/site-packages/airflow/example_dags/example_external_task_marker_dag.py
[2024-12-22T11:37:39.713+0000] {processor.py:914} INFO - Processing file /home/airflow/.local/lib/python3.12/site-packages/airflow/example_dags/example_external_task_marker_dag.py for tasks to queue
[2024-12-22T11:37:39.717+0000] {logging_mixin.py:190} INFO - [2024-12-22T11:37:39.716+0000] {dagbag.py:588} INFO - Filling up the DagBag from /home/airflow/.local/lib/python3.12/site-packages/airflow/example_dags/example_external_task_marker_dag.py
[2024-12-22T11:37:39.746+0000] {processor.py:925} INFO - DAG(s) 'example_external_task_marker_parent', 'example_external_task_marker_child' retrieved from /home/airflow/.local/lib/python3.12/site-packages/airflow/example_dags/example_external_task_marker_dag.py
[2024-12-22T11:37:39.811+0000] {logging_mixin.py:190} INFO - [2024-12-22T11:37:39.810+0000] {dag.py:3239} INFO - Sync 2 DAGs
[2024-12-22T11:37:39.857+0000] {logging_mixin.py:190} INFO - [2024-12-22T11:37:39.857+0000] {dag.py:4180} INFO - Setting next_dagrun for example_external_task_marker_child to None, run_after=None
[2024-12-22T11:37:39.870+0000] {logging_mixin.py:190} INFO - [2024-12-22T11:37:39.869+0000] {dag.py:4180} INFO - Setting next_dagrun for example_external_task_marker_parent to None, run_after=None
[2024-12-22T11:37:39.918+0000] {processor.py:208} INFO - Processing /home/airflow/.local/lib/python3.12/site-packages/airflow/example_dags/example_external_task_marker_dag.py took 0.226 seconds
[2024-12-22T11:38:17.887+0000] {processor.py:186} INFO - Started process (PID=2274) to work on /home/airflow/.local/lib/python3.12/site-packages/airflow/example_dags/example_external_task_marker_dag.py
[2024-12-22T11:38:17.889+0000] {processor.py:914} INFO - Processing file /home/airflow/.local/lib/python3.12/site-packages/airflow/example_dags/example_external_task_marker_dag.py for tasks to queue
[2024-12-22T11:38:17.893+0000] {logging_mixin.py:190} INFO - [2024-12-22T11:38:17.892+0000] {dagbag.py:588} INFO - Filling up the DagBag from /home/airflow/.local/lib/python3.12/site-packages/airflow/example_dags/example_external_task_marker_dag.py
[2024-12-22T11:38:17.922+0000] {processor.py:925} INFO - DAG(s) 'example_external_task_marker_parent', 'example_external_task_marker_child' retrieved from /home/airflow/.local/lib/python3.12/site-packages/airflow/example_dags/example_external_task_marker_dag.py
[2024-12-22T11:38:17.980+0000] {logging_mixin.py:190} INFO - [2024-12-22T11:38:17.979+0000] {dag.py:3239} INFO - Sync 2 DAGs
[2024-12-22T11:38:18.036+0000] {logging_mixin.py:190} INFO - [2024-12-22T11:38:18.035+0000] {dag.py:4180} INFO - Setting next_dagrun for example_external_task_marker_child to None, run_after=None
[2024-12-22T11:38:18.054+0000] {logging_mixin.py:190} INFO - [2024-12-22T11:38:18.053+0000] {dag.py:4180} INFO - Setting next_dagrun for example_external_task_marker_parent to None, run_after=None
[2024-12-22T11:38:18.124+0000] {processor.py:208} INFO - Processing /home/airflow/.local/lib/python3.12/site-packages/airflow/example_dags/example_external_task_marker_dag.py took 0.257 seconds
[2024-12-22T11:38:59.675+0000] {processor.py:186} INFO - Started process (PID=2339) to work on /home/airflow/.local/lib/python3.12/site-packages/airflow/example_dags/example_external_task_marker_dag.py
[2024-12-22T11:38:59.677+0000] {processor.py:914} INFO - Processing file /home/airflow/.local/lib/python3.12/site-packages/airflow/example_dags/example_external_task_marker_dag.py for tasks to queue
[2024-12-22T11:38:59.681+0000] {logging_mixin.py:190} INFO - [2024-12-22T11:38:59.680+0000] {dagbag.py:588} INFO - Filling up the DagBag from /home/airflow/.local/lib/python3.12/site-packages/airflow/example_dags/example_external_task_marker_dag.py
[2024-12-22T11:38:59.704+0000] {processor.py:925} INFO - DAG(s) 'example_external_task_marker_child', 'example_external_task_marker_parent' retrieved from /home/airflow/.local/lib/python3.12/site-packages/airflow/example_dags/example_external_task_marker_dag.py
[2024-12-22T11:38:59.765+0000] {logging_mixin.py:190} INFO - [2024-12-22T11:38:59.764+0000] {dag.py:3239} INFO - Sync 2 DAGs
[2024-12-22T11:38:59.811+0000] {logging_mixin.py:190} INFO - [2024-12-22T11:38:59.810+0000] {dag.py:4180} INFO - Setting next_dagrun for example_external_task_marker_child to None, run_after=None
[2024-12-22T11:38:59.824+0000] {logging_mixin.py:190} INFO - [2024-12-22T11:38:59.823+0000] {dag.py:4180} INFO - Setting next_dagrun for example_external_task_marker_parent to None, run_after=None
[2024-12-22T11:38:59.871+0000] {processor.py:208} INFO - Processing /home/airflow/.local/lib/python3.12/site-packages/airflow/example_dags/example_external_task_marker_dag.py took 0.215 seconds
[2024-12-22T11:39:36.108+0000] {processor.py:186} INFO - Started process (PID=2409) to work on /home/airflow/.local/lib/python3.12/site-packages/airflow/example_dags/example_external_task_marker_dag.py
[2024-12-22T11:39:36.111+0000] {processor.py:914} INFO - Processing file /home/airflow/.local/lib/python3.12/site-packages/airflow/example_dags/example_external_task_marker_dag.py for tasks to queue
[2024-12-22T11:39:36.113+0000] {logging_mixin.py:190} INFO - [2024-12-22T11:39:36.113+0000] {dagbag.py:588} INFO - Filling up the DagBag from /home/airflow/.local/lib/python3.12/site-packages/airflow/example_dags/example_external_task_marker_dag.py
[2024-12-22T11:39:36.134+0000] {processor.py:925} INFO - DAG(s) 'example_external_task_marker_parent', 'example_external_task_marker_child' retrieved from /home/airflow/.local/lib/python3.12/site-packages/airflow/example_dags/example_external_task_marker_dag.py
[2024-12-22T11:39:36.207+0000] {logging_mixin.py:190} INFO - [2024-12-22T11:39:36.207+0000] {dag.py:3239} INFO - Sync 2 DAGs
[2024-12-22T11:39:36.257+0000] {logging_mixin.py:190} INFO - [2024-12-22T11:39:36.256+0000] {dag.py:4180} INFO - Setting next_dagrun for example_external_task_marker_child to None, run_after=None
[2024-12-22T11:39:36.269+0000] {logging_mixin.py:190} INFO - [2024-12-22T11:39:36.268+0000] {dag.py:4180} INFO - Setting next_dagrun for example_external_task_marker_parent to None, run_after=None
[2024-12-22T11:39:36.314+0000] {processor.py:208} INFO - Processing /home/airflow/.local/lib/python3.12/site-packages/airflow/example_dags/example_external_task_marker_dag.py took 0.222 seconds
[2024-12-22T11:40:17.112+0000] {processor.py:186} INFO - Started process (PID=2476) to work on /home/airflow/.local/lib/python3.12/site-packages/airflow/example_dags/example_external_task_marker_dag.py
[2024-12-22T11:40:17.114+0000] {processor.py:914} INFO - Processing file /home/airflow/.local/lib/python3.12/site-packages/airflow/example_dags/example_external_task_marker_dag.py for tasks to queue
[2024-12-22T11:40:17.117+0000] {logging_mixin.py:190} INFO - [2024-12-22T11:40:17.117+0000] {dagbag.py:588} INFO - Filling up the DagBag from /home/airflow/.local/lib/python3.12/site-packages/airflow/example_dags/example_external_task_marker_dag.py
[2024-12-22T11:40:17.140+0000] {processor.py:925} INFO - DAG(s) 'example_external_task_marker_child', 'example_external_task_marker_parent' retrieved from /home/airflow/.local/lib/python3.12/site-packages/airflow/example_dags/example_external_task_marker_dag.py
[2024-12-22T11:40:17.198+0000] {logging_mixin.py:190} INFO - [2024-12-22T11:40:17.197+0000] {dag.py:3239} INFO - Sync 2 DAGs
[2024-12-22T11:40:17.237+0000] {logging_mixin.py:190} INFO - [2024-12-22T11:40:17.237+0000] {dag.py:4180} INFO - Setting next_dagrun for example_external_task_marker_child to None, run_after=None
[2024-12-22T11:40:17.246+0000] {logging_mixin.py:190} INFO - [2024-12-22T11:40:17.245+0000] {dag.py:4180} INFO - Setting next_dagrun for example_external_task_marker_parent to None, run_after=None
[2024-12-22T11:40:17.280+0000] {processor.py:208} INFO - Processing /home/airflow/.local/lib/python3.12/site-packages/airflow/example_dags/example_external_task_marker_dag.py took 0.185 seconds
[2024-12-22T11:40:56.605+0000] {processor.py:186} INFO - Started process (PID=2541) to work on /home/airflow/.local/lib/python3.12/site-packages/airflow/example_dags/example_external_task_marker_dag.py
[2024-12-22T11:40:56.609+0000] {processor.py:914} INFO - Processing file /home/airflow/.local/lib/python3.12/site-packages/airflow/example_dags/example_external_task_marker_dag.py for tasks to queue
[2024-12-22T11:40:56.613+0000] {logging_mixin.py:190} INFO - [2024-12-22T11:40:56.612+0000] {dagbag.py:588} INFO - Filling up the DagBag from /home/airflow/.local/lib/python3.12/site-packages/airflow/example_dags/example_external_task_marker_dag.py
[2024-12-22T11:40:56.636+0000] {processor.py:925} INFO - DAG(s) 'example_external_task_marker_parent', 'example_external_task_marker_child' retrieved from /home/airflow/.local/lib/python3.12/site-packages/airflow/example_dags/example_external_task_marker_dag.py
[2024-12-22T11:40:56.705+0000] {logging_mixin.py:190} INFO - [2024-12-22T11:40:56.704+0000] {dag.py:3239} INFO - Sync 2 DAGs
[2024-12-22T11:40:56.747+0000] {logging_mixin.py:190} INFO - [2024-12-22T11:40:56.747+0000] {dag.py:4180} INFO - Setting next_dagrun for example_external_task_marker_child to None, run_after=None
[2024-12-22T11:40:56.756+0000] {logging_mixin.py:190} INFO - [2024-12-22T11:40:56.755+0000] {dag.py:4180} INFO - Setting next_dagrun for example_external_task_marker_parent to None, run_after=None
[2024-12-22T11:40:56.795+0000] {processor.py:208} INFO - Processing /home/airflow/.local/lib/python3.12/site-packages/airflow/example_dags/example_external_task_marker_dag.py took 0.207 seconds
[2024-12-22T11:41:29.409+0000] {processor.py:186} INFO - Started process (PID=2606) to work on /home/airflow/.local/lib/python3.12/site-packages/airflow/example_dags/example_external_task_marker_dag.py
[2024-12-22T11:41:29.415+0000] {processor.py:914} INFO - Processing file /home/airflow/.local/lib/python3.12/site-packages/airflow/example_dags/example_external_task_marker_dag.py for tasks to queue
[2024-12-22T11:41:29.423+0000] {logging_mixin.py:190} INFO - [2024-12-22T11:41:29.421+0000] {dagbag.py:588} INFO - Filling up the DagBag from /home/airflow/.local/lib/python3.12/site-packages/airflow/example_dags/example_external_task_marker_dag.py
[2024-12-22T11:41:29.482+0000] {processor.py:925} INFO - DAG(s) 'example_external_task_marker_parent', 'example_external_task_marker_child' retrieved from /home/airflow/.local/lib/python3.12/site-packages/airflow/example_dags/example_external_task_marker_dag.py
[2024-12-22T11:41:29.225+0000] {logging_mixin.py:190} INFO - [2024-12-22T11:41:29.223+0000] {dag.py:3239} INFO - Sync 2 DAGs
[2024-12-22T11:41:29.338+0000] {logging_mixin.py:190} INFO - [2024-12-22T11:41:29.337+0000] {dag.py:4180} INFO - Setting next_dagrun for example_external_task_marker_child to None, run_after=None
[2024-12-22T11:41:29.362+0000] {logging_mixin.py:190} INFO - [2024-12-22T11:41:29.360+0000] {dag.py:4180} INFO - Setting next_dagrun for example_external_task_marker_parent to None, run_after=None
[2024-12-22T11:41:29.457+0000] {processor.py:208} INFO - Processing /home/airflow/.local/lib/python3.12/site-packages/airflow/example_dags/example_external_task_marker_dag.py took 0.515 seconds
[2024-12-22T11:43:15.566+0000] {processor.py:186} INFO - Started process (PID=2674) to work on /home/airflow/.local/lib/python3.12/site-packages/airflow/example_dags/example_external_task_marker_dag.py
[2024-12-22T11:43:15.568+0000] {processor.py:914} INFO - Processing file /home/airflow/.local/lib/python3.12/site-packages/airflow/example_dags/example_external_task_marker_dag.py for tasks to queue
[2024-12-22T11:43:15.574+0000] {logging_mixin.py:190} INFO - [2024-12-22T11:43:15.572+0000] {dagbag.py:588} INFO - Filling up the DagBag from /home/airflow/.local/lib/python3.12/site-packages/airflow/example_dags/example_external_task_marker_dag.py
[2024-12-22T11:43:15.618+0000] {processor.py:925} INFO - DAG(s) 'example_external_task_marker_parent', 'example_external_task_marker_child' retrieved from /home/airflow/.local/lib/python3.12/site-packages/airflow/example_dags/example_external_task_marker_dag.py
[2024-12-22T11:43:15.772+0000] {logging_mixin.py:190} INFO - [2024-12-22T11:43:15.771+0000] {dag.py:3239} INFO - Sync 2 DAGs
[2024-12-22T11:43:15.841+0000] {logging_mixin.py:190} INFO - [2024-12-22T11:43:15.841+0000] {dag.py:4180} INFO - Setting next_dagrun for example_external_task_marker_child to None, run_after=None
[2024-12-22T11:43:15.851+0000] {logging_mixin.py:190} INFO - [2024-12-22T11:43:15.851+0000] {dag.py:4180} INFO - Setting next_dagrun for example_external_task_marker_parent to None, run_after=None
[2024-12-22T11:43:16.756+0000] {processor.py:208} INFO - Processing /home/airflow/.local/lib/python3.12/site-packages/airflow/example_dags/example_external_task_marker_dag.py took 1.208 seconds
[2024-12-22T11:45:48.808+0000] {processor.py:186} INFO - Started process (PID=2742) to work on /home/airflow/.local/lib/python3.12/site-packages/airflow/example_dags/example_external_task_marker_dag.py
[2024-12-22T11:45:48.818+0000] {processor.py:914} INFO - Processing file /home/airflow/.local/lib/python3.12/site-packages/airflow/example_dags/example_external_task_marker_dag.py for tasks to queue
[2024-12-22T11:45:48.824+0000] {logging_mixin.py:190} INFO - [2024-12-22T11:45:48.823+0000] {dagbag.py:588} INFO - Filling up the DagBag from /home/airflow/.local/lib/python3.12/site-packages/airflow/example_dags/example_external_task_marker_dag.py
[2024-12-22T11:45:48.908+0000] {processor.py:925} INFO - DAG(s) 'example_external_task_marker_child', 'example_external_task_marker_parent' retrieved from /home/airflow/.local/lib/python3.12/site-packages/airflow/example_dags/example_external_task_marker_dag.py
[2024-12-22T11:45:49.032+0000] {logging_mixin.py:190} INFO - [2024-12-22T11:45:49.029+0000] {dag.py:3239} INFO - Sync 2 DAGs
[2024-12-22T11:45:49.155+0000] {logging_mixin.py:190} INFO - [2024-12-22T11:45:49.153+0000] {dag.py:4180} INFO - Setting next_dagrun for example_external_task_marker_child to None, run_after=None
[2024-12-22T11:45:49.180+0000] {logging_mixin.py:190} INFO - [2024-12-22T11:45:49.179+0000] {dag.py:4180} INFO - Setting next_dagrun for example_external_task_marker_parent to None, run_after=None
[2024-12-22T11:45:49.263+0000] {processor.py:208} INFO - Processing /home/airflow/.local/lib/python3.12/site-packages/airflow/example_dags/example_external_task_marker_dag.py took 0.487 seconds
[2024-12-22T11:50:05.557+0000] {processor.py:186} INFO - Started process (PID=89) to work on /home/airflow/.local/lib/python3.12/site-packages/airflow/example_dags/example_external_task_marker_dag.py
[2024-12-22T11:50:05.559+0000] {processor.py:914} INFO - Processing file /home/airflow/.local/lib/python3.12/site-packages/airflow/example_dags/example_external_task_marker_dag.py for tasks to queue
[2024-12-22T11:50:05.562+0000] {logging_mixin.py:190} INFO - [2024-12-22T11:50:05.562+0000] {dagbag.py:588} INFO - Filling up the DagBag from /home/airflow/.local/lib/python3.12/site-packages/airflow/example_dags/example_external_task_marker_dag.py
[2024-12-22T11:50:05.572+0000] {processor.py:925} INFO - DAG(s) 'example_external_task_marker_child', 'example_external_task_marker_parent' retrieved from /home/airflow/.local/lib/python3.12/site-packages/airflow/example_dags/example_external_task_marker_dag.py
[2024-12-22T11:50:05.603+0000] {logging_mixin.py:190} INFO - [2024-12-22T11:50:05.602+0000] {dag.py:3239} INFO - Sync 2 DAGs
[2024-12-22T11:50:05.629+0000] {logging_mixin.py:190} INFO - [2024-12-22T11:50:05.628+0000] {dag.py:4180} INFO - Setting next_dagrun for example_external_task_marker_child to None, run_after=None
[2024-12-22T11:50:05.634+0000] {logging_mixin.py:190} INFO - [2024-12-22T11:50:05.633+0000] {dag.py:4180} INFO - Setting next_dagrun for example_external_task_marker_parent to None, run_after=None
[2024-12-22T11:50:05.661+0000] {processor.py:208} INFO - Processing /home/airflow/.local/lib/python3.12/site-packages/airflow/example_dags/example_external_task_marker_dag.py took 0.113 seconds
[2024-12-22T11:50:36.885+0000] {processor.py:186} INFO - Started process (PID=154) to work on /home/airflow/.local/lib/python3.12/site-packages/airflow/example_dags/example_external_task_marker_dag.py
[2024-12-22T11:50:36.887+0000] {processor.py:914} INFO - Processing file /home/airflow/.local/lib/python3.12/site-packages/airflow/example_dags/example_external_task_marker_dag.py for tasks to queue
[2024-12-22T11:50:36.892+0000] {logging_mixin.py:190} INFO - [2024-12-22T11:50:36.891+0000] {dagbag.py:588} INFO - Filling up the DagBag from /home/airflow/.local/lib/python3.12/site-packages/airflow/example_dags/example_external_task_marker_dag.py
[2024-12-22T11:50:36.906+0000] {processor.py:925} INFO - DAG(s) 'example_external_task_marker_child', 'example_external_task_marker_parent' retrieved from /home/airflow/.local/lib/python3.12/site-packages/airflow/example_dags/example_external_task_marker_dag.py
[2024-12-22T11:50:36.944+0000] {logging_mixin.py:190} INFO - [2024-12-22T11:50:36.943+0000] {dag.py:3239} INFO - Sync 2 DAGs
[2024-12-22T11:50:36.968+0000] {logging_mixin.py:190} INFO - [2024-12-22T11:50:36.968+0000] {dag.py:4180} INFO - Setting next_dagrun for example_external_task_marker_child to None, run_after=None
[2024-12-22T11:50:36.973+0000] {logging_mixin.py:190} INFO - [2024-12-22T11:50:36.973+0000] {dag.py:4180} INFO - Setting next_dagrun for example_external_task_marker_parent to None, run_after=None
[2024-12-22T11:50:36.997+0000] {processor.py:208} INFO - Processing /home/airflow/.local/lib/python3.12/site-packages/airflow/example_dags/example_external_task_marker_dag.py took 0.124 seconds
[2024-12-22T11:51:15.666+0000] {processor.py:186} INFO - Started process (PID=219) to work on /home/airflow/.local/lib/python3.12/site-packages/airflow/example_dags/example_external_task_marker_dag.py
[2024-12-22T11:51:15.668+0000] {processor.py:914} INFO - Processing file /home/airflow/.local/lib/python3.12/site-packages/airflow/example_dags/example_external_task_marker_dag.py for tasks to queue
[2024-12-22T11:51:15.670+0000] {logging_mixin.py:190} INFO - [2024-12-22T11:51:15.670+0000] {dagbag.py:588} INFO - Filling up the DagBag from /home/airflow/.local/lib/python3.12/site-packages/airflow/example_dags/example_external_task_marker_dag.py
[2024-12-22T11:51:15.680+0000] {processor.py:925} INFO - DAG(s) 'example_external_task_marker_parent', 'example_external_task_marker_child' retrieved from /home/airflow/.local/lib/python3.12/site-packages/airflow/example_dags/example_external_task_marker_dag.py
[2024-12-22T11:51:15.709+0000] {logging_mixin.py:190} INFO - [2024-12-22T11:51:15.708+0000] {dag.py:3239} INFO - Sync 2 DAGs
[2024-12-22T11:51:15.725+0000] {logging_mixin.py:190} INFO - [2024-12-22T11:51:15.725+0000] {dag.py:4180} INFO - Setting next_dagrun for example_external_task_marker_child to None, run_after=None
[2024-12-22T11:51:15.730+0000] {logging_mixin.py:190} INFO - [2024-12-22T11:51:15.729+0000] {dag.py:4180} INFO - Setting next_dagrun for example_external_task_marker_parent to None, run_after=None
[2024-12-22T11:51:15.748+0000] {processor.py:208} INFO - Processing /home/airflow/.local/lib/python3.12/site-packages/airflow/example_dags/example_external_task_marker_dag.py took 0.088 seconds
[2024-12-22T11:51:47.304+0000] {processor.py:186} INFO - Started process (PID=284) to work on /home/airflow/.local/lib/python3.12/site-packages/airflow/example_dags/example_external_task_marker_dag.py
[2024-12-22T11:51:47.305+0000] {processor.py:914} INFO - Processing file /home/airflow/.local/lib/python3.12/site-packages/airflow/example_dags/example_external_task_marker_dag.py for tasks to queue
[2024-12-22T11:51:47.308+0000] {logging_mixin.py:190} INFO - [2024-12-22T11:51:47.307+0000] {dagbag.py:588} INFO - Filling up the DagBag from /home/airflow/.local/lib/python3.12/site-packages/airflow/example_dags/example_external_task_marker_dag.py
[2024-12-22T11:51:47.318+0000] {processor.py:925} INFO - DAG(s) 'example_external_task_marker_parent', 'example_external_task_marker_child' retrieved from /home/airflow/.local/lib/python3.12/site-packages/airflow/example_dags/example_external_task_marker_dag.py
[2024-12-22T11:51:47.355+0000] {logging_mixin.py:190} INFO - [2024-12-22T11:51:47.355+0000] {dag.py:3239} INFO - Sync 2 DAGs
[2024-12-22T11:51:47.383+0000] {logging_mixin.py:190} INFO - [2024-12-22T11:51:47.382+0000] {dag.py:4180} INFO - Setting next_dagrun for example_external_task_marker_child to None, run_after=None
[2024-12-22T11:51:47.387+0000] {logging_mixin.py:190} INFO - [2024-12-22T11:51:47.387+0000] {dag.py:4180} INFO - Setting next_dagrun for example_external_task_marker_parent to None, run_after=None
[2024-12-22T11:51:47.404+0000] {processor.py:208} INFO - Processing /home/airflow/.local/lib/python3.12/site-packages/airflow/example_dags/example_external_task_marker_dag.py took 0.107 seconds
[2024-12-22T11:52:18.567+0000] {processor.py:186} INFO - Started process (PID=355) to work on /home/airflow/.local/lib/python3.12/site-packages/airflow/example_dags/example_external_task_marker_dag.py
[2024-12-22T11:52:18.568+0000] {processor.py:914} INFO - Processing file /home/airflow/.local/lib/python3.12/site-packages/airflow/example_dags/example_external_task_marker_dag.py for tasks to queue
[2024-12-22T11:52:18.570+0000] {logging_mixin.py:190} INFO - [2024-12-22T11:52:18.570+0000] {dagbag.py:588} INFO - Filling up the DagBag from /home/airflow/.local/lib/python3.12/site-packages/airflow/example_dags/example_external_task_marker_dag.py
[2024-12-22T11:52:18.581+0000] {processor.py:925} INFO - DAG(s) 'example_external_task_marker_parent', 'example_external_task_marker_child' retrieved from /home/airflow/.local/lib/python3.12/site-packages/airflow/example_dags/example_external_task_marker_dag.py
[2024-12-22T11:52:18.608+0000] {logging_mixin.py:190} INFO - [2024-12-22T11:52:18.608+0000] {dag.py:3239} INFO - Sync 2 DAGs
[2024-12-22T11:52:18.629+0000] {logging_mixin.py:190} INFO - [2024-12-22T11:52:18.628+0000] {dag.py:4180} INFO - Setting next_dagrun for example_external_task_marker_child to None, run_after=None
[2024-12-22T11:52:18.633+0000] {logging_mixin.py:190} INFO - [2024-12-22T11:52:18.633+0000] {dag.py:4180} INFO - Setting next_dagrun for example_external_task_marker_parent to None, run_after=None
[2024-12-22T11:52:18.652+0000] {processor.py:208} INFO - Processing /home/airflow/.local/lib/python3.12/site-packages/airflow/example_dags/example_external_task_marker_dag.py took 0.092 seconds
[2024-12-22T11:52:50.284+0000] {processor.py:186} INFO - Started process (PID=420) to work on /home/airflow/.local/lib/python3.12/site-packages/airflow/example_dags/example_external_task_marker_dag.py
[2024-12-22T11:52:50.285+0000] {processor.py:914} INFO - Processing file /home/airflow/.local/lib/python3.12/site-packages/airflow/example_dags/example_external_task_marker_dag.py for tasks to queue
[2024-12-22T11:52:50.288+0000] {logging_mixin.py:190} INFO - [2024-12-22T11:52:50.287+0000] {dagbag.py:588} INFO - Filling up the DagBag from /home/airflow/.local/lib/python3.12/site-packages/airflow/example_dags/example_external_task_marker_dag.py
[2024-12-22T11:52:50.300+0000] {processor.py:925} INFO - DAG(s) 'example_external_task_marker_child', 'example_external_task_marker_parent' retrieved from /home/airflow/.local/lib/python3.12/site-packages/airflow/example_dags/example_external_task_marker_dag.py
[2024-12-22T11:52:50.330+0000] {logging_mixin.py:190} INFO - [2024-12-22T11:52:50.329+0000] {dag.py:3239} INFO - Sync 2 DAGs
[2024-12-22T11:52:50.350+0000] {logging_mixin.py:190} INFO - [2024-12-22T11:52:50.350+0000] {dag.py:4180} INFO - Setting next_dagrun for example_external_task_marker_child to None, run_after=None
[2024-12-22T11:52:50.356+0000] {logging_mixin.py:190} INFO - [2024-12-22T11:52:50.355+0000] {dag.py:4180} INFO - Setting next_dagrun for example_external_task_marker_parent to None, run_after=None
[2024-12-22T11:52:50.380+0000] {processor.py:208} INFO - Processing /home/airflow/.local/lib/python3.12/site-packages/airflow/example_dags/example_external_task_marker_dag.py took 0.103 seconds
[2024-12-22T11:53:21.648+0000] {processor.py:186} INFO - Started process (PID=485) to work on /home/airflow/.local/lib/python3.12/site-packages/airflow/example_dags/example_external_task_marker_dag.py
[2024-12-22T11:53:21.649+0000] {processor.py:914} INFO - Processing file /home/airflow/.local/lib/python3.12/site-packages/airflow/example_dags/example_external_task_marker_dag.py for tasks to queue
[2024-12-22T11:53:21.653+0000] {logging_mixin.py:190} INFO - [2024-12-22T11:53:21.652+0000] {dagbag.py:588} INFO - Filling up the DagBag from /home/airflow/.local/lib/python3.12/site-packages/airflow/example_dags/example_external_task_marker_dag.py
[2024-12-22T11:53:21.663+0000] {processor.py:925} INFO - DAG(s) 'example_external_task_marker_child', 'example_external_task_marker_parent' retrieved from /home/airflow/.local/lib/python3.12/site-packages/airflow/example_dags/example_external_task_marker_dag.py
[2024-12-22T11:53:21.695+0000] {logging_mixin.py:190} INFO - [2024-12-22T11:53:21.695+0000] {dag.py:3239} INFO - Sync 2 DAGs
[2024-12-22T11:53:21.717+0000] {logging_mixin.py:190} INFO - [2024-12-22T11:53:21.716+0000] {dag.py:4180} INFO - Setting next_dagrun for example_external_task_marker_child to None, run_after=None
[2024-12-22T11:53:21.722+0000] {logging_mixin.py:190} INFO - [2024-12-22T11:53:21.722+0000] {dag.py:4180} INFO - Setting next_dagrun for example_external_task_marker_parent to None, run_after=None
[2024-12-22T11:53:21.743+0000] {processor.py:208} INFO - Processing /home/airflow/.local/lib/python3.12/site-packages/airflow/example_dags/example_external_task_marker_dag.py took 0.103 seconds
[2024-12-22T11:53:53.665+0000] {processor.py:186} INFO - Started process (PID=550) to work on /home/airflow/.local/lib/python3.12/site-packages/airflow/example_dags/example_external_task_marker_dag.py
[2024-12-22T11:53:53.666+0000] {processor.py:914} INFO - Processing file /home/airflow/.local/lib/python3.12/site-packages/airflow/example_dags/example_external_task_marker_dag.py for tasks to queue
[2024-12-22T11:53:53.670+0000] {logging_mixin.py:190} INFO - [2024-12-22T11:53:53.670+0000] {dagbag.py:588} INFO - Filling up the DagBag from /home/airflow/.local/lib/python3.12/site-packages/airflow/example_dags/example_external_task_marker_dag.py
[2024-12-22T11:53:53.680+0000] {processor.py:925} INFO - DAG(s) 'example_external_task_marker_child', 'example_external_task_marker_parent' retrieved from /home/airflow/.local/lib/python3.12/site-packages/airflow/example_dags/example_external_task_marker_dag.py
[2024-12-22T11:53:53.714+0000] {logging_mixin.py:190} INFO - [2024-12-22T11:53:53.714+0000] {dag.py:3239} INFO - Sync 2 DAGs
[2024-12-22T11:53:53.738+0000] {logging_mixin.py:190} INFO - [2024-12-22T11:53:53.738+0000] {dag.py:4180} INFO - Setting next_dagrun for example_external_task_marker_child to None, run_after=None
[2024-12-22T11:53:53.743+0000] {logging_mixin.py:190} INFO - [2024-12-22T11:53:53.743+0000] {dag.py:4180} INFO - Setting next_dagrun for example_external_task_marker_parent to None, run_after=None
[2024-12-22T11:53:53.763+0000] {processor.py:208} INFO - Processing /home/airflow/.local/lib/python3.12/site-packages/airflow/example_dags/example_external_task_marker_dag.py took 0.105 seconds
[2024-12-22T11:54:26.166+0000] {processor.py:186} INFO - Started process (PID=615) to work on /home/airflow/.local/lib/python3.12/site-packages/airflow/example_dags/example_external_task_marker_dag.py
[2024-12-22T11:54:26.167+0000] {processor.py:914} INFO - Processing file /home/airflow/.local/lib/python3.12/site-packages/airflow/example_dags/example_external_task_marker_dag.py for tasks to queue
[2024-12-22T11:54:26.170+0000] {logging_mixin.py:190} INFO - [2024-12-22T11:54:26.170+0000] {dagbag.py:588} INFO - Filling up the DagBag from /home/airflow/.local/lib/python3.12/site-packages/airflow/example_dags/example_external_task_marker_dag.py
[2024-12-22T11:54:26.182+0000] {processor.py:925} INFO - DAG(s) 'example_external_task_marker_child', 'example_external_task_marker_parent' retrieved from /home/airflow/.local/lib/python3.12/site-packages/airflow/example_dags/example_external_task_marker_dag.py
[2024-12-22T11:54:26.211+0000] {logging_mixin.py:190} INFO - [2024-12-22T11:54:26.211+0000] {dag.py:3239} INFO - Sync 2 DAGs
[2024-12-22T11:54:26.230+0000] {logging_mixin.py:190} INFO - [2024-12-22T11:54:26.230+0000] {dag.py:4180} INFO - Setting next_dagrun for example_external_task_marker_child to None, run_after=None
[2024-12-22T11:54:26.236+0000] {logging_mixin.py:190} INFO - [2024-12-22T11:54:26.236+0000] {dag.py:4180} INFO - Setting next_dagrun for example_external_task_marker_parent to None, run_after=None
[2024-12-22T11:54:26.256+0000] {processor.py:208} INFO - Processing /home/airflow/.local/lib/python3.12/site-packages/airflow/example_dags/example_external_task_marker_dag.py took 0.097 seconds
[2024-12-22T11:54:57.518+0000] {processor.py:186} INFO - Started process (PID=680) to work on /home/airflow/.local/lib/python3.12/site-packages/airflow/example_dags/example_external_task_marker_dag.py
[2024-12-22T11:54:57.519+0000] {processor.py:914} INFO - Processing file /home/airflow/.local/lib/python3.12/site-packages/airflow/example_dags/example_external_task_marker_dag.py for tasks to queue
[2024-12-22T11:54:57.522+0000] {logging_mixin.py:190} INFO - [2024-12-22T11:54:57.522+0000] {dagbag.py:588} INFO - Filling up the DagBag from /home/airflow/.local/lib/python3.12/site-packages/airflow/example_dags/example_external_task_marker_dag.py
[2024-12-22T11:54:57.533+0000] {processor.py:925} INFO - DAG(s) 'example_external_task_marker_parent', 'example_external_task_marker_child' retrieved from /home/airflow/.local/lib/python3.12/site-packages/airflow/example_dags/example_external_task_marker_dag.py
[2024-12-22T11:54:57.562+0000] {logging_mixin.py:190} INFO - [2024-12-22T11:54:57.562+0000] {dag.py:3239} INFO - Sync 2 DAGs
[2024-12-22T11:54:57.580+0000] {logging_mixin.py:190} INFO - [2024-12-22T11:54:57.580+0000] {dag.py:4180} INFO - Setting next_dagrun for example_external_task_marker_child to None, run_after=None
[2024-12-22T11:54:57.585+0000] {logging_mixin.py:190} INFO - [2024-12-22T11:54:57.585+0000] {dag.py:4180} INFO - Setting next_dagrun for example_external_task_marker_parent to None, run_after=None
[2024-12-22T11:54:57.606+0000] {processor.py:208} INFO - Processing /home/airflow/.local/lib/python3.12/site-packages/airflow/example_dags/example_external_task_marker_dag.py took 0.095 seconds
[2024-12-22T11:56:36.167+0000] {processor.py:186} INFO - Started process (PID=85) to work on /home/airflow/.local/lib/python3.12/site-packages/airflow/example_dags/example_external_task_marker_dag.py
[2024-12-22T11:56:36.168+0000] {processor.py:914} INFO - Processing file /home/airflow/.local/lib/python3.12/site-packages/airflow/example_dags/example_external_task_marker_dag.py for tasks to queue
[2024-12-22T11:56:36.172+0000] {logging_mixin.py:190} INFO - [2024-12-22T11:56:36.172+0000] {dagbag.py:588} INFO - Filling up the DagBag from /home/airflow/.local/lib/python3.12/site-packages/airflow/example_dags/example_external_task_marker_dag.py
[2024-12-22T11:56:36.185+0000] {processor.py:925} INFO - DAG(s) 'example_external_task_marker_child', 'example_external_task_marker_parent' retrieved from /home/airflow/.local/lib/python3.12/site-packages/airflow/example_dags/example_external_task_marker_dag.py
[2024-12-22T11:56:36.223+0000] {logging_mixin.py:190} INFO - [2024-12-22T11:56:36.222+0000] {dag.py:3239} INFO - Sync 2 DAGs
[2024-12-22T11:56:36.250+0000] {logging_mixin.py:190} INFO - [2024-12-22T11:56:36.250+0000] {dag.py:4180} INFO - Setting next_dagrun for example_external_task_marker_child to None, run_after=None
[2024-12-22T11:56:36.257+0000] {logging_mixin.py:190} INFO - [2024-12-22T11:56:36.256+0000] {dag.py:4180} INFO - Setting next_dagrun for example_external_task_marker_parent to None, run_after=None
[2024-12-22T11:56:36.287+0000] {processor.py:208} INFO - Processing /home/airflow/.local/lib/python3.12/site-packages/airflow/example_dags/example_external_task_marker_dag.py took 0.130 seconds
[2024-12-22T11:57:09.210+0000] {processor.py:186} INFO - Started process (PID=157) to work on /home/airflow/.local/lib/python3.12/site-packages/airflow/example_dags/example_external_task_marker_dag.py
[2024-12-22T11:57:09.212+0000] {processor.py:914} INFO - Processing file /home/airflow/.local/lib/python3.12/site-packages/airflow/example_dags/example_external_task_marker_dag.py for tasks to queue
[2024-12-22T11:57:09.216+0000] {logging_mixin.py:190} INFO - [2024-12-22T11:57:09.216+0000] {dagbag.py:588} INFO - Filling up the DagBag from /home/airflow/.local/lib/python3.12/site-packages/airflow/example_dags/example_external_task_marker_dag.py
[2024-12-22T11:57:09.230+0000] {processor.py:925} INFO - DAG(s) 'example_external_task_marker_child', 'example_external_task_marker_parent' retrieved from /home/airflow/.local/lib/python3.12/site-packages/airflow/example_dags/example_external_task_marker_dag.py
[2024-12-22T11:57:09.271+0000] {logging_mixin.py:190} INFO - [2024-12-22T11:57:09.271+0000] {dag.py:3239} INFO - Sync 2 DAGs
[2024-12-22T11:57:09.303+0000] {logging_mixin.py:190} INFO - [2024-12-22T11:57:09.302+0000] {dag.py:4180} INFO - Setting next_dagrun for example_external_task_marker_child to None, run_after=None
[2024-12-22T11:57:09.310+0000] {logging_mixin.py:190} INFO - [2024-12-22T11:57:09.309+0000] {dag.py:4180} INFO - Setting next_dagrun for example_external_task_marker_parent to None, run_after=None
[2024-12-22T11:57:09.336+0000] {processor.py:208} INFO - Processing /home/airflow/.local/lib/python3.12/site-packages/airflow/example_dags/example_external_task_marker_dag.py took 0.136 seconds
