[2024-12-22T11:18:04.360+0000] {processor.py:186} INFO - Started process (PID=110) to work on /home/airflow/.local/lib/python3.12/site-packages/airflow/example_dags/example_skip_dag.py
[2024-12-22T11:18:04.362+0000] {processor.py:914} INFO - Processing file /home/airflow/.local/lib/python3.12/site-packages/airflow/example_dags/example_skip_dag.py for tasks to queue
[2024-12-22T11:18:04.369+0000] {logging_mixin.py:190} INFO - [2024-12-22T11:18:04.368+0000] {dagbag.py:588} INFO - Filling up the DagBag from /home/airflow/.local/lib/python3.12/site-packages/airflow/example_dags/example_skip_dag.py
[2024-12-22T11:18:04.427+0000] {processor.py:925} INFO - DAG(s) 'example_skip_dag' retrieved from /home/airflow/.local/lib/python3.12/site-packages/airflow/example_dags/example_skip_dag.py
[2024-12-22T11:18:04.596+0000] {logging_mixin.py:190} INFO - [2024-12-22T11:18:04.596+0000] {dag.py:3239} INFO - Sync 1 DAGs
[2024-12-22T11:18:04.715+0000] {logging_mixin.py:190} INFO - [2024-12-22T11:18:04.715+0000] {dag.py:4180} INFO - Setting next_dagrun for example_skip_dag to 2024-12-21 00:00:00+00:00, run_after=2024-12-22 00:00:00+00:00
[2024-12-22T11:18:04.817+0000] {processor.py:208} INFO - Processing /home/airflow/.local/lib/python3.12/site-packages/airflow/example_dags/example_skip_dag.py took 0.511 seconds
[2024-12-22T11:18:37.091+0000] {processor.py:186} INFO - Started process (PID=175) to work on /home/airflow/.local/lib/python3.12/site-packages/airflow/example_dags/example_skip_dag.py
[2024-12-22T11:18:37.112+0000] {processor.py:914} INFO - Processing file /home/airflow/.local/lib/python3.12/site-packages/airflow/example_dags/example_skip_dag.py for tasks to queue
[2024-12-22T11:18:37.120+0000] {logging_mixin.py:190} INFO - [2024-12-22T11:18:37.119+0000] {dagbag.py:588} INFO - Filling up the DagBag from /home/airflow/.local/lib/python3.12/site-packages/airflow/example_dags/example_skip_dag.py
[2024-12-22T11:18:37.144+0000] {processor.py:925} INFO - DAG(s) 'example_skip_dag' retrieved from /home/airflow/.local/lib/python3.12/site-packages/airflow/example_dags/example_skip_dag.py
[2024-12-22T11:18:37.202+0000] {logging_mixin.py:190} INFO - [2024-12-22T11:18:37.201+0000] {dag.py:3239} INFO - Sync 1 DAGs
[2024-12-22T11:18:37.269+0000] {logging_mixin.py:190} INFO - [2024-12-22T11:18:37.269+0000] {dag.py:4180} INFO - Setting next_dagrun for example_skip_dag to 2024-12-21 00:00:00+00:00, run_after=2024-12-22 00:00:00+00:00
[2024-12-22T11:18:38.302+0000] {processor.py:208} INFO - Processing /home/airflow/.local/lib/python3.12/site-packages/airflow/example_dags/example_skip_dag.py took 1.223 seconds
[2024-12-22T11:19:13.400+0000] {processor.py:186} INFO - Started process (PID=240) to work on /home/airflow/.local/lib/python3.12/site-packages/airflow/example_dags/example_skip_dag.py
[2024-12-22T11:19:13.407+0000] {processor.py:914} INFO - Processing file /home/airflow/.local/lib/python3.12/site-packages/airflow/example_dags/example_skip_dag.py for tasks to queue
[2024-12-22T11:19:13.423+0000] {logging_mixin.py:190} INFO - [2024-12-22T11:19:13.420+0000] {dagbag.py:588} INFO - Filling up the DagBag from /home/airflow/.local/lib/python3.12/site-packages/airflow/example_dags/example_skip_dag.py
[2024-12-22T11:19:13.476+0000] {processor.py:925} INFO - DAG(s) 'example_skip_dag' retrieved from /home/airflow/.local/lib/python3.12/site-packages/airflow/example_dags/example_skip_dag.py
[2024-12-22T11:19:13.545+0000] {logging_mixin.py:190} INFO - [2024-12-22T11:19:13.544+0000] {dag.py:3239} INFO - Sync 1 DAGs
[2024-12-22T11:19:13.611+0000] {logging_mixin.py:190} INFO - [2024-12-22T11:19:13.611+0000] {dag.py:4180} INFO - Setting next_dagrun for example_skip_dag to 2024-12-21 00:00:00+00:00, run_after=2024-12-22 00:00:00+00:00
[2024-12-22T11:19:14.518+0000] {processor.py:208} INFO - Processing /home/airflow/.local/lib/python3.12/site-packages/airflow/example_dags/example_skip_dag.py took 1.160 seconds
[2024-12-22T11:19:44.924+0000] {processor.py:186} INFO - Started process (PID=306) to work on /home/airflow/.local/lib/python3.12/site-packages/airflow/example_dags/example_skip_dag.py
[2024-12-22T11:19:44.930+0000] {processor.py:914} INFO - Processing file /home/airflow/.local/lib/python3.12/site-packages/airflow/example_dags/example_skip_dag.py for tasks to queue
[2024-12-22T11:19:44.947+0000] {logging_mixin.py:190} INFO - [2024-12-22T11:19:44.945+0000] {dagbag.py:588} INFO - Filling up the DagBag from /home/airflow/.local/lib/python3.12/site-packages/airflow/example_dags/example_skip_dag.py
[2024-12-22T11:19:44.985+0000] {processor.py:925} INFO - DAG(s) 'example_skip_dag' retrieved from /home/airflow/.local/lib/python3.12/site-packages/airflow/example_dags/example_skip_dag.py
[2024-12-22T11:19:45.056+0000] {logging_mixin.py:190} INFO - [2024-12-22T11:19:45.055+0000] {dag.py:3239} INFO - Sync 1 DAGs
[2024-12-22T11:19:45.105+0000] {logging_mixin.py:190} INFO - [2024-12-22T11:19:45.104+0000] {dag.py:4180} INFO - Setting next_dagrun for example_skip_dag to 2024-12-21 00:00:00+00:00, run_after=2024-12-22 00:00:00+00:00
[2024-12-22T11:19:46.114+0000] {processor.py:208} INFO - Processing /home/airflow/.local/lib/python3.12/site-packages/airflow/example_dags/example_skip_dag.py took 1.221 seconds
[2024-12-22T11:20:24.098+0000] {processor.py:186} INFO - Started process (PID=372) to work on /home/airflow/.local/lib/python3.12/site-packages/airflow/example_dags/example_skip_dag.py
[2024-12-22T11:20:24.100+0000] {processor.py:914} INFO - Processing file /home/airflow/.local/lib/python3.12/site-packages/airflow/example_dags/example_skip_dag.py for tasks to queue
[2024-12-22T11:20:24.107+0000] {logging_mixin.py:190} INFO - [2024-12-22T11:20:24.105+0000] {dagbag.py:588} INFO - Filling up the DagBag from /home/airflow/.local/lib/python3.12/site-packages/airflow/example_dags/example_skip_dag.py
[2024-12-22T11:20:24.130+0000] {processor.py:925} INFO - DAG(s) 'example_skip_dag' retrieved from /home/airflow/.local/lib/python3.12/site-packages/airflow/example_dags/example_skip_dag.py
[2024-12-22T11:20:24.202+0000] {logging_mixin.py:190} INFO - [2024-12-22T11:20:24.202+0000] {dag.py:3239} INFO - Sync 1 DAGs
[2024-12-22T11:20:24.258+0000] {logging_mixin.py:190} INFO - [2024-12-22T11:20:24.258+0000] {dag.py:4180} INFO - Setting next_dagrun for example_skip_dag to 2024-12-21 00:00:00+00:00, run_after=2024-12-22 00:00:00+00:00
[2024-12-22T11:20:25.321+0000] {processor.py:208} INFO - Processing /home/airflow/.local/lib/python3.12/site-packages/airflow/example_dags/example_skip_dag.py took 1.237 seconds
[2024-12-22T11:20:55.735+0000] {processor.py:186} INFO - Started process (PID=437) to work on /home/airflow/.local/lib/python3.12/site-packages/airflow/example_dags/example_skip_dag.py
[2024-12-22T11:20:55.738+0000] {processor.py:914} INFO - Processing file /home/airflow/.local/lib/python3.12/site-packages/airflow/example_dags/example_skip_dag.py for tasks to queue
[2024-12-22T11:20:55.746+0000] {logging_mixin.py:190} INFO - [2024-12-22T11:20:55.745+0000] {dagbag.py:588} INFO - Filling up the DagBag from /home/airflow/.local/lib/python3.12/site-packages/airflow/example_dags/example_skip_dag.py
[2024-12-22T11:20:55.769+0000] {processor.py:925} INFO - DAG(s) 'example_skip_dag' retrieved from /home/airflow/.local/lib/python3.12/site-packages/airflow/example_dags/example_skip_dag.py
[2024-12-22T11:20:55.867+0000] {logging_mixin.py:190} INFO - [2024-12-22T11:20:55.866+0000] {dag.py:3239} INFO - Sync 1 DAGs
[2024-12-22T11:20:55.952+0000] {logging_mixin.py:190} INFO - [2024-12-22T11:20:55.952+0000] {dag.py:4180} INFO - Setting next_dagrun for example_skip_dag to 2024-12-21 00:00:00+00:00, run_after=2024-12-22 00:00:00+00:00
[2024-12-22T11:20:56.010+0000] {processor.py:208} INFO - Processing /home/airflow/.local/lib/python3.12/site-packages/airflow/example_dags/example_skip_dag.py took 0.294 seconds
[2024-12-22T11:21:33.396+0000] {processor.py:186} INFO - Started process (PID=509) to work on /home/airflow/.local/lib/python3.12/site-packages/airflow/example_dags/example_skip_dag.py
[2024-12-22T11:21:33.398+0000] {processor.py:914} INFO - Processing file /home/airflow/.local/lib/python3.12/site-packages/airflow/example_dags/example_skip_dag.py for tasks to queue
[2024-12-22T11:21:33.404+0000] {logging_mixin.py:190} INFO - [2024-12-22T11:21:33.404+0000] {dagbag.py:588} INFO - Filling up the DagBag from /home/airflow/.local/lib/python3.12/site-packages/airflow/example_dags/example_skip_dag.py
[2024-12-22T11:21:33.424+0000] {processor.py:925} INFO - DAG(s) 'example_skip_dag' retrieved from /home/airflow/.local/lib/python3.12/site-packages/airflow/example_dags/example_skip_dag.py
[2024-12-22T11:21:33.484+0000] {logging_mixin.py:190} INFO - [2024-12-22T11:21:33.483+0000] {dag.py:3239} INFO - Sync 1 DAGs
[2024-12-22T11:21:33.554+0000] {logging_mixin.py:190} INFO - [2024-12-22T11:21:33.553+0000] {dag.py:4180} INFO - Setting next_dagrun for example_skip_dag to 2024-12-21 00:00:00+00:00, run_after=2024-12-22 00:00:00+00:00
[2024-12-22T11:21:33.597+0000] {processor.py:208} INFO - Processing /home/airflow/.local/lib/python3.12/site-packages/airflow/example_dags/example_skip_dag.py took 0.219 seconds
[2024-12-22T11:22:10.148+0000] {processor.py:186} INFO - Started process (PID=574) to work on /home/airflow/.local/lib/python3.12/site-packages/airflow/example_dags/example_skip_dag.py
[2024-12-22T11:22:10.150+0000] {processor.py:914} INFO - Processing file /home/airflow/.local/lib/python3.12/site-packages/airflow/example_dags/example_skip_dag.py for tasks to queue
[2024-12-22T11:22:10.159+0000] {logging_mixin.py:190} INFO - [2024-12-22T11:22:10.158+0000] {dagbag.py:588} INFO - Filling up the DagBag from /home/airflow/.local/lib/python3.12/site-packages/airflow/example_dags/example_skip_dag.py
[2024-12-22T11:22:10.186+0000] {processor.py:925} INFO - DAG(s) 'example_skip_dag' retrieved from /home/airflow/.local/lib/python3.12/site-packages/airflow/example_dags/example_skip_dag.py
[2024-12-22T11:22:10.262+0000] {logging_mixin.py:190} INFO - [2024-12-22T11:22:10.262+0000] {dag.py:3239} INFO - Sync 1 DAGs
[2024-12-22T11:22:10.322+0000] {logging_mixin.py:190} INFO - [2024-12-22T11:22:10.321+0000] {dag.py:4180} INFO - Setting next_dagrun for example_skip_dag to 2024-12-21 00:00:00+00:00, run_after=2024-12-22 00:00:00+00:00
[2024-12-22T11:22:11.349+0000] {processor.py:208} INFO - Processing /home/airflow/.local/lib/python3.12/site-packages/airflow/example_dags/example_skip_dag.py took 1.218 seconds
[2024-12-22T11:22:44.906+0000] {processor.py:186} INFO - Started process (PID=639) to work on /home/airflow/.local/lib/python3.12/site-packages/airflow/example_dags/example_skip_dag.py
[2024-12-22T11:22:44.908+0000] {processor.py:914} INFO - Processing file /home/airflow/.local/lib/python3.12/site-packages/airflow/example_dags/example_skip_dag.py for tasks to queue
[2024-12-22T11:22:44.913+0000] {logging_mixin.py:190} INFO - [2024-12-22T11:22:44.912+0000] {dagbag.py:588} INFO - Filling up the DagBag from /home/airflow/.local/lib/python3.12/site-packages/airflow/example_dags/example_skip_dag.py
[2024-12-22T11:22:44.931+0000] {processor.py:925} INFO - DAG(s) 'example_skip_dag' retrieved from /home/airflow/.local/lib/python3.12/site-packages/airflow/example_dags/example_skip_dag.py
[2024-12-22T11:22:45.006+0000] {logging_mixin.py:190} INFO - [2024-12-22T11:22:45.005+0000] {dag.py:3239} INFO - Sync 1 DAGs
[2024-12-22T11:22:45.099+0000] {logging_mixin.py:190} INFO - [2024-12-22T11:22:45.098+0000] {dag.py:4180} INFO - Setting next_dagrun for example_skip_dag to 2024-12-21 00:00:00+00:00, run_after=2024-12-22 00:00:00+00:00
[2024-12-22T11:22:45.162+0000] {processor.py:208} INFO - Processing /home/airflow/.local/lib/python3.12/site-packages/airflow/example_dags/example_skip_dag.py took 0.269 seconds
[2024-12-22T11:23:28.231+0000] {processor.py:186} INFO - Started process (PID=708) to work on /home/airflow/.local/lib/python3.12/site-packages/airflow/example_dags/example_skip_dag.py
[2024-12-22T11:23:28.235+0000] {processor.py:914} INFO - Processing file /home/airflow/.local/lib/python3.12/site-packages/airflow/example_dags/example_skip_dag.py for tasks to queue
[2024-12-22T11:23:28.244+0000] {logging_mixin.py:190} INFO - [2024-12-22T11:23:28.243+0000] {dagbag.py:588} INFO - Filling up the DagBag from /home/airflow/.local/lib/python3.12/site-packages/airflow/example_dags/example_skip_dag.py
[2024-12-22T11:23:28.275+0000] {processor.py:925} INFO - DAG(s) 'example_skip_dag' retrieved from /home/airflow/.local/lib/python3.12/site-packages/airflow/example_dags/example_skip_dag.py
[2024-12-22T11:23:28.377+0000] {logging_mixin.py:190} INFO - [2024-12-22T11:23:28.377+0000] {dag.py:3239} INFO - Sync 1 DAGs
[2024-12-22T11:23:28.486+0000] {logging_mixin.py:190} INFO - [2024-12-22T11:23:28.485+0000] {dag.py:4180} INFO - Setting next_dagrun for example_skip_dag to 2024-12-21 00:00:00+00:00, run_after=2024-12-22 00:00:00+00:00
[2024-12-22T11:23:28.556+0000] {processor.py:208} INFO - Processing /home/airflow/.local/lib/python3.12/site-packages/airflow/example_dags/example_skip_dag.py took 0.344 seconds
[2024-12-22T11:24:05.114+0000] {processor.py:186} INFO - Started process (PID=773) to work on /home/airflow/.local/lib/python3.12/site-packages/airflow/example_dags/example_skip_dag.py
[2024-12-22T11:24:05.117+0000] {processor.py:914} INFO - Processing file /home/airflow/.local/lib/python3.12/site-packages/airflow/example_dags/example_skip_dag.py for tasks to queue
[2024-12-22T11:24:05.124+0000] {logging_mixin.py:190} INFO - [2024-12-22T11:24:05.123+0000] {dagbag.py:588} INFO - Filling up the DagBag from /home/airflow/.local/lib/python3.12/site-packages/airflow/example_dags/example_skip_dag.py
[2024-12-22T11:24:05.150+0000] {processor.py:925} INFO - DAG(s) 'example_skip_dag' retrieved from /home/airflow/.local/lib/python3.12/site-packages/airflow/example_dags/example_skip_dag.py
[2024-12-22T11:24:05.203+0000] {logging_mixin.py:190} INFO - [2024-12-22T11:24:05.202+0000] {dag.py:3239} INFO - Sync 1 DAGs
[2024-12-22T11:24:05.267+0000] {logging_mixin.py:190} INFO - [2024-12-22T11:24:05.267+0000] {dag.py:4180} INFO - Setting next_dagrun for example_skip_dag to 2024-12-21 00:00:00+00:00, run_after=2024-12-22 00:00:00+00:00
[2024-12-22T11:24:05.316+0000] {processor.py:208} INFO - Processing /home/airflow/.local/lib/python3.12/site-packages/airflow/example_dags/example_skip_dag.py took 0.221 seconds
[2024-12-22T11:24:35.870+0000] {processor.py:186} INFO - Started process (PID=838) to work on /home/airflow/.local/lib/python3.12/site-packages/airflow/example_dags/example_skip_dag.py
[2024-12-22T11:24:35.875+0000] {processor.py:914} INFO - Processing file /home/airflow/.local/lib/python3.12/site-packages/airflow/example_dags/example_skip_dag.py for tasks to queue
[2024-12-22T11:24:35.887+0000] {logging_mixin.py:190} INFO - [2024-12-22T11:24:35.885+0000] {dagbag.py:588} INFO - Filling up the DagBag from /home/airflow/.local/lib/python3.12/site-packages/airflow/example_dags/example_skip_dag.py
[2024-12-22T11:24:35.918+0000] {processor.py:925} INFO - DAG(s) 'example_skip_dag' retrieved from /home/airflow/.local/lib/python3.12/site-packages/airflow/example_dags/example_skip_dag.py
[2024-12-22T11:24:35.989+0000] {logging_mixin.py:190} INFO - [2024-12-22T11:24:35.988+0000] {dag.py:3239} INFO - Sync 1 DAGs
[2024-12-22T11:24:36.113+0000] {logging_mixin.py:190} INFO - [2024-12-22T11:24:36.112+0000] {dag.py:4180} INFO - Setting next_dagrun for example_skip_dag to 2024-12-21 00:00:00+00:00, run_after=2024-12-22 00:00:00+00:00
[2024-12-22T11:24:36.178+0000] {processor.py:208} INFO - Processing /home/airflow/.local/lib/python3.12/site-packages/airflow/example_dags/example_skip_dag.py took 0.329 seconds
[2024-12-22T11:25:06.371+0000] {processor.py:186} INFO - Started process (PID=903) to work on /home/airflow/.local/lib/python3.12/site-packages/airflow/example_dags/example_skip_dag.py
[2024-12-22T11:25:06.374+0000] {processor.py:914} INFO - Processing file /home/airflow/.local/lib/python3.12/site-packages/airflow/example_dags/example_skip_dag.py for tasks to queue
[2024-12-22T11:25:06.383+0000] {logging_mixin.py:190} INFO - [2024-12-22T11:25:06.382+0000] {dagbag.py:588} INFO - Filling up the DagBag from /home/airflow/.local/lib/python3.12/site-packages/airflow/example_dags/example_skip_dag.py
[2024-12-22T11:25:06.417+0000] {processor.py:925} INFO - DAG(s) 'example_skip_dag' retrieved from /home/airflow/.local/lib/python3.12/site-packages/airflow/example_dags/example_skip_dag.py
[2024-12-22T11:25:06.474+0000] {logging_mixin.py:190} INFO - [2024-12-22T11:25:06.474+0000] {dag.py:3239} INFO - Sync 1 DAGs
[2024-12-22T11:25:06.549+0000] {logging_mixin.py:190} INFO - [2024-12-22T11:25:06.548+0000] {dag.py:4180} INFO - Setting next_dagrun for example_skip_dag to 2024-12-21 00:00:00+00:00, run_after=2024-12-22 00:00:00+00:00
[2024-12-22T11:25:06.600+0000] {processor.py:208} INFO - Processing /home/airflow/.local/lib/python3.12/site-packages/airflow/example_dags/example_skip_dag.py took 0.249 seconds
[2024-12-22T11:25:36.979+0000] {processor.py:186} INFO - Started process (PID=968) to work on /home/airflow/.local/lib/python3.12/site-packages/airflow/example_dags/example_skip_dag.py
[2024-12-22T11:25:36.981+0000] {processor.py:914} INFO - Processing file /home/airflow/.local/lib/python3.12/site-packages/airflow/example_dags/example_skip_dag.py for tasks to queue
[2024-12-22T11:25:36.986+0000] {logging_mixin.py:190} INFO - [2024-12-22T11:25:36.985+0000] {dagbag.py:588} INFO - Filling up the DagBag from /home/airflow/.local/lib/python3.12/site-packages/airflow/example_dags/example_skip_dag.py
[2024-12-22T11:25:37.005+0000] {processor.py:925} INFO - DAG(s) 'example_skip_dag' retrieved from /home/airflow/.local/lib/python3.12/site-packages/airflow/example_dags/example_skip_dag.py
[2024-12-22T11:25:37.054+0000] {logging_mixin.py:190} INFO - [2024-12-22T11:25:37.053+0000] {dag.py:3239} INFO - Sync 1 DAGs
[2024-12-22T11:25:37.113+0000] {logging_mixin.py:190} INFO - [2024-12-22T11:25:37.113+0000] {dag.py:4180} INFO - Setting next_dagrun for example_skip_dag to 2024-12-21 00:00:00+00:00, run_after=2024-12-22 00:00:00+00:00
[2024-12-22T11:25:37.153+0000] {processor.py:208} INFO - Processing /home/airflow/.local/lib/python3.12/site-packages/airflow/example_dags/example_skip_dag.py took 0.188 seconds
[2024-12-22T11:26:34.955+0000] {processor.py:186} INFO - Started process (PID=1047) to work on /home/airflow/.local/lib/python3.12/site-packages/airflow/example_dags/example_skip_dag.py
[2024-12-22T11:26:34.965+0000] {processor.py:914} INFO - Processing file /home/airflow/.local/lib/python3.12/site-packages/airflow/example_dags/example_skip_dag.py for tasks to queue
[2024-12-22T11:26:34.973+0000] {logging_mixin.py:190} INFO - [2024-12-22T11:26:34.972+0000] {dagbag.py:588} INFO - Filling up the DagBag from /home/airflow/.local/lib/python3.12/site-packages/airflow/example_dags/example_skip_dag.py
[2024-12-22T11:26:35.010+0000] {processor.py:925} INFO - DAG(s) 'example_skip_dag' retrieved from /home/airflow/.local/lib/python3.12/site-packages/airflow/example_dags/example_skip_dag.py
[2024-12-22T11:26:35.100+0000] {logging_mixin.py:190} INFO - [2024-12-22T11:26:35.098+0000] {dag.py:3239} INFO - Sync 1 DAGs
[2024-12-22T11:26:35.178+0000] {logging_mixin.py:190} INFO - [2024-12-22T11:26:35.177+0000] {dag.py:4180} INFO - Setting next_dagrun for example_skip_dag to 2024-12-21 00:00:00+00:00, run_after=2024-12-22 00:00:00+00:00
[2024-12-22T11:26:35.237+0000] {processor.py:208} INFO - Processing /home/airflow/.local/lib/python3.12/site-packages/airflow/example_dags/example_skip_dag.py took 0.320 seconds
[2024-12-22T11:27:10.472+0000] {processor.py:186} INFO - Started process (PID=1112) to work on /home/airflow/.local/lib/python3.12/site-packages/airflow/example_dags/example_skip_dag.py
[2024-12-22T11:27:10.474+0000] {processor.py:914} INFO - Processing file /home/airflow/.local/lib/python3.12/site-packages/airflow/example_dags/example_skip_dag.py for tasks to queue
[2024-12-22T11:27:10.477+0000] {logging_mixin.py:190} INFO - [2024-12-22T11:27:10.476+0000] {dagbag.py:588} INFO - Filling up the DagBag from /home/airflow/.local/lib/python3.12/site-packages/airflow/example_dags/example_skip_dag.py
[2024-12-22T11:27:10.497+0000] {processor.py:925} INFO - DAG(s) 'example_skip_dag' retrieved from /home/airflow/.local/lib/python3.12/site-packages/airflow/example_dags/example_skip_dag.py
[2024-12-22T11:27:10.555+0000] {logging_mixin.py:190} INFO - [2024-12-22T11:27:10.554+0000] {dag.py:3239} INFO - Sync 1 DAGs
[2024-12-22T11:27:10.615+0000] {logging_mixin.py:190} INFO - [2024-12-22T11:27:10.615+0000] {dag.py:4180} INFO - Setting next_dagrun for example_skip_dag to 2024-12-21 00:00:00+00:00, run_after=2024-12-22 00:00:00+00:00
[2024-12-22T11:27:10.658+0000] {processor.py:208} INFO - Processing /home/airflow/.local/lib/python3.12/site-packages/airflow/example_dags/example_skip_dag.py took 0.201 seconds
[2024-12-22T11:27:49.288+0000] {processor.py:186} INFO - Started process (PID=1177) to work on /home/airflow/.local/lib/python3.12/site-packages/airflow/example_dags/example_skip_dag.py
[2024-12-22T11:27:49.290+0000] {processor.py:914} INFO - Processing file /home/airflow/.local/lib/python3.12/site-packages/airflow/example_dags/example_skip_dag.py for tasks to queue
[2024-12-22T11:27:49.293+0000] {logging_mixin.py:190} INFO - [2024-12-22T11:27:49.292+0000] {dagbag.py:588} INFO - Filling up the DagBag from /home/airflow/.local/lib/python3.12/site-packages/airflow/example_dags/example_skip_dag.py
[2024-12-22T11:27:49.316+0000] {processor.py:925} INFO - DAG(s) 'example_skip_dag' retrieved from /home/airflow/.local/lib/python3.12/site-packages/airflow/example_dags/example_skip_dag.py
[2024-12-22T11:27:49.379+0000] {logging_mixin.py:190} INFO - [2024-12-22T11:27:49.378+0000] {dag.py:3239} INFO - Sync 1 DAGs
[2024-12-22T11:27:49.454+0000] {logging_mixin.py:190} INFO - [2024-12-22T11:27:49.453+0000] {dag.py:4180} INFO - Setting next_dagrun for example_skip_dag to 2024-12-21 00:00:00+00:00, run_after=2024-12-22 00:00:00+00:00
[2024-12-22T11:27:49.502+0000] {processor.py:208} INFO - Processing /home/airflow/.local/lib/python3.12/site-packages/airflow/example_dags/example_skip_dag.py took 0.229 seconds
[2024-12-22T11:28:28.729+0000] {processor.py:186} INFO - Started process (PID=1250) to work on /home/airflow/.local/lib/python3.12/site-packages/airflow/example_dags/example_skip_dag.py
[2024-12-22T11:28:28.732+0000] {processor.py:914} INFO - Processing file /home/airflow/.local/lib/python3.12/site-packages/airflow/example_dags/example_skip_dag.py for tasks to queue
[2024-12-22T11:28:28.736+0000] {logging_mixin.py:190} INFO - [2024-12-22T11:28:28.735+0000] {dagbag.py:588} INFO - Filling up the DagBag from /home/airflow/.local/lib/python3.12/site-packages/airflow/example_dags/example_skip_dag.py
[2024-12-22T11:28:28.759+0000] {processor.py:925} INFO - DAG(s) 'example_skip_dag' retrieved from /home/airflow/.local/lib/python3.12/site-packages/airflow/example_dags/example_skip_dag.py
[2024-12-22T11:28:28.805+0000] {logging_mixin.py:190} INFO - [2024-12-22T11:28:28.805+0000] {dag.py:3239} INFO - Sync 1 DAGs
[2024-12-22T11:28:28.867+0000] {logging_mixin.py:190} INFO - [2024-12-22T11:28:28.867+0000] {dag.py:4180} INFO - Setting next_dagrun for example_skip_dag to 2024-12-21 00:00:00+00:00, run_after=2024-12-22 00:00:00+00:00
[2024-12-22T11:28:28.930+0000] {processor.py:208} INFO - Processing /home/airflow/.local/lib/python3.12/site-packages/airflow/example_dags/example_skip_dag.py took 0.217 seconds
[2024-12-22T11:29:04.054+0000] {processor.py:186} INFO - Started process (PID=1315) to work on /home/airflow/.local/lib/python3.12/site-packages/airflow/example_dags/example_skip_dag.py
[2024-12-22T11:29:04.059+0000] {processor.py:914} INFO - Processing file /home/airflow/.local/lib/python3.12/site-packages/airflow/example_dags/example_skip_dag.py for tasks to queue
[2024-12-22T11:29:04.064+0000] {logging_mixin.py:190} INFO - [2024-12-22T11:29:04.063+0000] {dagbag.py:588} INFO - Filling up the DagBag from /home/airflow/.local/lib/python3.12/site-packages/airflow/example_dags/example_skip_dag.py
[2024-12-22T11:29:04.102+0000] {processor.py:925} INFO - DAG(s) 'example_skip_dag' retrieved from /home/airflow/.local/lib/python3.12/site-packages/airflow/example_dags/example_skip_dag.py
[2024-12-22T11:29:04.193+0000] {logging_mixin.py:190} INFO - [2024-12-22T11:29:04.192+0000] {dag.py:3239} INFO - Sync 1 DAGs
[2024-12-22T11:29:04.319+0000] {logging_mixin.py:190} INFO - [2024-12-22T11:29:04.318+0000] {dag.py:4180} INFO - Setting next_dagrun for example_skip_dag to 2024-12-21 00:00:00+00:00, run_after=2024-12-22 00:00:00+00:00
[2024-12-22T11:29:05.267+0000] {processor.py:208} INFO - Processing /home/airflow/.local/lib/python3.12/site-packages/airflow/example_dags/example_skip_dag.py took 1.242 seconds
[2024-12-22T11:29:41.049+0000] {processor.py:186} INFO - Started process (PID=1382) to work on /home/airflow/.local/lib/python3.12/site-packages/airflow/example_dags/example_skip_dag.py
[2024-12-22T11:29:41.053+0000] {processor.py:914} INFO - Processing file /home/airflow/.local/lib/python3.12/site-packages/airflow/example_dags/example_skip_dag.py for tasks to queue
[2024-12-22T11:29:41.058+0000] {logging_mixin.py:190} INFO - [2024-12-22T11:29:41.056+0000] {dagbag.py:588} INFO - Filling up the DagBag from /home/airflow/.local/lib/python3.12/site-packages/airflow/example_dags/example_skip_dag.py
[2024-12-22T11:29:41.092+0000] {processor.py:925} INFO - DAG(s) 'example_skip_dag' retrieved from /home/airflow/.local/lib/python3.12/site-packages/airflow/example_dags/example_skip_dag.py
[2024-12-22T11:29:41.153+0000] {logging_mixin.py:190} INFO - [2024-12-22T11:29:41.153+0000] {dag.py:3239} INFO - Sync 1 DAGs
[2024-12-22T11:29:41.221+0000] {logging_mixin.py:190} INFO - [2024-12-22T11:29:41.221+0000] {dag.py:4180} INFO - Setting next_dagrun for example_skip_dag to 2024-12-21 00:00:00+00:00, run_after=2024-12-22 00:00:00+00:00
[2024-12-22T11:29:42.307+0000] {processor.py:208} INFO - Processing /home/airflow/.local/lib/python3.12/site-packages/airflow/example_dags/example_skip_dag.py took 1.280 seconds
[2024-12-22T11:30:16.023+0000] {processor.py:186} INFO - Started process (PID=1447) to work on /home/airflow/.local/lib/python3.12/site-packages/airflow/example_dags/example_skip_dag.py
[2024-12-22T11:30:16.026+0000] {processor.py:914} INFO - Processing file /home/airflow/.local/lib/python3.12/site-packages/airflow/example_dags/example_skip_dag.py for tasks to queue
[2024-12-22T11:30:16.030+0000] {logging_mixin.py:190} INFO - [2024-12-22T11:30:16.029+0000] {dagbag.py:588} INFO - Filling up the DagBag from /home/airflow/.local/lib/python3.12/site-packages/airflow/example_dags/example_skip_dag.py
[2024-12-22T11:30:16.054+0000] {processor.py:925} INFO - DAG(s) 'example_skip_dag' retrieved from /home/airflow/.local/lib/python3.12/site-packages/airflow/example_dags/example_skip_dag.py
[2024-12-22T11:30:16.128+0000] {logging_mixin.py:190} INFO - [2024-12-22T11:30:16.127+0000] {dag.py:3239} INFO - Sync 1 DAGs
[2024-12-22T11:30:16.207+0000] {logging_mixin.py:190} INFO - [2024-12-22T11:30:16.206+0000] {dag.py:4180} INFO - Setting next_dagrun for example_skip_dag to 2024-12-21 00:00:00+00:00, run_after=2024-12-22 00:00:00+00:00
[2024-12-22T11:30:16.253+0000] {processor.py:208} INFO - Processing /home/airflow/.local/lib/python3.12/site-packages/airflow/example_dags/example_skip_dag.py took 0.246 seconds
[2024-12-22T11:30:47.850+0000] {processor.py:186} INFO - Started process (PID=1512) to work on /home/airflow/.local/lib/python3.12/site-packages/airflow/example_dags/example_skip_dag.py
[2024-12-22T11:30:47.852+0000] {processor.py:914} INFO - Processing file /home/airflow/.local/lib/python3.12/site-packages/airflow/example_dags/example_skip_dag.py for tasks to queue
[2024-12-22T11:30:47.855+0000] {logging_mixin.py:190} INFO - [2024-12-22T11:30:47.854+0000] {dagbag.py:588} INFO - Filling up the DagBag from /home/airflow/.local/lib/python3.12/site-packages/airflow/example_dags/example_skip_dag.py
[2024-12-22T11:30:47.877+0000] {processor.py:925} INFO - DAG(s) 'example_skip_dag' retrieved from /home/airflow/.local/lib/python3.12/site-packages/airflow/example_dags/example_skip_dag.py
[2024-12-22T11:30:47.923+0000] {logging_mixin.py:190} INFO - [2024-12-22T11:30:47.923+0000] {dag.py:3239} INFO - Sync 1 DAGs
[2024-12-22T11:30:47.976+0000] {logging_mixin.py:190} INFO - [2024-12-22T11:30:47.976+0000] {dag.py:4180} INFO - Setting next_dagrun for example_skip_dag to 2024-12-21 00:00:00+00:00, run_after=2024-12-22 00:00:00+00:00
[2024-12-22T11:30:48.022+0000] {processor.py:208} INFO - Processing /home/airflow/.local/lib/python3.12/site-packages/airflow/example_dags/example_skip_dag.py took 0.187 seconds
[2024-12-22T11:31:18.979+0000] {processor.py:186} INFO - Started process (PID=1577) to work on /home/airflow/.local/lib/python3.12/site-packages/airflow/example_dags/example_skip_dag.py
[2024-12-22T11:31:18.981+0000] {processor.py:914} INFO - Processing file /home/airflow/.local/lib/python3.12/site-packages/airflow/example_dags/example_skip_dag.py for tasks to queue
[2024-12-22T11:31:18.984+0000] {logging_mixin.py:190} INFO - [2024-12-22T11:31:18.983+0000] {dagbag.py:588} INFO - Filling up the DagBag from /home/airflow/.local/lib/python3.12/site-packages/airflow/example_dags/example_skip_dag.py
[2024-12-22T11:31:19.010+0000] {processor.py:925} INFO - DAG(s) 'example_skip_dag' retrieved from /home/airflow/.local/lib/python3.12/site-packages/airflow/example_dags/example_skip_dag.py
[2024-12-22T11:31:19.071+0000] {logging_mixin.py:190} INFO - [2024-12-22T11:31:19.070+0000] {dag.py:3239} INFO - Sync 1 DAGs
[2024-12-22T11:31:19.131+0000] {logging_mixin.py:190} INFO - [2024-12-22T11:31:19.130+0000] {dag.py:4180} INFO - Setting next_dagrun for example_skip_dag to 2024-12-21 00:00:00+00:00, run_after=2024-12-22 00:00:00+00:00
[2024-12-22T11:31:20.217+0000] {processor.py:208} INFO - Processing /home/airflow/.local/lib/python3.12/site-packages/airflow/example_dags/example_skip_dag.py took 1.253 seconds
[2024-12-22T11:31:53.568+0000] {processor.py:186} INFO - Started process (PID=1642) to work on /home/airflow/.local/lib/python3.12/site-packages/airflow/example_dags/example_skip_dag.py
[2024-12-22T11:31:53.571+0000] {processor.py:914} INFO - Processing file /home/airflow/.local/lib/python3.12/site-packages/airflow/example_dags/example_skip_dag.py for tasks to queue
[2024-12-22T11:31:53.575+0000] {logging_mixin.py:190} INFO - [2024-12-22T11:31:53.574+0000] {dagbag.py:588} INFO - Filling up the DagBag from /home/airflow/.local/lib/python3.12/site-packages/airflow/example_dags/example_skip_dag.py
[2024-12-22T11:31:53.604+0000] {processor.py:925} INFO - DAG(s) 'example_skip_dag' retrieved from /home/airflow/.local/lib/python3.12/site-packages/airflow/example_dags/example_skip_dag.py
[2024-12-22T11:31:53.684+0000] {logging_mixin.py:190} INFO - [2024-12-22T11:31:53.683+0000] {dag.py:3239} INFO - Sync 1 DAGs
[2024-12-22T11:31:53.787+0000] {logging_mixin.py:190} INFO - [2024-12-22T11:31:53.787+0000] {dag.py:4180} INFO - Setting next_dagrun for example_skip_dag to 2024-12-21 00:00:00+00:00, run_after=2024-12-22 00:00:00+00:00
[2024-12-22T11:31:53.857+0000] {processor.py:208} INFO - Processing /home/airflow/.local/lib/python3.12/site-packages/airflow/example_dags/example_skip_dag.py took 0.306 seconds
[2024-12-22T11:32:33.240+0000] {processor.py:186} INFO - Started process (PID=1714) to work on /home/airflow/.local/lib/python3.12/site-packages/airflow/example_dags/example_skip_dag.py
[2024-12-22T11:32:33.243+0000] {processor.py:914} INFO - Processing file /home/airflow/.local/lib/python3.12/site-packages/airflow/example_dags/example_skip_dag.py for tasks to queue
[2024-12-22T11:32:33.247+0000] {logging_mixin.py:190} INFO - [2024-12-22T11:32:33.246+0000] {dagbag.py:588} INFO - Filling up the DagBag from /home/airflow/.local/lib/python3.12/site-packages/airflow/example_dags/example_skip_dag.py
[2024-12-22T11:32:33.279+0000] {processor.py:925} INFO - DAG(s) 'example_skip_dag' retrieved from /home/airflow/.local/lib/python3.12/site-packages/airflow/example_dags/example_skip_dag.py
[2024-12-22T11:32:33.340+0000] {logging_mixin.py:190} INFO - [2024-12-22T11:32:33.340+0000] {dag.py:3239} INFO - Sync 1 DAGs
[2024-12-22T11:32:33.418+0000] {logging_mixin.py:190} INFO - [2024-12-22T11:32:33.418+0000] {dag.py:4180} INFO - Setting next_dagrun for example_skip_dag to 2024-12-21 00:00:00+00:00, run_after=2024-12-22 00:00:00+00:00
[2024-12-22T11:32:33.464+0000] {processor.py:208} INFO - Processing /home/airflow/.local/lib/python3.12/site-packages/airflow/example_dags/example_skip_dag.py took 0.242 seconds
[2024-12-22T11:33:09.097+0000] {processor.py:186} INFO - Started process (PID=1770) to work on /home/airflow/.local/lib/python3.12/site-packages/airflow/example_dags/example_skip_dag.py
[2024-12-22T11:33:09.100+0000] {processor.py:914} INFO - Processing file /home/airflow/.local/lib/python3.12/site-packages/airflow/example_dags/example_skip_dag.py for tasks to queue
[2024-12-22T11:33:09.103+0000] {logging_mixin.py:190} INFO - [2024-12-22T11:33:09.103+0000] {dagbag.py:588} INFO - Filling up the DagBag from /home/airflow/.local/lib/python3.12/site-packages/airflow/example_dags/example_skip_dag.py
[2024-12-22T11:33:09.133+0000] {processor.py:925} INFO - DAG(s) 'example_skip_dag' retrieved from /home/airflow/.local/lib/python3.12/site-packages/airflow/example_dags/example_skip_dag.py
[2024-12-22T11:33:09.203+0000] {logging_mixin.py:190} INFO - [2024-12-22T11:33:09.203+0000] {dag.py:3239} INFO - Sync 1 DAGs
[2024-12-22T11:33:09.272+0000] {logging_mixin.py:190} INFO - [2024-12-22T11:33:09.271+0000] {dag.py:4180} INFO - Setting next_dagrun for example_skip_dag to 2024-12-21 00:00:00+00:00, run_after=2024-12-22 00:00:00+00:00
[2024-12-22T11:33:09.317+0000] {processor.py:208} INFO - Processing /home/airflow/.local/lib/python3.12/site-packages/airflow/example_dags/example_skip_dag.py took 0.239 seconds
[2024-12-22T11:33:49.134+0000] {processor.py:186} INFO - Started process (PID=1834) to work on /home/airflow/.local/lib/python3.12/site-packages/airflow/example_dags/example_skip_dag.py
[2024-12-22T11:33:49.136+0000] {processor.py:914} INFO - Processing file /home/airflow/.local/lib/python3.12/site-packages/airflow/example_dags/example_skip_dag.py for tasks to queue
[2024-12-22T11:33:49.140+0000] {logging_mixin.py:190} INFO - [2024-12-22T11:33:49.139+0000] {dagbag.py:588} INFO - Filling up the DagBag from /home/airflow/.local/lib/python3.12/site-packages/airflow/example_dags/example_skip_dag.py
[2024-12-22T11:33:49.172+0000] {processor.py:925} INFO - DAG(s) 'example_skip_dag' retrieved from /home/airflow/.local/lib/python3.12/site-packages/airflow/example_dags/example_skip_dag.py
[2024-12-22T11:33:49.254+0000] {logging_mixin.py:190} INFO - [2024-12-22T11:33:49.253+0000] {dag.py:3239} INFO - Sync 1 DAGs
[2024-12-22T11:33:49.334+0000] {logging_mixin.py:190} INFO - [2024-12-22T11:33:49.333+0000] {dag.py:4180} INFO - Setting next_dagrun for example_skip_dag to 2024-12-21 00:00:00+00:00, run_after=2024-12-22 00:00:00+00:00
[2024-12-22T11:33:49.398+0000] {processor.py:208} INFO - Processing /home/airflow/.local/lib/python3.12/site-packages/airflow/example_dags/example_skip_dag.py took 0.282 seconds
[2024-12-22T11:34:27.472+0000] {processor.py:186} INFO - Started process (PID=1899) to work on /home/airflow/.local/lib/python3.12/site-packages/airflow/example_dags/example_skip_dag.py
[2024-12-22T11:34:27.475+0000] {processor.py:914} INFO - Processing file /home/airflow/.local/lib/python3.12/site-packages/airflow/example_dags/example_skip_dag.py for tasks to queue
[2024-12-22T11:34:27.479+0000] {logging_mixin.py:190} INFO - [2024-12-22T11:34:27.478+0000] {dagbag.py:588} INFO - Filling up the DagBag from /home/airflow/.local/lib/python3.12/site-packages/airflow/example_dags/example_skip_dag.py
[2024-12-22T11:34:27.503+0000] {processor.py:925} INFO - DAG(s) 'example_skip_dag' retrieved from /home/airflow/.local/lib/python3.12/site-packages/airflow/example_dags/example_skip_dag.py
[2024-12-22T11:34:27.575+0000] {logging_mixin.py:190} INFO - [2024-12-22T11:34:27.574+0000] {dag.py:3239} INFO - Sync 1 DAGs
[2024-12-22T11:34:27.671+0000] {logging_mixin.py:190} INFO - [2024-12-22T11:34:27.671+0000] {dag.py:4180} INFO - Setting next_dagrun for example_skip_dag to 2024-12-21 00:00:00+00:00, run_after=2024-12-22 00:00:00+00:00
[2024-12-22T11:34:27.713+0000] {processor.py:208} INFO - Processing /home/airflow/.local/lib/python3.12/site-packages/airflow/example_dags/example_skip_dag.py took 0.259 seconds
[2024-12-22T11:35:03.318+0000] {processor.py:186} INFO - Started process (PID=1972) to work on /home/airflow/.local/lib/python3.12/site-packages/airflow/example_dags/example_skip_dag.py
[2024-12-22T11:35:03.321+0000] {processor.py:914} INFO - Processing file /home/airflow/.local/lib/python3.12/site-packages/airflow/example_dags/example_skip_dag.py for tasks to queue
[2024-12-22T11:35:03.325+0000] {logging_mixin.py:190} INFO - [2024-12-22T11:35:03.324+0000] {dagbag.py:588} INFO - Filling up the DagBag from /home/airflow/.local/lib/python3.12/site-packages/airflow/example_dags/example_skip_dag.py
[2024-12-22T11:35:03.364+0000] {processor.py:925} INFO - DAG(s) 'example_skip_dag' retrieved from /home/airflow/.local/lib/python3.12/site-packages/airflow/example_dags/example_skip_dag.py
[2024-12-22T11:35:03.461+0000] {logging_mixin.py:190} INFO - [2024-12-22T11:35:03.460+0000] {dag.py:3239} INFO - Sync 1 DAGs
[2024-12-22T11:35:03.581+0000] {logging_mixin.py:190} INFO - [2024-12-22T11:35:03.581+0000] {dag.py:4180} INFO - Setting next_dagrun for example_skip_dag to 2024-12-21 00:00:00+00:00, run_after=2024-12-22 00:00:00+00:00
[2024-12-22T11:35:03.653+0000] {processor.py:208} INFO - Processing /home/airflow/.local/lib/python3.12/site-packages/airflow/example_dags/example_skip_dag.py took 0.353 seconds
[2024-12-22T11:35:39.043+0000] {processor.py:186} INFO - Started process (PID=2037) to work on /home/airflow/.local/lib/python3.12/site-packages/airflow/example_dags/example_skip_dag.py
[2024-12-22T11:35:39.045+0000] {processor.py:914} INFO - Processing file /home/airflow/.local/lib/python3.12/site-packages/airflow/example_dags/example_skip_dag.py for tasks to queue
[2024-12-22T11:35:39.048+0000] {logging_mixin.py:190} INFO - [2024-12-22T11:35:39.047+0000] {dagbag.py:588} INFO - Filling up the DagBag from /home/airflow/.local/lib/python3.12/site-packages/airflow/example_dags/example_skip_dag.py
[2024-12-22T11:35:39.071+0000] {processor.py:925} INFO - DAG(s) 'example_skip_dag' retrieved from /home/airflow/.local/lib/python3.12/site-packages/airflow/example_dags/example_skip_dag.py
[2024-12-22T11:35:39.124+0000] {logging_mixin.py:190} INFO - [2024-12-22T11:35:39.123+0000] {dag.py:3239} INFO - Sync 1 DAGs
[2024-12-22T11:35:39.189+0000] {logging_mixin.py:190} INFO - [2024-12-22T11:35:39.189+0000] {dag.py:4180} INFO - Setting next_dagrun for example_skip_dag to 2024-12-21 00:00:00+00:00, run_after=2024-12-22 00:00:00+00:00
[2024-12-22T11:35:39.235+0000] {processor.py:208} INFO - Processing /home/airflow/.local/lib/python3.12/site-packages/airflow/example_dags/example_skip_dag.py took 0.206 seconds
[2024-12-22T11:36:35.477+0000] {processor.py:186} INFO - Started process (PID=2101) to work on /home/airflow/.local/lib/python3.12/site-packages/airflow/example_dags/example_skip_dag.py
[2024-12-22T11:36:35.479+0000] {processor.py:914} INFO - Processing file /home/airflow/.local/lib/python3.12/site-packages/airflow/example_dags/example_skip_dag.py for tasks to queue
[2024-12-22T11:36:35.483+0000] {logging_mixin.py:190} INFO - [2024-12-22T11:36:35.482+0000] {dagbag.py:588} INFO - Filling up the DagBag from /home/airflow/.local/lib/python3.12/site-packages/airflow/example_dags/example_skip_dag.py
[2024-12-22T11:36:35.504+0000] {processor.py:925} INFO - DAG(s) 'example_skip_dag' retrieved from /home/airflow/.local/lib/python3.12/site-packages/airflow/example_dags/example_skip_dag.py
[2024-12-22T11:36:35.551+0000] {logging_mixin.py:190} INFO - [2024-12-22T11:36:35.551+0000] {dag.py:3239} INFO - Sync 1 DAGs
[2024-12-22T11:36:35.637+0000] {logging_mixin.py:190} INFO - [2024-12-22T11:36:35.636+0000] {dag.py:4180} INFO - Setting next_dagrun for example_skip_dag to 2024-12-21 00:00:00+00:00, run_after=2024-12-22 00:00:00+00:00
[2024-12-22T11:36:35.706+0000] {processor.py:208} INFO - Processing /home/airflow/.local/lib/python3.12/site-packages/airflow/example_dags/example_skip_dag.py took 0.242 seconds
[2024-12-22T11:37:09.707+0000] {processor.py:186} INFO - Started process (PID=2166) to work on /home/airflow/.local/lib/python3.12/site-packages/airflow/example_dags/example_skip_dag.py
[2024-12-22T11:37:09.710+0000] {processor.py:914} INFO - Processing file /home/airflow/.local/lib/python3.12/site-packages/airflow/example_dags/example_skip_dag.py for tasks to queue
[2024-12-22T11:37:09.714+0000] {logging_mixin.py:190} INFO - [2024-12-22T11:37:09.713+0000] {dagbag.py:588} INFO - Filling up the DagBag from /home/airflow/.local/lib/python3.12/site-packages/airflow/example_dags/example_skip_dag.py
[2024-12-22T11:37:09.740+0000] {processor.py:925} INFO - DAG(s) 'example_skip_dag' retrieved from /home/airflow/.local/lib/python3.12/site-packages/airflow/example_dags/example_skip_dag.py
[2024-12-22T11:37:09.805+0000] {logging_mixin.py:190} INFO - [2024-12-22T11:37:09.804+0000] {dag.py:3239} INFO - Sync 1 DAGs
[2024-12-22T11:37:09.890+0000] {logging_mixin.py:190} INFO - [2024-12-22T11:37:09.890+0000] {dag.py:4180} INFO - Setting next_dagrun for example_skip_dag to 2024-12-21 00:00:00+00:00, run_after=2024-12-22 00:00:00+00:00
[2024-12-22T11:37:09.970+0000] {processor.py:208} INFO - Processing /home/airflow/.local/lib/python3.12/site-packages/airflow/example_dags/example_skip_dag.py took 0.281 seconds
[2024-12-22T11:37:42.154+0000] {processor.py:186} INFO - Started process (PID=2231) to work on /home/airflow/.local/lib/python3.12/site-packages/airflow/example_dags/example_skip_dag.py
[2024-12-22T11:37:42.157+0000] {processor.py:914} INFO - Processing file /home/airflow/.local/lib/python3.12/site-packages/airflow/example_dags/example_skip_dag.py for tasks to queue
[2024-12-22T11:37:42.161+0000] {logging_mixin.py:190} INFO - [2024-12-22T11:37:42.160+0000] {dagbag.py:588} INFO - Filling up the DagBag from /home/airflow/.local/lib/python3.12/site-packages/airflow/example_dags/example_skip_dag.py
[2024-12-22T11:37:42.187+0000] {processor.py:925} INFO - DAG(s) 'example_skip_dag' retrieved from /home/airflow/.local/lib/python3.12/site-packages/airflow/example_dags/example_skip_dag.py
[2024-12-22T11:37:42.296+0000] {logging_mixin.py:190} INFO - [2024-12-22T11:37:42.295+0000] {dag.py:3239} INFO - Sync 1 DAGs
[2024-12-22T11:37:42.369+0000] {logging_mixin.py:190} INFO - [2024-12-22T11:37:42.369+0000] {dag.py:4180} INFO - Setting next_dagrun for example_skip_dag to 2024-12-21 00:00:00+00:00, run_after=2024-12-22 00:00:00+00:00
[2024-12-22T11:37:42.424+0000] {processor.py:208} INFO - Processing /home/airflow/.local/lib/python3.12/site-packages/airflow/example_dags/example_skip_dag.py took 0.289 seconds
[2024-12-22T11:38:21.896+0000] {processor.py:186} INFO - Started process (PID=2295) to work on /home/airflow/.local/lib/python3.12/site-packages/airflow/example_dags/example_skip_dag.py
[2024-12-22T11:38:21.898+0000] {processor.py:914} INFO - Processing file /home/airflow/.local/lib/python3.12/site-packages/airflow/example_dags/example_skip_dag.py for tasks to queue
[2024-12-22T11:38:21.902+0000] {logging_mixin.py:190} INFO - [2024-12-22T11:38:21.901+0000] {dagbag.py:588} INFO - Filling up the DagBag from /home/airflow/.local/lib/python3.12/site-packages/airflow/example_dags/example_skip_dag.py
[2024-12-22T11:38:21.932+0000] {processor.py:925} INFO - DAG(s) 'example_skip_dag' retrieved from /home/airflow/.local/lib/python3.12/site-packages/airflow/example_dags/example_skip_dag.py
[2024-12-22T11:38:22.000+0000] {logging_mixin.py:190} INFO - [2024-12-22T11:38:21.999+0000] {dag.py:3239} INFO - Sync 1 DAGs
[2024-12-22T11:38:22.097+0000] {logging_mixin.py:190} INFO - [2024-12-22T11:38:22.096+0000] {dag.py:4180} INFO - Setting next_dagrun for example_skip_dag to 2024-12-21 00:00:00+00:00, run_after=2024-12-22 00:00:00+00:00
[2024-12-22T11:38:22.150+0000] {processor.py:208} INFO - Processing /home/airflow/.local/lib/python3.12/site-packages/airflow/example_dags/example_skip_dag.py took 0.271 seconds
[2024-12-22T11:39:02.341+0000] {processor.py:186} INFO - Started process (PID=2361) to work on /home/airflow/.local/lib/python3.12/site-packages/airflow/example_dags/example_skip_dag.py
[2024-12-22T11:39:02.344+0000] {processor.py:914} INFO - Processing file /home/airflow/.local/lib/python3.12/site-packages/airflow/example_dags/example_skip_dag.py for tasks to queue
[2024-12-22T11:39:02.348+0000] {logging_mixin.py:190} INFO - [2024-12-22T11:39:02.347+0000] {dagbag.py:588} INFO - Filling up the DagBag from /home/airflow/.local/lib/python3.12/site-packages/airflow/example_dags/example_skip_dag.py
[2024-12-22T11:39:02.379+0000] {processor.py:925} INFO - DAG(s) 'example_skip_dag' retrieved from /home/airflow/.local/lib/python3.12/site-packages/airflow/example_dags/example_skip_dag.py
[2024-12-22T11:39:02.462+0000] {logging_mixin.py:190} INFO - [2024-12-22T11:39:02.461+0000] {dag.py:3239} INFO - Sync 1 DAGs
[2024-12-22T11:39:02.595+0000] {logging_mixin.py:190} INFO - [2024-12-22T11:39:02.594+0000] {dag.py:4180} INFO - Setting next_dagrun for example_skip_dag to 2024-12-21 00:00:00+00:00, run_after=2024-12-22 00:00:00+00:00
[2024-12-22T11:39:02.663+0000] {processor.py:208} INFO - Processing /home/airflow/.local/lib/python3.12/site-packages/airflow/example_dags/example_skip_dag.py took 0.348 seconds
[2024-12-22T11:39:38.081+0000] {processor.py:186} INFO - Started process (PID=2422) to work on /home/airflow/.local/lib/python3.12/site-packages/airflow/example_dags/example_skip_dag.py
[2024-12-22T11:39:38.083+0000] {processor.py:914} INFO - Processing file /home/airflow/.local/lib/python3.12/site-packages/airflow/example_dags/example_skip_dag.py for tasks to queue
[2024-12-22T11:39:38.089+0000] {logging_mixin.py:190} INFO - [2024-12-22T11:39:38.088+0000] {dagbag.py:588} INFO - Filling up the DagBag from /home/airflow/.local/lib/python3.12/site-packages/airflow/example_dags/example_skip_dag.py
[2024-12-22T11:39:38.123+0000] {processor.py:925} INFO - DAG(s) 'example_skip_dag' retrieved from /home/airflow/.local/lib/python3.12/site-packages/airflow/example_dags/example_skip_dag.py
[2024-12-22T11:39:38.211+0000] {logging_mixin.py:190} INFO - [2024-12-22T11:39:38.211+0000] {dag.py:3239} INFO - Sync 1 DAGs
[2024-12-22T11:39:38.297+0000] {logging_mixin.py:190} INFO - [2024-12-22T11:39:38.296+0000] {dag.py:4180} INFO - Setting next_dagrun for example_skip_dag to 2024-12-21 00:00:00+00:00, run_after=2024-12-22 00:00:00+00:00
[2024-12-22T11:39:38.369+0000] {processor.py:208} INFO - Processing /home/airflow/.local/lib/python3.12/site-packages/airflow/example_dags/example_skip_dag.py took 0.307 seconds
[2024-12-22T11:40:19.358+0000] {processor.py:186} INFO - Started process (PID=2489) to work on /home/airflow/.local/lib/python3.12/site-packages/airflow/example_dags/example_skip_dag.py
[2024-12-22T11:40:19.360+0000] {processor.py:914} INFO - Processing file /home/airflow/.local/lib/python3.12/site-packages/airflow/example_dags/example_skip_dag.py for tasks to queue
[2024-12-22T11:40:19.363+0000] {logging_mixin.py:190} INFO - [2024-12-22T11:40:19.362+0000] {dagbag.py:588} INFO - Filling up the DagBag from /home/airflow/.local/lib/python3.12/site-packages/airflow/example_dags/example_skip_dag.py
[2024-12-22T11:40:19.399+0000] {processor.py:925} INFO - DAG(s) 'example_skip_dag' retrieved from /home/airflow/.local/lib/python3.12/site-packages/airflow/example_dags/example_skip_dag.py
[2024-12-22T11:40:19.461+0000] {logging_mixin.py:190} INFO - [2024-12-22T11:40:19.460+0000] {dag.py:3239} INFO - Sync 1 DAGs
[2024-12-22T11:40:19.525+0000] {logging_mixin.py:190} INFO - [2024-12-22T11:40:19.524+0000] {dag.py:4180} INFO - Setting next_dagrun for example_skip_dag to 2024-12-21 00:00:00+00:00, run_after=2024-12-22 00:00:00+00:00
[2024-12-22T11:40:19.579+0000] {processor.py:208} INFO - Processing /home/airflow/.local/lib/python3.12/site-packages/airflow/example_dags/example_skip_dag.py took 0.240 seconds
[2024-12-22T11:40:58.763+0000] {processor.py:186} INFO - Started process (PID=2554) to work on /home/airflow/.local/lib/python3.12/site-packages/airflow/example_dags/example_skip_dag.py
[2024-12-22T11:40:58.767+0000] {processor.py:914} INFO - Processing file /home/airflow/.local/lib/python3.12/site-packages/airflow/example_dags/example_skip_dag.py for tasks to queue
[2024-12-22T11:40:58.772+0000] {logging_mixin.py:190} INFO - [2024-12-22T11:40:58.771+0000] {dagbag.py:588} INFO - Filling up the DagBag from /home/airflow/.local/lib/python3.12/site-packages/airflow/example_dags/example_skip_dag.py
[2024-12-22T11:40:58.807+0000] {processor.py:925} INFO - DAG(s) 'example_skip_dag' retrieved from /home/airflow/.local/lib/python3.12/site-packages/airflow/example_dags/example_skip_dag.py
[2024-12-22T11:40:58.659+0000] {logging_mixin.py:190} INFO - [2024-12-22T11:40:58.659+0000] {dag.py:3239} INFO - Sync 1 DAGs
[2024-12-22T11:40:58.733+0000] {logging_mixin.py:190} INFO - [2024-12-22T11:40:58.733+0000] {dag.py:4180} INFO - Setting next_dagrun for example_skip_dag to 2024-12-21 00:00:00+00:00, run_after=2024-12-22 00:00:00+00:00
[2024-12-22T11:40:58.789+0000] {processor.py:208} INFO - Processing /home/airflow/.local/lib/python3.12/site-packages/airflow/example_dags/example_skip_dag.py took 0.275 seconds
[2024-12-22T11:41:35.732+0000] {processor.py:186} INFO - Started process (PID=2625) to work on /home/airflow/.local/lib/python3.12/site-packages/airflow/example_dags/example_skip_dag.py
[2024-12-22T11:41:35.734+0000] {processor.py:914} INFO - Processing file /home/airflow/.local/lib/python3.12/site-packages/airflow/example_dags/example_skip_dag.py for tasks to queue
[2024-12-22T11:41:35.739+0000] {logging_mixin.py:190} INFO - [2024-12-22T11:41:35.737+0000] {dagbag.py:588} INFO - Filling up the DagBag from /home/airflow/.local/lib/python3.12/site-packages/airflow/example_dags/example_skip_dag.py
[2024-12-22T11:41:35.773+0000] {processor.py:925} INFO - DAG(s) 'example_skip_dag' retrieved from /home/airflow/.local/lib/python3.12/site-packages/airflow/example_dags/example_skip_dag.py
[2024-12-22T11:41:35.838+0000] {logging_mixin.py:190} INFO - [2024-12-22T11:41:35.837+0000] {dag.py:3239} INFO - Sync 1 DAGs
[2024-12-22T11:41:35.918+0000] {logging_mixin.py:190} INFO - [2024-12-22T11:41:35.917+0000] {dag.py:4180} INFO - Setting next_dagrun for example_skip_dag to 2024-12-21 00:00:00+00:00, run_after=2024-12-22 00:00:00+00:00
[2024-12-22T11:41:35.963+0000] {processor.py:208} INFO - Processing /home/airflow/.local/lib/python3.12/site-packages/airflow/example_dags/example_skip_dag.py took 0.251 seconds
[2024-12-22T11:43:18.859+0000] {processor.py:186} INFO - Started process (PID=2687) to work on /home/airflow/.local/lib/python3.12/site-packages/airflow/example_dags/example_skip_dag.py
[2024-12-22T11:43:18.862+0000] {processor.py:914} INFO - Processing file /home/airflow/.local/lib/python3.12/site-packages/airflow/example_dags/example_skip_dag.py for tasks to queue
[2024-12-22T11:43:18.866+0000] {logging_mixin.py:190} INFO - [2024-12-22T11:43:18.865+0000] {dagbag.py:588} INFO - Filling up the DagBag from /home/airflow/.local/lib/python3.12/site-packages/airflow/example_dags/example_skip_dag.py
[2024-12-22T11:43:18.903+0000] {processor.py:925} INFO - DAG(s) 'example_skip_dag' retrieved from /home/airflow/.local/lib/python3.12/site-packages/airflow/example_dags/example_skip_dag.py
[2024-12-22T11:43:18.967+0000] {logging_mixin.py:190} INFO - [2024-12-22T11:43:18.967+0000] {dag.py:3239} INFO - Sync 1 DAGs
[2024-12-22T11:43:19.058+0000] {logging_mixin.py:190} INFO - [2024-12-22T11:43:19.058+0000] {dag.py:4180} INFO - Setting next_dagrun for example_skip_dag to 2024-12-21 00:00:00+00:00, run_after=2024-12-22 00:00:00+00:00
[2024-12-22T11:43:20.134+0000] {processor.py:208} INFO - Processing /home/airflow/.local/lib/python3.12/site-packages/airflow/example_dags/example_skip_dag.py took 1.299 seconds
[2024-12-22T11:45:53.467+0000] {processor.py:186} INFO - Started process (PID=2755) to work on /home/airflow/.local/lib/python3.12/site-packages/airflow/example_dags/example_skip_dag.py
[2024-12-22T11:45:53.470+0000] {processor.py:914} INFO - Processing file /home/airflow/.local/lib/python3.12/site-packages/airflow/example_dags/example_skip_dag.py for tasks to queue
[2024-12-22T11:45:53.477+0000] {logging_mixin.py:190} INFO - [2024-12-22T11:45:53.475+0000] {dagbag.py:588} INFO - Filling up the DagBag from /home/airflow/.local/lib/python3.12/site-packages/airflow/example_dags/example_skip_dag.py
[2024-12-22T11:45:53.519+0000] {processor.py:925} INFO - DAG(s) 'example_skip_dag' retrieved from /home/airflow/.local/lib/python3.12/site-packages/airflow/example_dags/example_skip_dag.py
[2024-12-22T11:45:53.663+0000] {logging_mixin.py:190} INFO - [2024-12-22T11:45:53.662+0000] {dag.py:3239} INFO - Sync 1 DAGs
[2024-12-22T11:45:53.780+0000] {logging_mixin.py:190} INFO - [2024-12-22T11:45:53.778+0000] {dag.py:4180} INFO - Setting next_dagrun for example_skip_dag to 2024-12-21 00:00:00+00:00, run_after=2024-12-22 00:00:00+00:00
[2024-12-22T11:45:53.871+0000] {processor.py:208} INFO - Processing /home/airflow/.local/lib/python3.12/site-packages/airflow/example_dags/example_skip_dag.py took 0.431 seconds
[2024-12-22T11:50:06.782+0000] {processor.py:186} INFO - Started process (PID=102) to work on /home/airflow/.local/lib/python3.12/site-packages/airflow/example_dags/example_skip_dag.py
[2024-12-22T11:50:06.784+0000] {processor.py:914} INFO - Processing file /home/airflow/.local/lib/python3.12/site-packages/airflow/example_dags/example_skip_dag.py for tasks to queue
[2024-12-22T11:50:06.787+0000] {logging_mixin.py:190} INFO - [2024-12-22T11:50:06.787+0000] {dagbag.py:588} INFO - Filling up the DagBag from /home/airflow/.local/lib/python3.12/site-packages/airflow/example_dags/example_skip_dag.py
[2024-12-22T11:50:06.797+0000] {processor.py:925} INFO - DAG(s) 'example_skip_dag' retrieved from /home/airflow/.local/lib/python3.12/site-packages/airflow/example_dags/example_skip_dag.py
[2024-12-22T11:50:06.822+0000] {logging_mixin.py:190} INFO - [2024-12-22T11:50:06.822+0000] {dag.py:3239} INFO - Sync 1 DAGs
[2024-12-22T11:50:06.851+0000] {logging_mixin.py:190} INFO - [2024-12-22T11:50:06.850+0000] {dag.py:4180} INFO - Setting next_dagrun for example_skip_dag to 2024-12-21 00:00:00+00:00, run_after=2024-12-22 00:00:00+00:00
[2024-12-22T11:50:06.876+0000] {processor.py:208} INFO - Processing /home/airflow/.local/lib/python3.12/site-packages/airflow/example_dags/example_skip_dag.py took 0.100 seconds
[2024-12-22T11:50:38.170+0000] {processor.py:186} INFO - Started process (PID=167) to work on /home/airflow/.local/lib/python3.12/site-packages/airflow/example_dags/example_skip_dag.py
[2024-12-22T11:50:38.174+0000] {processor.py:914} INFO - Processing file /home/airflow/.local/lib/python3.12/site-packages/airflow/example_dags/example_skip_dag.py for tasks to queue
[2024-12-22T11:50:38.179+0000] {logging_mixin.py:190} INFO - [2024-12-22T11:50:38.178+0000] {dagbag.py:588} INFO - Filling up the DagBag from /home/airflow/.local/lib/python3.12/site-packages/airflow/example_dags/example_skip_dag.py
[2024-12-22T11:50:38.193+0000] {processor.py:925} INFO - DAG(s) 'example_skip_dag' retrieved from /home/airflow/.local/lib/python3.12/site-packages/airflow/example_dags/example_skip_dag.py
[2024-12-22T11:50:38.233+0000] {logging_mixin.py:190} INFO - [2024-12-22T11:50:38.233+0000] {dag.py:3239} INFO - Sync 1 DAGs
[2024-12-22T11:50:38.289+0000] {logging_mixin.py:190} INFO - [2024-12-22T11:50:38.288+0000] {dag.py:4180} INFO - Setting next_dagrun for example_skip_dag to 2024-12-21 00:00:00+00:00, run_after=2024-12-22 00:00:00+00:00
[2024-12-22T11:50:38.316+0000] {processor.py:208} INFO - Processing /home/airflow/.local/lib/python3.12/site-packages/airflow/example_dags/example_skip_dag.py took 0.163 seconds
[2024-12-22T11:51:16.524+0000] {processor.py:186} INFO - Started process (PID=232) to work on /home/airflow/.local/lib/python3.12/site-packages/airflow/example_dags/example_skip_dag.py
[2024-12-22T11:51:16.525+0000] {processor.py:914} INFO - Processing file /home/airflow/.local/lib/python3.12/site-packages/airflow/example_dags/example_skip_dag.py for tasks to queue
[2024-12-22T11:51:16.529+0000] {logging_mixin.py:190} INFO - [2024-12-22T11:51:16.529+0000] {dagbag.py:588} INFO - Filling up the DagBag from /home/airflow/.local/lib/python3.12/site-packages/airflow/example_dags/example_skip_dag.py
[2024-12-22T11:51:16.539+0000] {processor.py:925} INFO - DAG(s) 'example_skip_dag' retrieved from /home/airflow/.local/lib/python3.12/site-packages/airflow/example_dags/example_skip_dag.py
[2024-12-22T11:51:16.564+0000] {logging_mixin.py:190} INFO - [2024-12-22T11:51:16.564+0000] {dag.py:3239} INFO - Sync 1 DAGs
[2024-12-22T11:51:16.592+0000] {logging_mixin.py:190} INFO - [2024-12-22T11:51:16.592+0000] {dag.py:4180} INFO - Setting next_dagrun for example_skip_dag to 2024-12-21 00:00:00+00:00, run_after=2024-12-22 00:00:00+00:00
[2024-12-22T11:51:16.612+0000] {processor.py:208} INFO - Processing /home/airflow/.local/lib/python3.12/site-packages/airflow/example_dags/example_skip_dag.py took 0.096 seconds
[2024-12-22T11:51:48.323+0000] {processor.py:186} INFO - Started process (PID=303) to work on /home/airflow/.local/lib/python3.12/site-packages/airflow/example_dags/example_skip_dag.py
[2024-12-22T11:51:48.324+0000] {processor.py:914} INFO - Processing file /home/airflow/.local/lib/python3.12/site-packages/airflow/example_dags/example_skip_dag.py for tasks to queue
[2024-12-22T11:51:48.327+0000] {logging_mixin.py:190} INFO - [2024-12-22T11:51:48.326+0000] {dagbag.py:588} INFO - Filling up the DagBag from /home/airflow/.local/lib/python3.12/site-packages/airflow/example_dags/example_skip_dag.py
[2024-12-22T11:51:48.338+0000] {processor.py:925} INFO - DAG(s) 'example_skip_dag' retrieved from /home/airflow/.local/lib/python3.12/site-packages/airflow/example_dags/example_skip_dag.py
[2024-12-22T11:51:48.361+0000] {logging_mixin.py:190} INFO - [2024-12-22T11:51:48.361+0000] {dag.py:3239} INFO - Sync 1 DAGs
[2024-12-22T11:51:48.390+0000] {logging_mixin.py:190} INFO - [2024-12-22T11:51:48.390+0000] {dag.py:4180} INFO - Setting next_dagrun for example_skip_dag to 2024-12-21 00:00:00+00:00, run_after=2024-12-22 00:00:00+00:00
[2024-12-22T11:51:48.412+0000] {processor.py:208} INFO - Processing /home/airflow/.local/lib/python3.12/site-packages/airflow/example_dags/example_skip_dag.py took 0.096 seconds
[2024-12-22T11:52:19.445+0000] {processor.py:186} INFO - Started process (PID=368) to work on /home/airflow/.local/lib/python3.12/site-packages/airflow/example_dags/example_skip_dag.py
[2024-12-22T11:52:19.446+0000] {processor.py:914} INFO - Processing file /home/airflow/.local/lib/python3.12/site-packages/airflow/example_dags/example_skip_dag.py for tasks to queue
[2024-12-22T11:52:19.449+0000] {logging_mixin.py:190} INFO - [2024-12-22T11:52:19.448+0000] {dagbag.py:588} INFO - Filling up the DagBag from /home/airflow/.local/lib/python3.12/site-packages/airflow/example_dags/example_skip_dag.py
[2024-12-22T11:52:19.459+0000] {processor.py:925} INFO - DAG(s) 'example_skip_dag' retrieved from /home/airflow/.local/lib/python3.12/site-packages/airflow/example_dags/example_skip_dag.py
[2024-12-22T11:52:19.485+0000] {logging_mixin.py:190} INFO - [2024-12-22T11:52:19.484+0000] {dag.py:3239} INFO - Sync 1 DAGs
[2024-12-22T11:52:19.515+0000] {logging_mixin.py:190} INFO - [2024-12-22T11:52:19.514+0000] {dag.py:4180} INFO - Setting next_dagrun for example_skip_dag to 2024-12-21 00:00:00+00:00, run_after=2024-12-22 00:00:00+00:00
[2024-12-22T11:52:19.538+0000] {processor.py:208} INFO - Processing /home/airflow/.local/lib/python3.12/site-packages/airflow/example_dags/example_skip_dag.py took 0.101 seconds
[2024-12-22T11:52:51.525+0000] {processor.py:186} INFO - Started process (PID=433) to work on /home/airflow/.local/lib/python3.12/site-packages/airflow/example_dags/example_skip_dag.py
[2024-12-22T11:52:51.527+0000] {processor.py:914} INFO - Processing file /home/airflow/.local/lib/python3.12/site-packages/airflow/example_dags/example_skip_dag.py for tasks to queue
[2024-12-22T11:52:51.533+0000] {logging_mixin.py:190} INFO - [2024-12-22T11:52:51.532+0000] {dagbag.py:588} INFO - Filling up the DagBag from /home/airflow/.local/lib/python3.12/site-packages/airflow/example_dags/example_skip_dag.py
[2024-12-22T11:52:51.547+0000] {processor.py:925} INFO - DAG(s) 'example_skip_dag' retrieved from /home/airflow/.local/lib/python3.12/site-packages/airflow/example_dags/example_skip_dag.py
[2024-12-22T11:52:51.583+0000] {logging_mixin.py:190} INFO - [2024-12-22T11:52:51.580+0000] {dag.py:3239} INFO - Sync 1 DAGs
[2024-12-22T11:52:51.629+0000] {logging_mixin.py:190} INFO - [2024-12-22T11:52:51.629+0000] {dag.py:4180} INFO - Setting next_dagrun for example_skip_dag to 2024-12-21 00:00:00+00:00, run_after=2024-12-22 00:00:00+00:00
[2024-12-22T11:52:51.655+0000] {processor.py:208} INFO - Processing /home/airflow/.local/lib/python3.12/site-packages/airflow/example_dags/example_skip_dag.py took 0.143 seconds
[2024-12-22T11:53:22.526+0000] {processor.py:186} INFO - Started process (PID=498) to work on /home/airflow/.local/lib/python3.12/site-packages/airflow/example_dags/example_skip_dag.py
[2024-12-22T11:53:22.527+0000] {processor.py:914} INFO - Processing file /home/airflow/.local/lib/python3.12/site-packages/airflow/example_dags/example_skip_dag.py for tasks to queue
[2024-12-22T11:53:22.529+0000] {logging_mixin.py:190} INFO - [2024-12-22T11:53:22.529+0000] {dagbag.py:588} INFO - Filling up the DagBag from /home/airflow/.local/lib/python3.12/site-packages/airflow/example_dags/example_skip_dag.py
[2024-12-22T11:53:22.539+0000] {processor.py:925} INFO - DAG(s) 'example_skip_dag' retrieved from /home/airflow/.local/lib/python3.12/site-packages/airflow/example_dags/example_skip_dag.py
[2024-12-22T11:53:22.566+0000] {logging_mixin.py:190} INFO - [2024-12-22T11:53:22.566+0000] {dag.py:3239} INFO - Sync 1 DAGs
[2024-12-22T11:53:22.621+0000] {logging_mixin.py:190} INFO - [2024-12-22T11:53:22.621+0000] {dag.py:4180} INFO - Setting next_dagrun for example_skip_dag to 2024-12-21 00:00:00+00:00, run_after=2024-12-22 00:00:00+00:00
[2024-12-22T11:53:22.652+0000] {processor.py:208} INFO - Processing /home/airflow/.local/lib/python3.12/site-packages/airflow/example_dags/example_skip_dag.py took 0.137 seconds
[2024-12-22T11:53:54.520+0000] {processor.py:186} INFO - Started process (PID=563) to work on /home/airflow/.local/lib/python3.12/site-packages/airflow/example_dags/example_skip_dag.py
[2024-12-22T11:53:54.521+0000] {processor.py:914} INFO - Processing file /home/airflow/.local/lib/python3.12/site-packages/airflow/example_dags/example_skip_dag.py for tasks to queue
[2024-12-22T11:53:54.524+0000] {logging_mixin.py:190} INFO - [2024-12-22T11:53:54.524+0000] {dagbag.py:588} INFO - Filling up the DagBag from /home/airflow/.local/lib/python3.12/site-packages/airflow/example_dags/example_skip_dag.py
[2024-12-22T11:53:54.534+0000] {processor.py:925} INFO - DAG(s) 'example_skip_dag' retrieved from /home/airflow/.local/lib/python3.12/site-packages/airflow/example_dags/example_skip_dag.py
[2024-12-22T11:53:54.560+0000] {logging_mixin.py:190} INFO - [2024-12-22T11:53:54.560+0000] {dag.py:3239} INFO - Sync 1 DAGs
[2024-12-22T11:53:54.589+0000] {logging_mixin.py:190} INFO - [2024-12-22T11:53:54.588+0000] {dag.py:4180} INFO - Setting next_dagrun for example_skip_dag to 2024-12-21 00:00:00+00:00, run_after=2024-12-22 00:00:00+00:00
[2024-12-22T11:53:54.611+0000] {processor.py:208} INFO - Processing /home/airflow/.local/lib/python3.12/site-packages/airflow/example_dags/example_skip_dag.py took 0.098 seconds
[2024-12-22T11:54:27.495+0000] {processor.py:186} INFO - Started process (PID=628) to work on /home/airflow/.local/lib/python3.12/site-packages/airflow/example_dags/example_skip_dag.py
[2024-12-22T11:54:27.520+0000] {processor.py:914} INFO - Processing file /home/airflow/.local/lib/python3.12/site-packages/airflow/example_dags/example_skip_dag.py for tasks to queue
[2024-12-22T11:54:27.523+0000] {logging_mixin.py:190} INFO - [2024-12-22T11:54:27.523+0000] {dagbag.py:588} INFO - Filling up the DagBag from /home/airflow/.local/lib/python3.12/site-packages/airflow/example_dags/example_skip_dag.py
[2024-12-22T11:54:27.535+0000] {processor.py:925} INFO - DAG(s) 'example_skip_dag' retrieved from /home/airflow/.local/lib/python3.12/site-packages/airflow/example_dags/example_skip_dag.py
[2024-12-22T11:54:27.570+0000] {logging_mixin.py:190} INFO - [2024-12-22T11:54:27.570+0000] {dag.py:3239} INFO - Sync 1 DAGs
[2024-12-22T11:54:27.604+0000] {logging_mixin.py:190} INFO - [2024-12-22T11:54:27.604+0000] {dag.py:4180} INFO - Setting next_dagrun for example_skip_dag to 2024-12-21 00:00:00+00:00, run_after=2024-12-22 00:00:00+00:00
[2024-12-22T11:54:27.637+0000] {processor.py:208} INFO - Processing /home/airflow/.local/lib/python3.12/site-packages/airflow/example_dags/example_skip_dag.py took 0.156 seconds
[2024-12-22T11:54:58.407+0000] {processor.py:186} INFO - Started process (PID=693) to work on /home/airflow/.local/lib/python3.12/site-packages/airflow/example_dags/example_skip_dag.py
[2024-12-22T11:54:58.409+0000] {processor.py:914} INFO - Processing file /home/airflow/.local/lib/python3.12/site-packages/airflow/example_dags/example_skip_dag.py for tasks to queue
[2024-12-22T11:54:58.412+0000] {logging_mixin.py:190} INFO - [2024-12-22T11:54:58.411+0000] {dagbag.py:588} INFO - Filling up the DagBag from /home/airflow/.local/lib/python3.12/site-packages/airflow/example_dags/example_skip_dag.py
[2024-12-22T11:54:58.421+0000] {processor.py:925} INFO - DAG(s) 'example_skip_dag' retrieved from /home/airflow/.local/lib/python3.12/site-packages/airflow/example_dags/example_skip_dag.py
[2024-12-22T11:54:58.451+0000] {logging_mixin.py:190} INFO - [2024-12-22T11:54:58.451+0000] {dag.py:3239} INFO - Sync 1 DAGs
[2024-12-22T11:54:58.484+0000] {logging_mixin.py:190} INFO - [2024-12-22T11:54:58.484+0000] {dag.py:4180} INFO - Setting next_dagrun for example_skip_dag to 2024-12-21 00:00:00+00:00, run_after=2024-12-22 00:00:00+00:00
[2024-12-22T11:54:58.506+0000] {processor.py:208} INFO - Processing /home/airflow/.local/lib/python3.12/site-packages/airflow/example_dags/example_skip_dag.py took 0.105 seconds
[2024-12-22T11:56:37.819+0000] {processor.py:186} INFO - Started process (PID=104) to work on /home/airflow/.local/lib/python3.12/site-packages/airflow/example_dags/example_skip_dag.py
[2024-12-22T11:56:37.820+0000] {processor.py:914} INFO - Processing file /home/airflow/.local/lib/python3.12/site-packages/airflow/example_dags/example_skip_dag.py for tasks to queue
[2024-12-22T11:56:37.825+0000] {logging_mixin.py:190} INFO - [2024-12-22T11:56:37.824+0000] {dagbag.py:588} INFO - Filling up the DagBag from /home/airflow/.local/lib/python3.12/site-packages/airflow/example_dags/example_skip_dag.py
[2024-12-22T11:56:37.841+0000] {processor.py:925} INFO - DAG(s) 'example_skip_dag' retrieved from /home/airflow/.local/lib/python3.12/site-packages/airflow/example_dags/example_skip_dag.py
[2024-12-22T11:56:37.876+0000] {logging_mixin.py:190} INFO - [2024-12-22T11:56:37.876+0000] {dag.py:3239} INFO - Sync 1 DAGs
[2024-12-22T11:56:37.914+0000] {logging_mixin.py:190} INFO - [2024-12-22T11:56:37.913+0000] {dag.py:4180} INFO - Setting next_dagrun for example_skip_dag to 2024-12-21 00:00:00+00:00, run_after=2024-12-22 00:00:00+00:00
[2024-12-22T11:56:37.942+0000] {processor.py:208} INFO - Processing /home/airflow/.local/lib/python3.12/site-packages/airflow/example_dags/example_skip_dag.py took 0.133 seconds
[2024-12-22T11:57:10.521+0000] {processor.py:186} INFO - Started process (PID=170) to work on /home/airflow/.local/lib/python3.12/site-packages/airflow/example_dags/example_skip_dag.py
[2024-12-22T11:57:10.534+0000] {processor.py:914} INFO - Processing file /home/airflow/.local/lib/python3.12/site-packages/airflow/example_dags/example_skip_dag.py for tasks to queue
[2024-12-22T11:57:10.538+0000] {logging_mixin.py:190} INFO - [2024-12-22T11:57:10.538+0000] {dagbag.py:588} INFO - Filling up the DagBag from /home/airflow/.local/lib/python3.12/site-packages/airflow/example_dags/example_skip_dag.py
[2024-12-22T11:57:10.553+0000] {processor.py:925} INFO - DAG(s) 'example_skip_dag' retrieved from /home/airflow/.local/lib/python3.12/site-packages/airflow/example_dags/example_skip_dag.py
[2024-12-22T11:57:10.594+0000] {logging_mixin.py:190} INFO - [2024-12-22T11:57:10.594+0000] {dag.py:3239} INFO - Sync 1 DAGs
[2024-12-22T11:57:10.632+0000] {logging_mixin.py:190} INFO - [2024-12-22T11:57:10.632+0000] {dag.py:4180} INFO - Setting next_dagrun for example_skip_dag to 2024-12-21 00:00:00+00:00, run_after=2024-12-22 00:00:00+00:00
[2024-12-22T11:57:10.663+0000] {processor.py:208} INFO - Processing /home/airflow/.local/lib/python3.12/site-packages/airflow/example_dags/example_skip_dag.py took 0.151 seconds
