[2024-12-22T11:17:54.672+0000] {processor.py:186} INFO - Started process (PID=83) to work on /home/airflow/.local/lib/python3.12/site-packages/airflow/example_dags/example_sla_dag.py
[2024-12-22T11:17:54.675+0000] {processor.py:914} INFO - Processing file /home/airflow/.local/lib/python3.12/site-packages/airflow/example_dags/example_sla_dag.py for tasks to queue
[2024-12-22T11:17:54.680+0000] {logging_mixin.py:190} INFO - [2024-12-22T11:17:54.679+0000] {dagbag.py:588} INFO - Filling up the DagBag from /home/airflow/.local/lib/python3.12/site-packages/airflow/example_dags/example_sla_dag.py
[2024-12-22T11:17:54.870+0000] {processor.py:925} INFO - DAG(s) 'example_sla_dag' retrieved from /home/airflow/.local/lib/python3.12/site-packages/airflow/example_dags/example_sla_dag.py
[2024-12-22T11:17:55.024+0000] {logging_mixin.py:190} INFO - [2024-12-22T11:17:55.022+0000] {dag.py:3239} INFO - Sync 1 DAGs
[2024-12-22T11:17:55.201+0000] {logging_mixin.py:190} INFO - [2024-12-22T11:17:55.200+0000] {dag.py:4180} INFO - Setting next_dagrun for example_sla_dag to 2024-12-22 11:14:00+00:00, run_after=2024-12-22 11:16:00+00:00
[2024-12-22T11:17:55.574+0000] {processor.py:208} INFO - Processing /home/airflow/.local/lib/python3.12/site-packages/airflow/example_dags/example_sla_dag.py took 0.919 seconds
[2024-12-22T11:18:27.820+0000] {processor.py:186} INFO - Started process (PID=148) to work on /home/airflow/.local/lib/python3.12/site-packages/airflow/example_dags/example_sla_dag.py
[2024-12-22T11:18:27.823+0000] {processor.py:914} INFO - Processing file /home/airflow/.local/lib/python3.12/site-packages/airflow/example_dags/example_sla_dag.py for tasks to queue
[2024-12-22T11:18:27.829+0000] {logging_mixin.py:190} INFO - [2024-12-22T11:18:27.828+0000] {dagbag.py:588} INFO - Filling up the DagBag from /home/airflow/.local/lib/python3.12/site-packages/airflow/example_dags/example_sla_dag.py
[2024-12-22T11:18:27.861+0000] {processor.py:925} INFO - DAG(s) 'example_sla_dag' retrieved from /home/airflow/.local/lib/python3.12/site-packages/airflow/example_dags/example_sla_dag.py
[2024-12-22T11:18:27.918+0000] {logging_mixin.py:190} INFO - [2024-12-22T11:18:27.917+0000] {dag.py:3239} INFO - Sync 1 DAGs
[2024-12-22T11:18:27.993+0000] {logging_mixin.py:190} INFO - [2024-12-22T11:18:27.992+0000] {dag.py:4180} INFO - Setting next_dagrun for example_sla_dag to 2024-12-22 11:16:00+00:00, run_after=2024-12-22 11:18:00+00:00
[2024-12-22T11:18:28.046+0000] {processor.py:208} INFO - Processing /home/airflow/.local/lib/python3.12/site-packages/airflow/example_dags/example_sla_dag.py took 0.243 seconds
[2024-12-22T11:19:03.953+0000] {processor.py:186} INFO - Started process (PID=219) to work on /home/airflow/.local/lib/python3.12/site-packages/airflow/example_dags/example_sla_dag.py
[2024-12-22T11:19:03.955+0000] {processor.py:914} INFO - Processing file /home/airflow/.local/lib/python3.12/site-packages/airflow/example_dags/example_sla_dag.py for tasks to queue
[2024-12-22T11:19:03.960+0000] {logging_mixin.py:190} INFO - [2024-12-22T11:19:03.960+0000] {dagbag.py:588} INFO - Filling up the DagBag from /home/airflow/.local/lib/python3.12/site-packages/airflow/example_dags/example_sla_dag.py
[2024-12-22T11:19:03.984+0000] {processor.py:925} INFO - DAG(s) 'example_sla_dag' retrieved from /home/airflow/.local/lib/python3.12/site-packages/airflow/example_dags/example_sla_dag.py
[2024-12-22T11:19:04.024+0000] {logging_mixin.py:190} INFO - [2024-12-22T11:19:04.023+0000] {dag.py:3239} INFO - Sync 1 DAGs
[2024-12-22T11:19:04.110+0000] {logging_mixin.py:190} INFO - [2024-12-22T11:19:04.110+0000] {dag.py:4180} INFO - Setting next_dagrun for example_sla_dag to 2024-12-22 11:16:00+00:00, run_after=2024-12-22 11:18:00+00:00
[2024-12-22T11:19:04.181+0000] {processor.py:208} INFO - Processing /home/airflow/.local/lib/python3.12/site-packages/airflow/example_dags/example_sla_dag.py took 0.242 seconds
[2024-12-22T11:19:37.369+0000] {processor.py:186} INFO - Started process (PID=285) to work on /home/airflow/.local/lib/python3.12/site-packages/airflow/example_dags/example_sla_dag.py
[2024-12-22T11:19:37.372+0000] {processor.py:914} INFO - Processing file /home/airflow/.local/lib/python3.12/site-packages/airflow/example_dags/example_sla_dag.py for tasks to queue
[2024-12-22T11:19:37.379+0000] {logging_mixin.py:190} INFO - [2024-12-22T11:19:37.378+0000] {dagbag.py:588} INFO - Filling up the DagBag from /home/airflow/.local/lib/python3.12/site-packages/airflow/example_dags/example_sla_dag.py
[2024-12-22T11:19:37.409+0000] {processor.py:925} INFO - DAG(s) 'example_sla_dag' retrieved from /home/airflow/.local/lib/python3.12/site-packages/airflow/example_dags/example_sla_dag.py
[2024-12-22T11:19:37.462+0000] {logging_mixin.py:190} INFO - [2024-12-22T11:19:37.461+0000] {dag.py:3239} INFO - Sync 1 DAGs
[2024-12-22T11:19:37.550+0000] {logging_mixin.py:190} INFO - [2024-12-22T11:19:37.550+0000] {dag.py:4180} INFO - Setting next_dagrun for example_sla_dag to 2024-12-22 11:16:00+00:00, run_after=2024-12-22 11:18:00+00:00
[2024-12-22T11:19:37.600+0000] {processor.py:208} INFO - Processing /home/airflow/.local/lib/python3.12/site-packages/airflow/example_dags/example_sla_dag.py took 0.248 seconds
[2024-12-22T11:20:14.180+0000] {processor.py:186} INFO - Started process (PID=351) to work on /home/airflow/.local/lib/python3.12/site-packages/airflow/example_dags/example_sla_dag.py
[2024-12-22T11:20:14.182+0000] {processor.py:914} INFO - Processing file /home/airflow/.local/lib/python3.12/site-packages/airflow/example_dags/example_sla_dag.py for tasks to queue
[2024-12-22T11:20:14.187+0000] {logging_mixin.py:190} INFO - [2024-12-22T11:20:14.187+0000] {dagbag.py:588} INFO - Filling up the DagBag from /home/airflow/.local/lib/python3.12/site-packages/airflow/example_dags/example_sla_dag.py
[2024-12-22T11:20:14.212+0000] {processor.py:925} INFO - DAG(s) 'example_sla_dag' retrieved from /home/airflow/.local/lib/python3.12/site-packages/airflow/example_dags/example_sla_dag.py
[2024-12-22T11:20:14.252+0000] {logging_mixin.py:190} INFO - [2024-12-22T11:20:14.252+0000] {dag.py:3239} INFO - Sync 1 DAGs
[2024-12-22T11:20:14.331+0000] {logging_mixin.py:190} INFO - [2024-12-22T11:20:14.330+0000] {dag.py:4180} INFO - Setting next_dagrun for example_sla_dag to 2024-12-22 11:18:00+00:00, run_after=2024-12-22 11:20:00+00:00
[2024-12-22T11:20:15.251+0000] {processor.py:208} INFO - Processing /home/airflow/.local/lib/python3.12/site-packages/airflow/example_dags/example_sla_dag.py took 1.087 seconds
[2024-12-22T11:20:45.691+0000] {processor.py:186} INFO - Started process (PID=416) to work on /home/airflow/.local/lib/python3.12/site-packages/airflow/example_dags/example_sla_dag.py
[2024-12-22T11:20:45.694+0000] {processor.py:914} INFO - Processing file /home/airflow/.local/lib/python3.12/site-packages/airflow/example_dags/example_sla_dag.py for tasks to queue
[2024-12-22T11:20:45.701+0000] {logging_mixin.py:190} INFO - [2024-12-22T11:20:45.700+0000] {dagbag.py:588} INFO - Filling up the DagBag from /home/airflow/.local/lib/python3.12/site-packages/airflow/example_dags/example_sla_dag.py
[2024-12-22T11:20:45.729+0000] {processor.py:925} INFO - DAG(s) 'example_sla_dag' retrieved from /home/airflow/.local/lib/python3.12/site-packages/airflow/example_dags/example_sla_dag.py
[2024-12-22T11:20:45.773+0000] {logging_mixin.py:190} INFO - [2024-12-22T11:20:45.773+0000] {dag.py:3239} INFO - Sync 1 DAGs
[2024-12-22T11:20:45.841+0000] {logging_mixin.py:190} INFO - [2024-12-22T11:20:45.840+0000] {dag.py:4180} INFO - Setting next_dagrun for example_sla_dag to 2024-12-22 11:18:00+00:00, run_after=2024-12-22 11:20:00+00:00
[2024-12-22T11:20:46.908+0000] {processor.py:208} INFO - Processing /home/airflow/.local/lib/python3.12/site-packages/airflow/example_dags/example_sla_dag.py took 1.231 seconds
[2024-12-22T11:21:25.610+0000] {processor.py:186} INFO - Started process (PID=481) to work on /home/airflow/.local/lib/python3.12/site-packages/airflow/example_dags/example_sla_dag.py
[2024-12-22T11:21:25.613+0000] {processor.py:914} INFO - Processing file /home/airflow/.local/lib/python3.12/site-packages/airflow/example_dags/example_sla_dag.py for tasks to queue
[2024-12-22T11:21:25.619+0000] {logging_mixin.py:190} INFO - [2024-12-22T11:21:25.618+0000] {dagbag.py:588} INFO - Filling up the DagBag from /home/airflow/.local/lib/python3.12/site-packages/airflow/example_dags/example_sla_dag.py
[2024-12-22T11:21:25.647+0000] {processor.py:925} INFO - DAG(s) 'example_sla_dag' retrieved from /home/airflow/.local/lib/python3.12/site-packages/airflow/example_dags/example_sla_dag.py
[2024-12-22T11:21:25.697+0000] {logging_mixin.py:190} INFO - [2024-12-22T11:21:25.696+0000] {dag.py:3239} INFO - Sync 1 DAGs
[2024-12-22T11:21:25.767+0000] {logging_mixin.py:190} INFO - [2024-12-22T11:21:25.766+0000] {dag.py:4180} INFO - Setting next_dagrun for example_sla_dag to 2024-12-22 11:18:00+00:00, run_after=2024-12-22 11:20:00+00:00
[2024-12-22T11:21:25.818+0000] {processor.py:208} INFO - Processing /home/airflow/.local/lib/python3.12/site-packages/airflow/example_dags/example_sla_dag.py took 0.226 seconds
[2024-12-22T11:21:58.164+0000] {processor.py:186} INFO - Started process (PID=547) to work on /home/airflow/.local/lib/python3.12/site-packages/airflow/example_dags/example_sla_dag.py
[2024-12-22T11:21:58.168+0000] {processor.py:914} INFO - Processing file /home/airflow/.local/lib/python3.12/site-packages/airflow/example_dags/example_sla_dag.py for tasks to queue
[2024-12-22T11:21:58.179+0000] {logging_mixin.py:190} INFO - [2024-12-22T11:21:58.178+0000] {dagbag.py:588} INFO - Filling up the DagBag from /home/airflow/.local/lib/python3.12/site-packages/airflow/example_dags/example_sla_dag.py
[2024-12-22T11:21:58.271+0000] {processor.py:925} INFO - DAG(s) 'example_sla_dag' retrieved from /home/airflow/.local/lib/python3.12/site-packages/airflow/example_dags/example_sla_dag.py
[2024-12-22T11:21:58.360+0000] {logging_mixin.py:190} INFO - [2024-12-22T11:21:58.360+0000] {dag.py:3239} INFO - Sync 1 DAGs
[2024-12-22T11:21:58.425+0000] {logging_mixin.py:190} INFO - [2024-12-22T11:21:58.424+0000] {dag.py:4180} INFO - Setting next_dagrun for example_sla_dag to 2024-12-22 11:18:00+00:00, run_after=2024-12-22 11:20:00+00:00
[2024-12-22T11:21:59.435+0000] {processor.py:208} INFO - Processing /home/airflow/.local/lib/python3.12/site-packages/airflow/example_dags/example_sla_dag.py took 1.300 seconds
[2024-12-22T11:22:30.791+0000] {processor.py:186} INFO - Started process (PID=612) to work on /home/airflow/.local/lib/python3.12/site-packages/airflow/example_dags/example_sla_dag.py
[2024-12-22T11:22:30.794+0000] {processor.py:914} INFO - Processing file /home/airflow/.local/lib/python3.12/site-packages/airflow/example_dags/example_sla_dag.py for tasks to queue
[2024-12-22T11:22:30.800+0000] {logging_mixin.py:190} INFO - [2024-12-22T11:22:30.799+0000] {dagbag.py:588} INFO - Filling up the DagBag from /home/airflow/.local/lib/python3.12/site-packages/airflow/example_dags/example_sla_dag.py
[2024-12-22T11:22:30.825+0000] {processor.py:925} INFO - DAG(s) 'example_sla_dag' retrieved from /home/airflow/.local/lib/python3.12/site-packages/airflow/example_dags/example_sla_dag.py
[2024-12-22T11:22:30.876+0000] {logging_mixin.py:190} INFO - [2024-12-22T11:22:30.875+0000] {dag.py:3239} INFO - Sync 1 DAGs
[2024-12-22T11:22:30.944+0000] {logging_mixin.py:190} INFO - [2024-12-22T11:22:30.944+0000] {dag.py:4180} INFO - Setting next_dagrun for example_sla_dag to 2024-12-22 11:20:00+00:00, run_after=2024-12-22 11:22:00+00:00
[2024-12-22T11:22:30.987+0000] {processor.py:208} INFO - Processing /home/airflow/.local/lib/python3.12/site-packages/airflow/example_dags/example_sla_dag.py took 0.209 seconds
[2024-12-22T11:23:15.176+0000] {processor.py:186} INFO - Started process (PID=682) to work on /home/airflow/.local/lib/python3.12/site-packages/airflow/example_dags/example_sla_dag.py
[2024-12-22T11:23:15.179+0000] {processor.py:914} INFO - Processing file /home/airflow/.local/lib/python3.12/site-packages/airflow/example_dags/example_sla_dag.py for tasks to queue
[2024-12-22T11:23:15.184+0000] {logging_mixin.py:190} INFO - [2024-12-22T11:23:15.183+0000] {dagbag.py:588} INFO - Filling up the DagBag from /home/airflow/.local/lib/python3.12/site-packages/airflow/example_dags/example_sla_dag.py
[2024-12-22T11:23:15.210+0000] {processor.py:925} INFO - DAG(s) 'example_sla_dag' retrieved from /home/airflow/.local/lib/python3.12/site-packages/airflow/example_dags/example_sla_dag.py
[2024-12-22T11:23:15.263+0000] {logging_mixin.py:190} INFO - [2024-12-22T11:23:15.262+0000] {dag.py:3239} INFO - Sync 1 DAGs
[2024-12-22T11:23:15.424+0000] {logging_mixin.py:190} INFO - [2024-12-22T11:23:15.423+0000] {dag.py:4180} INFO - Setting next_dagrun for example_sla_dag to 2024-12-22 11:20:00+00:00, run_after=2024-12-22 11:22:00+00:00
[2024-12-22T11:23:15.504+0000] {processor.py:208} INFO - Processing /home/airflow/.local/lib/python3.12/site-packages/airflow/example_dags/example_sla_dag.py took 0.342 seconds
[2024-12-22T11:23:46.986+0000] {processor.py:186} INFO - Started process (PID=746) to work on /home/airflow/.local/lib/python3.12/site-packages/airflow/example_dags/example_sla_dag.py
[2024-12-22T11:23:46.988+0000] {processor.py:914} INFO - Processing file /home/airflow/.local/lib/python3.12/site-packages/airflow/example_dags/example_sla_dag.py for tasks to queue
[2024-12-22T11:23:46.995+0000] {logging_mixin.py:190} INFO - [2024-12-22T11:23:46.994+0000] {dagbag.py:588} INFO - Filling up the DagBag from /home/airflow/.local/lib/python3.12/site-packages/airflow/example_dags/example_sla_dag.py
[2024-12-22T11:23:47.050+0000] {processor.py:925} INFO - DAG(s) 'example_sla_dag' retrieved from /home/airflow/.local/lib/python3.12/site-packages/airflow/example_dags/example_sla_dag.py
[2024-12-22T11:23:47.165+0000] {logging_mixin.py:190} INFO - [2024-12-22T11:23:47.164+0000] {dag.py:3239} INFO - Sync 1 DAGs
[2024-12-22T11:23:47.250+0000] {logging_mixin.py:190} INFO - [2024-12-22T11:23:47.249+0000] {dag.py:4180} INFO - Setting next_dagrun for example_sla_dag to 2024-12-22 11:20:00+00:00, run_after=2024-12-22 11:22:00+00:00
[2024-12-22T11:23:47.295+0000] {processor.py:208} INFO - Processing /home/airflow/.local/lib/python3.12/site-packages/airflow/example_dags/example_sla_dag.py took 0.326 seconds
[2024-12-22T11:24:18.668+0000] {processor.py:186} INFO - Started process (PID=811) to work on /home/airflow/.local/lib/python3.12/site-packages/airflow/example_dags/example_sla_dag.py
[2024-12-22T11:24:18.670+0000] {processor.py:914} INFO - Processing file /home/airflow/.local/lib/python3.12/site-packages/airflow/example_dags/example_sla_dag.py for tasks to queue
[2024-12-22T11:24:18.677+0000] {logging_mixin.py:190} INFO - [2024-12-22T11:24:18.676+0000] {dagbag.py:588} INFO - Filling up the DagBag from /home/airflow/.local/lib/python3.12/site-packages/airflow/example_dags/example_sla_dag.py
[2024-12-22T11:24:18.707+0000] {processor.py:925} INFO - DAG(s) 'example_sla_dag' retrieved from /home/airflow/.local/lib/python3.12/site-packages/airflow/example_dags/example_sla_dag.py
[2024-12-22T11:24:18.748+0000] {logging_mixin.py:190} INFO - [2024-12-22T11:24:18.748+0000] {dag.py:3239} INFO - Sync 1 DAGs
[2024-12-22T11:24:18.831+0000] {logging_mixin.py:190} INFO - [2024-12-22T11:24:18.831+0000] {dag.py:4180} INFO - Setting next_dagrun for example_sla_dag to 2024-12-22 11:22:00+00:00, run_after=2024-12-22 11:24:00+00:00
[2024-12-22T11:24:18.874+0000] {processor.py:208} INFO - Processing /home/airflow/.local/lib/python3.12/site-packages/airflow/example_dags/example_sla_dag.py took 0.222 seconds
[2024-12-22T11:24:50.242+0000] {processor.py:186} INFO - Started process (PID=875) to work on /home/airflow/.local/lib/python3.12/site-packages/airflow/example_dags/example_sla_dag.py
[2024-12-22T11:24:50.245+0000] {processor.py:914} INFO - Processing file /home/airflow/.local/lib/python3.12/site-packages/airflow/example_dags/example_sla_dag.py for tasks to queue
[2024-12-22T11:24:50.251+0000] {logging_mixin.py:190} INFO - [2024-12-22T11:24:50.250+0000] {dagbag.py:588} INFO - Filling up the DagBag from /home/airflow/.local/lib/python3.12/site-packages/airflow/example_dags/example_sla_dag.py
[2024-12-22T11:24:50.279+0000] {processor.py:925} INFO - DAG(s) 'example_sla_dag' retrieved from /home/airflow/.local/lib/python3.12/site-packages/airflow/example_dags/example_sla_dag.py
[2024-12-22T11:24:50.322+0000] {logging_mixin.py:190} INFO - [2024-12-22T11:24:50.322+0000] {dag.py:3239} INFO - Sync 1 DAGs
[2024-12-22T11:24:50.385+0000] {logging_mixin.py:190} INFO - [2024-12-22T11:24:50.384+0000] {dag.py:4180} INFO - Setting next_dagrun for example_sla_dag to 2024-12-22 11:22:00+00:00, run_after=2024-12-22 11:24:00+00:00
[2024-12-22T11:24:50.423+0000] {processor.py:208} INFO - Processing /home/airflow/.local/lib/python3.12/site-packages/airflow/example_dags/example_sla_dag.py took 0.196 seconds
[2024-12-22T11:25:23.192+0000] {processor.py:186} INFO - Started process (PID=933) to work on /home/airflow/.local/lib/python3.12/site-packages/airflow/example_dags/example_sla_dag.py
[2024-12-22T11:25:23.196+0000] {processor.py:914} INFO - Processing file /home/airflow/.local/lib/python3.12/site-packages/airflow/example_dags/example_sla_dag.py for tasks to queue
[2024-12-22T11:25:23.204+0000] {logging_mixin.py:190} INFO - [2024-12-22T11:25:23.203+0000] {dagbag.py:588} INFO - Filling up the DagBag from /home/airflow/.local/lib/python3.12/site-packages/airflow/example_dags/example_sla_dag.py
[2024-12-22T11:25:23.248+0000] {processor.py:925} INFO - DAG(s) 'example_sla_dag' retrieved from /home/airflow/.local/lib/python3.12/site-packages/airflow/example_dags/example_sla_dag.py
[2024-12-22T11:25:23.306+0000] {logging_mixin.py:190} INFO - [2024-12-22T11:25:23.305+0000] {dag.py:3239} INFO - Sync 1 DAGs
[2024-12-22T11:25:23.401+0000] {logging_mixin.py:190} INFO - [2024-12-22T11:25:23.400+0000] {dag.py:4180} INFO - Setting next_dagrun for example_sla_dag to 2024-12-22 11:22:00+00:00, run_after=2024-12-22 11:24:00+00:00
[2024-12-22T11:25:23.465+0000] {processor.py:208} INFO - Processing /home/airflow/.local/lib/python3.12/site-packages/airflow/example_dags/example_sla_dag.py took 0.298 seconds
[2024-12-22T11:25:54.125+0000] {processor.py:186} INFO - Started process (PID=997) to work on /home/airflow/.local/lib/python3.12/site-packages/airflow/example_dags/example_sla_dag.py
[2024-12-22T11:25:54.128+0000] {processor.py:914} INFO - Processing file /home/airflow/.local/lib/python3.12/site-packages/airflow/example_dags/example_sla_dag.py for tasks to queue
[2024-12-22T11:25:54.135+0000] {logging_mixin.py:190} INFO - [2024-12-22T11:25:54.134+0000] {dagbag.py:588} INFO - Filling up the DagBag from /home/airflow/.local/lib/python3.12/site-packages/airflow/example_dags/example_sla_dag.py
[2024-12-22T11:25:54.170+0000] {processor.py:925} INFO - DAG(s) 'example_sla_dag' retrieved from /home/airflow/.local/lib/python3.12/site-packages/airflow/example_dags/example_sla_dag.py
[2024-12-22T11:25:54.231+0000] {logging_mixin.py:190} INFO - [2024-12-22T11:25:54.230+0000] {dag.py:3239} INFO - Sync 1 DAGs
[2024-12-22T11:25:55.314+0000] {logging_mixin.py:190} INFO - [2024-12-22T11:25:55.312+0000] {dag.py:4180} INFO - Setting next_dagrun for example_sla_dag to 2024-12-22 11:22:00+00:00, run_after=2024-12-22 11:24:00+00:00
[2024-12-22T11:25:55.433+0000] {processor.py:208} INFO - Processing /home/airflow/.local/lib/python3.12/site-packages/airflow/example_dags/example_sla_dag.py took 1.328 seconds
[2024-12-22T11:26:30.349+0000] {processor.py:186} INFO - Started process (PID=1029) to work on /home/airflow/.local/lib/python3.12/site-packages/airflow/example_dags/example_sla_dag.py
[2024-12-22T11:26:30.351+0000] {processor.py:914} INFO - Processing file /home/airflow/.local/lib/python3.12/site-packages/airflow/example_dags/example_sla_dag.py for tasks to queue
[2024-12-22T11:26:30.357+0000] {logging_mixin.py:190} INFO - [2024-12-22T11:26:30.356+0000] {dagbag.py:588} INFO - Filling up the DagBag from /home/airflow/.local/lib/python3.12/site-packages/airflow/example_dags/example_sla_dag.py
[2024-12-22T11:26:30.383+0000] {processor.py:925} INFO - DAG(s) 'example_sla_dag' retrieved from /home/airflow/.local/lib/python3.12/site-packages/airflow/example_dags/example_sla_dag.py
[2024-12-22T11:26:30.434+0000] {logging_mixin.py:190} INFO - [2024-12-22T11:26:30.433+0000] {dag.py:3239} INFO - Sync 1 DAGs
[2024-12-22T11:26:30.597+0000] {logging_mixin.py:190} INFO - [2024-12-22T11:26:30.596+0000] {dag.py:4180} INFO - Setting next_dagrun for example_sla_dag to 2024-12-22 11:24:00+00:00, run_after=2024-12-22 11:26:00+00:00
[2024-12-22T11:26:30.719+0000] {processor.py:208} INFO - Processing /home/airflow/.local/lib/python3.12/site-packages/airflow/example_dags/example_sla_dag.py took 0.385 seconds
[2024-12-22T11:27:07.245+0000] {processor.py:186} INFO - Started process (PID=1094) to work on /home/airflow/.local/lib/python3.12/site-packages/airflow/example_dags/example_sla_dag.py
[2024-12-22T11:27:07.247+0000] {processor.py:914} INFO - Processing file /home/airflow/.local/lib/python3.12/site-packages/airflow/example_dags/example_sla_dag.py for tasks to queue
[2024-12-22T11:27:07.251+0000] {logging_mixin.py:190} INFO - [2024-12-22T11:27:07.250+0000] {dagbag.py:588} INFO - Filling up the DagBag from /home/airflow/.local/lib/python3.12/site-packages/airflow/example_dags/example_sla_dag.py
[2024-12-22T11:27:07.279+0000] {processor.py:925} INFO - DAG(s) 'example_sla_dag' retrieved from /home/airflow/.local/lib/python3.12/site-packages/airflow/example_dags/example_sla_dag.py
[2024-12-22T11:27:07.332+0000] {logging_mixin.py:190} INFO - [2024-12-22T11:27:07.332+0000] {dag.py:3239} INFO - Sync 1 DAGs
[2024-12-22T11:27:07.417+0000] {logging_mixin.py:190} INFO - [2024-12-22T11:27:07.417+0000] {dag.py:4180} INFO - Setting next_dagrun for example_sla_dag to 2024-12-22 11:24:00+00:00, run_after=2024-12-22 11:26:00+00:00
[2024-12-22T11:27:07.466+0000] {processor.py:208} INFO - Processing /home/airflow/.local/lib/python3.12/site-packages/airflow/example_dags/example_sla_dag.py took 0.237 seconds
[2024-12-22T11:27:42.309+0000] {processor.py:186} INFO - Started process (PID=1159) to work on /home/airflow/.local/lib/python3.12/site-packages/airflow/example_dags/example_sla_dag.py
[2024-12-22T11:27:42.314+0000] {processor.py:914} INFO - Processing file /home/airflow/.local/lib/python3.12/site-packages/airflow/example_dags/example_sla_dag.py for tasks to queue
[2024-12-22T11:27:42.321+0000] {logging_mixin.py:190} INFO - [2024-12-22T11:27:42.319+0000] {dagbag.py:588} INFO - Filling up the DagBag from /home/airflow/.local/lib/python3.12/site-packages/airflow/example_dags/example_sla_dag.py
[2024-12-22T11:27:43.366+0000] {processor.py:925} INFO - DAG(s) 'example_sla_dag' retrieved from /home/airflow/.local/lib/python3.12/site-packages/airflow/example_dags/example_sla_dag.py
[2024-12-22T11:27:43.467+0000] {logging_mixin.py:190} INFO - [2024-12-22T11:27:43.466+0000] {dag.py:3239} INFO - Sync 1 DAGs
[2024-12-22T11:27:43.645+0000] {logging_mixin.py:190} INFO - [2024-12-22T11:27:43.643+0000] {dag.py:4180} INFO - Setting next_dagrun for example_sla_dag to 2024-12-22 11:24:00+00:00, run_after=2024-12-22 11:26:00+00:00
[2024-12-22T11:27:43.743+0000] {processor.py:208} INFO - Processing /home/airflow/.local/lib/python3.12/site-packages/airflow/example_dags/example_sla_dag.py took 1.469 seconds
[2024-12-22T11:28:21.071+0000] {processor.py:186} INFO - Started process (PID=1223) to work on /home/airflow/.local/lib/python3.12/site-packages/airflow/example_dags/example_sla_dag.py
[2024-12-22T11:28:21.073+0000] {processor.py:914} INFO - Processing file /home/airflow/.local/lib/python3.12/site-packages/airflow/example_dags/example_sla_dag.py for tasks to queue
[2024-12-22T11:28:21.078+0000] {logging_mixin.py:190} INFO - [2024-12-22T11:28:21.077+0000] {dagbag.py:588} INFO - Filling up the DagBag from /home/airflow/.local/lib/python3.12/site-packages/airflow/example_dags/example_sla_dag.py
[2024-12-22T11:28:21.108+0000] {processor.py:925} INFO - DAG(s) 'example_sla_dag' retrieved from /home/airflow/.local/lib/python3.12/site-packages/airflow/example_dags/example_sla_dag.py
[2024-12-22T11:28:21.152+0000] {logging_mixin.py:190} INFO - [2024-12-22T11:28:21.152+0000] {dag.py:3239} INFO - Sync 1 DAGs
[2024-12-22T11:28:21.216+0000] {logging_mixin.py:190} INFO - [2024-12-22T11:28:21.216+0000] {dag.py:4180} INFO - Setting next_dagrun for example_sla_dag to 2024-12-22 11:26:00+00:00, run_after=2024-12-22 11:28:00+00:00
[2024-12-22T11:28:21.259+0000] {processor.py:208} INFO - Processing /home/airflow/.local/lib/python3.12/site-packages/airflow/example_dags/example_sla_dag.py took 0.217 seconds
[2024-12-22T11:28:51.882+0000] {processor.py:186} INFO - Started process (PID=1288) to work on /home/airflow/.local/lib/python3.12/site-packages/airflow/example_dags/example_sla_dag.py
[2024-12-22T11:28:51.884+0000] {processor.py:914} INFO - Processing file /home/airflow/.local/lib/python3.12/site-packages/airflow/example_dags/example_sla_dag.py for tasks to queue
[2024-12-22T11:28:51.887+0000] {logging_mixin.py:190} INFO - [2024-12-22T11:28:51.887+0000] {dagbag.py:588} INFO - Filling up the DagBag from /home/airflow/.local/lib/python3.12/site-packages/airflow/example_dags/example_sla_dag.py
[2024-12-22T11:28:51.913+0000] {processor.py:925} INFO - DAG(s) 'example_sla_dag' retrieved from /home/airflow/.local/lib/python3.12/site-packages/airflow/example_dags/example_sla_dag.py
[2024-12-22T11:28:51.961+0000] {logging_mixin.py:190} INFO - [2024-12-22T11:28:51.961+0000] {dag.py:3239} INFO - Sync 1 DAGs
[2024-12-22T11:28:52.202+0000] {logging_mixin.py:190} INFO - [2024-12-22T11:28:52.201+0000] {dag.py:4180} INFO - Setting next_dagrun for example_sla_dag to 2024-12-22 11:26:00+00:00, run_after=2024-12-22 11:28:00+00:00
[2024-12-22T11:28:52.258+0000] {processor.py:208} INFO - Processing /home/airflow/.local/lib/python3.12/site-packages/airflow/example_dags/example_sla_dag.py took 0.391 seconds
[2024-12-22T11:29:23.440+0000] {processor.py:186} INFO - Started process (PID=1352) to work on /home/airflow/.local/lib/python3.12/site-packages/airflow/example_dags/example_sla_dag.py
[2024-12-22T11:29:23.446+0000] {processor.py:914} INFO - Processing file /home/airflow/.local/lib/python3.12/site-packages/airflow/example_dags/example_sla_dag.py for tasks to queue
[2024-12-22T11:29:23.455+0000] {logging_mixin.py:190} INFO - [2024-12-22T11:29:23.453+0000] {dagbag.py:588} INFO - Filling up the DagBag from /home/airflow/.local/lib/python3.12/site-packages/airflow/example_dags/example_sla_dag.py
[2024-12-22T11:29:24.607+0000] {processor.py:925} INFO - DAG(s) 'example_sla_dag' retrieved from /home/airflow/.local/lib/python3.12/site-packages/airflow/example_dags/example_sla_dag.py
[2024-12-22T11:29:24.668+0000] {logging_mixin.py:190} INFO - [2024-12-22T11:29:24.667+0000] {dag.py:3239} INFO - Sync 1 DAGs
[2024-12-22T11:29:24.763+0000] {logging_mixin.py:190} INFO - [2024-12-22T11:29:24.763+0000] {dag.py:4180} INFO - Setting next_dagrun for example_sla_dag to 2024-12-22 11:26:00+00:00, run_after=2024-12-22 11:28:00+00:00
[2024-12-22T11:29:24.815+0000] {processor.py:208} INFO - Processing /home/airflow/.local/lib/python3.12/site-packages/airflow/example_dags/example_sla_dag.py took 1.411 seconds
[2024-12-22T11:29:56.405+0000] {processor.py:186} INFO - Started process (PID=1419) to work on /home/airflow/.local/lib/python3.12/site-packages/airflow/example_dags/example_sla_dag.py
[2024-12-22T11:29:56.408+0000] {processor.py:914} INFO - Processing file /home/airflow/.local/lib/python3.12/site-packages/airflow/example_dags/example_sla_dag.py for tasks to queue
[2024-12-22T11:29:56.411+0000] {logging_mixin.py:190} INFO - [2024-12-22T11:29:56.411+0000] {dagbag.py:588} INFO - Filling up the DagBag from /home/airflow/.local/lib/python3.12/site-packages/airflow/example_dags/example_sla_dag.py
[2024-12-22T11:29:56.446+0000] {processor.py:925} INFO - DAG(s) 'example_sla_dag' retrieved from /home/airflow/.local/lib/python3.12/site-packages/airflow/example_dags/example_sla_dag.py
[2024-12-22T11:29:56.503+0000] {logging_mixin.py:190} INFO - [2024-12-22T11:29:56.502+0000] {dag.py:3239} INFO - Sync 1 DAGs
[2024-12-22T11:29:56.623+0000] {logging_mixin.py:190} INFO - [2024-12-22T11:29:56.622+0000] {dag.py:4180} INFO - Setting next_dagrun for example_sla_dag to 2024-12-22 11:26:00+00:00, run_after=2024-12-22 11:28:00+00:00
[2024-12-22T11:29:56.698+0000] {processor.py:208} INFO - Processing /home/airflow/.local/lib/python3.12/site-packages/airflow/example_dags/example_sla_dag.py took 0.310 seconds
[2024-12-22T11:30:31.163+0000] {processor.py:186} INFO - Started process (PID=1482) to work on /home/airflow/.local/lib/python3.12/site-packages/airflow/example_dags/example_sla_dag.py
[2024-12-22T11:30:31.167+0000] {processor.py:914} INFO - Processing file /home/airflow/.local/lib/python3.12/site-packages/airflow/example_dags/example_sla_dag.py for tasks to queue
[2024-12-22T11:30:31.170+0000] {logging_mixin.py:190} INFO - [2024-12-22T11:30:31.169+0000] {dagbag.py:588} INFO - Filling up the DagBag from /home/airflow/.local/lib/python3.12/site-packages/airflow/example_dags/example_sla_dag.py
[2024-12-22T11:30:31.208+0000] {processor.py:925} INFO - DAG(s) 'example_sla_dag' retrieved from /home/airflow/.local/lib/python3.12/site-packages/airflow/example_dags/example_sla_dag.py
[2024-12-22T11:30:31.270+0000] {logging_mixin.py:190} INFO - [2024-12-22T11:30:31.270+0000] {dag.py:3239} INFO - Sync 1 DAGs
[2024-12-22T11:30:31.374+0000] {logging_mixin.py:190} INFO - [2024-12-22T11:30:31.373+0000] {dag.py:4180} INFO - Setting next_dagrun for example_sla_dag to 2024-12-22 11:28:00+00:00, run_after=2024-12-22 11:30:00+00:00
[2024-12-22T11:30:31.428+0000] {processor.py:208} INFO - Processing /home/airflow/.local/lib/python3.12/site-packages/airflow/example_dags/example_sla_dag.py took 0.285 seconds
[2024-12-22T11:31:07.379+0000] {processor.py:186} INFO - Started process (PID=1546) to work on /home/airflow/.local/lib/python3.12/site-packages/airflow/example_dags/example_sla_dag.py
[2024-12-22T11:31:07.382+0000] {processor.py:914} INFO - Processing file /home/airflow/.local/lib/python3.12/site-packages/airflow/example_dags/example_sla_dag.py for tasks to queue
[2024-12-22T11:31:07.385+0000] {logging_mixin.py:190} INFO - [2024-12-22T11:31:07.384+0000] {dagbag.py:588} INFO - Filling up the DagBag from /home/airflow/.local/lib/python3.12/site-packages/airflow/example_dags/example_sla_dag.py
[2024-12-22T11:31:07.416+0000] {processor.py:925} INFO - DAG(s) 'example_sla_dag' retrieved from /home/airflow/.local/lib/python3.12/site-packages/airflow/example_dags/example_sla_dag.py
[2024-12-22T11:31:07.468+0000] {logging_mixin.py:190} INFO - [2024-12-22T11:31:07.467+0000] {dag.py:3239} INFO - Sync 1 DAGs
[2024-12-22T11:31:07.547+0000] {logging_mixin.py:190} INFO - [2024-12-22T11:31:07.546+0000] {dag.py:4180} INFO - Setting next_dagrun for example_sla_dag to 2024-12-22 11:28:00+00:00, run_after=2024-12-22 11:30:00+00:00
[2024-12-22T11:31:07.592+0000] {processor.py:208} INFO - Processing /home/airflow/.local/lib/python3.12/site-packages/airflow/example_dags/example_sla_dag.py took 0.232 seconds
[2024-12-22T11:31:46.064+0000] {processor.py:186} INFO - Started process (PID=1611) to work on /home/airflow/.local/lib/python3.12/site-packages/airflow/example_dags/example_sla_dag.py
[2024-12-22T11:31:46.067+0000] {processor.py:914} INFO - Processing file /home/airflow/.local/lib/python3.12/site-packages/airflow/example_dags/example_sla_dag.py for tasks to queue
[2024-12-22T11:31:46.071+0000] {logging_mixin.py:190} INFO - [2024-12-22T11:31:46.070+0000] {dagbag.py:588} INFO - Filling up the DagBag from /home/airflow/.local/lib/python3.12/site-packages/airflow/example_dags/example_sla_dag.py
[2024-12-22T11:31:46.102+0000] {processor.py:925} INFO - DAG(s) 'example_sla_dag' retrieved from /home/airflow/.local/lib/python3.12/site-packages/airflow/example_dags/example_sla_dag.py
[2024-12-22T11:31:46.158+0000] {logging_mixin.py:190} INFO - [2024-12-22T11:31:46.157+0000] {dag.py:3239} INFO - Sync 1 DAGs
[2024-12-22T11:31:46.246+0000] {logging_mixin.py:190} INFO - [2024-12-22T11:31:46.245+0000] {dag.py:4180} INFO - Setting next_dagrun for example_sla_dag to 2024-12-22 11:28:00+00:00, run_after=2024-12-22 11:30:00+00:00
[2024-12-22T11:31:46.295+0000] {processor.py:208} INFO - Processing /home/airflow/.local/lib/python3.12/site-packages/airflow/example_dags/example_sla_dag.py took 0.248 seconds
[2024-12-22T11:32:25.198+0000] {processor.py:186} INFO - Started process (PID=1675) to work on /home/airflow/.local/lib/python3.12/site-packages/airflow/example_dags/example_sla_dag.py
[2024-12-22T11:32:25.203+0000] {processor.py:914} INFO - Processing file /home/airflow/.local/lib/python3.12/site-packages/airflow/example_dags/example_sla_dag.py for tasks to queue
[2024-12-22T11:32:25.211+0000] {logging_mixin.py:190} INFO - [2024-12-22T11:32:25.210+0000] {dagbag.py:588} INFO - Filling up the DagBag from /home/airflow/.local/lib/python3.12/site-packages/airflow/example_dags/example_sla_dag.py
[2024-12-22T11:32:25.281+0000] {processor.py:925} INFO - DAG(s) 'example_sla_dag' retrieved from /home/airflow/.local/lib/python3.12/site-packages/airflow/example_dags/example_sla_dag.py
[2024-12-22T11:32:25.416+0000] {logging_mixin.py:190} INFO - [2024-12-22T11:32:25.415+0000] {dag.py:3239} INFO - Sync 1 DAGs
[2024-12-22T11:32:25.618+0000] {logging_mixin.py:190} INFO - [2024-12-22T11:32:25.617+0000] {dag.py:4180} INFO - Setting next_dagrun for example_sla_dag to 2024-12-22 11:30:00+00:00, run_after=2024-12-22 11:32:00+00:00
[2024-12-22T11:32:25.693+0000] {processor.py:208} INFO - Processing /home/airflow/.local/lib/python3.12/site-packages/airflow/example_dags/example_sla_dag.py took 0.529 seconds
[2024-12-22T11:33:01.074+0000] {processor.py:186} INFO - Started process (PID=1739) to work on /home/airflow/.local/lib/python3.12/site-packages/airflow/example_dags/example_sla_dag.py
[2024-12-22T11:33:01.078+0000] {processor.py:914} INFO - Processing file /home/airflow/.local/lib/python3.12/site-packages/airflow/example_dags/example_sla_dag.py for tasks to queue
[2024-12-22T11:33:01.082+0000] {logging_mixin.py:190} INFO - [2024-12-22T11:33:01.081+0000] {dagbag.py:588} INFO - Filling up the DagBag from /home/airflow/.local/lib/python3.12/site-packages/airflow/example_dags/example_sla_dag.py
[2024-12-22T11:33:01.117+0000] {processor.py:925} INFO - DAG(s) 'example_sla_dag' retrieved from /home/airflow/.local/lib/python3.12/site-packages/airflow/example_dags/example_sla_dag.py
[2024-12-22T11:33:01.196+0000] {logging_mixin.py:190} INFO - [2024-12-22T11:33:01.192+0000] {dag.py:3239} INFO - Sync 1 DAGs
[2024-12-22T11:33:01.270+0000] {logging_mixin.py:190} INFO - [2024-12-22T11:33:01.270+0000] {dag.py:4180} INFO - Setting next_dagrun for example_sla_dag to 2024-12-22 11:30:00+00:00, run_after=2024-12-22 11:32:00+00:00
[2024-12-22T11:33:01.308+0000] {processor.py:208} INFO - Processing /home/airflow/.local/lib/python3.12/site-packages/airflow/example_dags/example_sla_dag.py took 0.255 seconds
[2024-12-22T11:33:39.547+0000] {processor.py:186} INFO - Started process (PID=1810) to work on /home/airflow/.local/lib/python3.12/site-packages/airflow/example_dags/example_sla_dag.py
[2024-12-22T11:33:39.549+0000] {processor.py:914} INFO - Processing file /home/airflow/.local/lib/python3.12/site-packages/airflow/example_dags/example_sla_dag.py for tasks to queue
[2024-12-22T11:33:39.553+0000] {logging_mixin.py:190} INFO - [2024-12-22T11:33:39.552+0000] {dagbag.py:588} INFO - Filling up the DagBag from /home/airflow/.local/lib/python3.12/site-packages/airflow/example_dags/example_sla_dag.py
[2024-12-22T11:33:39.606+0000] {processor.py:925} INFO - DAG(s) 'example_sla_dag' retrieved from /home/airflow/.local/lib/python3.12/site-packages/airflow/example_dags/example_sla_dag.py
[2024-12-22T11:33:39.714+0000] {logging_mixin.py:190} INFO - [2024-12-22T11:33:39.713+0000] {dag.py:3239} INFO - Sync 1 DAGs
[2024-12-22T11:33:40.725+0000] {logging_mixin.py:190} INFO - [2024-12-22T11:33:40.724+0000] {dag.py:4180} INFO - Setting next_dagrun for example_sla_dag to 2024-12-22 11:30:00+00:00, run_after=2024-12-22 11:32:00+00:00
[2024-12-22T11:33:40.816+0000] {processor.py:208} INFO - Processing /home/airflow/.local/lib/python3.12/site-packages/airflow/example_dags/example_sla_dag.py took 1.285 seconds
[2024-12-22T11:34:17.229+0000] {processor.py:186} INFO - Started process (PID=1875) to work on /home/airflow/.local/lib/python3.12/site-packages/airflow/example_dags/example_sla_dag.py
[2024-12-22T11:34:17.232+0000] {processor.py:914} INFO - Processing file /home/airflow/.local/lib/python3.12/site-packages/airflow/example_dags/example_sla_dag.py for tasks to queue
[2024-12-22T11:34:17.241+0000] {logging_mixin.py:190} INFO - [2024-12-22T11:34:17.238+0000] {dagbag.py:588} INFO - Filling up the DagBag from /home/airflow/.local/lib/python3.12/site-packages/airflow/example_dags/example_sla_dag.py
[2024-12-22T11:34:17.298+0000] {processor.py:925} INFO - DAG(s) 'example_sla_dag' retrieved from /home/airflow/.local/lib/python3.12/site-packages/airflow/example_dags/example_sla_dag.py
[2024-12-22T11:34:17.393+0000] {logging_mixin.py:190} INFO - [2024-12-22T11:34:17.391+0000] {dag.py:3239} INFO - Sync 1 DAGs
[2024-12-22T11:34:17.567+0000] {logging_mixin.py:190} INFO - [2024-12-22T11:34:17.566+0000] {dag.py:4180} INFO - Setting next_dagrun for example_sla_dag to 2024-12-22 11:32:00+00:00, run_after=2024-12-22 11:34:00+00:00
[2024-12-22T11:34:18.518+0000] {processor.py:208} INFO - Processing /home/airflow/.local/lib/python3.12/site-packages/airflow/example_dags/example_sla_dag.py took 1.313 seconds
[2024-12-22T11:34:53.035+0000] {processor.py:186} INFO - Started process (PID=1940) to work on /home/airflow/.local/lib/python3.12/site-packages/airflow/example_dags/example_sla_dag.py
[2024-12-22T11:34:53.037+0000] {processor.py:914} INFO - Processing file /home/airflow/.local/lib/python3.12/site-packages/airflow/example_dags/example_sla_dag.py for tasks to queue
[2024-12-22T11:34:53.041+0000] {logging_mixin.py:190} INFO - [2024-12-22T11:34:53.040+0000] {dagbag.py:588} INFO - Filling up the DagBag from /home/airflow/.local/lib/python3.12/site-packages/airflow/example_dags/example_sla_dag.py
[2024-12-22T11:34:53.070+0000] {processor.py:925} INFO - DAG(s) 'example_sla_dag' retrieved from /home/airflow/.local/lib/python3.12/site-packages/airflow/example_dags/example_sla_dag.py
[2024-12-22T11:34:53.116+0000] {logging_mixin.py:190} INFO - [2024-12-22T11:34:53.116+0000] {dag.py:3239} INFO - Sync 1 DAGs
[2024-12-22T11:34:53.184+0000] {logging_mixin.py:190} INFO - [2024-12-22T11:34:53.184+0000] {dag.py:4180} INFO - Setting next_dagrun for example_sla_dag to 2024-12-22 11:32:00+00:00, run_after=2024-12-22 11:34:00+00:00
[2024-12-22T11:34:53.230+0000] {processor.py:208} INFO - Processing /home/airflow/.local/lib/python3.12/site-packages/airflow/example_dags/example_sla_dag.py took 0.211 seconds
[2024-12-22T11:35:23.370+0000] {processor.py:186} INFO - Started process (PID=2004) to work on /home/airflow/.local/lib/python3.12/site-packages/airflow/example_dags/example_sla_dag.py
[2024-12-22T11:35:23.373+0000] {processor.py:914} INFO - Processing file /home/airflow/.local/lib/python3.12/site-packages/airflow/example_dags/example_sla_dag.py for tasks to queue
[2024-12-22T11:35:23.378+0000] {logging_mixin.py:190} INFO - [2024-12-22T11:35:23.376+0000] {dagbag.py:588} INFO - Filling up the DagBag from /home/airflow/.local/lib/python3.12/site-packages/airflow/example_dags/example_sla_dag.py
[2024-12-22T11:35:23.420+0000] {processor.py:925} INFO - DAG(s) 'example_sla_dag' retrieved from /home/airflow/.local/lib/python3.12/site-packages/airflow/example_dags/example_sla_dag.py
[2024-12-22T11:35:23.486+0000] {logging_mixin.py:190} INFO - [2024-12-22T11:35:23.486+0000] {dag.py:3239} INFO - Sync 1 DAGs
[2024-12-22T11:35:23.575+0000] {logging_mixin.py:190} INFO - [2024-12-22T11:35:23.574+0000] {dag.py:4180} INFO - Setting next_dagrun for example_sla_dag to 2024-12-22 11:32:00+00:00, run_after=2024-12-22 11:34:00+00:00
[2024-12-22T11:35:23.623+0000] {processor.py:208} INFO - Processing /home/airflow/.local/lib/python3.12/site-packages/airflow/example_dags/example_sla_dag.py took 0.287 seconds
[2024-12-22T11:36:24.119+0000] {processor.py:186} INFO - Started process (PID=2080) to work on /home/airflow/.local/lib/python3.12/site-packages/airflow/example_dags/example_sla_dag.py
[2024-12-22T11:36:24.125+0000] {processor.py:914} INFO - Processing file /home/airflow/.local/lib/python3.12/site-packages/airflow/example_dags/example_sla_dag.py for tasks to queue
[2024-12-22T11:36:24.134+0000] {logging_mixin.py:190} INFO - [2024-12-22T11:36:24.132+0000] {dagbag.py:588} INFO - Filling up the DagBag from /home/airflow/.local/lib/python3.12/site-packages/airflow/example_dags/example_sla_dag.py
[2024-12-22T11:36:24.196+0000] {processor.py:925} INFO - DAG(s) 'example_sla_dag' retrieved from /home/airflow/.local/lib/python3.12/site-packages/airflow/example_dags/example_sla_dag.py
[2024-12-22T11:36:24.299+0000] {logging_mixin.py:190} INFO - [2024-12-22T11:36:24.298+0000] {dag.py:3239} INFO - Sync 1 DAGs
[2024-12-22T11:36:25.332+0000] {logging_mixin.py:190} INFO - [2024-12-22T11:36:25.330+0000] {dag.py:4180} INFO - Setting next_dagrun for example_sla_dag to 2024-12-22 11:34:00+00:00, run_after=2024-12-22 11:36:00+00:00
[2024-12-22T11:36:25.459+0000] {processor.py:208} INFO - Processing /home/airflow/.local/lib/python3.12/site-packages/airflow/example_dags/example_sla_dag.py took 1.400 seconds
[2024-12-22T11:36:56.331+0000] {processor.py:186} INFO - Started process (PID=2144) to work on /home/airflow/.local/lib/python3.12/site-packages/airflow/example_dags/example_sla_dag.py
[2024-12-22T11:36:56.334+0000] {processor.py:914} INFO - Processing file /home/airflow/.local/lib/python3.12/site-packages/airflow/example_dags/example_sla_dag.py for tasks to queue
[2024-12-22T11:36:56.340+0000] {logging_mixin.py:190} INFO - [2024-12-22T11:36:56.339+0000] {dagbag.py:588} INFO - Filling up the DagBag from /home/airflow/.local/lib/python3.12/site-packages/airflow/example_dags/example_sla_dag.py
[2024-12-22T11:36:56.378+0000] {processor.py:925} INFO - DAG(s) 'example_sla_dag' retrieved from /home/airflow/.local/lib/python3.12/site-packages/airflow/example_dags/example_sla_dag.py
[2024-12-22T11:36:56.428+0000] {logging_mixin.py:190} INFO - [2024-12-22T11:36:56.427+0000] {dag.py:3239} INFO - Sync 1 DAGs
[2024-12-22T11:36:56.496+0000] {logging_mixin.py:190} INFO - [2024-12-22T11:36:56.496+0000] {dag.py:4180} INFO - Setting next_dagrun for example_sla_dag to 2024-12-22 11:34:00+00:00, run_after=2024-12-22 11:36:00+00:00
[2024-12-22T11:36:56.538+0000] {processor.py:208} INFO - Processing /home/airflow/.local/lib/python3.12/site-packages/airflow/example_dags/example_sla_dag.py took 0.234 seconds
[2024-12-22T11:37:36.971+0000] {processor.py:186} INFO - Started process (PID=2210) to work on /home/airflow/.local/lib/python3.12/site-packages/airflow/example_dags/example_sla_dag.py
[2024-12-22T11:37:36.976+0000] {processor.py:914} INFO - Processing file /home/airflow/.local/lib/python3.12/site-packages/airflow/example_dags/example_sla_dag.py for tasks to queue
[2024-12-22T11:37:36.982+0000] {logging_mixin.py:190} INFO - [2024-12-22T11:37:36.980+0000] {dagbag.py:588} INFO - Filling up the DagBag from /home/airflow/.local/lib/python3.12/site-packages/airflow/example_dags/example_sla_dag.py
[2024-12-22T11:37:37.065+0000] {processor.py:925} INFO - DAG(s) 'example_sla_dag' retrieved from /home/airflow/.local/lib/python3.12/site-packages/airflow/example_dags/example_sla_dag.py
[2024-12-22T11:37:37.146+0000] {logging_mixin.py:190} INFO - [2024-12-22T11:37:37.145+0000] {dag.py:3239} INFO - Sync 1 DAGs
[2024-12-22T11:37:37.328+0000] {logging_mixin.py:190} INFO - [2024-12-22T11:37:37.327+0000] {dag.py:4180} INFO - Setting next_dagrun for example_sla_dag to 2024-12-22 11:34:00+00:00, run_after=2024-12-22 11:36:00+00:00
[2024-12-22T11:37:37.395+0000] {processor.py:208} INFO - Processing /home/airflow/.local/lib/python3.12/site-packages/airflow/example_dags/example_sla_dag.py took 0.459 seconds
[2024-12-22T11:38:16.381+0000] {processor.py:186} INFO - Started process (PID=2266) to work on /home/airflow/.local/lib/python3.12/site-packages/airflow/example_dags/example_sla_dag.py
[2024-12-22T11:38:16.384+0000] {processor.py:914} INFO - Processing file /home/airflow/.local/lib/python3.12/site-packages/airflow/example_dags/example_sla_dag.py for tasks to queue
[2024-12-22T11:38:16.387+0000] {logging_mixin.py:190} INFO - [2024-12-22T11:38:16.386+0000] {dagbag.py:588} INFO - Filling up the DagBag from /home/airflow/.local/lib/python3.12/site-packages/airflow/example_dags/example_sla_dag.py
[2024-12-22T11:38:16.422+0000] {processor.py:925} INFO - DAG(s) 'example_sla_dag' retrieved from /home/airflow/.local/lib/python3.12/site-packages/airflow/example_dags/example_sla_dag.py
[2024-12-22T11:38:16.483+0000] {logging_mixin.py:190} INFO - [2024-12-22T11:38:16.482+0000] {dag.py:3239} INFO - Sync 1 DAGs
[2024-12-22T11:38:16.571+0000] {logging_mixin.py:190} INFO - [2024-12-22T11:38:16.571+0000] {dag.py:4180} INFO - Setting next_dagrun for example_sla_dag to 2024-12-22 11:36:00+00:00, run_after=2024-12-22 11:38:00+00:00
[2024-12-22T11:38:16.618+0000] {processor.py:208} INFO - Processing /home/airflow/.local/lib/python3.12/site-packages/airflow/example_dags/example_sla_dag.py took 0.255 seconds
[2024-12-22T11:38:58.901+0000] {processor.py:186} INFO - Started process (PID=2331) to work on /home/airflow/.local/lib/python3.12/site-packages/airflow/example_dags/example_sla_dag.py
[2024-12-22T11:38:58.903+0000] {processor.py:914} INFO - Processing file /home/airflow/.local/lib/python3.12/site-packages/airflow/example_dags/example_sla_dag.py for tasks to queue
[2024-12-22T11:38:58.906+0000] {logging_mixin.py:190} INFO - [2024-12-22T11:38:58.905+0000] {dagbag.py:588} INFO - Filling up the DagBag from /home/airflow/.local/lib/python3.12/site-packages/airflow/example_dags/example_sla_dag.py
[2024-12-22T11:38:58.936+0000] {processor.py:925} INFO - DAG(s) 'example_sla_dag' retrieved from /home/airflow/.local/lib/python3.12/site-packages/airflow/example_dags/example_sla_dag.py
[2024-12-22T11:38:58.990+0000] {logging_mixin.py:190} INFO - [2024-12-22T11:38:58.989+0000] {dag.py:3239} INFO - Sync 1 DAGs
[2024-12-22T11:38:59.069+0000] {logging_mixin.py:190} INFO - [2024-12-22T11:38:59.068+0000] {dag.py:4180} INFO - Setting next_dagrun for example_sla_dag to 2024-12-22 11:36:00+00:00, run_after=2024-12-22 11:38:00+00:00
[2024-12-22T11:38:59.113+0000] {processor.py:208} INFO - Processing /home/airflow/.local/lib/python3.12/site-packages/airflow/example_dags/example_sla_dag.py took 0.230 seconds
[2024-12-22T11:39:34.857+0000] {processor.py:186} INFO - Started process (PID=2401) to work on /home/airflow/.local/lib/python3.12/site-packages/airflow/example_dags/example_sla_dag.py
[2024-12-22T11:39:34.860+0000] {processor.py:914} INFO - Processing file /home/airflow/.local/lib/python3.12/site-packages/airflow/example_dags/example_sla_dag.py for tasks to queue
[2024-12-22T11:39:34.866+0000] {logging_mixin.py:190} INFO - [2024-12-22T11:39:34.864+0000] {dagbag.py:588} INFO - Filling up the DagBag from /home/airflow/.local/lib/python3.12/site-packages/airflow/example_dags/example_sla_dag.py
[2024-12-22T11:39:34.928+0000] {processor.py:925} INFO - DAG(s) 'example_sla_dag' retrieved from /home/airflow/.local/lib/python3.12/site-packages/airflow/example_dags/example_sla_dag.py
[2024-12-22T11:39:34.985+0000] {logging_mixin.py:190} INFO - [2024-12-22T11:39:34.984+0000] {dag.py:3239} INFO - Sync 1 DAGs
[2024-12-22T11:39:35.056+0000] {logging_mixin.py:190} INFO - [2024-12-22T11:39:35.056+0000] {dag.py:4180} INFO - Setting next_dagrun for example_sla_dag to 2024-12-22 11:36:00+00:00, run_after=2024-12-22 11:38:00+00:00
[2024-12-22T11:39:35.099+0000] {processor.py:208} INFO - Processing /home/airflow/.local/lib/python3.12/site-packages/airflow/example_dags/example_sla_dag.py took 0.256 seconds
[2024-12-22T11:40:15.890+0000] {processor.py:186} INFO - Started process (PID=2467) to work on /home/airflow/.local/lib/python3.12/site-packages/airflow/example_dags/example_sla_dag.py
[2024-12-22T11:40:15.893+0000] {processor.py:914} INFO - Processing file /home/airflow/.local/lib/python3.12/site-packages/airflow/example_dags/example_sla_dag.py for tasks to queue
[2024-12-22T11:40:15.897+0000] {logging_mixin.py:190} INFO - [2024-12-22T11:40:15.896+0000] {dagbag.py:588} INFO - Filling up the DagBag from /home/airflow/.local/lib/python3.12/site-packages/airflow/example_dags/example_sla_dag.py
[2024-12-22T11:40:15.926+0000] {processor.py:925} INFO - DAG(s) 'example_sla_dag' retrieved from /home/airflow/.local/lib/python3.12/site-packages/airflow/example_dags/example_sla_dag.py
[2024-12-22T11:40:15.972+0000] {logging_mixin.py:190} INFO - [2024-12-22T11:40:15.971+0000] {dag.py:3239} INFO - Sync 1 DAGs
[2024-12-22T11:40:16.040+0000] {logging_mixin.py:190} INFO - [2024-12-22T11:40:16.039+0000] {dag.py:4180} INFO - Setting next_dagrun for example_sla_dag to 2024-12-22 11:38:00+00:00, run_after=2024-12-22 11:40:00+00:00
[2024-12-22T11:40:16.086+0000] {processor.py:208} INFO - Processing /home/airflow/.local/lib/python3.12/site-packages/airflow/example_dags/example_sla_dag.py took 0.214 seconds
[2024-12-22T11:40:53.822+0000] {processor.py:186} INFO - Started process (PID=2533) to work on /home/airflow/.local/lib/python3.12/site-packages/airflow/example_dags/example_sla_dag.py
[2024-12-22T11:40:53.828+0000] {processor.py:914} INFO - Processing file /home/airflow/.local/lib/python3.12/site-packages/airflow/example_dags/example_sla_dag.py for tasks to queue
[2024-12-22T11:40:53.837+0000] {logging_mixin.py:190} INFO - [2024-12-22T11:40:53.834+0000] {dagbag.py:588} INFO - Filling up the DagBag from /home/airflow/.local/lib/python3.12/site-packages/airflow/example_dags/example_sla_dag.py
[2024-12-22T11:40:53.909+0000] {processor.py:925} INFO - DAG(s) 'example_sla_dag' retrieved from /home/airflow/.local/lib/python3.12/site-packages/airflow/example_dags/example_sla_dag.py
[2024-12-22T11:40:54.008+0000] {logging_mixin.py:190} INFO - [2024-12-22T11:40:54.007+0000] {dag.py:3239} INFO - Sync 1 DAGs
[2024-12-22T11:40:55.017+0000] {logging_mixin.py:190} INFO - [2024-12-22T11:40:55.016+0000] {dag.py:4180} INFO - Setting next_dagrun for example_sla_dag to 2024-12-22 11:38:00+00:00, run_after=2024-12-22 11:40:00+00:00
[2024-12-22T11:40:55.136+0000] {processor.py:208} INFO - Processing /home/airflow/.local/lib/python3.12/site-packages/airflow/example_dags/example_sla_dag.py took 1.363 seconds
[2024-12-22T11:41:26.935+0000] {processor.py:186} INFO - Started process (PID=2597) to work on /home/airflow/.local/lib/python3.12/site-packages/airflow/example_dags/example_sla_dag.py
[2024-12-22T11:41:26.938+0000] {processor.py:914} INFO - Processing file /home/airflow/.local/lib/python3.12/site-packages/airflow/example_dags/example_sla_dag.py for tasks to queue
[2024-12-22T11:41:26.941+0000] {logging_mixin.py:190} INFO - [2024-12-22T11:41:26.940+0000] {dagbag.py:588} INFO - Filling up the DagBag from /home/airflow/.local/lib/python3.12/site-packages/airflow/example_dags/example_sla_dag.py
[2024-12-22T11:41:26.980+0000] {processor.py:925} INFO - DAG(s) 'example_sla_dag' retrieved from /home/airflow/.local/lib/python3.12/site-packages/airflow/example_dags/example_sla_dag.py
[2024-12-22T11:41:27.031+0000] {logging_mixin.py:190} INFO - [2024-12-22T11:41:27.031+0000] {dag.py:3239} INFO - Sync 1 DAGs
[2024-12-22T11:41:27.105+0000] {logging_mixin.py:190} INFO - [2024-12-22T11:41:27.104+0000] {dag.py:4180} INFO - Setting next_dagrun for example_sla_dag to 2024-12-22 11:38:00+00:00, run_after=2024-12-22 11:40:00+00:00
[2024-12-22T11:41:27.150+0000] {processor.py:208} INFO - Processing /home/airflow/.local/lib/python3.12/site-packages/airflow/example_dags/example_sla_dag.py took 0.231 seconds
[2024-12-22T11:43:13.453+0000] {processor.py:186} INFO - Started process (PID=2666) to work on /home/airflow/.local/lib/python3.12/site-packages/airflow/example_dags/example_sla_dag.py
[2024-12-22T11:43:13.457+0000] {processor.py:914} INFO - Processing file /home/airflow/.local/lib/python3.12/site-packages/airflow/example_dags/example_sla_dag.py for tasks to queue
[2024-12-22T11:43:13.464+0000] {logging_mixin.py:190} INFO - [2024-12-22T11:43:13.462+0000] {dagbag.py:588} INFO - Filling up the DagBag from /home/airflow/.local/lib/python3.12/site-packages/airflow/example_dags/example_sla_dag.py
[2024-12-22T11:43:13.525+0000] {processor.py:925} INFO - DAG(s) 'example_sla_dag' retrieved from /home/airflow/.local/lib/python3.12/site-packages/airflow/example_dags/example_sla_dag.py
[2024-12-22T11:43:13.611+0000] {logging_mixin.py:190} INFO - [2024-12-22T11:43:13.610+0000] {dag.py:3239} INFO - Sync 1 DAGs
[2024-12-22T11:43:13.723+0000] {logging_mixin.py:190} INFO - [2024-12-22T11:43:13.722+0000] {dag.py:4180} INFO - Setting next_dagrun for example_sla_dag to 2024-12-22 11:40:00+00:00, run_after=2024-12-22 11:42:00+00:00
[2024-12-22T11:43:13.776+0000] {processor.py:208} INFO - Processing /home/airflow/.local/lib/python3.12/site-packages/airflow/example_dags/example_sla_dag.py took 0.359 seconds
[2024-12-22T11:45:46.435+0000] {processor.py:186} INFO - Started process (PID=2734) to work on /home/airflow/.local/lib/python3.12/site-packages/airflow/example_dags/example_sla_dag.py
[2024-12-22T11:45:46.447+0000] {processor.py:914} INFO - Processing file /home/airflow/.local/lib/python3.12/site-packages/airflow/example_dags/example_sla_dag.py for tasks to queue
[2024-12-22T11:45:46.457+0000] {logging_mixin.py:190} INFO - [2024-12-22T11:45:46.455+0000] {dagbag.py:588} INFO - Filling up the DagBag from /home/airflow/.local/lib/python3.12/site-packages/airflow/example_dags/example_sla_dag.py
[2024-12-22T11:45:46.587+0000] {processor.py:925} INFO - DAG(s) 'example_sla_dag' retrieved from /home/airflow/.local/lib/python3.12/site-packages/airflow/example_dags/example_sla_dag.py
[2024-12-22T11:45:46.872+0000] {logging_mixin.py:190} INFO - [2024-12-22T11:45:46.864+0000] {dag.py:3239} INFO - Sync 1 DAGs
[2024-12-22T11:45:47.047+0000] {logging_mixin.py:190} INFO - [2024-12-22T11:45:47.046+0000] {dag.py:4180} INFO - Setting next_dagrun for example_sla_dag to 2024-12-22 11:42:00+00:00, run_after=2024-12-22 11:44:00+00:00
[2024-12-22T11:45:47.110+0000] {processor.py:208} INFO - Processing /home/airflow/.local/lib/python3.12/site-packages/airflow/example_dags/example_sla_dag.py took 0.697 seconds
[2024-12-22T11:50:04.694+0000] {processor.py:186} INFO - Started process (PID=81) to work on /home/airflow/.local/lib/python3.12/site-packages/airflow/example_dags/example_sla_dag.py
[2024-12-22T11:50:04.695+0000] {processor.py:914} INFO - Processing file /home/airflow/.local/lib/python3.12/site-packages/airflow/example_dags/example_sla_dag.py for tasks to queue
[2024-12-22T11:50:04.699+0000] {logging_mixin.py:190} INFO - [2024-12-22T11:50:04.698+0000] {dagbag.py:588} INFO - Filling up the DagBag from /home/airflow/.local/lib/python3.12/site-packages/airflow/example_dags/example_sla_dag.py
[2024-12-22T11:50:04.715+0000] {processor.py:925} INFO - DAG(s) 'example_sla_dag' retrieved from /home/airflow/.local/lib/python3.12/site-packages/airflow/example_dags/example_sla_dag.py
[2024-12-22T11:50:04.756+0000] {logging_mixin.py:190} INFO - [2024-12-22T11:50:04.755+0000] {dag.py:3239} INFO - Sync 1 DAGs
[2024-12-22T11:50:04.804+0000] {logging_mixin.py:190} INFO - [2024-12-22T11:50:04.803+0000] {dag.py:4180} INFO - Setting next_dagrun for example_sla_dag to 2024-12-22 11:48:00+00:00, run_after=2024-12-22 11:50:00+00:00
[2024-12-22T11:50:04.837+0000] {processor.py:208} INFO - Processing /home/airflow/.local/lib/python3.12/site-packages/airflow/example_dags/example_sla_dag.py took 0.155 seconds
[2024-12-22T11:50:36.155+0000] {processor.py:186} INFO - Started process (PID=146) to work on /home/airflow/.local/lib/python3.12/site-packages/airflow/example_dags/example_sla_dag.py
[2024-12-22T11:50:36.157+0000] {processor.py:914} INFO - Processing file /home/airflow/.local/lib/python3.12/site-packages/airflow/example_dags/example_sla_dag.py for tasks to queue
[2024-12-22T11:50:36.160+0000] {logging_mixin.py:190} INFO - [2024-12-22T11:50:36.159+0000] {dagbag.py:588} INFO - Filling up the DagBag from /home/airflow/.local/lib/python3.12/site-packages/airflow/example_dags/example_sla_dag.py
[2024-12-22T11:50:36.173+0000] {processor.py:925} INFO - DAG(s) 'example_sla_dag' retrieved from /home/airflow/.local/lib/python3.12/site-packages/airflow/example_dags/example_sla_dag.py
[2024-12-22T11:50:36.198+0000] {logging_mixin.py:190} INFO - [2024-12-22T11:50:36.197+0000] {dag.py:3239} INFO - Sync 1 DAGs
[2024-12-22T11:50:36.240+0000] {logging_mixin.py:190} INFO - [2024-12-22T11:50:36.240+0000] {dag.py:4180} INFO - Setting next_dagrun for example_sla_dag to 2024-12-22 11:48:00+00:00, run_after=2024-12-22 11:50:00+00:00
[2024-12-22T11:50:36.266+0000] {processor.py:208} INFO - Processing /home/airflow/.local/lib/python3.12/site-packages/airflow/example_dags/example_sla_dag.py took 0.118 seconds
[2024-12-22T11:51:14.985+0000] {processor.py:186} INFO - Started process (PID=211) to work on /home/airflow/.local/lib/python3.12/site-packages/airflow/example_dags/example_sla_dag.py
[2024-12-22T11:51:14.987+0000] {processor.py:914} INFO - Processing file /home/airflow/.local/lib/python3.12/site-packages/airflow/example_dags/example_sla_dag.py for tasks to queue
[2024-12-22T11:51:14.990+0000] {logging_mixin.py:190} INFO - [2024-12-22T11:51:14.990+0000] {dagbag.py:588} INFO - Filling up the DagBag from /home/airflow/.local/lib/python3.12/site-packages/airflow/example_dags/example_sla_dag.py
[2024-12-22T11:51:15.003+0000] {processor.py:925} INFO - DAG(s) 'example_sla_dag' retrieved from /home/airflow/.local/lib/python3.12/site-packages/airflow/example_dags/example_sla_dag.py
[2024-12-22T11:51:15.025+0000] {logging_mixin.py:190} INFO - [2024-12-22T11:51:15.024+0000] {dag.py:3239} INFO - Sync 1 DAGs
[2024-12-22T11:51:15.059+0000] {logging_mixin.py:190} INFO - [2024-12-22T11:51:15.058+0000] {dag.py:4180} INFO - Setting next_dagrun for example_sla_dag to 2024-12-22 11:48:00+00:00, run_after=2024-12-22 11:50:00+00:00
[2024-12-22T11:51:15.078+0000] {processor.py:208} INFO - Processing /home/airflow/.local/lib/python3.12/site-packages/airflow/example_dags/example_sla_dag.py took 0.100 seconds
[2024-12-22T11:51:46.659+0000] {processor.py:186} INFO - Started process (PID=276) to work on /home/airflow/.local/lib/python3.12/site-packages/airflow/example_dags/example_sla_dag.py
[2024-12-22T11:51:46.660+0000] {processor.py:914} INFO - Processing file /home/airflow/.local/lib/python3.12/site-packages/airflow/example_dags/example_sla_dag.py for tasks to queue
[2024-12-22T11:51:46.663+0000] {logging_mixin.py:190} INFO - [2024-12-22T11:51:46.663+0000] {dagbag.py:588} INFO - Filling up the DagBag from /home/airflow/.local/lib/python3.12/site-packages/airflow/example_dags/example_sla_dag.py
[2024-12-22T11:51:46.676+0000] {processor.py:925} INFO - DAG(s) 'example_sla_dag' retrieved from /home/airflow/.local/lib/python3.12/site-packages/airflow/example_dags/example_sla_dag.py
[2024-12-22T11:51:46.697+0000] {logging_mixin.py:190} INFO - [2024-12-22T11:51:46.697+0000] {dag.py:3239} INFO - Sync 1 DAGs
[2024-12-22T11:51:46.729+0000] {logging_mixin.py:190} INFO - [2024-12-22T11:51:46.729+0000] {dag.py:4180} INFO - Setting next_dagrun for example_sla_dag to 2024-12-22 11:48:00+00:00, run_after=2024-12-22 11:50:00+00:00
[2024-12-22T11:51:46.751+0000] {processor.py:208} INFO - Processing /home/airflow/.local/lib/python3.12/site-packages/airflow/example_dags/example_sla_dag.py took 0.099 seconds
[2024-12-22T11:52:17.930+0000] {processor.py:186} INFO - Started process (PID=347) to work on /home/airflow/.local/lib/python3.12/site-packages/airflow/example_dags/example_sla_dag.py
[2024-12-22T11:52:17.932+0000] {processor.py:914} INFO - Processing file /home/airflow/.local/lib/python3.12/site-packages/airflow/example_dags/example_sla_dag.py for tasks to queue
[2024-12-22T11:52:17.935+0000] {logging_mixin.py:190} INFO - [2024-12-22T11:52:17.934+0000] {dagbag.py:588} INFO - Filling up the DagBag from /home/airflow/.local/lib/python3.12/site-packages/airflow/example_dags/example_sla_dag.py
[2024-12-22T11:52:17.951+0000] {processor.py:925} INFO - DAG(s) 'example_sla_dag' retrieved from /home/airflow/.local/lib/python3.12/site-packages/airflow/example_dags/example_sla_dag.py
[2024-12-22T11:52:17.976+0000] {logging_mixin.py:190} INFO - [2024-12-22T11:52:17.975+0000] {dag.py:3239} INFO - Sync 1 DAGs
[2024-12-22T11:52:18.017+0000] {logging_mixin.py:190} INFO - [2024-12-22T11:52:18.017+0000] {dag.py:4180} INFO - Setting next_dagrun for example_sla_dag to 2024-12-22 11:50:00+00:00, run_after=2024-12-22 11:52:00+00:00
[2024-12-22T11:52:18.042+0000] {processor.py:208} INFO - Processing /home/airflow/.local/lib/python3.12/site-packages/airflow/example_dags/example_sla_dag.py took 0.120 seconds
[2024-12-22T11:52:49.729+0000] {processor.py:186} INFO - Started process (PID=412) to work on /home/airflow/.local/lib/python3.12/site-packages/airflow/example_dags/example_sla_dag.py
[2024-12-22T11:52:49.730+0000] {processor.py:914} INFO - Processing file /home/airflow/.local/lib/python3.12/site-packages/airflow/example_dags/example_sla_dag.py for tasks to queue
[2024-12-22T11:52:49.733+0000] {logging_mixin.py:190} INFO - [2024-12-22T11:52:49.733+0000] {dagbag.py:588} INFO - Filling up the DagBag from /home/airflow/.local/lib/python3.12/site-packages/airflow/example_dags/example_sla_dag.py
[2024-12-22T11:52:49.746+0000] {processor.py:925} INFO - DAG(s) 'example_sla_dag' retrieved from /home/airflow/.local/lib/python3.12/site-packages/airflow/example_dags/example_sla_dag.py
[2024-12-22T11:52:49.769+0000] {logging_mixin.py:190} INFO - [2024-12-22T11:52:49.769+0000] {dag.py:3239} INFO - Sync 1 DAGs
[2024-12-22T11:52:49.804+0000] {logging_mixin.py:190} INFO - [2024-12-22T11:52:49.803+0000] {dag.py:4180} INFO - Setting next_dagrun for example_sla_dag to 2024-12-22 11:50:00+00:00, run_after=2024-12-22 11:52:00+00:00
[2024-12-22T11:52:49.826+0000] {processor.py:208} INFO - Processing /home/airflow/.local/lib/python3.12/site-packages/airflow/example_dags/example_sla_dag.py took 0.104 seconds
[2024-12-22T11:53:21.038+0000] {processor.py:186} INFO - Started process (PID=477) to work on /home/airflow/.local/lib/python3.12/site-packages/airflow/example_dags/example_sla_dag.py
[2024-12-22T11:53:21.040+0000] {processor.py:914} INFO - Processing file /home/airflow/.local/lib/python3.12/site-packages/airflow/example_dags/example_sla_dag.py for tasks to queue
[2024-12-22T11:53:21.043+0000] {logging_mixin.py:190} INFO - [2024-12-22T11:53:21.042+0000] {dagbag.py:588} INFO - Filling up the DagBag from /home/airflow/.local/lib/python3.12/site-packages/airflow/example_dags/example_sla_dag.py
[2024-12-22T11:53:21.056+0000] {processor.py:925} INFO - DAG(s) 'example_sla_dag' retrieved from /home/airflow/.local/lib/python3.12/site-packages/airflow/example_dags/example_sla_dag.py
[2024-12-22T11:53:21.079+0000] {logging_mixin.py:190} INFO - [2024-12-22T11:53:21.079+0000] {dag.py:3239} INFO - Sync 1 DAGs
[2024-12-22T11:53:21.111+0000] {logging_mixin.py:190} INFO - [2024-12-22T11:53:21.111+0000] {dag.py:4180} INFO - Setting next_dagrun for example_sla_dag to 2024-12-22 11:50:00+00:00, run_after=2024-12-22 11:52:00+00:00
[2024-12-22T11:53:21.134+0000] {processor.py:208} INFO - Processing /home/airflow/.local/lib/python3.12/site-packages/airflow/example_dags/example_sla_dag.py took 0.103 seconds
[2024-12-22T11:53:53.104+0000] {processor.py:186} INFO - Started process (PID=542) to work on /home/airflow/.local/lib/python3.12/site-packages/airflow/example_dags/example_sla_dag.py
[2024-12-22T11:53:53.106+0000] {processor.py:914} INFO - Processing file /home/airflow/.local/lib/python3.12/site-packages/airflow/example_dags/example_sla_dag.py for tasks to queue
[2024-12-22T11:53:53.110+0000] {logging_mixin.py:190} INFO - [2024-12-22T11:53:53.110+0000] {dagbag.py:588} INFO - Filling up the DagBag from /home/airflow/.local/lib/python3.12/site-packages/airflow/example_dags/example_sla_dag.py
[2024-12-22T11:53:53.125+0000] {processor.py:925} INFO - DAG(s) 'example_sla_dag' retrieved from /home/airflow/.local/lib/python3.12/site-packages/airflow/example_dags/example_sla_dag.py
[2024-12-22T11:53:53.148+0000] {logging_mixin.py:190} INFO - [2024-12-22T11:53:53.148+0000] {dag.py:3239} INFO - Sync 1 DAGs
[2024-12-22T11:53:53.190+0000] {logging_mixin.py:190} INFO - [2024-12-22T11:53:53.190+0000] {dag.py:4180} INFO - Setting next_dagrun for example_sla_dag to 2024-12-22 11:50:00+00:00, run_after=2024-12-22 11:52:00+00:00
[2024-12-22T11:53:53.217+0000] {processor.py:208} INFO - Processing /home/airflow/.local/lib/python3.12/site-packages/airflow/example_dags/example_sla_dag.py took 0.125 seconds
[2024-12-22T11:54:25.582+0000] {processor.py:186} INFO - Started process (PID=607) to work on /home/airflow/.local/lib/python3.12/site-packages/airflow/example_dags/example_sla_dag.py
[2024-12-22T11:54:25.587+0000] {processor.py:914} INFO - Processing file /home/airflow/.local/lib/python3.12/site-packages/airflow/example_dags/example_sla_dag.py for tasks to queue
[2024-12-22T11:54:25.590+0000] {logging_mixin.py:190} INFO - [2024-12-22T11:54:25.589+0000] {dagbag.py:588} INFO - Filling up the DagBag from /home/airflow/.local/lib/python3.12/site-packages/airflow/example_dags/example_sla_dag.py
[2024-12-22T11:54:25.612+0000] {processor.py:925} INFO - DAG(s) 'example_sla_dag' retrieved from /home/airflow/.local/lib/python3.12/site-packages/airflow/example_dags/example_sla_dag.py
[2024-12-22T11:54:25.642+0000] {logging_mixin.py:190} INFO - [2024-12-22T11:54:25.642+0000] {dag.py:3239} INFO - Sync 1 DAGs
[2024-12-22T11:54:25.689+0000] {logging_mixin.py:190} INFO - [2024-12-22T11:54:25.688+0000] {dag.py:4180} INFO - Setting next_dagrun for example_sla_dag to 2024-12-22 11:52:00+00:00, run_after=2024-12-22 11:54:00+00:00
[2024-12-22T11:54:25.721+0000] {processor.py:208} INFO - Processing /home/airflow/.local/lib/python3.12/site-packages/airflow/example_dags/example_sla_dag.py took 0.149 seconds
[2024-12-22T11:54:56.953+0000] {processor.py:186} INFO - Started process (PID=672) to work on /home/airflow/.local/lib/python3.12/site-packages/airflow/example_dags/example_sla_dag.py
[2024-12-22T11:54:56.954+0000] {processor.py:914} INFO - Processing file /home/airflow/.local/lib/python3.12/site-packages/airflow/example_dags/example_sla_dag.py for tasks to queue
[2024-12-22T11:54:56.958+0000] {logging_mixin.py:190} INFO - [2024-12-22T11:54:56.958+0000] {dagbag.py:588} INFO - Filling up the DagBag from /home/airflow/.local/lib/python3.12/site-packages/airflow/example_dags/example_sla_dag.py
[2024-12-22T11:54:56.973+0000] {processor.py:925} INFO - DAG(s) 'example_sla_dag' retrieved from /home/airflow/.local/lib/python3.12/site-packages/airflow/example_dags/example_sla_dag.py
[2024-12-22T11:54:56.997+0000] {logging_mixin.py:190} INFO - [2024-12-22T11:54:56.996+0000] {dag.py:3239} INFO - Sync 1 DAGs
[2024-12-22T11:54:57.045+0000] {logging_mixin.py:190} INFO - [2024-12-22T11:54:57.045+0000] {dag.py:4180} INFO - Setting next_dagrun for example_sla_dag to 2024-12-22 11:52:00+00:00, run_after=2024-12-22 11:54:00+00:00
[2024-12-22T11:54:57.069+0000] {processor.py:208} INFO - Processing /home/airflow/.local/lib/python3.12/site-packages/airflow/example_dags/example_sla_dag.py took 0.123 seconds
[2024-12-22T11:56:35.296+0000] {processor.py:186} INFO - Started process (PID=77) to work on /home/airflow/.local/lib/python3.12/site-packages/airflow/example_dags/example_sla_dag.py
[2024-12-22T11:56:35.297+0000] {processor.py:914} INFO - Processing file /home/airflow/.local/lib/python3.12/site-packages/airflow/example_dags/example_sla_dag.py for tasks to queue
[2024-12-22T11:56:35.301+0000] {logging_mixin.py:190} INFO - [2024-12-22T11:56:35.301+0000] {dagbag.py:588} INFO - Filling up the DagBag from /home/airflow/.local/lib/python3.12/site-packages/airflow/example_dags/example_sla_dag.py
[2024-12-22T11:56:35.318+0000] {processor.py:925} INFO - DAG(s) 'example_sla_dag' retrieved from /home/airflow/.local/lib/python3.12/site-packages/airflow/example_dags/example_sla_dag.py
[2024-12-22T11:56:35.358+0000] {logging_mixin.py:190} INFO - [2024-12-22T11:56:35.358+0000] {dag.py:3239} INFO - Sync 1 DAGs
[2024-12-22T11:56:35.402+0000] {logging_mixin.py:190} INFO - [2024-12-22T11:56:35.401+0000] {dag.py:4180} INFO - Setting next_dagrun for example_sla_dag to 2024-12-22 11:54:00+00:00, run_after=2024-12-22 11:56:00+00:00
[2024-12-22T11:56:35.430+0000] {processor.py:208} INFO - Processing /home/airflow/.local/lib/python3.12/site-packages/airflow/example_dags/example_sla_dag.py took 0.143 seconds
[2024-12-22T11:57:08.319+0000] {processor.py:186} INFO - Started process (PID=149) to work on /home/airflow/.local/lib/python3.12/site-packages/airflow/example_dags/example_sla_dag.py
[2024-12-22T11:57:08.321+0000] {processor.py:914} INFO - Processing file /home/airflow/.local/lib/python3.12/site-packages/airflow/example_dags/example_sla_dag.py for tasks to queue
[2024-12-22T11:57:08.326+0000] {logging_mixin.py:190} INFO - [2024-12-22T11:57:08.325+0000] {dagbag.py:588} INFO - Filling up the DagBag from /home/airflow/.local/lib/python3.12/site-packages/airflow/example_dags/example_sla_dag.py
[2024-12-22T11:57:08.350+0000] {processor.py:925} INFO - DAG(s) 'example_sla_dag' retrieved from /home/airflow/.local/lib/python3.12/site-packages/airflow/example_dags/example_sla_dag.py
[2024-12-22T11:57:08.390+0000] {logging_mixin.py:190} INFO - [2024-12-22T11:57:08.389+0000] {dag.py:3239} INFO - Sync 1 DAGs
[2024-12-22T11:57:08.463+0000] {logging_mixin.py:190} INFO - [2024-12-22T11:57:08.463+0000] {dag.py:4180} INFO - Setting next_dagrun for example_sla_dag to 2024-12-22 11:54:00+00:00, run_after=2024-12-22 11:56:00+00:00
[2024-12-22T11:57:08.507+0000] {processor.py:208} INFO - Processing /home/airflow/.local/lib/python3.12/site-packages/airflow/example_dags/example_sla_dag.py took 0.199 seconds
