[2024-12-22T11:18:01.259+0000] {processor.py:186} INFO - Started process (PID=97) to work on /home/airflow/.local/lib/python3.12/site-packages/airflow/example_dags/example_latest_only_with_trigger.py
[2024-12-22T11:18:01.263+0000] {processor.py:914} INFO - Processing file /home/airflow/.local/lib/python3.12/site-packages/airflow/example_dags/example_latest_only_with_trigger.py for tasks to queue
[2024-12-22T11:18:01.275+0000] {logging_mixin.py:190} INFO - [2024-12-22T11:18:01.274+0000] {dagbag.py:588} INFO - Filling up the DagBag from /home/airflow/.local/lib/python3.12/site-packages/airflow/example_dags/example_latest_only_with_trigger.py
[2024-12-22T11:18:01.319+0000] {processor.py:925} INFO - DAG(s) 'latest_only_with_trigger' retrieved from /home/airflow/.local/lib/python3.12/site-packages/airflow/example_dags/example_latest_only_with_trigger.py
[2024-12-22T11:18:01.423+0000] {logging_mixin.py:190} INFO - [2024-12-22T11:18:01.422+0000] {dag.py:3239} INFO - Sync 1 DAGs
[2024-12-22T11:18:01.548+0000] {logging_mixin.py:190} INFO - [2024-12-22T11:18:01.547+0000] {dag.py:4180} INFO - Setting next_dagrun for latest_only_with_trigger to 2024-12-22 04:00:00+00:00, run_after=2024-12-22 08:00:00+00:00
[2024-12-22T11:18:02.024+0000] {processor.py:208} INFO - Processing /home/airflow/.local/lib/python3.12/site-packages/airflow/example_dags/example_latest_only_with_trigger.py took 0.798 seconds
[2024-12-22T11:18:33.145+0000] {processor.py:186} INFO - Started process (PID=162) to work on /home/airflow/.local/lib/python3.12/site-packages/airflow/example_dags/example_latest_only_with_trigger.py
[2024-12-22T11:18:33.148+0000] {processor.py:914} INFO - Processing file /home/airflow/.local/lib/python3.12/site-packages/airflow/example_dags/example_latest_only_with_trigger.py for tasks to queue
[2024-12-22T11:18:33.156+0000] {logging_mixin.py:190} INFO - [2024-12-22T11:18:33.155+0000] {dagbag.py:588} INFO - Filling up the DagBag from /home/airflow/.local/lib/python3.12/site-packages/airflow/example_dags/example_latest_only_with_trigger.py
[2024-12-22T11:18:33.177+0000] {processor.py:925} INFO - DAG(s) 'latest_only_with_trigger' retrieved from /home/airflow/.local/lib/python3.12/site-packages/airflow/example_dags/example_latest_only_with_trigger.py
[2024-12-22T11:18:33.247+0000] {logging_mixin.py:190} INFO - [2024-12-22T11:18:33.246+0000] {dag.py:3239} INFO - Sync 1 DAGs
[2024-12-22T11:18:33.391+0000] {logging_mixin.py:190} INFO - [2024-12-22T11:18:33.390+0000] {dag.py:4180} INFO - Setting next_dagrun for latest_only_with_trigger to 2024-12-22 04:00:00+00:00, run_after=2024-12-22 08:00:00+00:00
[2024-12-22T11:18:33.435+0000] {processor.py:208} INFO - Processing /home/airflow/.local/lib/python3.12/site-packages/airflow/example_dags/example_latest_only_with_trigger.py took 0.312 seconds
[2024-12-22T11:19:09.260+0000] {processor.py:186} INFO - Started process (PID=233) to work on /home/airflow/.local/lib/python3.12/site-packages/airflow/example_dags/example_latest_only_with_trigger.py
[2024-12-22T11:19:09.268+0000] {processor.py:914} INFO - Processing file /home/airflow/.local/lib/python3.12/site-packages/airflow/example_dags/example_latest_only_with_trigger.py for tasks to queue
[2024-12-22T11:19:09.284+0000] {logging_mixin.py:190} INFO - [2024-12-22T11:19:09.282+0000] {dagbag.py:588} INFO - Filling up the DagBag from /home/airflow/.local/lib/python3.12/site-packages/airflow/example_dags/example_latest_only_with_trigger.py
[2024-12-22T11:19:09.328+0000] {processor.py:925} INFO - DAG(s) 'latest_only_with_trigger' retrieved from /home/airflow/.local/lib/python3.12/site-packages/airflow/example_dags/example_latest_only_with_trigger.py
[2024-12-22T11:19:09.372+0000] {logging_mixin.py:190} INFO - [2024-12-22T11:19:09.372+0000] {dag.py:3239} INFO - Sync 1 DAGs
[2024-12-22T11:19:09.425+0000] {logging_mixin.py:190} INFO - [2024-12-22T11:19:09.425+0000] {dag.py:4180} INFO - Setting next_dagrun for latest_only_with_trigger to 2024-12-22 04:00:00+00:00, run_after=2024-12-22 08:00:00+00:00
[2024-12-22T11:19:09.463+0000] {processor.py:208} INFO - Processing /home/airflow/.local/lib/python3.12/site-packages/airflow/example_dags/example_latest_only_with_trigger.py took 0.249 seconds
[2024-12-22T11:19:41.190+0000] {processor.py:186} INFO - Started process (PID=299) to work on /home/airflow/.local/lib/python3.12/site-packages/airflow/example_dags/example_latest_only_with_trigger.py
[2024-12-22T11:19:41.193+0000] {processor.py:914} INFO - Processing file /home/airflow/.local/lib/python3.12/site-packages/airflow/example_dags/example_latest_only_with_trigger.py for tasks to queue
[2024-12-22T11:19:41.201+0000] {logging_mixin.py:190} INFO - [2024-12-22T11:19:41.200+0000] {dagbag.py:588} INFO - Filling up the DagBag from /home/airflow/.local/lib/python3.12/site-packages/airflow/example_dags/example_latest_only_with_trigger.py
[2024-12-22T11:19:41.229+0000] {processor.py:925} INFO - DAG(s) 'latest_only_with_trigger' retrieved from /home/airflow/.local/lib/python3.12/site-packages/airflow/example_dags/example_latest_only_with_trigger.py
[2024-12-22T11:19:41.285+0000] {logging_mixin.py:190} INFO - [2024-12-22T11:19:41.284+0000] {dag.py:3239} INFO - Sync 1 DAGs
[2024-12-22T11:19:41.372+0000] {logging_mixin.py:190} INFO - [2024-12-22T11:19:41.371+0000] {dag.py:4180} INFO - Setting next_dagrun for latest_only_with_trigger to 2024-12-22 04:00:00+00:00, run_after=2024-12-22 08:00:00+00:00
[2024-12-22T11:19:41.434+0000] {processor.py:208} INFO - Processing /home/airflow/.local/lib/python3.12/site-packages/airflow/example_dags/example_latest_only_with_trigger.py took 0.260 seconds
[2024-12-22T11:20:20.286+0000] {processor.py:186} INFO - Started process (PID=365) to work on /home/airflow/.local/lib/python3.12/site-packages/airflow/example_dags/example_latest_only_with_trigger.py
[2024-12-22T11:20:20.288+0000] {processor.py:914} INFO - Processing file /home/airflow/.local/lib/python3.12/site-packages/airflow/example_dags/example_latest_only_with_trigger.py for tasks to queue
[2024-12-22T11:20:20.294+0000] {logging_mixin.py:190} INFO - [2024-12-22T11:20:20.293+0000] {dagbag.py:588} INFO - Filling up the DagBag from /home/airflow/.local/lib/python3.12/site-packages/airflow/example_dags/example_latest_only_with_trigger.py
[2024-12-22T11:20:20.314+0000] {processor.py:925} INFO - DAG(s) 'latest_only_with_trigger' retrieved from /home/airflow/.local/lib/python3.12/site-packages/airflow/example_dags/example_latest_only_with_trigger.py
[2024-12-22T11:20:20.377+0000] {logging_mixin.py:190} INFO - [2024-12-22T11:20:20.377+0000] {dag.py:3239} INFO - Sync 1 DAGs
[2024-12-22T11:20:20.457+0000] {logging_mixin.py:190} INFO - [2024-12-22T11:20:20.456+0000] {dag.py:4180} INFO - Setting next_dagrun for latest_only_with_trigger to 2024-12-22 04:00:00+00:00, run_after=2024-12-22 08:00:00+00:00
[2024-12-22T11:20:21.337+0000] {processor.py:208} INFO - Processing /home/airflow/.local/lib/python3.12/site-packages/airflow/example_dags/example_latest_only_with_trigger.py took 1.124 seconds
[2024-12-22T11:20:51.595+0000] {processor.py:186} INFO - Started process (PID=431) to work on /home/airflow/.local/lib/python3.12/site-packages/airflow/example_dags/example_latest_only_with_trigger.py
[2024-12-22T11:20:51.598+0000] {processor.py:914} INFO - Processing file /home/airflow/.local/lib/python3.12/site-packages/airflow/example_dags/example_latest_only_with_trigger.py for tasks to queue
[2024-12-22T11:20:51.606+0000] {logging_mixin.py:190} INFO - [2024-12-22T11:20:51.605+0000] {dagbag.py:588} INFO - Filling up the DagBag from /home/airflow/.local/lib/python3.12/site-packages/airflow/example_dags/example_latest_only_with_trigger.py
[2024-12-22T11:20:51.641+0000] {processor.py:925} INFO - DAG(s) 'latest_only_with_trigger' retrieved from /home/airflow/.local/lib/python3.12/site-packages/airflow/example_dags/example_latest_only_with_trigger.py
[2024-12-22T11:20:51.708+0000] {logging_mixin.py:190} INFO - [2024-12-22T11:20:51.707+0000] {dag.py:3239} INFO - Sync 1 DAGs
[2024-12-22T11:20:51.777+0000] {logging_mixin.py:190} INFO - [2024-12-22T11:20:51.777+0000] {dag.py:4180} INFO - Setting next_dagrun for latest_only_with_trigger to 2024-12-22 04:00:00+00:00, run_after=2024-12-22 08:00:00+00:00
[2024-12-22T11:20:51.822+0000] {processor.py:208} INFO - Processing /home/airflow/.local/lib/python3.12/site-packages/airflow/example_dags/example_latest_only_with_trigger.py took 0.246 seconds
[2024-12-22T11:21:30.795+0000] {processor.py:186} INFO - Started process (PID=495) to work on /home/airflow/.local/lib/python3.12/site-packages/airflow/example_dags/example_latest_only_with_trigger.py
[2024-12-22T11:21:30.800+0000] {processor.py:914} INFO - Processing file /home/airflow/.local/lib/python3.12/site-packages/airflow/example_dags/example_latest_only_with_trigger.py for tasks to queue
[2024-12-22T11:21:30.816+0000] {logging_mixin.py:190} INFO - [2024-12-22T11:21:30.814+0000] {dagbag.py:588} INFO - Filling up the DagBag from /home/airflow/.local/lib/python3.12/site-packages/airflow/example_dags/example_latest_only_with_trigger.py
[2024-12-22T11:21:30.964+0000] {processor.py:925} INFO - DAG(s) 'latest_only_with_trigger' retrieved from /home/airflow/.local/lib/python3.12/site-packages/airflow/example_dags/example_latest_only_with_trigger.py
[2024-12-22T11:21:31.134+0000] {logging_mixin.py:190} INFO - [2024-12-22T11:21:31.133+0000] {dag.py:3239} INFO - Sync 1 DAGs
[2024-12-22T11:21:31.205+0000] {logging_mixin.py:190} INFO - [2024-12-22T11:21:31.204+0000] {dag.py:4180} INFO - Setting next_dagrun for latest_only_with_trigger to 2024-12-22 04:00:00+00:00, run_after=2024-12-22 08:00:00+00:00
[2024-12-22T11:21:31.247+0000] {processor.py:208} INFO - Processing /home/airflow/.local/lib/python3.12/site-packages/airflow/example_dags/example_latest_only_with_trigger.py took 0.490 seconds
[2024-12-22T11:22:08.012+0000] {processor.py:186} INFO - Started process (PID=567) to work on /home/airflow/.local/lib/python3.12/site-packages/airflow/example_dags/example_latest_only_with_trigger.py
[2024-12-22T11:22:08.015+0000] {processor.py:914} INFO - Processing file /home/airflow/.local/lib/python3.12/site-packages/airflow/example_dags/example_latest_only_with_trigger.py for tasks to queue
[2024-12-22T11:22:08.020+0000] {logging_mixin.py:190} INFO - [2024-12-22T11:22:08.019+0000] {dagbag.py:588} INFO - Filling up the DagBag from /home/airflow/.local/lib/python3.12/site-packages/airflow/example_dags/example_latest_only_with_trigger.py
[2024-12-22T11:22:08.038+0000] {processor.py:925} INFO - DAG(s) 'latest_only_with_trigger' retrieved from /home/airflow/.local/lib/python3.12/site-packages/airflow/example_dags/example_latest_only_with_trigger.py
[2024-12-22T11:22:08.086+0000] {logging_mixin.py:190} INFO - [2024-12-22T11:22:08.086+0000] {dag.py:3239} INFO - Sync 1 DAGs
[2024-12-22T11:22:08.141+0000] {logging_mixin.py:190} INFO - [2024-12-22T11:22:08.141+0000] {dag.py:4180} INFO - Setting next_dagrun for latest_only_with_trigger to 2024-12-22 04:00:00+00:00, run_after=2024-12-22 08:00:00+00:00
[2024-12-22T11:22:09.138+0000] {processor.py:208} INFO - Processing /home/airflow/.local/lib/python3.12/site-packages/airflow/example_dags/example_latest_only_with_trigger.py took 1.139 seconds
[2024-12-22T11:22:40.094+0000] {processor.py:186} INFO - Started process (PID=632) to work on /home/airflow/.local/lib/python3.12/site-packages/airflow/example_dags/example_latest_only_with_trigger.py
[2024-12-22T11:22:40.097+0000] {processor.py:914} INFO - Processing file /home/airflow/.local/lib/python3.12/site-packages/airflow/example_dags/example_latest_only_with_trigger.py for tasks to queue
[2024-12-22T11:22:40.104+0000] {logging_mixin.py:190} INFO - [2024-12-22T11:22:40.103+0000] {dagbag.py:588} INFO - Filling up the DagBag from /home/airflow/.local/lib/python3.12/site-packages/airflow/example_dags/example_latest_only_with_trigger.py
[2024-12-22T11:22:40.126+0000] {processor.py:925} INFO - DAG(s) 'latest_only_with_trigger' retrieved from /home/airflow/.local/lib/python3.12/site-packages/airflow/example_dags/example_latest_only_with_trigger.py
[2024-12-22T11:22:40.174+0000] {logging_mixin.py:190} INFO - [2024-12-22T11:22:40.174+0000] {dag.py:3239} INFO - Sync 1 DAGs
[2024-12-22T11:22:40.241+0000] {logging_mixin.py:190} INFO - [2024-12-22T11:22:40.240+0000] {dag.py:4180} INFO - Setting next_dagrun for latest_only_with_trigger to 2024-12-22 04:00:00+00:00, run_after=2024-12-22 08:00:00+00:00
[2024-12-22T11:22:40.670+0000] {processor.py:208} INFO - Processing /home/airflow/.local/lib/python3.12/site-packages/airflow/example_dags/example_latest_only_with_trigger.py took 0.593 seconds
[2024-12-22T11:23:24.123+0000] {processor.py:186} INFO - Started process (PID=696) to work on /home/airflow/.local/lib/python3.12/site-packages/airflow/example_dags/example_latest_only_with_trigger.py
[2024-12-22T11:23:24.125+0000] {processor.py:914} INFO - Processing file /home/airflow/.local/lib/python3.12/site-packages/airflow/example_dags/example_latest_only_with_trigger.py for tasks to queue
[2024-12-22T11:23:24.134+0000] {logging_mixin.py:190} INFO - [2024-12-22T11:23:24.133+0000] {dagbag.py:588} INFO - Filling up the DagBag from /home/airflow/.local/lib/python3.12/site-packages/airflow/example_dags/example_latest_only_with_trigger.py
[2024-12-22T11:23:24.158+0000] {processor.py:925} INFO - DAG(s) 'latest_only_with_trigger' retrieved from /home/airflow/.local/lib/python3.12/site-packages/airflow/example_dags/example_latest_only_with_trigger.py
[2024-12-22T11:23:24.208+0000] {logging_mixin.py:190} INFO - [2024-12-22T11:23:24.207+0000] {dag.py:3239} INFO - Sync 1 DAGs
[2024-12-22T11:23:24.282+0000] {logging_mixin.py:190} INFO - [2024-12-22T11:23:24.282+0000] {dag.py:4180} INFO - Setting next_dagrun for latest_only_with_trigger to 2024-12-22 04:00:00+00:00, run_after=2024-12-22 08:00:00+00:00
[2024-12-22T11:23:24.335+0000] {processor.py:208} INFO - Processing /home/airflow/.local/lib/python3.12/site-packages/airflow/example_dags/example_latest_only_with_trigger.py took 0.237 seconds
[2024-12-22T11:23:54.581+0000] {processor.py:186} INFO - Started process (PID=763) to work on /home/airflow/.local/lib/python3.12/site-packages/airflow/example_dags/example_latest_only_with_trigger.py
[2024-12-22T11:23:54.583+0000] {processor.py:914} INFO - Processing file /home/airflow/.local/lib/python3.12/site-packages/airflow/example_dags/example_latest_only_with_trigger.py for tasks to queue
[2024-12-22T11:23:54.593+0000] {logging_mixin.py:190} INFO - [2024-12-22T11:23:54.592+0000] {dagbag.py:588} INFO - Filling up the DagBag from /home/airflow/.local/lib/python3.12/site-packages/airflow/example_dags/example_latest_only_with_trigger.py
[2024-12-22T11:23:54.615+0000] {processor.py:925} INFO - DAG(s) 'latest_only_with_trigger' retrieved from /home/airflow/.local/lib/python3.12/site-packages/airflow/example_dags/example_latest_only_with_trigger.py
[2024-12-22T11:23:54.661+0000] {logging_mixin.py:190} INFO - [2024-12-22T11:23:54.661+0000] {dag.py:3239} INFO - Sync 1 DAGs
[2024-12-22T11:23:54.734+0000] {logging_mixin.py:190} INFO - [2024-12-22T11:23:54.733+0000] {dag.py:4180} INFO - Setting next_dagrun for latest_only_with_trigger to 2024-12-22 04:00:00+00:00, run_after=2024-12-22 08:00:00+00:00
[2024-12-22T11:23:54.770+0000] {processor.py:208} INFO - Processing /home/airflow/.local/lib/python3.12/site-packages/airflow/example_dags/example_latest_only_with_trigger.py took 0.210 seconds
[2024-12-22T11:24:25.979+0000] {processor.py:186} INFO - Started process (PID=828) to work on /home/airflow/.local/lib/python3.12/site-packages/airflow/example_dags/example_latest_only_with_trigger.py
[2024-12-22T11:24:25.982+0000] {processor.py:914} INFO - Processing file /home/airflow/.local/lib/python3.12/site-packages/airflow/example_dags/example_latest_only_with_trigger.py for tasks to queue
[2024-12-22T11:24:25.987+0000] {logging_mixin.py:190} INFO - [2024-12-22T11:24:25.986+0000] {dagbag.py:588} INFO - Filling up the DagBag from /home/airflow/.local/lib/python3.12/site-packages/airflow/example_dags/example_latest_only_with_trigger.py
[2024-12-22T11:24:26.005+0000] {processor.py:925} INFO - DAG(s) 'latest_only_with_trigger' retrieved from /home/airflow/.local/lib/python3.12/site-packages/airflow/example_dags/example_latest_only_with_trigger.py
[2024-12-22T11:24:26.051+0000] {logging_mixin.py:190} INFO - [2024-12-22T11:24:26.051+0000] {dag.py:3239} INFO - Sync 1 DAGs
[2024-12-22T11:24:26.111+0000] {logging_mixin.py:190} INFO - [2024-12-22T11:24:26.110+0000] {dag.py:4180} INFO - Setting next_dagrun for latest_only_with_trigger to 2024-12-22 04:00:00+00:00, run_after=2024-12-22 08:00:00+00:00
[2024-12-22T11:24:26.156+0000] {processor.py:208} INFO - Processing /home/airflow/.local/lib/python3.12/site-packages/airflow/example_dags/example_latest_only_with_trigger.py took 0.189 seconds
[2024-12-22T11:24:57.041+0000] {processor.py:186} INFO - Started process (PID=893) to work on /home/airflow/.local/lib/python3.12/site-packages/airflow/example_dags/example_latest_only_with_trigger.py
[2024-12-22T11:24:57.043+0000] {processor.py:914} INFO - Processing file /home/airflow/.local/lib/python3.12/site-packages/airflow/example_dags/example_latest_only_with_trigger.py for tasks to queue
[2024-12-22T11:24:57.051+0000] {logging_mixin.py:190} INFO - [2024-12-22T11:24:57.050+0000] {dagbag.py:588} INFO - Filling up the DagBag from /home/airflow/.local/lib/python3.12/site-packages/airflow/example_dags/example_latest_only_with_trigger.py
[2024-12-22T11:24:57.071+0000] {processor.py:925} INFO - DAG(s) 'latest_only_with_trigger' retrieved from /home/airflow/.local/lib/python3.12/site-packages/airflow/example_dags/example_latest_only_with_trigger.py
[2024-12-22T11:24:57.123+0000] {logging_mixin.py:190} INFO - [2024-12-22T11:24:57.123+0000] {dag.py:3239} INFO - Sync 1 DAGs
[2024-12-22T11:24:57.203+0000] {logging_mixin.py:190} INFO - [2024-12-22T11:24:57.202+0000] {dag.py:4180} INFO - Setting next_dagrun for latest_only_with_trigger to 2024-12-22 04:00:00+00:00, run_after=2024-12-22 08:00:00+00:00
[2024-12-22T11:24:57.246+0000] {processor.py:208} INFO - Processing /home/airflow/.local/lib/python3.12/site-packages/airflow/example_dags/example_latest_only_with_trigger.py took 0.223 seconds
[2024-12-22T11:25:31.630+0000] {processor.py:186} INFO - Started process (PID=958) to work on /home/airflow/.local/lib/python3.12/site-packages/airflow/example_dags/example_latest_only_with_trigger.py
[2024-12-22T11:25:31.633+0000] {processor.py:914} INFO - Processing file /home/airflow/.local/lib/python3.12/site-packages/airflow/example_dags/example_latest_only_with_trigger.py for tasks to queue
[2024-12-22T11:25:31.641+0000] {logging_mixin.py:190} INFO - [2024-12-22T11:25:31.640+0000] {dagbag.py:588} INFO - Filling up the DagBag from /home/airflow/.local/lib/python3.12/site-packages/airflow/example_dags/example_latest_only_with_trigger.py
[2024-12-22T11:25:31.660+0000] {processor.py:925} INFO - DAG(s) 'latest_only_with_trigger' retrieved from /home/airflow/.local/lib/python3.12/site-packages/airflow/example_dags/example_latest_only_with_trigger.py
[2024-12-22T11:25:31.705+0000] {logging_mixin.py:190} INFO - [2024-12-22T11:25:31.705+0000] {dag.py:3239} INFO - Sync 1 DAGs
[2024-12-22T11:25:31.761+0000] {logging_mixin.py:190} INFO - [2024-12-22T11:25:31.760+0000] {dag.py:4180} INFO - Setting next_dagrun for latest_only_with_trigger to 2024-12-22 04:00:00+00:00, run_after=2024-12-22 08:00:00+00:00
[2024-12-22T11:25:31.810+0000] {processor.py:208} INFO - Processing /home/airflow/.local/lib/python3.12/site-packages/airflow/example_dags/example_latest_only_with_trigger.py took 0.196 seconds
[2024-12-22T11:26:33.004+0000] {processor.py:186} INFO - Started process (PID=1040) to work on /home/airflow/.local/lib/python3.12/site-packages/airflow/example_dags/example_latest_only_with_trigger.py
[2024-12-22T11:26:33.007+0000] {processor.py:914} INFO - Processing file /home/airflow/.local/lib/python3.12/site-packages/airflow/example_dags/example_latest_only_with_trigger.py for tasks to queue
[2024-12-22T11:26:33.013+0000] {logging_mixin.py:190} INFO - [2024-12-22T11:26:33.012+0000] {dagbag.py:588} INFO - Filling up the DagBag from /home/airflow/.local/lib/python3.12/site-packages/airflow/example_dags/example_latest_only_with_trigger.py
[2024-12-22T11:26:33.035+0000] {processor.py:925} INFO - DAG(s) 'latest_only_with_trigger' retrieved from /home/airflow/.local/lib/python3.12/site-packages/airflow/example_dags/example_latest_only_with_trigger.py
[2024-12-22T11:26:33.082+0000] {logging_mixin.py:190} INFO - [2024-12-22T11:26:33.081+0000] {dag.py:3239} INFO - Sync 1 DAGs
[2024-12-22T11:26:33.146+0000] {logging_mixin.py:190} INFO - [2024-12-22T11:26:33.145+0000] {dag.py:4180} INFO - Setting next_dagrun for latest_only_with_trigger to 2024-12-22 04:00:00+00:00, run_after=2024-12-22 08:00:00+00:00
[2024-12-22T11:26:33.200+0000] {processor.py:208} INFO - Processing /home/airflow/.local/lib/python3.12/site-packages/airflow/example_dags/example_latest_only_with_trigger.py took 0.211 seconds
[2024-12-22T11:27:09.396+0000] {processor.py:186} INFO - Started process (PID=1105) to work on /home/airflow/.local/lib/python3.12/site-packages/airflow/example_dags/example_latest_only_with_trigger.py
[2024-12-22T11:27:09.399+0000] {processor.py:914} INFO - Processing file /home/airflow/.local/lib/python3.12/site-packages/airflow/example_dags/example_latest_only_with_trigger.py for tasks to queue
[2024-12-22T11:27:09.404+0000] {logging_mixin.py:190} INFO - [2024-12-22T11:27:09.403+0000] {dagbag.py:588} INFO - Filling up the DagBag from /home/airflow/.local/lib/python3.12/site-packages/airflow/example_dags/example_latest_only_with_trigger.py
[2024-12-22T11:27:09.431+0000] {processor.py:925} INFO - DAG(s) 'latest_only_with_trigger' retrieved from /home/airflow/.local/lib/python3.12/site-packages/airflow/example_dags/example_latest_only_with_trigger.py
[2024-12-22T11:27:09.496+0000] {logging_mixin.py:190} INFO - [2024-12-22T11:27:09.496+0000] {dag.py:3239} INFO - Sync 1 DAGs
[2024-12-22T11:27:09.564+0000] {logging_mixin.py:190} INFO - [2024-12-22T11:27:09.564+0000] {dag.py:4180} INFO - Setting next_dagrun for latest_only_with_trigger to 2024-12-22 04:00:00+00:00, run_after=2024-12-22 08:00:00+00:00
[2024-12-22T11:27:09.612+0000] {processor.py:208} INFO - Processing /home/airflow/.local/lib/python3.12/site-packages/airflow/example_dags/example_latest_only_with_trigger.py took 0.232 seconds
[2024-12-22T11:27:48.315+0000] {processor.py:186} INFO - Started process (PID=1170) to work on /home/airflow/.local/lib/python3.12/site-packages/airflow/example_dags/example_latest_only_with_trigger.py
[2024-12-22T11:27:48.317+0000] {processor.py:914} INFO - Processing file /home/airflow/.local/lib/python3.12/site-packages/airflow/example_dags/example_latest_only_with_trigger.py for tasks to queue
[2024-12-22T11:27:48.321+0000] {logging_mixin.py:190} INFO - [2024-12-22T11:27:48.320+0000] {dagbag.py:588} INFO - Filling up the DagBag from /home/airflow/.local/lib/python3.12/site-packages/airflow/example_dags/example_latest_only_with_trigger.py
[2024-12-22T11:27:48.342+0000] {processor.py:925} INFO - DAG(s) 'latest_only_with_trigger' retrieved from /home/airflow/.local/lib/python3.12/site-packages/airflow/example_dags/example_latest_only_with_trigger.py
[2024-12-22T11:27:48.386+0000] {logging_mixin.py:190} INFO - [2024-12-22T11:27:48.385+0000] {dag.py:3239} INFO - Sync 1 DAGs
[2024-12-22T11:27:48.452+0000] {logging_mixin.py:190} INFO - [2024-12-22T11:27:48.451+0000] {dag.py:4180} INFO - Setting next_dagrun for latest_only_with_trigger to 2024-12-22 04:00:00+00:00, run_after=2024-12-22 08:00:00+00:00
[2024-12-22T11:27:48.497+0000] {processor.py:208} INFO - Processing /home/airflow/.local/lib/python3.12/site-packages/airflow/example_dags/example_latest_only_with_trigger.py took 0.196 seconds
[2024-12-22T11:28:27.568+0000] {processor.py:186} INFO - Started process (PID=1237) to work on /home/airflow/.local/lib/python3.12/site-packages/airflow/example_dags/example_latest_only_with_trigger.py
[2024-12-22T11:28:27.570+0000] {processor.py:914} INFO - Processing file /home/airflow/.local/lib/python3.12/site-packages/airflow/example_dags/example_latest_only_with_trigger.py for tasks to queue
[2024-12-22T11:28:27.574+0000] {logging_mixin.py:190} INFO - [2024-12-22T11:28:27.573+0000] {dagbag.py:588} INFO - Filling up the DagBag from /home/airflow/.local/lib/python3.12/site-packages/airflow/example_dags/example_latest_only_with_trigger.py
[2024-12-22T11:28:27.603+0000] {processor.py:925} INFO - DAG(s) 'latest_only_with_trigger' retrieved from /home/airflow/.local/lib/python3.12/site-packages/airflow/example_dags/example_latest_only_with_trigger.py
[2024-12-22T11:28:27.665+0000] {logging_mixin.py:190} INFO - [2024-12-22T11:28:27.664+0000] {dag.py:3239} INFO - Sync 1 DAGs
[2024-12-22T11:28:27.724+0000] {logging_mixin.py:190} INFO - [2024-12-22T11:28:27.723+0000] {dag.py:4180} INFO - Setting next_dagrun for latest_only_with_trigger to 2024-12-22 04:00:00+00:00, run_after=2024-12-22 08:00:00+00:00
[2024-12-22T11:28:27.767+0000] {processor.py:208} INFO - Processing /home/airflow/.local/lib/python3.12/site-packages/airflow/example_dags/example_latest_only_with_trigger.py took 0.214 seconds
[2024-12-22T11:29:02.690+0000] {processor.py:186} INFO - Started process (PID=1308) to work on /home/airflow/.local/lib/python3.12/site-packages/airflow/example_dags/example_latest_only_with_trigger.py
[2024-12-22T11:29:02.693+0000] {processor.py:914} INFO - Processing file /home/airflow/.local/lib/python3.12/site-packages/airflow/example_dags/example_latest_only_with_trigger.py for tasks to queue
[2024-12-22T11:29:02.697+0000] {logging_mixin.py:190} INFO - [2024-12-22T11:29:02.696+0000] {dagbag.py:588} INFO - Filling up the DagBag from /home/airflow/.local/lib/python3.12/site-packages/airflow/example_dags/example_latest_only_with_trigger.py
[2024-12-22T11:29:02.723+0000] {processor.py:925} INFO - DAG(s) 'latest_only_with_trigger' retrieved from /home/airflow/.local/lib/python3.12/site-packages/airflow/example_dags/example_latest_only_with_trigger.py
[2024-12-22T11:29:02.796+0000] {logging_mixin.py:190} INFO - [2024-12-22T11:29:02.795+0000] {dag.py:3239} INFO - Sync 1 DAGs
[2024-12-22T11:29:02.897+0000] {logging_mixin.py:190} INFO - [2024-12-22T11:29:02.896+0000] {dag.py:4180} INFO - Setting next_dagrun for latest_only_with_trigger to 2024-12-22 04:00:00+00:00, run_after=2024-12-22 08:00:00+00:00
[2024-12-22T11:29:02.991+0000] {processor.py:208} INFO - Processing /home/airflow/.local/lib/python3.12/site-packages/airflow/example_dags/example_latest_only_with_trigger.py took 0.319 seconds
[2024-12-22T11:29:36.616+0000] {processor.py:186} INFO - Started process (PID=1375) to work on /home/airflow/.local/lib/python3.12/site-packages/airflow/example_dags/example_latest_only_with_trigger.py
[2024-12-22T11:29:36.618+0000] {processor.py:914} INFO - Processing file /home/airflow/.local/lib/python3.12/site-packages/airflow/example_dags/example_latest_only_with_trigger.py for tasks to queue
[2024-12-22T11:29:36.622+0000] {logging_mixin.py:190} INFO - [2024-12-22T11:29:36.621+0000] {dagbag.py:588} INFO - Filling up the DagBag from /home/airflow/.local/lib/python3.12/site-packages/airflow/example_dags/example_latest_only_with_trigger.py
[2024-12-22T11:29:36.642+0000] {processor.py:925} INFO - DAG(s) 'latest_only_with_trigger' retrieved from /home/airflow/.local/lib/python3.12/site-packages/airflow/example_dags/example_latest_only_with_trigger.py
[2024-12-22T11:29:36.686+0000] {logging_mixin.py:190} INFO - [2024-12-22T11:29:36.685+0000] {dag.py:3239} INFO - Sync 1 DAGs
[2024-12-22T11:29:36.735+0000] {logging_mixin.py:190} INFO - [2024-12-22T11:29:36.735+0000] {dag.py:4180} INFO - Setting next_dagrun for latest_only_with_trigger to 2024-12-22 04:00:00+00:00, run_after=2024-12-22 08:00:00+00:00
[2024-12-22T11:29:36.775+0000] {processor.py:208} INFO - Processing /home/airflow/.local/lib/python3.12/site-packages/airflow/example_dags/example_latest_only_with_trigger.py took 0.179 seconds
[2024-12-22T11:30:11.399+0000] {processor.py:186} INFO - Started process (PID=1440) to work on /home/airflow/.local/lib/python3.12/site-packages/airflow/example_dags/example_latest_only_with_trigger.py
[2024-12-22T11:30:11.401+0000] {processor.py:914} INFO - Processing file /home/airflow/.local/lib/python3.12/site-packages/airflow/example_dags/example_latest_only_with_trigger.py for tasks to queue
[2024-12-22T11:30:11.407+0000] {logging_mixin.py:190} INFO - [2024-12-22T11:30:11.405+0000] {dagbag.py:588} INFO - Filling up the DagBag from /home/airflow/.local/lib/python3.12/site-packages/airflow/example_dags/example_latest_only_with_trigger.py
[2024-12-22T11:30:11.433+0000] {processor.py:925} INFO - DAG(s) 'latest_only_with_trigger' retrieved from /home/airflow/.local/lib/python3.12/site-packages/airflow/example_dags/example_latest_only_with_trigger.py
[2024-12-22T11:30:11.493+0000] {logging_mixin.py:190} INFO - [2024-12-22T11:30:11.492+0000] {dag.py:3239} INFO - Sync 1 DAGs
[2024-12-22T11:30:11.556+0000] {logging_mixin.py:190} INFO - [2024-12-22T11:30:11.555+0000] {dag.py:4180} INFO - Setting next_dagrun for latest_only_with_trigger to 2024-12-22 04:00:00+00:00, run_after=2024-12-22 08:00:00+00:00
[2024-12-22T11:30:11.599+0000] {processor.py:208} INFO - Processing /home/airflow/.local/lib/python3.12/site-packages/airflow/example_dags/example_latest_only_with_trigger.py took 0.219 seconds
[2024-12-22T11:30:41.809+0000] {processor.py:186} INFO - Started process (PID=1505) to work on /home/airflow/.local/lib/python3.12/site-packages/airflow/example_dags/example_latest_only_with_trigger.py
[2024-12-22T11:30:41.811+0000] {processor.py:914} INFO - Processing file /home/airflow/.local/lib/python3.12/site-packages/airflow/example_dags/example_latest_only_with_trigger.py for tasks to queue
[2024-12-22T11:30:41.815+0000] {logging_mixin.py:190} INFO - [2024-12-22T11:30:41.814+0000] {dagbag.py:588} INFO - Filling up the DagBag from /home/airflow/.local/lib/python3.12/site-packages/airflow/example_dags/example_latest_only_with_trigger.py
[2024-12-22T11:30:41.840+0000] {processor.py:925} INFO - DAG(s) 'latest_only_with_trigger' retrieved from /home/airflow/.local/lib/python3.12/site-packages/airflow/example_dags/example_latest_only_with_trigger.py
[2024-12-22T11:30:41.894+0000] {logging_mixin.py:190} INFO - [2024-12-22T11:30:41.893+0000] {dag.py:3239} INFO - Sync 1 DAGs
[2024-12-22T11:30:41.972+0000] {logging_mixin.py:190} INFO - [2024-12-22T11:30:41.971+0000] {dag.py:4180} INFO - Setting next_dagrun for latest_only_with_trigger to 2024-12-22 04:00:00+00:00, run_after=2024-12-22 08:00:00+00:00
[2024-12-22T11:30:42.021+0000] {processor.py:208} INFO - Processing /home/airflow/.local/lib/python3.12/site-packages/airflow/example_dags/example_latest_only_with_trigger.py took 0.229 seconds
[2024-12-22T11:31:14.658+0000] {processor.py:186} INFO - Started process (PID=1570) to work on /home/airflow/.local/lib/python3.12/site-packages/airflow/example_dags/example_latest_only_with_trigger.py
[2024-12-22T11:31:14.661+0000] {processor.py:914} INFO - Processing file /home/airflow/.local/lib/python3.12/site-packages/airflow/example_dags/example_latest_only_with_trigger.py for tasks to queue
[2024-12-22T11:31:14.664+0000] {logging_mixin.py:190} INFO - [2024-12-22T11:31:14.663+0000] {dagbag.py:588} INFO - Filling up the DagBag from /home/airflow/.local/lib/python3.12/site-packages/airflow/example_dags/example_latest_only_with_trigger.py
[2024-12-22T11:31:14.690+0000] {processor.py:925} INFO - DAG(s) 'latest_only_with_trigger' retrieved from /home/airflow/.local/lib/python3.12/site-packages/airflow/example_dags/example_latest_only_with_trigger.py
[2024-12-22T11:31:14.772+0000] {logging_mixin.py:190} INFO - [2024-12-22T11:31:14.771+0000] {dag.py:3239} INFO - Sync 1 DAGs
[2024-12-22T11:31:14.842+0000] {logging_mixin.py:190} INFO - [2024-12-22T11:31:14.842+0000] {dag.py:4180} INFO - Setting next_dagrun for latest_only_with_trigger to 2024-12-22 04:00:00+00:00, run_after=2024-12-22 08:00:00+00:00
[2024-12-22T11:31:14.888+0000] {processor.py:208} INFO - Processing /home/airflow/.local/lib/python3.12/site-packages/airflow/example_dags/example_latest_only_with_trigger.py took 0.252 seconds
[2024-12-22T11:31:51.932+0000] {processor.py:186} INFO - Started process (PID=1635) to work on /home/airflow/.local/lib/python3.12/site-packages/airflow/example_dags/example_latest_only_with_trigger.py
[2024-12-22T11:31:51.934+0000] {processor.py:914} INFO - Processing file /home/airflow/.local/lib/python3.12/site-packages/airflow/example_dags/example_latest_only_with_trigger.py for tasks to queue
[2024-12-22T11:31:51.938+0000] {logging_mixin.py:190} INFO - [2024-12-22T11:31:51.937+0000] {dagbag.py:588} INFO - Filling up the DagBag from /home/airflow/.local/lib/python3.12/site-packages/airflow/example_dags/example_latest_only_with_trigger.py
[2024-12-22T11:31:51.964+0000] {processor.py:925} INFO - DAG(s) 'latest_only_with_trigger' retrieved from /home/airflow/.local/lib/python3.12/site-packages/airflow/example_dags/example_latest_only_with_trigger.py
[2024-12-22T11:31:52.017+0000] {logging_mixin.py:190} INFO - [2024-12-22T11:31:52.017+0000] {dag.py:3239} INFO - Sync 1 DAGs
[2024-12-22T11:31:52.084+0000] {logging_mixin.py:190} INFO - [2024-12-22T11:31:52.084+0000] {dag.py:4180} INFO - Setting next_dagrun for latest_only_with_trigger to 2024-12-22 04:00:00+00:00, run_after=2024-12-22 08:00:00+00:00
[2024-12-22T11:31:52.130+0000] {processor.py:208} INFO - Processing /home/airflow/.local/lib/python3.12/site-packages/airflow/example_dags/example_latest_only_with_trigger.py took 0.214 seconds
[2024-12-22T11:32:31.549+0000] {processor.py:186} INFO - Started process (PID=1707) to work on /home/airflow/.local/lib/python3.12/site-packages/airflow/example_dags/example_latest_only_with_trigger.py
[2024-12-22T11:32:31.551+0000] {processor.py:914} INFO - Processing file /home/airflow/.local/lib/python3.12/site-packages/airflow/example_dags/example_latest_only_with_trigger.py for tasks to queue
[2024-12-22T11:32:31.554+0000] {logging_mixin.py:190} INFO - [2024-12-22T11:32:31.553+0000] {dagbag.py:588} INFO - Filling up the DagBag from /home/airflow/.local/lib/python3.12/site-packages/airflow/example_dags/example_latest_only_with_trigger.py
[2024-12-22T11:32:31.579+0000] {processor.py:925} INFO - DAG(s) 'latest_only_with_trigger' retrieved from /home/airflow/.local/lib/python3.12/site-packages/airflow/example_dags/example_latest_only_with_trigger.py
[2024-12-22T11:32:31.655+0000] {logging_mixin.py:190} INFO - [2024-12-22T11:32:31.655+0000] {dag.py:3239} INFO - Sync 1 DAGs
[2024-12-22T11:32:31.740+0000] {logging_mixin.py:190} INFO - [2024-12-22T11:32:31.739+0000] {dag.py:4180} INFO - Setting next_dagrun for latest_only_with_trigger to 2024-12-22 04:00:00+00:00, run_after=2024-12-22 08:00:00+00:00
[2024-12-22T11:32:31.791+0000] {processor.py:208} INFO - Processing /home/airflow/.local/lib/python3.12/site-packages/airflow/example_dags/example_latest_only_with_trigger.py took 0.260 seconds
[2024-12-22T11:33:06.730+0000] {processor.py:186} INFO - Started process (PID=1763) to work on /home/airflow/.local/lib/python3.12/site-packages/airflow/example_dags/example_latest_only_with_trigger.py
[2024-12-22T11:33:06.740+0000] {processor.py:914} INFO - Processing file /home/airflow/.local/lib/python3.12/site-packages/airflow/example_dags/example_latest_only_with_trigger.py for tasks to queue
[2024-12-22T11:33:06.791+0000] {logging_mixin.py:190} INFO - [2024-12-22T11:33:06.790+0000] {dagbag.py:588} INFO - Filling up the DagBag from /home/airflow/.local/lib/python3.12/site-packages/airflow/example_dags/example_latest_only_with_trigger.py
[2024-12-22T11:33:06.891+0000] {processor.py:925} INFO - DAG(s) 'latest_only_with_trigger' retrieved from /home/airflow/.local/lib/python3.12/site-packages/airflow/example_dags/example_latest_only_with_trigger.py
[2024-12-22T11:33:06.971+0000] {logging_mixin.py:190} INFO - [2024-12-22T11:33:06.970+0000] {dag.py:3239} INFO - Sync 1 DAGs
[2024-12-22T11:33:07.054+0000] {logging_mixin.py:190} INFO - [2024-12-22T11:33:07.054+0000] {dag.py:4180} INFO - Setting next_dagrun for latest_only_with_trigger to 2024-12-22 04:00:00+00:00, run_after=2024-12-22 08:00:00+00:00
[2024-12-22T11:33:07.112+0000] {processor.py:208} INFO - Processing /home/airflow/.local/lib/python3.12/site-packages/airflow/example_dags/example_latest_only_with_trigger.py took 0.401 seconds
[2024-12-22T11:33:47.618+0000] {processor.py:186} INFO - Started process (PID=1827) to work on /home/airflow/.local/lib/python3.12/site-packages/airflow/example_dags/example_latest_only_with_trigger.py
[2024-12-22T11:33:47.620+0000] {processor.py:914} INFO - Processing file /home/airflow/.local/lib/python3.12/site-packages/airflow/example_dags/example_latest_only_with_trigger.py for tasks to queue
[2024-12-22T11:33:47.625+0000] {logging_mixin.py:190} INFO - [2024-12-22T11:33:47.624+0000] {dagbag.py:588} INFO - Filling up the DagBag from /home/airflow/.local/lib/python3.12/site-packages/airflow/example_dags/example_latest_only_with_trigger.py
[2024-12-22T11:33:47.651+0000] {processor.py:925} INFO - DAG(s) 'latest_only_with_trigger' retrieved from /home/airflow/.local/lib/python3.12/site-packages/airflow/example_dags/example_latest_only_with_trigger.py
[2024-12-22T11:33:47.714+0000] {logging_mixin.py:190} INFO - [2024-12-22T11:33:47.713+0000] {dag.py:3239} INFO - Sync 1 DAGs
[2024-12-22T11:33:47.779+0000] {logging_mixin.py:190} INFO - [2024-12-22T11:33:47.778+0000] {dag.py:4180} INFO - Setting next_dagrun for latest_only_with_trigger to 2024-12-22 04:00:00+00:00, run_after=2024-12-22 08:00:00+00:00
[2024-12-22T11:33:47.833+0000] {processor.py:208} INFO - Processing /home/airflow/.local/lib/python3.12/site-packages/airflow/example_dags/example_latest_only_with_trigger.py took 0.231 seconds
[2024-12-22T11:34:26.006+0000] {processor.py:186} INFO - Started process (PID=1892) to work on /home/airflow/.local/lib/python3.12/site-packages/airflow/example_dags/example_latest_only_with_trigger.py
[2024-12-22T11:34:26.008+0000] {processor.py:914} INFO - Processing file /home/airflow/.local/lib/python3.12/site-packages/airflow/example_dags/example_latest_only_with_trigger.py for tasks to queue
[2024-12-22T11:34:26.012+0000] {logging_mixin.py:190} INFO - [2024-12-22T11:34:26.011+0000] {dagbag.py:588} INFO - Filling up the DagBag from /home/airflow/.local/lib/python3.12/site-packages/airflow/example_dags/example_latest_only_with_trigger.py
[2024-12-22T11:34:26.036+0000] {processor.py:925} INFO - DAG(s) 'latest_only_with_trigger' retrieved from /home/airflow/.local/lib/python3.12/site-packages/airflow/example_dags/example_latest_only_with_trigger.py
[2024-12-22T11:34:26.082+0000] {logging_mixin.py:190} INFO - [2024-12-22T11:34:26.081+0000] {dag.py:3239} INFO - Sync 1 DAGs
[2024-12-22T11:34:26.138+0000] {logging_mixin.py:190} INFO - [2024-12-22T11:34:26.138+0000] {dag.py:4180} INFO - Setting next_dagrun for latest_only_with_trigger to 2024-12-22 04:00:00+00:00, run_after=2024-12-22 08:00:00+00:00
[2024-12-22T11:34:26.183+0000] {processor.py:208} INFO - Processing /home/airflow/.local/lib/python3.12/site-packages/airflow/example_dags/example_latest_only_with_trigger.py took 0.191 seconds
[2024-12-22T11:35:02.088+0000] {processor.py:186} INFO - Started process (PID=1965) to work on /home/airflow/.local/lib/python3.12/site-packages/airflow/example_dags/example_latest_only_with_trigger.py
[2024-12-22T11:35:02.091+0000] {processor.py:914} INFO - Processing file /home/airflow/.local/lib/python3.12/site-packages/airflow/example_dags/example_latest_only_with_trigger.py for tasks to queue
[2024-12-22T11:35:02.093+0000] {logging_mixin.py:190} INFO - [2024-12-22T11:35:02.093+0000] {dagbag.py:588} INFO - Filling up the DagBag from /home/airflow/.local/lib/python3.12/site-packages/airflow/example_dags/example_latest_only_with_trigger.py
[2024-12-22T11:35:02.116+0000] {processor.py:925} INFO - DAG(s) 'latest_only_with_trigger' retrieved from /home/airflow/.local/lib/python3.12/site-packages/airflow/example_dags/example_latest_only_with_trigger.py
[2024-12-22T11:35:02.175+0000] {logging_mixin.py:190} INFO - [2024-12-22T11:35:02.174+0000] {dag.py:3239} INFO - Sync 1 DAGs
[2024-12-22T11:35:02.257+0000] {logging_mixin.py:190} INFO - [2024-12-22T11:35:02.256+0000] {dag.py:4180} INFO - Setting next_dagrun for latest_only_with_trigger to 2024-12-22 04:00:00+00:00, run_after=2024-12-22 08:00:00+00:00
[2024-12-22T11:35:02.311+0000] {processor.py:208} INFO - Processing /home/airflow/.local/lib/python3.12/site-packages/airflow/example_dags/example_latest_only_with_trigger.py took 0.236 seconds
[2024-12-22T11:35:36.861+0000] {processor.py:186} INFO - Started process (PID=2030) to work on /home/airflow/.local/lib/python3.12/site-packages/airflow/example_dags/example_latest_only_with_trigger.py
[2024-12-22T11:35:36.866+0000] {processor.py:914} INFO - Processing file /home/airflow/.local/lib/python3.12/site-packages/airflow/example_dags/example_latest_only_with_trigger.py for tasks to queue
[2024-12-22T11:35:36.876+0000] {logging_mixin.py:190} INFO - [2024-12-22T11:35:36.874+0000] {dagbag.py:588} INFO - Filling up the DagBag from /home/airflow/.local/lib/python3.12/site-packages/airflow/example_dags/example_latest_only_with_trigger.py
[2024-12-22T11:35:36.948+0000] {processor.py:925} INFO - DAG(s) 'latest_only_with_trigger' retrieved from /home/airflow/.local/lib/python3.12/site-packages/airflow/example_dags/example_latest_only_with_trigger.py
[2024-12-22T11:35:37.086+0000] {logging_mixin.py:190} INFO - [2024-12-22T11:35:37.085+0000] {dag.py:3239} INFO - Sync 1 DAGs
[2024-12-22T11:35:37.218+0000] {logging_mixin.py:190} INFO - [2024-12-22T11:35:37.218+0000] {dag.py:4180} INFO - Setting next_dagrun for latest_only_with_trigger to 2024-12-22 04:00:00+00:00, run_after=2024-12-22 08:00:00+00:00
[2024-12-22T11:35:38.222+0000] {processor.py:208} INFO - Processing /home/airflow/.local/lib/python3.12/site-packages/airflow/example_dags/example_latest_only_with_trigger.py took 1.413 seconds
[2024-12-22T11:36:34.255+0000] {processor.py:186} INFO - Started process (PID=2094) to work on /home/airflow/.local/lib/python3.12/site-packages/airflow/example_dags/example_latest_only_with_trigger.py
[2024-12-22T11:36:34.257+0000] {processor.py:914} INFO - Processing file /home/airflow/.local/lib/python3.12/site-packages/airflow/example_dags/example_latest_only_with_trigger.py for tasks to queue
[2024-12-22T11:36:34.261+0000] {logging_mixin.py:190} INFO - [2024-12-22T11:36:34.260+0000] {dagbag.py:588} INFO - Filling up the DagBag from /home/airflow/.local/lib/python3.12/site-packages/airflow/example_dags/example_latest_only_with_trigger.py
[2024-12-22T11:36:34.287+0000] {processor.py:925} INFO - DAG(s) 'latest_only_with_trigger' retrieved from /home/airflow/.local/lib/python3.12/site-packages/airflow/example_dags/example_latest_only_with_trigger.py
[2024-12-22T11:36:34.386+0000] {logging_mixin.py:190} INFO - [2024-12-22T11:36:34.385+0000] {dag.py:3239} INFO - Sync 1 DAGs
[2024-12-22T11:36:34.497+0000] {logging_mixin.py:190} INFO - [2024-12-22T11:36:34.496+0000] {dag.py:4180} INFO - Setting next_dagrun for latest_only_with_trigger to 2024-12-22 04:00:00+00:00, run_after=2024-12-22 08:00:00+00:00
[2024-12-22T11:36:34.564+0000] {processor.py:208} INFO - Processing /home/airflow/.local/lib/python3.12/site-packages/airflow/example_dags/example_latest_only_with_trigger.py took 0.332 seconds
[2024-12-22T11:37:06.145+0000] {processor.py:186} INFO - Started process (PID=2159) to work on /home/airflow/.local/lib/python3.12/site-packages/airflow/example_dags/example_latest_only_with_trigger.py
[2024-12-22T11:37:06.151+0000] {processor.py:914} INFO - Processing file /home/airflow/.local/lib/python3.12/site-packages/airflow/example_dags/example_latest_only_with_trigger.py for tasks to queue
[2024-12-22T11:37:06.159+0000] {logging_mixin.py:190} INFO - [2024-12-22T11:37:06.157+0000] {dagbag.py:588} INFO - Filling up the DagBag from /home/airflow/.local/lib/python3.12/site-packages/airflow/example_dags/example_latest_only_with_trigger.py
[2024-12-22T11:37:07.225+0000] {processor.py:925} INFO - DAG(s) 'latest_only_with_trigger' retrieved from /home/airflow/.local/lib/python3.12/site-packages/airflow/example_dags/example_latest_only_with_trigger.py
[2024-12-22T11:37:07.349+0000] {logging_mixin.py:190} INFO - [2024-12-22T11:37:07.347+0000] {dag.py:3239} INFO - Sync 1 DAGs
[2024-12-22T11:37:07.489+0000] {logging_mixin.py:190} INFO - [2024-12-22T11:37:07.488+0000] {dag.py:4180} INFO - Setting next_dagrun for latest_only_with_trigger to 2024-12-22 04:00:00+00:00, run_after=2024-12-22 08:00:00+00:00
[2024-12-22T11:37:08.466+0000] {processor.py:208} INFO - Processing /home/airflow/.local/lib/python3.12/site-packages/airflow/example_dags/example_latest_only_with_trigger.py took 2.354 seconds
[2024-12-22T11:37:40.631+0000] {processor.py:186} INFO - Started process (PID=2224) to work on /home/airflow/.local/lib/python3.12/site-packages/airflow/example_dags/example_latest_only_with_trigger.py
[2024-12-22T11:37:40.634+0000] {processor.py:914} INFO - Processing file /home/airflow/.local/lib/python3.12/site-packages/airflow/example_dags/example_latest_only_with_trigger.py for tasks to queue
[2024-12-22T11:37:40.638+0000] {logging_mixin.py:190} INFO - [2024-12-22T11:37:40.637+0000] {dagbag.py:588} INFO - Filling up the DagBag from /home/airflow/.local/lib/python3.12/site-packages/airflow/example_dags/example_latest_only_with_trigger.py
[2024-12-22T11:37:40.665+0000] {processor.py:925} INFO - DAG(s) 'latest_only_with_trigger' retrieved from /home/airflow/.local/lib/python3.12/site-packages/airflow/example_dags/example_latest_only_with_trigger.py
[2024-12-22T11:37:40.730+0000] {logging_mixin.py:190} INFO - [2024-12-22T11:37:40.729+0000] {dag.py:3239} INFO - Sync 1 DAGs
[2024-12-22T11:37:40.804+0000] {logging_mixin.py:190} INFO - [2024-12-22T11:37:40.803+0000] {dag.py:4180} INFO - Setting next_dagrun for latest_only_with_trigger to 2024-12-22 04:00:00+00:00, run_after=2024-12-22 08:00:00+00:00
[2024-12-22T11:37:40.858+0000] {processor.py:208} INFO - Processing /home/airflow/.local/lib/python3.12/site-packages/airflow/example_dags/example_latest_only_with_trigger.py took 0.245 seconds
[2024-12-22T11:38:18.918+0000] {processor.py:186} INFO - Started process (PID=2280) to work on /home/airflow/.local/lib/python3.12/site-packages/airflow/example_dags/example_latest_only_with_trigger.py
[2024-12-22T11:38:18.921+0000] {processor.py:914} INFO - Processing file /home/airflow/.local/lib/python3.12/site-packages/airflow/example_dags/example_latest_only_with_trigger.py for tasks to queue
[2024-12-22T11:38:18.925+0000] {logging_mixin.py:190} INFO - [2024-12-22T11:38:18.924+0000] {dagbag.py:588} INFO - Filling up the DagBag from /home/airflow/.local/lib/python3.12/site-packages/airflow/example_dags/example_latest_only_with_trigger.py
[2024-12-22T11:38:18.955+0000] {processor.py:925} INFO - DAG(s) 'latest_only_with_trigger' retrieved from /home/airflow/.local/lib/python3.12/site-packages/airflow/example_dags/example_latest_only_with_trigger.py
[2024-12-22T11:38:19.033+0000] {logging_mixin.py:190} INFO - [2024-12-22T11:38:19.032+0000] {dag.py:3239} INFO - Sync 1 DAGs
[2024-12-22T11:38:19.116+0000] {logging_mixin.py:190} INFO - [2024-12-22T11:38:19.115+0000] {dag.py:4180} INFO - Setting next_dagrun for latest_only_with_trigger to 2024-12-22 04:00:00+00:00, run_after=2024-12-22 08:00:00+00:00
[2024-12-22T11:38:19.190+0000] {processor.py:208} INFO - Processing /home/airflow/.local/lib/python3.12/site-packages/airflow/example_dags/example_latest_only_with_trigger.py took 0.289 seconds
[2024-12-22T11:39:00.557+0000] {processor.py:186} INFO - Started process (PID=2345) to work on /home/airflow/.local/lib/python3.12/site-packages/airflow/example_dags/example_latest_only_with_trigger.py
[2024-12-22T11:39:00.559+0000] {processor.py:914} INFO - Processing file /home/airflow/.local/lib/python3.12/site-packages/airflow/example_dags/example_latest_only_with_trigger.py for tasks to queue
[2024-12-22T11:39:00.563+0000] {logging_mixin.py:190} INFO - [2024-12-22T11:39:00.562+0000] {dagbag.py:588} INFO - Filling up the DagBag from /home/airflow/.local/lib/python3.12/site-packages/airflow/example_dags/example_latest_only_with_trigger.py
[2024-12-22T11:39:00.591+0000] {processor.py:925} INFO - DAG(s) 'latest_only_with_trigger' retrieved from /home/airflow/.local/lib/python3.12/site-packages/airflow/example_dags/example_latest_only_with_trigger.py
[2024-12-22T11:39:00.640+0000] {logging_mixin.py:190} INFO - [2024-12-22T11:39:00.640+0000] {dag.py:3239} INFO - Sync 1 DAGs
[2024-12-22T11:39:00.708+0000] {logging_mixin.py:190} INFO - [2024-12-22T11:39:00.708+0000] {dag.py:4180} INFO - Setting next_dagrun for latest_only_with_trigger to 2024-12-22 04:00:00+00:00, run_after=2024-12-22 08:00:00+00:00
[2024-12-22T11:39:00.751+0000] {processor.py:208} INFO - Processing /home/airflow/.local/lib/python3.12/site-packages/airflow/example_dags/example_latest_only_with_trigger.py took 0.214 seconds
[2024-12-22T11:39:37.070+0000] {processor.py:186} INFO - Started process (PID=2415) to work on /home/airflow/.local/lib/python3.12/site-packages/airflow/example_dags/example_latest_only_with_trigger.py
[2024-12-22T11:39:37.074+0000] {processor.py:914} INFO - Processing file /home/airflow/.local/lib/python3.12/site-packages/airflow/example_dags/example_latest_only_with_trigger.py for tasks to queue
[2024-12-22T11:39:37.080+0000] {logging_mixin.py:190} INFO - [2024-12-22T11:39:37.079+0000] {dagbag.py:588} INFO - Filling up the DagBag from /home/airflow/.local/lib/python3.12/site-packages/airflow/example_dags/example_latest_only_with_trigger.py
[2024-12-22T11:39:37.111+0000] {processor.py:925} INFO - DAG(s) 'latest_only_with_trigger' retrieved from /home/airflow/.local/lib/python3.12/site-packages/airflow/example_dags/example_latest_only_with_trigger.py
[2024-12-22T11:39:37.178+0000] {logging_mixin.py:190} INFO - [2024-12-22T11:39:37.177+0000] {dag.py:3239} INFO - Sync 1 DAGs
[2024-12-22T11:39:37.274+0000] {logging_mixin.py:190} INFO - [2024-12-22T11:39:37.273+0000] {dag.py:4180} INFO - Setting next_dagrun for latest_only_with_trigger to 2024-12-22 04:00:00+00:00, run_after=2024-12-22 08:00:00+00:00
[2024-12-22T11:39:37.324+0000] {processor.py:208} INFO - Processing /home/airflow/.local/lib/python3.12/site-packages/airflow/example_dags/example_latest_only_with_trigger.py took 0.274 seconds
[2024-12-22T11:40:18.153+0000] {processor.py:186} INFO - Started process (PID=2482) to work on /home/airflow/.local/lib/python3.12/site-packages/airflow/example_dags/example_latest_only_with_trigger.py
[2024-12-22T11:40:18.156+0000] {processor.py:914} INFO - Processing file /home/airflow/.local/lib/python3.12/site-packages/airflow/example_dags/example_latest_only_with_trigger.py for tasks to queue
[2024-12-22T11:40:18.159+0000] {logging_mixin.py:190} INFO - [2024-12-22T11:40:18.158+0000] {dagbag.py:588} INFO - Filling up the DagBag from /home/airflow/.local/lib/python3.12/site-packages/airflow/example_dags/example_latest_only_with_trigger.py
[2024-12-22T11:40:18.186+0000] {processor.py:925} INFO - DAG(s) 'latest_only_with_trigger' retrieved from /home/airflow/.local/lib/python3.12/site-packages/airflow/example_dags/example_latest_only_with_trigger.py
[2024-12-22T11:40:18.250+0000] {logging_mixin.py:190} INFO - [2024-12-22T11:40:18.249+0000] {dag.py:3239} INFO - Sync 1 DAGs
[2024-12-22T11:40:18.330+0000] {logging_mixin.py:190} INFO - [2024-12-22T11:40:18.329+0000] {dag.py:4180} INFO - Setting next_dagrun for latest_only_with_trigger to 2024-12-22 04:00:00+00:00, run_after=2024-12-22 08:00:00+00:00
[2024-12-22T11:40:18.385+0000] {processor.py:208} INFO - Processing /home/airflow/.local/lib/python3.12/site-packages/airflow/example_dags/example_latest_only_with_trigger.py took 0.246 seconds
[2024-12-22T11:40:57.498+0000] {processor.py:186} INFO - Started process (PID=2547) to work on /home/airflow/.local/lib/python3.12/site-packages/airflow/example_dags/example_latest_only_with_trigger.py
[2024-12-22T11:40:57.501+0000] {processor.py:914} INFO - Processing file /home/airflow/.local/lib/python3.12/site-packages/airflow/example_dags/example_latest_only_with_trigger.py for tasks to queue
[2024-12-22T11:40:57.504+0000] {logging_mixin.py:190} INFO - [2024-12-22T11:40:57.503+0000] {dagbag.py:588} INFO - Filling up the DagBag from /home/airflow/.local/lib/python3.12/site-packages/airflow/example_dags/example_latest_only_with_trigger.py
[2024-12-22T11:40:57.529+0000] {processor.py:925} INFO - DAG(s) 'latest_only_with_trigger' retrieved from /home/airflow/.local/lib/python3.12/site-packages/airflow/example_dags/example_latest_only_with_trigger.py
[2024-12-22T11:40:57.585+0000] {logging_mixin.py:190} INFO - [2024-12-22T11:40:57.584+0000] {dag.py:3239} INFO - Sync 1 DAGs
[2024-12-22T11:40:57.652+0000] {logging_mixin.py:190} INFO - [2024-12-22T11:40:57.652+0000] {dag.py:4180} INFO - Setting next_dagrun for latest_only_with_trigger to 2024-12-22 04:00:00+00:00, run_after=2024-12-22 08:00:00+00:00
[2024-12-22T11:40:57.697+0000] {processor.py:208} INFO - Processing /home/airflow/.local/lib/python3.12/site-packages/airflow/example_dags/example_latest_only_with_trigger.py took 0.217 seconds
[2024-12-22T11:41:32.633+0000] {processor.py:186} INFO - Started process (PID=2618) to work on /home/airflow/.local/lib/python3.12/site-packages/airflow/example_dags/example_latest_only_with_trigger.py
[2024-12-22T11:41:32.636+0000] {processor.py:914} INFO - Processing file /home/airflow/.local/lib/python3.12/site-packages/airflow/example_dags/example_latest_only_with_trigger.py for tasks to queue
[2024-12-22T11:41:32.643+0000] {logging_mixin.py:190} INFO - [2024-12-22T11:41:32.642+0000] {dagbag.py:588} INFO - Filling up the DagBag from /home/airflow/.local/lib/python3.12/site-packages/airflow/example_dags/example_latest_only_with_trigger.py
[2024-12-22T11:41:32.681+0000] {processor.py:925} INFO - DAG(s) 'latest_only_with_trigger' retrieved from /home/airflow/.local/lib/python3.12/site-packages/airflow/example_dags/example_latest_only_with_trigger.py
[2024-12-22T11:41:32.754+0000] {logging_mixin.py:190} INFO - [2024-12-22T11:41:32.754+0000] {dag.py:3239} INFO - Sync 1 DAGs
[2024-12-22T11:41:32.825+0000] {logging_mixin.py:190} INFO - [2024-12-22T11:41:32.824+0000] {dag.py:4180} INFO - Setting next_dagrun for latest_only_with_trigger to 2024-12-22 04:00:00+00:00, run_after=2024-12-22 08:00:00+00:00
[2024-12-22T11:41:33.904+0000] {processor.py:208} INFO - Processing /home/airflow/.local/lib/python3.12/site-packages/airflow/example_dags/example_latest_only_with_trigger.py took 1.293 seconds
[2024-12-22T11:43:17.612+0000] {processor.py:186} INFO - Started process (PID=2680) to work on /home/airflow/.local/lib/python3.12/site-packages/airflow/example_dags/example_latest_only_with_trigger.py
[2024-12-22T11:43:17.614+0000] {processor.py:914} INFO - Processing file /home/airflow/.local/lib/python3.12/site-packages/airflow/example_dags/example_latest_only_with_trigger.py for tasks to queue
[2024-12-22T11:43:17.618+0000] {logging_mixin.py:190} INFO - [2024-12-22T11:43:17.617+0000] {dagbag.py:588} INFO - Filling up the DagBag from /home/airflow/.local/lib/python3.12/site-packages/airflow/example_dags/example_latest_only_with_trigger.py
[2024-12-22T11:43:17.644+0000] {processor.py:925} INFO - DAG(s) 'latest_only_with_trigger' retrieved from /home/airflow/.local/lib/python3.12/site-packages/airflow/example_dags/example_latest_only_with_trigger.py
[2024-12-22T11:43:17.695+0000] {logging_mixin.py:190} INFO - [2024-12-22T11:43:17.695+0000] {dag.py:3239} INFO - Sync 1 DAGs
[2024-12-22T11:43:17.762+0000] {logging_mixin.py:190} INFO - [2024-12-22T11:43:17.762+0000] {dag.py:4180} INFO - Setting next_dagrun for latest_only_with_trigger to 2024-12-22 04:00:00+00:00, run_after=2024-12-22 08:00:00+00:00
[2024-12-22T11:43:17.827+0000] {processor.py:208} INFO - Processing /home/airflow/.local/lib/python3.12/site-packages/airflow/example_dags/example_latest_only_with_trigger.py took 0.239 seconds
[2024-12-22T11:45:50.749+0000] {processor.py:186} INFO - Started process (PID=2748) to work on /home/airflow/.local/lib/python3.12/site-packages/airflow/example_dags/example_latest_only_with_trigger.py
[2024-12-22T11:45:50.756+0000] {processor.py:914} INFO - Processing file /home/airflow/.local/lib/python3.12/site-packages/airflow/example_dags/example_latest_only_with_trigger.py for tasks to queue
[2024-12-22T11:45:50.761+0000] {logging_mixin.py:190} INFO - [2024-12-22T11:45:50.760+0000] {dagbag.py:588} INFO - Filling up the DagBag from /home/airflow/.local/lib/python3.12/site-packages/airflow/example_dags/example_latest_only_with_trigger.py
[2024-12-22T11:45:50.805+0000] {processor.py:925} INFO - DAG(s) 'latest_only_with_trigger' retrieved from /home/airflow/.local/lib/python3.12/site-packages/airflow/example_dags/example_latest_only_with_trigger.py
[2024-12-22T11:45:50.927+0000] {logging_mixin.py:190} INFO - [2024-12-22T11:45:50.926+0000] {dag.py:3239} INFO - Sync 1 DAGs
[2024-12-22T11:45:51.056+0000] {logging_mixin.py:190} INFO - [2024-12-22T11:45:51.055+0000] {dag.py:4180} INFO - Setting next_dagrun for latest_only_with_trigger to 2024-12-22 04:00:00+00:00, run_after=2024-12-22 08:00:00+00:00
[2024-12-22T11:45:51.153+0000] {processor.py:208} INFO - Processing /home/airflow/.local/lib/python3.12/site-packages/airflow/example_dags/example_latest_only_with_trigger.py took 0.431 seconds
[2024-12-22T11:50:06.036+0000] {processor.py:186} INFO - Started process (PID=95) to work on /home/airflow/.local/lib/python3.12/site-packages/airflow/example_dags/example_latest_only_with_trigger.py
[2024-12-22T11:50:06.038+0000] {processor.py:914} INFO - Processing file /home/airflow/.local/lib/python3.12/site-packages/airflow/example_dags/example_latest_only_with_trigger.py for tasks to queue
[2024-12-22T11:50:06.042+0000] {logging_mixin.py:190} INFO - [2024-12-22T11:50:06.041+0000] {dagbag.py:588} INFO - Filling up the DagBag from /home/airflow/.local/lib/python3.12/site-packages/airflow/example_dags/example_latest_only_with_trigger.py
[2024-12-22T11:50:06.052+0000] {processor.py:925} INFO - DAG(s) 'latest_only_with_trigger' retrieved from /home/airflow/.local/lib/python3.12/site-packages/airflow/example_dags/example_latest_only_with_trigger.py
[2024-12-22T11:50:06.078+0000] {logging_mixin.py:190} INFO - [2024-12-22T11:50:06.078+0000] {dag.py:3239} INFO - Sync 1 DAGs
[2024-12-22T11:50:06.112+0000] {logging_mixin.py:190} INFO - [2024-12-22T11:50:06.111+0000] {dag.py:4180} INFO - Setting next_dagrun for latest_only_with_trigger to 2024-12-22 04:00:00+00:00, run_after=2024-12-22 08:00:00+00:00
[2024-12-22T11:50:06.151+0000] {processor.py:208} INFO - Processing /home/airflow/.local/lib/python3.12/site-packages/airflow/example_dags/example_latest_only_with_trigger.py took 0.122 seconds
[2024-12-22T11:50:37.443+0000] {processor.py:186} INFO - Started process (PID=160) to work on /home/airflow/.local/lib/python3.12/site-packages/airflow/example_dags/example_latest_only_with_trigger.py
[2024-12-22T11:50:37.445+0000] {processor.py:914} INFO - Processing file /home/airflow/.local/lib/python3.12/site-packages/airflow/example_dags/example_latest_only_with_trigger.py for tasks to queue
[2024-12-22T11:50:37.450+0000] {logging_mixin.py:190} INFO - [2024-12-22T11:50:37.449+0000] {dagbag.py:588} INFO - Filling up the DagBag from /home/airflow/.local/lib/python3.12/site-packages/airflow/example_dags/example_latest_only_with_trigger.py
[2024-12-22T11:50:37.467+0000] {processor.py:925} INFO - DAG(s) 'latest_only_with_trigger' retrieved from /home/airflow/.local/lib/python3.12/site-packages/airflow/example_dags/example_latest_only_with_trigger.py
[2024-12-22T11:50:37.512+0000] {logging_mixin.py:190} INFO - [2024-12-22T11:50:37.512+0000] {dag.py:3239} INFO - Sync 1 DAGs
[2024-12-22T11:50:37.573+0000] {logging_mixin.py:190} INFO - [2024-12-22T11:50:37.573+0000] {dag.py:4180} INFO - Setting next_dagrun for latest_only_with_trigger to 2024-12-22 04:00:00+00:00, run_after=2024-12-22 08:00:00+00:00
[2024-12-22T11:50:37.623+0000] {processor.py:208} INFO - Processing /home/airflow/.local/lib/python3.12/site-packages/airflow/example_dags/example_latest_only_with_trigger.py took 0.192 seconds
[2024-12-22T11:51:16.063+0000] {processor.py:186} INFO - Started process (PID=225) to work on /home/airflow/.local/lib/python3.12/site-packages/airflow/example_dags/example_latest_only_with_trigger.py
[2024-12-22T11:51:16.064+0000] {processor.py:914} INFO - Processing file /home/airflow/.local/lib/python3.12/site-packages/airflow/example_dags/example_latest_only_with_trigger.py for tasks to queue
[2024-12-22T11:51:16.068+0000] {logging_mixin.py:190} INFO - [2024-12-22T11:51:16.067+0000] {dagbag.py:588} INFO - Filling up the DagBag from /home/airflow/.local/lib/python3.12/site-packages/airflow/example_dags/example_latest_only_with_trigger.py
[2024-12-22T11:51:16.076+0000] {processor.py:925} INFO - DAG(s) 'latest_only_with_trigger' retrieved from /home/airflow/.local/lib/python3.12/site-packages/airflow/example_dags/example_latest_only_with_trigger.py
[2024-12-22T11:51:16.100+0000] {logging_mixin.py:190} INFO - [2024-12-22T11:51:16.099+0000] {dag.py:3239} INFO - Sync 1 DAGs
[2024-12-22T11:51:16.127+0000] {logging_mixin.py:190} INFO - [2024-12-22T11:51:16.127+0000] {dag.py:4180} INFO - Setting next_dagrun for latest_only_with_trigger to 2024-12-22 04:00:00+00:00, run_after=2024-12-22 08:00:00+00:00
[2024-12-22T11:51:16.149+0000] {processor.py:208} INFO - Processing /home/airflow/.local/lib/python3.12/site-packages/airflow/example_dags/example_latest_only_with_trigger.py took 0.094 seconds
[2024-12-22T11:51:47.699+0000] {processor.py:186} INFO - Started process (PID=296) to work on /home/airflow/.local/lib/python3.12/site-packages/airflow/example_dags/example_latest_only_with_trigger.py
[2024-12-22T11:51:47.701+0000] {processor.py:914} INFO - Processing file /home/airflow/.local/lib/python3.12/site-packages/airflow/example_dags/example_latest_only_with_trigger.py for tasks to queue
[2024-12-22T11:51:47.703+0000] {logging_mixin.py:190} INFO - [2024-12-22T11:51:47.703+0000] {dagbag.py:588} INFO - Filling up the DagBag from /home/airflow/.local/lib/python3.12/site-packages/airflow/example_dags/example_latest_only_with_trigger.py
[2024-12-22T11:51:47.712+0000] {processor.py:925} INFO - DAG(s) 'latest_only_with_trigger' retrieved from /home/airflow/.local/lib/python3.12/site-packages/airflow/example_dags/example_latest_only_with_trigger.py
[2024-12-22T11:51:47.736+0000] {logging_mixin.py:190} INFO - [2024-12-22T11:51:47.736+0000] {dag.py:3239} INFO - Sync 1 DAGs
[2024-12-22T11:51:47.762+0000] {logging_mixin.py:190} INFO - [2024-12-22T11:51:47.762+0000] {dag.py:4180} INFO - Setting next_dagrun for latest_only_with_trigger to 2024-12-22 04:00:00+00:00, run_after=2024-12-22 08:00:00+00:00
[2024-12-22T11:51:47.784+0000] {processor.py:208} INFO - Processing /home/airflow/.local/lib/python3.12/site-packages/airflow/example_dags/example_latest_only_with_trigger.py took 0.092 seconds
[2024-12-22T11:52:18.969+0000] {processor.py:186} INFO - Started process (PID=361) to work on /home/airflow/.local/lib/python3.12/site-packages/airflow/example_dags/example_latest_only_with_trigger.py
[2024-12-22T11:52:18.970+0000] {processor.py:914} INFO - Processing file /home/airflow/.local/lib/python3.12/site-packages/airflow/example_dags/example_latest_only_with_trigger.py for tasks to queue
[2024-12-22T11:52:18.973+0000] {logging_mixin.py:190} INFO - [2024-12-22T11:52:18.973+0000] {dagbag.py:588} INFO - Filling up the DagBag from /home/airflow/.local/lib/python3.12/site-packages/airflow/example_dags/example_latest_only_with_trigger.py
[2024-12-22T11:52:18.982+0000] {processor.py:925} INFO - DAG(s) 'latest_only_with_trigger' retrieved from /home/airflow/.local/lib/python3.12/site-packages/airflow/example_dags/example_latest_only_with_trigger.py
[2024-12-22T11:52:19.008+0000] {logging_mixin.py:190} INFO - [2024-12-22T11:52:19.008+0000] {dag.py:3239} INFO - Sync 1 DAGs
[2024-12-22T11:52:19.037+0000] {logging_mixin.py:190} INFO - [2024-12-22T11:52:19.037+0000] {dag.py:4180} INFO - Setting next_dagrun for latest_only_with_trigger to 2024-12-22 04:00:00+00:00, run_after=2024-12-22 08:00:00+00:00
[2024-12-22T11:52:19.062+0000] {processor.py:208} INFO - Processing /home/airflow/.local/lib/python3.12/site-packages/airflow/example_dags/example_latest_only_with_trigger.py took 0.100 seconds
[2024-12-22T11:52:50.760+0000] {processor.py:186} INFO - Started process (PID=426) to work on /home/airflow/.local/lib/python3.12/site-packages/airflow/example_dags/example_latest_only_with_trigger.py
[2024-12-22T11:52:50.761+0000] {processor.py:914} INFO - Processing file /home/airflow/.local/lib/python3.12/site-packages/airflow/example_dags/example_latest_only_with_trigger.py for tasks to queue
[2024-12-22T11:52:50.765+0000] {logging_mixin.py:190} INFO - [2024-12-22T11:52:50.764+0000] {dagbag.py:588} INFO - Filling up the DagBag from /home/airflow/.local/lib/python3.12/site-packages/airflow/example_dags/example_latest_only_with_trigger.py
[2024-12-22T11:52:50.776+0000] {processor.py:925} INFO - DAG(s) 'latest_only_with_trigger' retrieved from /home/airflow/.local/lib/python3.12/site-packages/airflow/example_dags/example_latest_only_with_trigger.py
[2024-12-22T11:52:50.814+0000] {logging_mixin.py:190} INFO - [2024-12-22T11:52:50.814+0000] {dag.py:3239} INFO - Sync 1 DAGs
[2024-12-22T11:52:50.860+0000] {logging_mixin.py:190} INFO - [2024-12-22T11:52:50.860+0000] {dag.py:4180} INFO - Setting next_dagrun for latest_only_with_trigger to 2024-12-22 04:00:00+00:00, run_after=2024-12-22 08:00:00+00:00
[2024-12-22T11:52:50.887+0000] {processor.py:208} INFO - Processing /home/airflow/.local/lib/python3.12/site-packages/airflow/example_dags/example_latest_only_with_trigger.py took 0.135 seconds
[2024-12-22T11:53:22.079+0000] {processor.py:186} INFO - Started process (PID=491) to work on /home/airflow/.local/lib/python3.12/site-packages/airflow/example_dags/example_latest_only_with_trigger.py
[2024-12-22T11:53:22.080+0000] {processor.py:914} INFO - Processing file /home/airflow/.local/lib/python3.12/site-packages/airflow/example_dags/example_latest_only_with_trigger.py for tasks to queue
[2024-12-22T11:53:22.083+0000] {logging_mixin.py:190} INFO - [2024-12-22T11:53:22.083+0000] {dagbag.py:588} INFO - Filling up the DagBag from /home/airflow/.local/lib/python3.12/site-packages/airflow/example_dags/example_latest_only_with_trigger.py
[2024-12-22T11:53:22.094+0000] {processor.py:925} INFO - DAG(s) 'latest_only_with_trigger' retrieved from /home/airflow/.local/lib/python3.12/site-packages/airflow/example_dags/example_latest_only_with_trigger.py
[2024-12-22T11:53:22.120+0000] {logging_mixin.py:190} INFO - [2024-12-22T11:53:22.119+0000] {dag.py:3239} INFO - Sync 1 DAGs
[2024-12-22T11:53:22.154+0000] {logging_mixin.py:190} INFO - [2024-12-22T11:53:22.154+0000] {dag.py:4180} INFO - Setting next_dagrun for latest_only_with_trigger to 2024-12-22 04:00:00+00:00, run_after=2024-12-22 08:00:00+00:00
[2024-12-22T11:53:22.176+0000] {processor.py:208} INFO - Processing /home/airflow/.local/lib/python3.12/site-packages/airflow/example_dags/example_latest_only_with_trigger.py took 0.106 seconds
[2024-12-22T11:53:54.076+0000] {processor.py:186} INFO - Started process (PID=556) to work on /home/airflow/.local/lib/python3.12/site-packages/airflow/example_dags/example_latest_only_with_trigger.py
[2024-12-22T11:53:54.078+0000] {processor.py:914} INFO - Processing file /home/airflow/.local/lib/python3.12/site-packages/airflow/example_dags/example_latest_only_with_trigger.py for tasks to queue
[2024-12-22T11:53:54.081+0000] {logging_mixin.py:190} INFO - [2024-12-22T11:53:54.080+0000] {dagbag.py:588} INFO - Filling up the DagBag from /home/airflow/.local/lib/python3.12/site-packages/airflow/example_dags/example_latest_only_with_trigger.py
[2024-12-22T11:53:54.090+0000] {processor.py:925} INFO - DAG(s) 'latest_only_with_trigger' retrieved from /home/airflow/.local/lib/python3.12/site-packages/airflow/example_dags/example_latest_only_with_trigger.py
[2024-12-22T11:53:54.117+0000] {logging_mixin.py:190} INFO - [2024-12-22T11:53:54.116+0000] {dag.py:3239} INFO - Sync 1 DAGs
[2024-12-22T11:53:54.150+0000] {logging_mixin.py:190} INFO - [2024-12-22T11:53:54.149+0000] {dag.py:4180} INFO - Setting next_dagrun for latest_only_with_trigger to 2024-12-22 04:00:00+00:00, run_after=2024-12-22 08:00:00+00:00
[2024-12-22T11:53:54.171+0000] {processor.py:208} INFO - Processing /home/airflow/.local/lib/python3.12/site-packages/airflow/example_dags/example_latest_only_with_trigger.py took 0.102 seconds
[2024-12-22T11:54:26.619+0000] {processor.py:186} INFO - Started process (PID=621) to work on /home/airflow/.local/lib/python3.12/site-packages/airflow/example_dags/example_latest_only_with_trigger.py
[2024-12-22T11:54:26.628+0000] {processor.py:914} INFO - Processing file /home/airflow/.local/lib/python3.12/site-packages/airflow/example_dags/example_latest_only_with_trigger.py for tasks to queue
[2024-12-22T11:54:26.634+0000] {logging_mixin.py:190} INFO - [2024-12-22T11:54:26.632+0000] {dagbag.py:588} INFO - Filling up the DagBag from /home/airflow/.local/lib/python3.12/site-packages/airflow/example_dags/example_latest_only_with_trigger.py
[2024-12-22T11:54:26.646+0000] {processor.py:925} INFO - DAG(s) 'latest_only_with_trigger' retrieved from /home/airflow/.local/lib/python3.12/site-packages/airflow/example_dags/example_latest_only_with_trigger.py
[2024-12-22T11:54:26.676+0000] {logging_mixin.py:190} INFO - [2024-12-22T11:54:26.675+0000] {dag.py:3239} INFO - Sync 1 DAGs
[2024-12-22T11:54:26.710+0000] {logging_mixin.py:190} INFO - [2024-12-22T11:54:26.710+0000] {dag.py:4180} INFO - Setting next_dagrun for latest_only_with_trigger to 2024-12-22 04:00:00+00:00, run_after=2024-12-22 08:00:00+00:00
[2024-12-22T11:54:26.736+0000] {processor.py:208} INFO - Processing /home/airflow/.local/lib/python3.12/site-packages/airflow/example_dags/example_latest_only_with_trigger.py took 0.125 seconds
[2024-12-22T11:54:57.936+0000] {processor.py:186} INFO - Started process (PID=686) to work on /home/airflow/.local/lib/python3.12/site-packages/airflow/example_dags/example_latest_only_with_trigger.py
[2024-12-22T11:54:57.937+0000] {processor.py:914} INFO - Processing file /home/airflow/.local/lib/python3.12/site-packages/airflow/example_dags/example_latest_only_with_trigger.py for tasks to queue
[2024-12-22T11:54:57.940+0000] {logging_mixin.py:190} INFO - [2024-12-22T11:54:57.940+0000] {dagbag.py:588} INFO - Filling up the DagBag from /home/airflow/.local/lib/python3.12/site-packages/airflow/example_dags/example_latest_only_with_trigger.py
[2024-12-22T11:54:57.952+0000] {processor.py:925} INFO - DAG(s) 'latest_only_with_trigger' retrieved from /home/airflow/.local/lib/python3.12/site-packages/airflow/example_dags/example_latest_only_with_trigger.py
[2024-12-22T11:54:57.978+0000] {logging_mixin.py:190} INFO - [2024-12-22T11:54:57.978+0000] {dag.py:3239} INFO - Sync 1 DAGs
[2024-12-22T11:54:58.009+0000] {logging_mixin.py:190} INFO - [2024-12-22T11:54:58.009+0000] {dag.py:4180} INFO - Setting next_dagrun for latest_only_with_trigger to 2024-12-22 04:00:00+00:00, run_after=2024-12-22 08:00:00+00:00
[2024-12-22T11:54:58.031+0000] {processor.py:208} INFO - Processing /home/airflow/.local/lib/python3.12/site-packages/airflow/example_dags/example_latest_only_with_trigger.py took 0.105 seconds
[2024-12-22T11:56:36.898+0000] {processor.py:186} INFO - Started process (PID=97) to work on /home/airflow/.local/lib/python3.12/site-packages/airflow/example_dags/example_latest_only_with_trigger.py
[2024-12-22T11:56:36.899+0000] {processor.py:914} INFO - Processing file /home/airflow/.local/lib/python3.12/site-packages/airflow/example_dags/example_latest_only_with_trigger.py for tasks to queue
[2024-12-22T11:56:36.903+0000] {logging_mixin.py:190} INFO - [2024-12-22T11:56:36.903+0000] {dagbag.py:588} INFO - Filling up the DagBag from /home/airflow/.local/lib/python3.12/site-packages/airflow/example_dags/example_latest_only_with_trigger.py
[2024-12-22T11:56:36.916+0000] {processor.py:925} INFO - DAG(s) 'latest_only_with_trigger' retrieved from /home/airflow/.local/lib/python3.12/site-packages/airflow/example_dags/example_latest_only_with_trigger.py
[2024-12-22T11:56:36.948+0000] {logging_mixin.py:190} INFO - [2024-12-22T11:56:36.948+0000] {dag.py:3239} INFO - Sync 1 DAGs
[2024-12-22T11:56:37.016+0000] {logging_mixin.py:190} INFO - [2024-12-22T11:56:37.016+0000] {dag.py:4180} INFO - Setting next_dagrun for latest_only_with_trigger to 2024-12-22 04:00:00+00:00, run_after=2024-12-22 08:00:00+00:00
[2024-12-22T11:56:37.052+0000] {processor.py:208} INFO - Processing /home/airflow/.local/lib/python3.12/site-packages/airflow/example_dags/example_latest_only_with_trigger.py took 0.165 seconds
[2024-12-22T11:57:09.771+0000] {processor.py:186} INFO - Started process (PID=163) to work on /home/airflow/.local/lib/python3.12/site-packages/airflow/example_dags/example_latest_only_with_trigger.py
[2024-12-22T11:57:09.773+0000] {processor.py:914} INFO - Processing file /home/airflow/.local/lib/python3.12/site-packages/airflow/example_dags/example_latest_only_with_trigger.py for tasks to queue
[2024-12-22T11:57:09.778+0000] {logging_mixin.py:190} INFO - [2024-12-22T11:57:09.778+0000] {dagbag.py:588} INFO - Filling up the DagBag from /home/airflow/.local/lib/python3.12/site-packages/airflow/example_dags/example_latest_only_with_trigger.py
[2024-12-22T11:57:09.796+0000] {processor.py:925} INFO - DAG(s) 'latest_only_with_trigger' retrieved from /home/airflow/.local/lib/python3.12/site-packages/airflow/example_dags/example_latest_only_with_trigger.py
[2024-12-22T11:57:09.837+0000] {logging_mixin.py:190} INFO - [2024-12-22T11:57:09.836+0000] {dag.py:3239} INFO - Sync 1 DAGs
[2024-12-22T11:57:09.883+0000] {logging_mixin.py:190} INFO - [2024-12-22T11:57:09.883+0000] {dag.py:4180} INFO - Setting next_dagrun for latest_only_with_trigger to 2024-12-22 04:00:00+00:00, run_after=2024-12-22 08:00:00+00:00
[2024-12-22T11:57:09.910+0000] {processor.py:208} INFO - Processing /home/airflow/.local/lib/python3.12/site-packages/airflow/example_dags/example_latest_only_with_trigger.py took 0.148 seconds
