[2024-12-22T11:18:11.062+0000] {processor.py:186} INFO - Started process (PID=128) to work on /home/airflow/.local/lib/python3.12/site-packages/airflow/example_dags/example_inlet_event_extra.py
[2024-12-22T11:18:11.066+0000] {processor.py:914} INFO - Processing file /home/airflow/.local/lib/python3.12/site-packages/airflow/example_dags/example_inlet_event_extra.py for tasks to queue
[2024-12-22T11:18:11.075+0000] {logging_mixin.py:190} INFO - [2024-12-22T11:18:11.074+0000] {dagbag.py:588} INFO - Filling up the DagBag from /home/airflow/.local/lib/python3.12/site-packages/airflow/example_dags/example_inlet_event_extra.py
[2024-12-22T11:18:13.345+0000] {processor.py:925} INFO - DAG(s) 'read_dataset_event', 'read_dataset_event_from_classic' retrieved from /home/airflow/.local/lib/python3.12/site-packages/airflow/example_dags/example_inlet_event_extra.py
[2024-12-22T11:18:13.429+0000] {logging_mixin.py:190} INFO - [2024-12-22T11:18:13.428+0000] {dag.py:3239} INFO - Sync 2 DAGs
[2024-12-22T11:18:13.553+0000] {logging_mixin.py:190} INFO - [2024-12-22T11:18:13.553+0000] {dag.py:4180} INFO - Setting next_dagrun for read_dataset_event to 2024-12-21 00:00:00+00:00, run_after=2024-12-22 00:00:00+00:00
[2024-12-22T11:18:13.567+0000] {logging_mixin.py:190} INFO - [2024-12-22T11:18:13.567+0000] {dag.py:4180} INFO - Setting next_dagrun for read_dataset_event_from_classic to 2024-12-21 00:00:00+00:00, run_after=2024-12-22 00:00:00+00:00
[2024-12-22T11:18:13.792+0000] {processor.py:208} INFO - Processing /home/airflow/.local/lib/python3.12/site-packages/airflow/example_dags/example_inlet_event_extra.py took 2.748 seconds
[2024-12-22T11:18:45.916+0000] {processor.py:186} INFO - Started process (PID=193) to work on /home/airflow/.local/lib/python3.12/site-packages/airflow/example_dags/example_inlet_event_extra.py
[2024-12-22T11:18:45.918+0000] {processor.py:914} INFO - Processing file /home/airflow/.local/lib/python3.12/site-packages/airflow/example_dags/example_inlet_event_extra.py for tasks to queue
[2024-12-22T11:18:45.924+0000] {logging_mixin.py:190} INFO - [2024-12-22T11:18:45.923+0000] {dagbag.py:588} INFO - Filling up the DagBag from /home/airflow/.local/lib/python3.12/site-packages/airflow/example_dags/example_inlet_event_extra.py
[2024-12-22T11:18:47.155+0000] {processor.py:925} INFO - DAG(s) 'read_dataset_event_from_classic', 'read_dataset_event' retrieved from /home/airflow/.local/lib/python3.12/site-packages/airflow/example_dags/example_inlet_event_extra.py
[2024-12-22T11:18:47.207+0000] {logging_mixin.py:190} INFO - [2024-12-22T11:18:47.206+0000] {dag.py:3239} INFO - Sync 2 DAGs
[2024-12-22T11:18:47.275+0000] {logging_mixin.py:190} INFO - [2024-12-22T11:18:47.274+0000] {dag.py:4180} INFO - Setting next_dagrun for read_dataset_event to 2024-12-21 00:00:00+00:00, run_after=2024-12-22 00:00:00+00:00
[2024-12-22T11:18:47.290+0000] {logging_mixin.py:190} INFO - [2024-12-22T11:18:47.290+0000] {dag.py:4180} INFO - Setting next_dagrun for read_dataset_event_from_classic to 2024-12-21 00:00:00+00:00, run_after=2024-12-22 00:00:00+00:00
[2024-12-22T11:18:48.016+0000] {processor.py:208} INFO - Processing /home/airflow/.local/lib/python3.12/site-packages/airflow/example_dags/example_inlet_event_extra.py took 2.113 seconds
[2024-12-22T11:19:28.921+0000] {processor.py:186} INFO - Started process (PID=258) to work on /home/airflow/.local/lib/python3.12/site-packages/airflow/example_dags/example_inlet_event_extra.py
[2024-12-22T11:19:29.029+0000] {processor.py:914} INFO - Processing file /home/airflow/.local/lib/python3.12/site-packages/airflow/example_dags/example_inlet_event_extra.py for tasks to queue
[2024-12-22T11:19:29.044+0000] {logging_mixin.py:190} INFO - [2024-12-22T11:19:29.043+0000] {dagbag.py:588} INFO - Filling up the DagBag from /home/airflow/.local/lib/python3.12/site-packages/airflow/example_dags/example_inlet_event_extra.py
[2024-12-22T11:19:31.002+0000] {processor.py:925} INFO - DAG(s) 'read_dataset_event', 'read_dataset_event_from_classic' retrieved from /home/airflow/.local/lib/python3.12/site-packages/airflow/example_dags/example_inlet_event_extra.py
[2024-12-22T11:19:31.063+0000] {logging_mixin.py:190} INFO - [2024-12-22T11:19:31.062+0000] {dag.py:3239} INFO - Sync 2 DAGs
[2024-12-22T11:19:31.169+0000] {logging_mixin.py:190} INFO - [2024-12-22T11:19:31.168+0000] {dag.py:4180} INFO - Setting next_dagrun for read_dataset_event to 2024-12-21 00:00:00+00:00, run_after=2024-12-22 00:00:00+00:00
[2024-12-22T11:19:31.195+0000] {logging_mixin.py:190} INFO - [2024-12-22T11:19:31.194+0000] {dag.py:4180} INFO - Setting next_dagrun for read_dataset_event_from_classic to 2024-12-21 00:00:00+00:00, run_after=2024-12-22 00:00:00+00:00
[2024-12-22T11:19:31.332+0000] {processor.py:208} INFO - Processing /home/airflow/.local/lib/python3.12/site-packages/airflow/example_dags/example_inlet_event_extra.py took 2.450 seconds
[2024-12-22T11:20:01.668+0000] {processor.py:186} INFO - Started process (PID=325) to work on /home/airflow/.local/lib/python3.12/site-packages/airflow/example_dags/example_inlet_event_extra.py
[2024-12-22T11:20:01.778+0000] {processor.py:914} INFO - Processing file /home/airflow/.local/lib/python3.12/site-packages/airflow/example_dags/example_inlet_event_extra.py for tasks to queue
[2024-12-22T11:20:01.791+0000] {logging_mixin.py:190} INFO - [2024-12-22T11:20:01.789+0000] {dagbag.py:588} INFO - Filling up the DagBag from /home/airflow/.local/lib/python3.12/site-packages/airflow/example_dags/example_inlet_event_extra.py
[2024-12-22T11:20:03.327+0000] {processor.py:925} INFO - DAG(s) 'read_dataset_event', 'read_dataset_event_from_classic' retrieved from /home/airflow/.local/lib/python3.12/site-packages/airflow/example_dags/example_inlet_event_extra.py
[2024-12-22T11:20:03.387+0000] {logging_mixin.py:190} INFO - [2024-12-22T11:20:03.386+0000] {dag.py:3239} INFO - Sync 2 DAGs
[2024-12-22T11:20:03.457+0000] {logging_mixin.py:190} INFO - [2024-12-22T11:20:03.456+0000] {dag.py:4180} INFO - Setting next_dagrun for read_dataset_event to 2024-12-21 00:00:00+00:00, run_after=2024-12-22 00:00:00+00:00
[2024-12-22T11:20:03.472+0000] {logging_mixin.py:190} INFO - [2024-12-22T11:20:03.472+0000] {dag.py:4180} INFO - Setting next_dagrun for read_dataset_event_from_classic to 2024-12-21 00:00:00+00:00, run_after=2024-12-22 00:00:00+00:00
[2024-12-22T11:20:03.933+0000] {processor.py:208} INFO - Processing /home/airflow/.local/lib/python3.12/site-packages/airflow/example_dags/example_inlet_event_extra.py took 2.291 seconds
[2024-12-22T11:20:34.599+0000] {processor.py:186} INFO - Started process (PID=397) to work on /home/airflow/.local/lib/python3.12/site-packages/airflow/example_dags/example_inlet_event_extra.py
[2024-12-22T11:20:34.603+0000] {processor.py:914} INFO - Processing file /home/airflow/.local/lib/python3.12/site-packages/airflow/example_dags/example_inlet_event_extra.py for tasks to queue
[2024-12-22T11:20:34.613+0000] {logging_mixin.py:190} INFO - [2024-12-22T11:20:34.611+0000] {dagbag.py:588} INFO - Filling up the DagBag from /home/airflow/.local/lib/python3.12/site-packages/airflow/example_dags/example_inlet_event_extra.py
[2024-12-22T11:20:36.235+0000] {processor.py:925} INFO - DAG(s) 'read_dataset_event_from_classic', 'read_dataset_event' retrieved from /home/airflow/.local/lib/python3.12/site-packages/airflow/example_dags/example_inlet_event_extra.py
[2024-12-22T11:20:36.304+0000] {logging_mixin.py:190} INFO - [2024-12-22T11:20:36.302+0000] {dag.py:3239} INFO - Sync 2 DAGs
[2024-12-22T11:20:36.392+0000] {logging_mixin.py:190} INFO - [2024-12-22T11:20:36.392+0000] {dag.py:4180} INFO - Setting next_dagrun for read_dataset_event to 2024-12-21 00:00:00+00:00, run_after=2024-12-22 00:00:00+00:00
[2024-12-22T11:20:36.408+0000] {logging_mixin.py:190} INFO - [2024-12-22T11:20:36.407+0000] {dag.py:4180} INFO - Setting next_dagrun for read_dataset_event_from_classic to 2024-12-21 00:00:00+00:00, run_after=2024-12-22 00:00:00+00:00
[2024-12-22T11:20:37.245+0000] {processor.py:208} INFO - Processing /home/airflow/.local/lib/python3.12/site-packages/airflow/example_dags/example_inlet_event_extra.py took 2.679 seconds
[2024-12-22T11:21:17.913+0000] {processor.py:186} INFO - Started process (PID=468) to work on /home/airflow/.local/lib/python3.12/site-packages/airflow/example_dags/example_inlet_event_extra.py
[2024-12-22T11:21:17.915+0000] {processor.py:914} INFO - Processing file /home/airflow/.local/lib/python3.12/site-packages/airflow/example_dags/example_inlet_event_extra.py for tasks to queue
[2024-12-22T11:21:17.921+0000] {logging_mixin.py:190} INFO - [2024-12-22T11:21:17.920+0000] {dagbag.py:588} INFO - Filling up the DagBag from /home/airflow/.local/lib/python3.12/site-packages/airflow/example_dags/example_inlet_event_extra.py
[2024-12-22T11:21:19.553+0000] {processor.py:925} INFO - DAG(s) 'read_dataset_event', 'read_dataset_event_from_classic' retrieved from /home/airflow/.local/lib/python3.12/site-packages/airflow/example_dags/example_inlet_event_extra.py
[2024-12-22T11:21:19.602+0000] {logging_mixin.py:190} INFO - [2024-12-22T11:21:19.601+0000] {dag.py:3239} INFO - Sync 2 DAGs
[2024-12-22T11:21:19.681+0000] {logging_mixin.py:190} INFO - [2024-12-22T11:21:19.680+0000] {dag.py:4180} INFO - Setting next_dagrun for read_dataset_event to 2024-12-21 00:00:00+00:00, run_after=2024-12-22 00:00:00+00:00
[2024-12-22T11:21:19.698+0000] {logging_mixin.py:190} INFO - [2024-12-22T11:21:19.697+0000] {dag.py:4180} INFO - Setting next_dagrun for read_dataset_event_from_classic to 2024-12-21 00:00:00+00:00, run_after=2024-12-22 00:00:00+00:00
[2024-12-22T11:21:20.591+0000] {processor.py:208} INFO - Processing /home/airflow/.local/lib/python3.12/site-packages/airflow/example_dags/example_inlet_event_extra.py took 2.747 seconds
[2024-12-22T11:21:50.848+0000] {processor.py:186} INFO - Started process (PID=536) to work on /home/airflow/.local/lib/python3.12/site-packages/airflow/example_dags/example_inlet_event_extra.py
[2024-12-22T11:21:50.852+0000] {processor.py:914} INFO - Processing file /home/airflow/.local/lib/python3.12/site-packages/airflow/example_dags/example_inlet_event_extra.py for tasks to queue
[2024-12-22T11:21:50.863+0000] {logging_mixin.py:190} INFO - [2024-12-22T11:21:50.861+0000] {dagbag.py:588} INFO - Filling up the DagBag from /home/airflow/.local/lib/python3.12/site-packages/airflow/example_dags/example_inlet_event_extra.py
[2024-12-22T11:21:52.353+0000] {processor.py:925} INFO - DAG(s) 'read_dataset_event', 'read_dataset_event_from_classic' retrieved from /home/airflow/.local/lib/python3.12/site-packages/airflow/example_dags/example_inlet_event_extra.py
[2024-12-22T11:21:52.393+0000] {logging_mixin.py:190} INFO - [2024-12-22T11:21:52.393+0000] {dag.py:3239} INFO - Sync 2 DAGs
[2024-12-22T11:21:52.462+0000] {logging_mixin.py:190} INFO - [2024-12-22T11:21:52.462+0000] {dag.py:4180} INFO - Setting next_dagrun for read_dataset_event to 2024-12-21 00:00:00+00:00, run_after=2024-12-22 00:00:00+00:00
[2024-12-22T11:21:52.477+0000] {logging_mixin.py:190} INFO - [2024-12-22T11:21:52.476+0000] {dag.py:4180} INFO - Setting next_dagrun for read_dataset_event_from_classic to 2024-12-21 00:00:00+00:00, run_after=2024-12-22 00:00:00+00:00
[2024-12-22T11:21:53.326+0000] {processor.py:208} INFO - Processing /home/airflow/.local/lib/python3.12/site-packages/airflow/example_dags/example_inlet_event_extra.py took 2.506 seconds
[2024-12-22T11:22:24.195+0000] {processor.py:186} INFO - Started process (PID=606) to work on /home/airflow/.local/lib/python3.12/site-packages/airflow/example_dags/example_inlet_event_extra.py
[2024-12-22T11:22:24.197+0000] {processor.py:914} INFO - Processing file /home/airflow/.local/lib/python3.12/site-packages/airflow/example_dags/example_inlet_event_extra.py for tasks to queue
[2024-12-22T11:22:24.203+0000] {logging_mixin.py:190} INFO - [2024-12-22T11:22:24.202+0000] {dagbag.py:588} INFO - Filling up the DagBag from /home/airflow/.local/lib/python3.12/site-packages/airflow/example_dags/example_inlet_event_extra.py
[2024-12-22T11:22:25.625+0000] {processor.py:925} INFO - DAG(s) 'read_dataset_event_from_classic', 'read_dataset_event' retrieved from /home/airflow/.local/lib/python3.12/site-packages/airflow/example_dags/example_inlet_event_extra.py
[2024-12-22T11:22:25.674+0000] {logging_mixin.py:190} INFO - [2024-12-22T11:22:25.673+0000] {dag.py:3239} INFO - Sync 2 DAGs
[2024-12-22T11:22:25.742+0000] {logging_mixin.py:190} INFO - [2024-12-22T11:22:25.741+0000] {dag.py:4180} INFO - Setting next_dagrun for read_dataset_event to 2024-12-21 00:00:00+00:00, run_after=2024-12-22 00:00:00+00:00
[2024-12-22T11:22:25.758+0000] {logging_mixin.py:190} INFO - [2024-12-22T11:22:25.757+0000] {dag.py:4180} INFO - Setting next_dagrun for read_dataset_event_from_classic to 2024-12-21 00:00:00+00:00, run_after=2024-12-22 00:00:00+00:00
[2024-12-22T11:22:26.446+0000] {processor.py:208} INFO - Processing /home/airflow/.local/lib/python3.12/site-packages/airflow/example_dags/example_inlet_event_extra.py took 2.266 seconds
[2024-12-22T11:22:56.867+0000] {processor.py:186} INFO - Started process (PID=671) to work on /home/airflow/.local/lib/python3.12/site-packages/airflow/example_dags/example_inlet_event_extra.py
[2024-12-22T11:22:56.872+0000] {processor.py:914} INFO - Processing file /home/airflow/.local/lib/python3.12/site-packages/airflow/example_dags/example_inlet_event_extra.py for tasks to queue
[2024-12-22T11:22:56.883+0000] {logging_mixin.py:190} INFO - [2024-12-22T11:22:56.881+0000] {dagbag.py:588} INFO - Filling up the DagBag from /home/airflow/.local/lib/python3.12/site-packages/airflow/example_dags/example_inlet_event_extra.py
[2024-12-22T11:22:59.849+0000] {processor.py:925} INFO - DAG(s) 'read_dataset_event', 'read_dataset_event_from_classic' retrieved from /home/airflow/.local/lib/python3.12/site-packages/airflow/example_dags/example_inlet_event_extra.py
[2024-12-22T11:23:13.771+0000] {logging_mixin.py:190} INFO - [2024-12-22T11:23:13.770+0000] {dag.py:3239} INFO - Sync 2 DAGs
[2024-12-22T11:23:13.926+0000] {logging_mixin.py:190} INFO - [2024-12-22T11:23:13.926+0000] {dag.py:4180} INFO - Setting next_dagrun for read_dataset_event to 2024-12-21 00:00:00+00:00, run_after=2024-12-22 00:00:00+00:00
[2024-12-22T11:23:13.942+0000] {logging_mixin.py:190} INFO - [2024-12-22T11:23:13.942+0000] {dag.py:4180} INFO - Setting next_dagrun for read_dataset_event_from_classic to 2024-12-21 00:00:00+00:00, run_after=2024-12-22 00:00:00+00:00
[2024-12-22T11:23:13.987+0000] {processor.py:208} INFO - Processing /home/airflow/.local/lib/python3.12/site-packages/airflow/example_dags/example_inlet_event_extra.py took 17.151 seconds
[2024-12-22T11:23:44.201+0000] {processor.py:186} INFO - Started process (PID=741) to work on /home/airflow/.local/lib/python3.12/site-packages/airflow/example_dags/example_inlet_event_extra.py
[2024-12-22T11:23:44.204+0000] {processor.py:914} INFO - Processing file /home/airflow/.local/lib/python3.12/site-packages/airflow/example_dags/example_inlet_event_extra.py for tasks to queue
[2024-12-22T11:23:44.219+0000] {logging_mixin.py:190} INFO - [2024-12-22T11:23:44.218+0000] {dagbag.py:588} INFO - Filling up the DagBag from /home/airflow/.local/lib/python3.12/site-packages/airflow/example_dags/example_inlet_event_extra.py
[2024-12-22T11:23:46.145+0000] {processor.py:925} INFO - DAG(s) 'read_dataset_event', 'read_dataset_event_from_classic' retrieved from /home/airflow/.local/lib/python3.12/site-packages/airflow/example_dags/example_inlet_event_extra.py
[2024-12-22T11:23:46.210+0000] {logging_mixin.py:190} INFO - [2024-12-22T11:23:46.209+0000] {dag.py:3239} INFO - Sync 2 DAGs
[2024-12-22T11:23:46.277+0000] {logging_mixin.py:190} INFO - [2024-12-22T11:23:46.277+0000] {dag.py:4180} INFO - Setting next_dagrun for read_dataset_event to 2024-12-21 00:00:00+00:00, run_after=2024-12-22 00:00:00+00:00
[2024-12-22T11:23:46.290+0000] {logging_mixin.py:190} INFO - [2024-12-22T11:23:46.289+0000] {dag.py:4180} INFO - Setting next_dagrun for read_dataset_event_from_classic to 2024-12-21 00:00:00+00:00, run_after=2024-12-22 00:00:00+00:00
[2024-12-22T11:23:46.328+0000] {processor.py:208} INFO - Processing /home/airflow/.local/lib/python3.12/site-packages/airflow/example_dags/example_inlet_event_extra.py took 2.156 seconds
[2024-12-22T11:24:16.506+0000] {processor.py:186} INFO - Started process (PID=805) to work on /home/airflow/.local/lib/python3.12/site-packages/airflow/example_dags/example_inlet_event_extra.py
[2024-12-22T11:24:16.623+0000] {processor.py:914} INFO - Processing file /home/airflow/.local/lib/python3.12/site-packages/airflow/example_dags/example_inlet_event_extra.py for tasks to queue
[2024-12-22T11:24:16.630+0000] {logging_mixin.py:190} INFO - [2024-12-22T11:24:16.629+0000] {dagbag.py:588} INFO - Filling up the DagBag from /home/airflow/.local/lib/python3.12/site-packages/airflow/example_dags/example_inlet_event_extra.py
[2024-12-22T11:24:17.764+0000] {processor.py:925} INFO - DAG(s) 'read_dataset_event_from_classic', 'read_dataset_event' retrieved from /home/airflow/.local/lib/python3.12/site-packages/airflow/example_dags/example_inlet_event_extra.py
[2024-12-22T11:24:17.877+0000] {logging_mixin.py:190} INFO - [2024-12-22T11:24:17.876+0000] {dag.py:3239} INFO - Sync 2 DAGs
[2024-12-22T11:24:17.951+0000] {logging_mixin.py:190} INFO - [2024-12-22T11:24:17.951+0000] {dag.py:4180} INFO - Setting next_dagrun for read_dataset_event to 2024-12-21 00:00:00+00:00, run_after=2024-12-22 00:00:00+00:00
[2024-12-22T11:24:17.966+0000] {logging_mixin.py:190} INFO - [2024-12-22T11:24:17.966+0000] {dag.py:4180} INFO - Setting next_dagrun for read_dataset_event_from_classic to 2024-12-21 00:00:00+00:00, run_after=2024-12-22 00:00:00+00:00
[2024-12-22T11:24:18.009+0000] {processor.py:208} INFO - Processing /home/airflow/.local/lib/python3.12/site-packages/airflow/example_dags/example_inlet_event_extra.py took 2.090 seconds
[2024-12-22T11:24:50.718+0000] {processor.py:186} INFO - Started process (PID=877) to work on /home/airflow/.local/lib/python3.12/site-packages/airflow/example_dags/example_inlet_event_extra.py
[2024-12-22T11:24:50.720+0000] {processor.py:914} INFO - Processing file /home/airflow/.local/lib/python3.12/site-packages/airflow/example_dags/example_inlet_event_extra.py for tasks to queue
[2024-12-22T11:24:50.726+0000] {logging_mixin.py:190} INFO - [2024-12-22T11:24:50.725+0000] {dagbag.py:588} INFO - Filling up the DagBag from /home/airflow/.local/lib/python3.12/site-packages/airflow/example_dags/example_inlet_event_extra.py
[2024-12-22T11:24:52.070+0000] {processor.py:925} INFO - DAG(s) 'read_dataset_event', 'read_dataset_event_from_classic' retrieved from /home/airflow/.local/lib/python3.12/site-packages/airflow/example_dags/example_inlet_event_extra.py
[2024-12-22T11:24:52.112+0000] {logging_mixin.py:190} INFO - [2024-12-22T11:24:52.112+0000] {dag.py:3239} INFO - Sync 2 DAGs
[2024-12-22T11:24:52.197+0000] {logging_mixin.py:190} INFO - [2024-12-22T11:24:52.196+0000] {dag.py:4180} INFO - Setting next_dagrun for read_dataset_event to 2024-12-21 00:00:00+00:00, run_after=2024-12-22 00:00:00+00:00
[2024-12-22T11:24:52.220+0000] {logging_mixin.py:190} INFO - [2024-12-22T11:24:52.219+0000] {dag.py:4180} INFO - Setting next_dagrun for read_dataset_event_from_classic to 2024-12-21 00:00:00+00:00, run_after=2024-12-22 00:00:00+00:00
[2024-12-22T11:24:52.281+0000] {processor.py:208} INFO - Processing /home/airflow/.local/lib/python3.12/site-packages/airflow/example_dags/example_inlet_event_extra.py took 1.578 seconds
[2024-12-22T11:25:27.229+0000] {processor.py:186} INFO - Started process (PID=947) to work on /home/airflow/.local/lib/python3.12/site-packages/airflow/example_dags/example_inlet_event_extra.py
[2024-12-22T11:25:27.231+0000] {processor.py:914} INFO - Processing file /home/airflow/.local/lib/python3.12/site-packages/airflow/example_dags/example_inlet_event_extra.py for tasks to queue
[2024-12-22T11:25:27.237+0000] {logging_mixin.py:190} INFO - [2024-12-22T11:25:27.237+0000] {dagbag.py:588} INFO - Filling up the DagBag from /home/airflow/.local/lib/python3.12/site-packages/airflow/example_dags/example_inlet_event_extra.py
[2024-12-22T11:25:29.220+0000] {processor.py:925} INFO - DAG(s) 'read_dataset_event_from_classic', 'read_dataset_event' retrieved from /home/airflow/.local/lib/python3.12/site-packages/airflow/example_dags/example_inlet_event_extra.py
[2024-12-22T11:25:29.446+0000] {logging_mixin.py:190} INFO - [2024-12-22T11:25:29.443+0000] {dag.py:3239} INFO - Sync 2 DAGs
[2024-12-22T11:25:29.528+0000] {logging_mixin.py:190} INFO - [2024-12-22T11:25:29.528+0000] {dag.py:4180} INFO - Setting next_dagrun for read_dataset_event to 2024-12-21 00:00:00+00:00, run_after=2024-12-22 00:00:00+00:00
[2024-12-22T11:25:29.539+0000] {logging_mixin.py:190} INFO - [2024-12-22T11:25:29.539+0000] {dag.py:4180} INFO - Setting next_dagrun for read_dataset_event_from_classic to 2024-12-21 00:00:00+00:00, run_after=2024-12-22 00:00:00+00:00
[2024-12-22T11:25:29.579+0000] {processor.py:208} INFO - Processing /home/airflow/.local/lib/python3.12/site-packages/airflow/example_dags/example_inlet_event_extra.py took 2.366 seconds
[2024-12-22T11:26:38.461+0000] {processor.py:186} INFO - Started process (PID=1063) to work on /home/airflow/.local/lib/python3.12/site-packages/airflow/example_dags/example_inlet_event_extra.py
[2024-12-22T11:26:38.464+0000] {processor.py:914} INFO - Processing file /home/airflow/.local/lib/python3.12/site-packages/airflow/example_dags/example_inlet_event_extra.py for tasks to queue
[2024-12-22T11:26:38.496+0000] {logging_mixin.py:190} INFO - [2024-12-22T11:26:38.495+0000] {dagbag.py:588} INFO - Filling up the DagBag from /home/airflow/.local/lib/python3.12/site-packages/airflow/example_dags/example_inlet_event_extra.py
[2024-12-22T11:26:41.524+0000] {processor.py:925} INFO - DAG(s) 'read_dataset_event_from_classic', 'read_dataset_event' retrieved from /home/airflow/.local/lib/python3.12/site-packages/airflow/example_dags/example_inlet_event_extra.py
[2024-12-22T11:26:41.574+0000] {logging_mixin.py:190} INFO - [2024-12-22T11:26:41.574+0000] {dag.py:3239} INFO - Sync 2 DAGs
[2024-12-22T11:26:41.640+0000] {logging_mixin.py:190} INFO - [2024-12-22T11:26:41.639+0000] {dag.py:4180} INFO - Setting next_dagrun for read_dataset_event to 2024-12-21 00:00:00+00:00, run_after=2024-12-22 00:00:00+00:00
[2024-12-22T11:26:41.653+0000] {logging_mixin.py:190} INFO - [2024-12-22T11:26:41.652+0000] {dag.py:4180} INFO - Setting next_dagrun for read_dataset_event_from_classic to 2024-12-21 00:00:00+00:00, run_after=2024-12-22 00:00:00+00:00
[2024-12-22T11:26:41.687+0000] {processor.py:208} INFO - Processing /home/airflow/.local/lib/python3.12/site-packages/airflow/example_dags/example_inlet_event_extra.py took 3.245 seconds
[2024-12-22T11:27:13.348+0000] {processor.py:186} INFO - Started process (PID=1131) to work on /home/airflow/.local/lib/python3.12/site-packages/airflow/example_dags/example_inlet_event_extra.py
[2024-12-22T11:27:13.351+0000] {processor.py:914} INFO - Processing file /home/airflow/.local/lib/python3.12/site-packages/airflow/example_dags/example_inlet_event_extra.py for tasks to queue
[2024-12-22T11:27:13.355+0000] {logging_mixin.py:190} INFO - [2024-12-22T11:27:13.354+0000] {dagbag.py:588} INFO - Filling up the DagBag from /home/airflow/.local/lib/python3.12/site-packages/airflow/example_dags/example_inlet_event_extra.py
[2024-12-22T11:27:14.998+0000] {processor.py:925} INFO - DAG(s) 'read_dataset_event', 'read_dataset_event_from_classic' retrieved from /home/airflow/.local/lib/python3.12/site-packages/airflow/example_dags/example_inlet_event_extra.py
[2024-12-22T11:27:15.049+0000] {logging_mixin.py:190} INFO - [2024-12-22T11:27:15.048+0000] {dag.py:3239} INFO - Sync 2 DAGs
[2024-12-22T11:27:15.121+0000] {logging_mixin.py:190} INFO - [2024-12-22T11:27:15.121+0000] {dag.py:4180} INFO - Setting next_dagrun for read_dataset_event to 2024-12-21 00:00:00+00:00, run_after=2024-12-22 00:00:00+00:00
[2024-12-22T11:27:15.135+0000] {logging_mixin.py:190} INFO - [2024-12-22T11:27:15.134+0000] {dag.py:4180} INFO - Setting next_dagrun for read_dataset_event_from_classic to 2024-12-21 00:00:00+00:00, run_after=2024-12-22 00:00:00+00:00
[2024-12-22T11:27:15.175+0000] {processor.py:208} INFO - Processing /home/airflow/.local/lib/python3.12/site-packages/airflow/example_dags/example_inlet_event_extra.py took 1.841 seconds
[2024-12-22T11:27:53.533+0000] {processor.py:186} INFO - Started process (PID=1196) to work on /home/airflow/.local/lib/python3.12/site-packages/airflow/example_dags/example_inlet_event_extra.py
[2024-12-22T11:27:53.536+0000] {processor.py:914} INFO - Processing file /home/airflow/.local/lib/python3.12/site-packages/airflow/example_dags/example_inlet_event_extra.py for tasks to queue
[2024-12-22T11:27:53.539+0000] {logging_mixin.py:190} INFO - [2024-12-22T11:27:53.538+0000] {dagbag.py:588} INFO - Filling up the DagBag from /home/airflow/.local/lib/python3.12/site-packages/airflow/example_dags/example_inlet_event_extra.py
[2024-12-22T11:27:55.068+0000] {processor.py:925} INFO - DAG(s) 'read_dataset_event_from_classic', 'read_dataset_event' retrieved from /home/airflow/.local/lib/python3.12/site-packages/airflow/example_dags/example_inlet_event_extra.py
[2024-12-22T11:27:55.118+0000] {logging_mixin.py:190} INFO - [2024-12-22T11:27:55.118+0000] {dag.py:3239} INFO - Sync 2 DAGs
[2024-12-22T11:27:55.178+0000] {logging_mixin.py:190} INFO - [2024-12-22T11:27:55.178+0000] {dag.py:4180} INFO - Setting next_dagrun for read_dataset_event to 2024-12-21 00:00:00+00:00, run_after=2024-12-22 00:00:00+00:00
[2024-12-22T11:27:55.193+0000] {logging_mixin.py:190} INFO - [2024-12-22T11:27:55.193+0000] {dag.py:4180} INFO - Setting next_dagrun for read_dataset_event_from_classic to 2024-12-21 00:00:00+00:00, run_after=2024-12-22 00:00:00+00:00
[2024-12-22T11:27:55.227+0000] {processor.py:208} INFO - Processing /home/airflow/.local/lib/python3.12/site-packages/airflow/example_dags/example_inlet_event_extra.py took 1.712 seconds
[2024-12-22T11:28:33.438+0000] {processor.py:186} INFO - Started process (PID=1267) to work on /home/airflow/.local/lib/python3.12/site-packages/airflow/example_dags/example_inlet_event_extra.py
[2024-12-22T11:28:33.440+0000] {processor.py:914} INFO - Processing file /home/airflow/.local/lib/python3.12/site-packages/airflow/example_dags/example_inlet_event_extra.py for tasks to queue
[2024-12-22T11:28:33.445+0000] {logging_mixin.py:190} INFO - [2024-12-22T11:28:33.444+0000] {dagbag.py:588} INFO - Filling up the DagBag from /home/airflow/.local/lib/python3.12/site-packages/airflow/example_dags/example_inlet_event_extra.py
[2024-12-22T11:28:35.830+0000] {processor.py:925} INFO - DAG(s) 'read_dataset_event', 'read_dataset_event_from_classic' retrieved from /home/airflow/.local/lib/python3.12/site-packages/airflow/example_dags/example_inlet_event_extra.py
[2024-12-22T11:28:35.890+0000] {logging_mixin.py:190} INFO - [2024-12-22T11:28:35.890+0000] {dag.py:3239} INFO - Sync 2 DAGs
[2024-12-22T11:28:35.961+0000] {logging_mixin.py:190} INFO - [2024-12-22T11:28:35.961+0000] {dag.py:4180} INFO - Setting next_dagrun for read_dataset_event to 2024-12-21 00:00:00+00:00, run_after=2024-12-22 00:00:00+00:00
[2024-12-22T11:28:35.976+0000] {logging_mixin.py:190} INFO - [2024-12-22T11:28:35.975+0000] {dag.py:4180} INFO - Setting next_dagrun for read_dataset_event_from_classic to 2024-12-21 00:00:00+00:00, run_after=2024-12-22 00:00:00+00:00
[2024-12-22T11:28:36.022+0000] {processor.py:208} INFO - Processing /home/airflow/.local/lib/python3.12/site-packages/airflow/example_dags/example_inlet_event_extra.py took 2.602 seconds
[2024-12-22T11:29:09.472+0000] {processor.py:186} INFO - Started process (PID=1332) to work on /home/airflow/.local/lib/python3.12/site-packages/airflow/example_dags/example_inlet_event_extra.py
[2024-12-22T11:29:09.474+0000] {processor.py:914} INFO - Processing file /home/airflow/.local/lib/python3.12/site-packages/airflow/example_dags/example_inlet_event_extra.py for tasks to queue
[2024-12-22T11:29:09.477+0000] {logging_mixin.py:190} INFO - [2024-12-22T11:29:09.477+0000] {dagbag.py:588} INFO - Filling up the DagBag from /home/airflow/.local/lib/python3.12/site-packages/airflow/example_dags/example_inlet_event_extra.py
[2024-12-22T11:29:11.627+0000] {processor.py:925} INFO - DAG(s) 'read_dataset_event_from_classic', 'read_dataset_event' retrieved from /home/airflow/.local/lib/python3.12/site-packages/airflow/example_dags/example_inlet_event_extra.py
[2024-12-22T11:29:11.726+0000] {logging_mixin.py:190} INFO - [2024-12-22T11:29:11.725+0000] {dag.py:3239} INFO - Sync 2 DAGs
[2024-12-22T11:29:11.800+0000] {logging_mixin.py:190} INFO - [2024-12-22T11:29:11.799+0000] {dag.py:4180} INFO - Setting next_dagrun for read_dataset_event to 2024-12-21 00:00:00+00:00, run_after=2024-12-22 00:00:00+00:00
[2024-12-22T11:29:11.815+0000] {logging_mixin.py:190} INFO - [2024-12-22T11:29:11.814+0000] {dag.py:4180} INFO - Setting next_dagrun for read_dataset_event_from_classic to 2024-12-21 00:00:00+00:00, run_after=2024-12-22 00:00:00+00:00
[2024-12-22T11:29:11.858+0000] {processor.py:208} INFO - Processing /home/airflow/.local/lib/python3.12/site-packages/airflow/example_dags/example_inlet_event_extra.py took 2.402 seconds
[2024-12-22T11:29:52.761+0000] {processor.py:186} INFO - Started process (PID=1405) to work on /home/airflow/.local/lib/python3.12/site-packages/airflow/example_dags/example_inlet_event_extra.py
[2024-12-22T11:29:52.764+0000] {processor.py:914} INFO - Processing file /home/airflow/.local/lib/python3.12/site-packages/airflow/example_dags/example_inlet_event_extra.py for tasks to queue
[2024-12-22T11:29:52.767+0000] {logging_mixin.py:190} INFO - [2024-12-22T11:29:52.766+0000] {dagbag.py:588} INFO - Filling up the DagBag from /home/airflow/.local/lib/python3.12/site-packages/airflow/example_dags/example_inlet_event_extra.py
[2024-12-22T11:29:54.855+0000] {processor.py:925} INFO - DAG(s) 'read_dataset_event_from_classic', 'read_dataset_event' retrieved from /home/airflow/.local/lib/python3.12/site-packages/airflow/example_dags/example_inlet_event_extra.py
[2024-12-22T11:29:54.970+0000] {logging_mixin.py:190} INFO - [2024-12-22T11:29:54.969+0000] {dag.py:3239} INFO - Sync 2 DAGs
[2024-12-22T11:29:55.086+0000] {logging_mixin.py:190} INFO - [2024-12-22T11:29:55.085+0000] {dag.py:4180} INFO - Setting next_dagrun for read_dataset_event to 2024-12-21 00:00:00+00:00, run_after=2024-12-22 00:00:00+00:00
[2024-12-22T11:29:55.108+0000] {logging_mixin.py:190} INFO - [2024-12-22T11:29:55.107+0000] {dag.py:4180} INFO - Setting next_dagrun for read_dataset_event_from_classic to 2024-12-21 00:00:00+00:00, run_after=2024-12-22 00:00:00+00:00
[2024-12-22T11:29:55.171+0000] {processor.py:208} INFO - Processing /home/airflow/.local/lib/python3.12/site-packages/airflow/example_dags/example_inlet_event_extra.py took 2.470 seconds
[2024-12-22T11:30:31.893+0000] {processor.py:186} INFO - Started process (PID=1487) to work on /home/airflow/.local/lib/python3.12/site-packages/airflow/example_dags/example_inlet_event_extra.py
[2024-12-22T11:30:31.895+0000] {processor.py:914} INFO - Processing file /home/airflow/.local/lib/python3.12/site-packages/airflow/example_dags/example_inlet_event_extra.py for tasks to queue
[2024-12-22T11:30:31.899+0000] {logging_mixin.py:190} INFO - [2024-12-22T11:30:31.898+0000] {dagbag.py:588} INFO - Filling up the DagBag from /home/airflow/.local/lib/python3.12/site-packages/airflow/example_dags/example_inlet_event_extra.py
[2024-12-22T11:30:33.719+0000] {processor.py:925} INFO - DAG(s) 'read_dataset_event', 'read_dataset_event_from_classic' retrieved from /home/airflow/.local/lib/python3.12/site-packages/airflow/example_dags/example_inlet_event_extra.py
[2024-12-22T11:30:33.794+0000] {logging_mixin.py:190} INFO - [2024-12-22T11:30:33.793+0000] {dag.py:3239} INFO - Sync 2 DAGs
[2024-12-22T11:30:33.875+0000] {logging_mixin.py:190} INFO - [2024-12-22T11:30:33.874+0000] {dag.py:4180} INFO - Setting next_dagrun for read_dataset_event to 2024-12-21 00:00:00+00:00, run_after=2024-12-22 00:00:00+00:00
[2024-12-22T11:30:33.896+0000] {logging_mixin.py:190} INFO - [2024-12-22T11:30:33.896+0000] {dag.py:4180} INFO - Setting next_dagrun for read_dataset_event_from_classic to 2024-12-21 00:00:00+00:00, run_after=2024-12-22 00:00:00+00:00
[2024-12-22T11:30:33.958+0000] {processor.py:208} INFO - Processing /home/airflow/.local/lib/python3.12/site-packages/airflow/example_dags/example_inlet_event_extra.py took 2.082 seconds
[2024-12-22T11:31:08.531+0000] {processor.py:186} INFO - Started process (PID=1553) to work on /home/airflow/.local/lib/python3.12/site-packages/airflow/example_dags/example_inlet_event_extra.py
[2024-12-22T11:31:08.534+0000] {processor.py:914} INFO - Processing file /home/airflow/.local/lib/python3.12/site-packages/airflow/example_dags/example_inlet_event_extra.py for tasks to queue
[2024-12-22T11:31:08.540+0000] {logging_mixin.py:190} INFO - [2024-12-22T11:31:08.539+0000] {dagbag.py:588} INFO - Filling up the DagBag from /home/airflow/.local/lib/python3.12/site-packages/airflow/example_dags/example_inlet_event_extra.py
[2024-12-22T11:31:10.227+0000] {processor.py:925} INFO - DAG(s) 'read_dataset_event_from_classic', 'read_dataset_event' retrieved from /home/airflow/.local/lib/python3.12/site-packages/airflow/example_dags/example_inlet_event_extra.py
[2024-12-22T11:31:10.300+0000] {logging_mixin.py:190} INFO - [2024-12-22T11:31:10.300+0000] {dag.py:3239} INFO - Sync 2 DAGs
[2024-12-22T11:31:10.382+0000] {logging_mixin.py:190} INFO - [2024-12-22T11:31:10.381+0000] {dag.py:4180} INFO - Setting next_dagrun for read_dataset_event to 2024-12-21 00:00:00+00:00, run_after=2024-12-22 00:00:00+00:00
[2024-12-22T11:31:10.398+0000] {logging_mixin.py:190} INFO - [2024-12-22T11:31:10.398+0000] {dag.py:4180} INFO - Setting next_dagrun for read_dataset_event_from_classic to 2024-12-21 00:00:00+00:00, run_after=2024-12-22 00:00:00+00:00
[2024-12-22T11:31:10.439+0000] {processor.py:208} INFO - Processing /home/airflow/.local/lib/python3.12/site-packages/airflow/example_dags/example_inlet_event_extra.py took 1.930 seconds
[2024-12-22T11:31:47.935+0000] {processor.py:186} INFO - Started process (PID=1623) to work on /home/airflow/.local/lib/python3.12/site-packages/airflow/example_dags/example_inlet_event_extra.py
[2024-12-22T11:31:47.938+0000] {processor.py:914} INFO - Processing file /home/airflow/.local/lib/python3.12/site-packages/airflow/example_dags/example_inlet_event_extra.py for tasks to queue
[2024-12-22T11:31:47.942+0000] {logging_mixin.py:190} INFO - [2024-12-22T11:31:47.941+0000] {dagbag.py:588} INFO - Filling up the DagBag from /home/airflow/.local/lib/python3.12/site-packages/airflow/example_dags/example_inlet_event_extra.py
[2024-12-22T11:31:49.716+0000] {processor.py:925} INFO - DAG(s) 'read_dataset_event_from_classic', 'read_dataset_event' retrieved from /home/airflow/.local/lib/python3.12/site-packages/airflow/example_dags/example_inlet_event_extra.py
[2024-12-22T11:31:49.821+0000] {logging_mixin.py:190} INFO - [2024-12-22T11:31:49.820+0000] {dag.py:3239} INFO - Sync 2 DAGs
[2024-12-22T11:31:50.032+0000] {logging_mixin.py:190} INFO - [2024-12-22T11:31:50.031+0000] {dag.py:4180} INFO - Setting next_dagrun for read_dataset_event to 2024-12-21 00:00:00+00:00, run_after=2024-12-22 00:00:00+00:00
[2024-12-22T11:31:50.062+0000] {logging_mixin.py:190} INFO - [2024-12-22T11:31:50.061+0000] {dag.py:4180} INFO - Setting next_dagrun for read_dataset_event_from_classic to 2024-12-21 00:00:00+00:00, run_after=2024-12-22 00:00:00+00:00
[2024-12-22T11:31:50.137+0000] {processor.py:208} INFO - Processing /home/airflow/.local/lib/python3.12/site-packages/airflow/example_dags/example_inlet_event_extra.py took 2.216 seconds
[2024-12-22T11:32:27.780+0000] {processor.py:186} INFO - Started process (PID=1690) to work on /home/airflow/.local/lib/python3.12/site-packages/airflow/example_dags/example_inlet_event_extra.py
[2024-12-22T11:32:27.783+0000] {processor.py:914} INFO - Processing file /home/airflow/.local/lib/python3.12/site-packages/airflow/example_dags/example_inlet_event_extra.py for tasks to queue
[2024-12-22T11:32:27.787+0000] {logging_mixin.py:190} INFO - [2024-12-22T11:32:27.787+0000] {dagbag.py:588} INFO - Filling up the DagBag from /home/airflow/.local/lib/python3.12/site-packages/airflow/example_dags/example_inlet_event_extra.py
[2024-12-22T11:32:29.274+0000] {processor.py:925} INFO - DAG(s) 'read_dataset_event_from_classic', 'read_dataset_event' retrieved from /home/airflow/.local/lib/python3.12/site-packages/airflow/example_dags/example_inlet_event_extra.py
[2024-12-22T11:32:29.331+0000] {logging_mixin.py:190} INFO - [2024-12-22T11:32:29.330+0000] {dag.py:3239} INFO - Sync 2 DAGs
[2024-12-22T11:32:29.411+0000] {logging_mixin.py:190} INFO - [2024-12-22T11:32:29.411+0000] {dag.py:4180} INFO - Setting next_dagrun for read_dataset_event to 2024-12-21 00:00:00+00:00, run_after=2024-12-22 00:00:00+00:00
[2024-12-22T11:32:29.428+0000] {logging_mixin.py:190} INFO - [2024-12-22T11:32:29.428+0000] {dag.py:4180} INFO - Setting next_dagrun for read_dataset_event_from_classic to 2024-12-21 00:00:00+00:00, run_after=2024-12-22 00:00:00+00:00
[2024-12-22T11:32:29.468+0000] {processor.py:208} INFO - Processing /home/airflow/.local/lib/python3.12/site-packages/airflow/example_dags/example_inlet_event_extra.py took 1.703 seconds
[2024-12-22T11:33:11.534+0000] {processor.py:186} INFO - Started process (PID=1784) to work on /home/airflow/.local/lib/python3.12/site-packages/airflow/example_dags/example_inlet_event_extra.py
[2024-12-22T11:33:11.548+0000] {processor.py:914} INFO - Processing file /home/airflow/.local/lib/python3.12/site-packages/airflow/example_dags/example_inlet_event_extra.py for tasks to queue
[2024-12-22T11:33:11.553+0000] {logging_mixin.py:190} INFO - [2024-12-22T11:33:11.552+0000] {dagbag.py:588} INFO - Filling up the DagBag from /home/airflow/.local/lib/python3.12/site-packages/airflow/example_dags/example_inlet_event_extra.py
[2024-12-22T11:33:13.704+0000] {processor.py:925} INFO - DAG(s) 'read_dataset_event_from_classic', 'read_dataset_event' retrieved from /home/airflow/.local/lib/python3.12/site-packages/airflow/example_dags/example_inlet_event_extra.py
[2024-12-22T11:33:13.944+0000] {logging_mixin.py:190} INFO - [2024-12-22T11:33:13.939+0000] {dag.py:3239} INFO - Sync 2 DAGs
[2024-12-22T11:33:14.086+0000] {logging_mixin.py:190} INFO - [2024-12-22T11:33:14.085+0000] {dag.py:4180} INFO - Setting next_dagrun for read_dataset_event to 2024-12-21 00:00:00+00:00, run_after=2024-12-22 00:00:00+00:00
[2024-12-22T11:33:14.106+0000] {logging_mixin.py:190} INFO - [2024-12-22T11:33:14.105+0000] {dag.py:4180} INFO - Setting next_dagrun for read_dataset_event_from_classic to 2024-12-21 00:00:00+00:00, run_after=2024-12-22 00:00:00+00:00
[2024-12-22T11:33:14.161+0000] {processor.py:208} INFO - Processing /home/airflow/.local/lib/python3.12/site-packages/airflow/example_dags/example_inlet_event_extra.py took 2.644 seconds
[2024-12-22T11:33:51.443+0000] {processor.py:186} INFO - Started process (PID=1848) to work on /home/airflow/.local/lib/python3.12/site-packages/airflow/example_dags/example_inlet_event_extra.py
[2024-12-22T11:33:51.447+0000] {processor.py:914} INFO - Processing file /home/airflow/.local/lib/python3.12/site-packages/airflow/example_dags/example_inlet_event_extra.py for tasks to queue
[2024-12-22T11:33:51.451+0000] {logging_mixin.py:190} INFO - [2024-12-22T11:33:51.450+0000] {dagbag.py:588} INFO - Filling up the DagBag from /home/airflow/.local/lib/python3.12/site-packages/airflow/example_dags/example_inlet_event_extra.py
[2024-12-22T11:33:54.075+0000] {processor.py:925} INFO - DAG(s) 'read_dataset_event_from_classic', 'read_dataset_event' retrieved from /home/airflow/.local/lib/python3.12/site-packages/airflow/example_dags/example_inlet_event_extra.py
[2024-12-22T11:33:54.904+0000] {logging_mixin.py:190} INFO - [2024-12-22T11:33:54.894+0000] {dag.py:3239} INFO - Sync 2 DAGs
[2024-12-22T11:33:55.019+0000] {logging_mixin.py:190} INFO - [2024-12-22T11:33:55.019+0000] {dag.py:4180} INFO - Setting next_dagrun for read_dataset_event to 2024-12-21 00:00:00+00:00, run_after=2024-12-22 00:00:00+00:00
[2024-12-22T11:33:55.040+0000] {logging_mixin.py:190} INFO - [2024-12-22T11:33:55.039+0000] {dag.py:4180} INFO - Setting next_dagrun for read_dataset_event_from_classic to 2024-12-21 00:00:00+00:00, run_after=2024-12-22 00:00:00+00:00
[2024-12-22T11:33:55.165+0000] {processor.py:208} INFO - Processing /home/airflow/.local/lib/python3.12/site-packages/airflow/example_dags/example_inlet_event_extra.py took 4.339 seconds
[2024-12-22T11:34:30.905+0000] {processor.py:186} INFO - Started process (PID=1924) to work on /home/airflow/.local/lib/python3.12/site-packages/airflow/example_dags/example_inlet_event_extra.py
[2024-12-22T11:34:30.909+0000] {processor.py:914} INFO - Processing file /home/airflow/.local/lib/python3.12/site-packages/airflow/example_dags/example_inlet_event_extra.py for tasks to queue
[2024-12-22T11:34:30.914+0000] {logging_mixin.py:190} INFO - [2024-12-22T11:34:30.913+0000] {dagbag.py:588} INFO - Filling up the DagBag from /home/airflow/.local/lib/python3.12/site-packages/airflow/example_dags/example_inlet_event_extra.py
[2024-12-22T11:34:33.051+0000] {processor.py:925} INFO - DAG(s) 'read_dataset_event_from_classic', 'read_dataset_event' retrieved from /home/airflow/.local/lib/python3.12/site-packages/airflow/example_dags/example_inlet_event_extra.py
[2024-12-22T11:34:33.247+0000] {logging_mixin.py:190} INFO - [2024-12-22T11:34:33.244+0000] {dag.py:3239} INFO - Sync 2 DAGs
[2024-12-22T11:34:33.332+0000] {logging_mixin.py:190} INFO - [2024-12-22T11:34:33.332+0000] {dag.py:4180} INFO - Setting next_dagrun for read_dataset_event to 2024-12-21 00:00:00+00:00, run_after=2024-12-22 00:00:00+00:00
[2024-12-22T11:34:33.352+0000] {logging_mixin.py:190} INFO - [2024-12-22T11:34:33.352+0000] {dag.py:4180} INFO - Setting next_dagrun for read_dataset_event_from_classic to 2024-12-21 00:00:00+00:00, run_after=2024-12-22 00:00:00+00:00
[2024-12-22T11:34:33.406+0000] {processor.py:208} INFO - Processing /home/airflow/.local/lib/python3.12/site-packages/airflow/example_dags/example_inlet_event_extra.py took 2.520 seconds
[2024-12-22T11:35:06.401+0000] {processor.py:186} INFO - Started process (PID=1989) to work on /home/airflow/.local/lib/python3.12/site-packages/airflow/example_dags/example_inlet_event_extra.py
[2024-12-22T11:35:06.404+0000] {processor.py:914} INFO - Processing file /home/airflow/.local/lib/python3.12/site-packages/airflow/example_dags/example_inlet_event_extra.py for tasks to queue
[2024-12-22T11:35:06.407+0000] {logging_mixin.py:190} INFO - [2024-12-22T11:35:06.406+0000] {dagbag.py:588} INFO - Filling up the DagBag from /home/airflow/.local/lib/python3.12/site-packages/airflow/example_dags/example_inlet_event_extra.py
[2024-12-22T11:35:07.961+0000] {processor.py:925} INFO - DAG(s) 'read_dataset_event_from_classic', 'read_dataset_event' retrieved from /home/airflow/.local/lib/python3.12/site-packages/airflow/example_dags/example_inlet_event_extra.py
[2024-12-22T11:35:08.023+0000] {logging_mixin.py:190} INFO - [2024-12-22T11:35:08.022+0000] {dag.py:3239} INFO - Sync 2 DAGs
[2024-12-22T11:35:08.099+0000] {logging_mixin.py:190} INFO - [2024-12-22T11:35:08.098+0000] {dag.py:4180} INFO - Setting next_dagrun for read_dataset_event to 2024-12-21 00:00:00+00:00, run_after=2024-12-22 00:00:00+00:00
[2024-12-22T11:35:08.113+0000] {logging_mixin.py:190} INFO - [2024-12-22T11:35:08.112+0000] {dag.py:4180} INFO - Setting next_dagrun for read_dataset_event_from_classic to 2024-12-21 00:00:00+00:00, run_after=2024-12-22 00:00:00+00:00
[2024-12-22T11:35:08.161+0000] {processor.py:208} INFO - Processing /home/airflow/.local/lib/python3.12/site-packages/airflow/example_dags/example_inlet_event_extra.py took 1.790 seconds
[2024-12-22T11:35:46.579+0000] {processor.py:186} INFO - Started process (PID=2054) to work on /home/airflow/.local/lib/python3.12/site-packages/airflow/example_dags/example_inlet_event_extra.py
[2024-12-22T11:35:46.581+0000] {processor.py:914} INFO - Processing file /home/airflow/.local/lib/python3.12/site-packages/airflow/example_dags/example_inlet_event_extra.py for tasks to queue
[2024-12-22T11:35:46.585+0000] {logging_mixin.py:190} INFO - [2024-12-22T11:35:46.584+0000] {dagbag.py:588} INFO - Filling up the DagBag from /home/airflow/.local/lib/python3.12/site-packages/airflow/example_dags/example_inlet_event_extra.py
[2024-12-22T11:35:48.477+0000] {processor.py:925} INFO - DAG(s) 'read_dataset_event', 'read_dataset_event_from_classic' retrieved from /home/airflow/.local/lib/python3.12/site-packages/airflow/example_dags/example_inlet_event_extra.py
[2024-12-22T11:35:48.645+0000] {logging_mixin.py:190} INFO - [2024-12-22T11:35:48.644+0000] {dag.py:3239} INFO - Sync 2 DAGs
[2024-12-22T11:35:48.778+0000] {logging_mixin.py:190} INFO - [2024-12-22T11:35:48.777+0000] {dag.py:4180} INFO - Setting next_dagrun for read_dataset_event to 2024-12-21 00:00:00+00:00, run_after=2024-12-22 00:00:00+00:00
[2024-12-22T11:35:48.795+0000] {logging_mixin.py:190} INFO - [2024-12-22T11:35:48.794+0000] {dag.py:4180} INFO - Setting next_dagrun for read_dataset_event_from_classic to 2024-12-21 00:00:00+00:00, run_after=2024-12-22 00:00:00+00:00
[2024-12-22T11:35:48.848+0000] {processor.py:208} INFO - Processing /home/airflow/.local/lib/python3.12/site-packages/airflow/example_dags/example_inlet_event_extra.py took 2.288 seconds
[2024-12-22T11:36:42.422+0000] {processor.py:186} INFO - Started process (PID=2118) to work on /home/airflow/.local/lib/python3.12/site-packages/airflow/example_dags/example_inlet_event_extra.py
[2024-12-22T11:36:42.424+0000] {processor.py:914} INFO - Processing file /home/airflow/.local/lib/python3.12/site-packages/airflow/example_dags/example_inlet_event_extra.py for tasks to queue
[2024-12-22T11:36:42.427+0000] {logging_mixin.py:190} INFO - [2024-12-22T11:36:42.426+0000] {dagbag.py:588} INFO - Filling up the DagBag from /home/airflow/.local/lib/python3.12/site-packages/airflow/example_dags/example_inlet_event_extra.py
[2024-12-22T11:36:46.165+0000] {processor.py:925} INFO - DAG(s) 'read_dataset_event', 'read_dataset_event_from_classic' retrieved from /home/airflow/.local/lib/python3.12/site-packages/airflow/example_dags/example_inlet_event_extra.py
[2024-12-22T11:36:46.226+0000] {logging_mixin.py:190} INFO - [2024-12-22T11:36:46.225+0000] {dag.py:3239} INFO - Sync 2 DAGs
[2024-12-22T11:36:46.299+0000] {logging_mixin.py:190} INFO - [2024-12-22T11:36:46.299+0000] {dag.py:4180} INFO - Setting next_dagrun for read_dataset_event to 2024-12-21 00:00:00+00:00, run_after=2024-12-22 00:00:00+00:00
[2024-12-22T11:36:46.315+0000] {logging_mixin.py:190} INFO - [2024-12-22T11:36:46.315+0000] {dag.py:4180} INFO - Setting next_dagrun for read_dataset_event_from_classic to 2024-12-21 00:00:00+00:00, run_after=2024-12-22 00:00:00+00:00
[2024-12-22T11:36:46.364+0000] {processor.py:208} INFO - Processing /home/airflow/.local/lib/python3.12/site-packages/airflow/example_dags/example_inlet_event_extra.py took 3.955 seconds
[2024-12-22T11:37:21.243+0000] {processor.py:186} INFO - Started process (PID=2183) to work on /home/airflow/.local/lib/python3.12/site-packages/airflow/example_dags/example_inlet_event_extra.py
[2024-12-22T11:37:21.246+0000] {processor.py:914} INFO - Processing file /home/airflow/.local/lib/python3.12/site-packages/airflow/example_dags/example_inlet_event_extra.py for tasks to queue
[2024-12-22T11:37:21.249+0000] {logging_mixin.py:190} INFO - [2024-12-22T11:37:21.248+0000] {dagbag.py:588} INFO - Filling up the DagBag from /home/airflow/.local/lib/python3.12/site-packages/airflow/example_dags/example_inlet_event_extra.py
[2024-12-22T11:37:23.314+0000] {processor.py:925} INFO - DAG(s) 'read_dataset_event_from_classic', 'read_dataset_event' retrieved from /home/airflow/.local/lib/python3.12/site-packages/airflow/example_dags/example_inlet_event_extra.py
[2024-12-22T11:37:23.604+0000] {logging_mixin.py:190} INFO - [2024-12-22T11:37:23.603+0000] {dag.py:3239} INFO - Sync 2 DAGs
[2024-12-22T11:37:23.737+0000] {logging_mixin.py:190} INFO - [2024-12-22T11:37:23.736+0000] {dag.py:4180} INFO - Setting next_dagrun for read_dataset_event to 2024-12-21 00:00:00+00:00, run_after=2024-12-22 00:00:00+00:00
[2024-12-22T11:37:23.760+0000] {logging_mixin.py:190} INFO - [2024-12-22T11:37:23.760+0000] {dag.py:4180} INFO - Setting next_dagrun for read_dataset_event_from_classic to 2024-12-21 00:00:00+00:00, run_after=2024-12-22 00:00:00+00:00
[2024-12-22T11:37:23.828+0000] {processor.py:208} INFO - Processing /home/airflow/.local/lib/python3.12/site-packages/airflow/example_dags/example_inlet_event_extra.py took 3.073 seconds
[2024-12-22T11:38:02.704+0000] {processor.py:186} INFO - Started process (PID=2253) to work on /home/airflow/.local/lib/python3.12/site-packages/airflow/example_dags/example_inlet_event_extra.py
[2024-12-22T11:38:02.707+0000] {processor.py:914} INFO - Processing file /home/airflow/.local/lib/python3.12/site-packages/airflow/example_dags/example_inlet_event_extra.py for tasks to queue
[2024-12-22T11:38:02.710+0000] {logging_mixin.py:190} INFO - [2024-12-22T11:38:02.709+0000] {dagbag.py:588} INFO - Filling up the DagBag from /home/airflow/.local/lib/python3.12/site-packages/airflow/example_dags/example_inlet_event_extra.py
[2024-12-22T11:38:05.650+0000] {processor.py:925} INFO - DAG(s) 'read_dataset_event_from_classic', 'read_dataset_event' retrieved from /home/airflow/.local/lib/python3.12/site-packages/airflow/example_dags/example_inlet_event_extra.py
[2024-12-22T11:38:12.080+0000] {logging_mixin.py:190} INFO - [2024-12-22T11:38:12.079+0000] {dag.py:3239} INFO - Sync 2 DAGs
[2024-12-22T11:38:12.193+0000] {logging_mixin.py:190} INFO - [2024-12-22T11:38:12.193+0000] {dag.py:4180} INFO - Setting next_dagrun for read_dataset_event to 2024-12-21 00:00:00+00:00, run_after=2024-12-22 00:00:00+00:00
[2024-12-22T11:38:12.213+0000] {logging_mixin.py:190} INFO - [2024-12-22T11:38:12.212+0000] {dag.py:4180} INFO - Setting next_dagrun for read_dataset_event_from_classic to 2024-12-21 00:00:00+00:00, run_after=2024-12-22 00:00:00+00:00
[2024-12-22T11:38:12.254+0000] {processor.py:208} INFO - Processing /home/airflow/.local/lib/python3.12/site-packages/airflow/example_dags/example_inlet_event_extra.py took 9.570 seconds
[2024-12-22T11:38:43.330+0000] {processor.py:186} INFO - Started process (PID=2319) to work on /home/airflow/.local/lib/python3.12/site-packages/airflow/example_dags/example_inlet_event_extra.py
[2024-12-22T11:38:43.333+0000] {processor.py:914} INFO - Processing file /home/airflow/.local/lib/python3.12/site-packages/airflow/example_dags/example_inlet_event_extra.py for tasks to queue
[2024-12-22T11:38:43.337+0000] {logging_mixin.py:190} INFO - [2024-12-22T11:38:43.336+0000] {dagbag.py:588} INFO - Filling up the DagBag from /home/airflow/.local/lib/python3.12/site-packages/airflow/example_dags/example_inlet_event_extra.py
[2024-12-22T11:38:49.112+0000] {processor.py:925} INFO - DAG(s) 'read_dataset_event', 'read_dataset_event_from_classic' retrieved from /home/airflow/.local/lib/python3.12/site-packages/airflow/example_dags/example_inlet_event_extra.py
[2024-12-22T11:38:49.164+0000] {logging_mixin.py:190} INFO - [2024-12-22T11:38:49.164+0000] {dag.py:3239} INFO - Sync 2 DAGs
[2024-12-22T11:38:49.218+0000] {logging_mixin.py:190} INFO - [2024-12-22T11:38:49.218+0000] {dag.py:4180} INFO - Setting next_dagrun for read_dataset_event to 2024-12-21 00:00:00+00:00, run_after=2024-12-22 00:00:00+00:00
[2024-12-22T11:38:49.237+0000] {logging_mixin.py:190} INFO - [2024-12-22T11:38:49.236+0000] {dag.py:4180} INFO - Setting next_dagrun for read_dataset_event_from_classic to 2024-12-21 00:00:00+00:00, run_after=2024-12-22 00:00:00+00:00
[2024-12-22T11:38:50.292+0000] {processor.py:208} INFO - Processing /home/airflow/.local/lib/python3.12/site-packages/airflow/example_dags/example_inlet_event_extra.py took 6.980 seconds
[2024-12-22T11:39:21.349+0000] {processor.py:186} INFO - Started process (PID=2382) to work on /home/airflow/.local/lib/python3.12/site-packages/airflow/example_dags/example_inlet_event_extra.py
[2024-12-22T11:39:21.353+0000] {processor.py:914} INFO - Processing file /home/airflow/.local/lib/python3.12/site-packages/airflow/example_dags/example_inlet_event_extra.py for tasks to queue
[2024-12-22T11:39:21.360+0000] {logging_mixin.py:190} INFO - [2024-12-22T11:39:21.359+0000] {dagbag.py:588} INFO - Filling up the DagBag from /home/airflow/.local/lib/python3.12/site-packages/airflow/example_dags/example_inlet_event_extra.py
[2024-12-22T11:39:27.042+0000] {processor.py:925} INFO - DAG(s) 'read_dataset_event', 'read_dataset_event_from_classic' retrieved from /home/airflow/.local/lib/python3.12/site-packages/airflow/example_dags/example_inlet_event_extra.py
[2024-12-22T11:39:27.138+0000] {logging_mixin.py:190} INFO - [2024-12-22T11:39:27.137+0000] {dag.py:3239} INFO - Sync 2 DAGs
[2024-12-22T11:39:27.210+0000] {logging_mixin.py:190} INFO - [2024-12-22T11:39:27.210+0000] {dag.py:4180} INFO - Setting next_dagrun for read_dataset_event to 2024-12-21 00:00:00+00:00, run_after=2024-12-22 00:00:00+00:00
[2024-12-22T11:39:27.225+0000] {logging_mixin.py:190} INFO - [2024-12-22T11:39:27.224+0000] {dag.py:4180} INFO - Setting next_dagrun for read_dataset_event_from_classic to 2024-12-21 00:00:00+00:00, run_after=2024-12-22 00:00:00+00:00
[2024-12-22T11:39:27.267+0000] {processor.py:208} INFO - Processing /home/airflow/.local/lib/python3.12/site-packages/airflow/example_dags/example_inlet_event_extra.py took 5.953 seconds
[2024-12-22T11:39:57.790+0000] {processor.py:186} INFO - Started process (PID=2448) to work on /home/airflow/.local/lib/python3.12/site-packages/airflow/example_dags/example_inlet_event_extra.py
[2024-12-22T11:39:57.795+0000] {processor.py:914} INFO - Processing file /home/airflow/.local/lib/python3.12/site-packages/airflow/example_dags/example_inlet_event_extra.py for tasks to queue
[2024-12-22T11:39:57.804+0000] {logging_mixin.py:190} INFO - [2024-12-22T11:39:57.801+0000] {dagbag.py:588} INFO - Filling up the DagBag from /home/airflow/.local/lib/python3.12/site-packages/airflow/example_dags/example_inlet_event_extra.py
[2024-12-22T11:40:02.950+0000] {processor.py:925} INFO - DAG(s) 'read_dataset_event', 'read_dataset_event_from_classic' retrieved from /home/airflow/.local/lib/python3.12/site-packages/airflow/example_dags/example_inlet_event_extra.py
[2024-12-22T11:40:03.023+0000] {logging_mixin.py:190} INFO - [2024-12-22T11:40:03.022+0000] {dag.py:3239} INFO - Sync 2 DAGs
[2024-12-22T11:40:03.099+0000] {logging_mixin.py:190} INFO - [2024-12-22T11:40:03.099+0000] {dag.py:4180} INFO - Setting next_dagrun for read_dataset_event to 2024-12-21 00:00:00+00:00, run_after=2024-12-22 00:00:00+00:00
[2024-12-22T11:40:03.124+0000] {logging_mixin.py:190} INFO - [2024-12-22T11:40:03.123+0000] {dag.py:4180} INFO - Setting next_dagrun for read_dataset_event_from_classic to 2024-12-21 00:00:00+00:00, run_after=2024-12-22 00:00:00+00:00
[2024-12-22T11:40:04.272+0000] {processor.py:208} INFO - Processing /home/airflow/.local/lib/python3.12/site-packages/airflow/example_dags/example_inlet_event_extra.py took 7.125 seconds
[2024-12-22T11:40:35.041+0000] {processor.py:186} INFO - Started process (PID=2520) to work on /home/airflow/.local/lib/python3.12/site-packages/airflow/example_dags/example_inlet_event_extra.py
[2024-12-22T11:40:35.048+0000] {processor.py:914} INFO - Processing file /home/airflow/.local/lib/python3.12/site-packages/airflow/example_dags/example_inlet_event_extra.py for tasks to queue
[2024-12-22T11:40:35.057+0000] {logging_mixin.py:190} INFO - [2024-12-22T11:40:35.055+0000] {dagbag.py:588} INFO - Filling up the DagBag from /home/airflow/.local/lib/python3.12/site-packages/airflow/example_dags/example_inlet_event_extra.py
[2024-12-22T11:40:40.888+0000] {processor.py:925} INFO - DAG(s) 'read_dataset_event', 'read_dataset_event_from_classic' retrieved from /home/airflow/.local/lib/python3.12/site-packages/airflow/example_dags/example_inlet_event_extra.py
[2024-12-22T11:40:41.049+0000] {logging_mixin.py:190} INFO - [2024-12-22T11:40:41.048+0000] {dag.py:3239} INFO - Sync 2 DAGs
[2024-12-22T11:40:41.115+0000] {logging_mixin.py:190} INFO - [2024-12-22T11:40:41.115+0000] {dag.py:4180} INFO - Setting next_dagrun for read_dataset_event to 2024-12-21 00:00:00+00:00, run_after=2024-12-22 00:00:00+00:00
[2024-12-22T11:40:41.128+0000] {logging_mixin.py:190} INFO - [2024-12-22T11:40:41.128+0000] {dag.py:4180} INFO - Setting next_dagrun for read_dataset_event_from_classic to 2024-12-21 00:00:00+00:00, run_after=2024-12-22 00:00:00+00:00
[2024-12-22T11:40:42.187+0000] {processor.py:208} INFO - Processing /home/airflow/.local/lib/python3.12/site-packages/airflow/example_dags/example_inlet_event_extra.py took 7.201 seconds
[2024-12-22T11:41:12.650+0000] {processor.py:186} INFO - Started process (PID=2585) to work on /home/airflow/.local/lib/python3.12/site-packages/airflow/example_dags/example_inlet_event_extra.py
[2024-12-22T11:41:12.655+0000] {processor.py:914} INFO - Processing file /home/airflow/.local/lib/python3.12/site-packages/airflow/example_dags/example_inlet_event_extra.py for tasks to queue
[2024-12-22T11:41:12.667+0000] {logging_mixin.py:190} INFO - [2024-12-22T11:41:12.664+0000] {dagbag.py:588} INFO - Filling up the DagBag from /home/airflow/.local/lib/python3.12/site-packages/airflow/example_dags/example_inlet_event_extra.py
[2024-12-22T11:41:17.900+0000] {processor.py:925} INFO - DAG(s) 'read_dataset_event_from_classic', 'read_dataset_event' retrieved from /home/airflow/.local/lib/python3.12/site-packages/airflow/example_dags/example_inlet_event_extra.py
[2024-12-22T11:41:17.953+0000] {logging_mixin.py:190} INFO - [2024-12-22T11:41:17.952+0000] {dag.py:3239} INFO - Sync 2 DAGs
[2024-12-22T11:41:18.025+0000] {logging_mixin.py:190} INFO - [2024-12-22T11:41:18.024+0000] {dag.py:4180} INFO - Setting next_dagrun for read_dataset_event to 2024-12-21 00:00:00+00:00, run_after=2024-12-22 00:00:00+00:00
[2024-12-22T11:41:18.038+0000] {logging_mixin.py:190} INFO - [2024-12-22T11:41:18.038+0000] {dag.py:4180} INFO - Setting next_dagrun for read_dataset_event_from_classic to 2024-12-21 00:00:00+00:00, run_after=2024-12-22 00:00:00+00:00
[2024-12-22T11:41:19.074+0000] {processor.py:208} INFO - Processing /home/airflow/.local/lib/python3.12/site-packages/airflow/example_dags/example_inlet_event_extra.py took 6.468 seconds
[2024-12-22T11:43:31.361+0000] {processor.py:186} INFO - Started process (PID=2704) to work on /home/airflow/.local/lib/python3.12/site-packages/airflow/example_dags/example_inlet_event_extra.py
[2024-12-22T11:43:31.364+0000] {processor.py:914} INFO - Processing file /home/airflow/.local/lib/python3.12/site-packages/airflow/example_dags/example_inlet_event_extra.py for tasks to queue
[2024-12-22T11:43:31.367+0000] {logging_mixin.py:190} INFO - [2024-12-22T11:43:31.366+0000] {dagbag.py:588} INFO - Filling up the DagBag from /home/airflow/.local/lib/python3.12/site-packages/airflow/example_dags/example_inlet_event_extra.py
[2024-12-22T11:43:34.259+0000] {processor.py:925} INFO - DAG(s) 'read_dataset_event', 'read_dataset_event_from_classic' retrieved from /home/airflow/.local/lib/python3.12/site-packages/airflow/example_dags/example_inlet_event_extra.py
[2024-12-22T11:50:09.500+0000] {processor.py:186} INFO - Started process (PID=120) to work on /home/airflow/.local/lib/python3.12/site-packages/airflow/example_dags/example_inlet_event_extra.py
[2024-12-22T11:50:09.502+0000] {processor.py:914} INFO - Processing file /home/airflow/.local/lib/python3.12/site-packages/airflow/example_dags/example_inlet_event_extra.py for tasks to queue
[2024-12-22T11:50:09.508+0000] {logging_mixin.py:190} INFO - [2024-12-22T11:50:09.507+0000] {dagbag.py:588} INFO - Filling up the DagBag from /home/airflow/.local/lib/python3.12/site-packages/airflow/example_dags/example_inlet_event_extra.py
[2024-12-22T11:50:10.673+0000] {processor.py:925} INFO - DAG(s) 'read_dataset_event', 'read_dataset_event_from_classic' retrieved from /home/airflow/.local/lib/python3.12/site-packages/airflow/example_dags/example_inlet_event_extra.py
[2024-12-22T11:50:10.888+0000] {logging_mixin.py:190} INFO - [2024-12-22T11:50:10.888+0000] {dag.py:3239} INFO - Sync 2 DAGs
[2024-12-22T11:50:10.920+0000] {logging_mixin.py:190} INFO - [2024-12-22T11:50:10.920+0000] {dag.py:4180} INFO - Setting next_dagrun for read_dataset_event to 2024-12-21 00:00:00+00:00, run_after=2024-12-22 00:00:00+00:00
[2024-12-22T11:50:10.927+0000] {logging_mixin.py:190} INFO - [2024-12-22T11:50:10.927+0000] {dag.py:4180} INFO - Setting next_dagrun for read_dataset_event_from_classic to 2024-12-21 00:00:00+00:00, run_after=2024-12-22 00:00:00+00:00
[2024-12-22T11:50:10.952+0000] {processor.py:208} INFO - Processing /home/airflow/.local/lib/python3.12/site-packages/airflow/example_dags/example_inlet_event_extra.py took 1.468 seconds
[2024-12-22T11:50:41.261+0000] {processor.py:186} INFO - Started process (PID=185) to work on /home/airflow/.local/lib/python3.12/site-packages/airflow/example_dags/example_inlet_event_extra.py
[2024-12-22T11:50:41.262+0000] {processor.py:914} INFO - Processing file /home/airflow/.local/lib/python3.12/site-packages/airflow/example_dags/example_inlet_event_extra.py for tasks to queue
[2024-12-22T11:50:41.265+0000] {logging_mixin.py:190} INFO - [2024-12-22T11:50:41.265+0000] {dagbag.py:588} INFO - Filling up the DagBag from /home/airflow/.local/lib/python3.12/site-packages/airflow/example_dags/example_inlet_event_extra.py
[2024-12-22T11:50:41.486+0000] {processor.py:925} INFO - DAG(s) 'read_dataset_event_from_classic', 'read_dataset_event' retrieved from /home/airflow/.local/lib/python3.12/site-packages/airflow/example_dags/example_inlet_event_extra.py
[2024-12-22T11:50:41.509+0000] {logging_mixin.py:190} INFO - [2024-12-22T11:50:41.509+0000] {dag.py:3239} INFO - Sync 2 DAGs
[2024-12-22T11:50:41.535+0000] {logging_mixin.py:190} INFO - [2024-12-22T11:50:41.535+0000] {dag.py:4180} INFO - Setting next_dagrun for read_dataset_event to 2024-12-21 00:00:00+00:00, run_after=2024-12-22 00:00:00+00:00
[2024-12-22T11:50:41.541+0000] {logging_mixin.py:190} INFO - [2024-12-22T11:50:41.541+0000] {dag.py:4180} INFO - Setting next_dagrun for read_dataset_event_from_classic to 2024-12-21 00:00:00+00:00, run_after=2024-12-22 00:00:00+00:00
[2024-12-22T11:50:41.562+0000] {processor.py:208} INFO - Processing /home/airflow/.local/lib/python3.12/site-packages/airflow/example_dags/example_inlet_event_extra.py took 0.784 seconds
[2024-12-22T11:51:18.419+0000] {processor.py:186} INFO - Started process (PID=256) to work on /home/airflow/.local/lib/python3.12/site-packages/airflow/example_dags/example_inlet_event_extra.py
[2024-12-22T11:51:18.421+0000] {processor.py:914} INFO - Processing file /home/airflow/.local/lib/python3.12/site-packages/airflow/example_dags/example_inlet_event_extra.py for tasks to queue
[2024-12-22T11:51:18.426+0000] {logging_mixin.py:190} INFO - [2024-12-22T11:51:18.425+0000] {dagbag.py:588} INFO - Filling up the DagBag from /home/airflow/.local/lib/python3.12/site-packages/airflow/example_dags/example_inlet_event_extra.py
[2024-12-22T11:51:19.150+0000] {processor.py:925} INFO - DAG(s) 'read_dataset_event_from_classic', 'read_dataset_event' retrieved from /home/airflow/.local/lib/python3.12/site-packages/airflow/example_dags/example_inlet_event_extra.py
[2024-12-22T11:51:19.192+0000] {logging_mixin.py:190} INFO - [2024-12-22T11:51:19.191+0000] {dag.py:3239} INFO - Sync 2 DAGs
[2024-12-22T11:51:19.229+0000] {logging_mixin.py:190} INFO - [2024-12-22T11:51:19.229+0000] {dag.py:4180} INFO - Setting next_dagrun for read_dataset_event to 2024-12-21 00:00:00+00:00, run_after=2024-12-22 00:00:00+00:00
[2024-12-22T11:51:19.237+0000] {logging_mixin.py:190} INFO - [2024-12-22T11:51:19.236+0000] {dag.py:4180} INFO - Setting next_dagrun for read_dataset_event_from_classic to 2024-12-21 00:00:00+00:00, run_after=2024-12-22 00:00:00+00:00
[2024-12-22T11:51:19.257+0000] {processor.py:208} INFO - Processing /home/airflow/.local/lib/python3.12/site-packages/airflow/example_dags/example_inlet_event_extra.py took 0.847 seconds
[2024-12-22T11:51:49.995+0000] {processor.py:186} INFO - Started process (PID=321) to work on /home/airflow/.local/lib/python3.12/site-packages/airflow/example_dags/example_inlet_event_extra.py
[2024-12-22T11:51:49.996+0000] {processor.py:914} INFO - Processing file /home/airflow/.local/lib/python3.12/site-packages/airflow/example_dags/example_inlet_event_extra.py for tasks to queue
[2024-12-22T11:51:49.999+0000] {logging_mixin.py:190} INFO - [2024-12-22T11:51:49.998+0000] {dagbag.py:588} INFO - Filling up the DagBag from /home/airflow/.local/lib/python3.12/site-packages/airflow/example_dags/example_inlet_event_extra.py
[2024-12-22T11:51:50.735+0000] {processor.py:925} INFO - DAG(s) 'read_dataset_event', 'read_dataset_event_from_classic' retrieved from /home/airflow/.local/lib/python3.12/site-packages/airflow/example_dags/example_inlet_event_extra.py
[2024-12-22T11:51:50.757+0000] {logging_mixin.py:190} INFO - [2024-12-22T11:51:50.757+0000] {dag.py:3239} INFO - Sync 2 DAGs
[2024-12-22T11:51:50.787+0000] {logging_mixin.py:190} INFO - [2024-12-22T11:51:50.787+0000] {dag.py:4180} INFO - Setting next_dagrun for read_dataset_event to 2024-12-21 00:00:00+00:00, run_after=2024-12-22 00:00:00+00:00
[2024-12-22T11:51:50.793+0000] {logging_mixin.py:190} INFO - [2024-12-22T11:51:50.793+0000] {dag.py:4180} INFO - Setting next_dagrun for read_dataset_event_from_classic to 2024-12-21 00:00:00+00:00, run_after=2024-12-22 00:00:00+00:00
[2024-12-22T11:51:50.811+0000] {processor.py:208} INFO - Processing /home/airflow/.local/lib/python3.12/site-packages/airflow/example_dags/example_inlet_event_extra.py took 0.823 seconds
[2024-12-22T11:52:21.020+0000] {processor.py:186} INFO - Started process (PID=386) to work on /home/airflow/.local/lib/python3.12/site-packages/airflow/example_dags/example_inlet_event_extra.py
[2024-12-22T11:52:21.021+0000] {processor.py:914} INFO - Processing file /home/airflow/.local/lib/python3.12/site-packages/airflow/example_dags/example_inlet_event_extra.py for tasks to queue
[2024-12-22T11:52:21.024+0000] {logging_mixin.py:190} INFO - [2024-12-22T11:52:21.024+0000] {dagbag.py:588} INFO - Filling up the DagBag from /home/airflow/.local/lib/python3.12/site-packages/airflow/example_dags/example_inlet_event_extra.py
[2024-12-22T11:52:21.671+0000] {processor.py:925} INFO - DAG(s) 'read_dataset_event_from_classic', 'read_dataset_event' retrieved from /home/airflow/.local/lib/python3.12/site-packages/airflow/example_dags/example_inlet_event_extra.py
[2024-12-22T11:52:21.692+0000] {logging_mixin.py:190} INFO - [2024-12-22T11:52:21.692+0000] {dag.py:3239} INFO - Sync 2 DAGs
[2024-12-22T11:52:21.720+0000] {logging_mixin.py:190} INFO - [2024-12-22T11:52:21.720+0000] {dag.py:4180} INFO - Setting next_dagrun for read_dataset_event to 2024-12-21 00:00:00+00:00, run_after=2024-12-22 00:00:00+00:00
[2024-12-22T11:52:21.725+0000] {logging_mixin.py:190} INFO - [2024-12-22T11:52:21.725+0000] {dag.py:4180} INFO - Setting next_dagrun for read_dataset_event_from_classic to 2024-12-21 00:00:00+00:00, run_after=2024-12-22 00:00:00+00:00
[2024-12-22T11:52:21.742+0000] {processor.py:208} INFO - Processing /home/airflow/.local/lib/python3.12/site-packages/airflow/example_dags/example_inlet_event_extra.py took 0.729 seconds
[2024-12-22T11:52:53.471+0000] {processor.py:186} INFO - Started process (PID=451) to work on /home/airflow/.local/lib/python3.12/site-packages/airflow/example_dags/example_inlet_event_extra.py
[2024-12-22T11:52:53.473+0000] {processor.py:914} INFO - Processing file /home/airflow/.local/lib/python3.12/site-packages/airflow/example_dags/example_inlet_event_extra.py for tasks to queue
[2024-12-22T11:52:53.475+0000] {logging_mixin.py:190} INFO - [2024-12-22T11:52:53.475+0000] {dagbag.py:588} INFO - Filling up the DagBag from /home/airflow/.local/lib/python3.12/site-packages/airflow/example_dags/example_inlet_event_extra.py
[2024-12-22T11:52:54.174+0000] {processor.py:925} INFO - DAG(s) 'read_dataset_event', 'read_dataset_event_from_classic' retrieved from /home/airflow/.local/lib/python3.12/site-packages/airflow/example_dags/example_inlet_event_extra.py
[2024-12-22T11:52:54.203+0000] {logging_mixin.py:190} INFO - [2024-12-22T11:52:54.202+0000] {dag.py:3239} INFO - Sync 2 DAGs
[2024-12-22T11:52:54.232+0000] {logging_mixin.py:190} INFO - [2024-12-22T11:52:54.232+0000] {dag.py:4180} INFO - Setting next_dagrun for read_dataset_event to 2024-12-21 00:00:00+00:00, run_after=2024-12-22 00:00:00+00:00
[2024-12-22T11:52:54.238+0000] {logging_mixin.py:190} INFO - [2024-12-22T11:52:54.237+0000] {dag.py:4180} INFO - Setting next_dagrun for read_dataset_event_from_classic to 2024-12-21 00:00:00+00:00, run_after=2024-12-22 00:00:00+00:00
[2024-12-22T11:52:54.256+0000] {processor.py:208} INFO - Processing /home/airflow/.local/lib/python3.12/site-packages/airflow/example_dags/example_inlet_event_extra.py took 0.792 seconds
[2024-12-22T11:53:24.475+0000] {processor.py:186} INFO - Started process (PID=516) to work on /home/airflow/.local/lib/python3.12/site-packages/airflow/example_dags/example_inlet_event_extra.py
[2024-12-22T11:53:24.476+0000] {processor.py:914} INFO - Processing file /home/airflow/.local/lib/python3.12/site-packages/airflow/example_dags/example_inlet_event_extra.py for tasks to queue
[2024-12-22T11:53:24.479+0000] {logging_mixin.py:190} INFO - [2024-12-22T11:53:24.478+0000] {dagbag.py:588} INFO - Filling up the DagBag from /home/airflow/.local/lib/python3.12/site-packages/airflow/example_dags/example_inlet_event_extra.py
[2024-12-22T11:53:25.118+0000] {processor.py:925} INFO - DAG(s) 'read_dataset_event_from_classic', 'read_dataset_event' retrieved from /home/airflow/.local/lib/python3.12/site-packages/airflow/example_dags/example_inlet_event_extra.py
[2024-12-22T11:53:25.143+0000] {logging_mixin.py:190} INFO - [2024-12-22T11:53:25.143+0000] {dag.py:3239} INFO - Sync 2 DAGs
[2024-12-22T11:53:25.173+0000] {logging_mixin.py:190} INFO - [2024-12-22T11:53:25.172+0000] {dag.py:4180} INFO - Setting next_dagrun for read_dataset_event to 2024-12-21 00:00:00+00:00, run_after=2024-12-22 00:00:00+00:00
[2024-12-22T11:53:25.179+0000] {logging_mixin.py:190} INFO - [2024-12-22T11:53:25.179+0000] {dag.py:4180} INFO - Setting next_dagrun for read_dataset_event_from_classic to 2024-12-21 00:00:00+00:00, run_after=2024-12-22 00:00:00+00:00
[2024-12-22T11:53:25.197+0000] {processor.py:208} INFO - Processing /home/airflow/.local/lib/python3.12/site-packages/airflow/example_dags/example_inlet_event_extra.py took 0.729 seconds
[2024-12-22T11:53:57.027+0000] {processor.py:186} INFO - Started process (PID=581) to work on /home/airflow/.local/lib/python3.12/site-packages/airflow/example_dags/example_inlet_event_extra.py
[2024-12-22T11:53:57.028+0000] {processor.py:914} INFO - Processing file /home/airflow/.local/lib/python3.12/site-packages/airflow/example_dags/example_inlet_event_extra.py for tasks to queue
[2024-12-22T11:53:57.032+0000] {logging_mixin.py:190} INFO - [2024-12-22T11:53:57.031+0000] {dagbag.py:588} INFO - Filling up the DagBag from /home/airflow/.local/lib/python3.12/site-packages/airflow/example_dags/example_inlet_event_extra.py
[2024-12-22T11:53:57.879+0000] {processor.py:925} INFO - DAG(s) 'read_dataset_event_from_classic', 'read_dataset_event' retrieved from /home/airflow/.local/lib/python3.12/site-packages/airflow/example_dags/example_inlet_event_extra.py
[2024-12-22T11:53:57.908+0000] {logging_mixin.py:190} INFO - [2024-12-22T11:53:57.908+0000] {dag.py:3239} INFO - Sync 2 DAGs
[2024-12-22T11:53:57.943+0000] {logging_mixin.py:190} INFO - [2024-12-22T11:53:57.942+0000] {dag.py:4180} INFO - Setting next_dagrun for read_dataset_event to 2024-12-21 00:00:00+00:00, run_after=2024-12-22 00:00:00+00:00
[2024-12-22T11:53:57.951+0000] {logging_mixin.py:190} INFO - [2024-12-22T11:53:57.951+0000] {dag.py:4180} INFO - Setting next_dagrun for read_dataset_event_from_classic to 2024-12-21 00:00:00+00:00, run_after=2024-12-22 00:00:00+00:00
[2024-12-22T11:53:57.975+0000] {processor.py:208} INFO - Processing /home/airflow/.local/lib/python3.12/site-packages/airflow/example_dags/example_inlet_event_extra.py took 0.959 seconds
[2024-12-22T11:54:31.380+0000] {processor.py:186} INFO - Started process (PID=646) to work on /home/airflow/.local/lib/python3.12/site-packages/airflow/example_dags/example_inlet_event_extra.py
[2024-12-22T11:54:31.391+0000] {processor.py:914} INFO - Processing file /home/airflow/.local/lib/python3.12/site-packages/airflow/example_dags/example_inlet_event_extra.py for tasks to queue
[2024-12-22T11:54:31.394+0000] {logging_mixin.py:190} INFO - [2024-12-22T11:54:31.394+0000] {dagbag.py:588} INFO - Filling up the DagBag from /home/airflow/.local/lib/python3.12/site-packages/airflow/example_dags/example_inlet_event_extra.py
[2024-12-22T11:54:32.738+0000] {processor.py:925} INFO - DAG(s) 'read_dataset_event_from_classic', 'read_dataset_event' retrieved from /home/airflow/.local/lib/python3.12/site-packages/airflow/example_dags/example_inlet_event_extra.py
[2024-12-22T11:54:32.903+0000] {logging_mixin.py:190} INFO - [2024-12-22T11:54:32.903+0000] {dag.py:3239} INFO - Sync 2 DAGs
[2024-12-22T11:54:32.947+0000] {logging_mixin.py:190} INFO - [2024-12-22T11:54:32.947+0000] {dag.py:4180} INFO - Setting next_dagrun for read_dataset_event to 2024-12-21 00:00:00+00:00, run_after=2024-12-22 00:00:00+00:00
[2024-12-22T11:54:32.955+0000] {logging_mixin.py:190} INFO - [2024-12-22T11:54:32.954+0000] {dag.py:4180} INFO - Setting next_dagrun for read_dataset_event_from_classic to 2024-12-21 00:00:00+00:00, run_after=2024-12-22 00:00:00+00:00
[2024-12-22T11:54:32.985+0000] {processor.py:208} INFO - Processing /home/airflow/.local/lib/python3.12/site-packages/airflow/example_dags/example_inlet_event_extra.py took 1.614 seconds
[2024-12-22T11:55:03.432+0000] {processor.py:186} INFO - Started process (PID=711) to work on /home/airflow/.local/lib/python3.12/site-packages/airflow/example_dags/example_inlet_event_extra.py
[2024-12-22T11:55:03.433+0000] {processor.py:914} INFO - Processing file /home/airflow/.local/lib/python3.12/site-packages/airflow/example_dags/example_inlet_event_extra.py for tasks to queue
[2024-12-22T11:55:03.436+0000] {logging_mixin.py:190} INFO - [2024-12-22T11:55:03.436+0000] {dagbag.py:588} INFO - Filling up the DagBag from /home/airflow/.local/lib/python3.12/site-packages/airflow/example_dags/example_inlet_event_extra.py
[2024-12-22T11:55:04.862+0000] {processor.py:925} INFO - DAG(s) 'read_dataset_event_from_classic', 'read_dataset_event' retrieved from /home/airflow/.local/lib/python3.12/site-packages/airflow/example_dags/example_inlet_event_extra.py
[2024-12-22T11:56:40.448+0000] {processor.py:186} INFO - Started process (PID=122) to work on /home/airflow/.local/lib/python3.12/site-packages/airflow/example_dags/example_inlet_event_extra.py
[2024-12-22T11:56:40.450+0000] {processor.py:914} INFO - Processing file /home/airflow/.local/lib/python3.12/site-packages/airflow/example_dags/example_inlet_event_extra.py for tasks to queue
[2024-12-22T11:56:40.454+0000] {logging_mixin.py:190} INFO - [2024-12-22T11:56:40.453+0000] {dagbag.py:588} INFO - Filling up the DagBag from /home/airflow/.local/lib/python3.12/site-packages/airflow/example_dags/example_inlet_event_extra.py
[2024-12-22T11:56:42.173+0000] {processor.py:925} INFO - DAG(s) 'read_dataset_event_from_classic', 'read_dataset_event' retrieved from /home/airflow/.local/lib/python3.12/site-packages/airflow/example_dags/example_inlet_event_extra.py
[2024-12-22T11:56:42.232+0000] {logging_mixin.py:190} INFO - [2024-12-22T11:56:42.232+0000] {dag.py:3239} INFO - Sync 2 DAGs
[2024-12-22T11:56:42.289+0000] {logging_mixin.py:190} INFO - [2024-12-22T11:56:42.289+0000] {dag.py:4180} INFO - Setting next_dagrun for read_dataset_event to 2024-12-21 00:00:00+00:00, run_after=2024-12-22 00:00:00+00:00
[2024-12-22T11:56:42.297+0000] {logging_mixin.py:190} INFO - [2024-12-22T11:56:42.296+0000] {dag.py:4180} INFO - Setting next_dagrun for read_dataset_event_from_classic to 2024-12-21 00:00:00+00:00, run_after=2024-12-22 00:00:00+00:00
[2024-12-22T11:56:42.324+0000] {processor.py:208} INFO - Processing /home/airflow/.local/lib/python3.12/site-packages/airflow/example_dags/example_inlet_event_extra.py took 1.891 seconds
[2024-12-22T11:57:13.478+0000] {processor.py:186} INFO - Started process (PID=188) to work on /home/airflow/.local/lib/python3.12/site-packages/airflow/example_dags/example_inlet_event_extra.py
[2024-12-22T11:57:13.487+0000] {processor.py:914} INFO - Processing file /home/airflow/.local/lib/python3.12/site-packages/airflow/example_dags/example_inlet_event_extra.py for tasks to queue
[2024-12-22T11:57:13.491+0000] {logging_mixin.py:190} INFO - [2024-12-22T11:57:13.491+0000] {dagbag.py:588} INFO - Filling up the DagBag from /home/airflow/.local/lib/python3.12/site-packages/airflow/example_dags/example_inlet_event_extra.py
[2024-12-22T11:57:14.876+0000] {processor.py:925} INFO - DAG(s) 'read_dataset_event_from_classic', 'read_dataset_event' retrieved from /home/airflow/.local/lib/python3.12/site-packages/airflow/example_dags/example_inlet_event_extra.py
[2024-12-22T11:57:14.920+0000] {logging_mixin.py:190} INFO - [2024-12-22T11:57:14.920+0000] {dag.py:3239} INFO - Sync 2 DAGs
[2024-12-22T11:57:14.976+0000] {logging_mixin.py:190} INFO - [2024-12-22T11:57:14.975+0000] {dag.py:4180} INFO - Setting next_dagrun for read_dataset_event to 2024-12-21 00:00:00+00:00, run_after=2024-12-22 00:00:00+00:00
[2024-12-22T11:57:14.985+0000] {logging_mixin.py:190} INFO - [2024-12-22T11:57:14.984+0000] {dag.py:4180} INFO - Setting next_dagrun for read_dataset_event_from_classic to 2024-12-21 00:00:00+00:00, run_after=2024-12-22 00:00:00+00:00
[2024-12-22T11:57:15.011+0000] {processor.py:208} INFO - Processing /home/airflow/.local/lib/python3.12/site-packages/airflow/example_dags/example_inlet_event_extra.py took 1.545 seconds
