[2024-12-22T11:18:01.250+0000] {processor.py:186} INFO - Started process (PID=96) to work on /home/airflow/.local/lib/python3.12/site-packages/airflow/example_dags/example_complex.py
[2024-12-22T11:18:01.257+0000] {processor.py:914} INFO - Processing file /home/airflow/.local/lib/python3.12/site-packages/airflow/example_dags/example_complex.py for tasks to queue
[2024-12-22T11:18:01.270+0000] {logging_mixin.py:190} INFO - [2024-12-22T11:18:01.268+0000] {dagbag.py:588} INFO - Filling up the DagBag from /home/airflow/.local/lib/python3.12/site-packages/airflow/example_dags/example_complex.py
[2024-12-22T11:18:01.342+0000] {processor.py:925} INFO - DAG(s) 'example_complex' retrieved from /home/airflow/.local/lib/python3.12/site-packages/airflow/example_dags/example_complex.py
[2024-12-22T11:18:01.483+0000] {logging_mixin.py:190} INFO - [2024-12-22T11:18:01.482+0000] {dag.py:3239} INFO - Sync 1 DAGs
[2024-12-22T11:18:01.523+0000] {logging_mixin.py:190} INFO - [2024-12-22T11:18:01.523+0000] {dag.py:4180} INFO - Setting next_dagrun for example_complex to None, run_after=None
[2024-12-22T11:18:02.065+0000] {processor.py:208} INFO - Processing /home/airflow/.local/lib/python3.12/site-packages/airflow/example_dags/example_complex.py took 0.841 seconds
[2024-12-22T11:18:33.108+0000] {processor.py:186} INFO - Started process (PID=161) to work on /home/airflow/.local/lib/python3.12/site-packages/airflow/example_dags/example_complex.py
[2024-12-22T11:18:33.111+0000] {processor.py:914} INFO - Processing file /home/airflow/.local/lib/python3.12/site-packages/airflow/example_dags/example_complex.py for tasks to queue
[2024-12-22T11:18:33.118+0000] {logging_mixin.py:190} INFO - [2024-12-22T11:18:33.118+0000] {dagbag.py:588} INFO - Filling up the DagBag from /home/airflow/.local/lib/python3.12/site-packages/airflow/example_dags/example_complex.py
[2024-12-22T11:18:33.164+0000] {processor.py:925} INFO - DAG(s) 'example_complex' retrieved from /home/airflow/.local/lib/python3.12/site-packages/airflow/example_dags/example_complex.py
[2024-12-22T11:18:33.329+0000] {logging_mixin.py:190} INFO - [2024-12-22T11:18:33.328+0000] {dag.py:3239} INFO - Sync 1 DAGs
[2024-12-22T11:18:33.398+0000] {logging_mixin.py:190} INFO - [2024-12-22T11:18:33.398+0000] {dag.py:4180} INFO - Setting next_dagrun for example_complex to None, run_after=None
[2024-12-22T11:18:33.446+0000] {processor.py:208} INFO - Processing /home/airflow/.local/lib/python3.12/site-packages/airflow/example_dags/example_complex.py took 0.381 seconds
[2024-12-22T11:19:08.782+0000] {processor.py:186} INFO - Started process (PID=232) to work on /home/airflow/.local/lib/python3.12/site-packages/airflow/example_dags/example_complex.py
[2024-12-22T11:19:08.787+0000] {processor.py:914} INFO - Processing file /home/airflow/.local/lib/python3.12/site-packages/airflow/example_dags/example_complex.py for tasks to queue
[2024-12-22T11:19:08.798+0000] {logging_mixin.py:190} INFO - [2024-12-22T11:19:08.796+0000] {dagbag.py:588} INFO - Filling up the DagBag from /home/airflow/.local/lib/python3.12/site-packages/airflow/example_dags/example_complex.py
[2024-12-22T11:19:08.862+0000] {processor.py:925} INFO - DAG(s) 'example_complex' retrieved from /home/airflow/.local/lib/python3.12/site-packages/airflow/example_dags/example_complex.py
[2024-12-22T11:19:08.970+0000] {logging_mixin.py:190} INFO - [2024-12-22T11:19:08.970+0000] {dag.py:3239} INFO - Sync 1 DAGs
[2024-12-22T11:19:09.154+0000] {logging_mixin.py:190} INFO - [2024-12-22T11:19:09.152+0000] {dag.py:4180} INFO - Setting next_dagrun for example_complex to None, run_after=None
[2024-12-22T11:19:09.292+0000] {processor.py:208} INFO - Processing /home/airflow/.local/lib/python3.12/site-packages/airflow/example_dags/example_complex.py took 0.536 seconds
[2024-12-22T11:19:41.186+0000] {processor.py:186} INFO - Started process (PID=298) to work on /home/airflow/.local/lib/python3.12/site-packages/airflow/example_dags/example_complex.py
[2024-12-22T11:19:41.189+0000] {processor.py:914} INFO - Processing file /home/airflow/.local/lib/python3.12/site-packages/airflow/example_dags/example_complex.py for tasks to queue
[2024-12-22T11:19:41.200+0000] {logging_mixin.py:190} INFO - [2024-12-22T11:19:41.199+0000] {dagbag.py:588} INFO - Filling up the DagBag from /home/airflow/.local/lib/python3.12/site-packages/airflow/example_dags/example_complex.py
[2024-12-22T11:19:41.247+0000] {processor.py:925} INFO - DAG(s) 'example_complex' retrieved from /home/airflow/.local/lib/python3.12/site-packages/airflow/example_dags/example_complex.py
[2024-12-22T11:19:41.377+0000] {logging_mixin.py:190} INFO - [2024-12-22T11:19:41.376+0000] {dag.py:3239} INFO - Sync 1 DAGs
[2024-12-22T11:19:41.434+0000] {logging_mixin.py:190} INFO - [2024-12-22T11:19:41.434+0000] {dag.py:4180} INFO - Setting next_dagrun for example_complex to None, run_after=None
[2024-12-22T11:19:41.501+0000] {processor.py:208} INFO - Processing /home/airflow/.local/lib/python3.12/site-packages/airflow/example_dags/example_complex.py took 0.331 seconds
[2024-12-22T11:20:20.107+0000] {processor.py:186} INFO - Started process (PID=364) to work on /home/airflow/.local/lib/python3.12/site-packages/airflow/example_dags/example_complex.py
[2024-12-22T11:20:20.110+0000] {processor.py:914} INFO - Processing file /home/airflow/.local/lib/python3.12/site-packages/airflow/example_dags/example_complex.py for tasks to queue
[2024-12-22T11:20:20.116+0000] {logging_mixin.py:190} INFO - [2024-12-22T11:20:20.115+0000] {dagbag.py:588} INFO - Filling up the DagBag from /home/airflow/.local/lib/python3.12/site-packages/airflow/example_dags/example_complex.py
[2024-12-22T11:20:20.161+0000] {processor.py:925} INFO - DAG(s) 'example_complex' retrieved from /home/airflow/.local/lib/python3.12/site-packages/airflow/example_dags/example_complex.py
[2024-12-22T11:20:20.271+0000] {logging_mixin.py:190} INFO - [2024-12-22T11:20:20.271+0000] {dag.py:3239} INFO - Sync 1 DAGs
[2024-12-22T11:20:20.323+0000] {logging_mixin.py:190} INFO - [2024-12-22T11:20:20.322+0000] {dag.py:4180} INFO - Setting next_dagrun for example_complex to None, run_after=None
[2024-12-22T11:20:21.317+0000] {processor.py:208} INFO - Processing /home/airflow/.local/lib/python3.12/site-packages/airflow/example_dags/example_complex.py took 1.285 seconds
[2024-12-22T11:20:51.439+0000] {processor.py:186} INFO - Started process (PID=430) to work on /home/airflow/.local/lib/python3.12/site-packages/airflow/example_dags/example_complex.py
[2024-12-22T11:20:51.441+0000] {processor.py:914} INFO - Processing file /home/airflow/.local/lib/python3.12/site-packages/airflow/example_dags/example_complex.py for tasks to queue
[2024-12-22T11:20:51.447+0000] {logging_mixin.py:190} INFO - [2024-12-22T11:20:51.446+0000] {dagbag.py:588} INFO - Filling up the DagBag from /home/airflow/.local/lib/python3.12/site-packages/airflow/example_dags/example_complex.py
[2024-12-22T11:20:51.478+0000] {processor.py:925} INFO - DAG(s) 'example_complex' retrieved from /home/airflow/.local/lib/python3.12/site-packages/airflow/example_dags/example_complex.py
[2024-12-22T11:20:51.564+0000] {logging_mixin.py:190} INFO - [2024-12-22T11:20:51.564+0000] {dag.py:3239} INFO - Sync 1 DAGs
[2024-12-22T11:20:51.616+0000] {logging_mixin.py:190} INFO - [2024-12-22T11:20:51.615+0000] {dag.py:4180} INFO - Setting next_dagrun for example_complex to None, run_after=None
[2024-12-22T11:20:51.681+0000] {processor.py:208} INFO - Processing /home/airflow/.local/lib/python3.12/site-packages/airflow/example_dags/example_complex.py took 0.263 seconds
[2024-12-22T11:21:30.001+0000] {processor.py:186} INFO - Started process (PID=494) to work on /home/airflow/.local/lib/python3.12/site-packages/airflow/example_dags/example_complex.py
[2024-12-22T11:21:30.004+0000] {processor.py:914} INFO - Processing file /home/airflow/.local/lib/python3.12/site-packages/airflow/example_dags/example_complex.py for tasks to queue
[2024-12-22T11:21:30.011+0000] {logging_mixin.py:190} INFO - [2024-12-22T11:21:30.010+0000] {dagbag.py:588} INFO - Filling up the DagBag from /home/airflow/.local/lib/python3.12/site-packages/airflow/example_dags/example_complex.py
[2024-12-22T11:21:30.057+0000] {processor.py:925} INFO - DAG(s) 'example_complex' retrieved from /home/airflow/.local/lib/python3.12/site-packages/airflow/example_dags/example_complex.py
[2024-12-22T11:21:30.204+0000] {logging_mixin.py:190} INFO - [2024-12-22T11:21:30.203+0000] {dag.py:3239} INFO - Sync 1 DAGs
[2024-12-22T11:21:30.244+0000] {logging_mixin.py:190} INFO - [2024-12-22T11:21:30.242+0000] {dag.py:4180} INFO - Setting next_dagrun for example_complex to None, run_after=None
[2024-12-22T11:21:30.941+0000] {processor.py:208} INFO - Processing /home/airflow/.local/lib/python3.12/site-packages/airflow/example_dags/example_complex.py took 0.962 seconds
[2024-12-22T11:22:06.821+0000] {processor.py:186} INFO - Started process (PID=566) to work on /home/airflow/.local/lib/python3.12/site-packages/airflow/example_dags/example_complex.py
[2024-12-22T11:22:06.825+0000] {processor.py:914} INFO - Processing file /home/airflow/.local/lib/python3.12/site-packages/airflow/example_dags/example_complex.py for tasks to queue
[2024-12-22T11:22:06.834+0000] {logging_mixin.py:190} INFO - [2024-12-22T11:22:06.832+0000] {dagbag.py:588} INFO - Filling up the DagBag from /home/airflow/.local/lib/python3.12/site-packages/airflow/example_dags/example_complex.py
[2024-12-22T11:22:06.884+0000] {processor.py:925} INFO - DAG(s) 'example_complex' retrieved from /home/airflow/.local/lib/python3.12/site-packages/airflow/example_dags/example_complex.py
[2024-12-22T11:22:06.990+0000] {logging_mixin.py:190} INFO - [2024-12-22T11:22:06.990+0000] {dag.py:3239} INFO - Sync 1 DAGs
[2024-12-22T11:22:07.062+0000] {logging_mixin.py:190} INFO - [2024-12-22T11:22:07.061+0000] {dag.py:4180} INFO - Setting next_dagrun for example_complex to None, run_after=None
[2024-12-22T11:22:07.926+0000] {processor.py:208} INFO - Processing /home/airflow/.local/lib/python3.12/site-packages/airflow/example_dags/example_complex.py took 1.128 seconds
[2024-12-22T11:22:39.431+0000] {processor.py:186} INFO - Started process (PID=631) to work on /home/airflow/.local/lib/python3.12/site-packages/airflow/example_dags/example_complex.py
[2024-12-22T11:22:39.434+0000] {processor.py:914} INFO - Processing file /home/airflow/.local/lib/python3.12/site-packages/airflow/example_dags/example_complex.py for tasks to queue
[2024-12-22T11:22:39.446+0000] {logging_mixin.py:190} INFO - [2024-12-22T11:22:39.445+0000] {dagbag.py:588} INFO - Filling up the DagBag from /home/airflow/.local/lib/python3.12/site-packages/airflow/example_dags/example_complex.py
[2024-12-22T11:22:39.480+0000] {processor.py:925} INFO - DAG(s) 'example_complex' retrieved from /home/airflow/.local/lib/python3.12/site-packages/airflow/example_dags/example_complex.py
[2024-12-22T11:22:39.586+0000] {logging_mixin.py:190} INFO - [2024-12-22T11:22:39.586+0000] {dag.py:3239} INFO - Sync 1 DAGs
[2024-12-22T11:22:39.640+0000] {logging_mixin.py:190} INFO - [2024-12-22T11:22:39.639+0000] {dag.py:4180} INFO - Setting next_dagrun for example_complex to None, run_after=None
[2024-12-22T11:22:40.668+0000] {processor.py:208} INFO - Processing /home/airflow/.local/lib/python3.12/site-packages/airflow/example_dags/example_complex.py took 1.258 seconds
[2024-12-22T11:23:22.919+0000] {processor.py:186} INFO - Started process (PID=695) to work on /home/airflow/.local/lib/python3.12/site-packages/airflow/example_dags/example_complex.py
[2024-12-22T11:23:22.925+0000] {processor.py:914} INFO - Processing file /home/airflow/.local/lib/python3.12/site-packages/airflow/example_dags/example_complex.py for tasks to queue
[2024-12-22T11:23:22.940+0000] {logging_mixin.py:190} INFO - [2024-12-22T11:23:22.938+0000] {dagbag.py:588} INFO - Filling up the DagBag from /home/airflow/.local/lib/python3.12/site-packages/airflow/example_dags/example_complex.py
[2024-12-22T11:23:24.118+0000] {processor.py:925} INFO - DAG(s) 'example_complex' retrieved from /home/airflow/.local/lib/python3.12/site-packages/airflow/example_dags/example_complex.py
[2024-12-22T11:23:24.206+0000] {logging_mixin.py:190} INFO - [2024-12-22T11:23:24.205+0000] {dag.py:3239} INFO - Sync 1 DAGs
[2024-12-22T11:23:24.260+0000] {logging_mixin.py:190} INFO - [2024-12-22T11:23:24.260+0000] {dag.py:4180} INFO - Setting next_dagrun for example_complex to None, run_after=None
[2024-12-22T11:23:24.305+0000] {processor.py:208} INFO - Processing /home/airflow/.local/lib/python3.12/site-packages/airflow/example_dags/example_complex.py took 1.423 seconds
[2024-12-22T11:23:54.523+0000] {processor.py:186} INFO - Started process (PID=762) to work on /home/airflow/.local/lib/python3.12/site-packages/airflow/example_dags/example_complex.py
[2024-12-22T11:23:54.526+0000] {processor.py:914} INFO - Processing file /home/airflow/.local/lib/python3.12/site-packages/airflow/example_dags/example_complex.py for tasks to queue
[2024-12-22T11:23:54.532+0000] {logging_mixin.py:190} INFO - [2024-12-22T11:23:54.531+0000] {dagbag.py:588} INFO - Filling up the DagBag from /home/airflow/.local/lib/python3.12/site-packages/airflow/example_dags/example_complex.py
[2024-12-22T11:23:54.582+0000] {processor.py:925} INFO - DAG(s) 'example_complex' retrieved from /home/airflow/.local/lib/python3.12/site-packages/airflow/example_dags/example_complex.py
[2024-12-22T11:23:54.668+0000] {logging_mixin.py:190} INFO - [2024-12-22T11:23:54.667+0000] {dag.py:3239} INFO - Sync 1 DAGs
[2024-12-22T11:23:54.716+0000] {logging_mixin.py:190} INFO - [2024-12-22T11:23:54.716+0000] {dag.py:4180} INFO - Setting next_dagrun for example_complex to None, run_after=None
[2024-12-22T11:23:54.755+0000] {processor.py:208} INFO - Processing /home/airflow/.local/lib/python3.12/site-packages/airflow/example_dags/example_complex.py took 0.256 seconds
[2024-12-22T11:24:25.865+0000] {processor.py:186} INFO - Started process (PID=827) to work on /home/airflow/.local/lib/python3.12/site-packages/airflow/example_dags/example_complex.py
[2024-12-22T11:24:25.867+0000] {processor.py:914} INFO - Processing file /home/airflow/.local/lib/python3.12/site-packages/airflow/example_dags/example_complex.py for tasks to queue
[2024-12-22T11:24:25.874+0000] {logging_mixin.py:190} INFO - [2024-12-22T11:24:25.873+0000] {dagbag.py:588} INFO - Filling up the DagBag from /home/airflow/.local/lib/python3.12/site-packages/airflow/example_dags/example_complex.py
[2024-12-22T11:24:25.907+0000] {processor.py:925} INFO - DAG(s) 'example_complex' retrieved from /home/airflow/.local/lib/python3.12/site-packages/airflow/example_dags/example_complex.py
[2024-12-22T11:24:25.993+0000] {logging_mixin.py:190} INFO - [2024-12-22T11:24:25.992+0000] {dag.py:3239} INFO - Sync 1 DAGs
[2024-12-22T11:24:26.029+0000] {logging_mixin.py:190} INFO - [2024-12-22T11:24:26.029+0000] {dag.py:4180} INFO - Setting next_dagrun for example_complex to None, run_after=None
[2024-12-22T11:24:26.070+0000] {processor.py:208} INFO - Processing /home/airflow/.local/lib/python3.12/site-packages/airflow/example_dags/example_complex.py took 0.220 seconds
[2024-12-22T11:24:56.711+0000] {processor.py:186} INFO - Started process (PID=892) to work on /home/airflow/.local/lib/python3.12/site-packages/airflow/example_dags/example_complex.py
[2024-12-22T11:24:56.713+0000] {processor.py:914} INFO - Processing file /home/airflow/.local/lib/python3.12/site-packages/airflow/example_dags/example_complex.py for tasks to queue
[2024-12-22T11:24:56.720+0000] {logging_mixin.py:190} INFO - [2024-12-22T11:24:56.719+0000] {dagbag.py:588} INFO - Filling up the DagBag from /home/airflow/.local/lib/python3.12/site-packages/airflow/example_dags/example_complex.py
[2024-12-22T11:24:56.757+0000] {processor.py:925} INFO - DAG(s) 'example_complex' retrieved from /home/airflow/.local/lib/python3.12/site-packages/airflow/example_dags/example_complex.py
[2024-12-22T11:24:56.859+0000] {logging_mixin.py:190} INFO - [2024-12-22T11:24:56.859+0000] {dag.py:3239} INFO - Sync 1 DAGs
[2024-12-22T11:24:56.907+0000] {logging_mixin.py:190} INFO - [2024-12-22T11:24:56.906+0000] {dag.py:4180} INFO - Setting next_dagrun for example_complex to None, run_after=None
[2024-12-22T11:24:56.957+0000] {processor.py:208} INFO - Processing /home/airflow/.local/lib/python3.12/site-packages/airflow/example_dags/example_complex.py took 0.269 seconds
[2024-12-22T11:25:31.568+0000] {processor.py:186} INFO - Started process (PID=957) to work on /home/airflow/.local/lib/python3.12/site-packages/airflow/example_dags/example_complex.py
[2024-12-22T11:25:31.570+0000] {processor.py:914} INFO - Processing file /home/airflow/.local/lib/python3.12/site-packages/airflow/example_dags/example_complex.py for tasks to queue
[2024-12-22T11:25:31.576+0000] {logging_mixin.py:190} INFO - [2024-12-22T11:25:31.575+0000] {dagbag.py:588} INFO - Filling up the DagBag from /home/airflow/.local/lib/python3.12/site-packages/airflow/example_dags/example_complex.py
[2024-12-22T11:25:31.612+0000] {processor.py:925} INFO - DAG(s) 'example_complex' retrieved from /home/airflow/.local/lib/python3.12/site-packages/airflow/example_dags/example_complex.py
[2024-12-22T11:25:31.695+0000] {logging_mixin.py:190} INFO - [2024-12-22T11:25:31.694+0000] {dag.py:3239} INFO - Sync 1 DAGs
[2024-12-22T11:25:31.728+0000] {logging_mixin.py:190} INFO - [2024-12-22T11:25:31.728+0000] {dag.py:4180} INFO - Setting next_dagrun for example_complex to None, run_after=None
[2024-12-22T11:25:31.769+0000] {processor.py:208} INFO - Processing /home/airflow/.local/lib/python3.12/site-packages/airflow/example_dags/example_complex.py took 0.218 seconds
[2024-12-22T11:26:32.953+0000] {processor.py:186} INFO - Started process (PID=1039) to work on /home/airflow/.local/lib/python3.12/site-packages/airflow/example_dags/example_complex.py
[2024-12-22T11:26:32.956+0000] {processor.py:914} INFO - Processing file /home/airflow/.local/lib/python3.12/site-packages/airflow/example_dags/example_complex.py for tasks to queue
[2024-12-22T11:26:32.964+0000] {logging_mixin.py:190} INFO - [2024-12-22T11:26:32.963+0000] {dagbag.py:588} INFO - Filling up the DagBag from /home/airflow/.local/lib/python3.12/site-packages/airflow/example_dags/example_complex.py
[2024-12-22T11:26:33.001+0000] {processor.py:925} INFO - DAG(s) 'example_complex' retrieved from /home/airflow/.local/lib/python3.12/site-packages/airflow/example_dags/example_complex.py
[2024-12-22T11:26:33.096+0000] {logging_mixin.py:190} INFO - [2024-12-22T11:26:33.096+0000] {dag.py:3239} INFO - Sync 1 DAGs
[2024-12-22T11:26:33.139+0000] {logging_mixin.py:190} INFO - [2024-12-22T11:26:33.139+0000] {dag.py:4180} INFO - Setting next_dagrun for example_complex to None, run_after=None
[2024-12-22T11:26:33.189+0000] {processor.py:208} INFO - Processing /home/airflow/.local/lib/python3.12/site-packages/airflow/example_dags/example_complex.py took 0.254 seconds
[2024-12-22T11:27:09.090+0000] {processor.py:186} INFO - Started process (PID=1104) to work on /home/airflow/.local/lib/python3.12/site-packages/airflow/example_dags/example_complex.py
[2024-12-22T11:27:09.092+0000] {processor.py:914} INFO - Processing file /home/airflow/.local/lib/python3.12/site-packages/airflow/example_dags/example_complex.py for tasks to queue
[2024-12-22T11:27:09.097+0000] {logging_mixin.py:190} INFO - [2024-12-22T11:27:09.096+0000] {dagbag.py:588} INFO - Filling up the DagBag from /home/airflow/.local/lib/python3.12/site-packages/airflow/example_dags/example_complex.py
[2024-12-22T11:27:09.131+0000] {processor.py:925} INFO - DAG(s) 'example_complex' retrieved from /home/airflow/.local/lib/python3.12/site-packages/airflow/example_dags/example_complex.py
[2024-12-22T11:27:09.221+0000] {logging_mixin.py:190} INFO - [2024-12-22T11:27:09.220+0000] {dag.py:3239} INFO - Sync 1 DAGs
[2024-12-22T11:27:09.261+0000] {logging_mixin.py:190} INFO - [2024-12-22T11:27:09.260+0000] {dag.py:4180} INFO - Setting next_dagrun for example_complex to None, run_after=None
[2024-12-22T11:27:09.310+0000] {processor.py:208} INFO - Processing /home/airflow/.local/lib/python3.12/site-packages/airflow/example_dags/example_complex.py took 0.238 seconds
[2024-12-22T11:27:48.192+0000] {processor.py:186} INFO - Started process (PID=1169) to work on /home/airflow/.local/lib/python3.12/site-packages/airflow/example_dags/example_complex.py
[2024-12-22T11:27:48.194+0000] {processor.py:914} INFO - Processing file /home/airflow/.local/lib/python3.12/site-packages/airflow/example_dags/example_complex.py for tasks to queue
[2024-12-22T11:27:48.197+0000] {logging_mixin.py:190} INFO - [2024-12-22T11:27:48.196+0000] {dagbag.py:588} INFO - Filling up the DagBag from /home/airflow/.local/lib/python3.12/site-packages/airflow/example_dags/example_complex.py
[2024-12-22T11:27:48.230+0000] {processor.py:925} INFO - DAG(s) 'example_complex' retrieved from /home/airflow/.local/lib/python3.12/site-packages/airflow/example_dags/example_complex.py
[2024-12-22T11:27:48.319+0000] {logging_mixin.py:190} INFO - [2024-12-22T11:27:48.319+0000] {dag.py:3239} INFO - Sync 1 DAGs
[2024-12-22T11:27:48.361+0000] {logging_mixin.py:190} INFO - [2024-12-22T11:27:48.360+0000] {dag.py:4180} INFO - Setting next_dagrun for example_complex to None, run_after=None
[2024-12-22T11:27:48.404+0000] {processor.py:208} INFO - Processing /home/airflow/.local/lib/python3.12/site-packages/airflow/example_dags/example_complex.py took 0.225 seconds
[2024-12-22T11:28:27.344+0000] {processor.py:186} INFO - Started process (PID=1236) to work on /home/airflow/.local/lib/python3.12/site-packages/airflow/example_dags/example_complex.py
[2024-12-22T11:28:27.347+0000] {processor.py:914} INFO - Processing file /home/airflow/.local/lib/python3.12/site-packages/airflow/example_dags/example_complex.py for tasks to queue
[2024-12-22T11:28:27.351+0000] {logging_mixin.py:190} INFO - [2024-12-22T11:28:27.350+0000] {dagbag.py:588} INFO - Filling up the DagBag from /home/airflow/.local/lib/python3.12/site-packages/airflow/example_dags/example_complex.py
[2024-12-22T11:28:27.391+0000] {processor.py:925} INFO - DAG(s) 'example_complex' retrieved from /home/airflow/.local/lib/python3.12/site-packages/airflow/example_dags/example_complex.py
[2024-12-22T11:28:27.477+0000] {logging_mixin.py:190} INFO - [2024-12-22T11:28:27.476+0000] {dag.py:3239} INFO - Sync 1 DAGs
[2024-12-22T11:28:27.533+0000] {logging_mixin.py:190} INFO - [2024-12-22T11:28:27.532+0000] {dag.py:4180} INFO - Setting next_dagrun for example_complex to None, run_after=None
[2024-12-22T11:28:27.581+0000] {processor.py:208} INFO - Processing /home/airflow/.local/lib/python3.12/site-packages/airflow/example_dags/example_complex.py took 0.252 seconds
[2024-12-22T11:29:02.463+0000] {processor.py:186} INFO - Started process (PID=1307) to work on /home/airflow/.local/lib/python3.12/site-packages/airflow/example_dags/example_complex.py
[2024-12-22T11:29:02.466+0000] {processor.py:914} INFO - Processing file /home/airflow/.local/lib/python3.12/site-packages/airflow/example_dags/example_complex.py for tasks to queue
[2024-12-22T11:29:02.470+0000] {logging_mixin.py:190} INFO - [2024-12-22T11:29:02.469+0000] {dagbag.py:588} INFO - Filling up the DagBag from /home/airflow/.local/lib/python3.12/site-packages/airflow/example_dags/example_complex.py
[2024-12-22T11:29:02.519+0000] {processor.py:925} INFO - DAG(s) 'example_complex' retrieved from /home/airflow/.local/lib/python3.12/site-packages/airflow/example_dags/example_complex.py
[2024-12-22T11:29:02.625+0000] {logging_mixin.py:190} INFO - [2024-12-22T11:29:02.625+0000] {dag.py:3239} INFO - Sync 1 DAGs
[2024-12-22T11:29:02.674+0000] {logging_mixin.py:190} INFO - [2024-12-22T11:29:02.674+0000] {dag.py:4180} INFO - Setting next_dagrun for example_complex to None, run_after=None
[2024-12-22T11:29:02.728+0000] {processor.py:208} INFO - Processing /home/airflow/.local/lib/python3.12/site-packages/airflow/example_dags/example_complex.py took 0.286 seconds
[2024-12-22T11:29:36.515+0000] {processor.py:186} INFO - Started process (PID=1374) to work on /home/airflow/.local/lib/python3.12/site-packages/airflow/example_dags/example_complex.py
[2024-12-22T11:29:36.520+0000] {processor.py:914} INFO - Processing file /home/airflow/.local/lib/python3.12/site-packages/airflow/example_dags/example_complex.py for tasks to queue
[2024-12-22T11:29:36.530+0000] {logging_mixin.py:190} INFO - [2024-12-22T11:29:36.528+0000] {dagbag.py:588} INFO - Filling up the DagBag from /home/airflow/.local/lib/python3.12/site-packages/airflow/example_dags/example_complex.py
[2024-12-22T11:29:36.618+0000] {processor.py:925} INFO - DAG(s) 'example_complex' retrieved from /home/airflow/.local/lib/python3.12/site-packages/airflow/example_dags/example_complex.py
[2024-12-22T11:29:36.689+0000] {logging_mixin.py:190} INFO - [2024-12-22T11:29:36.689+0000] {dag.py:3239} INFO - Sync 1 DAGs
[2024-12-22T11:29:36.722+0000] {logging_mixin.py:190} INFO - [2024-12-22T11:29:36.722+0000] {dag.py:4180} INFO - Setting next_dagrun for example_complex to None, run_after=None
[2024-12-22T11:29:36.758+0000] {processor.py:208} INFO - Processing /home/airflow/.local/lib/python3.12/site-packages/airflow/example_dags/example_complex.py took 0.292 seconds
[2024-12-22T11:30:10.091+0000] {processor.py:186} INFO - Started process (PID=1439) to work on /home/airflow/.local/lib/python3.12/site-packages/airflow/example_dags/example_complex.py
[2024-12-22T11:30:10.095+0000] {processor.py:914} INFO - Processing file /home/airflow/.local/lib/python3.12/site-packages/airflow/example_dags/example_complex.py for tasks to queue
[2024-12-22T11:30:10.099+0000] {logging_mixin.py:190} INFO - [2024-12-22T11:30:10.098+0000] {dagbag.py:588} INFO - Filling up the DagBag from /home/airflow/.local/lib/python3.12/site-packages/airflow/example_dags/example_complex.py
[2024-12-22T11:30:10.139+0000] {processor.py:925} INFO - DAG(s) 'example_complex' retrieved from /home/airflow/.local/lib/python3.12/site-packages/airflow/example_dags/example_complex.py
[2024-12-22T11:30:10.322+0000] {logging_mixin.py:190} INFO - [2024-12-22T11:30:10.321+0000] {dag.py:3239} INFO - Sync 1 DAGs
[2024-12-22T11:30:10.422+0000] {logging_mixin.py:190} INFO - [2024-12-22T11:30:10.421+0000] {dag.py:4180} INFO - Setting next_dagrun for example_complex to None, run_after=None
[2024-12-22T11:30:11.372+0000] {processor.py:208} INFO - Processing /home/airflow/.local/lib/python3.12/site-packages/airflow/example_dags/example_complex.py took 1.302 seconds
[2024-12-22T11:30:41.592+0000] {processor.py:186} INFO - Started process (PID=1504) to work on /home/airflow/.local/lib/python3.12/site-packages/airflow/example_dags/example_complex.py
[2024-12-22T11:30:41.594+0000] {processor.py:914} INFO - Processing file /home/airflow/.local/lib/python3.12/site-packages/airflow/example_dags/example_complex.py for tasks to queue
[2024-12-22T11:30:41.598+0000] {logging_mixin.py:190} INFO - [2024-12-22T11:30:41.597+0000] {dagbag.py:588} INFO - Filling up the DagBag from /home/airflow/.local/lib/python3.12/site-packages/airflow/example_dags/example_complex.py
[2024-12-22T11:30:41.627+0000] {processor.py:925} INFO - DAG(s) 'example_complex' retrieved from /home/airflow/.local/lib/python3.12/site-packages/airflow/example_dags/example_complex.py
[2024-12-22T11:30:41.712+0000] {logging_mixin.py:190} INFO - [2024-12-22T11:30:41.711+0000] {dag.py:3239} INFO - Sync 1 DAGs
[2024-12-22T11:30:41.757+0000] {logging_mixin.py:190} INFO - [2024-12-22T11:30:41.757+0000] {dag.py:4180} INFO - Setting next_dagrun for example_complex to None, run_after=None
[2024-12-22T11:30:41.804+0000] {processor.py:208} INFO - Processing /home/airflow/.local/lib/python3.12/site-packages/airflow/example_dags/example_complex.py took 0.224 seconds
[2024-12-22T11:31:14.441+0000] {processor.py:186} INFO - Started process (PID=1569) to work on /home/airflow/.local/lib/python3.12/site-packages/airflow/example_dags/example_complex.py
[2024-12-22T11:31:14.444+0000] {processor.py:914} INFO - Processing file /home/airflow/.local/lib/python3.12/site-packages/airflow/example_dags/example_complex.py for tasks to queue
[2024-12-22T11:31:14.448+0000] {logging_mixin.py:190} INFO - [2024-12-22T11:31:14.447+0000] {dagbag.py:588} INFO - Filling up the DagBag from /home/airflow/.local/lib/python3.12/site-packages/airflow/example_dags/example_complex.py
[2024-12-22T11:31:14.490+0000] {processor.py:925} INFO - DAG(s) 'example_complex' retrieved from /home/airflow/.local/lib/python3.12/site-packages/airflow/example_dags/example_complex.py
[2024-12-22T11:31:14.578+0000] {logging_mixin.py:190} INFO - [2024-12-22T11:31:14.577+0000] {dag.py:3239} INFO - Sync 1 DAGs
[2024-12-22T11:31:14.632+0000] {logging_mixin.py:190} INFO - [2024-12-22T11:31:14.631+0000] {dag.py:4180} INFO - Setting next_dagrun for example_complex to None, run_after=None
[2024-12-22T11:31:14.690+0000] {processor.py:208} INFO - Processing /home/airflow/.local/lib/python3.12/site-packages/airflow/example_dags/example_complex.py took 0.269 seconds
[2024-12-22T11:31:51.610+0000] {processor.py:186} INFO - Started process (PID=1634) to work on /home/airflow/.local/lib/python3.12/site-packages/airflow/example_dags/example_complex.py
[2024-12-22T11:31:51.612+0000] {processor.py:914} INFO - Processing file /home/airflow/.local/lib/python3.12/site-packages/airflow/example_dags/example_complex.py for tasks to queue
[2024-12-22T11:31:51.616+0000] {logging_mixin.py:190} INFO - [2024-12-22T11:31:51.615+0000] {dagbag.py:588} INFO - Filling up the DagBag from /home/airflow/.local/lib/python3.12/site-packages/airflow/example_dags/example_complex.py
[2024-12-22T11:31:51.660+0000] {processor.py:925} INFO - DAG(s) 'example_complex' retrieved from /home/airflow/.local/lib/python3.12/site-packages/airflow/example_dags/example_complex.py
[2024-12-22T11:31:51.754+0000] {logging_mixin.py:190} INFO - [2024-12-22T11:31:51.753+0000] {dag.py:3239} INFO - Sync 1 DAGs
[2024-12-22T11:31:51.795+0000] {logging_mixin.py:190} INFO - [2024-12-22T11:31:51.794+0000] {dag.py:4180} INFO - Setting next_dagrun for example_complex to None, run_after=None
[2024-12-22T11:31:51.852+0000] {processor.py:208} INFO - Processing /home/airflow/.local/lib/python3.12/site-packages/airflow/example_dags/example_complex.py took 0.259 seconds
[2024-12-22T11:32:27.468+0000] {processor.py:186} INFO - Started process (PID=1688) to work on /home/airflow/.local/lib/python3.12/site-packages/airflow/example_dags/example_complex.py
[2024-12-22T11:32:27.470+0000] {processor.py:914} INFO - Processing file /home/airflow/.local/lib/python3.12/site-packages/airflow/example_dags/example_complex.py for tasks to queue
[2024-12-22T11:32:27.474+0000] {logging_mixin.py:190} INFO - [2024-12-22T11:32:27.474+0000] {dagbag.py:588} INFO - Filling up the DagBag from /home/airflow/.local/lib/python3.12/site-packages/airflow/example_dags/example_complex.py
[2024-12-22T11:32:27.515+0000] {processor.py:925} INFO - DAG(s) 'example_complex' retrieved from /home/airflow/.local/lib/python3.12/site-packages/airflow/example_dags/example_complex.py
[2024-12-22T11:32:27.609+0000] {logging_mixin.py:190} INFO - [2024-12-22T11:32:27.609+0000] {dag.py:3239} INFO - Sync 1 DAGs
[2024-12-22T11:32:27.659+0000] {logging_mixin.py:190} INFO - [2024-12-22T11:32:27.659+0000] {dag.py:4180} INFO - Setting next_dagrun for example_complex to None, run_after=None
[2024-12-22T11:32:27.705+0000] {processor.py:208} INFO - Processing /home/airflow/.local/lib/python3.12/site-packages/airflow/example_dags/example_complex.py took 0.252 seconds
[2024-12-22T11:33:06.059+0000] {processor.py:186} INFO - Started process (PID=1758) to work on /home/airflow/.local/lib/python3.12/site-packages/airflow/example_dags/example_complex.py
[2024-12-22T11:33:06.061+0000] {processor.py:914} INFO - Processing file /home/airflow/.local/lib/python3.12/site-packages/airflow/example_dags/example_complex.py for tasks to queue
[2024-12-22T11:33:06.063+0000] {logging_mixin.py:190} INFO - [2024-12-22T11:33:06.063+0000] {dagbag.py:588} INFO - Filling up the DagBag from /home/airflow/.local/lib/python3.12/site-packages/airflow/example_dags/example_complex.py
[2024-12-22T11:33:06.099+0000] {processor.py:925} INFO - DAG(s) 'example_complex' retrieved from /home/airflow/.local/lib/python3.12/site-packages/airflow/example_dags/example_complex.py
[2024-12-22T11:33:06.182+0000] {logging_mixin.py:190} INFO - [2024-12-22T11:33:06.182+0000] {dag.py:3239} INFO - Sync 1 DAGs
[2024-12-22T11:33:06.228+0000] {logging_mixin.py:190} INFO - [2024-12-22T11:33:06.228+0000] {dag.py:4180} INFO - Setting next_dagrun for example_complex to None, run_after=None
[2024-12-22T11:33:06.286+0000] {processor.py:208} INFO - Processing /home/airflow/.local/lib/python3.12/site-packages/airflow/example_dags/example_complex.py took 0.240 seconds
[2024-12-22T11:33:47.282+0000] {processor.py:186} INFO - Started process (PID=1826) to work on /home/airflow/.local/lib/python3.12/site-packages/airflow/example_dags/example_complex.py
[2024-12-22T11:33:47.285+0000] {processor.py:914} INFO - Processing file /home/airflow/.local/lib/python3.12/site-packages/airflow/example_dags/example_complex.py for tasks to queue
[2024-12-22T11:33:47.290+0000] {logging_mixin.py:190} INFO - [2024-12-22T11:33:47.289+0000] {dagbag.py:588} INFO - Filling up the DagBag from /home/airflow/.local/lib/python3.12/site-packages/airflow/example_dags/example_complex.py
[2024-12-22T11:33:47.328+0000] {processor.py:925} INFO - DAG(s) 'example_complex' retrieved from /home/airflow/.local/lib/python3.12/site-packages/airflow/example_dags/example_complex.py
[2024-12-22T11:33:47.435+0000] {logging_mixin.py:190} INFO - [2024-12-22T11:33:47.435+0000] {dag.py:3239} INFO - Sync 1 DAGs
[2024-12-22T11:33:47.486+0000] {logging_mixin.py:190} INFO - [2024-12-22T11:33:47.486+0000] {dag.py:4180} INFO - Setting next_dagrun for example_complex to None, run_after=None
[2024-12-22T11:33:47.540+0000] {processor.py:208} INFO - Processing /home/airflow/.local/lib/python3.12/site-packages/airflow/example_dags/example_complex.py took 0.272 seconds
[2024-12-22T11:34:25.959+0000] {processor.py:186} INFO - Started process (PID=1891) to work on /home/airflow/.local/lib/python3.12/site-packages/airflow/example_dags/example_complex.py
[2024-12-22T11:34:25.961+0000] {processor.py:914} INFO - Processing file /home/airflow/.local/lib/python3.12/site-packages/airflow/example_dags/example_complex.py for tasks to queue
[2024-12-22T11:34:25.965+0000] {logging_mixin.py:190} INFO - [2024-12-22T11:34:25.964+0000] {dagbag.py:588} INFO - Filling up the DagBag from /home/airflow/.local/lib/python3.12/site-packages/airflow/example_dags/example_complex.py
[2024-12-22T11:34:26.006+0000] {processor.py:925} INFO - DAG(s) 'example_complex' retrieved from /home/airflow/.local/lib/python3.12/site-packages/airflow/example_dags/example_complex.py
[2024-12-22T11:34:26.088+0000] {logging_mixin.py:190} INFO - [2024-12-22T11:34:26.087+0000] {dag.py:3239} INFO - Sync 1 DAGs
[2024-12-22T11:34:26.128+0000] {logging_mixin.py:190} INFO - [2024-12-22T11:34:26.127+0000] {dag.py:4180} INFO - Setting next_dagrun for example_complex to None, run_after=None
[2024-12-22T11:34:26.170+0000] {processor.py:208} INFO - Processing /home/airflow/.local/lib/python3.12/site-packages/airflow/example_dags/example_complex.py took 0.228 seconds
[2024-12-22T11:35:01.961+0000] {processor.py:186} INFO - Started process (PID=1964) to work on /home/airflow/.local/lib/python3.12/site-packages/airflow/example_dags/example_complex.py
[2024-12-22T11:35:01.965+0000] {processor.py:914} INFO - Processing file /home/airflow/.local/lib/python3.12/site-packages/airflow/example_dags/example_complex.py for tasks to queue
[2024-12-22T11:35:01.969+0000] {logging_mixin.py:190} INFO - [2024-12-22T11:35:01.967+0000] {dagbag.py:588} INFO - Filling up the DagBag from /home/airflow/.local/lib/python3.12/site-packages/airflow/example_dags/example_complex.py
[2024-12-22T11:35:02.011+0000] {processor.py:925} INFO - DAG(s) 'example_complex' retrieved from /home/airflow/.local/lib/python3.12/site-packages/airflow/example_dags/example_complex.py
[2024-12-22T11:35:02.087+0000] {logging_mixin.py:190} INFO - [2024-12-22T11:35:02.087+0000] {dag.py:3239} INFO - Sync 1 DAGs
[2024-12-22T11:35:02.129+0000] {logging_mixin.py:190} INFO - [2024-12-22T11:35:02.128+0000] {dag.py:4180} INFO - Setting next_dagrun for example_complex to None, run_after=None
[2024-12-22T11:35:02.183+0000] {processor.py:208} INFO - Processing /home/airflow/.local/lib/python3.12/site-packages/airflow/example_dags/example_complex.py took 0.260 seconds
[2024-12-22T11:35:35.505+0000] {processor.py:186} INFO - Started process (PID=2029) to work on /home/airflow/.local/lib/python3.12/site-packages/airflow/example_dags/example_complex.py
[2024-12-22T11:35:35.507+0000] {processor.py:914} INFO - Processing file /home/airflow/.local/lib/python3.12/site-packages/airflow/example_dags/example_complex.py for tasks to queue
[2024-12-22T11:35:35.510+0000] {logging_mixin.py:190} INFO - [2024-12-22T11:35:35.509+0000] {dagbag.py:588} INFO - Filling up the DagBag from /home/airflow/.local/lib/python3.12/site-packages/airflow/example_dags/example_complex.py
[2024-12-22T11:35:35.540+0000] {processor.py:925} INFO - DAG(s) 'example_complex' retrieved from /home/airflow/.local/lib/python3.12/site-packages/airflow/example_dags/example_complex.py
[2024-12-22T11:35:35.680+0000] {logging_mixin.py:190} INFO - [2024-12-22T11:35:35.678+0000] {dag.py:3239} INFO - Sync 1 DAGs
[2024-12-22T11:35:35.768+0000] {logging_mixin.py:190} INFO - [2024-12-22T11:35:35.767+0000] {dag.py:4180} INFO - Setting next_dagrun for example_complex to None, run_after=None
[2024-12-22T11:35:36.795+0000] {processor.py:208} INFO - Processing /home/airflow/.local/lib/python3.12/site-packages/airflow/example_dags/example_complex.py took 1.304 seconds
[2024-12-22T11:36:32.982+0000] {processor.py:186} INFO - Started process (PID=2093) to work on /home/airflow/.local/lib/python3.12/site-packages/airflow/example_dags/example_complex.py
[2024-12-22T11:36:32.985+0000] {processor.py:914} INFO - Processing file /home/airflow/.local/lib/python3.12/site-packages/airflow/example_dags/example_complex.py for tasks to queue
[2024-12-22T11:36:32.994+0000] {logging_mixin.py:190} INFO - [2024-12-22T11:36:32.989+0000] {dagbag.py:588} INFO - Filling up the DagBag from /home/airflow/.local/lib/python3.12/site-packages/airflow/example_dags/example_complex.py
[2024-12-22T11:36:33.064+0000] {processor.py:925} INFO - DAG(s) 'example_complex' retrieved from /home/airflow/.local/lib/python3.12/site-packages/airflow/example_dags/example_complex.py
[2024-12-22T11:36:33.171+0000] {logging_mixin.py:190} INFO - [2024-12-22T11:36:33.170+0000] {dag.py:3239} INFO - Sync 1 DAGs
[2024-12-22T11:36:33.216+0000] {logging_mixin.py:190} INFO - [2024-12-22T11:36:33.215+0000] {dag.py:4180} INFO - Setting next_dagrun for example_complex to None, run_after=None
[2024-12-22T11:36:34.226+0000] {processor.py:208} INFO - Processing /home/airflow/.local/lib/python3.12/site-packages/airflow/example_dags/example_complex.py took 1.281 seconds
[2024-12-22T11:37:04.999+0000] {processor.py:186} INFO - Started process (PID=2158) to work on /home/airflow/.local/lib/python3.12/site-packages/airflow/example_dags/example_complex.py
[2024-12-22T11:37:05.004+0000] {processor.py:914} INFO - Processing file /home/airflow/.local/lib/python3.12/site-packages/airflow/example_dags/example_complex.py for tasks to queue
[2024-12-22T11:37:05.011+0000] {logging_mixin.py:190} INFO - [2024-12-22T11:37:05.009+0000] {dagbag.py:588} INFO - Filling up the DagBag from /home/airflow/.local/lib/python3.12/site-packages/airflow/example_dags/example_complex.py
[2024-12-22T11:37:06.117+0000] {processor.py:925} INFO - DAG(s) 'example_complex' retrieved from /home/airflow/.local/lib/python3.12/site-packages/airflow/example_dags/example_complex.py
[2024-12-22T11:37:06.263+0000] {logging_mixin.py:190} INFO - [2024-12-22T11:37:06.262+0000] {dag.py:3239} INFO - Sync 1 DAGs
[2024-12-22T11:37:06.296+0000] {logging_mixin.py:190} INFO - [2024-12-22T11:37:06.295+0000] {dag.py:4180} INFO - Setting next_dagrun for example_complex to None, run_after=None
[2024-12-22T11:37:07.232+0000] {processor.py:208} INFO - Processing /home/airflow/.local/lib/python3.12/site-packages/airflow/example_dags/example_complex.py took 2.278 seconds
[2024-12-22T11:37:40.629+0000] {processor.py:186} INFO - Started process (PID=2223) to work on /home/airflow/.local/lib/python3.12/site-packages/airflow/example_dags/example_complex.py
[2024-12-22T11:37:40.632+0000] {processor.py:914} INFO - Processing file /home/airflow/.local/lib/python3.12/site-packages/airflow/example_dags/example_complex.py for tasks to queue
[2024-12-22T11:37:40.637+0000] {logging_mixin.py:190} INFO - [2024-12-22T11:37:40.636+0000] {dagbag.py:588} INFO - Filling up the DagBag from /home/airflow/.local/lib/python3.12/site-packages/airflow/example_dags/example_complex.py
[2024-12-22T11:37:40.681+0000] {processor.py:925} INFO - DAG(s) 'example_complex' retrieved from /home/airflow/.local/lib/python3.12/site-packages/airflow/example_dags/example_complex.py
[2024-12-22T11:37:40.793+0000] {logging_mixin.py:190} INFO - [2024-12-22T11:37:40.792+0000] {dag.py:3239} INFO - Sync 1 DAGs
[2024-12-22T11:37:40.849+0000] {logging_mixin.py:190} INFO - [2024-12-22T11:37:40.848+0000] {dag.py:4180} INFO - Setting next_dagrun for example_complex to None, run_after=None
[2024-12-22T11:37:40.905+0000] {processor.py:208} INFO - Processing /home/airflow/.local/lib/python3.12/site-packages/airflow/example_dags/example_complex.py took 0.295 seconds
[2024-12-22T11:38:18.920+0000] {processor.py:186} INFO - Started process (PID=2279) to work on /home/airflow/.local/lib/python3.12/site-packages/airflow/example_dags/example_complex.py
[2024-12-22T11:38:18.922+0000] {processor.py:914} INFO - Processing file /home/airflow/.local/lib/python3.12/site-packages/airflow/example_dags/example_complex.py for tasks to queue
[2024-12-22T11:38:18.926+0000] {logging_mixin.py:190} INFO - [2024-12-22T11:38:18.925+0000] {dagbag.py:588} INFO - Filling up the DagBag from /home/airflow/.local/lib/python3.12/site-packages/airflow/example_dags/example_complex.py
[2024-12-22T11:38:18.970+0000] {processor.py:925} INFO - DAG(s) 'example_complex' retrieved from /home/airflow/.local/lib/python3.12/site-packages/airflow/example_dags/example_complex.py
[2024-12-22T11:38:19.102+0000] {logging_mixin.py:190} INFO - [2024-12-22T11:38:19.101+0000] {dag.py:3239} INFO - Sync 1 DAGs
[2024-12-22T11:38:19.163+0000] {logging_mixin.py:190} INFO - [2024-12-22T11:38:19.162+0000] {dag.py:4180} INFO - Setting next_dagrun for example_complex to None, run_after=None
[2024-12-22T11:38:19.231+0000] {processor.py:208} INFO - Processing /home/airflow/.local/lib/python3.12/site-packages/airflow/example_dags/example_complex.py took 0.334 seconds
[2024-12-22T11:39:00.380+0000] {processor.py:186} INFO - Started process (PID=2344) to work on /home/airflow/.local/lib/python3.12/site-packages/airflow/example_dags/example_complex.py
[2024-12-22T11:39:00.382+0000] {processor.py:914} INFO - Processing file /home/airflow/.local/lib/python3.12/site-packages/airflow/example_dags/example_complex.py for tasks to queue
[2024-12-22T11:39:00.386+0000] {logging_mixin.py:190} INFO - [2024-12-22T11:39:00.385+0000] {dagbag.py:588} INFO - Filling up the DagBag from /home/airflow/.local/lib/python3.12/site-packages/airflow/example_dags/example_complex.py
[2024-12-22T11:39:00.429+0000] {processor.py:925} INFO - DAG(s) 'example_complex' retrieved from /home/airflow/.local/lib/python3.12/site-packages/airflow/example_dags/example_complex.py
[2024-12-22T11:39:00.541+0000] {logging_mixin.py:190} INFO - [2024-12-22T11:39:00.540+0000] {dag.py:3239} INFO - Sync 1 DAGs
[2024-12-22T11:39:00.594+0000] {logging_mixin.py:190} INFO - [2024-12-22T11:39:00.593+0000] {dag.py:4180} INFO - Setting next_dagrun for example_complex to None, run_after=None
[2024-12-22T11:39:00.637+0000] {processor.py:208} INFO - Processing /home/airflow/.local/lib/python3.12/site-packages/airflow/example_dags/example_complex.py took 0.274 seconds
[2024-12-22T11:39:36.874+0000] {processor.py:186} INFO - Started process (PID=2414) to work on /home/airflow/.local/lib/python3.12/site-packages/airflow/example_dags/example_complex.py
[2024-12-22T11:39:36.878+0000] {processor.py:914} INFO - Processing file /home/airflow/.local/lib/python3.12/site-packages/airflow/example_dags/example_complex.py for tasks to queue
[2024-12-22T11:39:36.882+0000] {logging_mixin.py:190} INFO - [2024-12-22T11:39:36.881+0000] {dagbag.py:588} INFO - Filling up the DagBag from /home/airflow/.local/lib/python3.12/site-packages/airflow/example_dags/example_complex.py
[2024-12-22T11:39:36.926+0000] {processor.py:925} INFO - DAG(s) 'example_complex' retrieved from /home/airflow/.local/lib/python3.12/site-packages/airflow/example_dags/example_complex.py
[2024-12-22T11:39:37.036+0000] {logging_mixin.py:190} INFO - [2024-12-22T11:39:37.035+0000] {dag.py:3239} INFO - Sync 1 DAGs
[2024-12-22T11:39:37.093+0000] {logging_mixin.py:190} INFO - [2024-12-22T11:39:37.092+0000] {dag.py:4180} INFO - Setting next_dagrun for example_complex to None, run_after=None
[2024-12-22T11:39:37.154+0000] {processor.py:208} INFO - Processing /home/airflow/.local/lib/python3.12/site-packages/airflow/example_dags/example_complex.py took 0.299 seconds
[2024-12-22T11:40:17.976+0000] {processor.py:186} INFO - Started process (PID=2481) to work on /home/airflow/.local/lib/python3.12/site-packages/airflow/example_dags/example_complex.py
[2024-12-22T11:40:17.978+0000] {processor.py:914} INFO - Processing file /home/airflow/.local/lib/python3.12/site-packages/airflow/example_dags/example_complex.py for tasks to queue
[2024-12-22T11:40:17.982+0000] {logging_mixin.py:190} INFO - [2024-12-22T11:40:17.981+0000] {dagbag.py:588} INFO - Filling up the DagBag from /home/airflow/.local/lib/python3.12/site-packages/airflow/example_dags/example_complex.py
[2024-12-22T11:40:18.024+0000] {processor.py:925} INFO - DAG(s) 'example_complex' retrieved from /home/airflow/.local/lib/python3.12/site-packages/airflow/example_dags/example_complex.py
[2024-12-22T11:40:18.119+0000] {logging_mixin.py:190} INFO - [2024-12-22T11:40:18.118+0000] {dag.py:3239} INFO - Sync 1 DAGs
[2024-12-22T11:40:18.155+0000] {logging_mixin.py:190} INFO - [2024-12-22T11:40:18.155+0000] {dag.py:4180} INFO - Setting next_dagrun for example_complex to None, run_after=None
[2024-12-22T11:40:18.200+0000] {processor.py:208} INFO - Processing /home/airflow/.local/lib/python3.12/site-packages/airflow/example_dags/example_complex.py took 0.238 seconds
[2024-12-22T11:40:57.290+0000] {processor.py:186} INFO - Started process (PID=2546) to work on /home/airflow/.local/lib/python3.12/site-packages/airflow/example_dags/example_complex.py
[2024-12-22T11:40:57.293+0000] {processor.py:914} INFO - Processing file /home/airflow/.local/lib/python3.12/site-packages/airflow/example_dags/example_complex.py for tasks to queue
[2024-12-22T11:40:57.297+0000] {logging_mixin.py:190} INFO - [2024-12-22T11:40:57.296+0000] {dagbag.py:588} INFO - Filling up the DagBag from /home/airflow/.local/lib/python3.12/site-packages/airflow/example_dags/example_complex.py
[2024-12-22T11:40:57.331+0000] {processor.py:925} INFO - DAG(s) 'example_complex' retrieved from /home/airflow/.local/lib/python3.12/site-packages/airflow/example_dags/example_complex.py
[2024-12-22T11:40:57.433+0000] {logging_mixin.py:190} INFO - [2024-12-22T11:40:57.433+0000] {dag.py:3239} INFO - Sync 1 DAGs
[2024-12-22T11:40:57.488+0000] {logging_mixin.py:190} INFO - [2024-12-22T11:40:57.488+0000] {dag.py:4180} INFO - Setting next_dagrun for example_complex to None, run_after=None
[2024-12-22T11:40:57.534+0000] {processor.py:208} INFO - Processing /home/airflow/.local/lib/python3.12/site-packages/airflow/example_dags/example_complex.py took 0.261 seconds
[2024-12-22T11:41:32.483+0000] {processor.py:186} INFO - Started process (PID=2617) to work on /home/airflow/.local/lib/python3.12/site-packages/airflow/example_dags/example_complex.py
[2024-12-22T11:41:32.485+0000] {processor.py:914} INFO - Processing file /home/airflow/.local/lib/python3.12/site-packages/airflow/example_dags/example_complex.py for tasks to queue
[2024-12-22T11:41:32.488+0000] {logging_mixin.py:190} INFO - [2024-12-22T11:41:32.487+0000] {dagbag.py:588} INFO - Filling up the DagBag from /home/airflow/.local/lib/python3.12/site-packages/airflow/example_dags/example_complex.py
[2024-12-22T11:41:32.528+0000] {processor.py:925} INFO - DAG(s) 'example_complex' retrieved from /home/airflow/.local/lib/python3.12/site-packages/airflow/example_dags/example_complex.py
[2024-12-22T11:41:32.677+0000] {logging_mixin.py:190} INFO - [2024-12-22T11:41:32.676+0000] {dag.py:3239} INFO - Sync 1 DAGs
[2024-12-22T11:41:32.750+0000] {logging_mixin.py:190} INFO - [2024-12-22T11:41:32.749+0000] {dag.py:4180} INFO - Setting next_dagrun for example_complex to None, run_after=None
[2024-12-22T11:41:33.900+0000] {processor.py:208} INFO - Processing /home/airflow/.local/lib/python3.12/site-packages/airflow/example_dags/example_complex.py took 1.431 seconds
[2024-12-22T11:43:17.438+0000] {processor.py:186} INFO - Started process (PID=2679) to work on /home/airflow/.local/lib/python3.12/site-packages/airflow/example_dags/example_complex.py
[2024-12-22T11:43:17.446+0000] {processor.py:914} INFO - Processing file /home/airflow/.local/lib/python3.12/site-packages/airflow/example_dags/example_complex.py for tasks to queue
[2024-12-22T11:43:17.452+0000] {logging_mixin.py:190} INFO - [2024-12-22T11:43:17.451+0000] {dagbag.py:588} INFO - Filling up the DagBag from /home/airflow/.local/lib/python3.12/site-packages/airflow/example_dags/example_complex.py
[2024-12-22T11:43:17.524+0000] {processor.py:925} INFO - DAG(s) 'example_complex' retrieved from /home/airflow/.local/lib/python3.12/site-packages/airflow/example_dags/example_complex.py
[2024-12-22T11:43:17.667+0000] {logging_mixin.py:190} INFO - [2024-12-22T11:43:17.666+0000] {dag.py:3239} INFO - Sync 1 DAGs
[2024-12-22T11:43:17.710+0000] {logging_mixin.py:190} INFO - [2024-12-22T11:43:17.709+0000] {dag.py:4180} INFO - Setting next_dagrun for example_complex to None, run_after=None
[2024-12-22T11:43:17.761+0000] {processor.py:208} INFO - Processing /home/airflow/.local/lib/python3.12/site-packages/airflow/example_dags/example_complex.py took 0.346 seconds
[2024-12-22T11:45:50.410+0000] {processor.py:186} INFO - Started process (PID=2747) to work on /home/airflow/.local/lib/python3.12/site-packages/airflow/example_dags/example_complex.py
[2024-12-22T11:45:50.414+0000] {processor.py:914} INFO - Processing file /home/airflow/.local/lib/python3.12/site-packages/airflow/example_dags/example_complex.py for tasks to queue
[2024-12-22T11:45:50.432+0000] {logging_mixin.py:190} INFO - [2024-12-22T11:45:50.429+0000] {dagbag.py:588} INFO - Filling up the DagBag from /home/airflow/.local/lib/python3.12/site-packages/airflow/example_dags/example_complex.py
[2024-12-22T11:45:50.518+0000] {processor.py:925} INFO - DAG(s) 'example_complex' retrieved from /home/airflow/.local/lib/python3.12/site-packages/airflow/example_dags/example_complex.py
[2024-12-22T11:45:50.739+0000] {logging_mixin.py:190} INFO - [2024-12-22T11:45:50.738+0000] {dag.py:3239} INFO - Sync 1 DAGs
[2024-12-22T11:45:50.833+0000] {logging_mixin.py:190} INFO - [2024-12-22T11:45:50.831+0000] {dag.py:4180} INFO - Setting next_dagrun for example_complex to None, run_after=None
[2024-12-22T11:45:50.927+0000] {processor.py:208} INFO - Processing /home/airflow/.local/lib/python3.12/site-packages/airflow/example_dags/example_complex.py took 0.557 seconds
[2024-12-22T11:50:06.012+0000] {processor.py:186} INFO - Started process (PID=94) to work on /home/airflow/.local/lib/python3.12/site-packages/airflow/example_dags/example_complex.py
[2024-12-22T11:50:06.013+0000] {processor.py:914} INFO - Processing file /home/airflow/.local/lib/python3.12/site-packages/airflow/example_dags/example_complex.py for tasks to queue
[2024-12-22T11:50:06.017+0000] {logging_mixin.py:190} INFO - [2024-12-22T11:50:06.016+0000] {dagbag.py:588} INFO - Filling up the DagBag from /home/airflow/.local/lib/python3.12/site-packages/airflow/example_dags/example_complex.py
[2024-12-22T11:50:06.034+0000] {processor.py:925} INFO - DAG(s) 'example_complex' retrieved from /home/airflow/.local/lib/python3.12/site-packages/airflow/example_dags/example_complex.py
[2024-12-22T11:50:06.077+0000] {logging_mixin.py:190} INFO - [2024-12-22T11:50:06.077+0000] {dag.py:3239} INFO - Sync 1 DAGs
[2024-12-22T11:50:06.098+0000] {logging_mixin.py:190} INFO - [2024-12-22T11:50:06.097+0000] {dag.py:4180} INFO - Setting next_dagrun for example_complex to None, run_after=None
[2024-12-22T11:50:06.124+0000] {processor.py:208} INFO - Processing /home/airflow/.local/lib/python3.12/site-packages/airflow/example_dags/example_complex.py took 0.121 seconds
[2024-12-22T11:50:37.310+0000] {processor.py:186} INFO - Started process (PID=159) to work on /home/airflow/.local/lib/python3.12/site-packages/airflow/example_dags/example_complex.py
[2024-12-22T11:50:37.312+0000] {processor.py:914} INFO - Processing file /home/airflow/.local/lib/python3.12/site-packages/airflow/example_dags/example_complex.py for tasks to queue
[2024-12-22T11:50:37.320+0000] {logging_mixin.py:190} INFO - [2024-12-22T11:50:37.319+0000] {dagbag.py:588} INFO - Filling up the DagBag from /home/airflow/.local/lib/python3.12/site-packages/airflow/example_dags/example_complex.py
[2024-12-22T11:50:37.354+0000] {processor.py:925} INFO - DAG(s) 'example_complex' retrieved from /home/airflow/.local/lib/python3.12/site-packages/airflow/example_dags/example_complex.py
[2024-12-22T11:50:37.438+0000] {logging_mixin.py:190} INFO - [2024-12-22T11:50:37.438+0000] {dag.py:3239} INFO - Sync 1 DAGs
[2024-12-22T11:50:37.467+0000] {logging_mixin.py:190} INFO - [2024-12-22T11:50:37.467+0000] {dag.py:4180} INFO - Setting next_dagrun for example_complex to None, run_after=None
[2024-12-22T11:50:37.507+0000] {processor.py:208} INFO - Processing /home/airflow/.local/lib/python3.12/site-packages/airflow/example_dags/example_complex.py took 0.209 seconds
[2024-12-22T11:51:16.032+0000] {processor.py:186} INFO - Started process (PID=224) to work on /home/airflow/.local/lib/python3.12/site-packages/airflow/example_dags/example_complex.py
[2024-12-22T11:51:16.034+0000] {processor.py:914} INFO - Processing file /home/airflow/.local/lib/python3.12/site-packages/airflow/example_dags/example_complex.py for tasks to queue
[2024-12-22T11:51:16.037+0000] {logging_mixin.py:190} INFO - [2024-12-22T11:51:16.037+0000] {dagbag.py:588} INFO - Filling up the DagBag from /home/airflow/.local/lib/python3.12/site-packages/airflow/example_dags/example_complex.py
[2024-12-22T11:51:16.052+0000] {processor.py:925} INFO - DAG(s) 'example_complex' retrieved from /home/airflow/.local/lib/python3.12/site-packages/airflow/example_dags/example_complex.py
[2024-12-22T11:51:16.090+0000] {logging_mixin.py:190} INFO - [2024-12-22T11:51:16.090+0000] {dag.py:3239} INFO - Sync 1 DAGs
[2024-12-22T11:51:16.107+0000] {logging_mixin.py:190} INFO - [2024-12-22T11:51:16.107+0000] {dag.py:4180} INFO - Setting next_dagrun for example_complex to None, run_after=None
[2024-12-22T11:51:16.128+0000] {processor.py:208} INFO - Processing /home/airflow/.local/lib/python3.12/site-packages/airflow/example_dags/example_complex.py took 0.106 seconds
[2024-12-22T11:51:47.698+0000] {processor.py:186} INFO - Started process (PID=295) to work on /home/airflow/.local/lib/python3.12/site-packages/airflow/example_dags/example_complex.py
[2024-12-22T11:51:47.699+0000] {processor.py:914} INFO - Processing file /home/airflow/.local/lib/python3.12/site-packages/airflow/example_dags/example_complex.py for tasks to queue
[2024-12-22T11:51:47.702+0000] {logging_mixin.py:190} INFO - [2024-12-22T11:51:47.701+0000] {dagbag.py:588} INFO - Filling up the DagBag from /home/airflow/.local/lib/python3.12/site-packages/airflow/example_dags/example_complex.py
[2024-12-22T11:51:47.717+0000] {processor.py:925} INFO - DAG(s) 'example_complex' retrieved from /home/airflow/.local/lib/python3.12/site-packages/airflow/example_dags/example_complex.py
[2024-12-22T11:51:47.754+0000] {logging_mixin.py:190} INFO - [2024-12-22T11:51:47.754+0000] {dag.py:3239} INFO - Sync 1 DAGs
[2024-12-22T11:51:47.771+0000] {logging_mixin.py:190} INFO - [2024-12-22T11:51:47.771+0000] {dag.py:4180} INFO - Setting next_dagrun for example_complex to None, run_after=None
[2024-12-22T11:51:47.795+0000] {processor.py:208} INFO - Processing /home/airflow/.local/lib/python3.12/site-packages/airflow/example_dags/example_complex.py took 0.104 seconds
[2024-12-22T11:52:18.901+0000] {processor.py:186} INFO - Started process (PID=360) to work on /home/airflow/.local/lib/python3.12/site-packages/airflow/example_dags/example_complex.py
[2024-12-22T11:52:18.902+0000] {processor.py:914} INFO - Processing file /home/airflow/.local/lib/python3.12/site-packages/airflow/example_dags/example_complex.py for tasks to queue
[2024-12-22T11:52:18.905+0000] {logging_mixin.py:190} INFO - [2024-12-22T11:52:18.905+0000] {dagbag.py:588} INFO - Filling up the DagBag from /home/airflow/.local/lib/python3.12/site-packages/airflow/example_dags/example_complex.py
[2024-12-22T11:52:18.920+0000] {processor.py:925} INFO - DAG(s) 'example_complex' retrieved from /home/airflow/.local/lib/python3.12/site-packages/airflow/example_dags/example_complex.py
[2024-12-22T11:52:18.962+0000] {logging_mixin.py:190} INFO - [2024-12-22T11:52:18.962+0000] {dag.py:3239} INFO - Sync 1 DAGs
[2024-12-22T11:52:18.980+0000] {logging_mixin.py:190} INFO - [2024-12-22T11:52:18.980+0000] {dag.py:4180} INFO - Setting next_dagrun for example_complex to None, run_after=None
[2024-12-22T11:52:19.002+0000] {processor.py:208} INFO - Processing /home/airflow/.local/lib/python3.12/site-packages/airflow/example_dags/example_complex.py took 0.107 seconds
[2024-12-22T11:52:50.679+0000] {processor.py:186} INFO - Started process (PID=425) to work on /home/airflow/.local/lib/python3.12/site-packages/airflow/example_dags/example_complex.py
[2024-12-22T11:52:50.680+0000] {processor.py:914} INFO - Processing file /home/airflow/.local/lib/python3.12/site-packages/airflow/example_dags/example_complex.py for tasks to queue
[2024-12-22T11:52:50.684+0000] {logging_mixin.py:190} INFO - [2024-12-22T11:52:50.683+0000] {dagbag.py:588} INFO - Filling up the DagBag from /home/airflow/.local/lib/python3.12/site-packages/airflow/example_dags/example_complex.py
[2024-12-22T11:52:50.701+0000] {processor.py:925} INFO - DAG(s) 'example_complex' retrieved from /home/airflow/.local/lib/python3.12/site-packages/airflow/example_dags/example_complex.py
[2024-12-22T11:52:50.751+0000] {logging_mixin.py:190} INFO - [2024-12-22T11:52:50.750+0000] {dag.py:3239} INFO - Sync 1 DAGs
[2024-12-22T11:52:50.773+0000] {logging_mixin.py:190} INFO - [2024-12-22T11:52:50.772+0000] {dag.py:4180} INFO - Setting next_dagrun for example_complex to None, run_after=None
[2024-12-22T11:52:50.807+0000] {processor.py:208} INFO - Processing /home/airflow/.local/lib/python3.12/site-packages/airflow/example_dags/example_complex.py took 0.136 seconds
[2024-12-22T11:53:22.002+0000] {processor.py:186} INFO - Started process (PID=490) to work on /home/airflow/.local/lib/python3.12/site-packages/airflow/example_dags/example_complex.py
[2024-12-22T11:53:22.003+0000] {processor.py:914} INFO - Processing file /home/airflow/.local/lib/python3.12/site-packages/airflow/example_dags/example_complex.py for tasks to queue
[2024-12-22T11:53:22.006+0000] {logging_mixin.py:190} INFO - [2024-12-22T11:53:22.005+0000] {dagbag.py:588} INFO - Filling up the DagBag from /home/airflow/.local/lib/python3.12/site-packages/airflow/example_dags/example_complex.py
[2024-12-22T11:53:22.020+0000] {processor.py:925} INFO - DAG(s) 'example_complex' retrieved from /home/airflow/.local/lib/python3.12/site-packages/airflow/example_dags/example_complex.py
[2024-12-22T11:53:22.061+0000] {logging_mixin.py:190} INFO - [2024-12-22T11:53:22.061+0000] {dag.py:3239} INFO - Sync 1 DAGs
[2024-12-22T11:53:22.080+0000] {logging_mixin.py:190} INFO - [2024-12-22T11:53:22.080+0000] {dag.py:4180} INFO - Setting next_dagrun for example_complex to None, run_after=None
[2024-12-22T11:53:22.103+0000] {processor.py:208} INFO - Processing /home/airflow/.local/lib/python3.12/site-packages/airflow/example_dags/example_complex.py took 0.108 seconds
[2024-12-22T11:53:53.991+0000] {processor.py:186} INFO - Started process (PID=555) to work on /home/airflow/.local/lib/python3.12/site-packages/airflow/example_dags/example_complex.py
[2024-12-22T11:53:53.992+0000] {processor.py:914} INFO - Processing file /home/airflow/.local/lib/python3.12/site-packages/airflow/example_dags/example_complex.py for tasks to queue
[2024-12-22T11:53:53.995+0000] {logging_mixin.py:190} INFO - [2024-12-22T11:53:53.994+0000] {dagbag.py:588} INFO - Filling up the DagBag from /home/airflow/.local/lib/python3.12/site-packages/airflow/example_dags/example_complex.py
[2024-12-22T11:53:54.010+0000] {processor.py:925} INFO - DAG(s) 'example_complex' retrieved from /home/airflow/.local/lib/python3.12/site-packages/airflow/example_dags/example_complex.py
[2024-12-22T11:53:54.051+0000] {logging_mixin.py:190} INFO - [2024-12-22T11:53:54.050+0000] {dag.py:3239} INFO - Sync 1 DAGs
[2024-12-22T11:53:54.069+0000] {logging_mixin.py:190} INFO - [2024-12-22T11:53:54.068+0000] {dag.py:4180} INFO - Setting next_dagrun for example_complex to None, run_after=None
[2024-12-22T11:53:54.090+0000] {processor.py:208} INFO - Processing /home/airflow/.local/lib/python3.12/site-packages/airflow/example_dags/example_complex.py took 0.107 seconds
[2024-12-22T11:54:26.619+0000] {processor.py:186} INFO - Started process (PID=620) to work on /home/airflow/.local/lib/python3.12/site-packages/airflow/example_dags/example_complex.py
[2024-12-22T11:54:26.620+0000] {processor.py:914} INFO - Processing file /home/airflow/.local/lib/python3.12/site-packages/airflow/example_dags/example_complex.py for tasks to queue
[2024-12-22T11:54:26.623+0000] {logging_mixin.py:190} INFO - [2024-12-22T11:54:26.623+0000] {dagbag.py:588} INFO - Filling up the DagBag from /home/airflow/.local/lib/python3.12/site-packages/airflow/example_dags/example_complex.py
[2024-12-22T11:54:26.643+0000] {processor.py:925} INFO - DAG(s) 'example_complex' retrieved from /home/airflow/.local/lib/python3.12/site-packages/airflow/example_dags/example_complex.py
[2024-12-22T11:54:26.699+0000] {logging_mixin.py:190} INFO - [2024-12-22T11:54:26.698+0000] {dag.py:3239} INFO - Sync 1 DAGs
[2024-12-22T11:54:26.720+0000] {logging_mixin.py:190} INFO - [2024-12-22T11:54:26.720+0000] {dag.py:4180} INFO - Setting next_dagrun for example_complex to None, run_after=None
[2024-12-22T11:54:26.749+0000] {processor.py:208} INFO - Processing /home/airflow/.local/lib/python3.12/site-packages/airflow/example_dags/example_complex.py took 0.141 seconds
[2024-12-22T11:54:57.843+0000] {processor.py:186} INFO - Started process (PID=685) to work on /home/airflow/.local/lib/python3.12/site-packages/airflow/example_dags/example_complex.py
[2024-12-22T11:54:57.844+0000] {processor.py:914} INFO - Processing file /home/airflow/.local/lib/python3.12/site-packages/airflow/example_dags/example_complex.py for tasks to queue
[2024-12-22T11:54:57.847+0000] {logging_mixin.py:190} INFO - [2024-12-22T11:54:57.846+0000] {dagbag.py:588} INFO - Filling up the DagBag from /home/airflow/.local/lib/python3.12/site-packages/airflow/example_dags/example_complex.py
[2024-12-22T11:54:57.864+0000] {processor.py:925} INFO - DAG(s) 'example_complex' retrieved from /home/airflow/.local/lib/python3.12/site-packages/airflow/example_dags/example_complex.py
[2024-12-22T11:54:57.908+0000] {logging_mixin.py:190} INFO - [2024-12-22T11:54:57.908+0000] {dag.py:3239} INFO - Sync 1 DAGs
[2024-12-22T11:54:57.931+0000] {logging_mixin.py:190} INFO - [2024-12-22T11:54:57.931+0000] {dag.py:4180} INFO - Setting next_dagrun for example_complex to None, run_after=None
[2024-12-22T11:54:57.956+0000] {processor.py:208} INFO - Processing /home/airflow/.local/lib/python3.12/site-packages/airflow/example_dags/example_complex.py took 0.121 seconds
[2024-12-22T11:56:36.827+0000] {processor.py:186} INFO - Started process (PID=96) to work on /home/airflow/.local/lib/python3.12/site-packages/airflow/example_dags/example_complex.py
[2024-12-22T11:56:36.828+0000] {processor.py:914} INFO - Processing file /home/airflow/.local/lib/python3.12/site-packages/airflow/example_dags/example_complex.py for tasks to queue
[2024-12-22T11:56:36.832+0000] {logging_mixin.py:190} INFO - [2024-12-22T11:56:36.832+0000] {dagbag.py:588} INFO - Filling up the DagBag from /home/airflow/.local/lib/python3.12/site-packages/airflow/example_dags/example_complex.py
[2024-12-22T11:56:36.865+0000] {processor.py:925} INFO - DAG(s) 'example_complex' retrieved from /home/airflow/.local/lib/python3.12/site-packages/airflow/example_dags/example_complex.py
[2024-12-22T11:56:36.922+0000] {logging_mixin.py:190} INFO - [2024-12-22T11:56:36.922+0000] {dag.py:3239} INFO - Sync 1 DAGs
[2024-12-22T11:56:36.956+0000] {logging_mixin.py:190} INFO - [2024-12-22T11:56:36.956+0000] {dag.py:4180} INFO - Setting next_dagrun for example_complex to None, run_after=None
[2024-12-22T11:56:37.005+0000] {processor.py:208} INFO - Processing /home/airflow/.local/lib/python3.12/site-packages/airflow/example_dags/example_complex.py took 0.189 seconds
[2024-12-22T11:57:09.693+0000] {processor.py:186} INFO - Started process (PID=162) to work on /home/airflow/.local/lib/python3.12/site-packages/airflow/example_dags/example_complex.py
[2024-12-22T11:57:09.695+0000] {processor.py:914} INFO - Processing file /home/airflow/.local/lib/python3.12/site-packages/airflow/example_dags/example_complex.py for tasks to queue
[2024-12-22T11:57:09.699+0000] {logging_mixin.py:190} INFO - [2024-12-22T11:57:09.699+0000] {dagbag.py:588} INFO - Filling up the DagBag from /home/airflow/.local/lib/python3.12/site-packages/airflow/example_dags/example_complex.py
[2024-12-22T11:57:09.720+0000] {processor.py:925} INFO - DAG(s) 'example_complex' retrieved from /home/airflow/.local/lib/python3.12/site-packages/airflow/example_dags/example_complex.py
[2024-12-22T11:57:09.790+0000] {logging_mixin.py:190} INFO - [2024-12-22T11:57:09.789+0000] {dag.py:3239} INFO - Sync 1 DAGs
[2024-12-22T11:57:09.817+0000] {logging_mixin.py:190} INFO - [2024-12-22T11:57:09.816+0000] {dag.py:4180} INFO - Setting next_dagrun for example_complex to None, run_after=None
[2024-12-22T11:57:09.845+0000] {processor.py:208} INFO - Processing /home/airflow/.local/lib/python3.12/site-packages/airflow/example_dags/example_complex.py took 0.167 seconds
