[2024-12-22T11:17:53.479+0000] {processor.py:186} INFO - Started process (PID=80) to work on /home/airflow/.local/lib/python3.12/site-packages/airflow/example_dags/example_nested_branch_dag.py
[2024-12-22T11:17:53.482+0000] {processor.py:914} INFO - Processing file /home/airflow/.local/lib/python3.12/site-packages/airflow/example_dags/example_nested_branch_dag.py for tasks to queue
[2024-12-22T11:17:53.490+0000] {logging_mixin.py:190} INFO - [2024-12-22T11:17:53.489+0000] {dagbag.py:588} INFO - Filling up the DagBag from /home/airflow/.local/lib/python3.12/site-packages/airflow/example_dags/example_nested_branch_dag.py
[2024-12-22T11:17:53.620+0000] {processor.py:925} INFO - DAG(s) 'example_nested_branch_dag' retrieved from /home/airflow/.local/lib/python3.12/site-packages/airflow/example_dags/example_nested_branch_dag.py
[2024-12-22T11:17:53.717+0000] {logging_mixin.py:190} INFO - [2024-12-22T11:17:53.716+0000] {dag.py:3239} INFO - Sync 1 DAGs
[2024-12-22T11:17:53.882+0000] {logging_mixin.py:190} INFO - [2024-12-22T11:17:53.881+0000] {dag.py:4180} INFO - Setting next_dagrun for example_nested_branch_dag to 2024-12-21 00:00:00+00:00, run_after=2024-12-22 00:00:00+00:00
[2024-12-22T11:17:53.967+0000] {processor.py:208} INFO - Processing /home/airflow/.local/lib/python3.12/site-packages/airflow/example_dags/example_nested_branch_dag.py took 0.506 seconds
[2024-12-22T11:18:27.347+0000] {processor.py:186} INFO - Started process (PID=145) to work on /home/airflow/.local/lib/python3.12/site-packages/airflow/example_dags/example_nested_branch_dag.py
[2024-12-22T11:18:27.349+0000] {processor.py:914} INFO - Processing file /home/airflow/.local/lib/python3.12/site-packages/airflow/example_dags/example_nested_branch_dag.py for tasks to queue
[2024-12-22T11:18:27.357+0000] {logging_mixin.py:190} INFO - [2024-12-22T11:18:27.355+0000] {dagbag.py:588} INFO - Filling up the DagBag from /home/airflow/.local/lib/python3.12/site-packages/airflow/example_dags/example_nested_branch_dag.py
[2024-12-22T11:18:27.389+0000] {processor.py:925} INFO - DAG(s) 'example_nested_branch_dag' retrieved from /home/airflow/.local/lib/python3.12/site-packages/airflow/example_dags/example_nested_branch_dag.py
[2024-12-22T11:18:27.455+0000] {logging_mixin.py:190} INFO - [2024-12-22T11:18:27.454+0000] {dag.py:3239} INFO - Sync 1 DAGs
[2024-12-22T11:18:27.535+0000] {logging_mixin.py:190} INFO - [2024-12-22T11:18:27.535+0000] {dag.py:4180} INFO - Setting next_dagrun for example_nested_branch_dag to 2024-12-21 00:00:00+00:00, run_after=2024-12-22 00:00:00+00:00
[2024-12-22T11:18:27.583+0000] {processor.py:208} INFO - Processing /home/airflow/.local/lib/python3.12/site-packages/airflow/example_dags/example_nested_branch_dag.py took 0.257 seconds
[2024-12-22T11:19:03.289+0000] {processor.py:186} INFO - Started process (PID=210) to work on /home/airflow/.local/lib/python3.12/site-packages/airflow/example_dags/example_nested_branch_dag.py
[2024-12-22T11:19:03.292+0000] {processor.py:914} INFO - Processing file /home/airflow/.local/lib/python3.12/site-packages/airflow/example_dags/example_nested_branch_dag.py for tasks to queue
[2024-12-22T11:19:03.300+0000] {logging_mixin.py:190} INFO - [2024-12-22T11:19:03.299+0000] {dagbag.py:588} INFO - Filling up the DagBag from /home/airflow/.local/lib/python3.12/site-packages/airflow/example_dags/example_nested_branch_dag.py
[2024-12-22T11:19:03.368+0000] {processor.py:925} INFO - DAG(s) 'example_nested_branch_dag' retrieved from /home/airflow/.local/lib/python3.12/site-packages/airflow/example_dags/example_nested_branch_dag.py
[2024-12-22T11:19:03.428+0000] {logging_mixin.py:190} INFO - [2024-12-22T11:19:03.428+0000] {dag.py:3239} INFO - Sync 1 DAGs
[2024-12-22T11:19:03.507+0000] {logging_mixin.py:190} INFO - [2024-12-22T11:19:03.503+0000] {dag.py:4180} INFO - Setting next_dagrun for example_nested_branch_dag to 2024-12-21 00:00:00+00:00, run_after=2024-12-22 00:00:00+00:00
[2024-12-22T11:19:03.561+0000] {processor.py:208} INFO - Processing /home/airflow/.local/lib/python3.12/site-packages/airflow/example_dags/example_nested_branch_dag.py took 0.290 seconds
[2024-12-22T11:19:36.514+0000] {processor.py:186} INFO - Started process (PID=282) to work on /home/airflow/.local/lib/python3.12/site-packages/airflow/example_dags/example_nested_branch_dag.py
[2024-12-22T11:19:36.595+0000] {processor.py:914} INFO - Processing file /home/airflow/.local/lib/python3.12/site-packages/airflow/example_dags/example_nested_branch_dag.py for tasks to queue
[2024-12-22T11:19:36.602+0000] {logging_mixin.py:190} INFO - [2024-12-22T11:19:36.601+0000] {dagbag.py:588} INFO - Filling up the DagBag from /home/airflow/.local/lib/python3.12/site-packages/airflow/example_dags/example_nested_branch_dag.py
[2024-12-22T11:19:36.646+0000] {processor.py:925} INFO - DAG(s) 'example_nested_branch_dag' retrieved from /home/airflow/.local/lib/python3.12/site-packages/airflow/example_dags/example_nested_branch_dag.py
[2024-12-22T11:19:36.723+0000] {logging_mixin.py:190} INFO - [2024-12-22T11:19:36.722+0000] {dag.py:3239} INFO - Sync 1 DAGs
[2024-12-22T11:19:36.836+0000] {logging_mixin.py:190} INFO - [2024-12-22T11:19:36.835+0000] {dag.py:4180} INFO - Setting next_dagrun for example_nested_branch_dag to 2024-12-21 00:00:00+00:00, run_after=2024-12-22 00:00:00+00:00
[2024-12-22T11:19:36.908+0000] {processor.py:208} INFO - Processing /home/airflow/.local/lib/python3.12/site-packages/airflow/example_dags/example_nested_branch_dag.py took 0.419 seconds
[2024-12-22T11:20:11.147+0000] {processor.py:186} INFO - Started process (PID=348) to work on /home/airflow/.local/lib/python3.12/site-packages/airflow/example_dags/example_nested_branch_dag.py
[2024-12-22T11:20:11.151+0000] {processor.py:914} INFO - Processing file /home/airflow/.local/lib/python3.12/site-packages/airflow/example_dags/example_nested_branch_dag.py for tasks to queue
[2024-12-22T11:20:11.161+0000] {logging_mixin.py:190} INFO - [2024-12-22T11:20:11.160+0000] {dagbag.py:588} INFO - Filling up the DagBag from /home/airflow/.local/lib/python3.12/site-packages/airflow/example_dags/example_nested_branch_dag.py
[2024-12-22T11:20:11.217+0000] {processor.py:925} INFO - DAG(s) 'example_nested_branch_dag' retrieved from /home/airflow/.local/lib/python3.12/site-packages/airflow/example_dags/example_nested_branch_dag.py
[2024-12-22T11:20:11.296+0000] {logging_mixin.py:190} INFO - [2024-12-22T11:20:11.295+0000] {dag.py:3239} INFO - Sync 1 DAGs
[2024-12-22T11:20:11.373+0000] {logging_mixin.py:190} INFO - [2024-12-22T11:20:11.372+0000] {dag.py:4180} INFO - Setting next_dagrun for example_nested_branch_dag to 2024-12-21 00:00:00+00:00, run_after=2024-12-22 00:00:00+00:00
[2024-12-22T11:20:11.560+0000] {processor.py:208} INFO - Processing /home/airflow/.local/lib/python3.12/site-packages/airflow/example_dags/example_nested_branch_dag.py took 0.440 seconds
[2024-12-22T11:20:43.337+0000] {processor.py:186} INFO - Started process (PID=413) to work on /home/airflow/.local/lib/python3.12/site-packages/airflow/example_dags/example_nested_branch_dag.py
[2024-12-22T11:20:43.340+0000] {processor.py:914} INFO - Processing file /home/airflow/.local/lib/python3.12/site-packages/airflow/example_dags/example_nested_branch_dag.py for tasks to queue
[2024-12-22T11:20:43.347+0000] {logging_mixin.py:190} INFO - [2024-12-22T11:20:43.347+0000] {dagbag.py:588} INFO - Filling up the DagBag from /home/airflow/.local/lib/python3.12/site-packages/airflow/example_dags/example_nested_branch_dag.py
[2024-12-22T11:20:43.411+0000] {processor.py:925} INFO - DAG(s) 'example_nested_branch_dag' retrieved from /home/airflow/.local/lib/python3.12/site-packages/airflow/example_dags/example_nested_branch_dag.py
[2024-12-22T11:20:43.478+0000] {logging_mixin.py:190} INFO - [2024-12-22T11:20:43.477+0000] {dag.py:3239} INFO - Sync 1 DAGs
[2024-12-22T11:20:43.566+0000] {logging_mixin.py:190} INFO - [2024-12-22T11:20:43.565+0000] {dag.py:4180} INFO - Setting next_dagrun for example_nested_branch_dag to 2024-12-21 00:00:00+00:00, run_after=2024-12-22 00:00:00+00:00
[2024-12-22T11:20:43.638+0000] {processor.py:208} INFO - Processing /home/airflow/.local/lib/python3.12/site-packages/airflow/example_dags/example_nested_branch_dag.py took 0.321 seconds
[2024-12-22T11:21:22.787+0000] {processor.py:186} INFO - Started process (PID=478) to work on /home/airflow/.local/lib/python3.12/site-packages/airflow/example_dags/example_nested_branch_dag.py
[2024-12-22T11:21:22.789+0000] {processor.py:914} INFO - Processing file /home/airflow/.local/lib/python3.12/site-packages/airflow/example_dags/example_nested_branch_dag.py for tasks to queue
[2024-12-22T11:21:22.795+0000] {logging_mixin.py:190} INFO - [2024-12-22T11:21:22.795+0000] {dagbag.py:588} INFO - Filling up the DagBag from /home/airflow/.local/lib/python3.12/site-packages/airflow/example_dags/example_nested_branch_dag.py
[2024-12-22T11:21:22.822+0000] {processor.py:925} INFO - DAG(s) 'example_nested_branch_dag' retrieved from /home/airflow/.local/lib/python3.12/site-packages/airflow/example_dags/example_nested_branch_dag.py
[2024-12-22T11:21:22.877+0000] {logging_mixin.py:190} INFO - [2024-12-22T11:21:22.876+0000] {dag.py:3239} INFO - Sync 1 DAGs
[2024-12-22T11:21:22.946+0000] {logging_mixin.py:190} INFO - [2024-12-22T11:21:22.945+0000] {dag.py:4180} INFO - Setting next_dagrun for example_nested_branch_dag to 2024-12-21 00:00:00+00:00, run_after=2024-12-22 00:00:00+00:00
[2024-12-22T11:21:24.030+0000] {processor.py:208} INFO - Processing /home/airflow/.local/lib/python3.12/site-packages/airflow/example_dags/example_nested_branch_dag.py took 1.256 seconds
[2024-12-22T11:21:55.642+0000] {processor.py:186} INFO - Started process (PID=544) to work on /home/airflow/.local/lib/python3.12/site-packages/airflow/example_dags/example_nested_branch_dag.py
[2024-12-22T11:21:55.644+0000] {processor.py:914} INFO - Processing file /home/airflow/.local/lib/python3.12/site-packages/airflow/example_dags/example_nested_branch_dag.py for tasks to queue
[2024-12-22T11:21:55.649+0000] {logging_mixin.py:190} INFO - [2024-12-22T11:21:55.649+0000] {dagbag.py:588} INFO - Filling up the DagBag from /home/airflow/.local/lib/python3.12/site-packages/airflow/example_dags/example_nested_branch_dag.py
[2024-12-22T11:21:55.677+0000] {processor.py:925} INFO - DAG(s) 'example_nested_branch_dag' retrieved from /home/airflow/.local/lib/python3.12/site-packages/airflow/example_dags/example_nested_branch_dag.py
[2024-12-22T11:21:55.725+0000] {logging_mixin.py:190} INFO - [2024-12-22T11:21:55.725+0000] {dag.py:3239} INFO - Sync 1 DAGs
[2024-12-22T11:21:55.779+0000] {logging_mixin.py:190} INFO - [2024-12-22T11:21:55.779+0000] {dag.py:4180} INFO - Setting next_dagrun for example_nested_branch_dag to 2024-12-21 00:00:00+00:00, run_after=2024-12-22 00:00:00+00:00
[2024-12-22T11:21:55.940+0000] {processor.py:208} INFO - Processing /home/airflow/.local/lib/python3.12/site-packages/airflow/example_dags/example_nested_branch_dag.py took 0.311 seconds
[2024-12-22T11:22:27.924+0000] {processor.py:186} INFO - Started process (PID=608) to work on /home/airflow/.local/lib/python3.12/site-packages/airflow/example_dags/example_nested_branch_dag.py
[2024-12-22T11:22:27.929+0000] {processor.py:914} INFO - Processing file /home/airflow/.local/lib/python3.12/site-packages/airflow/example_dags/example_nested_branch_dag.py for tasks to queue
[2024-12-22T11:22:27.942+0000] {logging_mixin.py:190} INFO - [2024-12-22T11:22:27.940+0000] {dagbag.py:588} INFO - Filling up the DagBag from /home/airflow/.local/lib/python3.12/site-packages/airflow/example_dags/example_nested_branch_dag.py
[2024-12-22T11:22:28.011+0000] {processor.py:925} INFO - DAG(s) 'example_nested_branch_dag' retrieved from /home/airflow/.local/lib/python3.12/site-packages/airflow/example_dags/example_nested_branch_dag.py
[2024-12-22T11:22:28.126+0000] {logging_mixin.py:190} INFO - [2024-12-22T11:22:28.125+0000] {dag.py:3239} INFO - Sync 1 DAGs
[2024-12-22T11:22:28.201+0000] {logging_mixin.py:190} INFO - [2024-12-22T11:22:28.201+0000] {dag.py:4180} INFO - Setting next_dagrun for example_nested_branch_dag to 2024-12-21 00:00:00+00:00, run_after=2024-12-22 00:00:00+00:00
[2024-12-22T11:22:29.124+0000] {processor.py:208} INFO - Processing /home/airflow/.local/lib/python3.12/site-packages/airflow/example_dags/example_nested_branch_dag.py took 1.233 seconds
[2024-12-22T11:23:14.296+0000] {processor.py:186} INFO - Started process (PID=674) to work on /home/airflow/.local/lib/python3.12/site-packages/airflow/example_dags/example_nested_branch_dag.py
[2024-12-22T11:23:14.299+0000] {processor.py:914} INFO - Processing file /home/airflow/.local/lib/python3.12/site-packages/airflow/example_dags/example_nested_branch_dag.py for tasks to queue
[2024-12-22T11:23:14.307+0000] {logging_mixin.py:190} INFO - [2024-12-22T11:23:14.306+0000] {dagbag.py:588} INFO - Filling up the DagBag from /home/airflow/.local/lib/python3.12/site-packages/airflow/example_dags/example_nested_branch_dag.py
[2024-12-22T11:23:14.362+0000] {processor.py:925} INFO - DAG(s) 'example_nested_branch_dag' retrieved from /home/airflow/.local/lib/python3.12/site-packages/airflow/example_dags/example_nested_branch_dag.py
[2024-12-22T11:23:14.445+0000] {logging_mixin.py:190} INFO - [2024-12-22T11:23:14.444+0000] {dag.py:3239} INFO - Sync 1 DAGs
[2024-12-22T11:23:14.562+0000] {logging_mixin.py:190} INFO - [2024-12-22T11:23:14.561+0000] {dag.py:4180} INFO - Setting next_dagrun for example_nested_branch_dag to 2024-12-21 00:00:00+00:00, run_after=2024-12-22 00:00:00+00:00
[2024-12-22T11:23:14.618+0000] {processor.py:208} INFO - Processing /home/airflow/.local/lib/python3.12/site-packages/airflow/example_dags/example_nested_branch_dag.py took 0.350 seconds
[2024-12-22T11:23:46.492+0000] {processor.py:186} INFO - Started process (PID=743) to work on /home/airflow/.local/lib/python3.12/site-packages/airflow/example_dags/example_nested_branch_dag.py
[2024-12-22T11:23:46.495+0000] {processor.py:914} INFO - Processing file /home/airflow/.local/lib/python3.12/site-packages/airflow/example_dags/example_nested_branch_dag.py for tasks to queue
[2024-12-22T11:23:46.502+0000] {logging_mixin.py:190} INFO - [2024-12-22T11:23:46.501+0000] {dagbag.py:588} INFO - Filling up the DagBag from /home/airflow/.local/lib/python3.12/site-packages/airflow/example_dags/example_nested_branch_dag.py
[2024-12-22T11:23:46.538+0000] {processor.py:925} INFO - DAG(s) 'example_nested_branch_dag' retrieved from /home/airflow/.local/lib/python3.12/site-packages/airflow/example_dags/example_nested_branch_dag.py
[2024-12-22T11:23:46.600+0000] {logging_mixin.py:190} INFO - [2024-12-22T11:23:46.599+0000] {dag.py:3239} INFO - Sync 1 DAGs
[2024-12-22T11:23:46.675+0000] {logging_mixin.py:190} INFO - [2024-12-22T11:23:46.674+0000] {dag.py:4180} INFO - Setting next_dagrun for example_nested_branch_dag to 2024-12-21 00:00:00+00:00, run_after=2024-12-22 00:00:00+00:00
[2024-12-22T11:23:46.721+0000] {processor.py:208} INFO - Processing /home/airflow/.local/lib/python3.12/site-packages/airflow/example_dags/example_nested_branch_dag.py took 0.245 seconds
[2024-12-22T11:24:18.164+0000] {processor.py:186} INFO - Started process (PID=808) to work on /home/airflow/.local/lib/python3.12/site-packages/airflow/example_dags/example_nested_branch_dag.py
[2024-12-22T11:24:18.166+0000] {processor.py:914} INFO - Processing file /home/airflow/.local/lib/python3.12/site-packages/airflow/example_dags/example_nested_branch_dag.py for tasks to queue
[2024-12-22T11:24:18.172+0000] {logging_mixin.py:190} INFO - [2024-12-22T11:24:18.172+0000] {dagbag.py:588} INFO - Filling up the DagBag from /home/airflow/.local/lib/python3.12/site-packages/airflow/example_dags/example_nested_branch_dag.py
[2024-12-22T11:24:18.204+0000] {processor.py:925} INFO - DAG(s) 'example_nested_branch_dag' retrieved from /home/airflow/.local/lib/python3.12/site-packages/airflow/example_dags/example_nested_branch_dag.py
[2024-12-22T11:24:18.256+0000] {logging_mixin.py:190} INFO - [2024-12-22T11:24:18.256+0000] {dag.py:3239} INFO - Sync 1 DAGs
[2024-12-22T11:24:18.320+0000] {logging_mixin.py:190} INFO - [2024-12-22T11:24:18.319+0000] {dag.py:4180} INFO - Setting next_dagrun for example_nested_branch_dag to 2024-12-21 00:00:00+00:00, run_after=2024-12-22 00:00:00+00:00
[2024-12-22T11:24:18.368+0000] {processor.py:208} INFO - Processing /home/airflow/.local/lib/python3.12/site-packages/airflow/example_dags/example_nested_branch_dag.py took 0.220 seconds
[2024-12-22T11:24:49.367+0000] {processor.py:186} INFO - Started process (PID=872) to work on /home/airflow/.local/lib/python3.12/site-packages/airflow/example_dags/example_nested_branch_dag.py
[2024-12-22T11:24:49.370+0000] {processor.py:914} INFO - Processing file /home/airflow/.local/lib/python3.12/site-packages/airflow/example_dags/example_nested_branch_dag.py for tasks to queue
[2024-12-22T11:24:49.376+0000] {logging_mixin.py:190} INFO - [2024-12-22T11:24:49.375+0000] {dagbag.py:588} INFO - Filling up the DagBag from /home/airflow/.local/lib/python3.12/site-packages/airflow/example_dags/example_nested_branch_dag.py
[2024-12-22T11:24:49.407+0000] {processor.py:925} INFO - DAG(s) 'example_nested_branch_dag' retrieved from /home/airflow/.local/lib/python3.12/site-packages/airflow/example_dags/example_nested_branch_dag.py
[2024-12-22T11:24:49.470+0000] {logging_mixin.py:190} INFO - [2024-12-22T11:24:49.470+0000] {dag.py:3239} INFO - Sync 1 DAGs
[2024-12-22T11:24:49.536+0000] {logging_mixin.py:190} INFO - [2024-12-22T11:24:49.535+0000] {dag.py:4180} INFO - Setting next_dagrun for example_nested_branch_dag to 2024-12-21 00:00:00+00:00, run_after=2024-12-22 00:00:00+00:00
[2024-12-22T11:24:49.584+0000] {processor.py:208} INFO - Processing /home/airflow/.local/lib/python3.12/site-packages/airflow/example_dags/example_nested_branch_dag.py took 0.237 seconds
[2024-12-22T11:25:21.066+0000] {processor.py:186} INFO - Started process (PID=930) to work on /home/airflow/.local/lib/python3.12/site-packages/airflow/example_dags/example_nested_branch_dag.py
[2024-12-22T11:25:21.068+0000] {processor.py:914} INFO - Processing file /home/airflow/.local/lib/python3.12/site-packages/airflow/example_dags/example_nested_branch_dag.py for tasks to queue
[2024-12-22T11:25:21.075+0000] {logging_mixin.py:190} INFO - [2024-12-22T11:25:21.074+0000] {dagbag.py:588} INFO - Filling up the DagBag from /home/airflow/.local/lib/python3.12/site-packages/airflow/example_dags/example_nested_branch_dag.py
[2024-12-22T11:25:21.106+0000] {processor.py:925} INFO - DAG(s) 'example_nested_branch_dag' retrieved from /home/airflow/.local/lib/python3.12/site-packages/airflow/example_dags/example_nested_branch_dag.py
[2024-12-22T11:25:21.165+0000] {logging_mixin.py:190} INFO - [2024-12-22T11:25:21.164+0000] {dag.py:3239} INFO - Sync 1 DAGs
[2024-12-22T11:25:21.247+0000] {logging_mixin.py:190} INFO - [2024-12-22T11:25:21.247+0000] {dag.py:4180} INFO - Setting next_dagrun for example_nested_branch_dag to 2024-12-21 00:00:00+00:00, run_after=2024-12-22 00:00:00+00:00
[2024-12-22T11:25:22.349+0000] {processor.py:208} INFO - Processing /home/airflow/.local/lib/python3.12/site-packages/airflow/example_dags/example_nested_branch_dag.py took 1.298 seconds
[2024-12-22T11:25:52.532+0000] {processor.py:186} INFO - Started process (PID=994) to work on /home/airflow/.local/lib/python3.12/site-packages/airflow/example_dags/example_nested_branch_dag.py
[2024-12-22T11:25:52.534+0000] {processor.py:914} INFO - Processing file /home/airflow/.local/lib/python3.12/site-packages/airflow/example_dags/example_nested_branch_dag.py for tasks to queue
[2024-12-22T11:25:52.542+0000] {logging_mixin.py:190} INFO - [2024-12-22T11:25:52.541+0000] {dagbag.py:588} INFO - Filling up the DagBag from /home/airflow/.local/lib/python3.12/site-packages/airflow/example_dags/example_nested_branch_dag.py
[2024-12-22T11:25:52.577+0000] {processor.py:925} INFO - DAG(s) 'example_nested_branch_dag' retrieved from /home/airflow/.local/lib/python3.12/site-packages/airflow/example_dags/example_nested_branch_dag.py
[2024-12-22T11:25:52.652+0000] {logging_mixin.py:190} INFO - [2024-12-22T11:25:52.652+0000] {dag.py:3239} INFO - Sync 1 DAGs
[2024-12-22T11:25:52.722+0000] {logging_mixin.py:190} INFO - [2024-12-22T11:25:52.722+0000] {dag.py:4180} INFO - Setting next_dagrun for example_nested_branch_dag to 2024-12-21 00:00:00+00:00, run_after=2024-12-22 00:00:00+00:00
[2024-12-22T11:25:52.762+0000] {processor.py:208} INFO - Processing /home/airflow/.local/lib/python3.12/site-packages/airflow/example_dags/example_nested_branch_dag.py took 0.248 seconds
[2024-12-22T11:26:29.398+0000] {processor.py:186} INFO - Started process (PID=1026) to work on /home/airflow/.local/lib/python3.12/site-packages/airflow/example_dags/example_nested_branch_dag.py
[2024-12-22T11:26:29.404+0000] {processor.py:914} INFO - Processing file /home/airflow/.local/lib/python3.12/site-packages/airflow/example_dags/example_nested_branch_dag.py for tasks to queue
[2024-12-22T11:26:29.418+0000] {logging_mixin.py:190} INFO - [2024-12-22T11:26:29.414+0000] {dagbag.py:588} INFO - Filling up the DagBag from /home/airflow/.local/lib/python3.12/site-packages/airflow/example_dags/example_nested_branch_dag.py
[2024-12-22T11:26:29.465+0000] {processor.py:925} INFO - DAG(s) 'example_nested_branch_dag' retrieved from /home/airflow/.local/lib/python3.12/site-packages/airflow/example_dags/example_nested_branch_dag.py
[2024-12-22T11:26:29.537+0000] {logging_mixin.py:190} INFO - [2024-12-22T11:26:29.537+0000] {dag.py:3239} INFO - Sync 1 DAGs
[2024-12-22T11:26:29.623+0000] {logging_mixin.py:190} INFO - [2024-12-22T11:26:29.622+0000] {dag.py:4180} INFO - Setting next_dagrun for example_nested_branch_dag to 2024-12-21 00:00:00+00:00, run_after=2024-12-22 00:00:00+00:00
[2024-12-22T11:26:29.670+0000] {processor.py:208} INFO - Processing /home/airflow/.local/lib/python3.12/site-packages/airflow/example_dags/example_nested_branch_dag.py took 0.300 seconds
[2024-12-22T11:27:04.304+0000] {processor.py:186} INFO - Started process (PID=1091) to work on /home/airflow/.local/lib/python3.12/site-packages/airflow/example_dags/example_nested_branch_dag.py
[2024-12-22T11:27:04.307+0000] {processor.py:914} INFO - Processing file /home/airflow/.local/lib/python3.12/site-packages/airflow/example_dags/example_nested_branch_dag.py for tasks to queue
[2024-12-22T11:27:04.312+0000] {logging_mixin.py:190} INFO - [2024-12-22T11:27:04.311+0000] {dagbag.py:588} INFO - Filling up the DagBag from /home/airflow/.local/lib/python3.12/site-packages/airflow/example_dags/example_nested_branch_dag.py
[2024-12-22T11:27:04.345+0000] {processor.py:925} INFO - DAG(s) 'example_nested_branch_dag' retrieved from /home/airflow/.local/lib/python3.12/site-packages/airflow/example_dags/example_nested_branch_dag.py
[2024-12-22T11:27:04.413+0000] {logging_mixin.py:190} INFO - [2024-12-22T11:27:04.413+0000] {dag.py:3239} INFO - Sync 1 DAGs
[2024-12-22T11:27:04.481+0000] {logging_mixin.py:190} INFO - [2024-12-22T11:27:04.481+0000] {dag.py:4180} INFO - Setting next_dagrun for example_nested_branch_dag to 2024-12-21 00:00:00+00:00, run_after=2024-12-22 00:00:00+00:00
[2024-12-22T11:27:05.582+0000] {processor.py:208} INFO - Processing /home/airflow/.local/lib/python3.12/site-packages/airflow/example_dags/example_nested_branch_dag.py took 1.292 seconds
[2024-12-22T11:27:39.308+0000] {processor.py:186} INFO - Started process (PID=1155) to work on /home/airflow/.local/lib/python3.12/site-packages/airflow/example_dags/example_nested_branch_dag.py
[2024-12-22T11:27:39.311+0000] {processor.py:914} INFO - Processing file /home/airflow/.local/lib/python3.12/site-packages/airflow/example_dags/example_nested_branch_dag.py for tasks to queue
[2024-12-22T11:27:39.317+0000] {logging_mixin.py:190} INFO - [2024-12-22T11:27:39.315+0000] {dagbag.py:588} INFO - Filling up the DagBag from /home/airflow/.local/lib/python3.12/site-packages/airflow/example_dags/example_nested_branch_dag.py
[2024-12-22T11:27:39.353+0000] {processor.py:925} INFO - DAG(s) 'example_nested_branch_dag' retrieved from /home/airflow/.local/lib/python3.12/site-packages/airflow/example_dags/example_nested_branch_dag.py
[2024-12-22T11:27:39.411+0000] {logging_mixin.py:190} INFO - [2024-12-22T11:27:39.411+0000] {dag.py:3239} INFO - Sync 1 DAGs
[2024-12-22T11:27:39.498+0000] {logging_mixin.py:190} INFO - [2024-12-22T11:27:39.497+0000] {dag.py:4180} INFO - Setting next_dagrun for example_nested_branch_dag to 2024-12-21 00:00:00+00:00, run_after=2024-12-22 00:00:00+00:00
[2024-12-22T11:27:40.536+0000] {processor.py:208} INFO - Processing /home/airflow/.local/lib/python3.12/site-packages/airflow/example_dags/example_nested_branch_dag.py took 1.245 seconds
[2024-12-22T11:28:16.961+0000] {processor.py:186} INFO - Started process (PID=1220) to work on /home/airflow/.local/lib/python3.12/site-packages/airflow/example_dags/example_nested_branch_dag.py
[2024-12-22T11:28:16.967+0000] {processor.py:914} INFO - Processing file /home/airflow/.local/lib/python3.12/site-packages/airflow/example_dags/example_nested_branch_dag.py for tasks to queue
[2024-12-22T11:28:16.978+0000] {logging_mixin.py:190} INFO - [2024-12-22T11:28:16.975+0000] {dagbag.py:588} INFO - Filling up the DagBag from /home/airflow/.local/lib/python3.12/site-packages/airflow/example_dags/example_nested_branch_dag.py
[2024-12-22T11:28:17.021+0000] {processor.py:925} INFO - DAG(s) 'example_nested_branch_dag' retrieved from /home/airflow/.local/lib/python3.12/site-packages/airflow/example_dags/example_nested_branch_dag.py
[2024-12-22T11:28:17.082+0000] {logging_mixin.py:190} INFO - [2024-12-22T11:28:17.081+0000] {dag.py:3239} INFO - Sync 1 DAGs
[2024-12-22T11:28:17.154+0000] {logging_mixin.py:190} INFO - [2024-12-22T11:28:17.153+0000] {dag.py:4180} INFO - Setting next_dagrun for example_nested_branch_dag to 2024-12-21 00:00:00+00:00, run_after=2024-12-22 00:00:00+00:00
[2024-12-22T11:28:18.198+0000] {processor.py:208} INFO - Processing /home/airflow/.local/lib/python3.12/site-packages/airflow/example_dags/example_nested_branch_dag.py took 1.270 seconds
[2024-12-22T11:28:50.228+0000] {processor.py:186} INFO - Started process (PID=1284) to work on /home/airflow/.local/lib/python3.12/site-packages/airflow/example_dags/example_nested_branch_dag.py
[2024-12-22T11:28:50.231+0000] {processor.py:914} INFO - Processing file /home/airflow/.local/lib/python3.12/site-packages/airflow/example_dags/example_nested_branch_dag.py for tasks to queue
[2024-12-22T11:28:50.245+0000] {logging_mixin.py:190} INFO - [2024-12-22T11:28:50.244+0000] {dagbag.py:588} INFO - Filling up the DagBag from /home/airflow/.local/lib/python3.12/site-packages/airflow/example_dags/example_nested_branch_dag.py
[2024-12-22T11:28:50.300+0000] {processor.py:925} INFO - DAG(s) 'example_nested_branch_dag' retrieved from /home/airflow/.local/lib/python3.12/site-packages/airflow/example_dags/example_nested_branch_dag.py
[2024-12-22T11:28:50.353+0000] {logging_mixin.py:190} INFO - [2024-12-22T11:28:50.353+0000] {dag.py:3239} INFO - Sync 1 DAGs
[2024-12-22T11:28:50.428+0000] {logging_mixin.py:190} INFO - [2024-12-22T11:28:50.428+0000] {dag.py:4180} INFO - Setting next_dagrun for example_nested_branch_dag to 2024-12-21 00:00:00+00:00, run_after=2024-12-22 00:00:00+00:00
[2024-12-22T11:28:50.469+0000] {processor.py:208} INFO - Processing /home/airflow/.local/lib/python3.12/site-packages/airflow/example_dags/example_nested_branch_dag.py took 0.265 seconds
[2024-12-22T11:29:20.590+0000] {processor.py:186} INFO - Started process (PID=1349) to work on /home/airflow/.local/lib/python3.12/site-packages/airflow/example_dags/example_nested_branch_dag.py
[2024-12-22T11:29:20.592+0000] {processor.py:914} INFO - Processing file /home/airflow/.local/lib/python3.12/site-packages/airflow/example_dags/example_nested_branch_dag.py for tasks to queue
[2024-12-22T11:29:20.596+0000] {logging_mixin.py:190} INFO - [2024-12-22T11:29:20.594+0000] {dagbag.py:588} INFO - Filling up the DagBag from /home/airflow/.local/lib/python3.12/site-packages/airflow/example_dags/example_nested_branch_dag.py
[2024-12-22T11:29:20.630+0000] {processor.py:925} INFO - DAG(s) 'example_nested_branch_dag' retrieved from /home/airflow/.local/lib/python3.12/site-packages/airflow/example_dags/example_nested_branch_dag.py
[2024-12-22T11:29:20.685+0000] {logging_mixin.py:190} INFO - [2024-12-22T11:29:20.684+0000] {dag.py:3239} INFO - Sync 1 DAGs
[2024-12-22T11:29:20.789+0000] {logging_mixin.py:190} INFO - [2024-12-22T11:29:20.788+0000] {dag.py:4180} INFO - Setting next_dagrun for example_nested_branch_dag to 2024-12-21 00:00:00+00:00, run_after=2024-12-22 00:00:00+00:00
[2024-12-22T11:29:21.892+0000] {processor.py:208} INFO - Processing /home/airflow/.local/lib/python3.12/site-packages/airflow/example_dags/example_nested_branch_dag.py took 1.317 seconds
[2024-12-22T11:29:55.733+0000] {processor.py:186} INFO - Started process (PID=1416) to work on /home/airflow/.local/lib/python3.12/site-packages/airflow/example_dags/example_nested_branch_dag.py
[2024-12-22T11:29:55.736+0000] {processor.py:914} INFO - Processing file /home/airflow/.local/lib/python3.12/site-packages/airflow/example_dags/example_nested_branch_dag.py for tasks to queue
[2024-12-22T11:29:55.740+0000] {logging_mixin.py:190} INFO - [2024-12-22T11:29:55.739+0000] {dagbag.py:588} INFO - Filling up the DagBag from /home/airflow/.local/lib/python3.12/site-packages/airflow/example_dags/example_nested_branch_dag.py
[2024-12-22T11:29:55.791+0000] {processor.py:925} INFO - DAG(s) 'example_nested_branch_dag' retrieved from /home/airflow/.local/lib/python3.12/site-packages/airflow/example_dags/example_nested_branch_dag.py
[2024-12-22T11:29:55.860+0000] {logging_mixin.py:190} INFO - [2024-12-22T11:29:55.859+0000] {dag.py:3239} INFO - Sync 1 DAGs
[2024-12-22T11:29:55.938+0000] {logging_mixin.py:190} INFO - [2024-12-22T11:29:55.937+0000] {dag.py:4180} INFO - Setting next_dagrun for example_nested_branch_dag to 2024-12-21 00:00:00+00:00, run_after=2024-12-22 00:00:00+00:00
[2024-12-22T11:29:55.994+0000] {processor.py:208} INFO - Processing /home/airflow/.local/lib/python3.12/site-packages/airflow/example_dags/example_nested_branch_dag.py took 0.282 seconds
[2024-12-22T11:30:30.598+0000] {processor.py:186} INFO - Started process (PID=1479) to work on /home/airflow/.local/lib/python3.12/site-packages/airflow/example_dags/example_nested_branch_dag.py
[2024-12-22T11:30:30.600+0000] {processor.py:914} INFO - Processing file /home/airflow/.local/lib/python3.12/site-packages/airflow/example_dags/example_nested_branch_dag.py for tasks to queue
[2024-12-22T11:30:30.603+0000] {logging_mixin.py:190} INFO - [2024-12-22T11:30:30.602+0000] {dagbag.py:588} INFO - Filling up the DagBag from /home/airflow/.local/lib/python3.12/site-packages/airflow/example_dags/example_nested_branch_dag.py
[2024-12-22T11:30:30.635+0000] {processor.py:925} INFO - DAG(s) 'example_nested_branch_dag' retrieved from /home/airflow/.local/lib/python3.12/site-packages/airflow/example_dags/example_nested_branch_dag.py
[2024-12-22T11:30:30.695+0000] {logging_mixin.py:190} INFO - [2024-12-22T11:30:30.694+0000] {dag.py:3239} INFO - Sync 1 DAGs
[2024-12-22T11:30:30.758+0000] {logging_mixin.py:190} INFO - [2024-12-22T11:30:30.757+0000] {dag.py:4180} INFO - Setting next_dagrun for example_nested_branch_dag to 2024-12-21 00:00:00+00:00, run_after=2024-12-22 00:00:00+00:00
[2024-12-22T11:30:30.801+0000] {processor.py:208} INFO - Processing /home/airflow/.local/lib/python3.12/site-packages/airflow/example_dags/example_nested_branch_dag.py took 0.221 seconds
[2024-12-22T11:31:07.064+0000] {processor.py:186} INFO - Started process (PID=1543) to work on /home/airflow/.local/lib/python3.12/site-packages/airflow/example_dags/example_nested_branch_dag.py
[2024-12-22T11:31:07.066+0000] {processor.py:914} INFO - Processing file /home/airflow/.local/lib/python3.12/site-packages/airflow/example_dags/example_nested_branch_dag.py for tasks to queue
[2024-12-22T11:31:07.070+0000] {logging_mixin.py:190} INFO - [2024-12-22T11:31:07.069+0000] {dagbag.py:588} INFO - Filling up the DagBag from /home/airflow/.local/lib/python3.12/site-packages/airflow/example_dags/example_nested_branch_dag.py
[2024-12-22T11:31:07.099+0000] {processor.py:925} INFO - DAG(s) 'example_nested_branch_dag' retrieved from /home/airflow/.local/lib/python3.12/site-packages/airflow/example_dags/example_nested_branch_dag.py
[2024-12-22T11:31:07.145+0000] {logging_mixin.py:190} INFO - [2024-12-22T11:31:07.145+0000] {dag.py:3239} INFO - Sync 1 DAGs
[2024-12-22T11:31:07.209+0000] {logging_mixin.py:190} INFO - [2024-12-22T11:31:07.208+0000] {dag.py:4180} INFO - Setting next_dagrun for example_nested_branch_dag to 2024-12-21 00:00:00+00:00, run_after=2024-12-22 00:00:00+00:00
[2024-12-22T11:31:07.252+0000] {processor.py:208} INFO - Processing /home/airflow/.local/lib/python3.12/site-packages/airflow/example_dags/example_nested_branch_dag.py took 0.201 seconds
[2024-12-22T11:31:45.667+0000] {processor.py:186} INFO - Started process (PID=1608) to work on /home/airflow/.local/lib/python3.12/site-packages/airflow/example_dags/example_nested_branch_dag.py
[2024-12-22T11:31:45.669+0000] {processor.py:914} INFO - Processing file /home/airflow/.local/lib/python3.12/site-packages/airflow/example_dags/example_nested_branch_dag.py for tasks to queue
[2024-12-22T11:31:45.672+0000] {logging_mixin.py:190} INFO - [2024-12-22T11:31:45.671+0000] {dagbag.py:588} INFO - Filling up the DagBag from /home/airflow/.local/lib/python3.12/site-packages/airflow/example_dags/example_nested_branch_dag.py
[2024-12-22T11:31:45.703+0000] {processor.py:925} INFO - DAG(s) 'example_nested_branch_dag' retrieved from /home/airflow/.local/lib/python3.12/site-packages/airflow/example_dags/example_nested_branch_dag.py
[2024-12-22T11:31:45.757+0000] {logging_mixin.py:190} INFO - [2024-12-22T11:31:45.756+0000] {dag.py:3239} INFO - Sync 1 DAGs
[2024-12-22T11:31:45.830+0000] {logging_mixin.py:190} INFO - [2024-12-22T11:31:45.829+0000] {dag.py:4180} INFO - Setting next_dagrun for example_nested_branch_dag to 2024-12-21 00:00:00+00:00, run_after=2024-12-22 00:00:00+00:00
[2024-12-22T11:31:45.880+0000] {processor.py:208} INFO - Processing /home/airflow/.local/lib/python3.12/site-packages/airflow/example_dags/example_nested_branch_dag.py took 0.228 seconds
[2024-12-22T11:32:23.027+0000] {processor.py:186} INFO - Started process (PID=1672) to work on /home/airflow/.local/lib/python3.12/site-packages/airflow/example_dags/example_nested_branch_dag.py
[2024-12-22T11:32:23.030+0000] {processor.py:914} INFO - Processing file /home/airflow/.local/lib/python3.12/site-packages/airflow/example_dags/example_nested_branch_dag.py for tasks to queue
[2024-12-22T11:32:23.035+0000] {logging_mixin.py:190} INFO - [2024-12-22T11:32:23.034+0000] {dagbag.py:588} INFO - Filling up the DagBag from /home/airflow/.local/lib/python3.12/site-packages/airflow/example_dags/example_nested_branch_dag.py
[2024-12-22T11:32:23.077+0000] {processor.py:925} INFO - DAG(s) 'example_nested_branch_dag' retrieved from /home/airflow/.local/lib/python3.12/site-packages/airflow/example_dags/example_nested_branch_dag.py
[2024-12-22T11:32:23.156+0000] {logging_mixin.py:190} INFO - [2024-12-22T11:32:23.155+0000] {dag.py:3239} INFO - Sync 1 DAGs
[2024-12-22T11:32:23.237+0000] {logging_mixin.py:190} INFO - [2024-12-22T11:32:23.236+0000] {dag.py:4180} INFO - Setting next_dagrun for example_nested_branch_dag to 2024-12-21 00:00:00+00:00, run_after=2024-12-22 00:00:00+00:00
[2024-12-22T11:32:24.147+0000] {processor.py:208} INFO - Processing /home/airflow/.local/lib/python3.12/site-packages/airflow/example_dags/example_nested_branch_dag.py took 1.318 seconds
[2024-12-22T11:32:58.853+0000] {processor.py:186} INFO - Started process (PID=1736) to work on /home/airflow/.local/lib/python3.12/site-packages/airflow/example_dags/example_nested_branch_dag.py
[2024-12-22T11:32:58.859+0000] {processor.py:914} INFO - Processing file /home/airflow/.local/lib/python3.12/site-packages/airflow/example_dags/example_nested_branch_dag.py for tasks to queue
[2024-12-22T11:32:58.866+0000] {logging_mixin.py:190} INFO - [2024-12-22T11:32:58.864+0000] {dagbag.py:588} INFO - Filling up the DagBag from /home/airflow/.local/lib/python3.12/site-packages/airflow/example_dags/example_nested_branch_dag.py
[2024-12-22T11:32:58.930+0000] {processor.py:925} INFO - DAG(s) 'example_nested_branch_dag' retrieved from /home/airflow/.local/lib/python3.12/site-packages/airflow/example_dags/example_nested_branch_dag.py
[2024-12-22T11:32:59.018+0000] {logging_mixin.py:190} INFO - [2024-12-22T11:32:59.017+0000] {dag.py:3239} INFO - Sync 1 DAGs
[2024-12-22T11:32:59.094+0000] {logging_mixin.py:190} INFO - [2024-12-22T11:32:59.094+0000] {dag.py:4180} INFO - Setting next_dagrun for example_nested_branch_dag to 2024-12-21 00:00:00+00:00, run_after=2024-12-22 00:00:00+00:00
[2024-12-22T11:32:59.814+0000] {processor.py:208} INFO - Processing /home/airflow/.local/lib/python3.12/site-packages/airflow/example_dags/example_nested_branch_dag.py took 1.007 seconds
[2024-12-22T11:33:36.667+0000] {processor.py:186} INFO - Started process (PID=1807) to work on /home/airflow/.local/lib/python3.12/site-packages/airflow/example_dags/example_nested_branch_dag.py
[2024-12-22T11:33:36.675+0000] {processor.py:914} INFO - Processing file /home/airflow/.local/lib/python3.12/site-packages/airflow/example_dags/example_nested_branch_dag.py for tasks to queue
[2024-12-22T11:33:36.684+0000] {logging_mixin.py:190} INFO - [2024-12-22T11:33:36.682+0000] {dagbag.py:588} INFO - Filling up the DagBag from /home/airflow/.local/lib/python3.12/site-packages/airflow/example_dags/example_nested_branch_dag.py
[2024-12-22T11:33:36.769+0000] {processor.py:925} INFO - DAG(s) 'example_nested_branch_dag' retrieved from /home/airflow/.local/lib/python3.12/site-packages/airflow/example_dags/example_nested_branch_dag.py
[2024-12-22T11:33:36.854+0000] {logging_mixin.py:190} INFO - [2024-12-22T11:33:36.853+0000] {dag.py:3239} INFO - Sync 1 DAGs
[2024-12-22T11:33:36.961+0000] {logging_mixin.py:190} INFO - [2024-12-22T11:33:36.960+0000] {dag.py:4180} INFO - Setting next_dagrun for example_nested_branch_dag to 2024-12-21 00:00:00+00:00, run_after=2024-12-22 00:00:00+00:00
[2024-12-22T11:33:37.921+0000] {processor.py:208} INFO - Processing /home/airflow/.local/lib/python3.12/site-packages/airflow/example_dags/example_nested_branch_dag.py took 1.300 seconds
[2024-12-22T11:34:15.525+0000] {processor.py:186} INFO - Started process (PID=1872) to work on /home/airflow/.local/lib/python3.12/site-packages/airflow/example_dags/example_nested_branch_dag.py
[2024-12-22T11:34:15.527+0000] {processor.py:914} INFO - Processing file /home/airflow/.local/lib/python3.12/site-packages/airflow/example_dags/example_nested_branch_dag.py for tasks to queue
[2024-12-22T11:34:15.531+0000] {logging_mixin.py:190} INFO - [2024-12-22T11:34:15.530+0000] {dagbag.py:588} INFO - Filling up the DagBag from /home/airflow/.local/lib/python3.12/site-packages/airflow/example_dags/example_nested_branch_dag.py
[2024-12-22T11:34:15.565+0000] {processor.py:925} INFO - DAG(s) 'example_nested_branch_dag' retrieved from /home/airflow/.local/lib/python3.12/site-packages/airflow/example_dags/example_nested_branch_dag.py
[2024-12-22T11:34:15.619+0000] {logging_mixin.py:190} INFO - [2024-12-22T11:34:15.619+0000] {dag.py:3239} INFO - Sync 1 DAGs
[2024-12-22T11:34:15.709+0000] {logging_mixin.py:190} INFO - [2024-12-22T11:34:15.709+0000] {dag.py:4180} INFO - Setting next_dagrun for example_nested_branch_dag to 2024-12-21 00:00:00+00:00, run_after=2024-12-22 00:00:00+00:00
[2024-12-22T11:34:15.785+0000] {processor.py:208} INFO - Processing /home/airflow/.local/lib/python3.12/site-packages/airflow/example_dags/example_nested_branch_dag.py took 0.275 seconds
[2024-12-22T11:34:51.003+0000] {processor.py:186} INFO - Started process (PID=1937) to work on /home/airflow/.local/lib/python3.12/site-packages/airflow/example_dags/example_nested_branch_dag.py
[2024-12-22T11:34:51.011+0000] {processor.py:914} INFO - Processing file /home/airflow/.local/lib/python3.12/site-packages/airflow/example_dags/example_nested_branch_dag.py for tasks to queue
[2024-12-22T11:34:51.024+0000] {logging_mixin.py:190} INFO - [2024-12-22T11:34:51.021+0000] {dagbag.py:588} INFO - Filling up the DagBag from /home/airflow/.local/lib/python3.12/site-packages/airflow/example_dags/example_nested_branch_dag.py
[2024-12-22T11:34:52.151+0000] {processor.py:925} INFO - DAG(s) 'example_nested_branch_dag' retrieved from /home/airflow/.local/lib/python3.12/site-packages/airflow/example_dags/example_nested_branch_dag.py
[2024-12-22T11:34:52.272+0000] {logging_mixin.py:190} INFO - [2024-12-22T11:34:52.271+0000] {dag.py:3239} INFO - Sync 1 DAGs
[2024-12-22T11:34:52.348+0000] {logging_mixin.py:190} INFO - [2024-12-22T11:34:52.347+0000] {dag.py:4180} INFO - Setting next_dagrun for example_nested_branch_dag to 2024-12-21 00:00:00+00:00, run_after=2024-12-22 00:00:00+00:00
[2024-12-22T11:34:53.192+0000] {processor.py:208} INFO - Processing /home/airflow/.local/lib/python3.12/site-packages/airflow/example_dags/example_nested_branch_dag.py took 2.331 seconds
[2024-12-22T11:35:23.318+0000] {processor.py:186} INFO - Started process (PID=2002) to work on /home/airflow/.local/lib/python3.12/site-packages/airflow/example_dags/example_nested_branch_dag.py
[2024-12-22T11:35:23.322+0000] {processor.py:914} INFO - Processing file /home/airflow/.local/lib/python3.12/site-packages/airflow/example_dags/example_nested_branch_dag.py for tasks to queue
[2024-12-22T11:35:23.326+0000] {logging_mixin.py:190} INFO - [2024-12-22T11:35:23.325+0000] {dagbag.py:588} INFO - Filling up the DagBag from /home/airflow/.local/lib/python3.12/site-packages/airflow/example_dags/example_nested_branch_dag.py
[2024-12-22T11:35:23.370+0000] {processor.py:925} INFO - DAG(s) 'example_nested_branch_dag' retrieved from /home/airflow/.local/lib/python3.12/site-packages/airflow/example_dags/example_nested_branch_dag.py
[2024-12-22T11:35:23.062+0000] {logging_mixin.py:190} INFO - [2024-12-22T11:35:23.061+0000] {dag.py:3239} INFO - Sync 1 DAGs
[2024-12-22T11:35:23.160+0000] {logging_mixin.py:190} INFO - [2024-12-22T11:35:23.160+0000] {dag.py:4180} INFO - Setting next_dagrun for example_nested_branch_dag to 2024-12-21 00:00:00+00:00, run_after=2024-12-22 00:00:00+00:00
[2024-12-22T11:35:23.211+0000] {processor.py:208} INFO - Processing /home/airflow/.local/lib/python3.12/site-packages/airflow/example_dags/example_nested_branch_dag.py took 0.380 seconds
[2024-12-22T11:36:22.368+0000] {processor.py:186} INFO - Started process (PID=2067) to work on /home/airflow/.local/lib/python3.12/site-packages/airflow/example_dags/example_nested_branch_dag.py
[2024-12-22T11:36:22.371+0000] {processor.py:914} INFO - Processing file /home/airflow/.local/lib/python3.12/site-packages/airflow/example_dags/example_nested_branch_dag.py for tasks to queue
[2024-12-22T11:36:22.375+0000] {logging_mixin.py:190} INFO - [2024-12-22T11:36:22.375+0000] {dagbag.py:588} INFO - Filling up the DagBag from /home/airflow/.local/lib/python3.12/site-packages/airflow/example_dags/example_nested_branch_dag.py
[2024-12-22T11:36:22.434+0000] {processor.py:925} INFO - DAG(s) 'example_nested_branch_dag' retrieved from /home/airflow/.local/lib/python3.12/site-packages/airflow/example_dags/example_nested_branch_dag.py
[2024-12-22T11:36:22.532+0000] {logging_mixin.py:190} INFO - [2024-12-22T11:36:22.531+0000] {dag.py:3239} INFO - Sync 1 DAGs
[2024-12-22T11:36:22.654+0000] {logging_mixin.py:190} INFO - [2024-12-22T11:36:22.653+0000] {dag.py:4180} INFO - Setting next_dagrun for example_nested_branch_dag to 2024-12-21 00:00:00+00:00, run_after=2024-12-22 00:00:00+00:00
[2024-12-22T11:36:22.730+0000] {processor.py:208} INFO - Processing /home/airflow/.local/lib/python3.12/site-packages/airflow/example_dags/example_nested_branch_dag.py took 0.385 seconds
[2024-12-22T11:36:54.847+0000] {processor.py:186} INFO - Started process (PID=2141) to work on /home/airflow/.local/lib/python3.12/site-packages/airflow/example_dags/example_nested_branch_dag.py
[2024-12-22T11:36:54.849+0000] {processor.py:914} INFO - Processing file /home/airflow/.local/lib/python3.12/site-packages/airflow/example_dags/example_nested_branch_dag.py for tasks to queue
[2024-12-22T11:36:54.853+0000] {logging_mixin.py:190} INFO - [2024-12-22T11:36:54.852+0000] {dagbag.py:588} INFO - Filling up the DagBag from /home/airflow/.local/lib/python3.12/site-packages/airflow/example_dags/example_nested_branch_dag.py
[2024-12-22T11:36:54.883+0000] {processor.py:925} INFO - DAG(s) 'example_nested_branch_dag' retrieved from /home/airflow/.local/lib/python3.12/site-packages/airflow/example_dags/example_nested_branch_dag.py
[2024-12-22T11:36:54.943+0000] {logging_mixin.py:190} INFO - [2024-12-22T11:36:54.943+0000] {dag.py:3239} INFO - Sync 1 DAGs
[2024-12-22T11:36:55.008+0000] {logging_mixin.py:190} INFO - [2024-12-22T11:36:55.007+0000] {dag.py:4180} INFO - Setting next_dagrun for example_nested_branch_dag to 2024-12-21 00:00:00+00:00, run_after=2024-12-22 00:00:00+00:00
[2024-12-22T11:36:55.052+0000] {processor.py:208} INFO - Processing /home/airflow/.local/lib/python3.12/site-packages/airflow/example_dags/example_nested_branch_dag.py took 0.222 seconds
[2024-12-22T11:37:35.630+0000] {processor.py:186} INFO - Started process (PID=2207) to work on /home/airflow/.local/lib/python3.12/site-packages/airflow/example_dags/example_nested_branch_dag.py
[2024-12-22T11:37:35.634+0000] {processor.py:914} INFO - Processing file /home/airflow/.local/lib/python3.12/site-packages/airflow/example_dags/example_nested_branch_dag.py for tasks to queue
[2024-12-22T11:37:35.639+0000] {logging_mixin.py:190} INFO - [2024-12-22T11:37:35.638+0000] {dagbag.py:588} INFO - Filling up the DagBag from /home/airflow/.local/lib/python3.12/site-packages/airflow/example_dags/example_nested_branch_dag.py
[2024-12-22T11:37:35.686+0000] {processor.py:925} INFO - DAG(s) 'example_nested_branch_dag' retrieved from /home/airflow/.local/lib/python3.12/site-packages/airflow/example_dags/example_nested_branch_dag.py
[2024-12-22T11:37:35.758+0000] {logging_mixin.py:190} INFO - [2024-12-22T11:37:35.757+0000] {dag.py:3239} INFO - Sync 1 DAGs
[2024-12-22T11:37:35.896+0000] {logging_mixin.py:190} INFO - [2024-12-22T11:37:35.895+0000] {dag.py:4180} INFO - Setting next_dagrun for example_nested_branch_dag to 2024-12-21 00:00:00+00:00, run_after=2024-12-22 00:00:00+00:00
[2024-12-22T11:37:35.975+0000] {processor.py:208} INFO - Processing /home/airflow/.local/lib/python3.12/site-packages/airflow/example_dags/example_nested_branch_dag.py took 0.376 seconds
[2024-12-22T11:38:16.019+0000] {processor.py:186} INFO - Started process (PID=2263) to work on /home/airflow/.local/lib/python3.12/site-packages/airflow/example_dags/example_nested_branch_dag.py
[2024-12-22T11:38:16.021+0000] {processor.py:914} INFO - Processing file /home/airflow/.local/lib/python3.12/site-packages/airflow/example_dags/example_nested_branch_dag.py for tasks to queue
[2024-12-22T11:38:16.025+0000] {logging_mixin.py:190} INFO - [2024-12-22T11:38:16.024+0000] {dagbag.py:588} INFO - Filling up the DagBag from /home/airflow/.local/lib/python3.12/site-packages/airflow/example_dags/example_nested_branch_dag.py
[2024-12-22T11:38:16.064+0000] {processor.py:925} INFO - DAG(s) 'example_nested_branch_dag' retrieved from /home/airflow/.local/lib/python3.12/site-packages/airflow/example_dags/example_nested_branch_dag.py
[2024-12-22T11:38:16.125+0000] {logging_mixin.py:190} INFO - [2024-12-22T11:38:16.125+0000] {dag.py:3239} INFO - Sync 1 DAGs
[2024-12-22T11:38:16.205+0000] {logging_mixin.py:190} INFO - [2024-12-22T11:38:16.204+0000] {dag.py:4180} INFO - Setting next_dagrun for example_nested_branch_dag to 2024-12-21 00:00:00+00:00, run_after=2024-12-22 00:00:00+00:00
[2024-12-22T11:38:16.256+0000] {processor.py:208} INFO - Processing /home/airflow/.local/lib/python3.12/site-packages/airflow/example_dags/example_nested_branch_dag.py took 0.252 seconds
[2024-12-22T11:38:58.482+0000] {processor.py:186} INFO - Started process (PID=2328) to work on /home/airflow/.local/lib/python3.12/site-packages/airflow/example_dags/example_nested_branch_dag.py
[2024-12-22T11:38:58.484+0000] {processor.py:914} INFO - Processing file /home/airflow/.local/lib/python3.12/site-packages/airflow/example_dags/example_nested_branch_dag.py for tasks to queue
[2024-12-22T11:38:58.487+0000] {logging_mixin.py:190} INFO - [2024-12-22T11:38:58.486+0000] {dagbag.py:588} INFO - Filling up the DagBag from /home/airflow/.local/lib/python3.12/site-packages/airflow/example_dags/example_nested_branch_dag.py
[2024-12-22T11:38:58.517+0000] {processor.py:925} INFO - DAG(s) 'example_nested_branch_dag' retrieved from /home/airflow/.local/lib/python3.12/site-packages/airflow/example_dags/example_nested_branch_dag.py
[2024-12-22T11:38:58.574+0000] {logging_mixin.py:190} INFO - [2024-12-22T11:38:58.574+0000] {dag.py:3239} INFO - Sync 1 DAGs
[2024-12-22T11:38:58.645+0000] {logging_mixin.py:190} INFO - [2024-12-22T11:38:58.645+0000] {dag.py:4180} INFO - Setting next_dagrun for example_nested_branch_dag to 2024-12-21 00:00:00+00:00, run_after=2024-12-22 00:00:00+00:00
[2024-12-22T11:38:58.686+0000] {processor.py:208} INFO - Processing /home/airflow/.local/lib/python3.12/site-packages/airflow/example_dags/example_nested_branch_dag.py took 0.222 seconds
[2024-12-22T11:39:33.054+0000] {processor.py:186} INFO - Started process (PID=2398) to work on /home/airflow/.local/lib/python3.12/site-packages/airflow/example_dags/example_nested_branch_dag.py
[2024-12-22T11:39:33.059+0000] {processor.py:914} INFO - Processing file /home/airflow/.local/lib/python3.12/site-packages/airflow/example_dags/example_nested_branch_dag.py for tasks to queue
[2024-12-22T11:39:33.065+0000] {logging_mixin.py:190} INFO - [2024-12-22T11:39:33.064+0000] {dagbag.py:588} INFO - Filling up the DagBag from /home/airflow/.local/lib/python3.12/site-packages/airflow/example_dags/example_nested_branch_dag.py
[2024-12-22T11:39:33.125+0000] {processor.py:925} INFO - DAG(s) 'example_nested_branch_dag' retrieved from /home/airflow/.local/lib/python3.12/site-packages/airflow/example_dags/example_nested_branch_dag.py
[2024-12-22T11:39:33.225+0000] {logging_mixin.py:190} INFO - [2024-12-22T11:39:33.225+0000] {dag.py:3239} INFO - Sync 1 DAGs
[2024-12-22T11:39:33.358+0000] {logging_mixin.py:190} INFO - [2024-12-22T11:39:33.357+0000] {dag.py:4180} INFO - Setting next_dagrun for example_nested_branch_dag to 2024-12-21 00:00:00+00:00, run_after=2024-12-22 00:00:00+00:00
[2024-12-22T11:39:34.378+0000] {processor.py:208} INFO - Processing /home/airflow/.local/lib/python3.12/site-packages/airflow/example_dags/example_nested_branch_dag.py took 1.357 seconds
[2024-12-22T11:40:13.081+0000] {processor.py:186} INFO - Started process (PID=2464) to work on /home/airflow/.local/lib/python3.12/site-packages/airflow/example_dags/example_nested_branch_dag.py
[2024-12-22T11:40:13.087+0000] {processor.py:914} INFO - Processing file /home/airflow/.local/lib/python3.12/site-packages/airflow/example_dags/example_nested_branch_dag.py for tasks to queue
[2024-12-22T11:40:13.095+0000] {logging_mixin.py:190} INFO - [2024-12-22T11:40:13.093+0000] {dagbag.py:588} INFO - Filling up the DagBag from /home/airflow/.local/lib/python3.12/site-packages/airflow/example_dags/example_nested_branch_dag.py
[2024-12-22T11:40:14.164+0000] {processor.py:925} INFO - DAG(s) 'example_nested_branch_dag' retrieved from /home/airflow/.local/lib/python3.12/site-packages/airflow/example_dags/example_nested_branch_dag.py
[2024-12-22T11:40:14.306+0000] {logging_mixin.py:190} INFO - [2024-12-22T11:40:14.305+0000] {dag.py:3239} INFO - Sync 1 DAGs
[2024-12-22T11:40:14.381+0000] {logging_mixin.py:190} INFO - [2024-12-22T11:40:14.380+0000] {dag.py:4180} INFO - Setting next_dagrun for example_nested_branch_dag to 2024-12-21 00:00:00+00:00, run_after=2024-12-22 00:00:00+00:00
[2024-12-22T11:40:15.514+0000] {processor.py:208} INFO - Processing /home/airflow/.local/lib/python3.12/site-packages/airflow/example_dags/example_nested_branch_dag.py took 2.470 seconds
[2024-12-22T11:40:51.192+0000] {processor.py:186} INFO - Started process (PID=2530) to work on /home/airflow/.local/lib/python3.12/site-packages/airflow/example_dags/example_nested_branch_dag.py
[2024-12-22T11:40:51.194+0000] {processor.py:914} INFO - Processing file /home/airflow/.local/lib/python3.12/site-packages/airflow/example_dags/example_nested_branch_dag.py for tasks to queue
[2024-12-22T11:40:51.197+0000] {logging_mixin.py:190} INFO - [2024-12-22T11:40:51.196+0000] {dagbag.py:588} INFO - Filling up the DagBag from /home/airflow/.local/lib/python3.12/site-packages/airflow/example_dags/example_nested_branch_dag.py
[2024-12-22T11:40:51.233+0000] {processor.py:925} INFO - DAG(s) 'example_nested_branch_dag' retrieved from /home/airflow/.local/lib/python3.12/site-packages/airflow/example_dags/example_nested_branch_dag.py
[2024-12-22T11:40:51.294+0000] {logging_mixin.py:190} INFO - [2024-12-22T11:40:51.293+0000] {dag.py:3239} INFO - Sync 1 DAGs
[2024-12-22T11:40:51.386+0000] {logging_mixin.py:190} INFO - [2024-12-22T11:40:51.385+0000] {dag.py:4180} INFO - Setting next_dagrun for example_nested_branch_dag to 2024-12-21 00:00:00+00:00, run_after=2024-12-22 00:00:00+00:00
[2024-12-22T11:40:52.484+0000] {processor.py:208} INFO - Processing /home/airflow/.local/lib/python3.12/site-packages/airflow/example_dags/example_nested_branch_dag.py took 1.306 seconds
[2024-12-22T11:41:26.506+0000] {processor.py:186} INFO - Started process (PID=2594) to work on /home/airflow/.local/lib/python3.12/site-packages/airflow/example_dags/example_nested_branch_dag.py
[2024-12-22T11:41:26.509+0000] {processor.py:914} INFO - Processing file /home/airflow/.local/lib/python3.12/site-packages/airflow/example_dags/example_nested_branch_dag.py for tasks to queue
[2024-12-22T11:41:26.513+0000] {logging_mixin.py:190} INFO - [2024-12-22T11:41:26.512+0000] {dagbag.py:588} INFO - Filling up the DagBag from /home/airflow/.local/lib/python3.12/site-packages/airflow/example_dags/example_nested_branch_dag.py
[2024-12-22T11:41:26.551+0000] {processor.py:925} INFO - DAG(s) 'example_nested_branch_dag' retrieved from /home/airflow/.local/lib/python3.12/site-packages/airflow/example_dags/example_nested_branch_dag.py
[2024-12-22T11:41:26.607+0000] {logging_mixin.py:190} INFO - [2024-12-22T11:41:26.606+0000] {dag.py:3239} INFO - Sync 1 DAGs
[2024-12-22T11:41:26.674+0000] {logging_mixin.py:190} INFO - [2024-12-22T11:41:26.674+0000] {dag.py:4180} INFO - Setting next_dagrun for example_nested_branch_dag to 2024-12-21 00:00:00+00:00, run_after=2024-12-22 00:00:00+00:00
[2024-12-22T11:41:26.716+0000] {processor.py:208} INFO - Processing /home/airflow/.local/lib/python3.12/site-packages/airflow/example_dags/example_nested_branch_dag.py took 0.236 seconds
[2024-12-22T11:43:10.581+0000] {processor.py:186} INFO - Started process (PID=2663) to work on /home/airflow/.local/lib/python3.12/site-packages/airflow/example_dags/example_nested_branch_dag.py
[2024-12-22T11:43:10.587+0000] {processor.py:914} INFO - Processing file /home/airflow/.local/lib/python3.12/site-packages/airflow/example_dags/example_nested_branch_dag.py for tasks to queue
[2024-12-22T11:43:10.597+0000] {logging_mixin.py:190} INFO - [2024-12-22T11:43:10.595+0000] {dagbag.py:588} INFO - Filling up the DagBag from /home/airflow/.local/lib/python3.12/site-packages/airflow/example_dags/example_nested_branch_dag.py
[2024-12-22T11:43:10.699+0000] {processor.py:925} INFO - DAG(s) 'example_nested_branch_dag' retrieved from /home/airflow/.local/lib/python3.12/site-packages/airflow/example_dags/example_nested_branch_dag.py
[2024-12-22T11:43:10.762+0000] {logging_mixin.py:190} INFO - [2024-12-22T11:43:10.762+0000] {dag.py:3239} INFO - Sync 1 DAGs
[2024-12-22T11:43:10.839+0000] {logging_mixin.py:190} INFO - [2024-12-22T11:43:10.838+0000] {dag.py:4180} INFO - Setting next_dagrun for example_nested_branch_dag to 2024-12-21 00:00:00+00:00, run_after=2024-12-22 00:00:00+00:00
[2024-12-22T11:43:11.823+0000] {processor.py:208} INFO - Processing /home/airflow/.local/lib/python3.12/site-packages/airflow/example_dags/example_nested_branch_dag.py took 1.286 seconds
[2024-12-22T11:45:45.129+0000] {processor.py:186} INFO - Started process (PID=2725) to work on /home/airflow/.local/lib/python3.12/site-packages/airflow/example_dags/example_nested_branch_dag.py
[2024-12-22T11:45:45.132+0000] {processor.py:914} INFO - Processing file /home/airflow/.local/lib/python3.12/site-packages/airflow/example_dags/example_nested_branch_dag.py for tasks to queue
[2024-12-22T11:45:45.141+0000] {logging_mixin.py:190} INFO - [2024-12-22T11:45:45.139+0000] {dagbag.py:588} INFO - Filling up the DagBag from /home/airflow/.local/lib/python3.12/site-packages/airflow/example_dags/example_nested_branch_dag.py
[2024-12-22T11:45:45.203+0000] {processor.py:925} INFO - DAG(s) 'example_nested_branch_dag' retrieved from /home/airflow/.local/lib/python3.12/site-packages/airflow/example_dags/example_nested_branch_dag.py
[2024-12-22T11:45:45.301+0000] {logging_mixin.py:190} INFO - [2024-12-22T11:45:45.300+0000] {dag.py:3239} INFO - Sync 1 DAGs
[2024-12-22T11:45:45.436+0000] {logging_mixin.py:190} INFO - [2024-12-22T11:45:45.432+0000] {dag.py:4180} INFO - Setting next_dagrun for example_nested_branch_dag to 2024-12-21 00:00:00+00:00, run_after=2024-12-22 00:00:00+00:00
[2024-12-22T11:45:45.534+0000] {processor.py:208} INFO - Processing /home/airflow/.local/lib/python3.12/site-packages/airflow/example_dags/example_nested_branch_dag.py took 0.436 seconds
[2024-12-22T11:50:04.169+0000] {processor.py:186} INFO - Started process (PID=78) to work on /home/airflow/.local/lib/python3.12/site-packages/airflow/example_dags/example_nested_branch_dag.py
[2024-12-22T11:50:04.171+0000] {processor.py:914} INFO - Processing file /home/airflow/.local/lib/python3.12/site-packages/airflow/example_dags/example_nested_branch_dag.py for tasks to queue
[2024-12-22T11:50:04.174+0000] {logging_mixin.py:190} INFO - [2024-12-22T11:50:04.174+0000] {dagbag.py:588} INFO - Filling up the DagBag from /home/airflow/.local/lib/python3.12/site-packages/airflow/example_dags/example_nested_branch_dag.py
[2024-12-22T11:50:04.191+0000] {processor.py:925} INFO - DAG(s) 'example_nested_branch_dag' retrieved from /home/airflow/.local/lib/python3.12/site-packages/airflow/example_dags/example_nested_branch_dag.py
[2024-12-22T11:50:04.233+0000] {logging_mixin.py:190} INFO - [2024-12-22T11:50:04.233+0000] {dag.py:3239} INFO - Sync 1 DAGs
[2024-12-22T11:50:04.276+0000] {logging_mixin.py:190} INFO - [2024-12-22T11:50:04.276+0000] {dag.py:4180} INFO - Setting next_dagrun for example_nested_branch_dag to 2024-12-21 00:00:00+00:00, run_after=2024-12-22 00:00:00+00:00
[2024-12-22T11:50:04.302+0000] {processor.py:208} INFO - Processing /home/airflow/.local/lib/python3.12/site-packages/airflow/example_dags/example_nested_branch_dag.py took 0.142 seconds
[2024-12-22T11:50:35.937+0000] {processor.py:186} INFO - Started process (PID=143) to work on /home/airflow/.local/lib/python3.12/site-packages/airflow/example_dags/example_nested_branch_dag.py
[2024-12-22T11:50:35.940+0000] {processor.py:914} INFO - Processing file /home/airflow/.local/lib/python3.12/site-packages/airflow/example_dags/example_nested_branch_dag.py for tasks to queue
[2024-12-22T11:50:35.944+0000] {logging_mixin.py:190} INFO - [2024-12-22T11:50:35.943+0000] {dagbag.py:588} INFO - Filling up the DagBag from /home/airflow/.local/lib/python3.12/site-packages/airflow/example_dags/example_nested_branch_dag.py
[2024-12-22T11:50:35.963+0000] {processor.py:925} INFO - DAG(s) 'example_nested_branch_dag' retrieved from /home/airflow/.local/lib/python3.12/site-packages/airflow/example_dags/example_nested_branch_dag.py
[2024-12-22T11:50:35.999+0000] {logging_mixin.py:190} INFO - [2024-12-22T11:50:35.999+0000] {dag.py:3239} INFO - Sync 1 DAGs
[2024-12-22T11:50:36.038+0000] {logging_mixin.py:190} INFO - [2024-12-22T11:50:36.038+0000] {dag.py:4180} INFO - Setting next_dagrun for example_nested_branch_dag to 2024-12-21 00:00:00+00:00, run_after=2024-12-22 00:00:00+00:00
[2024-12-22T11:50:36.068+0000] {processor.py:208} INFO - Processing /home/airflow/.local/lib/python3.12/site-packages/airflow/example_dags/example_nested_branch_dag.py took 0.139 seconds
[2024-12-22T11:51:14.828+0000] {processor.py:186} INFO - Started process (PID=208) to work on /home/airflow/.local/lib/python3.12/site-packages/airflow/example_dags/example_nested_branch_dag.py
[2024-12-22T11:51:14.829+0000] {processor.py:914} INFO - Processing file /home/airflow/.local/lib/python3.12/site-packages/airflow/example_dags/example_nested_branch_dag.py for tasks to queue
[2024-12-22T11:51:14.832+0000] {logging_mixin.py:190} INFO - [2024-12-22T11:51:14.832+0000] {dagbag.py:588} INFO - Filling up the DagBag from /home/airflow/.local/lib/python3.12/site-packages/airflow/example_dags/example_nested_branch_dag.py
[2024-12-22T11:51:14.849+0000] {processor.py:925} INFO - DAG(s) 'example_nested_branch_dag' retrieved from /home/airflow/.local/lib/python3.12/site-packages/airflow/example_dags/example_nested_branch_dag.py
[2024-12-22T11:51:14.874+0000] {logging_mixin.py:190} INFO - [2024-12-22T11:51:14.874+0000] {dag.py:3239} INFO - Sync 1 DAGs
[2024-12-22T11:51:14.902+0000] {logging_mixin.py:190} INFO - [2024-12-22T11:51:14.902+0000] {dag.py:4180} INFO - Setting next_dagrun for example_nested_branch_dag to 2024-12-21 00:00:00+00:00, run_after=2024-12-22 00:00:00+00:00
[2024-12-22T11:51:14.922+0000] {processor.py:208} INFO - Processing /home/airflow/.local/lib/python3.12/site-packages/airflow/example_dags/example_nested_branch_dag.py took 0.101 seconds
[2024-12-22T11:51:46.412+0000] {processor.py:186} INFO - Started process (PID=273) to work on /home/airflow/.local/lib/python3.12/site-packages/airflow/example_dags/example_nested_branch_dag.py
[2024-12-22T11:51:46.413+0000] {processor.py:914} INFO - Processing file /home/airflow/.local/lib/python3.12/site-packages/airflow/example_dags/example_nested_branch_dag.py for tasks to queue
[2024-12-22T11:51:46.416+0000] {logging_mixin.py:190} INFO - [2024-12-22T11:51:46.415+0000] {dagbag.py:588} INFO - Filling up the DagBag from /home/airflow/.local/lib/python3.12/site-packages/airflow/example_dags/example_nested_branch_dag.py
[2024-12-22T11:51:46.429+0000] {processor.py:925} INFO - DAG(s) 'example_nested_branch_dag' retrieved from /home/airflow/.local/lib/python3.12/site-packages/airflow/example_dags/example_nested_branch_dag.py
[2024-12-22T11:51:46.453+0000] {logging_mixin.py:190} INFO - [2024-12-22T11:51:46.453+0000] {dag.py:3239} INFO - Sync 1 DAGs
[2024-12-22T11:51:46.481+0000] {logging_mixin.py:190} INFO - [2024-12-22T11:51:46.481+0000] {dag.py:4180} INFO - Setting next_dagrun for example_nested_branch_dag to 2024-12-21 00:00:00+00:00, run_after=2024-12-22 00:00:00+00:00
[2024-12-22T11:51:46.502+0000] {processor.py:208} INFO - Processing /home/airflow/.local/lib/python3.12/site-packages/airflow/example_dags/example_nested_branch_dag.py took 0.097 seconds
[2024-12-22T11:52:17.708+0000] {processor.py:186} INFO - Started process (PID=344) to work on /home/airflow/.local/lib/python3.12/site-packages/airflow/example_dags/example_nested_branch_dag.py
[2024-12-22T11:52:17.709+0000] {processor.py:914} INFO - Processing file /home/airflow/.local/lib/python3.12/site-packages/airflow/example_dags/example_nested_branch_dag.py for tasks to queue
[2024-12-22T11:52:17.715+0000] {logging_mixin.py:190} INFO - [2024-12-22T11:52:17.714+0000] {dagbag.py:588} INFO - Filling up the DagBag from /home/airflow/.local/lib/python3.12/site-packages/airflow/example_dags/example_nested_branch_dag.py
[2024-12-22T11:52:17.735+0000] {processor.py:925} INFO - DAG(s) 'example_nested_branch_dag' retrieved from /home/airflow/.local/lib/python3.12/site-packages/airflow/example_dags/example_nested_branch_dag.py
[2024-12-22T11:52:17.765+0000] {logging_mixin.py:190} INFO - [2024-12-22T11:52:17.765+0000] {dag.py:3239} INFO - Sync 1 DAGs
[2024-12-22T11:52:17.800+0000] {logging_mixin.py:190} INFO - [2024-12-22T11:52:17.800+0000] {dag.py:4180} INFO - Setting next_dagrun for example_nested_branch_dag to 2024-12-21 00:00:00+00:00, run_after=2024-12-22 00:00:00+00:00
[2024-12-22T11:52:17.825+0000] {processor.py:208} INFO - Processing /home/airflow/.local/lib/python3.12/site-packages/airflow/example_dags/example_nested_branch_dag.py took 0.126 seconds
[2024-12-22T11:52:49.529+0000] {processor.py:186} INFO - Started process (PID=409) to work on /home/airflow/.local/lib/python3.12/site-packages/airflow/example_dags/example_nested_branch_dag.py
[2024-12-22T11:52:49.531+0000] {processor.py:914} INFO - Processing file /home/airflow/.local/lib/python3.12/site-packages/airflow/example_dags/example_nested_branch_dag.py for tasks to queue
[2024-12-22T11:52:49.534+0000] {logging_mixin.py:190} INFO - [2024-12-22T11:52:49.533+0000] {dagbag.py:588} INFO - Filling up the DagBag from /home/airflow/.local/lib/python3.12/site-packages/airflow/example_dags/example_nested_branch_dag.py
[2024-12-22T11:52:49.553+0000] {processor.py:925} INFO - DAG(s) 'example_nested_branch_dag' retrieved from /home/airflow/.local/lib/python3.12/site-packages/airflow/example_dags/example_nested_branch_dag.py
[2024-12-22T11:52:49.580+0000] {logging_mixin.py:190} INFO - [2024-12-22T11:52:49.580+0000] {dag.py:3239} INFO - Sync 1 DAGs
[2024-12-22T11:52:49.614+0000] {logging_mixin.py:190} INFO - [2024-12-22T11:52:49.614+0000] {dag.py:4180} INFO - Setting next_dagrun for example_nested_branch_dag to 2024-12-21 00:00:00+00:00, run_after=2024-12-22 00:00:00+00:00
[2024-12-22T11:52:49.641+0000] {processor.py:208} INFO - Processing /home/airflow/.local/lib/python3.12/site-packages/airflow/example_dags/example_nested_branch_dag.py took 0.119 seconds
[2024-12-22T11:53:20.865+0000] {processor.py:186} INFO - Started process (PID=474) to work on /home/airflow/.local/lib/python3.12/site-packages/airflow/example_dags/example_nested_branch_dag.py
[2024-12-22T11:53:20.866+0000] {processor.py:914} INFO - Processing file /home/airflow/.local/lib/python3.12/site-packages/airflow/example_dags/example_nested_branch_dag.py for tasks to queue
[2024-12-22T11:53:20.869+0000] {logging_mixin.py:190} INFO - [2024-12-22T11:53:20.869+0000] {dagbag.py:588} INFO - Filling up the DagBag from /home/airflow/.local/lib/python3.12/site-packages/airflow/example_dags/example_nested_branch_dag.py
[2024-12-22T11:53:20.885+0000] {processor.py:925} INFO - DAG(s) 'example_nested_branch_dag' retrieved from /home/airflow/.local/lib/python3.12/site-packages/airflow/example_dags/example_nested_branch_dag.py
[2024-12-22T11:53:20.911+0000] {logging_mixin.py:190} INFO - [2024-12-22T11:53:20.910+0000] {dag.py:3239} INFO - Sync 1 DAGs
[2024-12-22T11:53:20.942+0000] {logging_mixin.py:190} INFO - [2024-12-22T11:53:20.941+0000] {dag.py:4180} INFO - Setting next_dagrun for example_nested_branch_dag to 2024-12-21 00:00:00+00:00, run_after=2024-12-22 00:00:00+00:00
[2024-12-22T11:53:20.966+0000] {processor.py:208} INFO - Processing /home/airflow/.local/lib/python3.12/site-packages/airflow/example_dags/example_nested_branch_dag.py took 0.109 seconds
[2024-12-22T11:53:52.451+0000] {processor.py:186} INFO - Started process (PID=539) to work on /home/airflow/.local/lib/python3.12/site-packages/airflow/example_dags/example_nested_branch_dag.py
[2024-12-22T11:53:52.453+0000] {processor.py:914} INFO - Processing file /home/airflow/.local/lib/python3.12/site-packages/airflow/example_dags/example_nested_branch_dag.py for tasks to queue
[2024-12-22T11:53:52.457+0000] {logging_mixin.py:190} INFO - [2024-12-22T11:53:52.456+0000] {dagbag.py:588} INFO - Filling up the DagBag from /home/airflow/.local/lib/python3.12/site-packages/airflow/example_dags/example_nested_branch_dag.py
[2024-12-22T11:53:52.477+0000] {processor.py:925} INFO - DAG(s) 'example_nested_branch_dag' retrieved from /home/airflow/.local/lib/python3.12/site-packages/airflow/example_dags/example_nested_branch_dag.py
[2024-12-22T11:53:52.512+0000] {logging_mixin.py:190} INFO - [2024-12-22T11:53:52.512+0000] {dag.py:3239} INFO - Sync 1 DAGs
[2024-12-22T11:53:52.839+0000] {logging_mixin.py:190} INFO - [2024-12-22T11:53:52.838+0000] {dag.py:4180} INFO - Setting next_dagrun for example_nested_branch_dag to 2024-12-21 00:00:00+00:00, run_after=2024-12-22 00:00:00+00:00
[2024-12-22T11:53:52.883+0000] {processor.py:208} INFO - Processing /home/airflow/.local/lib/python3.12/site-packages/airflow/example_dags/example_nested_branch_dag.py took 0.446 seconds
[2024-12-22T11:54:25.270+0000] {processor.py:186} INFO - Started process (PID=604) to work on /home/airflow/.local/lib/python3.12/site-packages/airflow/example_dags/example_nested_branch_dag.py
[2024-12-22T11:54:25.281+0000] {processor.py:914} INFO - Processing file /home/airflow/.local/lib/python3.12/site-packages/airflow/example_dags/example_nested_branch_dag.py for tasks to queue
[2024-12-22T11:54:25.284+0000] {logging_mixin.py:190} INFO - [2024-12-22T11:54:25.283+0000] {dagbag.py:588} INFO - Filling up the DagBag from /home/airflow/.local/lib/python3.12/site-packages/airflow/example_dags/example_nested_branch_dag.py
[2024-12-22T11:54:25.298+0000] {processor.py:925} INFO - DAG(s) 'example_nested_branch_dag' retrieved from /home/airflow/.local/lib/python3.12/site-packages/airflow/example_dags/example_nested_branch_dag.py
[2024-12-22T11:54:25.325+0000] {logging_mixin.py:190} INFO - [2024-12-22T11:54:25.324+0000] {dag.py:3239} INFO - Sync 1 DAGs
[2024-12-22T11:54:25.357+0000] {logging_mixin.py:190} INFO - [2024-12-22T11:54:25.357+0000] {dag.py:4180} INFO - Setting next_dagrun for example_nested_branch_dag to 2024-12-21 00:00:00+00:00, run_after=2024-12-22 00:00:00+00:00
[2024-12-22T11:54:25.379+0000] {processor.py:208} INFO - Processing /home/airflow/.local/lib/python3.12/site-packages/airflow/example_dags/example_nested_branch_dag.py took 0.117 seconds
[2024-12-22T11:54:56.767+0000] {processor.py:186} INFO - Started process (PID=669) to work on /home/airflow/.local/lib/python3.12/site-packages/airflow/example_dags/example_nested_branch_dag.py
[2024-12-22T11:54:56.768+0000] {processor.py:914} INFO - Processing file /home/airflow/.local/lib/python3.12/site-packages/airflow/example_dags/example_nested_branch_dag.py for tasks to queue
[2024-12-22T11:54:56.771+0000] {logging_mixin.py:190} INFO - [2024-12-22T11:54:56.771+0000] {dagbag.py:588} INFO - Filling up the DagBag from /home/airflow/.local/lib/python3.12/site-packages/airflow/example_dags/example_nested_branch_dag.py
[2024-12-22T11:54:56.787+0000] {processor.py:925} INFO - DAG(s) 'example_nested_branch_dag' retrieved from /home/airflow/.local/lib/python3.12/site-packages/airflow/example_dags/example_nested_branch_dag.py
[2024-12-22T11:54:56.815+0000] {logging_mixin.py:190} INFO - [2024-12-22T11:54:56.815+0000] {dag.py:3239} INFO - Sync 1 DAGs
[2024-12-22T11:54:56.843+0000] {logging_mixin.py:190} INFO - [2024-12-22T11:54:56.843+0000] {dag.py:4180} INFO - Setting next_dagrun for example_nested_branch_dag to 2024-12-21 00:00:00+00:00, run_after=2024-12-22 00:00:00+00:00
[2024-12-22T11:54:56.867+0000] {processor.py:208} INFO - Processing /home/airflow/.local/lib/python3.12/site-packages/airflow/example_dags/example_nested_branch_dag.py took 0.107 seconds
[2024-12-22T11:56:34.933+0000] {processor.py:186} INFO - Started process (PID=74) to work on /home/airflow/.local/lib/python3.12/site-packages/airflow/example_dags/example_nested_branch_dag.py
[2024-12-22T11:56:34.934+0000] {processor.py:914} INFO - Processing file /home/airflow/.local/lib/python3.12/site-packages/airflow/example_dags/example_nested_branch_dag.py for tasks to queue
[2024-12-22T11:56:34.938+0000] {logging_mixin.py:190} INFO - [2024-12-22T11:56:34.937+0000] {dagbag.py:588} INFO - Filling up the DagBag from /home/airflow/.local/lib/python3.12/site-packages/airflow/example_dags/example_nested_branch_dag.py
[2024-12-22T11:56:34.962+0000] {processor.py:925} INFO - DAG(s) 'example_nested_branch_dag' retrieved from /home/airflow/.local/lib/python3.12/site-packages/airflow/example_dags/example_nested_branch_dag.py
[2024-12-22T11:56:35.006+0000] {logging_mixin.py:190} INFO - [2024-12-22T11:56:35.006+0000] {dag.py:3239} INFO - Sync 1 DAGs
[2024-12-22T11:56:35.042+0000] {logging_mixin.py:190} INFO - [2024-12-22T11:56:35.042+0000] {dag.py:4180} INFO - Setting next_dagrun for example_nested_branch_dag to 2024-12-21 00:00:00+00:00, run_after=2024-12-22 00:00:00+00:00
[2024-12-22T11:56:35.068+0000] {processor.py:208} INFO - Processing /home/airflow/.local/lib/python3.12/site-packages/airflow/example_dags/example_nested_branch_dag.py took 0.144 seconds
[2024-12-22T11:57:08.011+0000] {processor.py:186} INFO - Started process (PID=146) to work on /home/airflow/.local/lib/python3.12/site-packages/airflow/example_dags/example_nested_branch_dag.py
[2024-12-22T11:57:08.022+0000] {processor.py:914} INFO - Processing file /home/airflow/.local/lib/python3.12/site-packages/airflow/example_dags/example_nested_branch_dag.py for tasks to queue
[2024-12-22T11:57:08.026+0000] {logging_mixin.py:190} INFO - [2024-12-22T11:57:08.026+0000] {dagbag.py:588} INFO - Filling up the DagBag from /home/airflow/.local/lib/python3.12/site-packages/airflow/example_dags/example_nested_branch_dag.py
[2024-12-22T11:57:08.057+0000] {processor.py:925} INFO - DAG(s) 'example_nested_branch_dag' retrieved from /home/airflow/.local/lib/python3.12/site-packages/airflow/example_dags/example_nested_branch_dag.py
[2024-12-22T11:57:08.101+0000] {logging_mixin.py:190} INFO - [2024-12-22T11:57:08.100+0000] {dag.py:3239} INFO - Sync 1 DAGs
[2024-12-22T11:57:08.154+0000] {logging_mixin.py:190} INFO - [2024-12-22T11:57:08.154+0000] {dag.py:4180} INFO - Setting next_dagrun for example_nested_branch_dag to 2024-12-21 00:00:00+00:00, run_after=2024-12-22 00:00:00+00:00
[2024-12-22T11:57:08.191+0000] {processor.py:208} INFO - Processing /home/airflow/.local/lib/python3.12/site-packages/airflow/example_dags/example_nested_branch_dag.py took 0.193 seconds
