[2024-12-22T11:17:54.920+0000] {processor.py:186} INFO - Started process (PID=84) to work on /home/airflow/.local/lib/python3.12/site-packages/airflow/example_dags/example_task_group.py
[2024-12-22T11:17:54.929+0000] {processor.py:914} INFO - Processing file /home/airflow/.local/lib/python3.12/site-packages/airflow/example_dags/example_task_group.py for tasks to queue
[2024-12-22T11:17:54.952+0000] {logging_mixin.py:190} INFO - [2024-12-22T11:17:54.950+0000] {dagbag.py:588} INFO - Filling up the DagBag from /home/airflow/.local/lib/python3.12/site-packages/airflow/example_dags/example_task_group.py
[2024-12-22T11:17:55.028+0000] {processor.py:925} INFO - DAG(s) 'example_task_group' retrieved from /home/airflow/.local/lib/python3.12/site-packages/airflow/example_dags/example_task_group.py
[2024-12-22T11:17:55.236+0000] {logging_mixin.py:190} INFO - [2024-12-22T11:17:55.234+0000] {dag.py:3239} INFO - Sync 1 DAGs
[2024-12-22T11:17:55.510+0000] {logging_mixin.py:190} INFO - [2024-12-22T11:17:55.508+0000] {dag.py:4180} INFO - Setting next_dagrun for example_task_group to None, run_after=None
[2024-12-22T11:17:56.247+0000] {processor.py:208} INFO - Processing /home/airflow/.local/lib/python3.12/site-packages/airflow/example_dags/example_task_group.py took 1.353 seconds
[2024-12-22T11:18:27.919+0000] {processor.py:186} INFO - Started process (PID=149) to work on /home/airflow/.local/lib/python3.12/site-packages/airflow/example_dags/example_task_group.py
[2024-12-22T11:18:27.922+0000] {processor.py:914} INFO - Processing file /home/airflow/.local/lib/python3.12/site-packages/airflow/example_dags/example_task_group.py for tasks to queue
[2024-12-22T11:18:27.929+0000] {logging_mixin.py:190} INFO - [2024-12-22T11:18:27.928+0000] {dagbag.py:588} INFO - Filling up the DagBag from /home/airflow/.local/lib/python3.12/site-packages/airflow/example_dags/example_task_group.py
[2024-12-22T11:18:27.958+0000] {processor.py:925} INFO - DAG(s) 'example_task_group' retrieved from /home/airflow/.local/lib/python3.12/site-packages/airflow/example_dags/example_task_group.py
[2024-12-22T11:18:28.021+0000] {logging_mixin.py:190} INFO - [2024-12-22T11:18:28.020+0000] {dag.py:3239} INFO - Sync 1 DAGs
[2024-12-22T11:18:28.076+0000] {logging_mixin.py:190} INFO - [2024-12-22T11:18:28.075+0000] {dag.py:4180} INFO - Setting next_dagrun for example_task_group to None, run_after=None
[2024-12-22T11:18:28.127+0000] {processor.py:208} INFO - Processing /home/airflow/.local/lib/python3.12/site-packages/airflow/example_dags/example_task_group.py took 0.226 seconds
[2024-12-22T11:19:04.264+0000] {processor.py:186} INFO - Started process (PID=220) to work on /home/airflow/.local/lib/python3.12/site-packages/airflow/example_dags/example_task_group.py
[2024-12-22T11:19:04.267+0000] {processor.py:914} INFO - Processing file /home/airflow/.local/lib/python3.12/site-packages/airflow/example_dags/example_task_group.py for tasks to queue
[2024-12-22T11:19:04.272+0000] {logging_mixin.py:190} INFO - [2024-12-22T11:19:04.271+0000] {dagbag.py:588} INFO - Filling up the DagBag from /home/airflow/.local/lib/python3.12/site-packages/airflow/example_dags/example_task_group.py
[2024-12-22T11:19:04.291+0000] {processor.py:925} INFO - DAG(s) 'example_task_group' retrieved from /home/airflow/.local/lib/python3.12/site-packages/airflow/example_dags/example_task_group.py
[2024-12-22T11:19:04.341+0000] {logging_mixin.py:190} INFO - [2024-12-22T11:19:04.341+0000] {dag.py:3239} INFO - Sync 1 DAGs
[2024-12-22T11:19:04.380+0000] {logging_mixin.py:190} INFO - [2024-12-22T11:19:04.379+0000] {dag.py:4180} INFO - Setting next_dagrun for example_task_group to None, run_after=None
[2024-12-22T11:19:04.430+0000] {processor.py:208} INFO - Processing /home/airflow/.local/lib/python3.12/site-packages/airflow/example_dags/example_task_group.py took 0.181 seconds
[2024-12-22T11:19:37.372+0000] {processor.py:186} INFO - Started process (PID=286) to work on /home/airflow/.local/lib/python3.12/site-packages/airflow/example_dags/example_task_group.py
[2024-12-22T11:19:37.375+0000] {processor.py:914} INFO - Processing file /home/airflow/.local/lib/python3.12/site-packages/airflow/example_dags/example_task_group.py for tasks to queue
[2024-12-22T11:19:37.382+0000] {logging_mixin.py:190} INFO - [2024-12-22T11:19:37.381+0000] {dagbag.py:588} INFO - Filling up the DagBag from /home/airflow/.local/lib/python3.12/site-packages/airflow/example_dags/example_task_group.py
[2024-12-22T11:19:37.411+0000] {processor.py:925} INFO - DAG(s) 'example_task_group' retrieved from /home/airflow/.local/lib/python3.12/site-packages/airflow/example_dags/example_task_group.py
[2024-12-22T11:19:37.472+0000] {logging_mixin.py:190} INFO - [2024-12-22T11:19:37.471+0000] {dag.py:3239} INFO - Sync 1 DAGs
[2024-12-22T11:19:37.527+0000] {logging_mixin.py:190} INFO - [2024-12-22T11:19:37.527+0000] {dag.py:4180} INFO - Setting next_dagrun for example_task_group to None, run_after=None
[2024-12-22T11:19:37.583+0000] {processor.py:208} INFO - Processing /home/airflow/.local/lib/python3.12/site-packages/airflow/example_dags/example_task_group.py took 0.228 seconds
[2024-12-22T11:20:14.927+0000] {processor.py:186} INFO - Started process (PID=352) to work on /home/airflow/.local/lib/python3.12/site-packages/airflow/example_dags/example_task_group.py
[2024-12-22T11:20:14.929+0000] {processor.py:914} INFO - Processing file /home/airflow/.local/lib/python3.12/site-packages/airflow/example_dags/example_task_group.py for tasks to queue
[2024-12-22T11:20:14.935+0000] {logging_mixin.py:190} INFO - [2024-12-22T11:20:14.935+0000] {dagbag.py:588} INFO - Filling up the DagBag from /home/airflow/.local/lib/python3.12/site-packages/airflow/example_dags/example_task_group.py
[2024-12-22T11:20:14.954+0000] {processor.py:925} INFO - DAG(s) 'example_task_group' retrieved from /home/airflow/.local/lib/python3.12/site-packages/airflow/example_dags/example_task_group.py
[2024-12-22T11:20:14.998+0000] {logging_mixin.py:190} INFO - [2024-12-22T11:20:14.998+0000] {dag.py:3239} INFO - Sync 1 DAGs
[2024-12-22T11:20:15.029+0000] {logging_mixin.py:190} INFO - [2024-12-22T11:20:15.028+0000] {dag.py:4180} INFO - Setting next_dagrun for example_task_group to None, run_after=None
[2024-12-22T11:20:15.254+0000] {processor.py:208} INFO - Processing /home/airflow/.local/lib/python3.12/site-packages/airflow/example_dags/example_task_group.py took 0.340 seconds
[2024-12-22T11:20:45.741+0000] {processor.py:186} INFO - Started process (PID=417) to work on /home/airflow/.local/lib/python3.12/site-packages/airflow/example_dags/example_task_group.py
[2024-12-22T11:20:45.745+0000] {processor.py:914} INFO - Processing file /home/airflow/.local/lib/python3.12/site-packages/airflow/example_dags/example_task_group.py for tasks to queue
[2024-12-22T11:20:45.754+0000] {logging_mixin.py:190} INFO - [2024-12-22T11:20:45.753+0000] {dagbag.py:588} INFO - Filling up the DagBag from /home/airflow/.local/lib/python3.12/site-packages/airflow/example_dags/example_task_group.py
[2024-12-22T11:20:45.775+0000] {processor.py:925} INFO - DAG(s) 'example_task_group' retrieved from /home/airflow/.local/lib/python3.12/site-packages/airflow/example_dags/example_task_group.py
[2024-12-22T11:20:45.825+0000] {logging_mixin.py:190} INFO - [2024-12-22T11:20:45.824+0000] {dag.py:3239} INFO - Sync 1 DAGs
[2024-12-22T11:20:45.865+0000] {logging_mixin.py:190} INFO - [2024-12-22T11:20:45.865+0000] {dag.py:4180} INFO - Setting next_dagrun for example_task_group to None, run_after=None
[2024-12-22T11:20:46.908+0000] {processor.py:208} INFO - Processing /home/airflow/.local/lib/python3.12/site-packages/airflow/example_dags/example_task_group.py took 1.187 seconds
[2024-12-22T11:21:25.912+0000] {processor.py:186} INFO - Started process (PID=482) to work on /home/airflow/.local/lib/python3.12/site-packages/airflow/example_dags/example_task_group.py
[2024-12-22T11:21:25.915+0000] {processor.py:914} INFO - Processing file /home/airflow/.local/lib/python3.12/site-packages/airflow/example_dags/example_task_group.py for tasks to queue
[2024-12-22T11:21:25.924+0000] {logging_mixin.py:190} INFO - [2024-12-22T11:21:25.922+0000] {dagbag.py:588} INFO - Filling up the DagBag from /home/airflow/.local/lib/python3.12/site-packages/airflow/example_dags/example_task_group.py
[2024-12-22T11:21:25.956+0000] {processor.py:925} INFO - DAG(s) 'example_task_group' retrieved from /home/airflow/.local/lib/python3.12/site-packages/airflow/example_dags/example_task_group.py
[2024-12-22T11:21:26.036+0000] {logging_mixin.py:190} INFO - [2024-12-22T11:21:26.035+0000] {dag.py:3239} INFO - Sync 1 DAGs
[2024-12-22T11:21:26.121+0000] {logging_mixin.py:190} INFO - [2024-12-22T11:21:26.120+0000] {dag.py:4180} INFO - Setting next_dagrun for example_task_group to None, run_after=None
[2024-12-22T11:21:26.198+0000] {processor.py:208} INFO - Processing /home/airflow/.local/lib/python3.12/site-packages/airflow/example_dags/example_task_group.py took 0.303 seconds
[2024-12-22T11:21:58.384+0000] {processor.py:186} INFO - Started process (PID=548) to work on /home/airflow/.local/lib/python3.12/site-packages/airflow/example_dags/example_task_group.py
[2024-12-22T11:21:58.386+0000] {processor.py:914} INFO - Processing file /home/airflow/.local/lib/python3.12/site-packages/airflow/example_dags/example_task_group.py for tasks to queue
[2024-12-22T11:21:58.392+0000] {logging_mixin.py:190} INFO - [2024-12-22T11:21:58.391+0000] {dagbag.py:588} INFO - Filling up the DagBag from /home/airflow/.local/lib/python3.12/site-packages/airflow/example_dags/example_task_group.py
[2024-12-22T11:21:58.414+0000] {processor.py:925} INFO - DAG(s) 'example_task_group' retrieved from /home/airflow/.local/lib/python3.12/site-packages/airflow/example_dags/example_task_group.py
[2024-12-22T11:21:58.471+0000] {logging_mixin.py:190} INFO - [2024-12-22T11:21:58.470+0000] {dag.py:3239} INFO - Sync 1 DAGs
[2024-12-22T11:21:58.516+0000] {logging_mixin.py:190} INFO - [2024-12-22T11:21:58.515+0000] {dag.py:4180} INFO - Setting next_dagrun for example_task_group to None, run_after=None
[2024-12-22T11:21:59.436+0000] {processor.py:208} INFO - Processing /home/airflow/.local/lib/python3.12/site-packages/airflow/example_dags/example_task_group.py took 1.066 seconds
[2024-12-22T11:22:31.065+0000] {processor.py:186} INFO - Started process (PID=613) to work on /home/airflow/.local/lib/python3.12/site-packages/airflow/example_dags/example_task_group.py
[2024-12-22T11:22:31.068+0000] {processor.py:914} INFO - Processing file /home/airflow/.local/lib/python3.12/site-packages/airflow/example_dags/example_task_group.py for tasks to queue
[2024-12-22T11:22:31.074+0000] {logging_mixin.py:190} INFO - [2024-12-22T11:22:31.073+0000] {dagbag.py:588} INFO - Filling up the DagBag from /home/airflow/.local/lib/python3.12/site-packages/airflow/example_dags/example_task_group.py
[2024-12-22T11:22:31.096+0000] {processor.py:925} INFO - DAG(s) 'example_task_group' retrieved from /home/airflow/.local/lib/python3.12/site-packages/airflow/example_dags/example_task_group.py
[2024-12-22T11:22:31.156+0000] {logging_mixin.py:190} INFO - [2024-12-22T11:22:31.155+0000] {dag.py:3239} INFO - Sync 1 DAGs
[2024-12-22T11:22:31.195+0000] {logging_mixin.py:190} INFO - [2024-12-22T11:22:31.195+0000] {dag.py:4180} INFO - Setting next_dagrun for example_task_group to None, run_after=None
[2024-12-22T11:22:32.228+0000] {processor.py:208} INFO - Processing /home/airflow/.local/lib/python3.12/site-packages/airflow/example_dags/example_task_group.py took 1.181 seconds
[2024-12-22T11:23:15.648+0000] {processor.py:186} INFO - Started process (PID=683) to work on /home/airflow/.local/lib/python3.12/site-packages/airflow/example_dags/example_task_group.py
[2024-12-22T11:23:15.652+0000] {processor.py:914} INFO - Processing file /home/airflow/.local/lib/python3.12/site-packages/airflow/example_dags/example_task_group.py for tasks to queue
[2024-12-22T11:23:15.664+0000] {logging_mixin.py:190} INFO - [2024-12-22T11:23:15.662+0000] {dagbag.py:588} INFO - Filling up the DagBag from /home/airflow/.local/lib/python3.12/site-packages/airflow/example_dags/example_task_group.py
[2024-12-22T11:23:15.709+0000] {processor.py:925} INFO - DAG(s) 'example_task_group' retrieved from /home/airflow/.local/lib/python3.12/site-packages/airflow/example_dags/example_task_group.py
[2024-12-22T11:23:15.813+0000] {logging_mixin.py:190} INFO - [2024-12-22T11:23:15.812+0000] {dag.py:3239} INFO - Sync 1 DAGs
[2024-12-22T11:23:15.879+0000] {logging_mixin.py:190} INFO - [2024-12-22T11:23:15.878+0000] {dag.py:4180} INFO - Setting next_dagrun for example_task_group to None, run_after=None
[2024-12-22T11:23:15.960+0000] {processor.py:208} INFO - Processing /home/airflow/.local/lib/python3.12/site-packages/airflow/example_dags/example_task_group.py took 0.342 seconds
[2024-12-22T11:23:47.155+0000] {processor.py:186} INFO - Started process (PID=747) to work on /home/airflow/.local/lib/python3.12/site-packages/airflow/example_dags/example_task_group.py
[2024-12-22T11:23:47.158+0000] {processor.py:914} INFO - Processing file /home/airflow/.local/lib/python3.12/site-packages/airflow/example_dags/example_task_group.py for tasks to queue
[2024-12-22T11:23:47.165+0000] {logging_mixin.py:190} INFO - [2024-12-22T11:23:47.164+0000] {dagbag.py:588} INFO - Filling up the DagBag from /home/airflow/.local/lib/python3.12/site-packages/airflow/example_dags/example_task_group.py
[2024-12-22T11:23:47.198+0000] {processor.py:925} INFO - DAG(s) 'example_task_group' retrieved from /home/airflow/.local/lib/python3.12/site-packages/airflow/example_dags/example_task_group.py
[2024-12-22T11:23:47.255+0000] {logging_mixin.py:190} INFO - [2024-12-22T11:23:47.255+0000] {dag.py:3239} INFO - Sync 1 DAGs
[2024-12-22T11:23:47.299+0000] {logging_mixin.py:190} INFO - [2024-12-22T11:23:47.299+0000] {dag.py:4180} INFO - Setting next_dagrun for example_task_group to None, run_after=None
[2024-12-22T11:23:47.352+0000] {processor.py:208} INFO - Processing /home/airflow/.local/lib/python3.12/site-packages/airflow/example_dags/example_task_group.py took 0.226 seconds
[2024-12-22T11:24:18.708+0000] {processor.py:186} INFO - Started process (PID=812) to work on /home/airflow/.local/lib/python3.12/site-packages/airflow/example_dags/example_task_group.py
[2024-12-22T11:24:18.710+0000] {processor.py:914} INFO - Processing file /home/airflow/.local/lib/python3.12/site-packages/airflow/example_dags/example_task_group.py for tasks to queue
[2024-12-22T11:24:18.716+0000] {logging_mixin.py:190} INFO - [2024-12-22T11:24:18.715+0000] {dagbag.py:588} INFO - Filling up the DagBag from /home/airflow/.local/lib/python3.12/site-packages/airflow/example_dags/example_task_group.py
[2024-12-22T11:24:18.738+0000] {processor.py:925} INFO - DAG(s) 'example_task_group' retrieved from /home/airflow/.local/lib/python3.12/site-packages/airflow/example_dags/example_task_group.py
[2024-12-22T11:24:18.792+0000] {logging_mixin.py:190} INFO - [2024-12-22T11:24:18.792+0000] {dag.py:3239} INFO - Sync 1 DAGs
[2024-12-22T11:24:18.837+0000] {logging_mixin.py:190} INFO - [2024-12-22T11:24:18.837+0000] {dag.py:4180} INFO - Setting next_dagrun for example_task_group to None, run_after=None
[2024-12-22T11:24:18.885+0000] {processor.py:208} INFO - Processing /home/airflow/.local/lib/python3.12/site-packages/airflow/example_dags/example_task_group.py took 0.193 seconds
[2024-12-22T11:24:50.490+0000] {processor.py:186} INFO - Started process (PID=876) to work on /home/airflow/.local/lib/python3.12/site-packages/airflow/example_dags/example_task_group.py
[2024-12-22T11:24:50.492+0000] {processor.py:914} INFO - Processing file /home/airflow/.local/lib/python3.12/site-packages/airflow/example_dags/example_task_group.py for tasks to queue
[2024-12-22T11:24:50.497+0000] {logging_mixin.py:190} INFO - [2024-12-22T11:24:50.496+0000] {dagbag.py:588} INFO - Filling up the DagBag from /home/airflow/.local/lib/python3.12/site-packages/airflow/example_dags/example_task_group.py
[2024-12-22T11:24:50.519+0000] {processor.py:925} INFO - DAG(s) 'example_task_group' retrieved from /home/airflow/.local/lib/python3.12/site-packages/airflow/example_dags/example_task_group.py
[2024-12-22T11:24:50.571+0000] {logging_mixin.py:190} INFO - [2024-12-22T11:24:50.570+0000] {dag.py:3239} INFO - Sync 1 DAGs
[2024-12-22T11:24:50.612+0000] {logging_mixin.py:190} INFO - [2024-12-22T11:24:50.612+0000] {dag.py:4180} INFO - Setting next_dagrun for example_task_group to None, run_after=None
[2024-12-22T11:24:50.653+0000] {processor.py:208} INFO - Processing /home/airflow/.local/lib/python3.12/site-packages/airflow/example_dags/example_task_group.py took 0.177 seconds
[2024-12-22T11:25:23.541+0000] {processor.py:186} INFO - Started process (PID=934) to work on /home/airflow/.local/lib/python3.12/site-packages/airflow/example_dags/example_task_group.py
[2024-12-22T11:25:23.543+0000] {processor.py:914} INFO - Processing file /home/airflow/.local/lib/python3.12/site-packages/airflow/example_dags/example_task_group.py for tasks to queue
[2024-12-22T11:25:23.550+0000] {logging_mixin.py:190} INFO - [2024-12-22T11:25:23.549+0000] {dagbag.py:588} INFO - Filling up the DagBag from /home/airflow/.local/lib/python3.12/site-packages/airflow/example_dags/example_task_group.py
[2024-12-22T11:25:23.574+0000] {processor.py:925} INFO - DAG(s) 'example_task_group' retrieved from /home/airflow/.local/lib/python3.12/site-packages/airflow/example_dags/example_task_group.py
[2024-12-22T11:25:23.627+0000] {logging_mixin.py:190} INFO - [2024-12-22T11:25:23.627+0000] {dag.py:3239} INFO - Sync 1 DAGs
[2024-12-22T11:25:23.668+0000] {logging_mixin.py:190} INFO - [2024-12-22T11:25:23.668+0000] {dag.py:4180} INFO - Setting next_dagrun for example_task_group to None, run_after=None
[2024-12-22T11:25:23.730+0000] {processor.py:208} INFO - Processing /home/airflow/.local/lib/python3.12/site-packages/airflow/example_dags/example_task_group.py took 0.207 seconds
[2024-12-22T11:25:55.972+0000] {processor.py:186} INFO - Started process (PID=1000) to work on /home/airflow/.local/lib/python3.12/site-packages/airflow/example_dags/example_task_group.py
[2024-12-22T11:25:55.974+0000] {processor.py:914} INFO - Processing file /home/airflow/.local/lib/python3.12/site-packages/airflow/example_dags/example_task_group.py for tasks to queue
[2024-12-22T11:25:55.981+0000] {logging_mixin.py:190} INFO - [2024-12-22T11:25:55.980+0000] {dagbag.py:588} INFO - Filling up the DagBag from /home/airflow/.local/lib/python3.12/site-packages/airflow/example_dags/example_task_group.py
[2024-12-22T11:25:56.002+0000] {processor.py:925} INFO - DAG(s) 'example_task_group' retrieved from /home/airflow/.local/lib/python3.12/site-packages/airflow/example_dags/example_task_group.py
[2024-12-22T11:25:56.055+0000] {logging_mixin.py:190} INFO - [2024-12-22T11:25:56.054+0000] {dag.py:3239} INFO - Sync 1 DAGs
[2024-12-22T11:25:56.097+0000] {logging_mixin.py:190} INFO - [2024-12-22T11:25:56.096+0000] {dag.py:4180} INFO - Setting next_dagrun for example_task_group to None, run_after=None
[2024-12-22T11:25:56.145+0000] {processor.py:208} INFO - Processing /home/airflow/.local/lib/python3.12/site-packages/airflow/example_dags/example_task_group.py took 0.188 seconds
[2024-12-22T11:26:30.827+0000] {processor.py:186} INFO - Started process (PID=1030) to work on /home/airflow/.local/lib/python3.12/site-packages/airflow/example_dags/example_task_group.py
[2024-12-22T11:26:30.830+0000] {processor.py:914} INFO - Processing file /home/airflow/.local/lib/python3.12/site-packages/airflow/example_dags/example_task_group.py for tasks to queue
[2024-12-22T11:26:30.836+0000] {logging_mixin.py:190} INFO - [2024-12-22T11:26:30.835+0000] {dagbag.py:588} INFO - Filling up the DagBag from /home/airflow/.local/lib/python3.12/site-packages/airflow/example_dags/example_task_group.py
[2024-12-22T11:26:30.861+0000] {processor.py:925} INFO - DAG(s) 'example_task_group' retrieved from /home/airflow/.local/lib/python3.12/site-packages/airflow/example_dags/example_task_group.py
[2024-12-22T11:26:30.928+0000] {logging_mixin.py:190} INFO - [2024-12-22T11:26:30.927+0000] {dag.py:3239} INFO - Sync 1 DAGs
[2024-12-22T11:26:30.967+0000] {logging_mixin.py:190} INFO - [2024-12-22T11:26:30.966+0000] {dag.py:4180} INFO - Setting next_dagrun for example_task_group to None, run_after=None
[2024-12-22T11:26:31.017+0000] {processor.py:208} INFO - Processing /home/airflow/.local/lib/python3.12/site-packages/airflow/example_dags/example_task_group.py took 0.210 seconds
[2024-12-22T11:27:07.291+0000] {processor.py:186} INFO - Started process (PID=1095) to work on /home/airflow/.local/lib/python3.12/site-packages/airflow/example_dags/example_task_group.py
[2024-12-22T11:27:07.294+0000] {processor.py:914} INFO - Processing file /home/airflow/.local/lib/python3.12/site-packages/airflow/example_dags/example_task_group.py for tasks to queue
[2024-12-22T11:27:07.298+0000] {logging_mixin.py:190} INFO - [2024-12-22T11:27:07.297+0000] {dagbag.py:588} INFO - Filling up the DagBag from /home/airflow/.local/lib/python3.12/site-packages/airflow/example_dags/example_task_group.py
[2024-12-22T11:27:07.323+0000] {processor.py:925} INFO - DAG(s) 'example_task_group' retrieved from /home/airflow/.local/lib/python3.12/site-packages/airflow/example_dags/example_task_group.py
[2024-12-22T11:27:07.386+0000] {logging_mixin.py:190} INFO - [2024-12-22T11:27:07.385+0000] {dag.py:3239} INFO - Sync 1 DAGs
[2024-12-22T11:27:07.439+0000] {logging_mixin.py:190} INFO - [2024-12-22T11:27:07.439+0000] {dag.py:4180} INFO - Setting next_dagrun for example_task_group to None, run_after=None
[2024-12-22T11:27:07.489+0000] {processor.py:208} INFO - Processing /home/airflow/.local/lib/python3.12/site-packages/airflow/example_dags/example_task_group.py took 0.215 seconds
[2024-12-22T11:27:43.408+0000] {processor.py:186} INFO - Started process (PID=1160) to work on /home/airflow/.local/lib/python3.12/site-packages/airflow/example_dags/example_task_group.py
[2024-12-22T11:27:43.413+0000] {processor.py:914} INFO - Processing file /home/airflow/.local/lib/python3.12/site-packages/airflow/example_dags/example_task_group.py for tasks to queue
[2024-12-22T11:27:43.421+0000] {logging_mixin.py:190} INFO - [2024-12-22T11:27:43.419+0000] {dagbag.py:588} INFO - Filling up the DagBag from /home/airflow/.local/lib/python3.12/site-packages/airflow/example_dags/example_task_group.py
[2024-12-22T11:27:43.478+0000] {processor.py:925} INFO - DAG(s) 'example_task_group' retrieved from /home/airflow/.local/lib/python3.12/site-packages/airflow/example_dags/example_task_group.py
[2024-12-22T11:27:43.611+0000] {logging_mixin.py:190} INFO - [2024-12-22T11:27:43.610+0000] {dag.py:3239} INFO - Sync 1 DAGs
[2024-12-22T11:27:43.703+0000] {logging_mixin.py:190} INFO - [2024-12-22T11:27:43.702+0000] {dag.py:4180} INFO - Setting next_dagrun for example_task_group to None, run_after=None
[2024-12-22T11:27:43.803+0000] {processor.py:208} INFO - Processing /home/airflow/.local/lib/python3.12/site-packages/airflow/example_dags/example_task_group.py took 0.428 seconds
[2024-12-22T11:28:21.113+0000] {processor.py:186} INFO - Started process (PID=1224) to work on /home/airflow/.local/lib/python3.12/site-packages/airflow/example_dags/example_task_group.py
[2024-12-22T11:28:21.116+0000] {processor.py:914} INFO - Processing file /home/airflow/.local/lib/python3.12/site-packages/airflow/example_dags/example_task_group.py for tasks to queue
[2024-12-22T11:28:21.120+0000] {logging_mixin.py:190} INFO - [2024-12-22T11:28:21.119+0000] {dagbag.py:588} INFO - Filling up the DagBag from /home/airflow/.local/lib/python3.12/site-packages/airflow/example_dags/example_task_group.py
[2024-12-22T11:28:21.142+0000] {processor.py:925} INFO - DAG(s) 'example_task_group' retrieved from /home/airflow/.local/lib/python3.12/site-packages/airflow/example_dags/example_task_group.py
[2024-12-22T11:28:21.191+0000] {logging_mixin.py:190} INFO - [2024-12-22T11:28:21.191+0000] {dag.py:3239} INFO - Sync 1 DAGs
[2024-12-22T11:28:21.227+0000] {logging_mixin.py:190} INFO - [2024-12-22T11:28:21.226+0000] {dag.py:4180} INFO - Setting next_dagrun for example_task_group to None, run_after=None
[2024-12-22T11:28:21.270+0000] {processor.py:208} INFO - Processing /home/airflow/.local/lib/python3.12/site-packages/airflow/example_dags/example_task_group.py took 0.171 seconds
[2024-12-22T11:28:52.339+0000] {processor.py:186} INFO - Started process (PID=1289) to work on /home/airflow/.local/lib/python3.12/site-packages/airflow/example_dags/example_task_group.py
[2024-12-22T11:28:52.341+0000] {processor.py:914} INFO - Processing file /home/airflow/.local/lib/python3.12/site-packages/airflow/example_dags/example_task_group.py for tasks to queue
[2024-12-22T11:28:52.346+0000] {logging_mixin.py:190} INFO - [2024-12-22T11:28:52.345+0000] {dagbag.py:588} INFO - Filling up the DagBag from /home/airflow/.local/lib/python3.12/site-packages/airflow/example_dags/example_task_group.py
[2024-12-22T11:28:52.375+0000] {processor.py:925} INFO - DAG(s) 'example_task_group' retrieved from /home/airflow/.local/lib/python3.12/site-packages/airflow/example_dags/example_task_group.py
[2024-12-22T11:28:52.451+0000] {logging_mixin.py:190} INFO - [2024-12-22T11:28:52.450+0000] {dag.py:3239} INFO - Sync 1 DAGs
[2024-12-22T11:28:52.498+0000] {logging_mixin.py:190} INFO - [2024-12-22T11:28:52.497+0000] {dag.py:4180} INFO - Setting next_dagrun for example_task_group to None, run_after=None
[2024-12-22T11:28:52.545+0000] {processor.py:208} INFO - Processing /home/airflow/.local/lib/python3.12/site-packages/airflow/example_dags/example_task_group.py took 0.224 seconds
[2024-12-22T11:29:23.446+0000] {processor.py:186} INFO - Started process (PID=1353) to work on /home/airflow/.local/lib/python3.12/site-packages/airflow/example_dags/example_task_group.py
[2024-12-22T11:29:23.452+0000] {processor.py:914} INFO - Processing file /home/airflow/.local/lib/python3.12/site-packages/airflow/example_dags/example_task_group.py for tasks to queue
[2024-12-22T11:29:23.461+0000] {logging_mixin.py:190} INFO - [2024-12-22T11:29:23.459+0000] {dagbag.py:588} INFO - Filling up the DagBag from /home/airflow/.local/lib/python3.12/site-packages/airflow/example_dags/example_task_group.py
[2024-12-22T11:29:24.598+0000] {processor.py:925} INFO - DAG(s) 'example_task_group' retrieved from /home/airflow/.local/lib/python3.12/site-packages/airflow/example_dags/example_task_group.py
[2024-12-22T11:29:24.675+0000] {logging_mixin.py:190} INFO - [2024-12-22T11:29:24.674+0000] {dag.py:3239} INFO - Sync 1 DAGs
[2024-12-22T11:29:24.735+0000] {logging_mixin.py:190} INFO - [2024-12-22T11:29:24.734+0000] {dag.py:4180} INFO - Setting next_dagrun for example_task_group to None, run_after=None
[2024-12-22T11:29:24.789+0000] {processor.py:208} INFO - Processing /home/airflow/.local/lib/python3.12/site-packages/airflow/example_dags/example_task_group.py took 1.379 seconds
[2024-12-22T11:29:56.411+0000] {processor.py:186} INFO - Started process (PID=1420) to work on /home/airflow/.local/lib/python3.12/site-packages/airflow/example_dags/example_task_group.py
[2024-12-22T11:29:56.413+0000] {processor.py:914} INFO - Processing file /home/airflow/.local/lib/python3.12/site-packages/airflow/example_dags/example_task_group.py for tasks to queue
[2024-12-22T11:29:56.418+0000] {logging_mixin.py:190} INFO - [2024-12-22T11:29:56.417+0000] {dagbag.py:588} INFO - Filling up the DagBag from /home/airflow/.local/lib/python3.12/site-packages/airflow/example_dags/example_task_group.py
[2024-12-22T11:29:56.444+0000] {processor.py:925} INFO - DAG(s) 'example_task_group' retrieved from /home/airflow/.local/lib/python3.12/site-packages/airflow/example_dags/example_task_group.py
[2024-12-22T11:29:56.510+0000] {logging_mixin.py:190} INFO - [2024-12-22T11:29:56.509+0000] {dag.py:3239} INFO - Sync 1 DAGs
[2024-12-22T11:29:56.584+0000] {logging_mixin.py:190} INFO - [2024-12-22T11:29:56.582+0000] {dag.py:4180} INFO - Setting next_dagrun for example_task_group to None, run_after=None
[2024-12-22T11:29:56.661+0000] {processor.py:208} INFO - Processing /home/airflow/.local/lib/python3.12/site-packages/airflow/example_dags/example_task_group.py took 0.267 seconds
[2024-12-22T11:30:31.294+0000] {processor.py:186} INFO - Started process (PID=1483) to work on /home/airflow/.local/lib/python3.12/site-packages/airflow/example_dags/example_task_group.py
[2024-12-22T11:30:31.296+0000] {processor.py:914} INFO - Processing file /home/airflow/.local/lib/python3.12/site-packages/airflow/example_dags/example_task_group.py for tasks to queue
[2024-12-22T11:30:31.300+0000] {logging_mixin.py:190} INFO - [2024-12-22T11:30:31.299+0000] {dagbag.py:588} INFO - Filling up the DagBag from /home/airflow/.local/lib/python3.12/site-packages/airflow/example_dags/example_task_group.py
[2024-12-22T11:30:31.334+0000] {processor.py:925} INFO - DAG(s) 'example_task_group' retrieved from /home/airflow/.local/lib/python3.12/site-packages/airflow/example_dags/example_task_group.py
[2024-12-22T11:30:31.414+0000] {logging_mixin.py:190} INFO - [2024-12-22T11:30:31.413+0000] {dag.py:3239} INFO - Sync 1 DAGs
[2024-12-22T11:30:31.464+0000] {logging_mixin.py:190} INFO - [2024-12-22T11:30:31.464+0000] {dag.py:4180} INFO - Setting next_dagrun for example_task_group to None, run_after=None
[2024-12-22T11:30:31.526+0000] {processor.py:208} INFO - Processing /home/airflow/.local/lib/python3.12/site-packages/airflow/example_dags/example_task_group.py took 0.252 seconds
[2024-12-22T11:31:07.574+0000] {processor.py:186} INFO - Started process (PID=1547) to work on /home/airflow/.local/lib/python3.12/site-packages/airflow/example_dags/example_task_group.py
[2024-12-22T11:31:07.576+0000] {processor.py:914} INFO - Processing file /home/airflow/.local/lib/python3.12/site-packages/airflow/example_dags/example_task_group.py for tasks to queue
[2024-12-22T11:31:07.580+0000] {logging_mixin.py:190} INFO - [2024-12-22T11:31:07.579+0000] {dagbag.py:588} INFO - Filling up the DagBag from /home/airflow/.local/lib/python3.12/site-packages/airflow/example_dags/example_task_group.py
[2024-12-22T11:31:07.610+0000] {processor.py:925} INFO - DAG(s) 'example_task_group' retrieved from /home/airflow/.local/lib/python3.12/site-packages/airflow/example_dags/example_task_group.py
[2024-12-22T11:31:07.664+0000] {logging_mixin.py:190} INFO - [2024-12-22T11:31:07.664+0000] {dag.py:3239} INFO - Sync 1 DAGs
[2024-12-22T11:31:07.706+0000] {logging_mixin.py:190} INFO - [2024-12-22T11:31:07.705+0000] {dag.py:4180} INFO - Setting next_dagrun for example_task_group to None, run_after=None
[2024-12-22T11:31:07.749+0000] {processor.py:208} INFO - Processing /home/airflow/.local/lib/python3.12/site-packages/airflow/example_dags/example_task_group.py took 0.191 seconds
[2024-12-22T11:31:46.236+0000] {processor.py:186} INFO - Started process (PID=1612) to work on /home/airflow/.local/lib/python3.12/site-packages/airflow/example_dags/example_task_group.py
[2024-12-22T11:31:46.239+0000] {processor.py:914} INFO - Processing file /home/airflow/.local/lib/python3.12/site-packages/airflow/example_dags/example_task_group.py for tasks to queue
[2024-12-22T11:31:46.243+0000] {logging_mixin.py:190} INFO - [2024-12-22T11:31:46.242+0000] {dagbag.py:588} INFO - Filling up the DagBag from /home/airflow/.local/lib/python3.12/site-packages/airflow/example_dags/example_task_group.py
[2024-12-22T11:31:46.270+0000] {processor.py:925} INFO - DAG(s) 'example_task_group' retrieved from /home/airflow/.local/lib/python3.12/site-packages/airflow/example_dags/example_task_group.py
[2024-12-22T11:31:46.334+0000] {logging_mixin.py:190} INFO - [2024-12-22T11:31:46.334+0000] {dag.py:3239} INFO - Sync 1 DAGs
[2024-12-22T11:31:46.452+0000] {logging_mixin.py:190} INFO - [2024-12-22T11:31:46.452+0000] {dag.py:4180} INFO - Setting next_dagrun for example_task_group to None, run_after=None
[2024-12-22T11:31:46.497+0000] {processor.py:208} INFO - Processing /home/airflow/.local/lib/python3.12/site-packages/airflow/example_dags/example_task_group.py took 0.279 seconds
[2024-12-22T11:32:25.380+0000] {processor.py:186} INFO - Started process (PID=1676) to work on /home/airflow/.local/lib/python3.12/site-packages/airflow/example_dags/example_task_group.py
[2024-12-22T11:32:25.386+0000] {processor.py:914} INFO - Processing file /home/airflow/.local/lib/python3.12/site-packages/airflow/example_dags/example_task_group.py for tasks to queue
[2024-12-22T11:32:25.394+0000] {logging_mixin.py:190} INFO - [2024-12-22T11:32:25.392+0000] {dagbag.py:588} INFO - Filling up the DagBag from /home/airflow/.local/lib/python3.12/site-packages/airflow/example_dags/example_task_group.py
[2024-12-22T11:32:25.503+0000] {processor.py:925} INFO - DAG(s) 'example_task_group' retrieved from /home/airflow/.local/lib/python3.12/site-packages/airflow/example_dags/example_task_group.py
[2024-12-22T11:32:25.624+0000] {logging_mixin.py:190} INFO - [2024-12-22T11:32:25.623+0000] {dag.py:3239} INFO - Sync 1 DAGs
[2024-12-22T11:32:25.700+0000] {logging_mixin.py:190} INFO - [2024-12-22T11:32:25.699+0000] {dag.py:4180} INFO - Setting next_dagrun for example_task_group to None, run_after=None
[2024-12-22T11:32:25.761+0000] {processor.py:208} INFO - Processing /home/airflow/.local/lib/python3.12/site-packages/airflow/example_dags/example_task_group.py took 0.433 seconds
[2024-12-22T11:33:01.235+0000] {processor.py:186} INFO - Started process (PID=1746) to work on /home/airflow/.local/lib/python3.12/site-packages/airflow/example_dags/example_task_group.py
[2024-12-22T11:33:01.238+0000] {processor.py:914} INFO - Processing file /home/airflow/.local/lib/python3.12/site-packages/airflow/example_dags/example_task_group.py for tasks to queue
[2024-12-22T11:33:01.241+0000] {logging_mixin.py:190} INFO - [2024-12-22T11:33:01.240+0000] {dagbag.py:588} INFO - Filling up the DagBag from /home/airflow/.local/lib/python3.12/site-packages/airflow/example_dags/example_task_group.py
[2024-12-22T11:33:01.260+0000] {processor.py:925} INFO - DAG(s) 'example_task_group' retrieved from /home/airflow/.local/lib/python3.12/site-packages/airflow/example_dags/example_task_group.py
[2024-12-22T11:33:01.307+0000] {logging_mixin.py:190} INFO - [2024-12-22T11:33:01.306+0000] {dag.py:3239} INFO - Sync 1 DAGs
[2024-12-22T11:33:01.345+0000] {logging_mixin.py:190} INFO - [2024-12-22T11:33:01.345+0000] {dag.py:4180} INFO - Setting next_dagrun for example_task_group to None, run_after=None
[2024-12-22T11:33:01.382+0000] {processor.py:208} INFO - Processing /home/airflow/.local/lib/python3.12/site-packages/airflow/example_dags/example_task_group.py took 0.160 seconds
[2024-12-22T11:33:40.800+0000] {processor.py:186} INFO - Started process (PID=1811) to work on /home/airflow/.local/lib/python3.12/site-packages/airflow/example_dags/example_task_group.py
[2024-12-22T11:33:40.805+0000] {processor.py:914} INFO - Processing file /home/airflow/.local/lib/python3.12/site-packages/airflow/example_dags/example_task_group.py for tasks to queue
[2024-12-22T11:33:40.811+0000] {logging_mixin.py:190} INFO - [2024-12-22T11:33:40.810+0000] {dagbag.py:588} INFO - Filling up the DagBag from /home/airflow/.local/lib/python3.12/site-packages/airflow/example_dags/example_task_group.py
[2024-12-22T11:33:40.857+0000] {processor.py:925} INFO - DAG(s) 'example_task_group' retrieved from /home/airflow/.local/lib/python3.12/site-packages/airflow/example_dags/example_task_group.py
[2024-12-22T11:33:40.966+0000] {logging_mixin.py:190} INFO - [2024-12-22T11:33:40.965+0000] {dag.py:3239} INFO - Sync 1 DAGs
[2024-12-22T11:33:41.051+0000] {logging_mixin.py:190} INFO - [2024-12-22T11:33:41.051+0000] {dag.py:4180} INFO - Setting next_dagrun for example_task_group to None, run_after=None
[2024-12-22T11:33:42.191+0000] {processor.py:208} INFO - Processing /home/airflow/.local/lib/python3.12/site-packages/airflow/example_dags/example_task_group.py took 1.420 seconds
[2024-12-22T11:34:18.570+0000] {processor.py:186} INFO - Started process (PID=1876) to work on /home/airflow/.local/lib/python3.12/site-packages/airflow/example_dags/example_task_group.py
[2024-12-22T11:34:18.576+0000] {processor.py:914} INFO - Processing file /home/airflow/.local/lib/python3.12/site-packages/airflow/example_dags/example_task_group.py for tasks to queue
[2024-12-22T11:34:18.586+0000] {logging_mixin.py:190} INFO - [2024-12-22T11:34:18.584+0000] {dagbag.py:588} INFO - Filling up the DagBag from /home/airflow/.local/lib/python3.12/site-packages/airflow/example_dags/example_task_group.py
[2024-12-22T11:34:18.659+0000] {processor.py:925} INFO - DAG(s) 'example_task_group' retrieved from /home/airflow/.local/lib/python3.12/site-packages/airflow/example_dags/example_task_group.py
[2024-12-22T11:34:18.825+0000] {logging_mixin.py:190} INFO - [2024-12-22T11:34:18.823+0000] {dag.py:3239} INFO - Sync 1 DAGs
[2024-12-22T11:34:18.931+0000] {logging_mixin.py:190} INFO - [2024-12-22T11:34:18.929+0000] {dag.py:4180} INFO - Setting next_dagrun for example_task_group to None, run_after=None
[2024-12-22T11:34:19.866+0000] {processor.py:208} INFO - Processing /home/airflow/.local/lib/python3.12/site-packages/airflow/example_dags/example_task_group.py took 1.347 seconds
[2024-12-22T11:34:53.513+0000] {processor.py:186} INFO - Started process (PID=1943) to work on /home/airflow/.local/lib/python3.12/site-packages/airflow/example_dags/example_task_group.py
[2024-12-22T11:34:53.516+0000] {processor.py:914} INFO - Processing file /home/airflow/.local/lib/python3.12/site-packages/airflow/example_dags/example_task_group.py for tasks to queue
[2024-12-22T11:34:53.522+0000] {logging_mixin.py:190} INFO - [2024-12-22T11:34:53.520+0000] {dagbag.py:588} INFO - Filling up the DagBag from /home/airflow/.local/lib/python3.12/site-packages/airflow/example_dags/example_task_group.py
[2024-12-22T11:34:53.554+0000] {processor.py:925} INFO - DAG(s) 'example_task_group' retrieved from /home/airflow/.local/lib/python3.12/site-packages/airflow/example_dags/example_task_group.py
[2024-12-22T11:34:53.626+0000] {logging_mixin.py:190} INFO - [2024-12-22T11:34:53.625+0000] {dag.py:3239} INFO - Sync 1 DAGs
[2024-12-22T11:34:53.687+0000] {logging_mixin.py:190} INFO - [2024-12-22T11:34:53.686+0000] {dag.py:4180} INFO - Setting next_dagrun for example_task_group to None, run_after=None
[2024-12-22T11:34:53.753+0000] {processor.py:208} INFO - Processing /home/airflow/.local/lib/python3.12/site-packages/airflow/example_dags/example_task_group.py took 0.263 seconds
[2024-12-22T11:35:25.209+0000] {processor.py:186} INFO - Started process (PID=2008) to work on /home/airflow/.local/lib/python3.12/site-packages/airflow/example_dags/example_task_group.py
[2024-12-22T11:35:25.212+0000] {processor.py:914} INFO - Processing file /home/airflow/.local/lib/python3.12/site-packages/airflow/example_dags/example_task_group.py for tasks to queue
[2024-12-22T11:35:25.215+0000] {logging_mixin.py:190} INFO - [2024-12-22T11:35:25.214+0000] {dagbag.py:588} INFO - Filling up the DagBag from /home/airflow/.local/lib/python3.12/site-packages/airflow/example_dags/example_task_group.py
[2024-12-22T11:35:25.241+0000] {processor.py:925} INFO - DAG(s) 'example_task_group' retrieved from /home/airflow/.local/lib/python3.12/site-packages/airflow/example_dags/example_task_group.py
[2024-12-22T11:35:25.300+0000] {logging_mixin.py:190} INFO - [2024-12-22T11:35:25.299+0000] {dag.py:3239} INFO - Sync 1 DAGs
[2024-12-22T11:35:25.350+0000] {logging_mixin.py:190} INFO - [2024-12-22T11:35:25.349+0000] {dag.py:4180} INFO - Setting next_dagrun for example_task_group to None, run_after=None
[2024-12-22T11:35:26.416+0000] {processor.py:208} INFO - Processing /home/airflow/.local/lib/python3.12/site-packages/airflow/example_dags/example_task_group.py took 1.235 seconds
[2024-12-22T11:36:25.572+0000] {processor.py:186} INFO - Started process (PID=2081) to work on /home/airflow/.local/lib/python3.12/site-packages/airflow/example_dags/example_task_group.py
[2024-12-22T11:36:25.575+0000] {processor.py:914} INFO - Processing file /home/airflow/.local/lib/python3.12/site-packages/airflow/example_dags/example_task_group.py for tasks to queue
[2024-12-22T11:36:25.578+0000] {logging_mixin.py:190} INFO - [2024-12-22T11:36:25.577+0000] {dagbag.py:588} INFO - Filling up the DagBag from /home/airflow/.local/lib/python3.12/site-packages/airflow/example_dags/example_task_group.py
[2024-12-22T11:36:25.605+0000] {processor.py:925} INFO - DAG(s) 'example_task_group' retrieved from /home/airflow/.local/lib/python3.12/site-packages/airflow/example_dags/example_task_group.py
[2024-12-22T11:36:25.694+0000] {logging_mixin.py:190} INFO - [2024-12-22T11:36:25.693+0000] {dag.py:3239} INFO - Sync 1 DAGs
[2024-12-22T11:36:25.821+0000] {logging_mixin.py:190} INFO - [2024-12-22T11:36:25.820+0000] {dag.py:4180} INFO - Setting next_dagrun for example_task_group to None, run_after=None
[2024-12-22T11:36:25.936+0000] {processor.py:208} INFO - Processing /home/airflow/.local/lib/python3.12/site-packages/airflow/example_dags/example_task_group.py took 0.379 seconds
[2024-12-22T11:36:56.333+0000] {processor.py:186} INFO - Started process (PID=2145) to work on /home/airflow/.local/lib/python3.12/site-packages/airflow/example_dags/example_task_group.py
[2024-12-22T11:36:56.337+0000] {processor.py:914} INFO - Processing file /home/airflow/.local/lib/python3.12/site-packages/airflow/example_dags/example_task_group.py for tasks to queue
[2024-12-22T11:36:56.343+0000] {logging_mixin.py:190} INFO - [2024-12-22T11:36:56.341+0000] {dagbag.py:588} INFO - Filling up the DagBag from /home/airflow/.local/lib/python3.12/site-packages/airflow/example_dags/example_task_group.py
[2024-12-22T11:36:56.379+0000] {processor.py:925} INFO - DAG(s) 'example_task_group' retrieved from /home/airflow/.local/lib/python3.12/site-packages/airflow/example_dags/example_task_group.py
[2024-12-22T11:36:56.434+0000] {logging_mixin.py:190} INFO - [2024-12-22T11:36:56.433+0000] {dag.py:3239} INFO - Sync 1 DAGs
[2024-12-22T11:36:56.475+0000] {logging_mixin.py:190} INFO - [2024-12-22T11:36:56.474+0000] {dag.py:4180} INFO - Setting next_dagrun for example_task_group to None, run_after=None
[2024-12-22T11:36:56.514+0000] {processor.py:208} INFO - Processing /home/airflow/.local/lib/python3.12/site-packages/airflow/example_dags/example_task_group.py took 0.207 seconds
[2024-12-22T11:37:37.510+0000] {processor.py:186} INFO - Started process (PID=2211) to work on /home/airflow/.local/lib/python3.12/site-packages/airflow/example_dags/example_task_group.py
[2024-12-22T11:37:37.513+0000] {processor.py:914} INFO - Processing file /home/airflow/.local/lib/python3.12/site-packages/airflow/example_dags/example_task_group.py for tasks to queue
[2024-12-22T11:37:37.517+0000] {logging_mixin.py:190} INFO - [2024-12-22T11:37:37.516+0000] {dagbag.py:588} INFO - Filling up the DagBag from /home/airflow/.local/lib/python3.12/site-packages/airflow/example_dags/example_task_group.py
[2024-12-22T11:37:37.550+0000] {processor.py:925} INFO - DAG(s) 'example_task_group' retrieved from /home/airflow/.local/lib/python3.12/site-packages/airflow/example_dags/example_task_group.py
[2024-12-22T11:37:37.636+0000] {logging_mixin.py:190} INFO - [2024-12-22T11:37:37.635+0000] {dag.py:3239} INFO - Sync 1 DAGs
[2024-12-22T11:37:37.696+0000] {logging_mixin.py:190} INFO - [2024-12-22T11:37:37.695+0000] {dag.py:4180} INFO - Setting next_dagrun for example_task_group to None, run_after=None
[2024-12-22T11:37:37.789+0000] {processor.py:208} INFO - Processing /home/airflow/.local/lib/python3.12/site-packages/airflow/example_dags/example_task_group.py took 0.299 seconds
[2024-12-22T11:38:16.592+0000] {processor.py:186} INFO - Started process (PID=2267) to work on /home/airflow/.local/lib/python3.12/site-packages/airflow/example_dags/example_task_group.py
[2024-12-22T11:38:16.594+0000] {processor.py:914} INFO - Processing file /home/airflow/.local/lib/python3.12/site-packages/airflow/example_dags/example_task_group.py for tasks to queue
[2024-12-22T11:38:16.597+0000] {logging_mixin.py:190} INFO - [2024-12-22T11:38:16.596+0000] {dagbag.py:588} INFO - Filling up the DagBag from /home/airflow/.local/lib/python3.12/site-packages/airflow/example_dags/example_task_group.py
[2024-12-22T11:38:16.625+0000] {processor.py:925} INFO - DAG(s) 'example_task_group' retrieved from /home/airflow/.local/lib/python3.12/site-packages/airflow/example_dags/example_task_group.py
[2024-12-22T11:38:16.687+0000] {logging_mixin.py:190} INFO - [2024-12-22T11:38:16.687+0000] {dag.py:3239} INFO - Sync 1 DAGs
[2024-12-22T11:38:16.728+0000] {logging_mixin.py:190} INFO - [2024-12-22T11:38:16.727+0000] {dag.py:4180} INFO - Setting next_dagrun for example_task_group to None, run_after=None
[2024-12-22T11:38:16.778+0000] {processor.py:208} INFO - Processing /home/airflow/.local/lib/python3.12/site-packages/airflow/example_dags/example_task_group.py took 0.201 seconds
[2024-12-22T11:38:59.019+0000] {processor.py:186} INFO - Started process (PID=2332) to work on /home/airflow/.local/lib/python3.12/site-packages/airflow/example_dags/example_task_group.py
[2024-12-22T11:38:59.021+0000] {processor.py:914} INFO - Processing file /home/airflow/.local/lib/python3.12/site-packages/airflow/example_dags/example_task_group.py for tasks to queue
[2024-12-22T11:38:59.025+0000] {logging_mixin.py:190} INFO - [2024-12-22T11:38:59.024+0000] {dagbag.py:588} INFO - Filling up the DagBag from /home/airflow/.local/lib/python3.12/site-packages/airflow/example_dags/example_task_group.py
[2024-12-22T11:38:59.050+0000] {processor.py:925} INFO - DAG(s) 'example_task_group' retrieved from /home/airflow/.local/lib/python3.12/site-packages/airflow/example_dags/example_task_group.py
[2024-12-22T11:38:59.122+0000] {logging_mixin.py:190} INFO - [2024-12-22T11:38:59.121+0000] {dag.py:3239} INFO - Sync 1 DAGs
[2024-12-22T11:38:59.174+0000] {logging_mixin.py:190} INFO - [2024-12-22T11:38:59.174+0000] {dag.py:4180} INFO - Setting next_dagrun for example_task_group to None, run_after=None
[2024-12-22T11:38:59.223+0000] {processor.py:208} INFO - Processing /home/airflow/.local/lib/python3.12/site-packages/airflow/example_dags/example_task_group.py took 0.224 seconds
[2024-12-22T11:39:34.857+0000] {processor.py:186} INFO - Started process (PID=2402) to work on /home/airflow/.local/lib/python3.12/site-packages/airflow/example_dags/example_task_group.py
[2024-12-22T11:39:34.860+0000] {processor.py:914} INFO - Processing file /home/airflow/.local/lib/python3.12/site-packages/airflow/example_dags/example_task_group.py for tasks to queue
[2024-12-22T11:39:34.871+0000] {logging_mixin.py:190} INFO - [2024-12-22T11:39:34.868+0000] {dagbag.py:588} INFO - Filling up the DagBag from /home/airflow/.local/lib/python3.12/site-packages/airflow/example_dags/example_task_group.py
[2024-12-22T11:39:34.920+0000] {processor.py:925} INFO - DAG(s) 'example_task_group' retrieved from /home/airflow/.local/lib/python3.12/site-packages/airflow/example_dags/example_task_group.py
[2024-12-22T11:39:34.989+0000] {logging_mixin.py:190} INFO - [2024-12-22T11:39:34.988+0000] {dag.py:3239} INFO - Sync 1 DAGs
[2024-12-22T11:39:35.032+0000] {logging_mixin.py:190} INFO - [2024-12-22T11:39:35.031+0000] {dag.py:4180} INFO - Setting next_dagrun for example_task_group to None, run_after=None
[2024-12-22T11:39:35.079+0000] {processor.py:208} INFO - Processing /home/airflow/.local/lib/python3.12/site-packages/airflow/example_dags/example_task_group.py took 0.235 seconds
[2024-12-22T11:40:15.894+0000] {processor.py:186} INFO - Started process (PID=2468) to work on /home/airflow/.local/lib/python3.12/site-packages/airflow/example_dags/example_task_group.py
[2024-12-22T11:40:15.896+0000] {processor.py:914} INFO - Processing file /home/airflow/.local/lib/python3.12/site-packages/airflow/example_dags/example_task_group.py for tasks to queue
[2024-12-22T11:40:15.899+0000] {logging_mixin.py:190} INFO - [2024-12-22T11:40:15.898+0000] {dagbag.py:588} INFO - Filling up the DagBag from /home/airflow/.local/lib/python3.12/site-packages/airflow/example_dags/example_task_group.py
[2024-12-22T11:40:15.920+0000] {processor.py:925} INFO - DAG(s) 'example_task_group' retrieved from /home/airflow/.local/lib/python3.12/site-packages/airflow/example_dags/example_task_group.py
[2024-12-22T11:40:15.974+0000] {logging_mixin.py:190} INFO - [2024-12-22T11:40:15.973+0000] {dag.py:3239} INFO - Sync 1 DAGs
[2024-12-22T11:40:16.009+0000] {logging_mixin.py:190} INFO - [2024-12-22T11:40:16.008+0000] {dag.py:4180} INFO - Setting next_dagrun for example_task_group to None, run_after=None
[2024-12-22T11:40:16.049+0000] {processor.py:208} INFO - Processing /home/airflow/.local/lib/python3.12/site-packages/airflow/example_dags/example_task_group.py took 0.169 seconds
[2024-12-22T11:40:55.280+0000] {processor.py:186} INFO - Started process (PID=2534) to work on /home/airflow/.local/lib/python3.12/site-packages/airflow/example_dags/example_task_group.py
[2024-12-22T11:40:55.287+0000] {processor.py:914} INFO - Processing file /home/airflow/.local/lib/python3.12/site-packages/airflow/example_dags/example_task_group.py for tasks to queue
[2024-12-22T11:40:55.296+0000] {logging_mixin.py:190} INFO - [2024-12-22T11:40:55.295+0000] {dagbag.py:588} INFO - Filling up the DagBag from /home/airflow/.local/lib/python3.12/site-packages/airflow/example_dags/example_task_group.py
[2024-12-22T11:40:55.346+0000] {processor.py:925} INFO - DAG(s) 'example_task_group' retrieved from /home/airflow/.local/lib/python3.12/site-packages/airflow/example_dags/example_task_group.py
[2024-12-22T11:40:55.402+0000] {logging_mixin.py:190} INFO - [2024-12-22T11:40:55.402+0000] {dag.py:3239} INFO - Sync 1 DAGs
[2024-12-22T11:40:55.442+0000] {logging_mixin.py:190} INFO - [2024-12-22T11:40:55.441+0000] {dag.py:4180} INFO - Setting next_dagrun for example_task_group to None, run_after=None
[2024-12-22T11:40:55.489+0000] {processor.py:208} INFO - Processing /home/airflow/.local/lib/python3.12/site-packages/airflow/example_dags/example_task_group.py took 0.287 seconds
[2024-12-22T11:41:27.232+0000] {processor.py:186} INFO - Started process (PID=2599) to work on /home/airflow/.local/lib/python3.12/site-packages/airflow/example_dags/example_task_group.py
[2024-12-22T11:41:27.234+0000] {processor.py:914} INFO - Processing file /home/airflow/.local/lib/python3.12/site-packages/airflow/example_dags/example_task_group.py for tasks to queue
[2024-12-22T11:41:27.238+0000] {logging_mixin.py:190} INFO - [2024-12-22T11:41:27.237+0000] {dagbag.py:588} INFO - Filling up the DagBag from /home/airflow/.local/lib/python3.12/site-packages/airflow/example_dags/example_task_group.py
[2024-12-22T11:41:27.263+0000] {processor.py:925} INFO - DAG(s) 'example_task_group' retrieved from /home/airflow/.local/lib/python3.12/site-packages/airflow/example_dags/example_task_group.py
[2024-12-22T11:41:27.322+0000] {logging_mixin.py:190} INFO - [2024-12-22T11:41:27.322+0000] {dag.py:3239} INFO - Sync 1 DAGs
[2024-12-22T11:41:27.388+0000] {logging_mixin.py:190} INFO - [2024-12-22T11:41:27.388+0000] {dag.py:4180} INFO - Setting next_dagrun for example_task_group to None, run_after=None
[2024-12-22T11:41:27.449+0000] {processor.py:208} INFO - Processing /home/airflow/.local/lib/python3.12/site-packages/airflow/example_dags/example_task_group.py took 0.233 seconds
[2024-12-22T11:43:13.735+0000] {processor.py:186} INFO - Started process (PID=2667) to work on /home/airflow/.local/lib/python3.12/site-packages/airflow/example_dags/example_task_group.py
[2024-12-22T11:43:13.738+0000] {processor.py:914} INFO - Processing file /home/airflow/.local/lib/python3.12/site-packages/airflow/example_dags/example_task_group.py for tasks to queue
[2024-12-22T11:43:13.742+0000] {logging_mixin.py:190} INFO - [2024-12-22T11:43:13.741+0000] {dagbag.py:588} INFO - Filling up the DagBag from /home/airflow/.local/lib/python3.12/site-packages/airflow/example_dags/example_task_group.py
[2024-12-22T11:43:13.770+0000] {processor.py:925} INFO - DAG(s) 'example_task_group' retrieved from /home/airflow/.local/lib/python3.12/site-packages/airflow/example_dags/example_task_group.py
[2024-12-22T11:43:13.836+0000] {logging_mixin.py:190} INFO - [2024-12-22T11:43:13.836+0000] {dag.py:3239} INFO - Sync 1 DAGs
[2024-12-22T11:43:13.882+0000] {logging_mixin.py:190} INFO - [2024-12-22T11:43:13.882+0000] {dag.py:4180} INFO - Setting next_dagrun for example_task_group to None, run_after=None
[2024-12-22T11:43:13.933+0000] {processor.py:208} INFO - Processing /home/airflow/.local/lib/python3.12/site-packages/airflow/example_dags/example_task_group.py took 0.213 seconds
[2024-12-22T11:45:47.032+0000] {processor.py:186} INFO - Started process (PID=2735) to work on /home/airflow/.local/lib/python3.12/site-packages/airflow/example_dags/example_task_group.py
[2024-12-22T11:45:47.035+0000] {processor.py:914} INFO - Processing file /home/airflow/.local/lib/python3.12/site-packages/airflow/example_dags/example_task_group.py for tasks to queue
[2024-12-22T11:45:47.041+0000] {logging_mixin.py:190} INFO - [2024-12-22T11:45:47.040+0000] {dagbag.py:588} INFO - Filling up the DagBag from /home/airflow/.local/lib/python3.12/site-packages/airflow/example_dags/example_task_group.py
[2024-12-22T11:45:47.082+0000] {processor.py:925} INFO - DAG(s) 'example_task_group' retrieved from /home/airflow/.local/lib/python3.12/site-packages/airflow/example_dags/example_task_group.py
[2024-12-22T11:45:47.158+0000] {logging_mixin.py:190} INFO - [2024-12-22T11:45:47.158+0000] {dag.py:3239} INFO - Sync 1 DAGs
[2024-12-22T11:45:47.213+0000] {logging_mixin.py:190} INFO - [2024-12-22T11:45:47.213+0000] {dag.py:4180} INFO - Setting next_dagrun for example_task_group to None, run_after=None
[2024-12-22T11:45:47.291+0000] {processor.py:208} INFO - Processing /home/airflow/.local/lib/python3.12/site-packages/airflow/example_dags/example_task_group.py took 0.284 seconds
[2024-12-22T11:50:04.851+0000] {processor.py:186} INFO - Started process (PID=82) to work on /home/airflow/.local/lib/python3.12/site-packages/airflow/example_dags/example_task_group.py
[2024-12-22T11:50:04.853+0000] {processor.py:914} INFO - Processing file /home/airflow/.local/lib/python3.12/site-packages/airflow/example_dags/example_task_group.py for tasks to queue
[2024-12-22T11:50:04.857+0000] {logging_mixin.py:190} INFO - [2024-12-22T11:50:04.856+0000] {dagbag.py:588} INFO - Filling up the DagBag from /home/airflow/.local/lib/python3.12/site-packages/airflow/example_dags/example_task_group.py
[2024-12-22T11:50:04.872+0000] {processor.py:925} INFO - DAG(s) 'example_task_group' retrieved from /home/airflow/.local/lib/python3.12/site-packages/airflow/example_dags/example_task_group.py
[2024-12-22T11:50:04.911+0000] {logging_mixin.py:190} INFO - [2024-12-22T11:50:04.911+0000] {dag.py:3239} INFO - Sync 1 DAGs
[2024-12-22T11:50:04.941+0000] {logging_mixin.py:190} INFO - [2024-12-22T11:50:04.940+0000] {dag.py:4180} INFO - Setting next_dagrun for example_task_group to None, run_after=None
[2024-12-22T11:50:04.971+0000] {processor.py:208} INFO - Processing /home/airflow/.local/lib/python3.12/site-packages/airflow/example_dags/example_task_group.py took 0.128 seconds
[2024-12-22T11:50:36.241+0000] {processor.py:186} INFO - Started process (PID=147) to work on /home/airflow/.local/lib/python3.12/site-packages/airflow/example_dags/example_task_group.py
[2024-12-22T11:50:36.243+0000] {processor.py:914} INFO - Processing file /home/airflow/.local/lib/python3.12/site-packages/airflow/example_dags/example_task_group.py for tasks to queue
[2024-12-22T11:50:36.248+0000] {logging_mixin.py:190} INFO - [2024-12-22T11:50:36.246+0000] {dagbag.py:588} INFO - Filling up the DagBag from /home/airflow/.local/lib/python3.12/site-packages/airflow/example_dags/example_task_group.py
[2024-12-22T11:50:36.259+0000] {processor.py:925} INFO - DAG(s) 'example_task_group' retrieved from /home/airflow/.local/lib/python3.12/site-packages/airflow/example_dags/example_task_group.py
[2024-12-22T11:50:36.291+0000] {logging_mixin.py:190} INFO - [2024-12-22T11:50:36.291+0000] {dag.py:3239} INFO - Sync 1 DAGs
[2024-12-22T11:50:36.311+0000] {logging_mixin.py:190} INFO - [2024-12-22T11:50:36.311+0000] {dag.py:4180} INFO - Setting next_dagrun for example_task_group to None, run_after=None
[2024-12-22T11:50:36.335+0000] {processor.py:208} INFO - Processing /home/airflow/.local/lib/python3.12/site-packages/airflow/example_dags/example_task_group.py took 0.101 seconds
[2024-12-22T11:51:15.064+0000] {processor.py:186} INFO - Started process (PID=212) to work on /home/airflow/.local/lib/python3.12/site-packages/airflow/example_dags/example_task_group.py
[2024-12-22T11:51:15.065+0000] {processor.py:914} INFO - Processing file /home/airflow/.local/lib/python3.12/site-packages/airflow/example_dags/example_task_group.py for tasks to queue
[2024-12-22T11:51:15.068+0000] {logging_mixin.py:190} INFO - [2024-12-22T11:51:15.068+0000] {dagbag.py:588} INFO - Filling up the DagBag from /home/airflow/.local/lib/python3.12/site-packages/airflow/example_dags/example_task_group.py
[2024-12-22T11:51:15.078+0000] {processor.py:925} INFO - DAG(s) 'example_task_group' retrieved from /home/airflow/.local/lib/python3.12/site-packages/airflow/example_dags/example_task_group.py
[2024-12-22T11:51:15.153+0000] {logging_mixin.py:190} INFO - [2024-12-22T11:51:15.153+0000] {dag.py:3239} INFO - Sync 1 DAGs
[2024-12-22T11:51:15.173+0000] {logging_mixin.py:190} INFO - [2024-12-22T11:51:15.173+0000] {dag.py:4180} INFO - Setting next_dagrun for example_task_group to None, run_after=None
[2024-12-22T11:51:15.194+0000] {processor.py:208} INFO - Processing /home/airflow/.local/lib/python3.12/site-packages/airflow/example_dags/example_task_group.py took 0.136 seconds
[2024-12-22T11:51:46.769+0000] {processor.py:186} INFO - Started process (PID=277) to work on /home/airflow/.local/lib/python3.12/site-packages/airflow/example_dags/example_task_group.py
[2024-12-22T11:51:46.770+0000] {processor.py:914} INFO - Processing file /home/airflow/.local/lib/python3.12/site-packages/airflow/example_dags/example_task_group.py for tasks to queue
[2024-12-22T11:51:46.773+0000] {logging_mixin.py:190} INFO - [2024-12-22T11:51:46.772+0000] {dagbag.py:588} INFO - Filling up the DagBag from /home/airflow/.local/lib/python3.12/site-packages/airflow/example_dags/example_task_group.py
[2024-12-22T11:51:46.783+0000] {processor.py:925} INFO - DAG(s) 'example_task_group' retrieved from /home/airflow/.local/lib/python3.12/site-packages/airflow/example_dags/example_task_group.py
[2024-12-22T11:51:46.807+0000] {logging_mixin.py:190} INFO - [2024-12-22T11:51:46.806+0000] {dag.py:3239} INFO - Sync 1 DAGs
[2024-12-22T11:51:46.826+0000] {logging_mixin.py:190} INFO - [2024-12-22T11:51:46.826+0000] {dag.py:4180} INFO - Setting next_dagrun for example_task_group to None, run_after=None
[2024-12-22T11:51:46.847+0000] {processor.py:208} INFO - Processing /home/airflow/.local/lib/python3.12/site-packages/airflow/example_dags/example_task_group.py took 0.086 seconds
[2024-12-22T11:52:18.003+0000] {processor.py:186} INFO - Started process (PID=348) to work on /home/airflow/.local/lib/python3.12/site-packages/airflow/example_dags/example_task_group.py
[2024-12-22T11:52:18.005+0000] {processor.py:914} INFO - Processing file /home/airflow/.local/lib/python3.12/site-packages/airflow/example_dags/example_task_group.py for tasks to queue
[2024-12-22T11:52:18.008+0000] {logging_mixin.py:190} INFO - [2024-12-22T11:52:18.008+0000] {dagbag.py:588} INFO - Filling up the DagBag from /home/airflow/.local/lib/python3.12/site-packages/airflow/example_dags/example_task_group.py
[2024-12-22T11:52:18.021+0000] {processor.py:925} INFO - DAG(s) 'example_task_group' retrieved from /home/airflow/.local/lib/python3.12/site-packages/airflow/example_dags/example_task_group.py
[2024-12-22T11:52:18.050+0000] {logging_mixin.py:190} INFO - [2024-12-22T11:52:18.049+0000] {dag.py:3239} INFO - Sync 1 DAGs
[2024-12-22T11:52:18.073+0000] {logging_mixin.py:190} INFO - [2024-12-22T11:52:18.073+0000] {dag.py:4180} INFO - Setting next_dagrun for example_task_group to None, run_after=None
[2024-12-22T11:52:18.108+0000] {processor.py:208} INFO - Processing /home/airflow/.local/lib/python3.12/site-packages/airflow/example_dags/example_task_group.py took 0.117 seconds
[2024-12-22T11:52:49.804+0000] {processor.py:186} INFO - Started process (PID=413) to work on /home/airflow/.local/lib/python3.12/site-packages/airflow/example_dags/example_task_group.py
[2024-12-22T11:52:49.805+0000] {processor.py:914} INFO - Processing file /home/airflow/.local/lib/python3.12/site-packages/airflow/example_dags/example_task_group.py for tasks to queue
[2024-12-22T11:52:49.809+0000] {logging_mixin.py:190} INFO - [2024-12-22T11:52:49.808+0000] {dagbag.py:588} INFO - Filling up the DagBag from /home/airflow/.local/lib/python3.12/site-packages/airflow/example_dags/example_task_group.py
[2024-12-22T11:52:49.821+0000] {processor.py:925} INFO - DAG(s) 'example_task_group' retrieved from /home/airflow/.local/lib/python3.12/site-packages/airflow/example_dags/example_task_group.py
[2024-12-22T11:52:49.847+0000] {logging_mixin.py:190} INFO - [2024-12-22T11:52:49.847+0000] {dag.py:3239} INFO - Sync 1 DAGs
[2024-12-22T11:52:49.866+0000] {logging_mixin.py:190} INFO - [2024-12-22T11:52:49.865+0000] {dag.py:4180} INFO - Setting next_dagrun for example_task_group to None, run_after=None
[2024-12-22T11:52:49.887+0000] {processor.py:208} INFO - Processing /home/airflow/.local/lib/python3.12/site-packages/airflow/example_dags/example_task_group.py took 0.091 seconds
[2024-12-22T11:53:21.123+0000] {processor.py:186} INFO - Started process (PID=478) to work on /home/airflow/.local/lib/python3.12/site-packages/airflow/example_dags/example_task_group.py
[2024-12-22T11:53:21.124+0000] {processor.py:914} INFO - Processing file /home/airflow/.local/lib/python3.12/site-packages/airflow/example_dags/example_task_group.py for tasks to queue
[2024-12-22T11:53:21.127+0000] {logging_mixin.py:190} INFO - [2024-12-22T11:53:21.127+0000] {dagbag.py:588} INFO - Filling up the DagBag from /home/airflow/.local/lib/python3.12/site-packages/airflow/example_dags/example_task_group.py
[2024-12-22T11:53:21.139+0000] {processor.py:925} INFO - DAG(s) 'example_task_group' retrieved from /home/airflow/.local/lib/python3.12/site-packages/airflow/example_dags/example_task_group.py
[2024-12-22T11:53:21.168+0000] {logging_mixin.py:190} INFO - [2024-12-22T11:53:21.167+0000] {dag.py:3239} INFO - Sync 1 DAGs
[2024-12-22T11:53:21.186+0000] {logging_mixin.py:190} INFO - [2024-12-22T11:53:21.186+0000] {dag.py:4180} INFO - Setting next_dagrun for example_task_group to None, run_after=None
[2024-12-22T11:53:21.210+0000] {processor.py:208} INFO - Processing /home/airflow/.local/lib/python3.12/site-packages/airflow/example_dags/example_task_group.py took 0.094 seconds
[2024-12-22T11:53:53.134+0000] {processor.py:186} INFO - Started process (PID=543) to work on /home/airflow/.local/lib/python3.12/site-packages/airflow/example_dags/example_task_group.py
[2024-12-22T11:53:53.135+0000] {processor.py:914} INFO - Processing file /home/airflow/.local/lib/python3.12/site-packages/airflow/example_dags/example_task_group.py for tasks to queue
[2024-12-22T11:53:53.139+0000] {logging_mixin.py:190} INFO - [2024-12-22T11:53:53.139+0000] {dagbag.py:588} INFO - Filling up the DagBag from /home/airflow/.local/lib/python3.12/site-packages/airflow/example_dags/example_task_group.py
[2024-12-22T11:53:53.152+0000] {processor.py:925} INFO - DAG(s) 'example_task_group' retrieved from /home/airflow/.local/lib/python3.12/site-packages/airflow/example_dags/example_task_group.py
[2024-12-22T11:53:53.184+0000] {logging_mixin.py:190} INFO - [2024-12-22T11:53:53.184+0000] {dag.py:3239} INFO - Sync 1 DAGs
[2024-12-22T11:53:53.211+0000] {logging_mixin.py:190} INFO - [2024-12-22T11:53:53.210+0000] {dag.py:4180} INFO - Setting next_dagrun for example_task_group to None, run_after=None
[2024-12-22T11:53:53.236+0000] {processor.py:208} INFO - Processing /home/airflow/.local/lib/python3.12/site-packages/airflow/example_dags/example_task_group.py took 0.110 seconds
[2024-12-22T11:54:25.584+0000] {processor.py:186} INFO - Started process (PID=608) to work on /home/airflow/.local/lib/python3.12/site-packages/airflow/example_dags/example_task_group.py
[2024-12-22T11:54:25.587+0000] {processor.py:914} INFO - Processing file /home/airflow/.local/lib/python3.12/site-packages/airflow/example_dags/example_task_group.py for tasks to queue
[2024-12-22T11:54:25.590+0000] {logging_mixin.py:190} INFO - [2024-12-22T11:54:25.589+0000] {dagbag.py:588} INFO - Filling up the DagBag from /home/airflow/.local/lib/python3.12/site-packages/airflow/example_dags/example_task_group.py
[2024-12-22T11:54:25.609+0000] {processor.py:925} INFO - DAG(s) 'example_task_group' retrieved from /home/airflow/.local/lib/python3.12/site-packages/airflow/example_dags/example_task_group.py
[2024-12-22T11:54:25.646+0000] {logging_mixin.py:190} INFO - [2024-12-22T11:54:25.645+0000] {dag.py:3239} INFO - Sync 1 DAGs
[2024-12-22T11:54:25.673+0000] {logging_mixin.py:190} INFO - [2024-12-22T11:54:25.673+0000] {dag.py:4180} INFO - Setting next_dagrun for example_task_group to None, run_after=None
[2024-12-22T11:54:25.703+0000] {processor.py:208} INFO - Processing /home/airflow/.local/lib/python3.12/site-packages/airflow/example_dags/example_task_group.py took 0.130 seconds
[2024-12-22T11:54:57.032+0000] {processor.py:186} INFO - Started process (PID=673) to work on /home/airflow/.local/lib/python3.12/site-packages/airflow/example_dags/example_task_group.py
[2024-12-22T11:54:57.033+0000] {processor.py:914} INFO - Processing file /home/airflow/.local/lib/python3.12/site-packages/airflow/example_dags/example_task_group.py for tasks to queue
[2024-12-22T11:54:57.037+0000] {logging_mixin.py:190} INFO - [2024-12-22T11:54:57.036+0000] {dagbag.py:588} INFO - Filling up the DagBag from /home/airflow/.local/lib/python3.12/site-packages/airflow/example_dags/example_task_group.py
[2024-12-22T11:54:57.051+0000] {processor.py:925} INFO - DAG(s) 'example_task_group' retrieved from /home/airflow/.local/lib/python3.12/site-packages/airflow/example_dags/example_task_group.py
[2024-12-22T11:54:57.079+0000] {logging_mixin.py:190} INFO - [2024-12-22T11:54:57.079+0000] {dag.py:3239} INFO - Sync 1 DAGs
[2024-12-22T11:54:57.099+0000] {logging_mixin.py:190} INFO - [2024-12-22T11:54:57.098+0000] {dag.py:4180} INFO - Setting next_dagrun for example_task_group to None, run_after=None
[2024-12-22T11:54:57.119+0000] {processor.py:208} INFO - Processing /home/airflow/.local/lib/python3.12/site-packages/airflow/example_dags/example_task_group.py took 0.100 seconds
[2024-12-22T11:56:35.414+0000] {processor.py:186} INFO - Started process (PID=78) to work on /home/airflow/.local/lib/python3.12/site-packages/airflow/example_dags/example_task_group.py
[2024-12-22T11:56:35.415+0000] {processor.py:914} INFO - Processing file /home/airflow/.local/lib/python3.12/site-packages/airflow/example_dags/example_task_group.py for tasks to queue
[2024-12-22T11:56:35.419+0000] {logging_mixin.py:190} INFO - [2024-12-22T11:56:35.419+0000] {dagbag.py:588} INFO - Filling up the DagBag from /home/airflow/.local/lib/python3.12/site-packages/airflow/example_dags/example_task_group.py
[2024-12-22T11:56:35.437+0000] {processor.py:925} INFO - DAG(s) 'example_task_group' retrieved from /home/airflow/.local/lib/python3.12/site-packages/airflow/example_dags/example_task_group.py
[2024-12-22T11:56:35.480+0000] {logging_mixin.py:190} INFO - [2024-12-22T11:56:35.480+0000] {dag.py:3239} INFO - Sync 1 DAGs
[2024-12-22T11:56:35.502+0000] {logging_mixin.py:190} INFO - [2024-12-22T11:56:35.501+0000] {dag.py:4180} INFO - Setting next_dagrun for example_task_group to None, run_after=None
[2024-12-22T11:56:35.530+0000] {processor.py:208} INFO - Processing /home/airflow/.local/lib/python3.12/site-packages/airflow/example_dags/example_task_group.py took 0.125 seconds
[2024-12-22T11:57:08.480+0000] {processor.py:186} INFO - Started process (PID=150) to work on /home/airflow/.local/lib/python3.12/site-packages/airflow/example_dags/example_task_group.py
[2024-12-22T11:57:08.482+0000] {processor.py:914} INFO - Processing file /home/airflow/.local/lib/python3.12/site-packages/airflow/example_dags/example_task_group.py for tasks to queue
[2024-12-22T11:57:08.487+0000] {logging_mixin.py:190} INFO - [2024-12-22T11:57:08.486+0000] {dagbag.py:588} INFO - Filling up the DagBag from /home/airflow/.local/lib/python3.12/site-packages/airflow/example_dags/example_task_group.py
[2024-12-22T11:57:08.511+0000] {processor.py:925} INFO - DAG(s) 'example_task_group' retrieved from /home/airflow/.local/lib/python3.12/site-packages/airflow/example_dags/example_task_group.py
[2024-12-22T11:57:08.582+0000] {logging_mixin.py:190} INFO - [2024-12-22T11:57:08.581+0000] {dag.py:3239} INFO - Sync 1 DAGs
[2024-12-22T11:57:08.635+0000] {logging_mixin.py:190} INFO - [2024-12-22T11:57:08.634+0000] {dag.py:4180} INFO - Setting next_dagrun for example_task_group to None, run_after=None
[2024-12-22T11:57:08.682+0000] {processor.py:208} INFO - Processing /home/airflow/.local/lib/python3.12/site-packages/airflow/example_dags/example_task_group.py took 0.218 seconds
