[2024-12-22T11:18:02.804+0000] {processor.py:186} INFO - Started process (PID=106) to work on /home/airflow/.local/lib/python3.12/site-packages/airflow/example_dags/example_sensors.py
[2024-12-22T11:18:02.807+0000] {processor.py:914} INFO - Processing file /home/airflow/.local/lib/python3.12/site-packages/airflow/example_dags/example_sensors.py for tasks to queue
[2024-12-22T11:18:02.813+0000] {logging_mixin.py:190} INFO - [2024-12-22T11:18:02.812+0000] {dagbag.py:588} INFO - Filling up the DagBag from /home/airflow/.local/lib/python3.12/site-packages/airflow/example_dags/example_sensors.py
[2024-12-22T11:18:02.839+0000] {processor.py:925} INFO - DAG(s) 'example_sensors' retrieved from /home/airflow/.local/lib/python3.12/site-packages/airflow/example_dags/example_sensors.py
[2024-12-22T11:18:02.988+0000] {logging_mixin.py:190} INFO - [2024-12-22T11:18:02.987+0000] {dag.py:3239} INFO - Sync 1 DAGs
[2024-12-22T11:18:03.116+0000] {logging_mixin.py:190} INFO - [2024-12-22T11:18:03.115+0000] {dag.py:4180} INFO - Setting next_dagrun for example_sensors to None, run_after=None
[2024-12-22T11:18:03.600+0000] {processor.py:208} INFO - Processing /home/airflow/.local/lib/python3.12/site-packages/airflow/example_dags/example_sensors.py took 0.810 seconds
[2024-12-22T11:18:35.214+0000] {processor.py:186} INFO - Started process (PID=171) to work on /home/airflow/.local/lib/python3.12/site-packages/airflow/example_dags/example_sensors.py
[2024-12-22T11:18:35.217+0000] {processor.py:914} INFO - Processing file /home/airflow/.local/lib/python3.12/site-packages/airflow/example_dags/example_sensors.py for tasks to queue
[2024-12-22T11:18:35.223+0000] {logging_mixin.py:190} INFO - [2024-12-22T11:18:35.222+0000] {dagbag.py:588} INFO - Filling up the DagBag from /home/airflow/.local/lib/python3.12/site-packages/airflow/example_dags/example_sensors.py
[2024-12-22T11:18:35.268+0000] {processor.py:925} INFO - DAG(s) 'example_sensors' retrieved from /home/airflow/.local/lib/python3.12/site-packages/airflow/example_dags/example_sensors.py
[2024-12-22T11:18:35.338+0000] {logging_mixin.py:190} INFO - [2024-12-22T11:18:35.338+0000] {dag.py:3239} INFO - Sync 1 DAGs
[2024-12-22T11:18:35.376+0000] {logging_mixin.py:190} INFO - [2024-12-22T11:18:35.375+0000] {dag.py:4180} INFO - Setting next_dagrun for example_sensors to None, run_after=None
[2024-12-22T11:18:35.441+0000] {processor.py:208} INFO - Processing /home/airflow/.local/lib/python3.12/site-packages/airflow/example_dags/example_sensors.py took 0.244 seconds
[2024-12-22T11:19:09.714+0000] {processor.py:186} INFO - Started process (PID=236) to work on /home/airflow/.local/lib/python3.12/site-packages/airflow/example_dags/example_sensors.py
[2024-12-22T11:19:09.719+0000] {processor.py:914} INFO - Processing file /home/airflow/.local/lib/python3.12/site-packages/airflow/example_dags/example_sensors.py for tasks to queue
[2024-12-22T11:19:09.731+0000] {logging_mixin.py:190} INFO - [2024-12-22T11:19:09.730+0000] {dagbag.py:588} INFO - Filling up the DagBag from /home/airflow/.local/lib/python3.12/site-packages/airflow/example_dags/example_sensors.py
[2024-12-22T11:19:10.709+0000] {processor.py:925} INFO - DAG(s) 'example_sensors' retrieved from /home/airflow/.local/lib/python3.12/site-packages/airflow/example_dags/example_sensors.py
[2024-12-22T11:19:10.834+0000] {logging_mixin.py:190} INFO - [2024-12-22T11:19:10.834+0000] {dag.py:3239} INFO - Sync 1 DAGs
[2024-12-22T11:19:10.869+0000] {logging_mixin.py:190} INFO - [2024-12-22T11:19:10.869+0000] {dag.py:4180} INFO - Setting next_dagrun for example_sensors to None, run_after=None
[2024-12-22T11:19:11.944+0000] {processor.py:208} INFO - Processing /home/airflow/.local/lib/python3.12/site-packages/airflow/example_dags/example_sensors.py took 2.258 seconds
[2024-12-22T11:19:42.943+0000] {processor.py:186} INFO - Started process (PID=302) to work on /home/airflow/.local/lib/python3.12/site-packages/airflow/example_dags/example_sensors.py
[2024-12-22T11:19:42.946+0000] {processor.py:914} INFO - Processing file /home/airflow/.local/lib/python3.12/site-packages/airflow/example_dags/example_sensors.py for tasks to queue
[2024-12-22T11:19:42.953+0000] {logging_mixin.py:190} INFO - [2024-12-22T11:19:42.952+0000] {dagbag.py:588} INFO - Filling up the DagBag from /home/airflow/.local/lib/python3.12/site-packages/airflow/example_dags/example_sensors.py
[2024-12-22T11:19:42.984+0000] {processor.py:925} INFO - DAG(s) 'example_sensors' retrieved from /home/airflow/.local/lib/python3.12/site-packages/airflow/example_dags/example_sensors.py
[2024-12-22T11:19:43.058+0000] {logging_mixin.py:190} INFO - [2024-12-22T11:19:43.058+0000] {dag.py:3239} INFO - Sync 1 DAGs
[2024-12-22T11:19:43.100+0000] {logging_mixin.py:190} INFO - [2024-12-22T11:19:43.099+0000] {dag.py:4180} INFO - Setting next_dagrun for example_sensors to None, run_after=None
[2024-12-22T11:19:43.153+0000] {processor.py:208} INFO - Processing /home/airflow/.local/lib/python3.12/site-packages/airflow/example_dags/example_sensors.py took 0.230 seconds
[2024-12-22T11:20:22.051+0000] {processor.py:186} INFO - Started process (PID=368) to work on /home/airflow/.local/lib/python3.12/site-packages/airflow/example_dags/example_sensors.py
[2024-12-22T11:20:22.055+0000] {processor.py:914} INFO - Processing file /home/airflow/.local/lib/python3.12/site-packages/airflow/example_dags/example_sensors.py for tasks to queue
[2024-12-22T11:20:22.064+0000] {logging_mixin.py:190} INFO - [2024-12-22T11:20:22.063+0000] {dagbag.py:588} INFO - Filling up the DagBag from /home/airflow/.local/lib/python3.12/site-packages/airflow/example_dags/example_sensors.py
[2024-12-22T11:20:22.109+0000] {processor.py:925} INFO - DAG(s) 'example_sensors' retrieved from /home/airflow/.local/lib/python3.12/site-packages/airflow/example_dags/example_sensors.py
[2024-12-22T11:20:22.216+0000] {logging_mixin.py:190} INFO - [2024-12-22T11:20:22.215+0000] {dag.py:3239} INFO - Sync 1 DAGs
[2024-12-22T11:20:22.277+0000] {logging_mixin.py:190} INFO - [2024-12-22T11:20:22.276+0000] {dag.py:4180} INFO - Setting next_dagrun for example_sensors to None, run_after=None
[2024-12-22T11:20:22.415+0000] {processor.py:208} INFO - Processing /home/airflow/.local/lib/python3.12/site-packages/airflow/example_dags/example_sensors.py took 0.388 seconds
[2024-12-22T11:20:52.867+0000] {processor.py:186} INFO - Started process (PID=433) to work on /home/airflow/.local/lib/python3.12/site-packages/airflow/example_dags/example_sensors.py
[2024-12-22T11:20:52.871+0000] {processor.py:914} INFO - Processing file /home/airflow/.local/lib/python3.12/site-packages/airflow/example_dags/example_sensors.py for tasks to queue
[2024-12-22T11:20:52.886+0000] {logging_mixin.py:190} INFO - [2024-12-22T11:20:52.881+0000] {dagbag.py:588} INFO - Filling up the DagBag from /home/airflow/.local/lib/python3.12/site-packages/airflow/example_dags/example_sensors.py
[2024-12-22T11:20:52.947+0000] {processor.py:925} INFO - DAG(s) 'example_sensors' retrieved from /home/airflow/.local/lib/python3.12/site-packages/airflow/example_dags/example_sensors.py
[2024-12-22T11:20:53.076+0000] {logging_mixin.py:190} INFO - [2024-12-22T11:20:53.076+0000] {dag.py:3239} INFO - Sync 1 DAGs
[2024-12-22T11:20:53.172+0000] {logging_mixin.py:190} INFO - [2024-12-22T11:20:53.171+0000] {dag.py:4180} INFO - Setting next_dagrun for example_sensors to None, run_after=None
[2024-12-22T11:20:53.271+0000] {processor.py:208} INFO - Processing /home/airflow/.local/lib/python3.12/site-packages/airflow/example_dags/example_sensors.py took 0.440 seconds
[2024-12-22T11:21:32.794+0000] {processor.py:186} INFO - Started process (PID=505) to work on /home/airflow/.local/lib/python3.12/site-packages/airflow/example_dags/example_sensors.py
[2024-12-22T11:21:32.797+0000] {processor.py:914} INFO - Processing file /home/airflow/.local/lib/python3.12/site-packages/airflow/example_dags/example_sensors.py for tasks to queue
[2024-12-22T11:21:32.804+0000] {logging_mixin.py:190} INFO - [2024-12-22T11:21:32.803+0000] {dagbag.py:588} INFO - Filling up the DagBag from /home/airflow/.local/lib/python3.12/site-packages/airflow/example_dags/example_sensors.py
[2024-12-22T11:21:32.833+0000] {processor.py:925} INFO - DAG(s) 'example_sensors' retrieved from /home/airflow/.local/lib/python3.12/site-packages/airflow/example_dags/example_sensors.py
[2024-12-22T11:21:32.908+0000] {logging_mixin.py:190} INFO - [2024-12-22T11:21:32.907+0000] {dag.py:3239} INFO - Sync 1 DAGs
[2024-12-22T11:21:32.943+0000] {logging_mixin.py:190} INFO - [2024-12-22T11:21:32.943+0000] {dag.py:4180} INFO - Setting next_dagrun for example_sensors to None, run_after=None
[2024-12-22T11:21:32.989+0000] {processor.py:208} INFO - Processing /home/airflow/.local/lib/python3.12/site-packages/airflow/example_dags/example_sensors.py took 0.225 seconds
[2024-12-22T11:22:09.489+0000] {processor.py:186} INFO - Started process (PID=570) to work on /home/airflow/.local/lib/python3.12/site-packages/airflow/example_dags/example_sensors.py
[2024-12-22T11:22:09.496+0000] {processor.py:914} INFO - Processing file /home/airflow/.local/lib/python3.12/site-packages/airflow/example_dags/example_sensors.py for tasks to queue
[2024-12-22T11:22:09.514+0000] {logging_mixin.py:190} INFO - [2024-12-22T11:22:09.513+0000] {dagbag.py:588} INFO - Filling up the DagBag from /home/airflow/.local/lib/python3.12/site-packages/airflow/example_dags/example_sensors.py
[2024-12-22T11:22:09.562+0000] {processor.py:925} INFO - DAG(s) 'example_sensors' retrieved from /home/airflow/.local/lib/python3.12/site-packages/airflow/example_dags/example_sensors.py
[2024-12-22T11:22:09.631+0000] {logging_mixin.py:190} INFO - [2024-12-22T11:22:09.631+0000] {dag.py:3239} INFO - Sync 1 DAGs
[2024-12-22T11:22:09.674+0000] {logging_mixin.py:190} INFO - [2024-12-22T11:22:09.673+0000] {dag.py:4180} INFO - Setting next_dagrun for example_sensors to None, run_after=None
[2024-12-22T11:22:09.721+0000] {processor.py:208} INFO - Processing /home/airflow/.local/lib/python3.12/site-packages/airflow/example_dags/example_sensors.py took 0.257 seconds
[2024-12-22T11:22:42.362+0000] {processor.py:186} INFO - Started process (PID=635) to work on /home/airflow/.local/lib/python3.12/site-packages/airflow/example_dags/example_sensors.py
[2024-12-22T11:22:42.367+0000] {processor.py:914} INFO - Processing file /home/airflow/.local/lib/python3.12/site-packages/airflow/example_dags/example_sensors.py for tasks to queue
[2024-12-22T11:22:42.381+0000] {logging_mixin.py:190} INFO - [2024-12-22T11:22:42.379+0000] {dagbag.py:588} INFO - Filling up the DagBag from /home/airflow/.local/lib/python3.12/site-packages/airflow/example_dags/example_sensors.py
[2024-12-22T11:22:42.460+0000] {processor.py:925} INFO - DAG(s) 'example_sensors' retrieved from /home/airflow/.local/lib/python3.12/site-packages/airflow/example_dags/example_sensors.py
[2024-12-22T11:22:42.628+0000] {logging_mixin.py:190} INFO - [2024-12-22T11:22:42.626+0000] {dag.py:3239} INFO - Sync 1 DAGs
[2024-12-22T11:22:42.744+0000] {logging_mixin.py:190} INFO - [2024-12-22T11:22:42.743+0000] {dag.py:4180} INFO - Setting next_dagrun for example_sensors to None, run_after=None
[2024-12-22T11:22:43.329+0000] {processor.py:208} INFO - Processing /home/airflow/.local/lib/python3.12/site-packages/airflow/example_dags/example_sensors.py took 1.001 seconds
[2024-12-22T11:23:24.880+0000] {processor.py:186} INFO - Started process (PID=699) to work on /home/airflow/.local/lib/python3.12/site-packages/airflow/example_dags/example_sensors.py
[2024-12-22T11:23:24.885+0000] {processor.py:914} INFO - Processing file /home/airflow/.local/lib/python3.12/site-packages/airflow/example_dags/example_sensors.py for tasks to queue
[2024-12-22T11:23:24.896+0000] {logging_mixin.py:190} INFO - [2024-12-22T11:23:24.895+0000] {dagbag.py:588} INFO - Filling up the DagBag from /home/airflow/.local/lib/python3.12/site-packages/airflow/example_dags/example_sensors.py
[2024-12-22T11:23:26.028+0000] {processor.py:925} INFO - DAG(s) 'example_sensors' retrieved from /home/airflow/.local/lib/python3.12/site-packages/airflow/example_dags/example_sensors.py
[2024-12-22T11:23:26.206+0000] {logging_mixin.py:190} INFO - [2024-12-22T11:23:26.205+0000] {dag.py:3239} INFO - Sync 1 DAGs
[2024-12-22T11:23:26.259+0000] {logging_mixin.py:190} INFO - [2024-12-22T11:23:26.259+0000] {dag.py:4180} INFO - Setting next_dagrun for example_sensors to None, run_after=None
[2024-12-22T11:23:26.309+0000] {processor.py:208} INFO - Processing /home/airflow/.local/lib/python3.12/site-packages/airflow/example_dags/example_sensors.py took 1.458 seconds
[2024-12-22T11:23:57.659+0000] {processor.py:186} INFO - Started process (PID=766) to work on /home/airflow/.local/lib/python3.12/site-packages/airflow/example_dags/example_sensors.py
[2024-12-22T11:23:57.664+0000] {processor.py:914} INFO - Processing file /home/airflow/.local/lib/python3.12/site-packages/airflow/example_dags/example_sensors.py for tasks to queue
[2024-12-22T11:23:57.681+0000] {logging_mixin.py:190} INFO - [2024-12-22T11:23:57.678+0000] {dagbag.py:588} INFO - Filling up the DagBag from /home/airflow/.local/lib/python3.12/site-packages/airflow/example_dags/example_sensors.py
[2024-12-22T11:23:58.751+0000] {processor.py:925} INFO - DAG(s) 'example_sensors' retrieved from /home/airflow/.local/lib/python3.12/site-packages/airflow/example_dags/example_sensors.py
[2024-12-22T11:23:58.921+0000] {logging_mixin.py:190} INFO - [2024-12-22T11:23:58.921+0000] {dag.py:3239} INFO - Sync 1 DAGs
[2024-12-22T11:23:58.971+0000] {logging_mixin.py:190} INFO - [2024-12-22T11:23:58.970+0000] {dag.py:4180} INFO - Setting next_dagrun for example_sensors to None, run_after=None
[2024-12-22T11:24:00.028+0000] {processor.py:208} INFO - Processing /home/airflow/.local/lib/python3.12/site-packages/airflow/example_dags/example_sensors.py took 2.415 seconds
[2024-12-22T11:24:30.354+0000] {processor.py:186} INFO - Started process (PID=831) to work on /home/airflow/.local/lib/python3.12/site-packages/airflow/example_dags/example_sensors.py
[2024-12-22T11:24:30.466+0000] {processor.py:914} INFO - Processing file /home/airflow/.local/lib/python3.12/site-packages/airflow/example_dags/example_sensors.py for tasks to queue
[2024-12-22T11:24:30.476+0000] {logging_mixin.py:190} INFO - [2024-12-22T11:24:30.475+0000] {dagbag.py:588} INFO - Filling up the DagBag from /home/airflow/.local/lib/python3.12/site-packages/airflow/example_dags/example_sensors.py
[2024-12-22T11:24:30.521+0000] {processor.py:925} INFO - DAG(s) 'example_sensors' retrieved from /home/airflow/.local/lib/python3.12/site-packages/airflow/example_dags/example_sensors.py
[2024-12-22T11:24:30.629+0000] {logging_mixin.py:190} INFO - [2024-12-22T11:24:30.628+0000] {dag.py:3239} INFO - Sync 1 DAGs
[2024-12-22T11:24:30.673+0000] {logging_mixin.py:190} INFO - [2024-12-22T11:24:30.673+0000] {dag.py:4180} INFO - Setting next_dagrun for example_sensors to None, run_after=None
[2024-12-22T11:24:30.724+0000] {processor.py:208} INFO - Processing /home/airflow/.local/lib/python3.12/site-packages/airflow/example_dags/example_sensors.py took 0.391 seconds
[2024-12-22T11:25:02.705+0000] {processor.py:186} INFO - Started process (PID=896) to work on /home/airflow/.local/lib/python3.12/site-packages/airflow/example_dags/example_sensors.py
[2024-12-22T11:25:02.708+0000] {processor.py:914} INFO - Processing file /home/airflow/.local/lib/python3.12/site-packages/airflow/example_dags/example_sensors.py for tasks to queue
[2024-12-22T11:25:02.717+0000] {logging_mixin.py:190} INFO - [2024-12-22T11:25:02.716+0000] {dagbag.py:588} INFO - Filling up the DagBag from /home/airflow/.local/lib/python3.12/site-packages/airflow/example_dags/example_sensors.py
[2024-12-22T11:25:03.863+0000] {processor.py:925} INFO - DAG(s) 'example_sensors' retrieved from /home/airflow/.local/lib/python3.12/site-packages/airflow/example_dags/example_sensors.py
[2024-12-22T11:25:03.983+0000] {logging_mixin.py:190} INFO - [2024-12-22T11:25:03.983+0000] {dag.py:3239} INFO - Sync 1 DAGs
[2024-12-22T11:25:04.030+0000] {logging_mixin.py:190} INFO - [2024-12-22T11:25:04.030+0000] {dag.py:4180} INFO - Setting next_dagrun for example_sensors to None, run_after=None
[2024-12-22T11:25:04.093+0000] {processor.py:208} INFO - Processing /home/airflow/.local/lib/python3.12/site-packages/airflow/example_dags/example_sensors.py took 1.428 seconds
[2024-12-22T11:25:35.429+0000] {processor.py:186} INFO - Started process (PID=962) to work on /home/airflow/.local/lib/python3.12/site-packages/airflow/example_dags/example_sensors.py
[2024-12-22T11:25:35.432+0000] {processor.py:914} INFO - Processing file /home/airflow/.local/lib/python3.12/site-packages/airflow/example_dags/example_sensors.py for tasks to queue
[2024-12-22T11:25:35.439+0000] {logging_mixin.py:190} INFO - [2024-12-22T11:25:35.438+0000] {dagbag.py:588} INFO - Filling up the DagBag from /home/airflow/.local/lib/python3.12/site-packages/airflow/example_dags/example_sensors.py
[2024-12-22T11:25:35.479+0000] {processor.py:925} INFO - DAG(s) 'example_sensors' retrieved from /home/airflow/.local/lib/python3.12/site-packages/airflow/example_dags/example_sensors.py
[2024-12-22T11:25:35.555+0000] {logging_mixin.py:190} INFO - [2024-12-22T11:25:35.554+0000] {dag.py:3239} INFO - Sync 1 DAGs
[2024-12-22T11:25:35.589+0000] {logging_mixin.py:190} INFO - [2024-12-22T11:25:35.589+0000] {dag.py:4180} INFO - Setting next_dagrun for example_sensors to None, run_after=None
[2024-12-22T11:25:35.637+0000] {processor.py:208} INFO - Processing /home/airflow/.local/lib/python3.12/site-packages/airflow/example_dags/example_sensors.py took 0.226 seconds
[2024-12-22T11:26:33.659+0000] {processor.py:186} INFO - Started process (PID=1043) to work on /home/airflow/.local/lib/python3.12/site-packages/airflow/example_dags/example_sensors.py
[2024-12-22T11:26:33.663+0000] {processor.py:914} INFO - Processing file /home/airflow/.local/lib/python3.12/site-packages/airflow/example_dags/example_sensors.py for tasks to queue
[2024-12-22T11:26:33.672+0000] {logging_mixin.py:190} INFO - [2024-12-22T11:26:33.671+0000] {dagbag.py:588} INFO - Filling up the DagBag from /home/airflow/.local/lib/python3.12/site-packages/airflow/example_dags/example_sensors.py
[2024-12-22T11:26:33.711+0000] {processor.py:925} INFO - DAG(s) 'example_sensors' retrieved from /home/airflow/.local/lib/python3.12/site-packages/airflow/example_dags/example_sensors.py
[2024-12-22T11:26:33.796+0000] {logging_mixin.py:190} INFO - [2024-12-22T11:26:33.795+0000] {dag.py:3239} INFO - Sync 1 DAGs
[2024-12-22T11:26:33.837+0000] {logging_mixin.py:190} INFO - [2024-12-22T11:26:33.837+0000] {dag.py:4180} INFO - Setting next_dagrun for example_sensors to None, run_after=None
[2024-12-22T11:26:33.898+0000] {processor.py:208} INFO - Processing /home/airflow/.local/lib/python3.12/site-packages/airflow/example_dags/example_sensors.py took 0.262 seconds
[2024-12-22T11:27:09.976+0000] {processor.py:186} INFO - Started process (PID=1108) to work on /home/airflow/.local/lib/python3.12/site-packages/airflow/example_dags/example_sensors.py
[2024-12-22T11:27:09.979+0000] {processor.py:914} INFO - Processing file /home/airflow/.local/lib/python3.12/site-packages/airflow/example_dags/example_sensors.py for tasks to queue
[2024-12-22T11:27:09.982+0000] {logging_mixin.py:190} INFO - [2024-12-22T11:27:09.981+0000] {dagbag.py:588} INFO - Filling up the DagBag from /home/airflow/.local/lib/python3.12/site-packages/airflow/example_dags/example_sensors.py
[2024-12-22T11:27:10.019+0000] {processor.py:925} INFO - DAG(s) 'example_sensors' retrieved from /home/airflow/.local/lib/python3.12/site-packages/airflow/example_dags/example_sensors.py
[2024-12-22T11:27:10.102+0000] {logging_mixin.py:190} INFO - [2024-12-22T11:27:10.102+0000] {dag.py:3239} INFO - Sync 1 DAGs
[2024-12-22T11:27:10.140+0000] {logging_mixin.py:190} INFO - [2024-12-22T11:27:10.139+0000] {dag.py:4180} INFO - Setting next_dagrun for example_sensors to None, run_after=None
[2024-12-22T11:27:10.193+0000] {processor.py:208} INFO - Processing /home/airflow/.local/lib/python3.12/site-packages/airflow/example_dags/example_sensors.py took 0.232 seconds
[2024-12-22T11:27:48.760+0000] {processor.py:186} INFO - Started process (PID=1173) to work on /home/airflow/.local/lib/python3.12/site-packages/airflow/example_dags/example_sensors.py
[2024-12-22T11:27:48.763+0000] {processor.py:914} INFO - Processing file /home/airflow/.local/lib/python3.12/site-packages/airflow/example_dags/example_sensors.py for tasks to queue
[2024-12-22T11:27:48.767+0000] {logging_mixin.py:190} INFO - [2024-12-22T11:27:48.766+0000] {dagbag.py:588} INFO - Filling up the DagBag from /home/airflow/.local/lib/python3.12/site-packages/airflow/example_dags/example_sensors.py
[2024-12-22T11:27:48.802+0000] {processor.py:925} INFO - DAG(s) 'example_sensors' retrieved from /home/airflow/.local/lib/python3.12/site-packages/airflow/example_dags/example_sensors.py
[2024-12-22T11:27:48.866+0000] {logging_mixin.py:190} INFO - [2024-12-22T11:27:48.866+0000] {dag.py:3239} INFO - Sync 1 DAGs
[2024-12-22T11:27:48.910+0000] {logging_mixin.py:190} INFO - [2024-12-22T11:27:48.909+0000] {dag.py:4180} INFO - Setting next_dagrun for example_sensors to None, run_after=None
[2024-12-22T11:27:48.971+0000] {processor.py:208} INFO - Processing /home/airflow/.local/lib/python3.12/site-packages/airflow/example_dags/example_sensors.py took 0.228 seconds
[2024-12-22T11:28:28.020+0000] {processor.py:186} INFO - Started process (PID=1246) to work on /home/airflow/.local/lib/python3.12/site-packages/airflow/example_dags/example_sensors.py
[2024-12-22T11:28:28.022+0000] {processor.py:914} INFO - Processing file /home/airflow/.local/lib/python3.12/site-packages/airflow/example_dags/example_sensors.py for tasks to queue
[2024-12-22T11:28:28.025+0000] {logging_mixin.py:190} INFO - [2024-12-22T11:28:28.024+0000] {dagbag.py:588} INFO - Filling up the DagBag from /home/airflow/.local/lib/python3.12/site-packages/airflow/example_dags/example_sensors.py
[2024-12-22T11:28:28.097+0000] {processor.py:925} INFO - DAG(s) 'example_sensors' retrieved from /home/airflow/.local/lib/python3.12/site-packages/airflow/example_dags/example_sensors.py
[2024-12-22T11:28:28.250+0000] {logging_mixin.py:190} INFO - [2024-12-22T11:28:28.249+0000] {dag.py:3239} INFO - Sync 1 DAGs
[2024-12-22T11:28:28.296+0000] {logging_mixin.py:190} INFO - [2024-12-22T11:28:28.295+0000] {dag.py:4180} INFO - Setting next_dagrun for example_sensors to None, run_after=None
[2024-12-22T11:28:28.383+0000] {processor.py:208} INFO - Processing /home/airflow/.local/lib/python3.12/site-packages/airflow/example_dags/example_sensors.py took 0.383 seconds
[2024-12-22T11:29:03.465+0000] {processor.py:186} INFO - Started process (PID=1311) to work on /home/airflow/.local/lib/python3.12/site-packages/airflow/example_dags/example_sensors.py
[2024-12-22T11:29:03.468+0000] {processor.py:914} INFO - Processing file /home/airflow/.local/lib/python3.12/site-packages/airflow/example_dags/example_sensors.py for tasks to queue
[2024-12-22T11:29:03.473+0000] {logging_mixin.py:190} INFO - [2024-12-22T11:29:03.472+0000] {dagbag.py:588} INFO - Filling up the DagBag from /home/airflow/.local/lib/python3.12/site-packages/airflow/example_dags/example_sensors.py
[2024-12-22T11:29:03.525+0000] {processor.py:925} INFO - DAG(s) 'example_sensors' retrieved from /home/airflow/.local/lib/python3.12/site-packages/airflow/example_dags/example_sensors.py
[2024-12-22T11:29:03.594+0000] {logging_mixin.py:190} INFO - [2024-12-22T11:29:03.593+0000] {dag.py:3239} INFO - Sync 1 DAGs
[2024-12-22T11:29:03.631+0000] {logging_mixin.py:190} INFO - [2024-12-22T11:29:03.631+0000] {dag.py:4180} INFO - Setting next_dagrun for example_sensors to None, run_after=None
[2024-12-22T11:29:03.677+0000] {processor.py:208} INFO - Processing /home/airflow/.local/lib/python3.12/site-packages/airflow/example_dags/example_sensors.py took 0.232 seconds
[2024-12-22T11:29:39.383+0000] {processor.py:186} INFO - Started process (PID=1378) to work on /home/airflow/.local/lib/python3.12/site-packages/airflow/example_dags/example_sensors.py
[2024-12-22T11:29:39.388+0000] {processor.py:914} INFO - Processing file /home/airflow/.local/lib/python3.12/site-packages/airflow/example_dags/example_sensors.py for tasks to queue
[2024-12-22T11:29:39.392+0000] {logging_mixin.py:190} INFO - [2024-12-22T11:29:39.391+0000] {dagbag.py:588} INFO - Filling up the DagBag from /home/airflow/.local/lib/python3.12/site-packages/airflow/example_dags/example_sensors.py
[2024-12-22T11:29:39.428+0000] {processor.py:925} INFO - DAG(s) 'example_sensors' retrieved from /home/airflow/.local/lib/python3.12/site-packages/airflow/example_dags/example_sensors.py
[2024-12-22T11:29:39.490+0000] {logging_mixin.py:190} INFO - [2024-12-22T11:29:39.490+0000] {dag.py:3239} INFO - Sync 1 DAGs
[2024-12-22T11:29:39.560+0000] {logging_mixin.py:190} INFO - [2024-12-22T11:29:39.559+0000] {dag.py:4180} INFO - Setting next_dagrun for example_sensors to None, run_after=None
[2024-12-22T11:29:40.667+0000] {processor.py:208} INFO - Processing /home/airflow/.local/lib/python3.12/site-packages/airflow/example_dags/example_sensors.py took 1.305 seconds
[2024-12-22T11:30:11.828+0000] {processor.py:186} INFO - Started process (PID=1443) to work on /home/airflow/.local/lib/python3.12/site-packages/airflow/example_dags/example_sensors.py
[2024-12-22T11:30:11.833+0000] {processor.py:914} INFO - Processing file /home/airflow/.local/lib/python3.12/site-packages/airflow/example_dags/example_sensors.py for tasks to queue
[2024-12-22T11:30:11.841+0000] {logging_mixin.py:190} INFO - [2024-12-22T11:30:11.839+0000] {dagbag.py:588} INFO - Filling up the DagBag from /home/airflow/.local/lib/python3.12/site-packages/airflow/example_dags/example_sensors.py
[2024-12-22T11:30:11.886+0000] {processor.py:925} INFO - DAG(s) 'example_sensors' retrieved from /home/airflow/.local/lib/python3.12/site-packages/airflow/example_dags/example_sensors.py
[2024-12-22T11:30:11.991+0000] {logging_mixin.py:190} INFO - [2024-12-22T11:30:11.991+0000] {dag.py:3239} INFO - Sync 1 DAGs
[2024-12-22T11:30:12.062+0000] {logging_mixin.py:190} INFO - [2024-12-22T11:30:12.061+0000] {dag.py:4180} INFO - Setting next_dagrun for example_sensors to None, run_after=None
[2024-12-22T11:30:13.140+0000] {processor.py:208} INFO - Processing /home/airflow/.local/lib/python3.12/site-packages/airflow/example_dags/example_sensors.py took 1.340 seconds
[2024-12-22T11:30:44.990+0000] {processor.py:186} INFO - Started process (PID=1508) to work on /home/airflow/.local/lib/python3.12/site-packages/airflow/example_dags/example_sensors.py
[2024-12-22T11:30:44.995+0000] {processor.py:914} INFO - Processing file /home/airflow/.local/lib/python3.12/site-packages/airflow/example_dags/example_sensors.py for tasks to queue
[2024-12-22T11:30:45.003+0000] {logging_mixin.py:190} INFO - [2024-12-22T11:30:45.001+0000] {dagbag.py:588} INFO - Filling up the DagBag from /home/airflow/.local/lib/python3.12/site-packages/airflow/example_dags/example_sensors.py
[2024-12-22T11:30:45.074+0000] {processor.py:925} INFO - DAG(s) 'example_sensors' retrieved from /home/airflow/.local/lib/python3.12/site-packages/airflow/example_dags/example_sensors.py
[2024-12-22T11:30:45.197+0000] {logging_mixin.py:190} INFO - [2024-12-22T11:30:45.196+0000] {dag.py:3239} INFO - Sync 1 DAGs
[2024-12-22T11:30:45.250+0000] {logging_mixin.py:190} INFO - [2024-12-22T11:30:45.250+0000] {dag.py:4180} INFO - Setting next_dagrun for example_sensors to None, run_after=None
[2024-12-22T11:30:46.203+0000] {processor.py:208} INFO - Processing /home/airflow/.local/lib/python3.12/site-packages/airflow/example_dags/example_sensors.py took 1.246 seconds
[2024-12-22T11:31:17.023+0000] {processor.py:186} INFO - Started process (PID=1573) to work on /home/airflow/.local/lib/python3.12/site-packages/airflow/example_dags/example_sensors.py
[2024-12-22T11:31:17.025+0000] {processor.py:914} INFO - Processing file /home/airflow/.local/lib/python3.12/site-packages/airflow/example_dags/example_sensors.py for tasks to queue
[2024-12-22T11:31:17.028+0000] {logging_mixin.py:190} INFO - [2024-12-22T11:31:17.028+0000] {dagbag.py:588} INFO - Filling up the DagBag from /home/airflow/.local/lib/python3.12/site-packages/airflow/example_dags/example_sensors.py
[2024-12-22T11:31:17.059+0000] {processor.py:925} INFO - DAG(s) 'example_sensors' retrieved from /home/airflow/.local/lib/python3.12/site-packages/airflow/example_dags/example_sensors.py
[2024-12-22T11:31:17.143+0000] {logging_mixin.py:190} INFO - [2024-12-22T11:31:17.142+0000] {dag.py:3239} INFO - Sync 1 DAGs
[2024-12-22T11:31:17.187+0000] {logging_mixin.py:190} INFO - [2024-12-22T11:31:17.187+0000] {dag.py:4180} INFO - Setting next_dagrun for example_sensors to None, run_after=None
[2024-12-22T11:31:17.242+0000] {processor.py:208} INFO - Processing /home/airflow/.local/lib/python3.12/site-packages/airflow/example_dags/example_sensors.py took 0.235 seconds
[2024-12-22T11:31:52.827+0000] {processor.py:186} INFO - Started process (PID=1638) to work on /home/airflow/.local/lib/python3.12/site-packages/airflow/example_dags/example_sensors.py
[2024-12-22T11:31:52.830+0000] {processor.py:914} INFO - Processing file /home/airflow/.local/lib/python3.12/site-packages/airflow/example_dags/example_sensors.py for tasks to queue
[2024-12-22T11:31:52.833+0000] {logging_mixin.py:190} INFO - [2024-12-22T11:31:52.832+0000] {dagbag.py:588} INFO - Filling up the DagBag from /home/airflow/.local/lib/python3.12/site-packages/airflow/example_dags/example_sensors.py
[2024-12-22T11:31:52.869+0000] {processor.py:925} INFO - DAG(s) 'example_sensors' retrieved from /home/airflow/.local/lib/python3.12/site-packages/airflow/example_dags/example_sensors.py
[2024-12-22T11:31:52.953+0000] {logging_mixin.py:190} INFO - [2024-12-22T11:31:52.952+0000] {dag.py:3239} INFO - Sync 1 DAGs
[2024-12-22T11:31:53.003+0000] {logging_mixin.py:190} INFO - [2024-12-22T11:31:53.003+0000] {dag.py:4180} INFO - Setting next_dagrun for example_sensors to None, run_after=None
[2024-12-22T11:31:53.053+0000] {processor.py:208} INFO - Processing /home/airflow/.local/lib/python3.12/site-packages/airflow/example_dags/example_sensors.py took 0.246 seconds
[2024-12-22T11:32:32.426+0000] {processor.py:186} INFO - Started process (PID=1710) to work on /home/airflow/.local/lib/python3.12/site-packages/airflow/example_dags/example_sensors.py
[2024-12-22T11:32:32.429+0000] {processor.py:914} INFO - Processing file /home/airflow/.local/lib/python3.12/site-packages/airflow/example_dags/example_sensors.py for tasks to queue
[2024-12-22T11:32:32.432+0000] {logging_mixin.py:190} INFO - [2024-12-22T11:32:32.431+0000] {dagbag.py:588} INFO - Filling up the DagBag from /home/airflow/.local/lib/python3.12/site-packages/airflow/example_dags/example_sensors.py
[2024-12-22T11:32:32.460+0000] {processor.py:925} INFO - DAG(s) 'example_sensors' retrieved from /home/airflow/.local/lib/python3.12/site-packages/airflow/example_dags/example_sensors.py
[2024-12-22T11:32:32.522+0000] {logging_mixin.py:190} INFO - [2024-12-22T11:32:32.522+0000] {dag.py:3239} INFO - Sync 1 DAGs
[2024-12-22T11:32:32.564+0000] {logging_mixin.py:190} INFO - [2024-12-22T11:32:32.563+0000] {dag.py:4180} INFO - Setting next_dagrun for example_sensors to None, run_after=None
[2024-12-22T11:32:32.608+0000] {processor.py:208} INFO - Processing /home/airflow/.local/lib/python3.12/site-packages/airflow/example_dags/example_sensors.py took 0.197 seconds
[2024-12-22T11:33:07.917+0000] {processor.py:186} INFO - Started process (PID=1766) to work on /home/airflow/.local/lib/python3.12/site-packages/airflow/example_dags/example_sensors.py
[2024-12-22T11:33:07.920+0000] {processor.py:914} INFO - Processing file /home/airflow/.local/lib/python3.12/site-packages/airflow/example_dags/example_sensors.py for tasks to queue
[2024-12-22T11:33:07.923+0000] {logging_mixin.py:190} INFO - [2024-12-22T11:33:07.922+0000] {dagbag.py:588} INFO - Filling up the DagBag from /home/airflow/.local/lib/python3.12/site-packages/airflow/example_dags/example_sensors.py
[2024-12-22T11:33:07.966+0000] {processor.py:925} INFO - DAG(s) 'example_sensors' retrieved from /home/airflow/.local/lib/python3.12/site-packages/airflow/example_dags/example_sensors.py
[2024-12-22T11:33:08.062+0000] {logging_mixin.py:190} INFO - [2024-12-22T11:33:08.061+0000] {dag.py:3239} INFO - Sync 1 DAGs
[2024-12-22T11:33:08.119+0000] {logging_mixin.py:190} INFO - [2024-12-22T11:33:08.118+0000] {dag.py:4180} INFO - Setting next_dagrun for example_sensors to None, run_after=None
[2024-12-22T11:33:08.183+0000] {processor.py:208} INFO - Processing /home/airflow/.local/lib/python3.12/site-packages/airflow/example_dags/example_sensors.py took 0.287 seconds
[2024-12-22T11:33:48.495+0000] {processor.py:186} INFO - Started process (PID=1830) to work on /home/airflow/.local/lib/python3.12/site-packages/airflow/example_dags/example_sensors.py
[2024-12-22T11:33:48.497+0000] {processor.py:914} INFO - Processing file /home/airflow/.local/lib/python3.12/site-packages/airflow/example_dags/example_sensors.py for tasks to queue
[2024-12-22T11:33:48.502+0000] {logging_mixin.py:190} INFO - [2024-12-22T11:33:48.501+0000] {dagbag.py:588} INFO - Filling up the DagBag from /home/airflow/.local/lib/python3.12/site-packages/airflow/example_dags/example_sensors.py
[2024-12-22T11:33:48.543+0000] {processor.py:925} INFO - DAG(s) 'example_sensors' retrieved from /home/airflow/.local/lib/python3.12/site-packages/airflow/example_dags/example_sensors.py
[2024-12-22T11:33:48.631+0000] {logging_mixin.py:190} INFO - [2024-12-22T11:33:48.630+0000] {dag.py:3239} INFO - Sync 1 DAGs
[2024-12-22T11:33:48.673+0000] {logging_mixin.py:190} INFO - [2024-12-22T11:33:48.672+0000] {dag.py:4180} INFO - Setting next_dagrun for example_sensors to None, run_after=None
[2024-12-22T11:33:48.732+0000] {processor.py:208} INFO - Processing /home/airflow/.local/lib/python3.12/site-packages/airflow/example_dags/example_sensors.py took 0.256 seconds
[2024-12-22T11:34:26.575+0000] {processor.py:186} INFO - Started process (PID=1895) to work on /home/airflow/.local/lib/python3.12/site-packages/airflow/example_dags/example_sensors.py
[2024-12-22T11:34:26.577+0000] {processor.py:914} INFO - Processing file /home/airflow/.local/lib/python3.12/site-packages/airflow/example_dags/example_sensors.py for tasks to queue
[2024-12-22T11:34:26.580+0000] {logging_mixin.py:190} INFO - [2024-12-22T11:34:26.580+0000] {dagbag.py:588} INFO - Filling up the DagBag from /home/airflow/.local/lib/python3.12/site-packages/airflow/example_dags/example_sensors.py
[2024-12-22T11:34:26.616+0000] {processor.py:925} INFO - DAG(s) 'example_sensors' retrieved from /home/airflow/.local/lib/python3.12/site-packages/airflow/example_dags/example_sensors.py
[2024-12-22T11:34:26.684+0000] {logging_mixin.py:190} INFO - [2024-12-22T11:34:26.684+0000] {dag.py:3239} INFO - Sync 1 DAGs
[2024-12-22T11:34:26.729+0000] {logging_mixin.py:190} INFO - [2024-12-22T11:34:26.729+0000] {dag.py:4180} INFO - Setting next_dagrun for example_sensors to None, run_after=None
[2024-12-22T11:34:26.798+0000] {processor.py:208} INFO - Processing /home/airflow/.local/lib/python3.12/site-packages/airflow/example_dags/example_sensors.py took 0.241 seconds
[2024-12-22T11:35:02.607+0000] {processor.py:186} INFO - Started process (PID=1968) to work on /home/airflow/.local/lib/python3.12/site-packages/airflow/example_dags/example_sensors.py
[2024-12-22T11:35:02.612+0000] {processor.py:914} INFO - Processing file /home/airflow/.local/lib/python3.12/site-packages/airflow/example_dags/example_sensors.py for tasks to queue
[2024-12-22T11:35:02.617+0000] {logging_mixin.py:190} INFO - [2024-12-22T11:35:02.616+0000] {dagbag.py:588} INFO - Filling up the DagBag from /home/airflow/.local/lib/python3.12/site-packages/airflow/example_dags/example_sensors.py
[2024-12-22T11:35:02.665+0000] {processor.py:925} INFO - DAG(s) 'example_sensors' retrieved from /home/airflow/.local/lib/python3.12/site-packages/airflow/example_dags/example_sensors.py
[2024-12-22T11:35:02.812+0000] {logging_mixin.py:190} INFO - [2024-12-22T11:35:02.811+0000] {dag.py:3239} INFO - Sync 1 DAGs
[2024-12-22T11:35:02.908+0000] {logging_mixin.py:190} INFO - [2024-12-22T11:35:02.907+0000] {dag.py:4180} INFO - Setting next_dagrun for example_sensors to None, run_after=None
[2024-12-22T11:35:02.973+0000] {processor.py:208} INFO - Processing /home/airflow/.local/lib/python3.12/site-packages/airflow/example_dags/example_sensors.py took 0.386 seconds
[2024-12-22T11:35:38.466+0000] {processor.py:186} INFO - Started process (PID=2033) to work on /home/airflow/.local/lib/python3.12/site-packages/airflow/example_dags/example_sensors.py
[2024-12-22T11:35:38.468+0000] {processor.py:914} INFO - Processing file /home/airflow/.local/lib/python3.12/site-packages/airflow/example_dags/example_sensors.py for tasks to queue
[2024-12-22T11:35:38.472+0000] {logging_mixin.py:190} INFO - [2024-12-22T11:35:38.472+0000] {dagbag.py:588} INFO - Filling up the DagBag from /home/airflow/.local/lib/python3.12/site-packages/airflow/example_dags/example_sensors.py
[2024-12-22T11:35:38.507+0000] {processor.py:925} INFO - DAG(s) 'example_sensors' retrieved from /home/airflow/.local/lib/python3.12/site-packages/airflow/example_dags/example_sensors.py
[2024-12-22T11:35:38.609+0000] {logging_mixin.py:190} INFO - [2024-12-22T11:35:38.608+0000] {dag.py:3239} INFO - Sync 1 DAGs
[2024-12-22T11:35:38.656+0000] {logging_mixin.py:190} INFO - [2024-12-22T11:35:38.656+0000] {dag.py:4180} INFO - Setting next_dagrun for example_sensors to None, run_after=None
[2024-12-22T11:35:38.724+0000] {processor.py:208} INFO - Processing /home/airflow/.local/lib/python3.12/site-packages/airflow/example_dags/example_sensors.py took 0.274 seconds
[2024-12-22T11:36:34.805+0000] {processor.py:186} INFO - Started process (PID=2097) to work on /home/airflow/.local/lib/python3.12/site-packages/airflow/example_dags/example_sensors.py
[2024-12-22T11:36:34.807+0000] {processor.py:914} INFO - Processing file /home/airflow/.local/lib/python3.12/site-packages/airflow/example_dags/example_sensors.py for tasks to queue
[2024-12-22T11:36:34.810+0000] {logging_mixin.py:190} INFO - [2024-12-22T11:36:34.809+0000] {dagbag.py:588} INFO - Filling up the DagBag from /home/airflow/.local/lib/python3.12/site-packages/airflow/example_dags/example_sensors.py
[2024-12-22T11:36:34.848+0000] {processor.py:925} INFO - DAG(s) 'example_sensors' retrieved from /home/airflow/.local/lib/python3.12/site-packages/airflow/example_dags/example_sensors.py
[2024-12-22T11:36:34.937+0000] {logging_mixin.py:190} INFO - [2024-12-22T11:36:34.936+0000] {dag.py:3239} INFO - Sync 1 DAGs
[2024-12-22T11:36:35.002+0000] {logging_mixin.py:190} INFO - [2024-12-22T11:36:35.002+0000] {dag.py:4180} INFO - Setting next_dagrun for example_sensors to None, run_after=None
[2024-12-22T11:36:35.046+0000] {processor.py:208} INFO - Processing /home/airflow/.local/lib/python3.12/site-packages/airflow/example_dags/example_sensors.py took 0.262 seconds
[2024-12-22T11:37:08.900+0000] {processor.py:186} INFO - Started process (PID=2162) to work on /home/airflow/.local/lib/python3.12/site-packages/airflow/example_dags/example_sensors.py
[2024-12-22T11:37:08.905+0000] {processor.py:914} INFO - Processing file /home/airflow/.local/lib/python3.12/site-packages/airflow/example_dags/example_sensors.py for tasks to queue
[2024-12-22T11:37:08.912+0000] {logging_mixin.py:190} INFO - [2024-12-22T11:37:08.911+0000] {dagbag.py:588} INFO - Filling up the DagBag from /home/airflow/.local/lib/python3.12/site-packages/airflow/example_dags/example_sensors.py
[2024-12-22T11:37:08.983+0000] {processor.py:925} INFO - DAG(s) 'example_sensors' retrieved from /home/airflow/.local/lib/python3.12/site-packages/airflow/example_dags/example_sensors.py
[2024-12-22T11:37:09.132+0000] {logging_mixin.py:190} INFO - [2024-12-22T11:37:09.131+0000] {dag.py:3239} INFO - Sync 1 DAGs
[2024-12-22T11:37:09.221+0000] {logging_mixin.py:190} INFO - [2024-12-22T11:37:09.220+0000] {dag.py:4180} INFO - Setting next_dagrun for example_sensors to None, run_after=None
[2024-12-22T11:37:09.316+0000] {processor.py:208} INFO - Processing /home/airflow/.local/lib/python3.12/site-packages/airflow/example_dags/example_sensors.py took 0.452 seconds
[2024-12-22T11:37:41.262+0000] {processor.py:186} INFO - Started process (PID=2227) to work on /home/airflow/.local/lib/python3.12/site-packages/airflow/example_dags/example_sensors.py
[2024-12-22T11:37:41.265+0000] {processor.py:914} INFO - Processing file /home/airflow/.local/lib/python3.12/site-packages/airflow/example_dags/example_sensors.py for tasks to queue
[2024-12-22T11:37:41.268+0000] {logging_mixin.py:190} INFO - [2024-12-22T11:37:41.267+0000] {dagbag.py:588} INFO - Filling up the DagBag from /home/airflow/.local/lib/python3.12/site-packages/airflow/example_dags/example_sensors.py
[2024-12-22T11:37:41.302+0000] {processor.py:925} INFO - DAG(s) 'example_sensors' retrieved from /home/airflow/.local/lib/python3.12/site-packages/airflow/example_dags/example_sensors.py
[2024-12-22T11:37:41.381+0000] {logging_mixin.py:190} INFO - [2024-12-22T11:37:41.380+0000] {dag.py:3239} INFO - Sync 1 DAGs
[2024-12-22T11:37:41.426+0000] {logging_mixin.py:190} INFO - [2024-12-22T11:37:41.425+0000] {dag.py:4180} INFO - Setting next_dagrun for example_sensors to None, run_after=None
[2024-12-22T11:37:41.475+0000] {processor.py:208} INFO - Processing /home/airflow/.local/lib/python3.12/site-packages/airflow/example_dags/example_sensors.py took 0.229 seconds
[2024-12-22T11:38:19.721+0000] {processor.py:186} INFO - Started process (PID=2283) to work on /home/airflow/.local/lib/python3.12/site-packages/airflow/example_dags/example_sensors.py
[2024-12-22T11:38:19.724+0000] {processor.py:914} INFO - Processing file /home/airflow/.local/lib/python3.12/site-packages/airflow/example_dags/example_sensors.py for tasks to queue
[2024-12-22T11:38:19.728+0000] {logging_mixin.py:190} INFO - [2024-12-22T11:38:19.727+0000] {dagbag.py:588} INFO - Filling up the DagBag from /home/airflow/.local/lib/python3.12/site-packages/airflow/example_dags/example_sensors.py
[2024-12-22T11:38:19.778+0000] {processor.py:925} INFO - DAG(s) 'example_sensors' retrieved from /home/airflow/.local/lib/python3.12/site-packages/airflow/example_dags/example_sensors.py
[2024-12-22T11:38:19.873+0000] {logging_mixin.py:190} INFO - [2024-12-22T11:38:19.872+0000] {dag.py:3239} INFO - Sync 1 DAGs
[2024-12-22T11:38:19.922+0000] {logging_mixin.py:190} INFO - [2024-12-22T11:38:19.922+0000] {dag.py:4180} INFO - Setting next_dagrun for example_sensors to None, run_after=None
[2024-12-22T11:38:19.975+0000] {processor.py:208} INFO - Processing /home/airflow/.local/lib/python3.12/site-packages/airflow/example_dags/example_sensors.py took 0.275 seconds
[2024-12-22T11:39:01.071+0000] {processor.py:186} INFO - Started process (PID=2348) to work on /home/airflow/.local/lib/python3.12/site-packages/airflow/example_dags/example_sensors.py
[2024-12-22T11:39:01.076+0000] {processor.py:914} INFO - Processing file /home/airflow/.local/lib/python3.12/site-packages/airflow/example_dags/example_sensors.py for tasks to queue
[2024-12-22T11:39:01.081+0000] {logging_mixin.py:190} INFO - [2024-12-22T11:39:01.079+0000] {dagbag.py:588} INFO - Filling up the DagBag from /home/airflow/.local/lib/python3.12/site-packages/airflow/example_dags/example_sensors.py
[2024-12-22T11:39:01.131+0000] {processor.py:925} INFO - DAG(s) 'example_sensors' retrieved from /home/airflow/.local/lib/python3.12/site-packages/airflow/example_dags/example_sensors.py
[2024-12-22T11:39:01.248+0000] {logging_mixin.py:190} INFO - [2024-12-22T11:39:01.247+0000] {dag.py:3239} INFO - Sync 1 DAGs
[2024-12-22T11:39:01.283+0000] {logging_mixin.py:190} INFO - [2024-12-22T11:39:01.283+0000] {dag.py:4180} INFO - Setting next_dagrun for example_sensors to None, run_after=None
[2024-12-22T11:39:01.329+0000] {processor.py:208} INFO - Processing /home/airflow/.local/lib/python3.12/site-packages/airflow/example_dags/example_sensors.py took 0.285 seconds
[2024-12-22T11:39:37.543+0000] {processor.py:186} INFO - Started process (PID=2418) to work on /home/airflow/.local/lib/python3.12/site-packages/airflow/example_dags/example_sensors.py
[2024-12-22T11:39:37.545+0000] {processor.py:914} INFO - Processing file /home/airflow/.local/lib/python3.12/site-packages/airflow/example_dags/example_sensors.py for tasks to queue
[2024-12-22T11:39:37.548+0000] {logging_mixin.py:190} INFO - [2024-12-22T11:39:37.547+0000] {dagbag.py:588} INFO - Filling up the DagBag from /home/airflow/.local/lib/python3.12/site-packages/airflow/example_dags/example_sensors.py
[2024-12-22T11:39:37.582+0000] {processor.py:925} INFO - DAG(s) 'example_sensors' retrieved from /home/airflow/.local/lib/python3.12/site-packages/airflow/example_dags/example_sensors.py
[2024-12-22T11:39:37.657+0000] {logging_mixin.py:190} INFO - [2024-12-22T11:39:37.657+0000] {dag.py:3239} INFO - Sync 1 DAGs
[2024-12-22T11:39:37.692+0000] {logging_mixin.py:190} INFO - [2024-12-22T11:39:37.691+0000] {dag.py:4180} INFO - Setting next_dagrun for example_sensors to None, run_after=None
[2024-12-22T11:39:37.739+0000] {processor.py:208} INFO - Processing /home/airflow/.local/lib/python3.12/site-packages/airflow/example_dags/example_sensors.py took 0.211 seconds
[2024-12-22T11:40:18.596+0000] {processor.py:186} INFO - Started process (PID=2485) to work on /home/airflow/.local/lib/python3.12/site-packages/airflow/example_dags/example_sensors.py
[2024-12-22T11:40:18.599+0000] {processor.py:914} INFO - Processing file /home/airflow/.local/lib/python3.12/site-packages/airflow/example_dags/example_sensors.py for tasks to queue
[2024-12-22T11:40:18.611+0000] {logging_mixin.py:190} INFO - [2024-12-22T11:40:18.610+0000] {dagbag.py:588} INFO - Filling up the DagBag from /home/airflow/.local/lib/python3.12/site-packages/airflow/example_dags/example_sensors.py
[2024-12-22T11:40:18.668+0000] {processor.py:925} INFO - DAG(s) 'example_sensors' retrieved from /home/airflow/.local/lib/python3.12/site-packages/airflow/example_dags/example_sensors.py
[2024-12-22T11:40:18.762+0000] {logging_mixin.py:190} INFO - [2024-12-22T11:40:18.761+0000] {dag.py:3239} INFO - Sync 1 DAGs
[2024-12-22T11:40:18.809+0000] {logging_mixin.py:190} INFO - [2024-12-22T11:40:18.808+0000] {dag.py:4180} INFO - Setting next_dagrun for example_sensors to None, run_after=None
[2024-12-22T11:40:18.852+0000] {processor.py:208} INFO - Processing /home/airflow/.local/lib/python3.12/site-packages/airflow/example_dags/example_sensors.py took 0.279 seconds
[2024-12-22T11:40:57.978+0000] {processor.py:186} INFO - Started process (PID=2550) to work on /home/airflow/.local/lib/python3.12/site-packages/airflow/example_dags/example_sensors.py
[2024-12-22T11:40:57.981+0000] {processor.py:914} INFO - Processing file /home/airflow/.local/lib/python3.12/site-packages/airflow/example_dags/example_sensors.py for tasks to queue
[2024-12-22T11:40:57.985+0000] {logging_mixin.py:190} INFO - [2024-12-22T11:40:57.984+0000] {dagbag.py:588} INFO - Filling up the DagBag from /home/airflow/.local/lib/python3.12/site-packages/airflow/example_dags/example_sensors.py
[2024-12-22T11:40:58.028+0000] {processor.py:925} INFO - DAG(s) 'example_sensors' retrieved from /home/airflow/.local/lib/python3.12/site-packages/airflow/example_dags/example_sensors.py
[2024-12-22T11:40:58.136+0000] {logging_mixin.py:190} INFO - [2024-12-22T11:40:58.135+0000] {dag.py:3239} INFO - Sync 1 DAGs
[2024-12-22T11:40:58.200+0000] {logging_mixin.py:190} INFO - [2024-12-22T11:40:58.198+0000] {dag.py:4180} INFO - Setting next_dagrun for example_sensors to None, run_after=None
[2024-12-22T11:40:58.313+0000] {processor.py:208} INFO - Processing /home/airflow/.local/lib/python3.12/site-packages/airflow/example_dags/example_sensors.py took 0.359 seconds
[2024-12-22T11:41:34.501+0000] {processor.py:186} INFO - Started process (PID=2621) to work on /home/airflow/.local/lib/python3.12/site-packages/airflow/example_dags/example_sensors.py
[2024-12-22T11:41:34.504+0000] {processor.py:914} INFO - Processing file /home/airflow/.local/lib/python3.12/site-packages/airflow/example_dags/example_sensors.py for tasks to queue
[2024-12-22T11:41:34.511+0000] {logging_mixin.py:190} INFO - [2024-12-22T11:41:34.509+0000] {dagbag.py:588} INFO - Filling up the DagBag from /home/airflow/.local/lib/python3.12/site-packages/airflow/example_dags/example_sensors.py
[2024-12-22T11:41:34.605+0000] {processor.py:925} INFO - DAG(s) 'example_sensors' retrieved from /home/airflow/.local/lib/python3.12/site-packages/airflow/example_dags/example_sensors.py
[2024-12-22T11:41:34.800+0000] {logging_mixin.py:190} INFO - [2024-12-22T11:41:34.799+0000] {dag.py:3239} INFO - Sync 1 DAGs
[2024-12-22T11:41:34.869+0000] {logging_mixin.py:190} INFO - [2024-12-22T11:41:34.868+0000] {dag.py:4180} INFO - Setting next_dagrun for example_sensors to None, run_after=None
[2024-12-22T11:41:34.955+0000] {processor.py:208} INFO - Processing /home/airflow/.local/lib/python3.12/site-packages/airflow/example_dags/example_sensors.py took 0.497 seconds
[2024-12-22T11:43:18.194+0000] {processor.py:186} INFO - Started process (PID=2683) to work on /home/airflow/.local/lib/python3.12/site-packages/airflow/example_dags/example_sensors.py
[2024-12-22T11:43:18.198+0000] {processor.py:914} INFO - Processing file /home/airflow/.local/lib/python3.12/site-packages/airflow/example_dags/example_sensors.py for tasks to queue
[2024-12-22T11:43:18.204+0000] {logging_mixin.py:190} INFO - [2024-12-22T11:43:18.202+0000] {dagbag.py:588} INFO - Filling up the DagBag from /home/airflow/.local/lib/python3.12/site-packages/airflow/example_dags/example_sensors.py
[2024-12-22T11:43:18.244+0000] {processor.py:925} INFO - DAG(s) 'example_sensors' retrieved from /home/airflow/.local/lib/python3.12/site-packages/airflow/example_dags/example_sensors.py
[2024-12-22T11:43:18.330+0000] {logging_mixin.py:190} INFO - [2024-12-22T11:43:18.329+0000] {dag.py:3239} INFO - Sync 1 DAGs
[2024-12-22T11:43:18.378+0000] {logging_mixin.py:190} INFO - [2024-12-22T11:43:18.377+0000] {dag.py:4180} INFO - Setting next_dagrun for example_sensors to None, run_after=None
[2024-12-22T11:43:18.436+0000] {processor.py:208} INFO - Processing /home/airflow/.local/lib/python3.12/site-packages/airflow/example_dags/example_sensors.py took 0.264 seconds
[2024-12-22T11:45:51.870+0000] {processor.py:186} INFO - Started process (PID=2751) to work on /home/airflow/.local/lib/python3.12/site-packages/airflow/example_dags/example_sensors.py
[2024-12-22T11:45:51.875+0000] {processor.py:914} INFO - Processing file /home/airflow/.local/lib/python3.12/site-packages/airflow/example_dags/example_sensors.py for tasks to queue
[2024-12-22T11:45:51.879+0000] {logging_mixin.py:190} INFO - [2024-12-22T11:45:51.878+0000] {dagbag.py:588} INFO - Filling up the DagBag from /home/airflow/.local/lib/python3.12/site-packages/airflow/example_dags/example_sensors.py
[2024-12-22T11:45:51.944+0000] {processor.py:925} INFO - DAG(s) 'example_sensors' retrieved from /home/airflow/.local/lib/python3.12/site-packages/airflow/example_dags/example_sensors.py
[2024-12-22T11:45:52.071+0000] {logging_mixin.py:190} INFO - [2024-12-22T11:45:52.071+0000] {dag.py:3239} INFO - Sync 1 DAGs
[2024-12-22T11:45:52.154+0000] {logging_mixin.py:190} INFO - [2024-12-22T11:45:52.153+0000] {dag.py:4180} INFO - Setting next_dagrun for example_sensors to None, run_after=None
[2024-12-22T11:45:52.294+0000] {processor.py:208} INFO - Processing /home/airflow/.local/lib/python3.12/site-packages/airflow/example_dags/example_sensors.py took 0.447 seconds
[2024-12-22T11:50:06.375+0000] {processor.py:186} INFO - Started process (PID=98) to work on /home/airflow/.local/lib/python3.12/site-packages/airflow/example_dags/example_sensors.py
[2024-12-22T11:50:06.377+0000] {processor.py:914} INFO - Processing file /home/airflow/.local/lib/python3.12/site-packages/airflow/example_dags/example_sensors.py for tasks to queue
[2024-12-22T11:50:06.380+0000] {logging_mixin.py:190} INFO - [2024-12-22T11:50:06.379+0000] {dagbag.py:588} INFO - Filling up the DagBag from /home/airflow/.local/lib/python3.12/site-packages/airflow/example_dags/example_sensors.py
[2024-12-22T11:50:06.394+0000] {processor.py:925} INFO - DAG(s) 'example_sensors' retrieved from /home/airflow/.local/lib/python3.12/site-packages/airflow/example_dags/example_sensors.py
[2024-12-22T11:50:06.431+0000] {logging_mixin.py:190} INFO - [2024-12-22T11:50:06.431+0000] {dag.py:3239} INFO - Sync 1 DAGs
[2024-12-22T11:50:06.450+0000] {logging_mixin.py:190} INFO - [2024-12-22T11:50:06.450+0000] {dag.py:4180} INFO - Setting next_dagrun for example_sensors to None, run_after=None
[2024-12-22T11:50:06.478+0000] {processor.py:208} INFO - Processing /home/airflow/.local/lib/python3.12/site-packages/airflow/example_dags/example_sensors.py took 0.110 seconds
[2024-12-22T11:50:37.810+0000] {processor.py:186} INFO - Started process (PID=163) to work on /home/airflow/.local/lib/python3.12/site-packages/airflow/example_dags/example_sensors.py
[2024-12-22T11:50:37.812+0000] {processor.py:914} INFO - Processing file /home/airflow/.local/lib/python3.12/site-packages/airflow/example_dags/example_sensors.py for tasks to queue
[2024-12-22T11:50:37.816+0000] {logging_mixin.py:190} INFO - [2024-12-22T11:50:37.815+0000] {dagbag.py:588} INFO - Filling up the DagBag from /home/airflow/.local/lib/python3.12/site-packages/airflow/example_dags/example_sensors.py
[2024-12-22T11:50:37.833+0000] {processor.py:925} INFO - DAG(s) 'example_sensors' retrieved from /home/airflow/.local/lib/python3.12/site-packages/airflow/example_dags/example_sensors.py
[2024-12-22T11:50:37.872+0000] {logging_mixin.py:190} INFO - [2024-12-22T11:50:37.872+0000] {dag.py:3239} INFO - Sync 1 DAGs
[2024-12-22T11:50:37.893+0000] {logging_mixin.py:190} INFO - [2024-12-22T11:50:37.893+0000] {dag.py:4180} INFO - Setting next_dagrun for example_sensors to None, run_after=None
[2024-12-22T11:50:37.918+0000] {processor.py:208} INFO - Processing /home/airflow/.local/lib/python3.12/site-packages/airflow/example_dags/example_sensors.py took 0.117 seconds
[2024-12-22T11:51:16.292+0000] {processor.py:186} INFO - Started process (PID=228) to work on /home/airflow/.local/lib/python3.12/site-packages/airflow/example_dags/example_sensors.py
[2024-12-22T11:51:16.293+0000] {processor.py:914} INFO - Processing file /home/airflow/.local/lib/python3.12/site-packages/airflow/example_dags/example_sensors.py for tasks to queue
[2024-12-22T11:51:16.297+0000] {logging_mixin.py:190} INFO - [2024-12-22T11:51:16.296+0000] {dagbag.py:588} INFO - Filling up the DagBag from /home/airflow/.local/lib/python3.12/site-packages/airflow/example_dags/example_sensors.py
[2024-12-22T11:51:16.312+0000] {processor.py:925} INFO - DAG(s) 'example_sensors' retrieved from /home/airflow/.local/lib/python3.12/site-packages/airflow/example_dags/example_sensors.py
[2024-12-22T11:51:16.341+0000] {logging_mixin.py:190} INFO - [2024-12-22T11:51:16.341+0000] {dag.py:3239} INFO - Sync 1 DAGs
[2024-12-22T11:51:16.357+0000] {logging_mixin.py:190} INFO - [2024-12-22T11:51:16.357+0000] {dag.py:4180} INFO - Setting next_dagrun for example_sensors to None, run_after=None
[2024-12-22T11:51:16.378+0000] {processor.py:208} INFO - Processing /home/airflow/.local/lib/python3.12/site-packages/airflow/example_dags/example_sensors.py took 0.094 seconds
[2024-12-22T11:51:47.955+0000] {processor.py:186} INFO - Started process (PID=299) to work on /home/airflow/.local/lib/python3.12/site-packages/airflow/example_dags/example_sensors.py
[2024-12-22T11:51:47.956+0000] {processor.py:914} INFO - Processing file /home/airflow/.local/lib/python3.12/site-packages/airflow/example_dags/example_sensors.py for tasks to queue
[2024-12-22T11:51:47.958+0000] {logging_mixin.py:190} INFO - [2024-12-22T11:51:47.958+0000] {dagbag.py:588} INFO - Filling up the DagBag from /home/airflow/.local/lib/python3.12/site-packages/airflow/example_dags/example_sensors.py
[2024-12-22T11:51:47.970+0000] {processor.py:925} INFO - DAG(s) 'example_sensors' retrieved from /home/airflow/.local/lib/python3.12/site-packages/airflow/example_dags/example_sensors.py
[2024-12-22T11:51:48.001+0000] {logging_mixin.py:190} INFO - [2024-12-22T11:51:48.001+0000] {dag.py:3239} INFO - Sync 1 DAGs
[2024-12-22T11:51:48.018+0000] {logging_mixin.py:190} INFO - [2024-12-22T11:51:48.018+0000] {dag.py:4180} INFO - Setting next_dagrun for example_sensors to None, run_after=None
[2024-12-22T11:51:48.040+0000] {processor.py:208} INFO - Processing /home/airflow/.local/lib/python3.12/site-packages/airflow/example_dags/example_sensors.py took 0.092 seconds
[2024-12-22T11:52:19.181+0000] {processor.py:186} INFO - Started process (PID=364) to work on /home/airflow/.local/lib/python3.12/site-packages/airflow/example_dags/example_sensors.py
[2024-12-22T11:52:19.182+0000] {processor.py:914} INFO - Processing file /home/airflow/.local/lib/python3.12/site-packages/airflow/example_dags/example_sensors.py for tasks to queue
[2024-12-22T11:52:19.185+0000] {logging_mixin.py:190} INFO - [2024-12-22T11:52:19.185+0000] {dagbag.py:588} INFO - Filling up the DagBag from /home/airflow/.local/lib/python3.12/site-packages/airflow/example_dags/example_sensors.py
[2024-12-22T11:52:19.208+0000] {processor.py:925} INFO - DAG(s) 'example_sensors' retrieved from /home/airflow/.local/lib/python3.12/site-packages/airflow/example_dags/example_sensors.py
[2024-12-22T11:52:19.244+0000] {logging_mixin.py:190} INFO - [2024-12-22T11:52:19.244+0000] {dag.py:3239} INFO - Sync 1 DAGs
[2024-12-22T11:52:19.261+0000] {logging_mixin.py:190} INFO - [2024-12-22T11:52:19.261+0000] {dag.py:4180} INFO - Setting next_dagrun for example_sensors to None, run_after=None
[2024-12-22T11:52:19.284+0000] {processor.py:208} INFO - Processing /home/airflow/.local/lib/python3.12/site-packages/airflow/example_dags/example_sensors.py took 0.110 seconds
[2024-12-22T11:52:51.055+0000] {processor.py:186} INFO - Started process (PID=429) to work on /home/airflow/.local/lib/python3.12/site-packages/airflow/example_dags/example_sensors.py
[2024-12-22T11:52:51.057+0000] {processor.py:914} INFO - Processing file /home/airflow/.local/lib/python3.12/site-packages/airflow/example_dags/example_sensors.py for tasks to queue
[2024-12-22T11:52:51.063+0000] {logging_mixin.py:190} INFO - [2024-12-22T11:52:51.062+0000] {dagbag.py:588} INFO - Filling up the DagBag from /home/airflow/.local/lib/python3.12/site-packages/airflow/example_dags/example_sensors.py
[2024-12-22T11:52:51.095+0000] {processor.py:925} INFO - DAG(s) 'example_sensors' retrieved from /home/airflow/.local/lib/python3.12/site-packages/airflow/example_dags/example_sensors.py
[2024-12-22T11:52:51.163+0000] {logging_mixin.py:190} INFO - [2024-12-22T11:52:51.162+0000] {dag.py:3239} INFO - Sync 1 DAGs
[2024-12-22T11:52:51.199+0000] {logging_mixin.py:190} INFO - [2024-12-22T11:52:51.198+0000] {dag.py:4180} INFO - Setting next_dagrun for example_sensors to None, run_after=None
[2024-12-22T11:52:51.269+0000] {processor.py:208} INFO - Processing /home/airflow/.local/lib/python3.12/site-packages/airflow/example_dags/example_sensors.py took 0.226 seconds
[2024-12-22T11:53:22.277+0000] {processor.py:186} INFO - Started process (PID=494) to work on /home/airflow/.local/lib/python3.12/site-packages/airflow/example_dags/example_sensors.py
[2024-12-22T11:53:22.278+0000] {processor.py:914} INFO - Processing file /home/airflow/.local/lib/python3.12/site-packages/airflow/example_dags/example_sensors.py for tasks to queue
[2024-12-22T11:53:22.281+0000] {logging_mixin.py:190} INFO - [2024-12-22T11:53:22.281+0000] {dagbag.py:588} INFO - Filling up the DagBag from /home/airflow/.local/lib/python3.12/site-packages/airflow/example_dags/example_sensors.py
[2024-12-22T11:53:22.295+0000] {processor.py:925} INFO - DAG(s) 'example_sensors' retrieved from /home/airflow/.local/lib/python3.12/site-packages/airflow/example_dags/example_sensors.py
[2024-12-22T11:53:22.328+0000] {logging_mixin.py:190} INFO - [2024-12-22T11:53:22.328+0000] {dag.py:3239} INFO - Sync 1 DAGs
[2024-12-22T11:53:22.347+0000] {logging_mixin.py:190} INFO - [2024-12-22T11:53:22.347+0000] {dag.py:4180} INFO - Setting next_dagrun for example_sensors to None, run_after=None
[2024-12-22T11:53:22.371+0000] {processor.py:208} INFO - Processing /home/airflow/.local/lib/python3.12/site-packages/airflow/example_dags/example_sensors.py took 0.101 seconds
[2024-12-22T11:53:54.271+0000] {processor.py:186} INFO - Started process (PID=559) to work on /home/airflow/.local/lib/python3.12/site-packages/airflow/example_dags/example_sensors.py
[2024-12-22T11:53:54.272+0000] {processor.py:914} INFO - Processing file /home/airflow/.local/lib/python3.12/site-packages/airflow/example_dags/example_sensors.py for tasks to queue
[2024-12-22T11:53:54.275+0000] {logging_mixin.py:190} INFO - [2024-12-22T11:53:54.275+0000] {dagbag.py:588} INFO - Filling up the DagBag from /home/airflow/.local/lib/python3.12/site-packages/airflow/example_dags/example_sensors.py
[2024-12-22T11:53:54.288+0000] {processor.py:925} INFO - DAG(s) 'example_sensors' retrieved from /home/airflow/.local/lib/python3.12/site-packages/airflow/example_dags/example_sensors.py
[2024-12-22T11:53:54.322+0000] {logging_mixin.py:190} INFO - [2024-12-22T11:53:54.321+0000] {dag.py:3239} INFO - Sync 1 DAGs
[2024-12-22T11:53:54.339+0000] {logging_mixin.py:190} INFO - [2024-12-22T11:53:54.339+0000] {dag.py:4180} INFO - Setting next_dagrun for example_sensors to None, run_after=None
[2024-12-22T11:53:54.361+0000] {processor.py:208} INFO - Processing /home/airflow/.local/lib/python3.12/site-packages/airflow/example_dags/example_sensors.py took 0.097 seconds
[2024-12-22T11:54:26.972+0000] {processor.py:186} INFO - Started process (PID=624) to work on /home/airflow/.local/lib/python3.12/site-packages/airflow/example_dags/example_sensors.py
[2024-12-22T11:54:26.978+0000] {processor.py:914} INFO - Processing file /home/airflow/.local/lib/python3.12/site-packages/airflow/example_dags/example_sensors.py for tasks to queue
[2024-12-22T11:54:26.981+0000] {logging_mixin.py:190} INFO - [2024-12-22T11:54:26.981+0000] {dagbag.py:588} INFO - Filling up the DagBag from /home/airflow/.local/lib/python3.12/site-packages/airflow/example_dags/example_sensors.py
[2024-12-22T11:54:26.999+0000] {processor.py:925} INFO - DAG(s) 'example_sensors' retrieved from /home/airflow/.local/lib/python3.12/site-packages/airflow/example_dags/example_sensors.py
[2024-12-22T11:54:27.043+0000] {logging_mixin.py:190} INFO - [2024-12-22T11:54:27.043+0000] {dag.py:3239} INFO - Sync 1 DAGs
[2024-12-22T11:54:27.072+0000] {logging_mixin.py:190} INFO - [2024-12-22T11:54:27.072+0000] {dag.py:4180} INFO - Setting next_dagrun for example_sensors to None, run_after=None
[2024-12-22T11:54:27.108+0000] {processor.py:208} INFO - Processing /home/airflow/.local/lib/python3.12/site-packages/airflow/example_dags/example_sensors.py took 0.146 seconds
[2024-12-22T11:54:58.152+0000] {processor.py:186} INFO - Started process (PID=689) to work on /home/airflow/.local/lib/python3.12/site-packages/airflow/example_dags/example_sensors.py
[2024-12-22T11:54:58.154+0000] {processor.py:914} INFO - Processing file /home/airflow/.local/lib/python3.12/site-packages/airflow/example_dags/example_sensors.py for tasks to queue
[2024-12-22T11:54:58.157+0000] {logging_mixin.py:190} INFO - [2024-12-22T11:54:58.157+0000] {dagbag.py:588} INFO - Filling up the DagBag from /home/airflow/.local/lib/python3.12/site-packages/airflow/example_dags/example_sensors.py
[2024-12-22T11:54:58.173+0000] {processor.py:925} INFO - DAG(s) 'example_sensors' retrieved from /home/airflow/.local/lib/python3.12/site-packages/airflow/example_dags/example_sensors.py
[2024-12-22T11:54:58.209+0000] {logging_mixin.py:190} INFO - [2024-12-22T11:54:58.208+0000] {dag.py:3239} INFO - Sync 1 DAGs
[2024-12-22T11:54:58.227+0000] {logging_mixin.py:190} INFO - [2024-12-22T11:54:58.227+0000] {dag.py:4180} INFO - Setting next_dagrun for example_sensors to None, run_after=None
[2024-12-22T11:54:58.249+0000] {processor.py:208} INFO - Processing /home/airflow/.local/lib/python3.12/site-packages/airflow/example_dags/example_sensors.py took 0.105 seconds
[2024-12-22T11:56:37.306+0000] {processor.py:186} INFO - Started process (PID=100) to work on /home/airflow/.local/lib/python3.12/site-packages/airflow/example_dags/example_sensors.py
[2024-12-22T11:56:37.307+0000] {processor.py:914} INFO - Processing file /home/airflow/.local/lib/python3.12/site-packages/airflow/example_dags/example_sensors.py for tasks to queue
[2024-12-22T11:56:37.311+0000] {logging_mixin.py:190} INFO - [2024-12-22T11:56:37.311+0000] {dagbag.py:588} INFO - Filling up the DagBag from /home/airflow/.local/lib/python3.12/site-packages/airflow/example_dags/example_sensors.py
[2024-12-22T11:56:37.330+0000] {processor.py:925} INFO - DAG(s) 'example_sensors' retrieved from /home/airflow/.local/lib/python3.12/site-packages/airflow/example_dags/example_sensors.py
[2024-12-22T11:56:37.377+0000] {logging_mixin.py:190} INFO - [2024-12-22T11:56:37.376+0000] {dag.py:3239} INFO - Sync 1 DAGs
[2024-12-22T11:56:37.402+0000] {logging_mixin.py:190} INFO - [2024-12-22T11:56:37.402+0000] {dag.py:4180} INFO - Setting next_dagrun for example_sensors to None, run_after=None
[2024-12-22T11:56:37.436+0000] {processor.py:208} INFO - Processing /home/airflow/.local/lib/python3.12/site-packages/airflow/example_dags/example_sensors.py took 0.140 seconds
[2024-12-22T11:57:10.128+0000] {processor.py:186} INFO - Started process (PID=166) to work on /home/airflow/.local/lib/python3.12/site-packages/airflow/example_dags/example_sensors.py
[2024-12-22T11:57:10.130+0000] {processor.py:914} INFO - Processing file /home/airflow/.local/lib/python3.12/site-packages/airflow/example_dags/example_sensors.py for tasks to queue
[2024-12-22T11:57:10.134+0000] {logging_mixin.py:190} INFO - [2024-12-22T11:57:10.134+0000] {dagbag.py:588} INFO - Filling up the DagBag from /home/airflow/.local/lib/python3.12/site-packages/airflow/example_dags/example_sensors.py
[2024-12-22T11:57:10.157+0000] {processor.py:925} INFO - DAG(s) 'example_sensors' retrieved from /home/airflow/.local/lib/python3.12/site-packages/airflow/example_dags/example_sensors.py
[2024-12-22T11:57:10.212+0000] {logging_mixin.py:190} INFO - [2024-12-22T11:57:10.211+0000] {dag.py:3239} INFO - Sync 1 DAGs
[2024-12-22T11:57:10.239+0000] {logging_mixin.py:190} INFO - [2024-12-22T11:57:10.239+0000] {dag.py:4180} INFO - Setting next_dagrun for example_sensors to None, run_after=None
[2024-12-22T11:57:10.274+0000] {processor.py:208} INFO - Processing /home/airflow/.local/lib/python3.12/site-packages/airflow/example_dags/example_sensors.py took 0.160 seconds
