[2024-12-22T11:18:02.794+0000] {processor.py:186} INFO - Started process (PID=105) to work on /home/airflow/.local/lib/python3.12/site-packages/airflow/example_dags/example_python_decorator.py
[2024-12-22T11:18:02.797+0000] {processor.py:914} INFO - Processing file /home/airflow/.local/lib/python3.12/site-packages/airflow/example_dags/example_python_decorator.py for tasks to queue
[2024-12-22T11:18:02.803+0000] {logging_mixin.py:190} INFO - [2024-12-22T11:18:02.802+0000] {dagbag.py:588} INFO - Filling up the DagBag from /home/airflow/.local/lib/python3.12/site-packages/airflow/example_dags/example_python_decorator.py
[2024-12-22T11:18:02.841+0000] {processor.py:925} INFO - DAG(s) 'example_python_decorator' retrieved from /home/airflow/.local/lib/python3.12/site-packages/airflow/example_dags/example_python_decorator.py
[2024-12-22T11:18:03.650+0000] {logging_mixin.py:190} INFO - [2024-12-22T11:18:03.650+0000] {dag.py:3239} INFO - Sync 1 DAGs
[2024-12-22T11:18:03.684+0000] {logging_mixin.py:190} INFO - [2024-12-22T11:18:03.683+0000] {dag.py:4180} INFO - Setting next_dagrun for example_python_decorator to None, run_after=None
[2024-12-22T11:18:03.733+0000] {processor.py:208} INFO - Processing /home/airflow/.local/lib/python3.12/site-packages/airflow/example_dags/example_python_decorator.py took 0.955 seconds
[2024-12-22T11:18:35.214+0000] {processor.py:186} INFO - Started process (PID=170) to work on /home/airflow/.local/lib/python3.12/site-packages/airflow/example_dags/example_python_decorator.py
[2024-12-22T11:18:35.217+0000] {processor.py:914} INFO - Processing file /home/airflow/.local/lib/python3.12/site-packages/airflow/example_dags/example_python_decorator.py for tasks to queue
[2024-12-22T11:18:35.223+0000] {logging_mixin.py:190} INFO - [2024-12-22T11:18:35.222+0000] {dagbag.py:588} INFO - Filling up the DagBag from /home/airflow/.local/lib/python3.12/site-packages/airflow/example_dags/example_python_decorator.py
[2024-12-22T11:18:35.285+0000] {processor.py:925} INFO - DAG(s) 'example_python_decorator' retrieved from /home/airflow/.local/lib/python3.12/site-packages/airflow/example_dags/example_python_decorator.py
[2024-12-22T11:18:35.337+0000] {logging_mixin.py:190} INFO - [2024-12-22T11:18:35.337+0000] {dag.py:3239} INFO - Sync 1 DAGs
[2024-12-22T11:18:35.373+0000] {logging_mixin.py:190} INFO - [2024-12-22T11:18:35.373+0000] {dag.py:4180} INFO - Setting next_dagrun for example_python_decorator to None, run_after=None
[2024-12-22T11:18:35.438+0000] {processor.py:208} INFO - Processing /home/airflow/.local/lib/python3.12/site-packages/airflow/example_dags/example_python_decorator.py took 0.241 seconds
[2024-12-22T11:19:09.521+0000] {processor.py:186} INFO - Started process (PID=235) to work on /home/airflow/.local/lib/python3.12/site-packages/airflow/example_dags/example_python_decorator.py
[2024-12-22T11:19:09.523+0000] {processor.py:914} INFO - Processing file /home/airflow/.local/lib/python3.12/site-packages/airflow/example_dags/example_python_decorator.py for tasks to queue
[2024-12-22T11:19:09.529+0000] {logging_mixin.py:190} INFO - [2024-12-22T11:19:09.528+0000] {dagbag.py:588} INFO - Filling up the DagBag from /home/airflow/.local/lib/python3.12/site-packages/airflow/example_dags/example_python_decorator.py
[2024-12-22T11:19:09.597+0000] {processor.py:925} INFO - DAG(s) 'example_python_decorator' retrieved from /home/airflow/.local/lib/python3.12/site-packages/airflow/example_dags/example_python_decorator.py
[2024-12-22T11:19:09.712+0000] {logging_mixin.py:190} INFO - [2024-12-22T11:19:09.711+0000] {dag.py:3239} INFO - Sync 1 DAGs
[2024-12-22T11:19:09.786+0000] {logging_mixin.py:190} INFO - [2024-12-22T11:19:09.785+0000] {dag.py:4180} INFO - Setting next_dagrun for example_python_decorator to None, run_after=None
[2024-12-22T11:19:10.702+0000] {processor.py:208} INFO - Processing /home/airflow/.local/lib/python3.12/site-packages/airflow/example_dags/example_python_decorator.py took 1.195 seconds
[2024-12-22T11:19:41.627+0000] {processor.py:186} INFO - Started process (PID=301) to work on /home/airflow/.local/lib/python3.12/site-packages/airflow/example_dags/example_python_decorator.py
[2024-12-22T11:19:41.632+0000] {processor.py:914} INFO - Processing file /home/airflow/.local/lib/python3.12/site-packages/airflow/example_dags/example_python_decorator.py for tasks to queue
[2024-12-22T11:19:41.638+0000] {logging_mixin.py:190} INFO - [2024-12-22T11:19:41.637+0000] {dagbag.py:588} INFO - Filling up the DagBag from /home/airflow/.local/lib/python3.12/site-packages/airflow/example_dags/example_python_decorator.py
[2024-12-22T11:19:41.698+0000] {processor.py:925} INFO - DAG(s) 'example_python_decorator' retrieved from /home/airflow/.local/lib/python3.12/site-packages/airflow/example_dags/example_python_decorator.py
[2024-12-22T11:19:41.779+0000] {logging_mixin.py:190} INFO - [2024-12-22T11:19:41.778+0000] {dag.py:3239} INFO - Sync 1 DAGs
[2024-12-22T11:19:41.831+0000] {logging_mixin.py:190} INFO - [2024-12-22T11:19:41.831+0000] {dag.py:4180} INFO - Setting next_dagrun for example_python_decorator to None, run_after=None
[2024-12-22T11:19:41.887+0000] {processor.py:208} INFO - Processing /home/airflow/.local/lib/python3.12/site-packages/airflow/example_dags/example_python_decorator.py took 0.291 seconds
[2024-12-22T11:20:21.286+0000] {processor.py:186} INFO - Started process (PID=367) to work on /home/airflow/.local/lib/python3.12/site-packages/airflow/example_dags/example_python_decorator.py
[2024-12-22T11:20:21.289+0000] {processor.py:914} INFO - Processing file /home/airflow/.local/lib/python3.12/site-packages/airflow/example_dags/example_python_decorator.py for tasks to queue
[2024-12-22T11:20:21.296+0000] {logging_mixin.py:190} INFO - [2024-12-22T11:20:21.295+0000] {dagbag.py:588} INFO - Filling up the DagBag from /home/airflow/.local/lib/python3.12/site-packages/airflow/example_dags/example_python_decorator.py
[2024-12-22T11:20:21.338+0000] {processor.py:925} INFO - DAG(s) 'example_python_decorator' retrieved from /home/airflow/.local/lib/python3.12/site-packages/airflow/example_dags/example_python_decorator.py
[2024-12-22T11:20:21.401+0000] {logging_mixin.py:190} INFO - [2024-12-22T11:20:21.400+0000] {dag.py:3239} INFO - Sync 1 DAGs
[2024-12-22T11:20:21.449+0000] {logging_mixin.py:190} INFO - [2024-12-22T11:20:21.448+0000] {dag.py:4180} INFO - Setting next_dagrun for example_python_decorator to None, run_after=None
[2024-12-22T11:20:22.415+0000] {processor.py:208} INFO - Processing /home/airflow/.local/lib/python3.12/site-packages/airflow/example_dags/example_python_decorator.py took 1.145 seconds
[2024-12-22T11:20:52.851+0000] {processor.py:186} INFO - Started process (PID=432) to work on /home/airflow/.local/lib/python3.12/site-packages/airflow/example_dags/example_python_decorator.py
[2024-12-22T11:20:52.854+0000] {processor.py:914} INFO - Processing file /home/airflow/.local/lib/python3.12/site-packages/airflow/example_dags/example_python_decorator.py for tasks to queue
[2024-12-22T11:20:52.869+0000] {logging_mixin.py:190} INFO - [2024-12-22T11:20:52.868+0000] {dagbag.py:588} INFO - Filling up the DagBag from /home/airflow/.local/lib/python3.12/site-packages/airflow/example_dags/example_python_decorator.py
[2024-12-22T11:20:52.946+0000] {processor.py:925} INFO - DAG(s) 'example_python_decorator' retrieved from /home/airflow/.local/lib/python3.12/site-packages/airflow/example_dags/example_python_decorator.py
[2024-12-22T11:20:53.056+0000] {logging_mixin.py:190} INFO - [2024-12-22T11:20:53.049+0000] {dag.py:3239} INFO - Sync 1 DAGs
[2024-12-22T11:20:53.165+0000] {logging_mixin.py:190} INFO - [2024-12-22T11:20:53.162+0000] {dag.py:4180} INFO - Setting next_dagrun for example_python_decorator to None, run_after=None
[2024-12-22T11:20:53.253+0000] {processor.py:208} INFO - Processing /home/airflow/.local/lib/python3.12/site-packages/airflow/example_dags/example_python_decorator.py took 0.428 seconds
[2024-12-22T11:21:31.326+0000] {processor.py:186} INFO - Started process (PID=497) to work on /home/airflow/.local/lib/python3.12/site-packages/airflow/example_dags/example_python_decorator.py
[2024-12-22T11:21:31.334+0000] {processor.py:914} INFO - Processing file /home/airflow/.local/lib/python3.12/site-packages/airflow/example_dags/example_python_decorator.py for tasks to queue
[2024-12-22T11:21:31.339+0000] {logging_mixin.py:190} INFO - [2024-12-22T11:21:31.338+0000] {dagbag.py:588} INFO - Filling up the DagBag from /home/airflow/.local/lib/python3.12/site-packages/airflow/example_dags/example_python_decorator.py
[2024-12-22T11:21:31.382+0000] {processor.py:925} INFO - DAG(s) 'example_python_decorator' retrieved from /home/airflow/.local/lib/python3.12/site-packages/airflow/example_dags/example_python_decorator.py
[2024-12-22T11:21:32.648+0000] {logging_mixin.py:190} INFO - [2024-12-22T11:21:32.643+0000] {dag.py:3239} INFO - Sync 1 DAGs
[2024-12-22T11:21:32.757+0000] {logging_mixin.py:190} INFO - [2024-12-22T11:21:32.755+0000] {dag.py:4180} INFO - Setting next_dagrun for example_python_decorator to None, run_after=None
[2024-12-22T11:21:32.821+0000] {processor.py:208} INFO - Processing /home/airflow/.local/lib/python3.12/site-packages/airflow/example_dags/example_python_decorator.py took 1.513 seconds
[2024-12-22T11:22:09.230+0000] {processor.py:186} INFO - Started process (PID=569) to work on /home/airflow/.local/lib/python3.12/site-packages/airflow/example_dags/example_python_decorator.py
[2024-12-22T11:22:09.234+0000] {processor.py:914} INFO - Processing file /home/airflow/.local/lib/python3.12/site-packages/airflow/example_dags/example_python_decorator.py for tasks to queue
[2024-12-22T11:22:09.249+0000] {logging_mixin.py:190} INFO - [2024-12-22T11:22:09.247+0000] {dagbag.py:588} INFO - Filling up the DagBag from /home/airflow/.local/lib/python3.12/site-packages/airflow/example_dags/example_python_decorator.py
[2024-12-22T11:22:09.290+0000] {processor.py:925} INFO - DAG(s) 'example_python_decorator' retrieved from /home/airflow/.local/lib/python3.12/site-packages/airflow/example_dags/example_python_decorator.py
[2024-12-22T11:22:09.351+0000] {logging_mixin.py:190} INFO - [2024-12-22T11:22:09.351+0000] {dag.py:3239} INFO - Sync 1 DAGs
[2024-12-22T11:22:09.392+0000] {logging_mixin.py:190} INFO - [2024-12-22T11:22:09.391+0000] {dag.py:4180} INFO - Setting next_dagrun for example_python_decorator to None, run_after=None
[2024-12-22T11:22:09.443+0000] {processor.py:208} INFO - Processing /home/airflow/.local/lib/python3.12/site-packages/airflow/example_dags/example_python_decorator.py took 0.232 seconds
[2024-12-22T11:22:41.533+0000] {processor.py:186} INFO - Started process (PID=634) to work on /home/airflow/.local/lib/python3.12/site-packages/airflow/example_dags/example_python_decorator.py
[2024-12-22T11:22:41.538+0000] {processor.py:914} INFO - Processing file /home/airflow/.local/lib/python3.12/site-packages/airflow/example_dags/example_python_decorator.py for tasks to queue
[2024-12-22T11:22:41.549+0000] {logging_mixin.py:190} INFO - [2024-12-22T11:22:41.548+0000] {dagbag.py:588} INFO - Filling up the DagBag from /home/airflow/.local/lib/python3.12/site-packages/airflow/example_dags/example_python_decorator.py
[2024-12-22T11:22:41.610+0000] {processor.py:925} INFO - DAG(s) 'example_python_decorator' retrieved from /home/airflow/.local/lib/python3.12/site-packages/airflow/example_dags/example_python_decorator.py
[2024-12-22T11:22:41.671+0000] {logging_mixin.py:190} INFO - [2024-12-22T11:22:41.670+0000] {dag.py:3239} INFO - Sync 1 DAGs
[2024-12-22T11:22:41.716+0000] {logging_mixin.py:190} INFO - [2024-12-22T11:22:41.716+0000] {dag.py:4180} INFO - Setting next_dagrun for example_python_decorator to None, run_after=None
[2024-12-22T11:22:42.162+0000] {processor.py:208} INFO - Processing /home/airflow/.local/lib/python3.12/site-packages/airflow/example_dags/example_python_decorator.py took 0.661 seconds
[2024-12-22T11:23:24.878+0000] {processor.py:186} INFO - Started process (PID=698) to work on /home/airflow/.local/lib/python3.12/site-packages/airflow/example_dags/example_python_decorator.py
[2024-12-22T11:23:24.882+0000] {processor.py:914} INFO - Processing file /home/airflow/.local/lib/python3.12/site-packages/airflow/example_dags/example_python_decorator.py for tasks to queue
[2024-12-22T11:23:24.893+0000] {logging_mixin.py:190} INFO - [2024-12-22T11:23:24.892+0000] {dagbag.py:588} INFO - Filling up the DagBag from /home/airflow/.local/lib/python3.12/site-packages/airflow/example_dags/example_python_decorator.py
[2024-12-22T11:23:26.074+0000] {processor.py:925} INFO - DAG(s) 'example_python_decorator' retrieved from /home/airflow/.local/lib/python3.12/site-packages/airflow/example_dags/example_python_decorator.py
[2024-12-22T11:23:26.199+0000] {logging_mixin.py:190} INFO - [2024-12-22T11:23:26.198+0000] {dag.py:3239} INFO - Sync 1 DAGs
[2024-12-22T11:23:26.255+0000] {logging_mixin.py:190} INFO - [2024-12-22T11:23:26.255+0000] {dag.py:4180} INFO - Setting next_dagrun for example_python_decorator to None, run_after=None
[2024-12-22T11:23:26.305+0000] {processor.py:208} INFO - Processing /home/airflow/.local/lib/python3.12/site-packages/airflow/example_dags/example_python_decorator.py took 1.455 seconds
[2024-12-22T11:23:57.651+0000] {processor.py:186} INFO - Started process (PID=765) to work on /home/airflow/.local/lib/python3.12/site-packages/airflow/example_dags/example_python_decorator.py
[2024-12-22T11:23:57.658+0000] {processor.py:914} INFO - Processing file /home/airflow/.local/lib/python3.12/site-packages/airflow/example_dags/example_python_decorator.py for tasks to queue
[2024-12-22T11:23:57.676+0000] {logging_mixin.py:190} INFO - [2024-12-22T11:23:57.675+0000] {dagbag.py:588} INFO - Filling up the DagBag from /home/airflow/.local/lib/python3.12/site-packages/airflow/example_dags/example_python_decorator.py
[2024-12-22T11:23:58.786+0000] {processor.py:925} INFO - DAG(s) 'example_python_decorator' retrieved from /home/airflow/.local/lib/python3.12/site-packages/airflow/example_dags/example_python_decorator.py
[2024-12-22T11:23:58.919+0000] {logging_mixin.py:190} INFO - [2024-12-22T11:23:58.919+0000] {dag.py:3239} INFO - Sync 1 DAGs
[2024-12-22T11:23:58.971+0000] {logging_mixin.py:190} INFO - [2024-12-22T11:23:58.970+0000] {dag.py:4180} INFO - Setting next_dagrun for example_python_decorator to None, run_after=None
[2024-12-22T11:24:00.028+0000] {processor.py:208} INFO - Processing /home/airflow/.local/lib/python3.12/site-packages/airflow/example_dags/example_python_decorator.py took 2.422 seconds
[2024-12-22T11:24:30.350+0000] {processor.py:186} INFO - Started process (PID=830) to work on /home/airflow/.local/lib/python3.12/site-packages/airflow/example_dags/example_python_decorator.py
[2024-12-22T11:24:30.455+0000] {processor.py:914} INFO - Processing file /home/airflow/.local/lib/python3.12/site-packages/airflow/example_dags/example_python_decorator.py for tasks to queue
[2024-12-22T11:24:30.464+0000] {logging_mixin.py:190} INFO - [2024-12-22T11:24:30.463+0000] {dagbag.py:588} INFO - Filling up the DagBag from /home/airflow/.local/lib/python3.12/site-packages/airflow/example_dags/example_python_decorator.py
[2024-12-22T11:24:30.526+0000] {processor.py:925} INFO - DAG(s) 'example_python_decorator' retrieved from /home/airflow/.local/lib/python3.12/site-packages/airflow/example_dags/example_python_decorator.py
[2024-12-22T11:24:30.621+0000] {logging_mixin.py:190} INFO - [2024-12-22T11:24:30.621+0000] {dag.py:3239} INFO - Sync 1 DAGs
[2024-12-22T11:24:30.671+0000] {logging_mixin.py:190} INFO - [2024-12-22T11:24:30.670+0000] {dag.py:4180} INFO - Setting next_dagrun for example_python_decorator to None, run_after=None
[2024-12-22T11:24:30.722+0000] {processor.py:208} INFO - Processing /home/airflow/.local/lib/python3.12/site-packages/airflow/example_dags/example_python_decorator.py took 0.389 seconds
[2024-12-22T11:25:02.699+0000] {processor.py:186} INFO - Started process (PID=895) to work on /home/airflow/.local/lib/python3.12/site-packages/airflow/example_dags/example_python_decorator.py
[2024-12-22T11:25:02.703+0000] {processor.py:914} INFO - Processing file /home/airflow/.local/lib/python3.12/site-packages/airflow/example_dags/example_python_decorator.py for tasks to queue
[2024-12-22T11:25:02.711+0000] {logging_mixin.py:190} INFO - [2024-12-22T11:25:02.710+0000] {dagbag.py:588} INFO - Filling up the DagBag from /home/airflow/.local/lib/python3.12/site-packages/airflow/example_dags/example_python_decorator.py
[2024-12-22T11:25:03.886+0000] {processor.py:925} INFO - DAG(s) 'example_python_decorator' retrieved from /home/airflow/.local/lib/python3.12/site-packages/airflow/example_dags/example_python_decorator.py
[2024-12-22T11:25:03.980+0000] {logging_mixin.py:190} INFO - [2024-12-22T11:25:03.979+0000] {dag.py:3239} INFO - Sync 1 DAGs
[2024-12-22T11:25:04.030+0000] {logging_mixin.py:190} INFO - [2024-12-22T11:25:04.030+0000] {dag.py:4180} INFO - Setting next_dagrun for example_python_decorator to None, run_after=None
[2024-12-22T11:25:04.095+0000] {processor.py:208} INFO - Processing /home/airflow/.local/lib/python3.12/site-packages/airflow/example_dags/example_python_decorator.py took 1.454 seconds
[2024-12-22T11:25:35.041+0000] {processor.py:186} INFO - Started process (PID=961) to work on /home/airflow/.local/lib/python3.12/site-packages/airflow/example_dags/example_python_decorator.py
[2024-12-22T11:25:35.045+0000] {processor.py:914} INFO - Processing file /home/airflow/.local/lib/python3.12/site-packages/airflow/example_dags/example_python_decorator.py for tasks to queue
[2024-12-22T11:25:35.060+0000] {logging_mixin.py:190} INFO - [2024-12-22T11:25:35.059+0000] {dagbag.py:588} INFO - Filling up the DagBag from /home/airflow/.local/lib/python3.12/site-packages/airflow/example_dags/example_python_decorator.py
[2024-12-22T11:25:35.115+0000] {processor.py:925} INFO - DAG(s) 'example_python_decorator' retrieved from /home/airflow/.local/lib/python3.12/site-packages/airflow/example_dags/example_python_decorator.py
[2024-12-22T11:25:35.206+0000] {logging_mixin.py:190} INFO - [2024-12-22T11:25:35.205+0000] {dag.py:3239} INFO - Sync 1 DAGs
[2024-12-22T11:25:35.265+0000] {logging_mixin.py:190} INFO - [2024-12-22T11:25:35.264+0000] {dag.py:4180} INFO - Setting next_dagrun for example_python_decorator to None, run_after=None
[2024-12-22T11:25:35.339+0000] {processor.py:208} INFO - Processing /home/airflow/.local/lib/python3.12/site-packages/airflow/example_dags/example_python_decorator.py took 0.332 seconds
[2024-12-22T11:26:33.648+0000] {processor.py:186} INFO - Started process (PID=1042) to work on /home/airflow/.local/lib/python3.12/site-packages/airflow/example_dags/example_python_decorator.py
[2024-12-22T11:26:33.651+0000] {processor.py:914} INFO - Processing file /home/airflow/.local/lib/python3.12/site-packages/airflow/example_dags/example_python_decorator.py for tasks to queue
[2024-12-22T11:26:33.660+0000] {logging_mixin.py:190} INFO - [2024-12-22T11:26:33.658+0000] {dagbag.py:588} INFO - Filling up the DagBag from /home/airflow/.local/lib/python3.12/site-packages/airflow/example_dags/example_python_decorator.py
[2024-12-22T11:26:33.719+0000] {processor.py:925} INFO - DAG(s) 'example_python_decorator' retrieved from /home/airflow/.local/lib/python3.12/site-packages/airflow/example_dags/example_python_decorator.py
[2024-12-22T11:26:33.787+0000] {logging_mixin.py:190} INFO - [2024-12-22T11:26:33.787+0000] {dag.py:3239} INFO - Sync 1 DAGs
[2024-12-22T11:26:33.836+0000] {logging_mixin.py:190} INFO - [2024-12-22T11:26:33.836+0000] {dag.py:4180} INFO - Setting next_dagrun for example_python_decorator to None, run_after=None
[2024-12-22T11:26:33.894+0000] {processor.py:208} INFO - Processing /home/airflow/.local/lib/python3.12/site-packages/airflow/example_dags/example_python_decorator.py took 0.270 seconds
[2024-12-22T11:27:09.704+0000] {processor.py:186} INFO - Started process (PID=1107) to work on /home/airflow/.local/lib/python3.12/site-packages/airflow/example_dags/example_python_decorator.py
[2024-12-22T11:27:09.706+0000] {processor.py:914} INFO - Processing file /home/airflow/.local/lib/python3.12/site-packages/airflow/example_dags/example_python_decorator.py for tasks to queue
[2024-12-22T11:27:09.709+0000] {logging_mixin.py:190} INFO - [2024-12-22T11:27:09.708+0000] {dagbag.py:588} INFO - Filling up the DagBag from /home/airflow/.local/lib/python3.12/site-packages/airflow/example_dags/example_python_decorator.py
[2024-12-22T11:27:09.753+0000] {processor.py:925} INFO - DAG(s) 'example_python_decorator' retrieved from /home/airflow/.local/lib/python3.12/site-packages/airflow/example_dags/example_python_decorator.py
[2024-12-22T11:27:09.808+0000] {logging_mixin.py:190} INFO - [2024-12-22T11:27:09.807+0000] {dag.py:3239} INFO - Sync 1 DAGs
[2024-12-22T11:27:09.849+0000] {logging_mixin.py:190} INFO - [2024-12-22T11:27:09.848+0000] {dag.py:4180} INFO - Setting next_dagrun for example_python_decorator to None, run_after=None
[2024-12-22T11:27:09.893+0000] {processor.py:208} INFO - Processing /home/airflow/.local/lib/python3.12/site-packages/airflow/example_dags/example_python_decorator.py took 0.203 seconds
[2024-12-22T11:27:48.571+0000] {processor.py:186} INFO - Started process (PID=1172) to work on /home/airflow/.local/lib/python3.12/site-packages/airflow/example_dags/example_python_decorator.py
[2024-12-22T11:27:48.574+0000] {processor.py:914} INFO - Processing file /home/airflow/.local/lib/python3.12/site-packages/airflow/example_dags/example_python_decorator.py for tasks to queue
[2024-12-22T11:27:48.578+0000] {logging_mixin.py:190} INFO - [2024-12-22T11:27:48.577+0000] {dagbag.py:588} INFO - Filling up the DagBag from /home/airflow/.local/lib/python3.12/site-packages/airflow/example_dags/example_python_decorator.py
[2024-12-22T11:27:48.617+0000] {processor.py:925} INFO - DAG(s) 'example_python_decorator' retrieved from /home/airflow/.local/lib/python3.12/site-packages/airflow/example_dags/example_python_decorator.py
[2024-12-22T11:27:48.677+0000] {logging_mixin.py:190} INFO - [2024-12-22T11:27:48.677+0000] {dag.py:3239} INFO - Sync 1 DAGs
[2024-12-22T11:27:48.727+0000] {logging_mixin.py:190} INFO - [2024-12-22T11:27:48.726+0000] {dag.py:4180} INFO - Setting next_dagrun for example_python_decorator to None, run_after=None
[2024-12-22T11:27:48.775+0000] {processor.py:208} INFO - Processing /home/airflow/.local/lib/python3.12/site-packages/airflow/example_dags/example_python_decorator.py took 0.218 seconds
[2024-12-22T11:28:27.838+0000] {processor.py:186} INFO - Started process (PID=1239) to work on /home/airflow/.local/lib/python3.12/site-packages/airflow/example_dags/example_python_decorator.py
[2024-12-22T11:28:27.840+0000] {processor.py:914} INFO - Processing file /home/airflow/.local/lib/python3.12/site-packages/airflow/example_dags/example_python_decorator.py for tasks to queue
[2024-12-22T11:28:27.844+0000] {logging_mixin.py:190} INFO - [2024-12-22T11:28:27.843+0000] {dagbag.py:588} INFO - Filling up the DagBag from /home/airflow/.local/lib/python3.12/site-packages/airflow/example_dags/example_python_decorator.py
[2024-12-22T11:28:27.921+0000] {processor.py:925} INFO - DAG(s) 'example_python_decorator' retrieved from /home/airflow/.local/lib/python3.12/site-packages/airflow/example_dags/example_python_decorator.py
[2024-12-22T11:28:28.015+0000] {logging_mixin.py:190} INFO - [2024-12-22T11:28:28.014+0000] {dag.py:3239} INFO - Sync 1 DAGs
[2024-12-22T11:28:28.104+0000] {logging_mixin.py:190} INFO - [2024-12-22T11:28:28.104+0000] {dag.py:4180} INFO - Setting next_dagrun for example_python_decorator to None, run_after=None
[2024-12-22T11:28:28.193+0000] {processor.py:208} INFO - Processing /home/airflow/.local/lib/python3.12/site-packages/airflow/example_dags/example_python_decorator.py took 0.369 seconds
[2024-12-22T11:29:03.201+0000] {processor.py:186} INFO - Started process (PID=1310) to work on /home/airflow/.local/lib/python3.12/site-packages/airflow/example_dags/example_python_decorator.py
[2024-12-22T11:29:03.208+0000] {processor.py:914} INFO - Processing file /home/airflow/.local/lib/python3.12/site-packages/airflow/example_dags/example_python_decorator.py for tasks to queue
[2024-12-22T11:29:03.223+0000] {logging_mixin.py:190} INFO - [2024-12-22T11:29:03.220+0000] {dagbag.py:588} INFO - Filling up the DagBag from /home/airflow/.local/lib/python3.12/site-packages/airflow/example_dags/example_python_decorator.py
[2024-12-22T11:29:03.334+0000] {processor.py:925} INFO - DAG(s) 'example_python_decorator' retrieved from /home/airflow/.local/lib/python3.12/site-packages/airflow/example_dags/example_python_decorator.py
[2024-12-22T11:29:03.442+0000] {logging_mixin.py:190} INFO - [2024-12-22T11:29:03.440+0000] {dag.py:3239} INFO - Sync 1 DAGs
[2024-12-22T11:29:03.514+0000] {logging_mixin.py:190} INFO - [2024-12-22T11:29:03.513+0000] {dag.py:4180} INFO - Setting next_dagrun for example_python_decorator to None, run_after=None
[2024-12-22T11:29:03.562+0000] {processor.py:208} INFO - Processing /home/airflow/.local/lib/python3.12/site-packages/airflow/example_dags/example_python_decorator.py took 0.426 seconds
[2024-12-22T11:29:38.023+0000] {processor.py:186} INFO - Started process (PID=1377) to work on /home/airflow/.local/lib/python3.12/site-packages/airflow/example_dags/example_python_decorator.py
[2024-12-22T11:29:38.027+0000] {processor.py:914} INFO - Processing file /home/airflow/.local/lib/python3.12/site-packages/airflow/example_dags/example_python_decorator.py for tasks to queue
[2024-12-22T11:29:38.032+0000] {logging_mixin.py:190} INFO - [2024-12-22T11:29:38.030+0000] {dagbag.py:588} INFO - Filling up the DagBag from /home/airflow/.local/lib/python3.12/site-packages/airflow/example_dags/example_python_decorator.py
[2024-12-22T11:29:38.085+0000] {processor.py:925} INFO - DAG(s) 'example_python_decorator' retrieved from /home/airflow/.local/lib/python3.12/site-packages/airflow/example_dags/example_python_decorator.py
[2024-12-22T11:29:38.160+0000] {logging_mixin.py:190} INFO - [2024-12-22T11:29:38.160+0000] {dag.py:3239} INFO - Sync 1 DAGs
[2024-12-22T11:29:38.223+0000] {logging_mixin.py:190} INFO - [2024-12-22T11:29:38.222+0000] {dag.py:4180} INFO - Setting next_dagrun for example_python_decorator to None, run_after=None
[2024-12-22T11:29:39.229+0000] {processor.py:208} INFO - Processing /home/airflow/.local/lib/python3.12/site-packages/airflow/example_dags/example_python_decorator.py took 1.228 seconds
[2024-12-22T11:30:11.691+0000] {processor.py:186} INFO - Started process (PID=1442) to work on /home/airflow/.local/lib/python3.12/site-packages/airflow/example_dags/example_python_decorator.py
[2024-12-22T11:30:11.695+0000] {processor.py:914} INFO - Processing file /home/airflow/.local/lib/python3.12/site-packages/airflow/example_dags/example_python_decorator.py for tasks to queue
[2024-12-22T11:30:11.701+0000] {logging_mixin.py:190} INFO - [2024-12-22T11:30:11.700+0000] {dagbag.py:588} INFO - Filling up the DagBag from /home/airflow/.local/lib/python3.12/site-packages/airflow/example_dags/example_python_decorator.py
[2024-12-22T11:30:11.796+0000] {processor.py:925} INFO - DAG(s) 'example_python_decorator' retrieved from /home/airflow/.local/lib/python3.12/site-packages/airflow/example_dags/example_python_decorator.py
[2024-12-22T11:30:11.874+0000] {logging_mixin.py:190} INFO - [2024-12-22T11:30:11.873+0000] {dag.py:3239} INFO - Sync 1 DAGs
[2024-12-22T11:30:11.920+0000] {logging_mixin.py:190} INFO - [2024-12-22T11:30:11.920+0000] {dag.py:4180} INFO - Setting next_dagrun for example_python_decorator to None, run_after=None
[2024-12-22T11:30:13.116+0000] {processor.py:208} INFO - Processing /home/airflow/.local/lib/python3.12/site-packages/airflow/example_dags/example_python_decorator.py took 1.446 seconds
[2024-12-22T11:30:44.951+0000] {processor.py:186} INFO - Started process (PID=1507) to work on /home/airflow/.local/lib/python3.12/site-packages/airflow/example_dags/example_python_decorator.py
[2024-12-22T11:30:44.956+0000] {processor.py:914} INFO - Processing file /home/airflow/.local/lib/python3.12/site-packages/airflow/example_dags/example_python_decorator.py for tasks to queue
[2024-12-22T11:30:44.963+0000] {logging_mixin.py:190} INFO - [2024-12-22T11:30:44.961+0000] {dagbag.py:588} INFO - Filling up the DagBag from /home/airflow/.local/lib/python3.12/site-packages/airflow/example_dags/example_python_decorator.py
[2024-12-22T11:30:45.047+0000] {processor.py:925} INFO - DAG(s) 'example_python_decorator' retrieved from /home/airflow/.local/lib/python3.12/site-packages/airflow/example_dags/example_python_decorator.py
[2024-12-22T11:30:45.153+0000] {logging_mixin.py:190} INFO - [2024-12-22T11:30:45.153+0000] {dag.py:3239} INFO - Sync 1 DAGs
[2024-12-22T11:30:45.214+0000] {logging_mixin.py:190} INFO - [2024-12-22T11:30:45.213+0000] {dag.py:4180} INFO - Setting next_dagrun for example_python_decorator to None, run_after=None
[2024-12-22T11:30:46.198+0000] {processor.py:208} INFO - Processing /home/airflow/.local/lib/python3.12/site-packages/airflow/example_dags/example_python_decorator.py took 1.285 seconds
[2024-12-22T11:31:17.015+0000] {processor.py:186} INFO - Started process (PID=1572) to work on /home/airflow/.local/lib/python3.12/site-packages/airflow/example_dags/example_python_decorator.py
[2024-12-22T11:31:17.017+0000] {processor.py:914} INFO - Processing file /home/airflow/.local/lib/python3.12/site-packages/airflow/example_dags/example_python_decorator.py for tasks to queue
[2024-12-22T11:31:17.020+0000] {logging_mixin.py:190} INFO - [2024-12-22T11:31:17.019+0000] {dagbag.py:588} INFO - Filling up the DagBag from /home/airflow/.local/lib/python3.12/site-packages/airflow/example_dags/example_python_decorator.py
[2024-12-22T11:31:17.060+0000] {processor.py:925} INFO - DAG(s) 'example_python_decorator' retrieved from /home/airflow/.local/lib/python3.12/site-packages/airflow/example_dags/example_python_decorator.py
[2024-12-22T11:31:17.126+0000] {logging_mixin.py:190} INFO - [2024-12-22T11:31:17.125+0000] {dag.py:3239} INFO - Sync 1 DAGs
[2024-12-22T11:31:17.177+0000] {logging_mixin.py:190} INFO - [2024-12-22T11:31:17.176+0000] {dag.py:4180} INFO - Setting next_dagrun for example_python_decorator to None, run_after=None
[2024-12-22T11:31:17.228+0000] {processor.py:208} INFO - Processing /home/airflow/.local/lib/python3.12/site-packages/airflow/example_dags/example_python_decorator.py took 0.228 seconds
[2024-12-22T11:31:52.518+0000] {processor.py:186} INFO - Started process (PID=1637) to work on /home/airflow/.local/lib/python3.12/site-packages/airflow/example_dags/example_python_decorator.py
[2024-12-22T11:31:52.521+0000] {processor.py:914} INFO - Processing file /home/airflow/.local/lib/python3.12/site-packages/airflow/example_dags/example_python_decorator.py for tasks to queue
[2024-12-22T11:31:52.525+0000] {logging_mixin.py:190} INFO - [2024-12-22T11:31:52.524+0000] {dagbag.py:588} INFO - Filling up the DagBag from /home/airflow/.local/lib/python3.12/site-packages/airflow/example_dags/example_python_decorator.py
[2024-12-22T11:31:52.570+0000] {processor.py:925} INFO - DAG(s) 'example_python_decorator' retrieved from /home/airflow/.local/lib/python3.12/site-packages/airflow/example_dags/example_python_decorator.py
[2024-12-22T11:31:52.638+0000] {logging_mixin.py:190} INFO - [2024-12-22T11:31:52.638+0000] {dag.py:3239} INFO - Sync 1 DAGs
[2024-12-22T11:31:52.688+0000] {logging_mixin.py:190} INFO - [2024-12-22T11:31:52.687+0000] {dag.py:4180} INFO - Setting next_dagrun for example_python_decorator to None, run_after=None
[2024-12-22T11:31:52.743+0000] {processor.py:208} INFO - Processing /home/airflow/.local/lib/python3.12/site-packages/airflow/example_dags/example_python_decorator.py took 0.243 seconds
[2024-12-22T11:32:32.156+0000] {processor.py:186} INFO - Started process (PID=1709) to work on /home/airflow/.local/lib/python3.12/site-packages/airflow/example_dags/example_python_decorator.py
[2024-12-22T11:32:32.158+0000] {processor.py:914} INFO - Processing file /home/airflow/.local/lib/python3.12/site-packages/airflow/example_dags/example_python_decorator.py for tasks to queue
[2024-12-22T11:32:32.162+0000] {logging_mixin.py:190} INFO - [2024-12-22T11:32:32.161+0000] {dagbag.py:588} INFO - Filling up the DagBag from /home/airflow/.local/lib/python3.12/site-packages/airflow/example_dags/example_python_decorator.py
[2024-12-22T11:32:32.199+0000] {processor.py:925} INFO - DAG(s) 'example_python_decorator' retrieved from /home/airflow/.local/lib/python3.12/site-packages/airflow/example_dags/example_python_decorator.py
[2024-12-22T11:32:32.260+0000] {logging_mixin.py:190} INFO - [2024-12-22T11:32:32.259+0000] {dag.py:3239} INFO - Sync 1 DAGs
[2024-12-22T11:32:32.308+0000] {logging_mixin.py:190} INFO - [2024-12-22T11:32:32.308+0000] {dag.py:4180} INFO - Setting next_dagrun for example_python_decorator to None, run_after=None
[2024-12-22T11:32:32.349+0000] {processor.py:208} INFO - Processing /home/airflow/.local/lib/python3.12/site-packages/airflow/example_dags/example_python_decorator.py took 0.210 seconds
[2024-12-22T11:33:07.529+0000] {processor.py:186} INFO - Started process (PID=1765) to work on /home/airflow/.local/lib/python3.12/site-packages/airflow/example_dags/example_python_decorator.py
[2024-12-22T11:33:07.531+0000] {processor.py:914} INFO - Processing file /home/airflow/.local/lib/python3.12/site-packages/airflow/example_dags/example_python_decorator.py for tasks to queue
[2024-12-22T11:33:07.536+0000] {logging_mixin.py:190} INFO - [2024-12-22T11:33:07.535+0000] {dagbag.py:588} INFO - Filling up the DagBag from /home/airflow/.local/lib/python3.12/site-packages/airflow/example_dags/example_python_decorator.py
[2024-12-22T11:33:07.612+0000] {processor.py:925} INFO - DAG(s) 'example_python_decorator' retrieved from /home/airflow/.local/lib/python3.12/site-packages/airflow/example_dags/example_python_decorator.py
[2024-12-22T11:33:07.722+0000] {logging_mixin.py:190} INFO - [2024-12-22T11:33:07.721+0000] {dag.py:3239} INFO - Sync 1 DAGs
[2024-12-22T11:33:07.770+0000] {logging_mixin.py:190} INFO - [2024-12-22T11:33:07.769+0000] {dag.py:4180} INFO - Setting next_dagrun for example_python_decorator to None, run_after=None
[2024-12-22T11:33:07.819+0000] {processor.py:208} INFO - Processing /home/airflow/.local/lib/python3.12/site-packages/airflow/example_dags/example_python_decorator.py took 0.308 seconds
[2024-12-22T11:33:48.280+0000] {processor.py:186} INFO - Started process (PID=1829) to work on /home/airflow/.local/lib/python3.12/site-packages/airflow/example_dags/example_python_decorator.py
[2024-12-22T11:33:48.282+0000] {processor.py:914} INFO - Processing file /home/airflow/.local/lib/python3.12/site-packages/airflow/example_dags/example_python_decorator.py for tasks to queue
[2024-12-22T11:33:48.287+0000] {logging_mixin.py:190} INFO - [2024-12-22T11:33:48.286+0000] {dagbag.py:588} INFO - Filling up the DagBag from /home/airflow/.local/lib/python3.12/site-packages/airflow/example_dags/example_python_decorator.py
[2024-12-22T11:33:48.338+0000] {processor.py:925} INFO - DAG(s) 'example_python_decorator' retrieved from /home/airflow/.local/lib/python3.12/site-packages/airflow/example_dags/example_python_decorator.py
[2024-12-22T11:33:48.412+0000] {logging_mixin.py:190} INFO - [2024-12-22T11:33:48.411+0000] {dag.py:3239} INFO - Sync 1 DAGs
[2024-12-22T11:33:48.469+0000] {logging_mixin.py:190} INFO - [2024-12-22T11:33:48.469+0000] {dag.py:4180} INFO - Setting next_dagrun for example_python_decorator to None, run_after=None
[2024-12-22T11:33:48.520+0000] {processor.py:208} INFO - Processing /home/airflow/.local/lib/python3.12/site-packages/airflow/example_dags/example_python_decorator.py took 0.261 seconds
[2024-12-22T11:34:26.566+0000] {processor.py:186} INFO - Started process (PID=1894) to work on /home/airflow/.local/lib/python3.12/site-packages/airflow/example_dags/example_python_decorator.py
[2024-12-22T11:34:26.569+0000] {processor.py:914} INFO - Processing file /home/airflow/.local/lib/python3.12/site-packages/airflow/example_dags/example_python_decorator.py for tasks to queue
[2024-12-22T11:34:26.573+0000] {logging_mixin.py:190} INFO - [2024-12-22T11:34:26.572+0000] {dagbag.py:588} INFO - Filling up the DagBag from /home/airflow/.local/lib/python3.12/site-packages/airflow/example_dags/example_python_decorator.py
[2024-12-22T11:34:26.612+0000] {processor.py:925} INFO - DAG(s) 'example_python_decorator' retrieved from /home/airflow/.local/lib/python3.12/site-packages/airflow/example_dags/example_python_decorator.py
[2024-12-22T11:34:26.670+0000] {logging_mixin.py:190} INFO - [2024-12-22T11:34:26.669+0000] {dag.py:3239} INFO - Sync 1 DAGs
[2024-12-22T11:34:26.715+0000] {logging_mixin.py:190} INFO - [2024-12-22T11:34:26.715+0000] {dag.py:4180} INFO - Setting next_dagrun for example_python_decorator to None, run_after=None
[2024-12-22T11:34:26.780+0000] {processor.py:208} INFO - Processing /home/airflow/.local/lib/python3.12/site-packages/airflow/example_dags/example_python_decorator.py took 0.235 seconds
[2024-12-22T11:35:02.401+0000] {processor.py:186} INFO - Started process (PID=1967) to work on /home/airflow/.local/lib/python3.12/site-packages/airflow/example_dags/example_python_decorator.py
[2024-12-22T11:35:02.404+0000] {processor.py:914} INFO - Processing file /home/airflow/.local/lib/python3.12/site-packages/airflow/example_dags/example_python_decorator.py for tasks to queue
[2024-12-22T11:35:02.407+0000] {logging_mixin.py:190} INFO - [2024-12-22T11:35:02.406+0000] {dagbag.py:588} INFO - Filling up the DagBag from /home/airflow/.local/lib/python3.12/site-packages/airflow/example_dags/example_python_decorator.py
[2024-12-22T11:35:02.457+0000] {processor.py:925} INFO - DAG(s) 'example_python_decorator' retrieved from /home/airflow/.local/lib/python3.12/site-packages/airflow/example_dags/example_python_decorator.py
[2024-12-22T11:35:02.523+0000] {logging_mixin.py:190} INFO - [2024-12-22T11:35:02.523+0000] {dag.py:3239} INFO - Sync 1 DAGs
[2024-12-22T11:35:02.587+0000] {logging_mixin.py:190} INFO - [2024-12-22T11:35:02.587+0000] {dag.py:4180} INFO - Setting next_dagrun for example_python_decorator to None, run_after=None
[2024-12-22T11:35:02.650+0000] {processor.py:208} INFO - Processing /home/airflow/.local/lib/python3.12/site-packages/airflow/example_dags/example_python_decorator.py took 0.267 seconds
[2024-12-22T11:35:38.313+0000] {processor.py:186} INFO - Started process (PID=2032) to work on /home/airflow/.local/lib/python3.12/site-packages/airflow/example_dags/example_python_decorator.py
[2024-12-22T11:35:38.316+0000] {processor.py:914} INFO - Processing file /home/airflow/.local/lib/python3.12/site-packages/airflow/example_dags/example_python_decorator.py for tasks to queue
[2024-12-22T11:35:38.321+0000] {logging_mixin.py:190} INFO - [2024-12-22T11:35:38.320+0000] {dagbag.py:588} INFO - Filling up the DagBag from /home/airflow/.local/lib/python3.12/site-packages/airflow/example_dags/example_python_decorator.py
[2024-12-22T11:35:38.375+0000] {processor.py:925} INFO - DAG(s) 'example_python_decorator' retrieved from /home/airflow/.local/lib/python3.12/site-packages/airflow/example_dags/example_python_decorator.py
[2024-12-22T11:35:38.453+0000] {logging_mixin.py:190} INFO - [2024-12-22T11:35:38.452+0000] {dag.py:3239} INFO - Sync 1 DAGs
[2024-12-22T11:35:38.493+0000] {logging_mixin.py:190} INFO - [2024-12-22T11:35:38.493+0000] {dag.py:4180} INFO - Setting next_dagrun for example_python_decorator to None, run_after=None
[2024-12-22T11:35:38.546+0000] {processor.py:208} INFO - Processing /home/airflow/.local/lib/python3.12/site-packages/airflow/example_dags/example_python_decorator.py took 0.251 seconds
[2024-12-22T11:36:34.695+0000] {processor.py:186} INFO - Started process (PID=2096) to work on /home/airflow/.local/lib/python3.12/site-packages/airflow/example_dags/example_python_decorator.py
[2024-12-22T11:36:34.698+0000] {processor.py:914} INFO - Processing file /home/airflow/.local/lib/python3.12/site-packages/airflow/example_dags/example_python_decorator.py for tasks to queue
[2024-12-22T11:36:34.713+0000] {logging_mixin.py:190} INFO - [2024-12-22T11:36:34.701+0000] {dagbag.py:588} INFO - Filling up the DagBag from /home/airflow/.local/lib/python3.12/site-packages/airflow/example_dags/example_python_decorator.py
[2024-12-22T11:36:34.785+0000] {processor.py:925} INFO - DAG(s) 'example_python_decorator' retrieved from /home/airflow/.local/lib/python3.12/site-packages/airflow/example_dags/example_python_decorator.py
[2024-12-22T11:36:34.849+0000] {logging_mixin.py:190} INFO - [2024-12-22T11:36:34.849+0000] {dag.py:3239} INFO - Sync 1 DAGs
[2024-12-22T11:36:34.888+0000] {logging_mixin.py:190} INFO - [2024-12-22T11:36:34.887+0000] {dag.py:4180} INFO - Setting next_dagrun for example_python_decorator to None, run_after=None
[2024-12-22T11:36:34.956+0000] {processor.py:208} INFO - Processing /home/airflow/.local/lib/python3.12/site-packages/airflow/example_dags/example_python_decorator.py took 0.302 seconds
[2024-12-22T11:37:08.636+0000] {processor.py:186} INFO - Started process (PID=2161) to work on /home/airflow/.local/lib/python3.12/site-packages/airflow/example_dags/example_python_decorator.py
[2024-12-22T11:37:08.675+0000] {processor.py:914} INFO - Processing file /home/airflow/.local/lib/python3.12/site-packages/airflow/example_dags/example_python_decorator.py for tasks to queue
[2024-12-22T11:37:08.681+0000] {logging_mixin.py:190} INFO - [2024-12-22T11:37:08.679+0000] {dagbag.py:588} INFO - Filling up the DagBag from /home/airflow/.local/lib/python3.12/site-packages/airflow/example_dags/example_python_decorator.py
[2024-12-22T11:37:08.725+0000] {processor.py:925} INFO - DAG(s) 'example_python_decorator' retrieved from /home/airflow/.local/lib/python3.12/site-packages/airflow/example_dags/example_python_decorator.py
[2024-12-22T11:37:08.785+0000] {logging_mixin.py:190} INFO - [2024-12-22T11:37:08.784+0000] {dag.py:3239} INFO - Sync 1 DAGs
[2024-12-22T11:37:08.857+0000] {logging_mixin.py:190} INFO - [2024-12-22T11:37:08.855+0000] {dag.py:4180} INFO - Setting next_dagrun for example_python_decorator to None, run_after=None
[2024-12-22T11:37:08.953+0000] {processor.py:208} INFO - Processing /home/airflow/.local/lib/python3.12/site-packages/airflow/example_dags/example_python_decorator.py took 0.352 seconds
[2024-12-22T11:37:40.990+0000] {processor.py:186} INFO - Started process (PID=2226) to work on /home/airflow/.local/lib/python3.12/site-packages/airflow/example_dags/example_python_decorator.py
[2024-12-22T11:37:40.993+0000] {processor.py:914} INFO - Processing file /home/airflow/.local/lib/python3.12/site-packages/airflow/example_dags/example_python_decorator.py for tasks to queue
[2024-12-22T11:37:40.998+0000] {logging_mixin.py:190} INFO - [2024-12-22T11:37:40.997+0000] {dagbag.py:588} INFO - Filling up the DagBag from /home/airflow/.local/lib/python3.12/site-packages/airflow/example_dags/example_python_decorator.py
[2024-12-22T11:37:41.050+0000] {processor.py:925} INFO - DAG(s) 'example_python_decorator' retrieved from /home/airflow/.local/lib/python3.12/site-packages/airflow/example_dags/example_python_decorator.py
[2024-12-22T11:37:41.104+0000] {logging_mixin.py:190} INFO - [2024-12-22T11:37:41.104+0000] {dag.py:3239} INFO - Sync 1 DAGs
[2024-12-22T11:37:41.147+0000] {logging_mixin.py:190} INFO - [2024-12-22T11:37:41.147+0000] {dag.py:4180} INFO - Setting next_dagrun for example_python_decorator to None, run_after=None
[2024-12-22T11:37:41.194+0000] {processor.py:208} INFO - Processing /home/airflow/.local/lib/python3.12/site-packages/airflow/example_dags/example_python_decorator.py took 0.223 seconds
[2024-12-22T11:38:19.332+0000] {processor.py:186} INFO - Started process (PID=2282) to work on /home/airflow/.local/lib/python3.12/site-packages/airflow/example_dags/example_python_decorator.py
[2024-12-22T11:38:19.334+0000] {processor.py:914} INFO - Processing file /home/airflow/.local/lib/python3.12/site-packages/airflow/example_dags/example_python_decorator.py for tasks to queue
[2024-12-22T11:38:19.338+0000] {logging_mixin.py:190} INFO - [2024-12-22T11:38:19.337+0000] {dagbag.py:588} INFO - Filling up the DagBag from /home/airflow/.local/lib/python3.12/site-packages/airflow/example_dags/example_python_decorator.py
[2024-12-22T11:38:19.403+0000] {processor.py:925} INFO - DAG(s) 'example_python_decorator' retrieved from /home/airflow/.local/lib/python3.12/site-packages/airflow/example_dags/example_python_decorator.py
[2024-12-22T11:38:19.487+0000] {logging_mixin.py:190} INFO - [2024-12-22T11:38:19.486+0000] {dag.py:3239} INFO - Sync 1 DAGs
[2024-12-22T11:38:19.549+0000] {logging_mixin.py:190} INFO - [2024-12-22T11:38:19.548+0000] {dag.py:4180} INFO - Setting next_dagrun for example_python_decorator to None, run_after=None
[2024-12-22T11:38:19.609+0000] {processor.py:208} INFO - Processing /home/airflow/.local/lib/python3.12/site-packages/airflow/example_dags/example_python_decorator.py took 0.297 seconds
[2024-12-22T11:39:00.828+0000] {processor.py:186} INFO - Started process (PID=2347) to work on /home/airflow/.local/lib/python3.12/site-packages/airflow/example_dags/example_python_decorator.py
[2024-12-22T11:39:00.831+0000] {processor.py:914} INFO - Processing file /home/airflow/.local/lib/python3.12/site-packages/airflow/example_dags/example_python_decorator.py for tasks to queue
[2024-12-22T11:39:00.834+0000] {logging_mixin.py:190} INFO - [2024-12-22T11:39:00.833+0000] {dagbag.py:588} INFO - Filling up the DagBag from /home/airflow/.local/lib/python3.12/site-packages/airflow/example_dags/example_python_decorator.py
[2024-12-22T11:39:00.869+0000] {processor.py:925} INFO - DAG(s) 'example_python_decorator' retrieved from /home/airflow/.local/lib/python3.12/site-packages/airflow/example_dags/example_python_decorator.py
[2024-12-22T11:39:00.923+0000] {logging_mixin.py:190} INFO - [2024-12-22T11:39:00.923+0000] {dag.py:3239} INFO - Sync 1 DAGs
[2024-12-22T11:39:00.993+0000] {logging_mixin.py:190} INFO - [2024-12-22T11:39:00.991+0000] {dag.py:4180} INFO - Setting next_dagrun for example_python_decorator to None, run_after=None
[2024-12-22T11:39:01.083+0000] {processor.py:208} INFO - Processing /home/airflow/.local/lib/python3.12/site-packages/airflow/example_dags/example_python_decorator.py took 0.273 seconds
[2024-12-22T11:39:37.405+0000] {processor.py:186} INFO - Started process (PID=2417) to work on /home/airflow/.local/lib/python3.12/site-packages/airflow/example_dags/example_python_decorator.py
[2024-12-22T11:39:37.408+0000] {processor.py:914} INFO - Processing file /home/airflow/.local/lib/python3.12/site-packages/airflow/example_dags/example_python_decorator.py for tasks to queue
[2024-12-22T11:39:37.411+0000] {logging_mixin.py:190} INFO - [2024-12-22T11:39:37.411+0000] {dagbag.py:588} INFO - Filling up the DagBag from /home/airflow/.local/lib/python3.12/site-packages/airflow/example_dags/example_python_decorator.py
[2024-12-22T11:39:37.456+0000] {processor.py:925} INFO - DAG(s) 'example_python_decorator' retrieved from /home/airflow/.local/lib/python3.12/site-packages/airflow/example_dags/example_python_decorator.py
[2024-12-22T11:39:37.517+0000] {logging_mixin.py:190} INFO - [2024-12-22T11:39:37.517+0000] {dag.py:3239} INFO - Sync 1 DAGs
[2024-12-22T11:39:37.561+0000] {logging_mixin.py:190} INFO - [2024-12-22T11:39:37.561+0000] {dag.py:4180} INFO - Setting next_dagrun for example_python_decorator to None, run_after=None
[2024-12-22T11:39:37.606+0000] {processor.py:208} INFO - Processing /home/airflow/.local/lib/python3.12/site-packages/airflow/example_dags/example_python_decorator.py took 0.219 seconds
[2024-12-22T11:40:18.471+0000] {processor.py:186} INFO - Started process (PID=2484) to work on /home/airflow/.local/lib/python3.12/site-packages/airflow/example_dags/example_python_decorator.py
[2024-12-22T11:40:18.474+0000] {processor.py:914} INFO - Processing file /home/airflow/.local/lib/python3.12/site-packages/airflow/example_dags/example_python_decorator.py for tasks to queue
[2024-12-22T11:40:18.479+0000] {logging_mixin.py:190} INFO - [2024-12-22T11:40:18.477+0000] {dagbag.py:588} INFO - Filling up the DagBag from /home/airflow/.local/lib/python3.12/site-packages/airflow/example_dags/example_python_decorator.py
[2024-12-22T11:40:18.523+0000] {processor.py:925} INFO - DAG(s) 'example_python_decorator' retrieved from /home/airflow/.local/lib/python3.12/site-packages/airflow/example_dags/example_python_decorator.py
[2024-12-22T11:40:18.583+0000] {logging_mixin.py:190} INFO - [2024-12-22T11:40:18.583+0000] {dag.py:3239} INFO - Sync 1 DAGs
[2024-12-22T11:40:18.659+0000] {logging_mixin.py:190} INFO - [2024-12-22T11:40:18.658+0000] {dag.py:4180} INFO - Setting next_dagrun for example_python_decorator to None, run_after=None
[2024-12-22T11:40:18.720+0000] {processor.py:208} INFO - Processing /home/airflow/.local/lib/python3.12/site-packages/airflow/example_dags/example_python_decorator.py took 0.270 seconds
[2024-12-22T11:40:57.798+0000] {processor.py:186} INFO - Started process (PID=2549) to work on /home/airflow/.local/lib/python3.12/site-packages/airflow/example_dags/example_python_decorator.py
[2024-12-22T11:40:57.801+0000] {processor.py:914} INFO - Processing file /home/airflow/.local/lib/python3.12/site-packages/airflow/example_dags/example_python_decorator.py for tasks to queue
[2024-12-22T11:40:57.805+0000] {logging_mixin.py:190} INFO - [2024-12-22T11:40:57.804+0000] {dagbag.py:588} INFO - Filling up the DagBag from /home/airflow/.local/lib/python3.12/site-packages/airflow/example_dags/example_python_decorator.py
[2024-12-22T11:40:57.853+0000] {processor.py:925} INFO - DAG(s) 'example_python_decorator' retrieved from /home/airflow/.local/lib/python3.12/site-packages/airflow/example_dags/example_python_decorator.py
[2024-12-22T11:40:57.949+0000] {logging_mixin.py:190} INFO - [2024-12-22T11:40:57.948+0000] {dag.py:3239} INFO - Sync 1 DAGs
[2024-12-22T11:40:58.008+0000] {logging_mixin.py:190} INFO - [2024-12-22T11:40:58.007+0000] {dag.py:4180} INFO - Setting next_dagrun for example_python_decorator to None, run_after=None
[2024-12-22T11:40:58.063+0000] {processor.py:208} INFO - Processing /home/airflow/.local/lib/python3.12/site-packages/airflow/example_dags/example_python_decorator.py took 0.285 seconds
[2024-12-22T11:41:34.411+0000] {processor.py:186} INFO - Started process (PID=2620) to work on /home/airflow/.local/lib/python3.12/site-packages/airflow/example_dags/example_python_decorator.py
[2024-12-22T11:41:34.431+0000] {processor.py:914} INFO - Processing file /home/airflow/.local/lib/python3.12/site-packages/airflow/example_dags/example_python_decorator.py for tasks to queue
[2024-12-22T11:41:34.446+0000] {logging_mixin.py:190} INFO - [2024-12-22T11:41:34.444+0000] {dagbag.py:588} INFO - Filling up the DagBag from /home/airflow/.local/lib/python3.12/site-packages/airflow/example_dags/example_python_decorator.py
[2024-12-22T11:41:34.580+0000] {processor.py:925} INFO - DAG(s) 'example_python_decorator' retrieved from /home/airflow/.local/lib/python3.12/site-packages/airflow/example_dags/example_python_decorator.py
[2024-12-22T11:41:34.752+0000] {logging_mixin.py:190} INFO - [2024-12-22T11:41:34.751+0000] {dag.py:3239} INFO - Sync 1 DAGs
[2024-12-22T11:41:34.823+0000] {logging_mixin.py:190} INFO - [2024-12-22T11:41:34.822+0000] {dag.py:4180} INFO - Setting next_dagrun for example_python_decorator to None, run_after=None
[2024-12-22T11:41:34.894+0000] {processor.py:208} INFO - Processing /home/airflow/.local/lib/python3.12/site-packages/airflow/example_dags/example_python_decorator.py took 0.519 seconds
[2024-12-22T11:43:17.916+0000] {processor.py:186} INFO - Started process (PID=2682) to work on /home/airflow/.local/lib/python3.12/site-packages/airflow/example_dags/example_python_decorator.py
[2024-12-22T11:43:17.920+0000] {processor.py:914} INFO - Processing file /home/airflow/.local/lib/python3.12/site-packages/airflow/example_dags/example_python_decorator.py for tasks to queue
[2024-12-22T11:43:17.923+0000] {logging_mixin.py:190} INFO - [2024-12-22T11:43:17.922+0000] {dagbag.py:588} INFO - Filling up the DagBag from /home/airflow/.local/lib/python3.12/site-packages/airflow/example_dags/example_python_decorator.py
[2024-12-22T11:43:17.964+0000] {processor.py:925} INFO - DAG(s) 'example_python_decorator' retrieved from /home/airflow/.local/lib/python3.12/site-packages/airflow/example_dags/example_python_decorator.py
[2024-12-22T11:43:18.020+0000] {logging_mixin.py:190} INFO - [2024-12-22T11:43:18.019+0000] {dag.py:3239} INFO - Sync 1 DAGs
[2024-12-22T11:43:18.074+0000] {logging_mixin.py:190} INFO - [2024-12-22T11:43:18.074+0000] {dag.py:4180} INFO - Setting next_dagrun for example_python_decorator to None, run_after=None
[2024-12-22T11:43:18.136+0000] {processor.py:208} INFO - Processing /home/airflow/.local/lib/python3.12/site-packages/airflow/example_dags/example_python_decorator.py took 0.236 seconds
[2024-12-22T11:45:51.296+0000] {processor.py:186} INFO - Started process (PID=2750) to work on /home/airflow/.local/lib/python3.12/site-packages/airflow/example_dags/example_python_decorator.py
[2024-12-22T11:45:51.299+0000] {processor.py:914} INFO - Processing file /home/airflow/.local/lib/python3.12/site-packages/airflow/example_dags/example_python_decorator.py for tasks to queue
[2024-12-22T11:45:51.307+0000] {logging_mixin.py:190} INFO - [2024-12-22T11:45:51.305+0000] {dagbag.py:588} INFO - Filling up the DagBag from /home/airflow/.local/lib/python3.12/site-packages/airflow/example_dags/example_python_decorator.py
[2024-12-22T11:45:51.402+0000] {processor.py:925} INFO - DAG(s) 'example_python_decorator' retrieved from /home/airflow/.local/lib/python3.12/site-packages/airflow/example_dags/example_python_decorator.py
[2024-12-22T11:45:51.535+0000] {logging_mixin.py:190} INFO - [2024-12-22T11:45:51.534+0000] {dag.py:3239} INFO - Sync 1 DAGs
[2024-12-22T11:45:51.612+0000] {logging_mixin.py:190} INFO - [2024-12-22T11:45:51.611+0000] {dag.py:4180} INFO - Setting next_dagrun for example_python_decorator to None, run_after=None
[2024-12-22T11:45:51.705+0000] {processor.py:208} INFO - Processing /home/airflow/.local/lib/python3.12/site-packages/airflow/example_dags/example_python_decorator.py took 0.436 seconds
[2024-12-22T11:50:06.219+0000] {processor.py:186} INFO - Started process (PID=97) to work on /home/airflow/.local/lib/python3.12/site-packages/airflow/example_dags/example_python_decorator.py
[2024-12-22T11:50:06.221+0000] {processor.py:914} INFO - Processing file /home/airflow/.local/lib/python3.12/site-packages/airflow/example_dags/example_python_decorator.py for tasks to queue
[2024-12-22T11:50:06.226+0000] {logging_mixin.py:190} INFO - [2024-12-22T11:50:06.224+0000] {dagbag.py:588} INFO - Filling up the DagBag from /home/airflow/.local/lib/python3.12/site-packages/airflow/example_dags/example_python_decorator.py
[2024-12-22T11:50:06.257+0000] {processor.py:925} INFO - DAG(s) 'example_python_decorator' retrieved from /home/airflow/.local/lib/python3.12/site-packages/airflow/example_dags/example_python_decorator.py
[2024-12-22T11:50:06.413+0000] {logging_mixin.py:190} INFO - [2024-12-22T11:50:06.413+0000] {dag.py:3239} INFO - Sync 1 DAGs
[2024-12-22T11:50:06.431+0000] {logging_mixin.py:190} INFO - [2024-12-22T11:50:06.431+0000] {dag.py:4180} INFO - Setting next_dagrun for example_python_decorator to None, run_after=None
[2024-12-22T11:50:06.456+0000] {processor.py:208} INFO - Processing /home/airflow/.local/lib/python3.12/site-packages/airflow/example_dags/example_python_decorator.py took 0.251 seconds
[2024-12-22T11:50:37.701+0000] {processor.py:186} INFO - Started process (PID=162) to work on /home/airflow/.local/lib/python3.12/site-packages/airflow/example_dags/example_python_decorator.py
[2024-12-22T11:50:37.704+0000] {processor.py:914} INFO - Processing file /home/airflow/.local/lib/python3.12/site-packages/airflow/example_dags/example_python_decorator.py for tasks to queue
[2024-12-22T11:50:37.709+0000] {logging_mixin.py:190} INFO - [2024-12-22T11:50:37.708+0000] {dagbag.py:588} INFO - Filling up the DagBag from /home/airflow/.local/lib/python3.12/site-packages/airflow/example_dags/example_python_decorator.py
[2024-12-22T11:50:37.736+0000] {processor.py:925} INFO - DAG(s) 'example_python_decorator' retrieved from /home/airflow/.local/lib/python3.12/site-packages/airflow/example_dags/example_python_decorator.py
[2024-12-22T11:50:37.772+0000] {logging_mixin.py:190} INFO - [2024-12-22T11:50:37.772+0000] {dag.py:3239} INFO - Sync 1 DAGs
[2024-12-22T11:50:37.801+0000] {logging_mixin.py:190} INFO - [2024-12-22T11:50:37.800+0000] {dag.py:4180} INFO - Setting next_dagrun for example_python_decorator to None, run_after=None
[2024-12-22T11:50:37.826+0000] {processor.py:208} INFO - Processing /home/airflow/.local/lib/python3.12/site-packages/airflow/example_dags/example_python_decorator.py took 0.137 seconds
[2024-12-22T11:51:16.188+0000] {processor.py:186} INFO - Started process (PID=227) to work on /home/airflow/.local/lib/python3.12/site-packages/airflow/example_dags/example_python_decorator.py
[2024-12-22T11:51:16.190+0000] {processor.py:914} INFO - Processing file /home/airflow/.local/lib/python3.12/site-packages/airflow/example_dags/example_python_decorator.py for tasks to queue
[2024-12-22T11:51:16.193+0000] {logging_mixin.py:190} INFO - [2024-12-22T11:51:16.192+0000] {dagbag.py:588} INFO - Filling up the DagBag from /home/airflow/.local/lib/python3.12/site-packages/airflow/example_dags/example_python_decorator.py
[2024-12-22T11:51:16.210+0000] {processor.py:925} INFO - DAG(s) 'example_python_decorator' retrieved from /home/airflow/.local/lib/python3.12/site-packages/airflow/example_dags/example_python_decorator.py
[2024-12-22T11:51:16.237+0000] {logging_mixin.py:190} INFO - [2024-12-22T11:51:16.237+0000] {dag.py:3239} INFO - Sync 1 DAGs
[2024-12-22T11:51:16.255+0000] {logging_mixin.py:190} INFO - [2024-12-22T11:51:16.255+0000] {dag.py:4180} INFO - Setting next_dagrun for example_python_decorator to None, run_after=None
[2024-12-22T11:51:16.279+0000] {processor.py:208} INFO - Processing /home/airflow/.local/lib/python3.12/site-packages/airflow/example_dags/example_python_decorator.py took 0.097 seconds
[2024-12-22T11:51:47.952+0000] {processor.py:186} INFO - Started process (PID=298) to work on /home/airflow/.local/lib/python3.12/site-packages/airflow/example_dags/example_python_decorator.py
[2024-12-22T11:51:47.953+0000] {processor.py:914} INFO - Processing file /home/airflow/.local/lib/python3.12/site-packages/airflow/example_dags/example_python_decorator.py for tasks to queue
[2024-12-22T11:51:47.956+0000] {logging_mixin.py:190} INFO - [2024-12-22T11:51:47.956+0000] {dagbag.py:588} INFO - Filling up the DagBag from /home/airflow/.local/lib/python3.12/site-packages/airflow/example_dags/example_python_decorator.py
[2024-12-22T11:51:47.973+0000] {processor.py:925} INFO - DAG(s) 'example_python_decorator' retrieved from /home/airflow/.local/lib/python3.12/site-packages/airflow/example_dags/example_python_decorator.py
[2024-12-22T11:51:47.998+0000] {logging_mixin.py:190} INFO - [2024-12-22T11:51:47.998+0000] {dag.py:3239} INFO - Sync 1 DAGs
[2024-12-22T11:51:48.014+0000] {logging_mixin.py:190} INFO - [2024-12-22T11:51:48.014+0000] {dag.py:4180} INFO - Setting next_dagrun for example_python_decorator to None, run_after=None
[2024-12-22T11:51:48.036+0000] {processor.py:208} INFO - Processing /home/airflow/.local/lib/python3.12/site-packages/airflow/example_dags/example_python_decorator.py took 0.092 seconds
[2024-12-22T11:52:19.101+0000] {processor.py:186} INFO - Started process (PID=363) to work on /home/airflow/.local/lib/python3.12/site-packages/airflow/example_dags/example_python_decorator.py
[2024-12-22T11:52:19.102+0000] {processor.py:914} INFO - Processing file /home/airflow/.local/lib/python3.12/site-packages/airflow/example_dags/example_python_decorator.py for tasks to queue
[2024-12-22T11:52:19.105+0000] {logging_mixin.py:190} INFO - [2024-12-22T11:52:19.105+0000] {dagbag.py:588} INFO - Filling up the DagBag from /home/airflow/.local/lib/python3.12/site-packages/airflow/example_dags/example_python_decorator.py
[2024-12-22T11:52:19.123+0000] {processor.py:925} INFO - DAG(s) 'example_python_decorator' retrieved from /home/airflow/.local/lib/python3.12/site-packages/airflow/example_dags/example_python_decorator.py
[2024-12-22T11:52:19.157+0000] {logging_mixin.py:190} INFO - [2024-12-22T11:52:19.157+0000] {dag.py:3239} INFO - Sync 1 DAGs
[2024-12-22T11:52:19.177+0000] {logging_mixin.py:190} INFO - [2024-12-22T11:52:19.177+0000] {dag.py:4180} INFO - Setting next_dagrun for example_python_decorator to None, run_after=None
[2024-12-22T11:52:19.201+0000] {processor.py:208} INFO - Processing /home/airflow/.local/lib/python3.12/site-packages/airflow/example_dags/example_python_decorator.py took 0.107 seconds
[2024-12-22T11:52:50.946+0000] {processor.py:186} INFO - Started process (PID=428) to work on /home/airflow/.local/lib/python3.12/site-packages/airflow/example_dags/example_python_decorator.py
[2024-12-22T11:52:50.948+0000] {processor.py:914} INFO - Processing file /home/airflow/.local/lib/python3.12/site-packages/airflow/example_dags/example_python_decorator.py for tasks to queue
[2024-12-22T11:52:50.952+0000] {logging_mixin.py:190} INFO - [2024-12-22T11:52:50.951+0000] {dagbag.py:588} INFO - Filling up the DagBag from /home/airflow/.local/lib/python3.12/site-packages/airflow/example_dags/example_python_decorator.py
[2024-12-22T11:52:50.977+0000] {processor.py:925} INFO - DAG(s) 'example_python_decorator' retrieved from /home/airflow/.local/lib/python3.12/site-packages/airflow/example_dags/example_python_decorator.py
[2024-12-22T11:52:51.024+0000] {logging_mixin.py:190} INFO - [2024-12-22T11:52:51.024+0000] {dag.py:3239} INFO - Sync 1 DAGs
[2024-12-22T11:52:51.059+0000] {logging_mixin.py:190} INFO - [2024-12-22T11:52:51.058+0000] {dag.py:4180} INFO - Setting next_dagrun for example_python_decorator to None, run_after=None
[2024-12-22T11:52:51.102+0000] {processor.py:208} INFO - Processing /home/airflow/.local/lib/python3.12/site-packages/airflow/example_dags/example_python_decorator.py took 0.167 seconds
[2024-12-22T11:53:22.219+0000] {processor.py:186} INFO - Started process (PID=493) to work on /home/airflow/.local/lib/python3.12/site-packages/airflow/example_dags/example_python_decorator.py
[2024-12-22T11:53:22.221+0000] {processor.py:914} INFO - Processing file /home/airflow/.local/lib/python3.12/site-packages/airflow/example_dags/example_python_decorator.py for tasks to queue
[2024-12-22T11:53:22.223+0000] {logging_mixin.py:190} INFO - [2024-12-22T11:53:22.223+0000] {dagbag.py:588} INFO - Filling up the DagBag from /home/airflow/.local/lib/python3.12/site-packages/airflow/example_dags/example_python_decorator.py
[2024-12-22T11:53:22.243+0000] {processor.py:925} INFO - DAG(s) 'example_python_decorator' retrieved from /home/airflow/.local/lib/python3.12/site-packages/airflow/example_dags/example_python_decorator.py
[2024-12-22T11:53:22.272+0000] {logging_mixin.py:190} INFO - [2024-12-22T11:53:22.271+0000] {dag.py:3239} INFO - Sync 1 DAGs
[2024-12-22T11:53:22.290+0000] {logging_mixin.py:190} INFO - [2024-12-22T11:53:22.289+0000] {dag.py:4180} INFO - Setting next_dagrun for example_python_decorator to None, run_after=None
[2024-12-22T11:53:22.311+0000] {processor.py:208} INFO - Processing /home/airflow/.local/lib/python3.12/site-packages/airflow/example_dags/example_python_decorator.py took 0.099 seconds
[2024-12-22T11:53:54.212+0000] {processor.py:186} INFO - Started process (PID=558) to work on /home/airflow/.local/lib/python3.12/site-packages/airflow/example_dags/example_python_decorator.py
[2024-12-22T11:53:54.213+0000] {processor.py:914} INFO - Processing file /home/airflow/.local/lib/python3.12/site-packages/airflow/example_dags/example_python_decorator.py for tasks to queue
[2024-12-22T11:53:54.216+0000] {logging_mixin.py:190} INFO - [2024-12-22T11:53:54.216+0000] {dagbag.py:588} INFO - Filling up the DagBag from /home/airflow/.local/lib/python3.12/site-packages/airflow/example_dags/example_python_decorator.py
[2024-12-22T11:53:54.235+0000] {processor.py:925} INFO - DAG(s) 'example_python_decorator' retrieved from /home/airflow/.local/lib/python3.12/site-packages/airflow/example_dags/example_python_decorator.py
[2024-12-22T11:53:54.262+0000] {logging_mixin.py:190} INFO - [2024-12-22T11:53:54.262+0000] {dag.py:3239} INFO - Sync 1 DAGs
[2024-12-22T11:53:54.279+0000] {logging_mixin.py:190} INFO - [2024-12-22T11:53:54.279+0000] {dag.py:4180} INFO - Setting next_dagrun for example_python_decorator to None, run_after=None
[2024-12-22T11:53:54.301+0000] {processor.py:208} INFO - Processing /home/airflow/.local/lib/python3.12/site-packages/airflow/example_dags/example_python_decorator.py took 0.096 seconds
[2024-12-22T11:54:26.966+0000] {processor.py:186} INFO - Started process (PID=623) to work on /home/airflow/.local/lib/python3.12/site-packages/airflow/example_dags/example_python_decorator.py
[2024-12-22T11:54:26.968+0000] {processor.py:914} INFO - Processing file /home/airflow/.local/lib/python3.12/site-packages/airflow/example_dags/example_python_decorator.py for tasks to queue
[2024-12-22T11:54:26.972+0000] {logging_mixin.py:190} INFO - [2024-12-22T11:54:26.971+0000] {dagbag.py:588} INFO - Filling up the DagBag from /home/airflow/.local/lib/python3.12/site-packages/airflow/example_dags/example_python_decorator.py
[2024-12-22T11:54:26.993+0000] {processor.py:925} INFO - DAG(s) 'example_python_decorator' retrieved from /home/airflow/.local/lib/python3.12/site-packages/airflow/example_dags/example_python_decorator.py
[2024-12-22T11:54:27.032+0000] {logging_mixin.py:190} INFO - [2024-12-22T11:54:27.032+0000] {dag.py:3239} INFO - Sync 1 DAGs
[2024-12-22T11:54:27.065+0000] {logging_mixin.py:190} INFO - [2024-12-22T11:54:27.065+0000] {dag.py:4180} INFO - Setting next_dagrun for example_python_decorator to None, run_after=None
[2024-12-22T11:54:27.104+0000] {processor.py:208} INFO - Processing /home/airflow/.local/lib/python3.12/site-packages/airflow/example_dags/example_python_decorator.py took 0.149 seconds
[2024-12-22T11:54:58.071+0000] {processor.py:186} INFO - Started process (PID=688) to work on /home/airflow/.local/lib/python3.12/site-packages/airflow/example_dags/example_python_decorator.py
[2024-12-22T11:54:58.072+0000] {processor.py:914} INFO - Processing file /home/airflow/.local/lib/python3.12/site-packages/airflow/example_dags/example_python_decorator.py for tasks to queue
[2024-12-22T11:54:58.075+0000] {logging_mixin.py:190} INFO - [2024-12-22T11:54:58.075+0000] {dagbag.py:588} INFO - Filling up the DagBag from /home/airflow/.local/lib/python3.12/site-packages/airflow/example_dags/example_python_decorator.py
[2024-12-22T11:54:58.093+0000] {processor.py:925} INFO - DAG(s) 'example_python_decorator' retrieved from /home/airflow/.local/lib/python3.12/site-packages/airflow/example_dags/example_python_decorator.py
[2024-12-22T11:54:58.128+0000] {logging_mixin.py:190} INFO - [2024-12-22T11:54:58.128+0000] {dag.py:3239} INFO - Sync 1 DAGs
[2024-12-22T11:54:58.149+0000] {logging_mixin.py:190} INFO - [2024-12-22T11:54:58.149+0000] {dag.py:4180} INFO - Setting next_dagrun for example_python_decorator to None, run_after=None
[2024-12-22T11:54:58.175+0000] {processor.py:208} INFO - Processing /home/airflow/.local/lib/python3.12/site-packages/airflow/example_dags/example_python_decorator.py took 0.112 seconds
[2024-12-22T11:56:37.132+0000] {processor.py:186} INFO - Started process (PID=99) to work on /home/airflow/.local/lib/python3.12/site-packages/airflow/example_dags/example_python_decorator.py
[2024-12-22T11:56:37.133+0000] {processor.py:914} INFO - Processing file /home/airflow/.local/lib/python3.12/site-packages/airflow/example_dags/example_python_decorator.py for tasks to queue
[2024-12-22T11:56:37.138+0000] {logging_mixin.py:190} INFO - [2024-12-22T11:56:37.137+0000] {dagbag.py:588} INFO - Filling up the DagBag from /home/airflow/.local/lib/python3.12/site-packages/airflow/example_dags/example_python_decorator.py
[2024-12-22T11:56:37.178+0000] {processor.py:925} INFO - DAG(s) 'example_python_decorator' retrieved from /home/airflow/.local/lib/python3.12/site-packages/airflow/example_dags/example_python_decorator.py
[2024-12-22T11:56:37.394+0000] {logging_mixin.py:190} INFO - [2024-12-22T11:56:37.393+0000] {dag.py:3239} INFO - Sync 1 DAGs
[2024-12-22T11:56:37.419+0000] {logging_mixin.py:190} INFO - [2024-12-22T11:56:37.418+0000] {dag.py:4180} INFO - Setting next_dagrun for example_python_decorator to None, run_after=None
[2024-12-22T11:56:37.452+0000] {processor.py:208} INFO - Processing /home/airflow/.local/lib/python3.12/site-packages/airflow/example_dags/example_python_decorator.py took 0.334 seconds
[2024-12-22T11:57:09.962+0000] {processor.py:186} INFO - Started process (PID=165) to work on /home/airflow/.local/lib/python3.12/site-packages/airflow/example_dags/example_python_decorator.py
[2024-12-22T11:57:09.963+0000] {processor.py:914} INFO - Processing file /home/airflow/.local/lib/python3.12/site-packages/airflow/example_dags/example_python_decorator.py for tasks to queue
[2024-12-22T11:57:09.967+0000] {logging_mixin.py:190} INFO - [2024-12-22T11:57:09.967+0000] {dagbag.py:588} INFO - Filling up the DagBag from /home/airflow/.local/lib/python3.12/site-packages/airflow/example_dags/example_python_decorator.py
[2024-12-22T11:57:10.006+0000] {processor.py:925} INFO - DAG(s) 'example_python_decorator' retrieved from /home/airflow/.local/lib/python3.12/site-packages/airflow/example_dags/example_python_decorator.py
[2024-12-22T11:57:10.071+0000] {logging_mixin.py:190} INFO - [2024-12-22T11:57:10.070+0000] {dag.py:3239} INFO - Sync 1 DAGs
[2024-12-22T11:57:10.104+0000] {logging_mixin.py:190} INFO - [2024-12-22T11:57:10.103+0000] {dag.py:4180} INFO - Setting next_dagrun for example_python_decorator to None, run_after=None
[2024-12-22T11:57:10.139+0000] {processor.py:208} INFO - Processing /home/airflow/.local/lib/python3.12/site-packages/airflow/example_dags/example_python_decorator.py took 0.189 seconds
