[2024-12-22T11:18:07.642+0000] {processor.py:186} INFO - Started process (PID=123) to work on /home/airflow/.local/lib/python3.12/site-packages/airflow/example_dags/example_latest_only.py
[2024-12-22T11:18:07.646+0000] {processor.py:914} INFO - Processing file /home/airflow/.local/lib/python3.12/site-packages/airflow/example_dags/example_latest_only.py for tasks to queue
[2024-12-22T11:18:07.656+0000] {logging_mixin.py:190} INFO - [2024-12-22T11:18:07.655+0000] {dagbag.py:588} INFO - Filling up the DagBag from /home/airflow/.local/lib/python3.12/site-packages/airflow/example_dags/example_latest_only.py
[2024-12-22T11:18:07.686+0000] {processor.py:925} INFO - DAG(s) 'latest_only' retrieved from /home/airflow/.local/lib/python3.12/site-packages/airflow/example_dags/example_latest_only.py
[2024-12-22T11:18:07.765+0000] {logging_mixin.py:190} INFO - [2024-12-22T11:18:07.764+0000] {dag.py:3239} INFO - Sync 1 DAGs
[2024-12-22T11:18:07.869+0000] {logging_mixin.py:190} INFO - [2024-12-22T11:18:07.868+0000] {dag.py:4180} INFO - Setting next_dagrun for latest_only to 2024-12-22 04:00:00+00:00, run_after=2024-12-22 08:00:00+00:00
[2024-12-22T11:18:07.962+0000] {processor.py:208} INFO - Processing /home/airflow/.local/lib/python3.12/site-packages/airflow/example_dags/example_latest_only.py took 0.344 seconds
[2024-12-22T11:18:41.579+0000] {processor.py:186} INFO - Started process (PID=188) to work on /home/airflow/.local/lib/python3.12/site-packages/airflow/example_dags/example_latest_only.py
[2024-12-22T11:18:41.583+0000] {processor.py:914} INFO - Processing file /home/airflow/.local/lib/python3.12/site-packages/airflow/example_dags/example_latest_only.py for tasks to queue
[2024-12-22T11:18:41.592+0000] {logging_mixin.py:190} INFO - [2024-12-22T11:18:41.591+0000] {dagbag.py:588} INFO - Filling up the DagBag from /home/airflow/.local/lib/python3.12/site-packages/airflow/example_dags/example_latest_only.py
[2024-12-22T11:18:41.622+0000] {processor.py:925} INFO - DAG(s) 'latest_only' retrieved from /home/airflow/.local/lib/python3.12/site-packages/airflow/example_dags/example_latest_only.py
[2024-12-22T11:18:41.704+0000] {logging_mixin.py:190} INFO - [2024-12-22T11:18:41.703+0000] {dag.py:3239} INFO - Sync 1 DAGs
[2024-12-22T11:18:41.833+0000] {logging_mixin.py:190} INFO - [2024-12-22T11:18:41.831+0000] {dag.py:4180} INFO - Setting next_dagrun for latest_only to 2024-12-22 04:00:00+00:00, run_after=2024-12-22 08:00:00+00:00
[2024-12-22T11:18:41.921+0000] {processor.py:208} INFO - Processing /home/airflow/.local/lib/python3.12/site-packages/airflow/example_dags/example_latest_only.py took 0.367 seconds
[2024-12-22T11:19:21.803+0000] {processor.py:186} INFO - Started process (PID=252) to work on /home/airflow/.local/lib/python3.12/site-packages/airflow/example_dags/example_latest_only.py
[2024-12-22T11:19:21.810+0000] {processor.py:914} INFO - Processing file /home/airflow/.local/lib/python3.12/site-packages/airflow/example_dags/example_latest_only.py for tasks to queue
[2024-12-22T11:19:21.825+0000] {logging_mixin.py:190} INFO - [2024-12-22T11:19:21.824+0000] {dagbag.py:588} INFO - Filling up the DagBag from /home/airflow/.local/lib/python3.12/site-packages/airflow/example_dags/example_latest_only.py
[2024-12-22T11:19:21.863+0000] {processor.py:925} INFO - DAG(s) 'latest_only' retrieved from /home/airflow/.local/lib/python3.12/site-packages/airflow/example_dags/example_latest_only.py
[2024-12-22T11:19:22.267+0000] {logging_mixin.py:190} INFO - [2024-12-22T11:19:22.266+0000] {dag.py:3239} INFO - Sync 1 DAGs
[2024-12-22T11:19:22.423+0000] {logging_mixin.py:190} INFO - [2024-12-22T11:19:22.422+0000] {dag.py:4180} INFO - Setting next_dagrun for latest_only to 2024-12-22 04:00:00+00:00, run_after=2024-12-22 08:00:00+00:00
[2024-12-22T11:19:23.434+0000] {processor.py:208} INFO - Processing /home/airflow/.local/lib/python3.12/site-packages/airflow/example_dags/example_latest_only.py took 1.665 seconds
[2024-12-22T11:19:53.739+0000] {processor.py:186} INFO - Started process (PID=318) to work on /home/airflow/.local/lib/python3.12/site-packages/airflow/example_dags/example_latest_only.py
[2024-12-22T11:19:53.837+0000] {processor.py:914} INFO - Processing file /home/airflow/.local/lib/python3.12/site-packages/airflow/example_dags/example_latest_only.py for tasks to queue
[2024-12-22T11:19:53.844+0000] {logging_mixin.py:190} INFO - [2024-12-22T11:19:53.843+0000] {dagbag.py:588} INFO - Filling up the DagBag from /home/airflow/.local/lib/python3.12/site-packages/airflow/example_dags/example_latest_only.py
[2024-12-22T11:19:53.874+0000] {processor.py:925} INFO - DAG(s) 'latest_only' retrieved from /home/airflow/.local/lib/python3.12/site-packages/airflow/example_dags/example_latest_only.py
[2024-12-22T11:19:53.939+0000] {logging_mixin.py:190} INFO - [2024-12-22T11:19:53.938+0000] {dag.py:3239} INFO - Sync 1 DAGs
[2024-12-22T11:19:54.022+0000] {logging_mixin.py:190} INFO - [2024-12-22T11:19:54.022+0000] {dag.py:4180} INFO - Setting next_dagrun for latest_only to 2024-12-22 04:00:00+00:00, run_after=2024-12-22 08:00:00+00:00
[2024-12-22T11:19:54.084+0000] {processor.py:208} INFO - Processing /home/airflow/.local/lib/python3.12/site-packages/airflow/example_dags/example_latest_only.py took 0.363 seconds
[2024-12-22T11:20:29.383+0000] {processor.py:186} INFO - Started process (PID=384) to work on /home/airflow/.local/lib/python3.12/site-packages/airflow/example_dags/example_latest_only.py
[2024-12-22T11:20:29.385+0000] {processor.py:914} INFO - Processing file /home/airflow/.local/lib/python3.12/site-packages/airflow/example_dags/example_latest_only.py for tasks to queue
[2024-12-22T11:20:29.390+0000] {logging_mixin.py:190} INFO - [2024-12-22T11:20:29.390+0000] {dagbag.py:588} INFO - Filling up the DagBag from /home/airflow/.local/lib/python3.12/site-packages/airflow/example_dags/example_latest_only.py
[2024-12-22T11:20:29.409+0000] {processor.py:925} INFO - DAG(s) 'latest_only' retrieved from /home/airflow/.local/lib/python3.12/site-packages/airflow/example_dags/example_latest_only.py
[2024-12-22T11:20:29.456+0000] {logging_mixin.py:190} INFO - [2024-12-22T11:20:29.455+0000] {dag.py:3239} INFO - Sync 1 DAGs
[2024-12-22T11:20:29.514+0000] {logging_mixin.py:190} INFO - [2024-12-22T11:20:29.513+0000] {dag.py:4180} INFO - Setting next_dagrun for latest_only to 2024-12-22 04:00:00+00:00, run_after=2024-12-22 08:00:00+00:00
[2024-12-22T11:20:30.503+0000] {processor.py:208} INFO - Processing /home/airflow/.local/lib/python3.12/site-packages/airflow/example_dags/example_latest_only.py took 1.136 seconds
[2024-12-22T11:21:01.295+0000] {processor.py:186} INFO - Started process (PID=449) to work on /home/airflow/.local/lib/python3.12/site-packages/airflow/example_dags/example_latest_only.py
[2024-12-22T11:21:01.297+0000] {processor.py:914} INFO - Processing file /home/airflow/.local/lib/python3.12/site-packages/airflow/example_dags/example_latest_only.py for tasks to queue
[2024-12-22T11:21:01.304+0000] {logging_mixin.py:190} INFO - [2024-12-22T11:21:01.303+0000] {dagbag.py:588} INFO - Filling up the DagBag from /home/airflow/.local/lib/python3.12/site-packages/airflow/example_dags/example_latest_only.py
[2024-12-22T11:21:01.326+0000] {processor.py:925} INFO - DAG(s) 'latest_only' retrieved from /home/airflow/.local/lib/python3.12/site-packages/airflow/example_dags/example_latest_only.py
[2024-12-22T11:21:01.381+0000] {logging_mixin.py:190} INFO - [2024-12-22T11:21:01.380+0000] {dag.py:3239} INFO - Sync 1 DAGs
[2024-12-22T11:21:01.452+0000] {logging_mixin.py:190} INFO - [2024-12-22T11:21:01.452+0000] {dag.py:4180} INFO - Setting next_dagrun for latest_only to 2024-12-22 04:00:00+00:00, run_after=2024-12-22 08:00:00+00:00
[2024-12-22T11:21:01.499+0000] {processor.py:208} INFO - Processing /home/airflow/.local/lib/python3.12/site-packages/airflow/example_dags/example_latest_only.py took 0.222 seconds
[2024-12-22T11:21:39.581+0000] {processor.py:186} INFO - Started process (PID=521) to work on /home/airflow/.local/lib/python3.12/site-packages/airflow/example_dags/example_latest_only.py
[2024-12-22T11:21:39.583+0000] {processor.py:914} INFO - Processing file /home/airflow/.local/lib/python3.12/site-packages/airflow/example_dags/example_latest_only.py for tasks to queue
[2024-12-22T11:21:39.591+0000] {logging_mixin.py:190} INFO - [2024-12-22T11:21:39.590+0000] {dagbag.py:588} INFO - Filling up the DagBag from /home/airflow/.local/lib/python3.12/site-packages/airflow/example_dags/example_latest_only.py
[2024-12-22T11:21:39.608+0000] {processor.py:925} INFO - DAG(s) 'latest_only' retrieved from /home/airflow/.local/lib/python3.12/site-packages/airflow/example_dags/example_latest_only.py
[2024-12-22T11:21:39.655+0000] {logging_mixin.py:190} INFO - [2024-12-22T11:21:39.654+0000] {dag.py:3239} INFO - Sync 1 DAGs
[2024-12-22T11:21:39.713+0000] {logging_mixin.py:190} INFO - [2024-12-22T11:21:39.712+0000] {dag.py:4180} INFO - Setting next_dagrun for latest_only to 2024-12-22 04:00:00+00:00, run_after=2024-12-22 08:00:00+00:00
[2024-12-22T11:21:40.788+0000] {processor.py:208} INFO - Processing /home/airflow/.local/lib/python3.12/site-packages/airflow/example_dags/example_latest_only.py took 1.224 seconds
[2024-12-22T11:22:13.837+0000] {processor.py:186} INFO - Started process (PID=586) to work on /home/airflow/.local/lib/python3.12/site-packages/airflow/example_dags/example_latest_only.py
[2024-12-22T11:22:13.839+0000] {processor.py:914} INFO - Processing file /home/airflow/.local/lib/python3.12/site-packages/airflow/example_dags/example_latest_only.py for tasks to queue
[2024-12-22T11:22:13.846+0000] {logging_mixin.py:190} INFO - [2024-12-22T11:22:13.845+0000] {dagbag.py:588} INFO - Filling up the DagBag from /home/airflow/.local/lib/python3.12/site-packages/airflow/example_dags/example_latest_only.py
[2024-12-22T11:22:13.866+0000] {processor.py:925} INFO - DAG(s) 'latest_only' retrieved from /home/airflow/.local/lib/python3.12/site-packages/airflow/example_dags/example_latest_only.py
[2024-12-22T11:22:13.922+0000] {logging_mixin.py:190} INFO - [2024-12-22T11:22:13.921+0000] {dag.py:3239} INFO - Sync 1 DAGs
[2024-12-22T11:22:13.994+0000] {logging_mixin.py:190} INFO - [2024-12-22T11:22:13.993+0000] {dag.py:4180} INFO - Setting next_dagrun for latest_only to 2024-12-22 04:00:00+00:00, run_after=2024-12-22 08:00:00+00:00
[2024-12-22T11:22:14.062+0000] {processor.py:208} INFO - Processing /home/airflow/.local/lib/python3.12/site-packages/airflow/example_dags/example_latest_only.py took 0.247 seconds
[2024-12-22T11:22:49.130+0000] {processor.py:186} INFO - Started process (PID=652) to work on /home/airflow/.local/lib/python3.12/site-packages/airflow/example_dags/example_latest_only.py
[2024-12-22T11:22:49.139+0000] {processor.py:914} INFO - Processing file /home/airflow/.local/lib/python3.12/site-packages/airflow/example_dags/example_latest_only.py for tasks to queue
[2024-12-22T11:22:49.149+0000] {logging_mixin.py:190} INFO - [2024-12-22T11:22:49.148+0000] {dagbag.py:588} INFO - Filling up the DagBag from /home/airflow/.local/lib/python3.12/site-packages/airflow/example_dags/example_latest_only.py
[2024-12-22T11:22:49.178+0000] {processor.py:925} INFO - DAG(s) 'latest_only' retrieved from /home/airflow/.local/lib/python3.12/site-packages/airflow/example_dags/example_latest_only.py
[2024-12-22T11:22:49.250+0000] {logging_mixin.py:190} INFO - [2024-12-22T11:22:49.249+0000] {dag.py:3239} INFO - Sync 1 DAGs
[2024-12-22T11:22:49.345+0000] {logging_mixin.py:190} INFO - [2024-12-22T11:22:49.344+0000] {dag.py:4180} INFO - Setting next_dagrun for latest_only to 2024-12-22 04:00:00+00:00, run_after=2024-12-22 08:00:00+00:00
[2024-12-22T11:22:49.403+0000] {processor.py:208} INFO - Processing /home/airflow/.local/lib/python3.12/site-packages/airflow/example_dags/example_latest_only.py took 0.295 seconds
[2024-12-22T11:23:31.674+0000] {processor.py:186} INFO - Started process (PID=721) to work on /home/airflow/.local/lib/python3.12/site-packages/airflow/example_dags/example_latest_only.py
[2024-12-22T11:23:31.677+0000] {processor.py:914} INFO - Processing file /home/airflow/.local/lib/python3.12/site-packages/airflow/example_dags/example_latest_only.py for tasks to queue
[2024-12-22T11:23:31.686+0000] {logging_mixin.py:190} INFO - [2024-12-22T11:23:31.685+0000] {dagbag.py:588} INFO - Filling up the DagBag from /home/airflow/.local/lib/python3.12/site-packages/airflow/example_dags/example_latest_only.py
[2024-12-22T11:23:31.709+0000] {processor.py:925} INFO - DAG(s) 'latest_only' retrieved from /home/airflow/.local/lib/python3.12/site-packages/airflow/example_dags/example_latest_only.py
[2024-12-22T11:23:31.771+0000] {logging_mixin.py:190} INFO - [2024-12-22T11:23:31.770+0000] {dag.py:3239} INFO - Sync 1 DAGs
[2024-12-22T11:23:31.845+0000] {logging_mixin.py:190} INFO - [2024-12-22T11:23:31.844+0000] {dag.py:4180} INFO - Setting next_dagrun for latest_only to 2024-12-22 04:00:00+00:00, run_after=2024-12-22 08:00:00+00:00
[2024-12-22T11:23:31.951+0000] {processor.py:208} INFO - Processing /home/airflow/.local/lib/python3.12/site-packages/airflow/example_dags/example_latest_only.py took 0.296 seconds
[2024-12-22T11:24:07.754+0000] {processor.py:186} INFO - Started process (PID=786) to work on /home/airflow/.local/lib/python3.12/site-packages/airflow/example_dags/example_latest_only.py
[2024-12-22T11:24:07.757+0000] {processor.py:914} INFO - Processing file /home/airflow/.local/lib/python3.12/site-packages/airflow/example_dags/example_latest_only.py for tasks to queue
[2024-12-22T11:24:07.764+0000] {logging_mixin.py:190} INFO - [2024-12-22T11:24:07.764+0000] {dagbag.py:588} INFO - Filling up the DagBag from /home/airflow/.local/lib/python3.12/site-packages/airflow/example_dags/example_latest_only.py
[2024-12-22T11:24:07.786+0000] {processor.py:925} INFO - DAG(s) 'latest_only' retrieved from /home/airflow/.local/lib/python3.12/site-packages/airflow/example_dags/example_latest_only.py
[2024-12-22T11:24:07.838+0000] {logging_mixin.py:190} INFO - [2024-12-22T11:24:07.838+0000] {dag.py:3239} INFO - Sync 1 DAGs
[2024-12-22T11:24:07.907+0000] {logging_mixin.py:190} INFO - [2024-12-22T11:24:07.907+0000] {dag.py:4180} INFO - Setting next_dagrun for latest_only to 2024-12-22 04:00:00+00:00, run_after=2024-12-22 08:00:00+00:00
[2024-12-22T11:24:07.991+0000] {processor.py:208} INFO - Processing /home/airflow/.local/lib/python3.12/site-packages/airflow/example_dags/example_latest_only.py took 0.260 seconds
[2024-12-22T11:24:38.259+0000] {processor.py:186} INFO - Started process (PID=850) to work on /home/airflow/.local/lib/python3.12/site-packages/airflow/example_dags/example_latest_only.py
[2024-12-22T11:24:38.262+0000] {processor.py:914} INFO - Processing file /home/airflow/.local/lib/python3.12/site-packages/airflow/example_dags/example_latest_only.py for tasks to queue
[2024-12-22T11:24:38.270+0000] {logging_mixin.py:190} INFO - [2024-12-22T11:24:38.269+0000] {dagbag.py:588} INFO - Filling up the DagBag from /home/airflow/.local/lib/python3.12/site-packages/airflow/example_dags/example_latest_only.py
[2024-12-22T11:24:38.296+0000] {processor.py:925} INFO - DAG(s) 'latest_only' retrieved from /home/airflow/.local/lib/python3.12/site-packages/airflow/example_dags/example_latest_only.py
[2024-12-22T11:24:38.367+0000] {logging_mixin.py:190} INFO - [2024-12-22T11:24:38.366+0000] {dag.py:3239} INFO - Sync 1 DAGs
[2024-12-22T11:24:38.456+0000] {logging_mixin.py:190} INFO - [2024-12-22T11:24:38.455+0000] {dag.py:4180} INFO - Setting next_dagrun for latest_only to 2024-12-22 04:00:00+00:00, run_after=2024-12-22 08:00:00+00:00
[2024-12-22T11:24:38.517+0000] {processor.py:208} INFO - Processing /home/airflow/.local/lib/python3.12/site-packages/airflow/example_dags/example_latest_only.py took 0.279 seconds
[2024-12-22T11:25:08.926+0000] {processor.py:186} INFO - Started process (PID=915) to work on /home/airflow/.local/lib/python3.12/site-packages/airflow/example_dags/example_latest_only.py
[2024-12-22T11:25:08.929+0000] {processor.py:914} INFO - Processing file /home/airflow/.local/lib/python3.12/site-packages/airflow/example_dags/example_latest_only.py for tasks to queue
[2024-12-22T11:25:08.935+0000] {logging_mixin.py:190} INFO - [2024-12-22T11:25:08.934+0000] {dagbag.py:588} INFO - Filling up the DagBag from /home/airflow/.local/lib/python3.12/site-packages/airflow/example_dags/example_latest_only.py
[2024-12-22T11:25:08.956+0000] {processor.py:925} INFO - DAG(s) 'latest_only' retrieved from /home/airflow/.local/lib/python3.12/site-packages/airflow/example_dags/example_latest_only.py
[2024-12-22T11:25:09.005+0000] {logging_mixin.py:190} INFO - [2024-12-22T11:25:09.004+0000] {dag.py:3239} INFO - Sync 1 DAGs
[2024-12-22T11:25:09.065+0000] {logging_mixin.py:190} INFO - [2024-12-22T11:25:09.065+0000] {dag.py:4180} INFO - Setting next_dagrun for latest_only to 2024-12-22 04:00:00+00:00, run_after=2024-12-22 08:00:00+00:00
[2024-12-22T11:25:09.116+0000] {processor.py:208} INFO - Processing /home/airflow/.local/lib/python3.12/site-packages/airflow/example_dags/example_latest_only.py took 0.209 seconds
[2024-12-22T11:25:40.052+0000] {processor.py:186} INFO - Started process (PID=980) to work on /home/airflow/.local/lib/python3.12/site-packages/airflow/example_dags/example_latest_only.py
[2024-12-22T11:25:40.056+0000] {processor.py:914} INFO - Processing file /home/airflow/.local/lib/python3.12/site-packages/airflow/example_dags/example_latest_only.py for tasks to queue
[2024-12-22T11:25:40.063+0000] {logging_mixin.py:190} INFO - [2024-12-22T11:25:40.062+0000] {dagbag.py:588} INFO - Filling up the DagBag from /home/airflow/.local/lib/python3.12/site-packages/airflow/example_dags/example_latest_only.py
[2024-12-22T11:25:40.089+0000] {processor.py:925} INFO - DAG(s) 'latest_only' retrieved from /home/airflow/.local/lib/python3.12/site-packages/airflow/example_dags/example_latest_only.py
[2024-12-22T11:25:40.148+0000] {logging_mixin.py:190} INFO - [2024-12-22T11:25:40.147+0000] {dag.py:3239} INFO - Sync 1 DAGs
[2024-12-22T11:25:40.225+0000] {logging_mixin.py:190} INFO - [2024-12-22T11:25:40.224+0000] {dag.py:4180} INFO - Setting next_dagrun for latest_only to 2024-12-22 04:00:00+00:00, run_after=2024-12-22 08:00:00+00:00
[2024-12-22T11:25:41.311+0000] {processor.py:208} INFO - Processing /home/airflow/.local/lib/python3.12/site-packages/airflow/example_dags/example_latest_only.py took 1.283 seconds
[2024-12-22T11:26:37.442+0000] {processor.py:186} INFO - Started process (PID=1059) to work on /home/airflow/.local/lib/python3.12/site-packages/airflow/example_dags/example_latest_only.py
[2024-12-22T11:26:37.445+0000] {processor.py:914} INFO - Processing file /home/airflow/.local/lib/python3.12/site-packages/airflow/example_dags/example_latest_only.py for tasks to queue
[2024-12-22T11:26:37.464+0000] {logging_mixin.py:190} INFO - [2024-12-22T11:26:37.463+0000] {dagbag.py:588} INFO - Filling up the DagBag from /home/airflow/.local/lib/python3.12/site-packages/airflow/example_dags/example_latest_only.py
[2024-12-22T11:26:37.500+0000] {processor.py:925} INFO - DAG(s) 'latest_only' retrieved from /home/airflow/.local/lib/python3.12/site-packages/airflow/example_dags/example_latest_only.py
[2024-12-22T11:26:37.565+0000] {logging_mixin.py:190} INFO - [2024-12-22T11:26:37.564+0000] {dag.py:3239} INFO - Sync 1 DAGs
[2024-12-22T11:26:37.686+0000] {logging_mixin.py:190} INFO - [2024-12-22T11:26:37.684+0000] {dag.py:4180} INFO - Setting next_dagrun for latest_only to 2024-12-22 04:00:00+00:00, run_after=2024-12-22 08:00:00+00:00
[2024-12-22T11:26:37.761+0000] {processor.py:208} INFO - Processing /home/airflow/.local/lib/python3.12/site-packages/airflow/example_dags/example_latest_only.py took 0.341 seconds
[2024-12-22T11:27:12.191+0000] {processor.py:186} INFO - Started process (PID=1124) to work on /home/airflow/.local/lib/python3.12/site-packages/airflow/example_dags/example_latest_only.py
[2024-12-22T11:27:12.194+0000] {processor.py:914} INFO - Processing file /home/airflow/.local/lib/python3.12/site-packages/airflow/example_dags/example_latest_only.py for tasks to queue
[2024-12-22T11:27:12.199+0000] {logging_mixin.py:190} INFO - [2024-12-22T11:27:12.198+0000] {dagbag.py:588} INFO - Filling up the DagBag from /home/airflow/.local/lib/python3.12/site-packages/airflow/example_dags/example_latest_only.py
[2024-12-22T11:27:12.224+0000] {processor.py:925} INFO - DAG(s) 'latest_only' retrieved from /home/airflow/.local/lib/python3.12/site-packages/airflow/example_dags/example_latest_only.py
[2024-12-22T11:27:12.283+0000] {logging_mixin.py:190} INFO - [2024-12-22T11:27:12.282+0000] {dag.py:3239} INFO - Sync 1 DAGs
[2024-12-22T11:27:12.367+0000] {logging_mixin.py:190} INFO - [2024-12-22T11:27:12.366+0000] {dag.py:4180} INFO - Setting next_dagrun for latest_only to 2024-12-22 04:00:00+00:00, run_after=2024-12-22 08:00:00+00:00
[2024-12-22T11:27:12.413+0000] {processor.py:208} INFO - Processing /home/airflow/.local/lib/python3.12/site-packages/airflow/example_dags/example_latest_only.py took 0.240 seconds
[2024-12-22T11:27:52.665+0000] {processor.py:186} INFO - Started process (PID=1192) to work on /home/airflow/.local/lib/python3.12/site-packages/airflow/example_dags/example_latest_only.py
[2024-12-22T11:27:52.668+0000] {processor.py:914} INFO - Processing file /home/airflow/.local/lib/python3.12/site-packages/airflow/example_dags/example_latest_only.py for tasks to queue
[2024-12-22T11:27:52.671+0000] {logging_mixin.py:190} INFO - [2024-12-22T11:27:52.670+0000] {dagbag.py:588} INFO - Filling up the DagBag from /home/airflow/.local/lib/python3.12/site-packages/airflow/example_dags/example_latest_only.py
[2024-12-22T11:27:52.695+0000] {processor.py:925} INFO - DAG(s) 'latest_only' retrieved from /home/airflow/.local/lib/python3.12/site-packages/airflow/example_dags/example_latest_only.py
[2024-12-22T11:27:52.744+0000] {logging_mixin.py:190} INFO - [2024-12-22T11:27:52.743+0000] {dag.py:3239} INFO - Sync 1 DAGs
[2024-12-22T11:27:52.804+0000] {logging_mixin.py:190} INFO - [2024-12-22T11:27:52.804+0000] {dag.py:4180} INFO - Setting next_dagrun for latest_only to 2024-12-22 04:00:00+00:00, run_after=2024-12-22 08:00:00+00:00
[2024-12-22T11:27:52.878+0000] {processor.py:208} INFO - Processing /home/airflow/.local/lib/python3.12/site-packages/airflow/example_dags/example_latest_only.py took 0.231 seconds
[2024-12-22T11:28:31.578+0000] {processor.py:186} INFO - Started process (PID=1263) to work on /home/airflow/.local/lib/python3.12/site-packages/airflow/example_dags/example_latest_only.py
[2024-12-22T11:28:31.581+0000] {processor.py:914} INFO - Processing file /home/airflow/.local/lib/python3.12/site-packages/airflow/example_dags/example_latest_only.py for tasks to queue
[2024-12-22T11:28:31.585+0000] {logging_mixin.py:190} INFO - [2024-12-22T11:28:31.584+0000] {dagbag.py:588} INFO - Filling up the DagBag from /home/airflow/.local/lib/python3.12/site-packages/airflow/example_dags/example_latest_only.py
[2024-12-22T11:28:31.617+0000] {processor.py:925} INFO - DAG(s) 'latest_only' retrieved from /home/airflow/.local/lib/python3.12/site-packages/airflow/example_dags/example_latest_only.py
[2024-12-22T11:28:31.692+0000] {logging_mixin.py:190} INFO - [2024-12-22T11:28:31.692+0000] {dag.py:3239} INFO - Sync 1 DAGs
[2024-12-22T11:28:31.774+0000] {logging_mixin.py:190} INFO - [2024-12-22T11:28:31.773+0000] {dag.py:4180} INFO - Setting next_dagrun for latest_only to 2024-12-22 04:00:00+00:00, run_after=2024-12-22 08:00:00+00:00
[2024-12-22T11:28:31.848+0000] {processor.py:208} INFO - Processing /home/airflow/.local/lib/python3.12/site-packages/airflow/example_dags/example_latest_only.py took 0.292 seconds
[2024-12-22T11:29:08.373+0000] {processor.py:186} INFO - Started process (PID=1327) to work on /home/airflow/.local/lib/python3.12/site-packages/airflow/example_dags/example_latest_only.py
[2024-12-22T11:29:08.375+0000] {processor.py:914} INFO - Processing file /home/airflow/.local/lib/python3.12/site-packages/airflow/example_dags/example_latest_only.py for tasks to queue
[2024-12-22T11:29:08.379+0000] {logging_mixin.py:190} INFO - [2024-12-22T11:29:08.378+0000] {dagbag.py:588} INFO - Filling up the DagBag from /home/airflow/.local/lib/python3.12/site-packages/airflow/example_dags/example_latest_only.py
[2024-12-22T11:29:08.404+0000] {processor.py:925} INFO - DAG(s) 'latest_only' retrieved from /home/airflow/.local/lib/python3.12/site-packages/airflow/example_dags/example_latest_only.py
[2024-12-22T11:29:08.459+0000] {logging_mixin.py:190} INFO - [2024-12-22T11:29:08.458+0000] {dag.py:3239} INFO - Sync 1 DAGs
[2024-12-22T11:29:08.551+0000] {logging_mixin.py:190} INFO - [2024-12-22T11:29:08.550+0000] {dag.py:4180} INFO - Setting next_dagrun for latest_only to 2024-12-22 04:00:00+00:00, run_after=2024-12-22 08:00:00+00:00
[2024-12-22T11:29:08.603+0000] {processor.py:208} INFO - Processing /home/airflow/.local/lib/python3.12/site-packages/airflow/example_dags/example_latest_only.py took 0.245 seconds
[2024-12-22T11:29:45.533+0000] {processor.py:186} INFO - Started process (PID=1394) to work on /home/airflow/.local/lib/python3.12/site-packages/airflow/example_dags/example_latest_only.py
[2024-12-22T11:29:45.536+0000] {processor.py:914} INFO - Processing file /home/airflow/.local/lib/python3.12/site-packages/airflow/example_dags/example_latest_only.py for tasks to queue
[2024-12-22T11:29:45.540+0000] {logging_mixin.py:190} INFO - [2024-12-22T11:29:45.539+0000] {dagbag.py:588} INFO - Filling up the DagBag from /home/airflow/.local/lib/python3.12/site-packages/airflow/example_dags/example_latest_only.py
[2024-12-22T11:29:45.568+0000] {processor.py:925} INFO - DAG(s) 'latest_only' retrieved from /home/airflow/.local/lib/python3.12/site-packages/airflow/example_dags/example_latest_only.py
[2024-12-22T11:29:45.668+0000] {logging_mixin.py:190} INFO - [2024-12-22T11:29:45.667+0000] {dag.py:3239} INFO - Sync 1 DAGs
[2024-12-22T11:29:45.764+0000] {logging_mixin.py:190} INFO - [2024-12-22T11:29:45.764+0000] {dag.py:4180} INFO - Setting next_dagrun for latest_only to 2024-12-22 04:00:00+00:00, run_after=2024-12-22 08:00:00+00:00
[2024-12-22T11:29:46.919+0000] {processor.py:208} INFO - Processing /home/airflow/.local/lib/python3.12/site-packages/airflow/example_dags/example_latest_only.py took 1.401 seconds
[2024-12-22T11:30:22.741+0000] {processor.py:186} INFO - Started process (PID=1460) to work on /home/airflow/.local/lib/python3.12/site-packages/airflow/example_dags/example_latest_only.py
[2024-12-22T11:30:22.746+0000] {processor.py:914} INFO - Processing file /home/airflow/.local/lib/python3.12/site-packages/airflow/example_dags/example_latest_only.py for tasks to queue
[2024-12-22T11:30:22.753+0000] {logging_mixin.py:190} INFO - [2024-12-22T11:30:22.751+0000] {dagbag.py:588} INFO - Filling up the DagBag from /home/airflow/.local/lib/python3.12/site-packages/airflow/example_dags/example_latest_only.py
[2024-12-22T11:30:22.796+0000] {processor.py:925} INFO - DAG(s) 'latest_only' retrieved from /home/airflow/.local/lib/python3.12/site-packages/airflow/example_dags/example_latest_only.py
[2024-12-22T11:30:22.927+0000] {logging_mixin.py:190} INFO - [2024-12-22T11:30:22.925+0000] {dag.py:3239} INFO - Sync 1 DAGs
[2024-12-22T11:30:23.077+0000] {logging_mixin.py:190} INFO - [2024-12-22T11:30:23.076+0000] {dag.py:4180} INFO - Setting next_dagrun for latest_only to 2024-12-22 04:00:00+00:00, run_after=2024-12-22 08:00:00+00:00
[2024-12-22T11:30:24.015+0000] {processor.py:208} INFO - Processing /home/airflow/.local/lib/python3.12/site-packages/airflow/example_dags/example_latest_only.py took 1.308 seconds
[2024-12-22T11:30:54.889+0000] {processor.py:186} INFO - Started process (PID=1525) to work on /home/airflow/.local/lib/python3.12/site-packages/airflow/example_dags/example_latest_only.py
[2024-12-22T11:30:54.895+0000] {processor.py:914} INFO - Processing file /home/airflow/.local/lib/python3.12/site-packages/airflow/example_dags/example_latest_only.py for tasks to queue
[2024-12-22T11:30:54.913+0000] {logging_mixin.py:190} INFO - [2024-12-22T11:30:54.911+0000] {dagbag.py:588} INFO - Filling up the DagBag from /home/airflow/.local/lib/python3.12/site-packages/airflow/example_dags/example_latest_only.py
[2024-12-22T11:30:54.944+0000] {processor.py:925} INFO - DAG(s) 'latest_only' retrieved from /home/airflow/.local/lib/python3.12/site-packages/airflow/example_dags/example_latest_only.py
[2024-12-22T11:30:54.989+0000] {logging_mixin.py:190} INFO - [2024-12-22T11:30:54.988+0000] {dag.py:3239} INFO - Sync 1 DAGs
[2024-12-22T11:30:54.647+0000] {logging_mixin.py:190} INFO - [2024-12-22T11:30:54.647+0000] {dag.py:4180} INFO - Setting next_dagrun for latest_only to 2024-12-22 04:00:00+00:00, run_after=2024-12-22 08:00:00+00:00
[2024-12-22T11:30:54.695+0000] {processor.py:208} INFO - Processing /home/airflow/.local/lib/python3.12/site-packages/airflow/example_dags/example_latest_only.py took 0.261 seconds
[2024-12-22T11:31:26.335+0000] {processor.py:186} INFO - Started process (PID=1590) to work on /home/airflow/.local/lib/python3.12/site-packages/airflow/example_dags/example_latest_only.py
[2024-12-22T11:31:26.342+0000] {processor.py:914} INFO - Processing file /home/airflow/.local/lib/python3.12/site-packages/airflow/example_dags/example_latest_only.py for tasks to queue
[2024-12-22T11:31:26.349+0000] {logging_mixin.py:190} INFO - [2024-12-22T11:31:26.348+0000] {dagbag.py:588} INFO - Filling up the DagBag from /home/airflow/.local/lib/python3.12/site-packages/airflow/example_dags/example_latest_only.py
[2024-12-22T11:31:26.388+0000] {processor.py:925} INFO - DAG(s) 'latest_only' retrieved from /home/airflow/.local/lib/python3.12/site-packages/airflow/example_dags/example_latest_only.py
[2024-12-22T11:31:26.468+0000] {logging_mixin.py:190} INFO - [2024-12-22T11:31:26.467+0000] {dag.py:3239} INFO - Sync 1 DAGs
[2024-12-22T11:31:26.578+0000] {logging_mixin.py:190} INFO - [2024-12-22T11:31:26.577+0000] {dag.py:4180} INFO - Setting next_dagrun for latest_only to 2024-12-22 04:00:00+00:00, run_after=2024-12-22 08:00:00+00:00
[2024-12-22T11:31:26.645+0000] {processor.py:208} INFO - Processing /home/airflow/.local/lib/python3.12/site-packages/airflow/example_dags/example_latest_only.py took 0.338 seconds
[2024-12-22T11:31:57.329+0000] {processor.py:186} INFO - Started process (PID=1655) to work on /home/airflow/.local/lib/python3.12/site-packages/airflow/example_dags/example_latest_only.py
[2024-12-22T11:31:57.333+0000] {processor.py:914} INFO - Processing file /home/airflow/.local/lib/python3.12/site-packages/airflow/example_dags/example_latest_only.py for tasks to queue
[2024-12-22T11:31:57.341+0000] {logging_mixin.py:190} INFO - [2024-12-22T11:31:57.340+0000] {dagbag.py:588} INFO - Filling up the DagBag from /home/airflow/.local/lib/python3.12/site-packages/airflow/example_dags/example_latest_only.py
[2024-12-22T11:31:57.377+0000] {processor.py:925} INFO - DAG(s) 'latest_only' retrieved from /home/airflow/.local/lib/python3.12/site-packages/airflow/example_dags/example_latest_only.py
[2024-12-22T11:31:57.431+0000] {logging_mixin.py:190} INFO - [2024-12-22T11:31:57.431+0000] {dag.py:3239} INFO - Sync 1 DAGs
[2024-12-22T11:31:57.527+0000] {logging_mixin.py:190} INFO - [2024-12-22T11:31:57.526+0000] {dag.py:4180} INFO - Setting next_dagrun for latest_only to 2024-12-22 04:00:00+00:00, run_after=2024-12-22 08:00:00+00:00
[2024-12-22T11:31:57.584+0000] {processor.py:208} INFO - Processing /home/airflow/.local/lib/python3.12/site-packages/airflow/example_dags/example_latest_only.py took 0.275 seconds
[2024-12-22T11:32:35.664+0000] {processor.py:186} INFO - Started process (PID=1726) to work on /home/airflow/.local/lib/python3.12/site-packages/airflow/example_dags/example_latest_only.py
[2024-12-22T11:32:35.667+0000] {processor.py:914} INFO - Processing file /home/airflow/.local/lib/python3.12/site-packages/airflow/example_dags/example_latest_only.py for tasks to queue
[2024-12-22T11:32:35.673+0000] {logging_mixin.py:190} INFO - [2024-12-22T11:32:35.672+0000] {dagbag.py:588} INFO - Filling up the DagBag from /home/airflow/.local/lib/python3.12/site-packages/airflow/example_dags/example_latest_only.py
[2024-12-22T11:32:35.713+0000] {processor.py:925} INFO - DAG(s) 'latest_only' retrieved from /home/airflow/.local/lib/python3.12/site-packages/airflow/example_dags/example_latest_only.py
[2024-12-22T11:32:35.794+0000] {logging_mixin.py:190} INFO - [2024-12-22T11:32:35.793+0000] {dag.py:3239} INFO - Sync 1 DAGs
[2024-12-22T11:32:35.875+0000] {logging_mixin.py:190} INFO - [2024-12-22T11:32:35.875+0000] {dag.py:4180} INFO - Setting next_dagrun for latest_only to 2024-12-22 04:00:00+00:00, run_after=2024-12-22 08:00:00+00:00
[2024-12-22T11:32:35.954+0000] {processor.py:208} INFO - Processing /home/airflow/.local/lib/python3.12/site-packages/airflow/example_dags/example_latest_only.py took 0.318 seconds
[2024-12-22T11:33:11.200+0000] {processor.py:186} INFO - Started process (PID=1782) to work on /home/airflow/.local/lib/python3.12/site-packages/airflow/example_dags/example_latest_only.py
[2024-12-22T11:33:11.203+0000] {processor.py:914} INFO - Processing file /home/airflow/.local/lib/python3.12/site-packages/airflow/example_dags/example_latest_only.py for tasks to queue
[2024-12-22T11:33:11.208+0000] {logging_mixin.py:190} INFO - [2024-12-22T11:33:11.206+0000] {dagbag.py:588} INFO - Filling up the DagBag from /home/airflow/.local/lib/python3.12/site-packages/airflow/example_dags/example_latest_only.py
[2024-12-22T11:33:11.236+0000] {processor.py:925} INFO - DAG(s) 'latest_only' retrieved from /home/airflow/.local/lib/python3.12/site-packages/airflow/example_dags/example_latest_only.py
[2024-12-22T11:33:11.293+0000] {logging_mixin.py:190} INFO - [2024-12-22T11:33:11.292+0000] {dag.py:3239} INFO - Sync 1 DAGs
[2024-12-22T11:33:11.392+0000] {logging_mixin.py:190} INFO - [2024-12-22T11:33:11.392+0000] {dag.py:4180} INFO - Setting next_dagrun for latest_only to 2024-12-22 04:00:00+00:00, run_after=2024-12-22 08:00:00+00:00
[2024-12-22T11:33:11.451+0000] {processor.py:208} INFO - Processing /home/airflow/.local/lib/python3.12/site-packages/airflow/example_dags/example_latest_only.py took 0.269 seconds
[2024-12-22T11:33:51.129+0000] {processor.py:186} INFO - Started process (PID=1846) to work on /home/airflow/.local/lib/python3.12/site-packages/airflow/example_dags/example_latest_only.py
[2024-12-22T11:33:51.132+0000] {processor.py:914} INFO - Processing file /home/airflow/.local/lib/python3.12/site-packages/airflow/example_dags/example_latest_only.py for tasks to queue
[2024-12-22T11:33:51.137+0000] {logging_mixin.py:190} INFO - [2024-12-22T11:33:51.135+0000] {dagbag.py:588} INFO - Filling up the DagBag from /home/airflow/.local/lib/python3.12/site-packages/airflow/example_dags/example_latest_only.py
[2024-12-22T11:33:51.163+0000] {processor.py:925} INFO - DAG(s) 'latest_only' retrieved from /home/airflow/.local/lib/python3.12/site-packages/airflow/example_dags/example_latest_only.py
[2024-12-22T11:33:51.231+0000] {logging_mixin.py:190} INFO - [2024-12-22T11:33:51.231+0000] {dag.py:3239} INFO - Sync 1 DAGs
[2024-12-22T11:33:51.313+0000] {logging_mixin.py:190} INFO - [2024-12-22T11:33:51.312+0000] {dag.py:4180} INFO - Setting next_dagrun for latest_only to 2024-12-22 04:00:00+00:00, run_after=2024-12-22 08:00:00+00:00
[2024-12-22T11:33:51.367+0000] {processor.py:208} INFO - Processing /home/airflow/.local/lib/python3.12/site-packages/airflow/example_dags/example_latest_only.py took 0.259 seconds
[2024-12-22T11:34:30.070+0000] {processor.py:186} INFO - Started process (PID=1913) to work on /home/airflow/.local/lib/python3.12/site-packages/airflow/example_dags/example_latest_only.py
[2024-12-22T11:34:30.073+0000] {processor.py:914} INFO - Processing file /home/airflow/.local/lib/python3.12/site-packages/airflow/example_dags/example_latest_only.py for tasks to queue
[2024-12-22T11:34:30.079+0000] {logging_mixin.py:190} INFO - [2024-12-22T11:34:30.077+0000] {dagbag.py:588} INFO - Filling up the DagBag from /home/airflow/.local/lib/python3.12/site-packages/airflow/example_dags/example_latest_only.py
[2024-12-22T11:34:30.116+0000] {processor.py:925} INFO - DAG(s) 'latest_only' retrieved from /home/airflow/.local/lib/python3.12/site-packages/airflow/example_dags/example_latest_only.py
[2024-12-22T11:34:30.209+0000] {logging_mixin.py:190} INFO - [2024-12-22T11:34:30.208+0000] {dag.py:3239} INFO - Sync 1 DAGs
[2024-12-22T11:34:30.303+0000] {logging_mixin.py:190} INFO - [2024-12-22T11:34:30.303+0000] {dag.py:4180} INFO - Setting next_dagrun for latest_only to 2024-12-22 04:00:00+00:00, run_after=2024-12-22 08:00:00+00:00
[2024-12-22T11:34:30.354+0000] {processor.py:208} INFO - Processing /home/airflow/.local/lib/python3.12/site-packages/airflow/example_dags/example_latest_only.py took 0.318 seconds
[2024-12-22T11:35:05.428+0000] {processor.py:186} INFO - Started process (PID=1984) to work on /home/airflow/.local/lib/python3.12/site-packages/airflow/example_dags/example_latest_only.py
[2024-12-22T11:35:05.432+0000] {processor.py:914} INFO - Processing file /home/airflow/.local/lib/python3.12/site-packages/airflow/example_dags/example_latest_only.py for tasks to queue
[2024-12-22T11:35:05.439+0000] {logging_mixin.py:190} INFO - [2024-12-22T11:35:05.436+0000] {dagbag.py:588} INFO - Filling up the DagBag from /home/airflow/.local/lib/python3.12/site-packages/airflow/example_dags/example_latest_only.py
[2024-12-22T11:35:05.466+0000] {processor.py:925} INFO - DAG(s) 'latest_only' retrieved from /home/airflow/.local/lib/python3.12/site-packages/airflow/example_dags/example_latest_only.py
[2024-12-22T11:35:05.521+0000] {logging_mixin.py:190} INFO - [2024-12-22T11:35:05.520+0000] {dag.py:3239} INFO - Sync 1 DAGs
[2024-12-22T11:35:05.588+0000] {logging_mixin.py:190} INFO - [2024-12-22T11:35:05.588+0000] {dag.py:4180} INFO - Setting next_dagrun for latest_only to 2024-12-22 04:00:00+00:00, run_after=2024-12-22 08:00:00+00:00
[2024-12-22T11:35:05.634+0000] {processor.py:208} INFO - Processing /home/airflow/.local/lib/python3.12/site-packages/airflow/example_dags/example_latest_only.py took 0.236 seconds
[2024-12-22T11:35:44.731+0000] {processor.py:186} INFO - Started process (PID=2049) to work on /home/airflow/.local/lib/python3.12/site-packages/airflow/example_dags/example_latest_only.py
[2024-12-22T11:35:44.734+0000] {processor.py:914} INFO - Processing file /home/airflow/.local/lib/python3.12/site-packages/airflow/example_dags/example_latest_only.py for tasks to queue
[2024-12-22T11:35:44.738+0000] {logging_mixin.py:190} INFO - [2024-12-22T11:35:44.737+0000] {dagbag.py:588} INFO - Filling up the DagBag from /home/airflow/.local/lib/python3.12/site-packages/airflow/example_dags/example_latest_only.py
[2024-12-22T11:35:44.790+0000] {processor.py:925} INFO - DAG(s) 'latest_only' retrieved from /home/airflow/.local/lib/python3.12/site-packages/airflow/example_dags/example_latest_only.py
[2024-12-22T11:35:44.863+0000] {logging_mixin.py:190} INFO - [2024-12-22T11:35:44.862+0000] {dag.py:3239} INFO - Sync 1 DAGs
[2024-12-22T11:35:44.931+0000] {logging_mixin.py:190} INFO - [2024-12-22T11:35:44.931+0000] {dag.py:4180} INFO - Setting next_dagrun for latest_only to 2024-12-22 04:00:00+00:00, run_after=2024-12-22 08:00:00+00:00
[2024-12-22T11:35:44.968+0000] {processor.py:208} INFO - Processing /home/airflow/.local/lib/python3.12/site-packages/airflow/example_dags/example_latest_only.py took 0.257 seconds
[2024-12-22T11:36:41.775+0000] {processor.py:186} INFO - Started process (PID=2113) to work on /home/airflow/.local/lib/python3.12/site-packages/airflow/example_dags/example_latest_only.py
[2024-12-22T11:36:41.777+0000] {processor.py:914} INFO - Processing file /home/airflow/.local/lib/python3.12/site-packages/airflow/example_dags/example_latest_only.py for tasks to queue
[2024-12-22T11:36:41.779+0000] {logging_mixin.py:190} INFO - [2024-12-22T11:36:41.779+0000] {dagbag.py:588} INFO - Filling up the DagBag from /home/airflow/.local/lib/python3.12/site-packages/airflow/example_dags/example_latest_only.py
[2024-12-22T11:36:41.797+0000] {processor.py:925} INFO - DAG(s) 'latest_only' retrieved from /home/airflow/.local/lib/python3.12/site-packages/airflow/example_dags/example_latest_only.py
[2024-12-22T11:36:41.835+0000] {logging_mixin.py:190} INFO - [2024-12-22T11:36:41.835+0000] {dag.py:3239} INFO - Sync 1 DAGs
[2024-12-22T11:36:41.887+0000] {logging_mixin.py:190} INFO - [2024-12-22T11:36:41.887+0000] {dag.py:4180} INFO - Setting next_dagrun for latest_only to 2024-12-22 04:00:00+00:00, run_after=2024-12-22 08:00:00+00:00
[2024-12-22T11:36:41.927+0000] {processor.py:208} INFO - Processing /home/airflow/.local/lib/python3.12/site-packages/airflow/example_dags/example_latest_only.py took 0.168 seconds
[2024-12-22T11:37:18.151+0000] {processor.py:186} INFO - Started process (PID=2178) to work on /home/airflow/.local/lib/python3.12/site-packages/airflow/example_dags/example_latest_only.py
[2024-12-22T11:37:18.157+0000] {processor.py:914} INFO - Processing file /home/airflow/.local/lib/python3.12/site-packages/airflow/example_dags/example_latest_only.py for tasks to queue
[2024-12-22T11:37:18.164+0000] {logging_mixin.py:190} INFO - [2024-12-22T11:37:18.163+0000] {dagbag.py:588} INFO - Filling up the DagBag from /home/airflow/.local/lib/python3.12/site-packages/airflow/example_dags/example_latest_only.py
[2024-12-22T11:37:18.214+0000] {processor.py:925} INFO - DAG(s) 'latest_only' retrieved from /home/airflow/.local/lib/python3.12/site-packages/airflow/example_dags/example_latest_only.py
[2024-12-22T11:37:18.320+0000] {logging_mixin.py:190} INFO - [2024-12-22T11:37:18.319+0000] {dag.py:3239} INFO - Sync 1 DAGs
[2024-12-22T11:37:18.434+0000] {logging_mixin.py:190} INFO - [2024-12-22T11:37:18.433+0000] {dag.py:4180} INFO - Setting next_dagrun for latest_only to 2024-12-22 04:00:00+00:00, run_after=2024-12-22 08:00:00+00:00
[2024-12-22T11:37:19.518+0000] {processor.py:208} INFO - Processing /home/airflow/.local/lib/python3.12/site-packages/airflow/example_dags/example_latest_only.py took 1.403 seconds
[2024-12-22T11:38:01.534+0000] {processor.py:186} INFO - Started process (PID=2248) to work on /home/airflow/.local/lib/python3.12/site-packages/airflow/example_dags/example_latest_only.py
[2024-12-22T11:38:01.538+0000] {processor.py:914} INFO - Processing file /home/airflow/.local/lib/python3.12/site-packages/airflow/example_dags/example_latest_only.py for tasks to queue
[2024-12-22T11:38:01.543+0000] {logging_mixin.py:190} INFO - [2024-12-22T11:38:01.542+0000] {dagbag.py:588} INFO - Filling up the DagBag from /home/airflow/.local/lib/python3.12/site-packages/airflow/example_dags/example_latest_only.py
[2024-12-22T11:38:01.618+0000] {processor.py:925} INFO - DAG(s) 'latest_only' retrieved from /home/airflow/.local/lib/python3.12/site-packages/airflow/example_dags/example_latest_only.py
[2024-12-22T11:38:01.715+0000] {logging_mixin.py:190} INFO - [2024-12-22T11:38:01.715+0000] {dag.py:3239} INFO - Sync 1 DAGs
[2024-12-22T11:38:01.927+0000] {logging_mixin.py:190} INFO - [2024-12-22T11:38:01.926+0000] {dag.py:4180} INFO - Setting next_dagrun for latest_only to 2024-12-22 04:00:00+00:00, run_after=2024-12-22 08:00:00+00:00
[2024-12-22T11:38:02.004+0000] {processor.py:208} INFO - Processing /home/airflow/.local/lib/python3.12/site-packages/airflow/example_dags/example_latest_only.py took 0.514 seconds
[2024-12-22T11:38:34.579+0000] {processor.py:186} INFO - Started process (PID=2313) to work on /home/airflow/.local/lib/python3.12/site-packages/airflow/example_dags/example_latest_only.py
[2024-12-22T11:38:34.589+0000] {processor.py:914} INFO - Processing file /home/airflow/.local/lib/python3.12/site-packages/airflow/example_dags/example_latest_only.py for tasks to queue
[2024-12-22T11:38:34.596+0000] {logging_mixin.py:190} INFO - [2024-12-22T11:38:34.594+0000] {dagbag.py:588} INFO - Filling up the DagBag from /home/airflow/.local/lib/python3.12/site-packages/airflow/example_dags/example_latest_only.py
[2024-12-22T11:38:34.621+0000] {processor.py:925} INFO - DAG(s) 'latest_only' retrieved from /home/airflow/.local/lib/python3.12/site-packages/airflow/example_dags/example_latest_only.py
[2024-12-22T11:38:34.702+0000] {logging_mixin.py:190} INFO - [2024-12-22T11:38:34.702+0000] {dag.py:3239} INFO - Sync 1 DAGs
[2024-12-22T11:38:34.802+0000] {logging_mixin.py:190} INFO - [2024-12-22T11:38:34.801+0000] {dag.py:4180} INFO - Setting next_dagrun for latest_only to 2024-12-22 04:00:00+00:00, run_after=2024-12-22 08:00:00+00:00
[2024-12-22T11:38:34.856+0000] {processor.py:208} INFO - Processing /home/airflow/.local/lib/python3.12/site-packages/airflow/example_dags/example_latest_only.py took 0.341 seconds
[2024-12-22T11:39:07.450+0000] {processor.py:186} INFO - Started process (PID=2377) to work on /home/airflow/.local/lib/python3.12/site-packages/airflow/example_dags/example_latest_only.py
[2024-12-22T11:39:07.453+0000] {processor.py:914} INFO - Processing file /home/airflow/.local/lib/python3.12/site-packages/airflow/example_dags/example_latest_only.py for tasks to queue
[2024-12-22T11:39:07.457+0000] {logging_mixin.py:190} INFO - [2024-12-22T11:39:07.456+0000] {dagbag.py:588} INFO - Filling up the DagBag from /home/airflow/.local/lib/python3.12/site-packages/airflow/example_dags/example_latest_only.py
[2024-12-22T11:39:07.488+0000] {processor.py:925} INFO - DAG(s) 'latest_only' retrieved from /home/airflow/.local/lib/python3.12/site-packages/airflow/example_dags/example_latest_only.py
[2024-12-22T11:39:07.628+0000] {logging_mixin.py:190} INFO - [2024-12-22T11:39:07.627+0000] {dag.py:3239} INFO - Sync 1 DAGs
[2024-12-22T11:39:07.736+0000] {logging_mixin.py:190} INFO - [2024-12-22T11:39:07.735+0000] {dag.py:4180} INFO - Setting next_dagrun for latest_only to 2024-12-22 04:00:00+00:00, run_after=2024-12-22 08:00:00+00:00
[2024-12-22T11:39:07.850+0000] {processor.py:208} INFO - Processing /home/airflow/.local/lib/python3.12/site-packages/airflow/example_dags/example_latest_only.py took 0.421 seconds
[2024-12-22T11:39:41.185+0000] {processor.py:186} INFO - Started process (PID=2439) to work on /home/airflow/.local/lib/python3.12/site-packages/airflow/example_dags/example_latest_only.py
[2024-12-22T11:39:41.187+0000] {processor.py:914} INFO - Processing file /home/airflow/.local/lib/python3.12/site-packages/airflow/example_dags/example_latest_only.py for tasks to queue
[2024-12-22T11:39:41.190+0000] {logging_mixin.py:190} INFO - [2024-12-22T11:39:41.190+0000] {dagbag.py:588} INFO - Filling up the DagBag from /home/airflow/.local/lib/python3.12/site-packages/airflow/example_dags/example_latest_only.py
[2024-12-22T11:39:41.214+0000] {processor.py:925} INFO - DAG(s) 'latest_only' retrieved from /home/airflow/.local/lib/python3.12/site-packages/airflow/example_dags/example_latest_only.py
[2024-12-22T11:39:41.269+0000] {logging_mixin.py:190} INFO - [2024-12-22T11:39:41.268+0000] {dag.py:3239} INFO - Sync 1 DAGs
[2024-12-22T11:39:41.342+0000] {logging_mixin.py:190} INFO - [2024-12-22T11:39:41.341+0000] {dag.py:4180} INFO - Setting next_dagrun for latest_only to 2024-12-22 04:00:00+00:00, run_after=2024-12-22 08:00:00+00:00
[2024-12-22T11:39:41.388+0000] {processor.py:208} INFO - Processing /home/airflow/.local/lib/python3.12/site-packages/airflow/example_dags/example_latest_only.py took 0.219 seconds
[2024-12-22T11:40:22.581+0000] {processor.py:186} INFO - Started process (PID=2502) to work on /home/airflow/.local/lib/python3.12/site-packages/airflow/example_dags/example_latest_only.py
[2024-12-22T11:40:22.584+0000] {processor.py:914} INFO - Processing file /home/airflow/.local/lib/python3.12/site-packages/airflow/example_dags/example_latest_only.py for tasks to queue
[2024-12-22T11:40:22.587+0000] {logging_mixin.py:190} INFO - [2024-12-22T11:40:22.586+0000] {dagbag.py:588} INFO - Filling up the DagBag from /home/airflow/.local/lib/python3.12/site-packages/airflow/example_dags/example_latest_only.py
[2024-12-22T11:40:22.611+0000] {processor.py:925} INFO - DAG(s) 'latest_only' retrieved from /home/airflow/.local/lib/python3.12/site-packages/airflow/example_dags/example_latest_only.py
[2024-12-22T11:40:22.660+0000] {logging_mixin.py:190} INFO - [2024-12-22T11:40:22.659+0000] {dag.py:3239} INFO - Sync 1 DAGs
[2024-12-22T11:40:22.744+0000] {logging_mixin.py:190} INFO - [2024-12-22T11:40:22.744+0000] {dag.py:4180} INFO - Setting next_dagrun for latest_only to 2024-12-22 04:00:00+00:00, run_after=2024-12-22 08:00:00+00:00
[2024-12-22T11:40:22.793+0000] {processor.py:208} INFO - Processing /home/airflow/.local/lib/python3.12/site-packages/airflow/example_dags/example_latest_only.py took 0.229 seconds
[2024-12-22T11:41:00.814+0000] {processor.py:186} INFO - Started process (PID=2567) to work on /home/airflow/.local/lib/python3.12/site-packages/airflow/example_dags/example_latest_only.py
[2024-12-22T11:41:00.818+0000] {processor.py:914} INFO - Processing file /home/airflow/.local/lib/python3.12/site-packages/airflow/example_dags/example_latest_only.py for tasks to queue
[2024-12-22T11:41:00.826+0000] {logging_mixin.py:190} INFO - [2024-12-22T11:41:00.824+0000] {dagbag.py:588} INFO - Filling up the DagBag from /home/airflow/.local/lib/python3.12/site-packages/airflow/example_dags/example_latest_only.py
[2024-12-22T11:41:00.862+0000] {processor.py:925} INFO - DAG(s) 'latest_only' retrieved from /home/airflow/.local/lib/python3.12/site-packages/airflow/example_dags/example_latest_only.py
[2024-12-22T11:41:00.934+0000] {logging_mixin.py:190} INFO - [2024-12-22T11:41:00.933+0000] {dag.py:3239} INFO - Sync 1 DAGs
[2024-12-22T11:41:00.998+0000] {logging_mixin.py:190} INFO - [2024-12-22T11:41:00.997+0000] {dag.py:4180} INFO - Setting next_dagrun for latest_only to 2024-12-22 04:00:00+00:00, run_after=2024-12-22 08:00:00+00:00
[2024-12-22T11:41:01.054+0000] {processor.py:208} INFO - Processing /home/airflow/.local/lib/python3.12/site-packages/airflow/example_dags/example_latest_only.py took 0.258 seconds
[2024-12-22T11:41:38.677+0000] {processor.py:186} INFO - Started process (PID=2638) to work on /home/airflow/.local/lib/python3.12/site-packages/airflow/example_dags/example_latest_only.py
[2024-12-22T11:41:38.679+0000] {processor.py:914} INFO - Processing file /home/airflow/.local/lib/python3.12/site-packages/airflow/example_dags/example_latest_only.py for tasks to queue
[2024-12-22T11:41:38.684+0000] {logging_mixin.py:190} INFO - [2024-12-22T11:41:38.682+0000] {dagbag.py:588} INFO - Filling up the DagBag from /home/airflow/.local/lib/python3.12/site-packages/airflow/example_dags/example_latest_only.py
[2024-12-22T11:41:38.713+0000] {processor.py:925} INFO - DAG(s) 'latest_only' retrieved from /home/airflow/.local/lib/python3.12/site-packages/airflow/example_dags/example_latest_only.py
[2024-12-22T11:41:38.766+0000] {logging_mixin.py:190} INFO - [2024-12-22T11:41:38.766+0000] {dag.py:3239} INFO - Sync 1 DAGs
[2024-12-22T11:41:38.847+0000] {logging_mixin.py:190} INFO - [2024-12-22T11:41:38.846+0000] {dag.py:4180} INFO - Setting next_dagrun for latest_only to 2024-12-22 04:00:00+00:00, run_after=2024-12-22 08:00:00+00:00
[2024-12-22T11:41:38.898+0000] {processor.py:208} INFO - Processing /home/airflow/.local/lib/python3.12/site-packages/airflow/example_dags/example_latest_only.py took 0.240 seconds
[2024-12-22T11:43:25.720+0000] {processor.py:186} INFO - Started process (PID=2699) to work on /home/airflow/.local/lib/python3.12/site-packages/airflow/example_dags/example_latest_only.py
[2024-12-22T11:43:25.723+0000] {processor.py:914} INFO - Processing file /home/airflow/.local/lib/python3.12/site-packages/airflow/example_dags/example_latest_only.py for tasks to queue
[2024-12-22T11:43:25.726+0000] {logging_mixin.py:190} INFO - [2024-12-22T11:43:25.726+0000] {dagbag.py:588} INFO - Filling up the DagBag from /home/airflow/.local/lib/python3.12/site-packages/airflow/example_dags/example_latest_only.py
[2024-12-22T11:43:25.757+0000] {processor.py:925} INFO - DAG(s) 'latest_only' retrieved from /home/airflow/.local/lib/python3.12/site-packages/airflow/example_dags/example_latest_only.py
[2024-12-22T11:43:25.833+0000] {logging_mixin.py:190} INFO - [2024-12-22T11:43:25.832+0000] {dag.py:3239} INFO - Sync 1 DAGs
[2024-12-22T11:43:25.932+0000] {logging_mixin.py:190} INFO - [2024-12-22T11:43:25.930+0000] {dag.py:4180} INFO - Setting next_dagrun for latest_only to 2024-12-22 04:00:00+00:00, run_after=2024-12-22 08:00:00+00:00
[2024-12-22T11:43:26.030+0000] {processor.py:208} INFO - Processing /home/airflow/.local/lib/python3.12/site-packages/airflow/example_dags/example_latest_only.py took 0.327 seconds
[2024-12-22T11:50:08.881+0000] {processor.py:186} INFO - Started process (PID=115) to work on /home/airflow/.local/lib/python3.12/site-packages/airflow/example_dags/example_latest_only.py
[2024-12-22T11:50:08.883+0000] {processor.py:914} INFO - Processing file /home/airflow/.local/lib/python3.12/site-packages/airflow/example_dags/example_latest_only.py for tasks to queue
[2024-12-22T11:50:08.886+0000] {logging_mixin.py:190} INFO - [2024-12-22T11:50:08.886+0000] {dagbag.py:588} INFO - Filling up the DagBag from /home/airflow/.local/lib/python3.12/site-packages/airflow/example_dags/example_latest_only.py
[2024-12-22T11:50:08.897+0000] {processor.py:925} INFO - DAG(s) 'latest_only' retrieved from /home/airflow/.local/lib/python3.12/site-packages/airflow/example_dags/example_latest_only.py
[2024-12-22T11:50:08.922+0000] {logging_mixin.py:190} INFO - [2024-12-22T11:50:08.922+0000] {dag.py:3239} INFO - Sync 1 DAGs
[2024-12-22T11:50:08.963+0000] {logging_mixin.py:190} INFO - [2024-12-22T11:50:08.962+0000] {dag.py:4180} INFO - Setting next_dagrun for latest_only to 2024-12-22 04:00:00+00:00, run_after=2024-12-22 08:00:00+00:00
[2024-12-22T11:50:08.992+0000] {processor.py:208} INFO - Processing /home/airflow/.local/lib/python3.12/site-packages/airflow/example_dags/example_latest_only.py took 0.120 seconds
[2024-12-22T11:50:39.426+0000] {processor.py:186} INFO - Started process (PID=180) to work on /home/airflow/.local/lib/python3.12/site-packages/airflow/example_dags/example_latest_only.py
[2024-12-22T11:50:39.428+0000] {processor.py:914} INFO - Processing file /home/airflow/.local/lib/python3.12/site-packages/airflow/example_dags/example_latest_only.py for tasks to queue
[2024-12-22T11:50:39.432+0000] {logging_mixin.py:190} INFO - [2024-12-22T11:50:39.431+0000] {dagbag.py:588} INFO - Filling up the DagBag from /home/airflow/.local/lib/python3.12/site-packages/airflow/example_dags/example_latest_only.py
[2024-12-22T11:50:39.444+0000] {processor.py:925} INFO - DAG(s) 'latest_only' retrieved from /home/airflow/.local/lib/python3.12/site-packages/airflow/example_dags/example_latest_only.py
[2024-12-22T11:50:39.473+0000] {logging_mixin.py:190} INFO - [2024-12-22T11:50:39.472+0000] {dag.py:3239} INFO - Sync 1 DAGs
[2024-12-22T11:50:39.508+0000] {logging_mixin.py:190} INFO - [2024-12-22T11:50:39.508+0000] {dag.py:4180} INFO - Setting next_dagrun for latest_only to 2024-12-22 04:00:00+00:00, run_after=2024-12-22 08:00:00+00:00
[2024-12-22T11:50:39.536+0000] {processor.py:208} INFO - Processing /home/airflow/.local/lib/python3.12/site-packages/airflow/example_dags/example_latest_only.py took 0.123 seconds
[2024-12-22T11:51:17.705+0000] {processor.py:186} INFO - Started process (PID=251) to work on /home/airflow/.local/lib/python3.12/site-packages/airflow/example_dags/example_latest_only.py
[2024-12-22T11:51:17.706+0000] {processor.py:914} INFO - Processing file /home/airflow/.local/lib/python3.12/site-packages/airflow/example_dags/example_latest_only.py for tasks to queue
[2024-12-22T11:51:17.710+0000] {logging_mixin.py:190} INFO - [2024-12-22T11:51:17.709+0000] {dagbag.py:588} INFO - Filling up the DagBag from /home/airflow/.local/lib/python3.12/site-packages/airflow/example_dags/example_latest_only.py
[2024-12-22T11:51:17.720+0000] {processor.py:925} INFO - DAG(s) 'latest_only' retrieved from /home/airflow/.local/lib/python3.12/site-packages/airflow/example_dags/example_latest_only.py
[2024-12-22T11:51:17.745+0000] {logging_mixin.py:190} INFO - [2024-12-22T11:51:17.744+0000] {dag.py:3239} INFO - Sync 1 DAGs
[2024-12-22T11:51:17.778+0000] {logging_mixin.py:190} INFO - [2024-12-22T11:51:17.778+0000] {dag.py:4180} INFO - Setting next_dagrun for latest_only to 2024-12-22 04:00:00+00:00, run_after=2024-12-22 08:00:00+00:00
[2024-12-22T11:51:17.802+0000] {processor.py:208} INFO - Processing /home/airflow/.local/lib/python3.12/site-packages/airflow/example_dags/example_latest_only.py took 0.106 seconds
[2024-12-22T11:51:49.379+0000] {processor.py:186} INFO - Started process (PID=316) to work on /home/airflow/.local/lib/python3.12/site-packages/airflow/example_dags/example_latest_only.py
[2024-12-22T11:51:49.380+0000] {processor.py:914} INFO - Processing file /home/airflow/.local/lib/python3.12/site-packages/airflow/example_dags/example_latest_only.py for tasks to queue
[2024-12-22T11:51:49.383+0000] {logging_mixin.py:190} INFO - [2024-12-22T11:51:49.383+0000] {dagbag.py:588} INFO - Filling up the DagBag from /home/airflow/.local/lib/python3.12/site-packages/airflow/example_dags/example_latest_only.py
[2024-12-22T11:51:49.392+0000] {processor.py:925} INFO - DAG(s) 'latest_only' retrieved from /home/airflow/.local/lib/python3.12/site-packages/airflow/example_dags/example_latest_only.py
[2024-12-22T11:51:49.413+0000] {logging_mixin.py:190} INFO - [2024-12-22T11:51:49.412+0000] {dag.py:3239} INFO - Sync 1 DAGs
[2024-12-22T11:51:49.440+0000] {logging_mixin.py:190} INFO - [2024-12-22T11:51:49.440+0000] {dag.py:4180} INFO - Setting next_dagrun for latest_only to 2024-12-22 04:00:00+00:00, run_after=2024-12-22 08:00:00+00:00
[2024-12-22T11:51:49.465+0000] {processor.py:208} INFO - Processing /home/airflow/.local/lib/python3.12/site-packages/airflow/example_dags/example_latest_only.py took 0.093 seconds
[2024-12-22T11:52:20.445+0000] {processor.py:186} INFO - Started process (PID=381) to work on /home/airflow/.local/lib/python3.12/site-packages/airflow/example_dags/example_latest_only.py
[2024-12-22T11:52:20.446+0000] {processor.py:914} INFO - Processing file /home/airflow/.local/lib/python3.12/site-packages/airflow/example_dags/example_latest_only.py for tasks to queue
[2024-12-22T11:52:20.449+0000] {logging_mixin.py:190} INFO - [2024-12-22T11:52:20.449+0000] {dagbag.py:588} INFO - Filling up the DagBag from /home/airflow/.local/lib/python3.12/site-packages/airflow/example_dags/example_latest_only.py
[2024-12-22T11:52:20.457+0000] {processor.py:925} INFO - DAG(s) 'latest_only' retrieved from /home/airflow/.local/lib/python3.12/site-packages/airflow/example_dags/example_latest_only.py
[2024-12-22T11:52:20.479+0000] {logging_mixin.py:190} INFO - [2024-12-22T11:52:20.479+0000] {dag.py:3239} INFO - Sync 1 DAGs
[2024-12-22T11:52:20.507+0000] {logging_mixin.py:190} INFO - [2024-12-22T11:52:20.507+0000] {dag.py:4180} INFO - Setting next_dagrun for latest_only to 2024-12-22 04:00:00+00:00, run_after=2024-12-22 08:00:00+00:00
[2024-12-22T11:52:20.530+0000] {processor.py:208} INFO - Processing /home/airflow/.local/lib/python3.12/site-packages/airflow/example_dags/example_latest_only.py took 0.093 seconds
[2024-12-22T11:52:52.862+0000] {processor.py:186} INFO - Started process (PID=446) to work on /home/airflow/.local/lib/python3.12/site-packages/airflow/example_dags/example_latest_only.py
[2024-12-22T11:52:52.864+0000] {processor.py:914} INFO - Processing file /home/airflow/.local/lib/python3.12/site-packages/airflow/example_dags/example_latest_only.py for tasks to queue
[2024-12-22T11:52:52.867+0000] {logging_mixin.py:190} INFO - [2024-12-22T11:52:52.867+0000] {dagbag.py:588} INFO - Filling up the DagBag from /home/airflow/.local/lib/python3.12/site-packages/airflow/example_dags/example_latest_only.py
[2024-12-22T11:52:52.876+0000] {processor.py:925} INFO - DAG(s) 'latest_only' retrieved from /home/airflow/.local/lib/python3.12/site-packages/airflow/example_dags/example_latest_only.py
[2024-12-22T11:52:52.900+0000] {logging_mixin.py:190} INFO - [2024-12-22T11:52:52.900+0000] {dag.py:3239} INFO - Sync 1 DAGs
[2024-12-22T11:52:52.930+0000] {logging_mixin.py:190} INFO - [2024-12-22T11:52:52.930+0000] {dag.py:4180} INFO - Setting next_dagrun for latest_only to 2024-12-22 04:00:00+00:00, run_after=2024-12-22 08:00:00+00:00
[2024-12-22T11:52:52.953+0000] {processor.py:208} INFO - Processing /home/airflow/.local/lib/python3.12/site-packages/airflow/example_dags/example_latest_only.py took 0.099 seconds
[2024-12-22T11:53:23.490+0000] {processor.py:186} INFO - Started process (PID=511) to work on /home/airflow/.local/lib/python3.12/site-packages/airflow/example_dags/example_latest_only.py
[2024-12-22T11:53:23.492+0000] {processor.py:914} INFO - Processing file /home/airflow/.local/lib/python3.12/site-packages/airflow/example_dags/example_latest_only.py for tasks to queue
[2024-12-22T11:53:23.496+0000] {logging_mixin.py:190} INFO - [2024-12-22T11:53:23.496+0000] {dagbag.py:588} INFO - Filling up the DagBag from /home/airflow/.local/lib/python3.12/site-packages/airflow/example_dags/example_latest_only.py
[2024-12-22T11:53:23.518+0000] {processor.py:925} INFO - DAG(s) 'latest_only' retrieved from /home/airflow/.local/lib/python3.12/site-packages/airflow/example_dags/example_latest_only.py
[2024-12-22T11:53:23.560+0000] {logging_mixin.py:190} INFO - [2024-12-22T11:53:23.559+0000] {dag.py:3239} INFO - Sync 1 DAGs
[2024-12-22T11:53:23.595+0000] {logging_mixin.py:190} INFO - [2024-12-22T11:53:23.595+0000] {dag.py:4180} INFO - Setting next_dagrun for latest_only to 2024-12-22 04:00:00+00:00, run_after=2024-12-22 08:00:00+00:00
[2024-12-22T11:53:23.618+0000] {processor.py:208} INFO - Processing /home/airflow/.local/lib/python3.12/site-packages/airflow/example_dags/example_latest_only.py took 0.140 seconds
[2024-12-22T11:53:55.643+0000] {processor.py:186} INFO - Started process (PID=576) to work on /home/airflow/.local/lib/python3.12/site-packages/airflow/example_dags/example_latest_only.py
[2024-12-22T11:53:55.644+0000] {processor.py:914} INFO - Processing file /home/airflow/.local/lib/python3.12/site-packages/airflow/example_dags/example_latest_only.py for tasks to queue
[2024-12-22T11:53:55.648+0000] {logging_mixin.py:190} INFO - [2024-12-22T11:53:55.647+0000] {dagbag.py:588} INFO - Filling up the DagBag from /home/airflow/.local/lib/python3.12/site-packages/airflow/example_dags/example_latest_only.py
[2024-12-22T11:53:55.659+0000] {processor.py:925} INFO - DAG(s) 'latest_only' retrieved from /home/airflow/.local/lib/python3.12/site-packages/airflow/example_dags/example_latest_only.py
[2024-12-22T11:53:55.685+0000] {logging_mixin.py:190} INFO - [2024-12-22T11:53:55.684+0000] {dag.py:3239} INFO - Sync 1 DAGs
[2024-12-22T11:53:55.719+0000] {logging_mixin.py:190} INFO - [2024-12-22T11:53:55.719+0000] {dag.py:4180} INFO - Setting next_dagrun for latest_only to 2024-12-22 04:00:00+00:00, run_after=2024-12-22 08:00:00+00:00
[2024-12-22T11:53:55.745+0000] {processor.py:208} INFO - Processing /home/airflow/.local/lib/python3.12/site-packages/airflow/example_dags/example_latest_only.py took 0.109 seconds
[2024-12-22T11:54:29.972+0000] {processor.py:186} INFO - Started process (PID=641) to work on /home/airflow/.local/lib/python3.12/site-packages/airflow/example_dags/example_latest_only.py
[2024-12-22T11:54:29.982+0000] {processor.py:914} INFO - Processing file /home/airflow/.local/lib/python3.12/site-packages/airflow/example_dags/example_latest_only.py for tasks to queue
[2024-12-22T11:54:29.998+0000] {logging_mixin.py:190} INFO - [2024-12-22T11:54:29.988+0000] {dagbag.py:588} INFO - Filling up the DagBag from /home/airflow/.local/lib/python3.12/site-packages/airflow/example_dags/example_latest_only.py
[2024-12-22T11:54:30.027+0000] {processor.py:925} INFO - DAG(s) 'latest_only' retrieved from /home/airflow/.local/lib/python3.12/site-packages/airflow/example_dags/example_latest_only.py
[2024-12-22T11:54:30.083+0000] {logging_mixin.py:190} INFO - [2024-12-22T11:54:30.083+0000] {dag.py:3239} INFO - Sync 1 DAGs
[2024-12-22T11:54:30.136+0000] {logging_mixin.py:190} INFO - [2024-12-22T11:54:30.136+0000] {dag.py:4180} INFO - Setting next_dagrun for latest_only to 2024-12-22 04:00:00+00:00, run_after=2024-12-22 08:00:00+00:00
[2024-12-22T11:54:30.177+0000] {processor.py:208} INFO - Processing /home/airflow/.local/lib/python3.12/site-packages/airflow/example_dags/example_latest_only.py took 0.231 seconds
[2024-12-22T11:55:00.728+0000] {processor.py:186} INFO - Started process (PID=706) to work on /home/airflow/.local/lib/python3.12/site-packages/airflow/example_dags/example_latest_only.py
[2024-12-22T11:55:00.729+0000] {processor.py:914} INFO - Processing file /home/airflow/.local/lib/python3.12/site-packages/airflow/example_dags/example_latest_only.py for tasks to queue
[2024-12-22T11:55:00.732+0000] {logging_mixin.py:190} INFO - [2024-12-22T11:55:00.732+0000] {dagbag.py:588} INFO - Filling up the DagBag from /home/airflow/.local/lib/python3.12/site-packages/airflow/example_dags/example_latest_only.py
[2024-12-22T11:55:00.741+0000] {processor.py:925} INFO - DAG(s) 'latest_only' retrieved from /home/airflow/.local/lib/python3.12/site-packages/airflow/example_dags/example_latest_only.py
[2024-12-22T11:55:00.766+0000] {logging_mixin.py:190} INFO - [2024-12-22T11:55:00.766+0000] {dag.py:3239} INFO - Sync 1 DAGs
[2024-12-22T11:55:00.799+0000] {logging_mixin.py:190} INFO - [2024-12-22T11:55:00.799+0000] {dag.py:4180} INFO - Setting next_dagrun for latest_only to 2024-12-22 04:00:00+00:00, run_after=2024-12-22 08:00:00+00:00
[2024-12-22T11:55:00.823+0000] {processor.py:208} INFO - Processing /home/airflow/.local/lib/python3.12/site-packages/airflow/example_dags/example_latest_only.py took 0.103 seconds
[2024-12-22T11:56:39.568+0000] {processor.py:186} INFO - Started process (PID=117) to work on /home/airflow/.local/lib/python3.12/site-packages/airflow/example_dags/example_latest_only.py
[2024-12-22T11:56:39.570+0000] {processor.py:914} INFO - Processing file /home/airflow/.local/lib/python3.12/site-packages/airflow/example_dags/example_latest_only.py for tasks to queue
[2024-12-22T11:56:39.574+0000] {logging_mixin.py:190} INFO - [2024-12-22T11:56:39.574+0000] {dagbag.py:588} INFO - Filling up the DagBag from /home/airflow/.local/lib/python3.12/site-packages/airflow/example_dags/example_latest_only.py
[2024-12-22T11:56:39.590+0000] {processor.py:925} INFO - DAG(s) 'latest_only' retrieved from /home/airflow/.local/lib/python3.12/site-packages/airflow/example_dags/example_latest_only.py
[2024-12-22T11:56:39.627+0000] {logging_mixin.py:190} INFO - [2024-12-22T11:56:39.626+0000] {dag.py:3239} INFO - Sync 1 DAGs
[2024-12-22T11:56:39.674+0000] {logging_mixin.py:190} INFO - [2024-12-22T11:56:39.674+0000] {dag.py:4180} INFO - Setting next_dagrun for latest_only to 2024-12-22 04:00:00+00:00, run_after=2024-12-22 08:00:00+00:00
[2024-12-22T11:56:39.717+0000] {processor.py:208} INFO - Processing /home/airflow/.local/lib/python3.12/site-packages/airflow/example_dags/example_latest_only.py took 0.164 seconds
[2024-12-22T11:57:12.586+0000] {processor.py:186} INFO - Started process (PID=183) to work on /home/airflow/.local/lib/python3.12/site-packages/airflow/example_dags/example_latest_only.py
[2024-12-22T11:57:12.595+0000] {processor.py:914} INFO - Processing file /home/airflow/.local/lib/python3.12/site-packages/airflow/example_dags/example_latest_only.py for tasks to queue
[2024-12-22T11:57:12.605+0000] {logging_mixin.py:190} INFO - [2024-12-22T11:57:12.604+0000] {dagbag.py:588} INFO - Filling up the DagBag from /home/airflow/.local/lib/python3.12/site-packages/airflow/example_dags/example_latest_only.py
[2024-12-22T11:57:12.623+0000] {processor.py:925} INFO - DAG(s) 'latest_only' retrieved from /home/airflow/.local/lib/python3.12/site-packages/airflow/example_dags/example_latest_only.py
[2024-12-22T11:57:12.664+0000] {logging_mixin.py:190} INFO - [2024-12-22T11:57:12.664+0000] {dag.py:3239} INFO - Sync 1 DAGs
[2024-12-22T11:57:12.722+0000] {logging_mixin.py:190} INFO - [2024-12-22T11:57:12.722+0000] {dag.py:4180} INFO - Setting next_dagrun for latest_only to 2024-12-22 04:00:00+00:00, run_after=2024-12-22 08:00:00+00:00
[2024-12-22T11:57:12.755+0000] {processor.py:208} INFO - Processing /home/airflow/.local/lib/python3.12/site-packages/airflow/example_dags/example_latest_only.py took 0.205 seconds
