[2024-12-22T11:18:05.807+0000] {processor.py:186} INFO - Started process (PID=117) to work on /home/airflow/.local/lib/python3.12/site-packages/airflow/example_dags/example_bash_operator.py
[2024-12-22T11:18:05.819+0000] {processor.py:914} INFO - Processing file /home/airflow/.local/lib/python3.12/site-packages/airflow/example_dags/example_bash_operator.py for tasks to queue
[2024-12-22T11:18:05.825+0000] {logging_mixin.py:190} INFO - [2024-12-22T11:18:05.824+0000] {dagbag.py:588} INFO - Filling up the DagBag from /home/airflow/.local/lib/python3.12/site-packages/airflow/example_dags/example_bash_operator.py
[2024-12-22T11:18:05.887+0000] {processor.py:925} INFO - DAG(s) 'example_bash_operator' retrieved from /home/airflow/.local/lib/python3.12/site-packages/airflow/example_dags/example_bash_operator.py
[2024-12-22T11:18:05.961+0000] {logging_mixin.py:190} INFO - [2024-12-22T11:18:05.960+0000] {dag.py:3239} INFO - Sync 1 DAGs
[2024-12-22T11:18:06.020+0000] {logging_mixin.py:190} INFO - [2024-12-22T11:18:06.020+0000] {dag.py:4180} INFO - Setting next_dagrun for example_bash_operator to 2024-12-21 00:00:00+00:00, run_after=2024-12-22 00:00:00+00:00
[2024-12-22T11:18:06.085+0000] {processor.py:208} INFO - Processing /home/airflow/.local/lib/python3.12/site-packages/airflow/example_dags/example_bash_operator.py took 0.307 seconds
[2024-12-22T11:18:40.530+0000] {processor.py:186} INFO - Started process (PID=182) to work on /home/airflow/.local/lib/python3.12/site-packages/airflow/example_dags/example_bash_operator.py
[2024-12-22T11:18:40.533+0000] {processor.py:914} INFO - Processing file /home/airflow/.local/lib/python3.12/site-packages/airflow/example_dags/example_bash_operator.py for tasks to queue
[2024-12-22T11:18:40.539+0000] {logging_mixin.py:190} INFO - [2024-12-22T11:18:40.538+0000] {dagbag.py:588} INFO - Filling up the DagBag from /home/airflow/.local/lib/python3.12/site-packages/airflow/example_dags/example_bash_operator.py
[2024-12-22T11:18:40.579+0000] {processor.py:925} INFO - DAG(s) 'example_bash_operator' retrieved from /home/airflow/.local/lib/python3.12/site-packages/airflow/example_dags/example_bash_operator.py
[2024-12-22T11:18:40.676+0000] {logging_mixin.py:190} INFO - [2024-12-22T11:18:40.676+0000] {dag.py:3239} INFO - Sync 1 DAGs
[2024-12-22T11:18:40.762+0000] {logging_mixin.py:190} INFO - [2024-12-22T11:18:40.760+0000] {dag.py:4180} INFO - Setting next_dagrun for example_bash_operator to 2024-12-21 00:00:00+00:00, run_after=2024-12-22 00:00:00+00:00
[2024-12-22T11:18:40.835+0000] {processor.py:208} INFO - Processing /home/airflow/.local/lib/python3.12/site-packages/airflow/example_dags/example_bash_operator.py took 0.321 seconds
[2024-12-22T11:19:18.660+0000] {processor.py:186} INFO - Started process (PID=247) to work on /home/airflow/.local/lib/python3.12/site-packages/airflow/example_dags/example_bash_operator.py
[2024-12-22T11:19:18.666+0000] {processor.py:914} INFO - Processing file /home/airflow/.local/lib/python3.12/site-packages/airflow/example_dags/example_bash_operator.py for tasks to queue
[2024-12-22T11:19:18.701+0000] {logging_mixin.py:190} INFO - [2024-12-22T11:19:18.689+0000] {dagbag.py:588} INFO - Filling up the DagBag from /home/airflow/.local/lib/python3.12/site-packages/airflow/example_dags/example_bash_operator.py
[2024-12-22T11:19:18.762+0000] {processor.py:925} INFO - DAG(s) 'example_bash_operator' retrieved from /home/airflow/.local/lib/python3.12/site-packages/airflow/example_dags/example_bash_operator.py
[2024-12-22T11:19:18.864+0000] {logging_mixin.py:190} INFO - [2024-12-22T11:19:18.863+0000] {dag.py:3239} INFO - Sync 1 DAGs
[2024-12-22T11:19:19.021+0000] {logging_mixin.py:190} INFO - [2024-12-22T11:19:19.020+0000] {dag.py:4180} INFO - Setting next_dagrun for example_bash_operator to 2024-12-21 00:00:00+00:00, run_after=2024-12-22 00:00:00+00:00
[2024-12-22T11:19:20.032+0000] {processor.py:208} INFO - Processing /home/airflow/.local/lib/python3.12/site-packages/airflow/example_dags/example_bash_operator.py took 1.434 seconds
[2024-12-22T11:19:50.418+0000] {processor.py:186} INFO - Started process (PID=313) to work on /home/airflow/.local/lib/python3.12/site-packages/airflow/example_dags/example_bash_operator.py
[2024-12-22T11:19:50.421+0000] {processor.py:914} INFO - Processing file /home/airflow/.local/lib/python3.12/site-packages/airflow/example_dags/example_bash_operator.py for tasks to queue
[2024-12-22T11:19:50.429+0000] {logging_mixin.py:190} INFO - [2024-12-22T11:19:50.427+0000] {dagbag.py:588} INFO - Filling up the DagBag from /home/airflow/.local/lib/python3.12/site-packages/airflow/example_dags/example_bash_operator.py
[2024-12-22T11:19:50.468+0000] {processor.py:925} INFO - DAG(s) 'example_bash_operator' retrieved from /home/airflow/.local/lib/python3.12/site-packages/airflow/example_dags/example_bash_operator.py
[2024-12-22T11:19:50.544+0000] {logging_mixin.py:190} INFO - [2024-12-22T11:19:50.543+0000] {dag.py:3239} INFO - Sync 1 DAGs
[2024-12-22T11:19:50.604+0000] {logging_mixin.py:190} INFO - [2024-12-22T11:19:50.603+0000] {dag.py:4180} INFO - Setting next_dagrun for example_bash_operator to 2024-12-21 00:00:00+00:00, run_after=2024-12-22 00:00:00+00:00
[2024-12-22T11:19:51.088+0000] {processor.py:208} INFO - Processing /home/airflow/.local/lib/python3.12/site-packages/airflow/example_dags/example_bash_operator.py took 0.687 seconds
[2024-12-22T11:20:27.138+0000] {processor.py:186} INFO - Started process (PID=379) to work on /home/airflow/.local/lib/python3.12/site-packages/airflow/example_dags/example_bash_operator.py
[2024-12-22T11:20:27.140+0000] {processor.py:914} INFO - Processing file /home/airflow/.local/lib/python3.12/site-packages/airflow/example_dags/example_bash_operator.py for tasks to queue
[2024-12-22T11:20:27.147+0000] {logging_mixin.py:190} INFO - [2024-12-22T11:20:27.146+0000] {dagbag.py:588} INFO - Filling up the DagBag from /home/airflow/.local/lib/python3.12/site-packages/airflow/example_dags/example_bash_operator.py
[2024-12-22T11:20:27.207+0000] {processor.py:925} INFO - DAG(s) 'example_bash_operator' retrieved from /home/airflow/.local/lib/python3.12/site-packages/airflow/example_dags/example_bash_operator.py
[2024-12-22T11:20:27.280+0000] {logging_mixin.py:190} INFO - [2024-12-22T11:20:27.279+0000] {dag.py:3239} INFO - Sync 1 DAGs
[2024-12-22T11:20:27.347+0000] {logging_mixin.py:190} INFO - [2024-12-22T11:20:27.346+0000] {dag.py:4180} INFO - Setting next_dagrun for example_bash_operator to 2024-12-21 00:00:00+00:00, run_after=2024-12-22 00:00:00+00:00
[2024-12-22T11:20:27.389+0000] {processor.py:208} INFO - Processing /home/airflow/.local/lib/python3.12/site-packages/airflow/example_dags/example_bash_operator.py took 0.270 seconds
[2024-12-22T11:20:58.312+0000] {processor.py:186} INFO - Started process (PID=444) to work on /home/airflow/.local/lib/python3.12/site-packages/airflow/example_dags/example_bash_operator.py
[2024-12-22T11:20:58.314+0000] {processor.py:914} INFO - Processing file /home/airflow/.local/lib/python3.12/site-packages/airflow/example_dags/example_bash_operator.py for tasks to queue
[2024-12-22T11:20:58.321+0000] {logging_mixin.py:190} INFO - [2024-12-22T11:20:58.320+0000] {dagbag.py:588} INFO - Filling up the DagBag from /home/airflow/.local/lib/python3.12/site-packages/airflow/example_dags/example_bash_operator.py
[2024-12-22T11:20:58.389+0000] {processor.py:925} INFO - DAG(s) 'example_bash_operator' retrieved from /home/airflow/.local/lib/python3.12/site-packages/airflow/example_dags/example_bash_operator.py
[2024-12-22T11:20:58.487+0000] {logging_mixin.py:190} INFO - [2024-12-22T11:20:58.487+0000] {dag.py:3239} INFO - Sync 1 DAGs
[2024-12-22T11:20:58.580+0000] {logging_mixin.py:190} INFO - [2024-12-22T11:20:58.579+0000] {dag.py:4180} INFO - Setting next_dagrun for example_bash_operator to 2024-12-21 00:00:00+00:00, run_after=2024-12-22 00:00:00+00:00
[2024-12-22T11:20:58.641+0000] {processor.py:208} INFO - Processing /home/airflow/.local/lib/python3.12/site-packages/airflow/example_dags/example_bash_operator.py took 0.348 seconds
[2024-12-22T11:21:36.560+0000] {processor.py:186} INFO - Started process (PID=516) to work on /home/airflow/.local/lib/python3.12/site-packages/airflow/example_dags/example_bash_operator.py
[2024-12-22T11:21:36.562+0000] {processor.py:914} INFO - Processing file /home/airflow/.local/lib/python3.12/site-packages/airflow/example_dags/example_bash_operator.py for tasks to queue
[2024-12-22T11:21:36.568+0000] {logging_mixin.py:190} INFO - [2024-12-22T11:21:36.567+0000] {dagbag.py:588} INFO - Filling up the DagBag from /home/airflow/.local/lib/python3.12/site-packages/airflow/example_dags/example_bash_operator.py
[2024-12-22T11:21:36.598+0000] {processor.py:925} INFO - DAG(s) 'example_bash_operator' retrieved from /home/airflow/.local/lib/python3.12/site-packages/airflow/example_dags/example_bash_operator.py
[2024-12-22T11:21:36.659+0000] {logging_mixin.py:190} INFO - [2024-12-22T11:21:36.659+0000] {dag.py:3239} INFO - Sync 1 DAGs
[2024-12-22T11:21:36.711+0000] {logging_mixin.py:190} INFO - [2024-12-22T11:21:36.711+0000] {dag.py:4180} INFO - Setting next_dagrun for example_bash_operator to 2024-12-21 00:00:00+00:00, run_after=2024-12-22 00:00:00+00:00
[2024-12-22T11:21:36.749+0000] {processor.py:208} INFO - Processing /home/airflow/.local/lib/python3.12/site-packages/airflow/example_dags/example_bash_operator.py took 0.204 seconds
[2024-12-22T11:22:12.747+0000] {processor.py:186} INFO - Started process (PID=581) to work on /home/airflow/.local/lib/python3.12/site-packages/airflow/example_dags/example_bash_operator.py
[2024-12-22T11:22:12.749+0000] {processor.py:914} INFO - Processing file /home/airflow/.local/lib/python3.12/site-packages/airflow/example_dags/example_bash_operator.py for tasks to queue
[2024-12-22T11:22:12.756+0000] {logging_mixin.py:190} INFO - [2024-12-22T11:22:12.755+0000] {dagbag.py:588} INFO - Filling up the DagBag from /home/airflow/.local/lib/python3.12/site-packages/airflow/example_dags/example_bash_operator.py
[2024-12-22T11:22:12.793+0000] {processor.py:925} INFO - DAG(s) 'example_bash_operator' retrieved from /home/airflow/.local/lib/python3.12/site-packages/airflow/example_dags/example_bash_operator.py
[2024-12-22T11:22:12.866+0000] {logging_mixin.py:190} INFO - [2024-12-22T11:22:12.866+0000] {dag.py:3239} INFO - Sync 1 DAGs
[2024-12-22T11:22:12.935+0000] {logging_mixin.py:190} INFO - [2024-12-22T11:22:12.935+0000] {dag.py:4180} INFO - Setting next_dagrun for example_bash_operator to 2024-12-21 00:00:00+00:00, run_after=2024-12-22 00:00:00+00:00
[2024-12-22T11:22:12.977+0000] {processor.py:208} INFO - Processing /home/airflow/.local/lib/python3.12/site-packages/airflow/example_dags/example_bash_operator.py took 0.256 seconds
[2024-12-22T11:22:48.334+0000] {processor.py:186} INFO - Started process (PID=646) to work on /home/airflow/.local/lib/python3.12/site-packages/airflow/example_dags/example_bash_operator.py
[2024-12-22T11:22:48.338+0000] {processor.py:914} INFO - Processing file /home/airflow/.local/lib/python3.12/site-packages/airflow/example_dags/example_bash_operator.py for tasks to queue
[2024-12-22T11:22:48.347+0000] {logging_mixin.py:190} INFO - [2024-12-22T11:22:48.344+0000] {dagbag.py:588} INFO - Filling up the DagBag from /home/airflow/.local/lib/python3.12/site-packages/airflow/example_dags/example_bash_operator.py
[2024-12-22T11:22:48.408+0000] {processor.py:925} INFO - DAG(s) 'example_bash_operator' retrieved from /home/airflow/.local/lib/python3.12/site-packages/airflow/example_dags/example_bash_operator.py
[2024-12-22T11:22:48.496+0000] {logging_mixin.py:190} INFO - [2024-12-22T11:22:48.495+0000] {dag.py:3239} INFO - Sync 1 DAGs
[2024-12-22T11:22:48.583+0000] {logging_mixin.py:190} INFO - [2024-12-22T11:22:48.582+0000] {dag.py:4180} INFO - Setting next_dagrun for example_bash_operator to 2024-12-21 00:00:00+00:00, run_after=2024-12-22 00:00:00+00:00
[2024-12-22T11:22:48.646+0000] {processor.py:208} INFO - Processing /home/airflow/.local/lib/python3.12/site-packages/airflow/example_dags/example_bash_operator.py took 0.334 seconds
[2024-12-22T11:23:30.109+0000] {processor.py:186} INFO - Started process (PID=715) to work on /home/airflow/.local/lib/python3.12/site-packages/airflow/example_dags/example_bash_operator.py
[2024-12-22T11:23:30.112+0000] {processor.py:914} INFO - Processing file /home/airflow/.local/lib/python3.12/site-packages/airflow/example_dags/example_bash_operator.py for tasks to queue
[2024-12-22T11:23:30.118+0000] {logging_mixin.py:190} INFO - [2024-12-22T11:23:30.117+0000] {dagbag.py:588} INFO - Filling up the DagBag from /home/airflow/.local/lib/python3.12/site-packages/airflow/example_dags/example_bash_operator.py
[2024-12-22T11:23:30.151+0000] {processor.py:925} INFO - DAG(s) 'example_bash_operator' retrieved from /home/airflow/.local/lib/python3.12/site-packages/airflow/example_dags/example_bash_operator.py
[2024-12-22T11:23:30.257+0000] {logging_mixin.py:190} INFO - [2024-12-22T11:23:30.256+0000] {dag.py:3239} INFO - Sync 1 DAGs
[2024-12-22T11:23:30.414+0000] {logging_mixin.py:190} INFO - [2024-12-22T11:23:30.413+0000] {dag.py:4180} INFO - Setting next_dagrun for example_bash_operator to 2024-12-21 00:00:00+00:00, run_after=2024-12-22 00:00:00+00:00
[2024-12-22T11:23:30.535+0000] {processor.py:208} INFO - Processing /home/airflow/.local/lib/python3.12/site-packages/airflow/example_dags/example_bash_operator.py took 0.459 seconds
[2024-12-22T11:24:06.380+0000] {processor.py:186} INFO - Started process (PID=780) to work on /home/airflow/.local/lib/python3.12/site-packages/airflow/example_dags/example_bash_operator.py
[2024-12-22T11:24:06.382+0000] {processor.py:914} INFO - Processing file /home/airflow/.local/lib/python3.12/site-packages/airflow/example_dags/example_bash_operator.py for tasks to queue
[2024-12-22T11:24:06.390+0000] {logging_mixin.py:190} INFO - [2024-12-22T11:24:06.389+0000] {dagbag.py:588} INFO - Filling up the DagBag from /home/airflow/.local/lib/python3.12/site-packages/airflow/example_dags/example_bash_operator.py
[2024-12-22T11:24:06.451+0000] {processor.py:925} INFO - DAG(s) 'example_bash_operator' retrieved from /home/airflow/.local/lib/python3.12/site-packages/airflow/example_dags/example_bash_operator.py
[2024-12-22T11:24:06.541+0000] {logging_mixin.py:190} INFO - [2024-12-22T11:24:06.540+0000] {dag.py:3239} INFO - Sync 1 DAGs
[2024-12-22T11:24:06.602+0000] {logging_mixin.py:190} INFO - [2024-12-22T11:24:06.601+0000] {dag.py:4180} INFO - Setting next_dagrun for example_bash_operator to 2024-12-21 00:00:00+00:00, run_after=2024-12-22 00:00:00+00:00
[2024-12-22T11:24:06.644+0000] {processor.py:208} INFO - Processing /home/airflow/.local/lib/python3.12/site-packages/airflow/example_dags/example_bash_operator.py took 0.277 seconds
[2024-12-22T11:24:37.108+0000] {processor.py:186} INFO - Started process (PID=845) to work on /home/airflow/.local/lib/python3.12/site-packages/airflow/example_dags/example_bash_operator.py
[2024-12-22T11:24:37.111+0000] {processor.py:914} INFO - Processing file /home/airflow/.local/lib/python3.12/site-packages/airflow/example_dags/example_bash_operator.py for tasks to queue
[2024-12-22T11:24:37.119+0000] {logging_mixin.py:190} INFO - [2024-12-22T11:24:37.118+0000] {dagbag.py:588} INFO - Filling up the DagBag from /home/airflow/.local/lib/python3.12/site-packages/airflow/example_dags/example_bash_operator.py
[2024-12-22T11:24:37.160+0000] {processor.py:925} INFO - DAG(s) 'example_bash_operator' retrieved from /home/airflow/.local/lib/python3.12/site-packages/airflow/example_dags/example_bash_operator.py
[2024-12-22T11:24:37.230+0000] {logging_mixin.py:190} INFO - [2024-12-22T11:24:37.230+0000] {dag.py:3239} INFO - Sync 1 DAGs
[2024-12-22T11:24:37.304+0000] {logging_mixin.py:190} INFO - [2024-12-22T11:24:37.303+0000] {dag.py:4180} INFO - Setting next_dagrun for example_bash_operator to 2024-12-21 00:00:00+00:00, run_after=2024-12-22 00:00:00+00:00
[2024-12-22T11:24:37.353+0000] {processor.py:208} INFO - Processing /home/airflow/.local/lib/python3.12/site-packages/airflow/example_dags/example_bash_operator.py took 0.264 seconds
[2024-12-22T11:25:07.483+0000] {processor.py:186} INFO - Started process (PID=910) to work on /home/airflow/.local/lib/python3.12/site-packages/airflow/example_dags/example_bash_operator.py
[2024-12-22T11:25:07.485+0000] {processor.py:914} INFO - Processing file /home/airflow/.local/lib/python3.12/site-packages/airflow/example_dags/example_bash_operator.py for tasks to queue
[2024-12-22T11:25:07.491+0000] {logging_mixin.py:190} INFO - [2024-12-22T11:25:07.490+0000] {dagbag.py:588} INFO - Filling up the DagBag from /home/airflow/.local/lib/python3.12/site-packages/airflow/example_dags/example_bash_operator.py
[2024-12-22T11:25:07.532+0000] {processor.py:925} INFO - DAG(s) 'example_bash_operator' retrieved from /home/airflow/.local/lib/python3.12/site-packages/airflow/example_dags/example_bash_operator.py
[2024-12-22T11:25:07.596+0000] {logging_mixin.py:190} INFO - [2024-12-22T11:25:07.596+0000] {dag.py:3239} INFO - Sync 1 DAGs
[2024-12-22T11:25:07.665+0000] {logging_mixin.py:190} INFO - [2024-12-22T11:25:07.664+0000] {dag.py:4180} INFO - Setting next_dagrun for example_bash_operator to 2024-12-21 00:00:00+00:00, run_after=2024-12-22 00:00:00+00:00
[2024-12-22T11:25:07.711+0000] {processor.py:208} INFO - Processing /home/airflow/.local/lib/python3.12/site-packages/airflow/example_dags/example_bash_operator.py took 0.247 seconds
[2024-12-22T11:25:37.910+0000] {processor.py:186} INFO - Started process (PID=975) to work on /home/airflow/.local/lib/python3.12/site-packages/airflow/example_dags/example_bash_operator.py
[2024-12-22T11:25:37.913+0000] {processor.py:914} INFO - Processing file /home/airflow/.local/lib/python3.12/site-packages/airflow/example_dags/example_bash_operator.py for tasks to queue
[2024-12-22T11:25:37.920+0000] {logging_mixin.py:190} INFO - [2024-12-22T11:25:37.919+0000] {dagbag.py:588} INFO - Filling up the DagBag from /home/airflow/.local/lib/python3.12/site-packages/airflow/example_dags/example_bash_operator.py
[2024-12-22T11:25:37.963+0000] {processor.py:925} INFO - DAG(s) 'example_bash_operator' retrieved from /home/airflow/.local/lib/python3.12/site-packages/airflow/example_dags/example_bash_operator.py
[2024-12-22T11:25:38.041+0000] {logging_mixin.py:190} INFO - [2024-12-22T11:25:38.040+0000] {dag.py:3239} INFO - Sync 1 DAGs
[2024-12-22T11:25:38.103+0000] {logging_mixin.py:190} INFO - [2024-12-22T11:25:38.103+0000] {dag.py:4180} INFO - Setting next_dagrun for example_bash_operator to 2024-12-21 00:00:00+00:00, run_after=2024-12-22 00:00:00+00:00
[2024-12-22T11:25:38.147+0000] {processor.py:208} INFO - Processing /home/airflow/.local/lib/python3.12/site-packages/airflow/example_dags/example_bash_operator.py took 0.257 seconds
[2024-12-22T11:26:36.602+0000] {processor.py:186} INFO - Started process (PID=1054) to work on /home/airflow/.local/lib/python3.12/site-packages/airflow/example_dags/example_bash_operator.py
[2024-12-22T11:26:36.605+0000] {processor.py:914} INFO - Processing file /home/airflow/.local/lib/python3.12/site-packages/airflow/example_dags/example_bash_operator.py for tasks to queue
[2024-12-22T11:26:36.611+0000] {logging_mixin.py:190} INFO - [2024-12-22T11:26:36.610+0000] {dagbag.py:588} INFO - Filling up the DagBag from /home/airflow/.local/lib/python3.12/site-packages/airflow/example_dags/example_bash_operator.py
[2024-12-22T11:26:36.648+0000] {processor.py:925} INFO - DAG(s) 'example_bash_operator' retrieved from /home/airflow/.local/lib/python3.12/site-packages/airflow/example_dags/example_bash_operator.py
[2024-12-22T11:26:36.752+0000] {logging_mixin.py:190} INFO - [2024-12-22T11:26:36.751+0000] {dag.py:3239} INFO - Sync 1 DAGs
[2024-12-22T11:26:36.854+0000] {logging_mixin.py:190} INFO - [2024-12-22T11:26:36.853+0000] {dag.py:4180} INFO - Setting next_dagrun for example_bash_operator to 2024-12-21 00:00:00+00:00, run_after=2024-12-22 00:00:00+00:00
[2024-12-22T11:26:36.940+0000] {processor.py:208} INFO - Processing /home/airflow/.local/lib/python3.12/site-packages/airflow/example_dags/example_bash_operator.py took 0.354 seconds
[2024-12-22T11:27:11.540+0000] {processor.py:186} INFO - Started process (PID=1119) to work on /home/airflow/.local/lib/python3.12/site-packages/airflow/example_dags/example_bash_operator.py
[2024-12-22T11:27:11.543+0000] {processor.py:914} INFO - Processing file /home/airflow/.local/lib/python3.12/site-packages/airflow/example_dags/example_bash_operator.py for tasks to queue
[2024-12-22T11:27:11.546+0000] {logging_mixin.py:190} INFO - [2024-12-22T11:27:11.545+0000] {dagbag.py:588} INFO - Filling up the DagBag from /home/airflow/.local/lib/python3.12/site-packages/airflow/example_dags/example_bash_operator.py
[2024-12-22T11:27:11.587+0000] {processor.py:925} INFO - DAG(s) 'example_bash_operator' retrieved from /home/airflow/.local/lib/python3.12/site-packages/airflow/example_dags/example_bash_operator.py
[2024-12-22T11:27:11.664+0000] {logging_mixin.py:190} INFO - [2024-12-22T11:27:11.664+0000] {dag.py:3239} INFO - Sync 1 DAGs
[2024-12-22T11:27:11.728+0000] {logging_mixin.py:190} INFO - [2024-12-22T11:27:11.728+0000] {dag.py:4180} INFO - Setting next_dagrun for example_bash_operator to 2024-12-21 00:00:00+00:00, run_after=2024-12-22 00:00:00+00:00
[2024-12-22T11:27:11.771+0000] {processor.py:208} INFO - Processing /home/airflow/.local/lib/python3.12/site-packages/airflow/example_dags/example_bash_operator.py took 0.254 seconds
[2024-12-22T11:27:50.856+0000] {processor.py:186} INFO - Started process (PID=1186) to work on /home/airflow/.local/lib/python3.12/site-packages/airflow/example_dags/example_bash_operator.py
[2024-12-22T11:27:50.858+0000] {processor.py:914} INFO - Processing file /home/airflow/.local/lib/python3.12/site-packages/airflow/example_dags/example_bash_operator.py for tasks to queue
[2024-12-22T11:27:50.861+0000] {logging_mixin.py:190} INFO - [2024-12-22T11:27:50.861+0000] {dagbag.py:588} INFO - Filling up the DagBag from /home/airflow/.local/lib/python3.12/site-packages/airflow/example_dags/example_bash_operator.py
[2024-12-22T11:27:50.897+0000] {processor.py:925} INFO - DAG(s) 'example_bash_operator' retrieved from /home/airflow/.local/lib/python3.12/site-packages/airflow/example_dags/example_bash_operator.py
[2024-12-22T11:27:50.974+0000] {logging_mixin.py:190} INFO - [2024-12-22T11:27:50.973+0000] {dag.py:3239} INFO - Sync 1 DAGs
[2024-12-22T11:27:51.053+0000] {logging_mixin.py:190} INFO - [2024-12-22T11:27:51.052+0000] {dag.py:4180} INFO - Setting next_dagrun for example_bash_operator to 2024-12-21 00:00:00+00:00, run_after=2024-12-22 00:00:00+00:00
[2024-12-22T11:27:51.101+0000] {processor.py:208} INFO - Processing /home/airflow/.local/lib/python3.12/site-packages/airflow/example_dags/example_bash_operator.py took 0.260 seconds
[2024-12-22T11:28:30.050+0000] {processor.py:186} INFO - Started process (PID=1257) to work on /home/airflow/.local/lib/python3.12/site-packages/airflow/example_dags/example_bash_operator.py
[2024-12-22T11:28:30.052+0000] {processor.py:914} INFO - Processing file /home/airflow/.local/lib/python3.12/site-packages/airflow/example_dags/example_bash_operator.py for tasks to queue
[2024-12-22T11:28:30.055+0000] {logging_mixin.py:190} INFO - [2024-12-22T11:28:30.054+0000] {dagbag.py:588} INFO - Filling up the DagBag from /home/airflow/.local/lib/python3.12/site-packages/airflow/example_dags/example_bash_operator.py
[2024-12-22T11:28:30.097+0000] {processor.py:925} INFO - DAG(s) 'example_bash_operator' retrieved from /home/airflow/.local/lib/python3.12/site-packages/airflow/example_dags/example_bash_operator.py
[2024-12-22T11:28:30.181+0000] {logging_mixin.py:190} INFO - [2024-12-22T11:28:30.180+0000] {dag.py:3239} INFO - Sync 1 DAGs
[2024-12-22T11:28:30.260+0000] {logging_mixin.py:190} INFO - [2024-12-22T11:28:30.259+0000] {dag.py:4180} INFO - Setting next_dagrun for example_bash_operator to 2024-12-21 00:00:00+00:00, run_after=2024-12-22 00:00:00+00:00
[2024-12-22T11:28:30.309+0000] {processor.py:208} INFO - Processing /home/airflow/.local/lib/python3.12/site-packages/airflow/example_dags/example_bash_operator.py took 0.275 seconds
[2024-12-22T11:29:07.679+0000] {processor.py:186} INFO - Started process (PID=1322) to work on /home/airflow/.local/lib/python3.12/site-packages/airflow/example_dags/example_bash_operator.py
[2024-12-22T11:29:07.682+0000] {processor.py:914} INFO - Processing file /home/airflow/.local/lib/python3.12/site-packages/airflow/example_dags/example_bash_operator.py for tasks to queue
[2024-12-22T11:29:07.686+0000] {logging_mixin.py:190} INFO - [2024-12-22T11:29:07.685+0000] {dagbag.py:588} INFO - Filling up the DagBag from /home/airflow/.local/lib/python3.12/site-packages/airflow/example_dags/example_bash_operator.py
[2024-12-22T11:29:07.725+0000] {processor.py:925} INFO - DAG(s) 'example_bash_operator' retrieved from /home/airflow/.local/lib/python3.12/site-packages/airflow/example_dags/example_bash_operator.py
[2024-12-22T11:29:07.804+0000] {logging_mixin.py:190} INFO - [2024-12-22T11:29:07.804+0000] {dag.py:3239} INFO - Sync 1 DAGs
[2024-12-22T11:29:07.878+0000] {logging_mixin.py:190} INFO - [2024-12-22T11:29:07.878+0000] {dag.py:4180} INFO - Setting next_dagrun for example_bash_operator to 2024-12-21 00:00:00+00:00, run_after=2024-12-22 00:00:00+00:00
[2024-12-22T11:29:07.931+0000] {processor.py:208} INFO - Processing /home/airflow/.local/lib/python3.12/site-packages/airflow/example_dags/example_bash_operator.py took 0.269 seconds
[2024-12-22T11:29:44.319+0000] {processor.py:186} INFO - Started process (PID=1389) to work on /home/airflow/.local/lib/python3.12/site-packages/airflow/example_dags/example_bash_operator.py
[2024-12-22T11:29:44.333+0000] {processor.py:914} INFO - Processing file /home/airflow/.local/lib/python3.12/site-packages/airflow/example_dags/example_bash_operator.py for tasks to queue
[2024-12-22T11:29:44.343+0000] {logging_mixin.py:190} INFO - [2024-12-22T11:29:44.341+0000] {dagbag.py:588} INFO - Filling up the DagBag from /home/airflow/.local/lib/python3.12/site-packages/airflow/example_dags/example_bash_operator.py
[2024-12-22T11:29:44.440+0000] {processor.py:925} INFO - DAG(s) 'example_bash_operator' retrieved from /home/airflow/.local/lib/python3.12/site-packages/airflow/example_dags/example_bash_operator.py
[2024-12-22T11:29:44.541+0000] {logging_mixin.py:190} INFO - [2024-12-22T11:29:44.540+0000] {dag.py:3239} INFO - Sync 1 DAGs
[2024-12-22T11:29:44.633+0000] {logging_mixin.py:190} INFO - [2024-12-22T11:29:44.632+0000] {dag.py:4180} INFO - Setting next_dagrun for example_bash_operator to 2024-12-21 00:00:00+00:00, run_after=2024-12-22 00:00:00+00:00
[2024-12-22T11:29:44.696+0000] {processor.py:208} INFO - Processing /home/airflow/.local/lib/python3.12/site-packages/airflow/example_dags/example_bash_operator.py took 0.429 seconds
[2024-12-22T11:30:18.588+0000] {processor.py:186} INFO - Started process (PID=1455) to work on /home/airflow/.local/lib/python3.12/site-packages/airflow/example_dags/example_bash_operator.py
[2024-12-22T11:30:18.592+0000] {processor.py:914} INFO - Processing file /home/airflow/.local/lib/python3.12/site-packages/airflow/example_dags/example_bash_operator.py for tasks to queue
[2024-12-22T11:30:18.596+0000] {logging_mixin.py:190} INFO - [2024-12-22T11:30:18.595+0000] {dagbag.py:588} INFO - Filling up the DagBag from /home/airflow/.local/lib/python3.12/site-packages/airflow/example_dags/example_bash_operator.py
[2024-12-22T11:30:18.652+0000] {processor.py:925} INFO - DAG(s) 'example_bash_operator' retrieved from /home/airflow/.local/lib/python3.12/site-packages/airflow/example_dags/example_bash_operator.py
[2024-12-22T11:30:18.744+0000] {logging_mixin.py:190} INFO - [2024-12-22T11:30:18.743+0000] {dag.py:3239} INFO - Sync 1 DAGs
[2024-12-22T11:30:18.806+0000] {logging_mixin.py:190} INFO - [2024-12-22T11:30:18.806+0000] {dag.py:4180} INFO - Setting next_dagrun for example_bash_operator to 2024-12-21 00:00:00+00:00, run_after=2024-12-22 00:00:00+00:00
[2024-12-22T11:30:19.877+0000] {processor.py:208} INFO - Processing /home/airflow/.local/lib/python3.12/site-packages/airflow/example_dags/example_bash_operator.py took 1.307 seconds
[2024-12-22T11:30:52.818+0000] {processor.py:186} INFO - Started process (PID=1520) to work on /home/airflow/.local/lib/python3.12/site-packages/airflow/example_dags/example_bash_operator.py
[2024-12-22T11:30:52.821+0000] {processor.py:914} INFO - Processing file /home/airflow/.local/lib/python3.12/site-packages/airflow/example_dags/example_bash_operator.py for tasks to queue
[2024-12-22T11:30:52.824+0000] {logging_mixin.py:190} INFO - [2024-12-22T11:30:52.823+0000] {dagbag.py:588} INFO - Filling up the DagBag from /home/airflow/.local/lib/python3.12/site-packages/airflow/example_dags/example_bash_operator.py
[2024-12-22T11:30:52.862+0000] {processor.py:925} INFO - DAG(s) 'example_bash_operator' retrieved from /home/airflow/.local/lib/python3.12/site-packages/airflow/example_dags/example_bash_operator.py
[2024-12-22T11:30:52.929+0000] {logging_mixin.py:190} INFO - [2024-12-22T11:30:52.929+0000] {dag.py:3239} INFO - Sync 1 DAGs
[2024-12-22T11:30:53.003+0000] {logging_mixin.py:190} INFO - [2024-12-22T11:30:53.003+0000] {dag.py:4180} INFO - Setting next_dagrun for example_bash_operator to 2024-12-21 00:00:00+00:00, run_after=2024-12-22 00:00:00+00:00
[2024-12-22T11:30:53.052+0000] {processor.py:208} INFO - Processing /home/airflow/.local/lib/python3.12/site-packages/airflow/example_dags/example_bash_operator.py took 0.252 seconds
[2024-12-22T11:31:25.525+0000] {processor.py:186} INFO - Started process (PID=1585) to work on /home/airflow/.local/lib/python3.12/site-packages/airflow/example_dags/example_bash_operator.py
[2024-12-22T11:31:25.527+0000] {processor.py:914} INFO - Processing file /home/airflow/.local/lib/python3.12/site-packages/airflow/example_dags/example_bash_operator.py for tasks to queue
[2024-12-22T11:31:25.531+0000] {logging_mixin.py:190} INFO - [2024-12-22T11:31:25.530+0000] {dagbag.py:588} INFO - Filling up the DagBag from /home/airflow/.local/lib/python3.12/site-packages/airflow/example_dags/example_bash_operator.py
[2024-12-22T11:31:25.565+0000] {processor.py:925} INFO - DAG(s) 'example_bash_operator' retrieved from /home/airflow/.local/lib/python3.12/site-packages/airflow/example_dags/example_bash_operator.py
[2024-12-22T11:31:25.626+0000] {logging_mixin.py:190} INFO - [2024-12-22T11:31:25.626+0000] {dag.py:3239} INFO - Sync 1 DAGs
[2024-12-22T11:31:25.686+0000] {logging_mixin.py:190} INFO - [2024-12-22T11:31:25.685+0000] {dag.py:4180} INFO - Setting next_dagrun for example_bash_operator to 2024-12-21 00:00:00+00:00, run_after=2024-12-22 00:00:00+00:00
[2024-12-22T11:31:25.731+0000] {processor.py:208} INFO - Processing /home/airflow/.local/lib/python3.12/site-packages/airflow/example_dags/example_bash_operator.py took 0.230 seconds
[2024-12-22T11:31:56.316+0000] {processor.py:186} INFO - Started process (PID=1650) to work on /home/airflow/.local/lib/python3.12/site-packages/airflow/example_dags/example_bash_operator.py
[2024-12-22T11:31:56.318+0000] {processor.py:914} INFO - Processing file /home/airflow/.local/lib/python3.12/site-packages/airflow/example_dags/example_bash_operator.py for tasks to queue
[2024-12-22T11:31:56.323+0000] {logging_mixin.py:190} INFO - [2024-12-22T11:31:56.322+0000] {dagbag.py:588} INFO - Filling up the DagBag from /home/airflow/.local/lib/python3.12/site-packages/airflow/example_dags/example_bash_operator.py
[2024-12-22T11:31:56.375+0000] {processor.py:925} INFO - DAG(s) 'example_bash_operator' retrieved from /home/airflow/.local/lib/python3.12/site-packages/airflow/example_dags/example_bash_operator.py
[2024-12-22T11:31:56.462+0000] {logging_mixin.py:190} INFO - [2024-12-22T11:31:56.462+0000] {dag.py:3239} INFO - Sync 1 DAGs
[2024-12-22T11:31:56.557+0000] {logging_mixin.py:190} INFO - [2024-12-22T11:31:56.557+0000] {dag.py:4180} INFO - Setting next_dagrun for example_bash_operator to 2024-12-21 00:00:00+00:00, run_after=2024-12-22 00:00:00+00:00
[2024-12-22T11:31:56.617+0000] {processor.py:208} INFO - Processing /home/airflow/.local/lib/python3.12/site-packages/airflow/example_dags/example_bash_operator.py took 0.316 seconds
[2024-12-22T11:32:34.600+0000] {processor.py:186} INFO - Started process (PID=1721) to work on /home/airflow/.local/lib/python3.12/site-packages/airflow/example_dags/example_bash_operator.py
[2024-12-22T11:32:34.602+0000] {processor.py:914} INFO - Processing file /home/airflow/.local/lib/python3.12/site-packages/airflow/example_dags/example_bash_operator.py for tasks to queue
[2024-12-22T11:32:34.606+0000] {logging_mixin.py:190} INFO - [2024-12-22T11:32:34.605+0000] {dagbag.py:588} INFO - Filling up the DagBag from /home/airflow/.local/lib/python3.12/site-packages/airflow/example_dags/example_bash_operator.py
[2024-12-22T11:32:34.650+0000] {processor.py:925} INFO - DAG(s) 'example_bash_operator' retrieved from /home/airflow/.local/lib/python3.12/site-packages/airflow/example_dags/example_bash_operator.py
[2024-12-22T11:32:34.729+0000] {logging_mixin.py:190} INFO - [2024-12-22T11:32:34.728+0000] {dag.py:3239} INFO - Sync 1 DAGs
[2024-12-22T11:32:34.810+0000] {logging_mixin.py:190} INFO - [2024-12-22T11:32:34.809+0000] {dag.py:4180} INFO - Setting next_dagrun for example_bash_operator to 2024-12-21 00:00:00+00:00, run_after=2024-12-22 00:00:00+00:00
[2024-12-22T11:32:34.878+0000] {processor.py:208} INFO - Processing /home/airflow/.local/lib/python3.12/site-packages/airflow/example_dags/example_bash_operator.py took 0.300 seconds
[2024-12-22T11:33:10.467+0000] {processor.py:186} INFO - Started process (PID=1777) to work on /home/airflow/.local/lib/python3.12/site-packages/airflow/example_dags/example_bash_operator.py
[2024-12-22T11:33:10.469+0000] {processor.py:914} INFO - Processing file /home/airflow/.local/lib/python3.12/site-packages/airflow/example_dags/example_bash_operator.py for tasks to queue
[2024-12-22T11:33:10.474+0000] {logging_mixin.py:190} INFO - [2024-12-22T11:33:10.473+0000] {dagbag.py:588} INFO - Filling up the DagBag from /home/airflow/.local/lib/python3.12/site-packages/airflow/example_dags/example_bash_operator.py
[2024-12-22T11:33:10.535+0000] {processor.py:925} INFO - DAG(s) 'example_bash_operator' retrieved from /home/airflow/.local/lib/python3.12/site-packages/airflow/example_dags/example_bash_operator.py
[2024-12-22T11:33:10.624+0000] {logging_mixin.py:190} INFO - [2024-12-22T11:33:10.623+0000] {dag.py:3239} INFO - Sync 1 DAGs
[2024-12-22T11:33:10.704+0000] {logging_mixin.py:190} INFO - [2024-12-22T11:33:10.703+0000] {dag.py:4180} INFO - Setting next_dagrun for example_bash_operator to 2024-12-21 00:00:00+00:00, run_after=2024-12-22 00:00:00+00:00
[2024-12-22T11:33:10.752+0000] {processor.py:208} INFO - Processing /home/airflow/.local/lib/python3.12/site-packages/airflow/example_dags/example_bash_operator.py took 0.306 seconds
[2024-12-22T11:33:50.271+0000] {processor.py:186} INFO - Started process (PID=1841) to work on /home/airflow/.local/lib/python3.12/site-packages/airflow/example_dags/example_bash_operator.py
[2024-12-22T11:33:50.273+0000] {processor.py:914} INFO - Processing file /home/airflow/.local/lib/python3.12/site-packages/airflow/example_dags/example_bash_operator.py for tasks to queue
[2024-12-22T11:33:50.277+0000] {logging_mixin.py:190} INFO - [2024-12-22T11:33:50.276+0000] {dagbag.py:588} INFO - Filling up the DagBag from /home/airflow/.local/lib/python3.12/site-packages/airflow/example_dags/example_bash_operator.py
[2024-12-22T11:33:50.321+0000] {processor.py:925} INFO - DAG(s) 'example_bash_operator' retrieved from /home/airflow/.local/lib/python3.12/site-packages/airflow/example_dags/example_bash_operator.py
[2024-12-22T11:33:50.414+0000] {logging_mixin.py:190} INFO - [2024-12-22T11:33:50.413+0000] {dag.py:3239} INFO - Sync 1 DAGs
[2024-12-22T11:33:50.517+0000] {logging_mixin.py:190} INFO - [2024-12-22T11:33:50.517+0000] {dag.py:4180} INFO - Setting next_dagrun for example_bash_operator to 2024-12-21 00:00:00+00:00, run_after=2024-12-22 00:00:00+00:00
[2024-12-22T11:33:50.571+0000] {processor.py:208} INFO - Processing /home/airflow/.local/lib/python3.12/site-packages/airflow/example_dags/example_bash_operator.py took 0.317 seconds
[2024-12-22T11:34:28.802+0000] {processor.py:186} INFO - Started process (PID=1906) to work on /home/airflow/.local/lib/python3.12/site-packages/airflow/example_dags/example_bash_operator.py
[2024-12-22T11:34:28.804+0000] {processor.py:914} INFO - Processing file /home/airflow/.local/lib/python3.12/site-packages/airflow/example_dags/example_bash_operator.py for tasks to queue
[2024-12-22T11:34:28.809+0000] {logging_mixin.py:190} INFO - [2024-12-22T11:34:28.808+0000] {dagbag.py:588} INFO - Filling up the DagBag from /home/airflow/.local/lib/python3.12/site-packages/airflow/example_dags/example_bash_operator.py
[2024-12-22T11:34:28.852+0000] {processor.py:925} INFO - DAG(s) 'example_bash_operator' retrieved from /home/airflow/.local/lib/python3.12/site-packages/airflow/example_dags/example_bash_operator.py
[2024-12-22T11:34:28.919+0000] {logging_mixin.py:190} INFO - [2024-12-22T11:34:28.918+0000] {dag.py:3239} INFO - Sync 1 DAGs
[2024-12-22T11:34:29.005+0000] {logging_mixin.py:190} INFO - [2024-12-22T11:34:29.005+0000] {dag.py:4180} INFO - Setting next_dagrun for example_bash_operator to 2024-12-21 00:00:00+00:00, run_after=2024-12-22 00:00:00+00:00
[2024-12-22T11:34:29.069+0000] {processor.py:208} INFO - Processing /home/airflow/.local/lib/python3.12/site-packages/airflow/example_dags/example_bash_operator.py took 0.286 seconds
[2024-12-22T11:35:04.530+0000] {processor.py:186} INFO - Started process (PID=1979) to work on /home/airflow/.local/lib/python3.12/site-packages/airflow/example_dags/example_bash_operator.py
[2024-12-22T11:35:04.533+0000] {processor.py:914} INFO - Processing file /home/airflow/.local/lib/python3.12/site-packages/airflow/example_dags/example_bash_operator.py for tasks to queue
[2024-12-22T11:35:04.537+0000] {logging_mixin.py:190} INFO - [2024-12-22T11:35:04.536+0000] {dagbag.py:588} INFO - Filling up the DagBag from /home/airflow/.local/lib/python3.12/site-packages/airflow/example_dags/example_bash_operator.py
[2024-12-22T11:35:04.583+0000] {processor.py:925} INFO - DAG(s) 'example_bash_operator' retrieved from /home/airflow/.local/lib/python3.12/site-packages/airflow/example_dags/example_bash_operator.py
[2024-12-22T11:35:04.691+0000] {logging_mixin.py:190} INFO - [2024-12-22T11:35:04.691+0000] {dag.py:3239} INFO - Sync 1 DAGs
[2024-12-22T11:35:04.774+0000] {logging_mixin.py:190} INFO - [2024-12-22T11:35:04.774+0000] {dag.py:4180} INFO - Setting next_dagrun for example_bash_operator to 2024-12-21 00:00:00+00:00, run_after=2024-12-22 00:00:00+00:00
[2024-12-22T11:35:04.825+0000] {processor.py:208} INFO - Processing /home/airflow/.local/lib/python3.12/site-packages/airflow/example_dags/example_bash_operator.py took 0.314 seconds
[2024-12-22T11:35:40.489+0000] {processor.py:186} INFO - Started process (PID=2044) to work on /home/airflow/.local/lib/python3.12/site-packages/airflow/example_dags/example_bash_operator.py
[2024-12-22T11:35:40.491+0000] {processor.py:914} INFO - Processing file /home/airflow/.local/lib/python3.12/site-packages/airflow/example_dags/example_bash_operator.py for tasks to queue
[2024-12-22T11:35:40.495+0000] {logging_mixin.py:190} INFO - [2024-12-22T11:35:40.494+0000] {dagbag.py:588} INFO - Filling up the DagBag from /home/airflow/.local/lib/python3.12/site-packages/airflow/example_dags/example_bash_operator.py
[2024-12-22T11:35:40.542+0000] {processor.py:925} INFO - DAG(s) 'example_bash_operator' retrieved from /home/airflow/.local/lib/python3.12/site-packages/airflow/example_dags/example_bash_operator.py
[2024-12-22T11:35:40.611+0000] {logging_mixin.py:190} INFO - [2024-12-22T11:35:40.611+0000] {dag.py:3239} INFO - Sync 1 DAGs
[2024-12-22T11:35:40.678+0000] {logging_mixin.py:190} INFO - [2024-12-22T11:35:40.677+0000] {dag.py:4180} INFO - Setting next_dagrun for example_bash_operator to 2024-12-21 00:00:00+00:00, run_after=2024-12-22 00:00:00+00:00
[2024-12-22T11:35:41.781+0000] {processor.py:208} INFO - Processing /home/airflow/.local/lib/python3.12/site-packages/airflow/example_dags/example_bash_operator.py took 1.309 seconds
[2024-12-22T11:36:39.802+0000] {processor.py:186} INFO - Started process (PID=2108) to work on /home/airflow/.local/lib/python3.12/site-packages/airflow/example_dags/example_bash_operator.py
[2024-12-22T11:36:39.805+0000] {processor.py:914} INFO - Processing file /home/airflow/.local/lib/python3.12/site-packages/airflow/example_dags/example_bash_operator.py for tasks to queue
[2024-12-22T11:36:39.810+0000] {logging_mixin.py:190} INFO - [2024-12-22T11:36:39.808+0000] {dagbag.py:588} INFO - Filling up the DagBag from /home/airflow/.local/lib/python3.12/site-packages/airflow/example_dags/example_bash_operator.py
[2024-12-22T11:36:39.867+0000] {processor.py:925} INFO - DAG(s) 'example_bash_operator' retrieved from /home/airflow/.local/lib/python3.12/site-packages/airflow/example_dags/example_bash_operator.py
[2024-12-22T11:36:39.951+0000] {logging_mixin.py:190} INFO - [2024-12-22T11:36:39.950+0000] {dag.py:3239} INFO - Sync 1 DAGs
[2024-12-22T11:36:40.073+0000] {logging_mixin.py:190} INFO - [2024-12-22T11:36:40.073+0000] {dag.py:4180} INFO - Setting next_dagrun for example_bash_operator to 2024-12-21 00:00:00+00:00, run_after=2024-12-22 00:00:00+00:00
[2024-12-22T11:36:41.176+0000] {processor.py:208} INFO - Processing /home/airflow/.local/lib/python3.12/site-packages/airflow/example_dags/example_bash_operator.py took 1.408 seconds
[2024-12-22T11:37:12.356+0000] {processor.py:186} INFO - Started process (PID=2173) to work on /home/airflow/.local/lib/python3.12/site-packages/airflow/example_dags/example_bash_operator.py
[2024-12-22T11:37:12.358+0000] {processor.py:914} INFO - Processing file /home/airflow/.local/lib/python3.12/site-packages/airflow/example_dags/example_bash_operator.py for tasks to queue
[2024-12-22T11:37:12.362+0000] {logging_mixin.py:190} INFO - [2024-12-22T11:37:12.361+0000] {dagbag.py:588} INFO - Filling up the DagBag from /home/airflow/.local/lib/python3.12/site-packages/airflow/example_dags/example_bash_operator.py
[2024-12-22T11:37:12.405+0000] {processor.py:925} INFO - DAG(s) 'example_bash_operator' retrieved from /home/airflow/.local/lib/python3.12/site-packages/airflow/example_dags/example_bash_operator.py
[2024-12-22T11:37:12.483+0000] {logging_mixin.py:190} INFO - [2024-12-22T11:37:12.483+0000] {dag.py:3239} INFO - Sync 1 DAGs
[2024-12-22T11:37:12.540+0000] {logging_mixin.py:190} INFO - [2024-12-22T11:37:12.540+0000] {dag.py:4180} INFO - Setting next_dagrun for example_bash_operator to 2024-12-21 00:00:00+00:00, run_after=2024-12-22 00:00:00+00:00
[2024-12-22T11:37:13.702+0000] {processor.py:208} INFO - Processing /home/airflow/.local/lib/python3.12/site-packages/airflow/example_dags/example_bash_operator.py took 1.364 seconds
[2024-12-22T11:37:46.859+0000] {processor.py:186} INFO - Started process (PID=2238) to work on /home/airflow/.local/lib/python3.12/site-packages/airflow/example_dags/example_bash_operator.py
[2024-12-22T11:37:46.866+0000] {processor.py:914} INFO - Processing file /home/airflow/.local/lib/python3.12/site-packages/airflow/example_dags/example_bash_operator.py for tasks to queue
[2024-12-22T11:37:46.872+0000] {logging_mixin.py:190} INFO - [2024-12-22T11:37:46.868+0000] {dagbag.py:588} INFO - Filling up the DagBag from /home/airflow/.local/lib/python3.12/site-packages/airflow/example_dags/example_bash_operator.py
[2024-12-22T11:37:46.956+0000] {processor.py:925} INFO - DAG(s) 'example_bash_operator' retrieved from /home/airflow/.local/lib/python3.12/site-packages/airflow/example_dags/example_bash_operator.py
[2024-12-22T11:38:00.641+0000] {logging_mixin.py:190} INFO - [2024-12-22T11:38:00.640+0000] {dag.py:3239} INFO - Sync 1 DAGs
[2024-12-22T11:38:00.767+0000] {logging_mixin.py:190} INFO - [2024-12-22T11:38:00.766+0000] {dag.py:4180} INFO - Setting next_dagrun for example_bash_operator to 2024-12-21 00:00:00+00:00, run_after=2024-12-22 00:00:00+00:00
[2024-12-22T11:38:00.846+0000] {processor.py:208} INFO - Processing /home/airflow/.local/lib/python3.12/site-packages/airflow/example_dags/example_bash_operator.py took 14.787 seconds
[2024-12-22T11:38:31.401+0000] {processor.py:186} INFO - Started process (PID=2308) to work on /home/airflow/.local/lib/python3.12/site-packages/airflow/example_dags/example_bash_operator.py
[2024-12-22T11:38:31.404+0000] {processor.py:914} INFO - Processing file /home/airflow/.local/lib/python3.12/site-packages/airflow/example_dags/example_bash_operator.py for tasks to queue
[2024-12-22T11:38:31.410+0000] {logging_mixin.py:190} INFO - [2024-12-22T11:38:31.408+0000] {dagbag.py:588} INFO - Filling up the DagBag from /home/airflow/.local/lib/python3.12/site-packages/airflow/example_dags/example_bash_operator.py
[2024-12-22T11:38:31.456+0000] {processor.py:925} INFO - DAG(s) 'example_bash_operator' retrieved from /home/airflow/.local/lib/python3.12/site-packages/airflow/example_dags/example_bash_operator.py
[2024-12-22T11:38:31.532+0000] {logging_mixin.py:190} INFO - [2024-12-22T11:38:31.531+0000] {dag.py:3239} INFO - Sync 1 DAGs
[2024-12-22T11:38:31.601+0000] {logging_mixin.py:190} INFO - [2024-12-22T11:38:31.601+0000] {dag.py:4180} INFO - Setting next_dagrun for example_bash_operator to 2024-12-21 00:00:00+00:00, run_after=2024-12-22 00:00:00+00:00
[2024-12-22T11:38:31.648+0000] {processor.py:208} INFO - Processing /home/airflow/.local/lib/python3.12/site-packages/airflow/example_dags/example_bash_operator.py took 0.286 seconds
[2024-12-22T11:39:03.857+0000] {processor.py:186} INFO - Started process (PID=2368) to work on /home/airflow/.local/lib/python3.12/site-packages/airflow/example_dags/example_bash_operator.py
[2024-12-22T11:39:03.859+0000] {processor.py:914} INFO - Processing file /home/airflow/.local/lib/python3.12/site-packages/airflow/example_dags/example_bash_operator.py for tasks to queue
[2024-12-22T11:39:03.863+0000] {logging_mixin.py:190} INFO - [2024-12-22T11:39:03.862+0000] {dagbag.py:588} INFO - Filling up the DagBag from /home/airflow/.local/lib/python3.12/site-packages/airflow/example_dags/example_bash_operator.py
[2024-12-22T11:39:03.904+0000] {processor.py:925} INFO - DAG(s) 'example_bash_operator' retrieved from /home/airflow/.local/lib/python3.12/site-packages/airflow/example_dags/example_bash_operator.py
[2024-12-22T11:39:03.985+0000] {logging_mixin.py:190} INFO - [2024-12-22T11:39:03.984+0000] {dag.py:3239} INFO - Sync 1 DAGs
[2024-12-22T11:39:04.066+0000] {logging_mixin.py:190} INFO - [2024-12-22T11:39:04.065+0000] {dag.py:4180} INFO - Setting next_dagrun for example_bash_operator to 2024-12-21 00:00:00+00:00, run_after=2024-12-22 00:00:00+00:00
[2024-12-22T11:39:04.108+0000] {processor.py:208} INFO - Processing /home/airflow/.local/lib/python3.12/site-packages/airflow/example_dags/example_bash_operator.py took 0.266 seconds
[2024-12-22T11:39:40.108+0000] {processor.py:186} INFO - Started process (PID=2433) to work on /home/airflow/.local/lib/python3.12/site-packages/airflow/example_dags/example_bash_operator.py
[2024-12-22T11:39:40.110+0000] {processor.py:914} INFO - Processing file /home/airflow/.local/lib/python3.12/site-packages/airflow/example_dags/example_bash_operator.py for tasks to queue
[2024-12-22T11:39:40.113+0000] {logging_mixin.py:190} INFO - [2024-12-22T11:39:40.112+0000] {dagbag.py:588} INFO - Filling up the DagBag from /home/airflow/.local/lib/python3.12/site-packages/airflow/example_dags/example_bash_operator.py
[2024-12-22T11:39:40.152+0000] {processor.py:925} INFO - DAG(s) 'example_bash_operator' retrieved from /home/airflow/.local/lib/python3.12/site-packages/airflow/example_dags/example_bash_operator.py
[2024-12-22T11:39:40.233+0000] {logging_mixin.py:190} INFO - [2024-12-22T11:39:40.233+0000] {dag.py:3239} INFO - Sync 1 DAGs
[2024-12-22T11:39:40.296+0000] {logging_mixin.py:190} INFO - [2024-12-22T11:39:40.296+0000] {dag.py:4180} INFO - Setting next_dagrun for example_bash_operator to 2024-12-21 00:00:00+00:00, run_after=2024-12-22 00:00:00+00:00
[2024-12-22T11:39:40.348+0000] {processor.py:208} INFO - Processing /home/airflow/.local/lib/python3.12/site-packages/airflow/example_dags/example_bash_operator.py took 0.260 seconds
[2024-12-22T11:40:20.704+0000] {processor.py:186} INFO - Started process (PID=2496) to work on /home/airflow/.local/lib/python3.12/site-packages/airflow/example_dags/example_bash_operator.py
[2024-12-22T11:40:20.707+0000] {processor.py:914} INFO - Processing file /home/airflow/.local/lib/python3.12/site-packages/airflow/example_dags/example_bash_operator.py for tasks to queue
[2024-12-22T11:40:20.711+0000] {logging_mixin.py:190} INFO - [2024-12-22T11:40:20.709+0000] {dagbag.py:588} INFO - Filling up the DagBag from /home/airflow/.local/lib/python3.12/site-packages/airflow/example_dags/example_bash_operator.py
[2024-12-22T11:40:20.751+0000] {processor.py:925} INFO - DAG(s) 'example_bash_operator' retrieved from /home/airflow/.local/lib/python3.12/site-packages/airflow/example_dags/example_bash_operator.py
[2024-12-22T11:40:20.833+0000] {logging_mixin.py:190} INFO - [2024-12-22T11:40:20.832+0000] {dag.py:3239} INFO - Sync 1 DAGs
[2024-12-22T11:40:20.930+0000] {logging_mixin.py:190} INFO - [2024-12-22T11:40:20.930+0000] {dag.py:4180} INFO - Setting next_dagrun for example_bash_operator to 2024-12-21 00:00:00+00:00, run_after=2024-12-22 00:00:00+00:00
[2024-12-22T11:40:20.980+0000] {processor.py:208} INFO - Processing /home/airflow/.local/lib/python3.12/site-packages/airflow/example_dags/example_bash_operator.py took 0.296 seconds
[2024-12-22T11:40:59.619+0000] {processor.py:186} INFO - Started process (PID=2561) to work on /home/airflow/.local/lib/python3.12/site-packages/airflow/example_dags/example_bash_operator.py
[2024-12-22T11:40:59.622+0000] {processor.py:914} INFO - Processing file /home/airflow/.local/lib/python3.12/site-packages/airflow/example_dags/example_bash_operator.py for tasks to queue
[2024-12-22T11:40:59.625+0000] {logging_mixin.py:190} INFO - [2024-12-22T11:40:59.624+0000] {dagbag.py:588} INFO - Filling up the DagBag from /home/airflow/.local/lib/python3.12/site-packages/airflow/example_dags/example_bash_operator.py
[2024-12-22T11:40:59.664+0000] {processor.py:925} INFO - DAG(s) 'example_bash_operator' retrieved from /home/airflow/.local/lib/python3.12/site-packages/airflow/example_dags/example_bash_operator.py
[2024-12-22T11:40:59.746+0000] {logging_mixin.py:190} INFO - [2024-12-22T11:40:59.746+0000] {dag.py:3239} INFO - Sync 1 DAGs
[2024-12-22T11:40:59.820+0000] {logging_mixin.py:190} INFO - [2024-12-22T11:40:59.819+0000] {dag.py:4180} INFO - Setting next_dagrun for example_bash_operator to 2024-12-21 00:00:00+00:00, run_after=2024-12-22 00:00:00+00:00
[2024-12-22T11:40:59.868+0000] {processor.py:208} INFO - Processing /home/airflow/.local/lib/python3.12/site-packages/airflow/example_dags/example_bash_operator.py took 0.264 seconds
[2024-12-22T11:41:37.070+0000] {processor.py:186} INFO - Started process (PID=2632) to work on /home/airflow/.local/lib/python3.12/site-packages/airflow/example_dags/example_bash_operator.py
[2024-12-22T11:41:37.074+0000] {processor.py:914} INFO - Processing file /home/airflow/.local/lib/python3.12/site-packages/airflow/example_dags/example_bash_operator.py for tasks to queue
[2024-12-22T11:41:37.078+0000] {logging_mixin.py:190} INFO - [2024-12-22T11:41:37.077+0000] {dagbag.py:588} INFO - Filling up the DagBag from /home/airflow/.local/lib/python3.12/site-packages/airflow/example_dags/example_bash_operator.py
[2024-12-22T11:41:37.125+0000] {processor.py:925} INFO - DAG(s) 'example_bash_operator' retrieved from /home/airflow/.local/lib/python3.12/site-packages/airflow/example_dags/example_bash_operator.py
[2024-12-22T11:41:37.214+0000] {logging_mixin.py:190} INFO - [2024-12-22T11:41:37.213+0000] {dag.py:3239} INFO - Sync 1 DAGs
[2024-12-22T11:41:37.313+0000] {logging_mixin.py:190} INFO - [2024-12-22T11:41:37.312+0000] {dag.py:4180} INFO - Setting next_dagrun for example_bash_operator to 2024-12-21 00:00:00+00:00, run_after=2024-12-22 00:00:00+00:00
[2024-12-22T11:41:37.365+0000] {processor.py:208} INFO - Processing /home/airflow/.local/lib/python3.12/site-packages/airflow/example_dags/example_bash_operator.py took 0.320 seconds
[2024-12-22T11:43:25.042+0000] {processor.py:186} INFO - Started process (PID=2694) to work on /home/airflow/.local/lib/python3.12/site-packages/airflow/example_dags/example_bash_operator.py
[2024-12-22T11:43:25.044+0000] {processor.py:914} INFO - Processing file /home/airflow/.local/lib/python3.12/site-packages/airflow/example_dags/example_bash_operator.py for tasks to queue
[2024-12-22T11:43:25.048+0000] {logging_mixin.py:190} INFO - [2024-12-22T11:43:25.046+0000] {dagbag.py:588} INFO - Filling up the DagBag from /home/airflow/.local/lib/python3.12/site-packages/airflow/example_dags/example_bash_operator.py
[2024-12-22T11:43:25.083+0000] {processor.py:925} INFO - DAG(s) 'example_bash_operator' retrieved from /home/airflow/.local/lib/python3.12/site-packages/airflow/example_dags/example_bash_operator.py
[2024-12-22T11:43:25.175+0000] {logging_mixin.py:190} INFO - [2024-12-22T11:43:25.174+0000] {dag.py:3239} INFO - Sync 1 DAGs
[2024-12-22T11:43:25.242+0000] {logging_mixin.py:190} INFO - [2024-12-22T11:43:25.242+0000] {dag.py:4180} INFO - Setting next_dagrun for example_bash_operator to 2024-12-21 00:00:00+00:00, run_after=2024-12-22 00:00:00+00:00
[2024-12-22T11:43:25.295+0000] {processor.py:208} INFO - Processing /home/airflow/.local/lib/python3.12/site-packages/airflow/example_dags/example_bash_operator.py took 0.267 seconds
[2024-12-22T11:45:56.509+0000] {processor.py:186} INFO - Started process (PID=2762) to work on /home/airflow/.local/lib/python3.12/site-packages/airflow/example_dags/example_bash_operator.py
[2024-12-22T11:45:56.516+0000] {processor.py:914} INFO - Processing file /home/airflow/.local/lib/python3.12/site-packages/airflow/example_dags/example_bash_operator.py for tasks to queue
[2024-12-22T11:45:56.521+0000] {logging_mixin.py:190} INFO - [2024-12-22T11:45:56.519+0000] {dagbag.py:588} INFO - Filling up the DagBag from /home/airflow/.local/lib/python3.12/site-packages/airflow/example_dags/example_bash_operator.py
[2024-12-22T11:45:56.591+0000] {processor.py:925} INFO - DAG(s) 'example_bash_operator' retrieved from /home/airflow/.local/lib/python3.12/site-packages/airflow/example_dags/example_bash_operator.py
[2024-12-22T11:45:58.666+0000] {logging_mixin.py:190} INFO - [2024-12-22T11:45:58.665+0000] {dag.py:3239} INFO - Sync 1 DAGs
[2024-12-22T11:45:58.785+0000] {logging_mixin.py:190} INFO - [2024-12-22T11:45:58.784+0000] {dag.py:4180} INFO - Setting next_dagrun for example_bash_operator to 2024-12-21 00:00:00+00:00, run_after=2024-12-22 00:00:00+00:00
[2024-12-22T11:45:58.861+0000] {processor.py:208} INFO - Processing /home/airflow/.local/lib/python3.12/site-packages/airflow/example_dags/example_bash_operator.py took 2.381 seconds
[2024-12-22T11:50:07.428+0000] {processor.py:186} INFO - Started process (PID=109) to work on /home/airflow/.local/lib/python3.12/site-packages/airflow/example_dags/example_bash_operator.py
[2024-12-22T11:50:07.429+0000] {processor.py:914} INFO - Processing file /home/airflow/.local/lib/python3.12/site-packages/airflow/example_dags/example_bash_operator.py for tasks to queue
[2024-12-22T11:50:07.433+0000] {logging_mixin.py:190} INFO - [2024-12-22T11:50:07.432+0000] {dagbag.py:588} INFO - Filling up the DagBag from /home/airflow/.local/lib/python3.12/site-packages/airflow/example_dags/example_bash_operator.py
[2024-12-22T11:50:07.449+0000] {processor.py:925} INFO - DAG(s) 'example_bash_operator' retrieved from /home/airflow/.local/lib/python3.12/site-packages/airflow/example_dags/example_bash_operator.py
[2024-12-22T11:50:07.485+0000] {logging_mixin.py:190} INFO - [2024-12-22T11:50:07.484+0000] {dag.py:3239} INFO - Sync 1 DAGs
[2024-12-22T11:50:07.520+0000] {logging_mixin.py:190} INFO - [2024-12-22T11:50:07.520+0000] {dag.py:4180} INFO - Setting next_dagrun for example_bash_operator to 2024-12-21 00:00:00+00:00, run_after=2024-12-22 00:00:00+00:00
[2024-12-22T11:50:07.544+0000] {processor.py:208} INFO - Processing /home/airflow/.local/lib/python3.12/site-packages/airflow/example_dags/example_bash_operator.py took 0.123 seconds
[2024-12-22T11:50:38.827+0000] {processor.py:186} INFO - Started process (PID=174) to work on /home/airflow/.local/lib/python3.12/site-packages/airflow/example_dags/example_bash_operator.py
[2024-12-22T11:50:38.828+0000] {processor.py:914} INFO - Processing file /home/airflow/.local/lib/python3.12/site-packages/airflow/example_dags/example_bash_operator.py for tasks to queue
[2024-12-22T11:50:38.832+0000] {logging_mixin.py:190} INFO - [2024-12-22T11:50:38.831+0000] {dagbag.py:588} INFO - Filling up the DagBag from /home/airflow/.local/lib/python3.12/site-packages/airflow/example_dags/example_bash_operator.py
[2024-12-22T11:50:38.853+0000] {processor.py:925} INFO - DAG(s) 'example_bash_operator' retrieved from /home/airflow/.local/lib/python3.12/site-packages/airflow/example_dags/example_bash_operator.py
[2024-12-22T11:50:38.898+0000] {logging_mixin.py:190} INFO - [2024-12-22T11:50:38.898+0000] {dag.py:3239} INFO - Sync 1 DAGs
[2024-12-22T11:50:38.938+0000] {logging_mixin.py:190} INFO - [2024-12-22T11:50:38.938+0000] {dag.py:4180} INFO - Setting next_dagrun for example_bash_operator to 2024-12-21 00:00:00+00:00, run_after=2024-12-22 00:00:00+00:00
[2024-12-22T11:50:38.963+0000] {processor.py:208} INFO - Processing /home/airflow/.local/lib/python3.12/site-packages/airflow/example_dags/example_bash_operator.py took 0.144 seconds
[2024-12-22T11:51:17.108+0000] {processor.py:186} INFO - Started process (PID=239) to work on /home/airflow/.local/lib/python3.12/site-packages/airflow/example_dags/example_bash_operator.py
[2024-12-22T11:51:17.111+0000] {processor.py:914} INFO - Processing file /home/airflow/.local/lib/python3.12/site-packages/airflow/example_dags/example_bash_operator.py for tasks to queue
[2024-12-22T11:51:17.120+0000] {logging_mixin.py:190} INFO - [2024-12-22T11:51:17.119+0000] {dagbag.py:588} INFO - Filling up the DagBag from /home/airflow/.local/lib/python3.12/site-packages/airflow/example_dags/example_bash_operator.py
[2024-12-22T11:51:17.155+0000] {processor.py:925} INFO - DAG(s) 'example_bash_operator' retrieved from /home/airflow/.local/lib/python3.12/site-packages/airflow/example_dags/example_bash_operator.py
[2024-12-22T11:51:17.216+0000] {logging_mixin.py:190} INFO - [2024-12-22T11:51:17.215+0000] {dag.py:3239} INFO - Sync 1 DAGs
[2024-12-22T11:51:17.263+0000] {logging_mixin.py:190} INFO - [2024-12-22T11:51:17.263+0000] {dag.py:4180} INFO - Setting next_dagrun for example_bash_operator to 2024-12-21 00:00:00+00:00, run_after=2024-12-22 00:00:00+00:00
[2024-12-22T11:51:17.285+0000] {processor.py:208} INFO - Processing /home/airflow/.local/lib/python3.12/site-packages/airflow/example_dags/example_bash_operator.py took 0.191 seconds
[2024-12-22T11:51:48.827+0000] {processor.py:186} INFO - Started process (PID=310) to work on /home/airflow/.local/lib/python3.12/site-packages/airflow/example_dags/example_bash_operator.py
[2024-12-22T11:51:48.828+0000] {processor.py:914} INFO - Processing file /home/airflow/.local/lib/python3.12/site-packages/airflow/example_dags/example_bash_operator.py for tasks to queue
[2024-12-22T11:51:48.831+0000] {logging_mixin.py:190} INFO - [2024-12-22T11:51:48.831+0000] {dagbag.py:588} INFO - Filling up the DagBag from /home/airflow/.local/lib/python3.12/site-packages/airflow/example_dags/example_bash_operator.py
[2024-12-22T11:51:48.848+0000] {processor.py:925} INFO - DAG(s) 'example_bash_operator' retrieved from /home/airflow/.local/lib/python3.12/site-packages/airflow/example_dags/example_bash_operator.py
[2024-12-22T11:51:48.882+0000] {logging_mixin.py:190} INFO - [2024-12-22T11:51:48.881+0000] {dag.py:3239} INFO - Sync 1 DAGs
[2024-12-22T11:51:48.909+0000] {logging_mixin.py:190} INFO - [2024-12-22T11:51:48.909+0000] {dag.py:4180} INFO - Setting next_dagrun for example_bash_operator to 2024-12-21 00:00:00+00:00, run_after=2024-12-22 00:00:00+00:00
[2024-12-22T11:51:48.931+0000] {processor.py:208} INFO - Processing /home/airflow/.local/lib/python3.12/site-packages/airflow/example_dags/example_bash_operator.py took 0.111 seconds
[2024-12-22T11:52:19.944+0000] {processor.py:186} INFO - Started process (PID=375) to work on /home/airflow/.local/lib/python3.12/site-packages/airflow/example_dags/example_bash_operator.py
[2024-12-22T11:52:19.945+0000] {processor.py:914} INFO - Processing file /home/airflow/.local/lib/python3.12/site-packages/airflow/example_dags/example_bash_operator.py for tasks to queue
[2024-12-22T11:52:19.949+0000] {logging_mixin.py:190} INFO - [2024-12-22T11:52:19.948+0000] {dagbag.py:588} INFO - Filling up the DagBag from /home/airflow/.local/lib/python3.12/site-packages/airflow/example_dags/example_bash_operator.py
[2024-12-22T11:52:19.965+0000] {processor.py:925} INFO - DAG(s) 'example_bash_operator' retrieved from /home/airflow/.local/lib/python3.12/site-packages/airflow/example_dags/example_bash_operator.py
[2024-12-22T11:52:19.997+0000] {logging_mixin.py:190} INFO - [2024-12-22T11:52:19.997+0000] {dag.py:3239} INFO - Sync 1 DAGs
[2024-12-22T11:52:20.025+0000] {logging_mixin.py:190} INFO - [2024-12-22T11:52:20.025+0000] {dag.py:4180} INFO - Setting next_dagrun for example_bash_operator to 2024-12-21 00:00:00+00:00, run_after=2024-12-22 00:00:00+00:00
[2024-12-22T11:52:20.048+0000] {processor.py:208} INFO - Processing /home/airflow/.local/lib/python3.12/site-packages/airflow/example_dags/example_bash_operator.py took 0.111 seconds
[2024-12-22T11:52:52.275+0000] {processor.py:186} INFO - Started process (PID=440) to work on /home/airflow/.local/lib/python3.12/site-packages/airflow/example_dags/example_bash_operator.py
[2024-12-22T11:52:52.276+0000] {processor.py:914} INFO - Processing file /home/airflow/.local/lib/python3.12/site-packages/airflow/example_dags/example_bash_operator.py for tasks to queue
[2024-12-22T11:52:52.281+0000] {logging_mixin.py:190} INFO - [2024-12-22T11:52:52.280+0000] {dagbag.py:588} INFO - Filling up the DagBag from /home/airflow/.local/lib/python3.12/site-packages/airflow/example_dags/example_bash_operator.py
[2024-12-22T11:52:52.300+0000] {processor.py:925} INFO - DAG(s) 'example_bash_operator' retrieved from /home/airflow/.local/lib/python3.12/site-packages/airflow/example_dags/example_bash_operator.py
[2024-12-22T11:52:52.339+0000] {logging_mixin.py:190} INFO - [2024-12-22T11:52:52.339+0000] {dag.py:3239} INFO - Sync 1 DAGs
[2024-12-22T11:52:52.371+0000] {logging_mixin.py:190} INFO - [2024-12-22T11:52:52.371+0000] {dag.py:4180} INFO - Setting next_dagrun for example_bash_operator to 2024-12-21 00:00:00+00:00, run_after=2024-12-22 00:00:00+00:00
[2024-12-22T11:52:52.393+0000] {processor.py:208} INFO - Processing /home/airflow/.local/lib/python3.12/site-packages/airflow/example_dags/example_bash_operator.py took 0.125 seconds
[2024-12-22T11:53:23.104+0000] {processor.py:186} INFO - Started process (PID=505) to work on /home/airflow/.local/lib/python3.12/site-packages/airflow/example_dags/example_bash_operator.py
[2024-12-22T11:53:23.105+0000] {processor.py:914} INFO - Processing file /home/airflow/.local/lib/python3.12/site-packages/airflow/example_dags/example_bash_operator.py for tasks to queue
[2024-12-22T11:53:23.109+0000] {logging_mixin.py:190} INFO - [2024-12-22T11:53:23.109+0000] {dagbag.py:588} INFO - Filling up the DagBag from /home/airflow/.local/lib/python3.12/site-packages/airflow/example_dags/example_bash_operator.py
[2024-12-22T11:53:23.125+0000] {processor.py:925} INFO - DAG(s) 'example_bash_operator' retrieved from /home/airflow/.local/lib/python3.12/site-packages/airflow/example_dags/example_bash_operator.py
[2024-12-22T11:53:23.159+0000] {logging_mixin.py:190} INFO - [2024-12-22T11:53:23.159+0000] {dag.py:3239} INFO - Sync 1 DAGs
[2024-12-22T11:53:23.190+0000] {logging_mixin.py:190} INFO - [2024-12-22T11:53:23.190+0000] {dag.py:4180} INFO - Setting next_dagrun for example_bash_operator to 2024-12-21 00:00:00+00:00, run_after=2024-12-22 00:00:00+00:00
[2024-12-22T11:53:23.216+0000] {processor.py:208} INFO - Processing /home/airflow/.local/lib/python3.12/site-packages/airflow/example_dags/example_bash_operator.py took 0.119 seconds
[2024-12-22T11:53:55.073+0000] {processor.py:186} INFO - Started process (PID=570) to work on /home/airflow/.local/lib/python3.12/site-packages/airflow/example_dags/example_bash_operator.py
[2024-12-22T11:53:55.074+0000] {processor.py:914} INFO - Processing file /home/airflow/.local/lib/python3.12/site-packages/airflow/example_dags/example_bash_operator.py for tasks to queue
[2024-12-22T11:53:55.078+0000] {logging_mixin.py:190} INFO - [2024-12-22T11:53:55.077+0000] {dagbag.py:588} INFO - Filling up the DagBag from /home/airflow/.local/lib/python3.12/site-packages/airflow/example_dags/example_bash_operator.py
[2024-12-22T11:53:55.094+0000] {processor.py:925} INFO - DAG(s) 'example_bash_operator' retrieved from /home/airflow/.local/lib/python3.12/site-packages/airflow/example_dags/example_bash_operator.py
[2024-12-22T11:53:55.124+0000] {logging_mixin.py:190} INFO - [2024-12-22T11:53:55.124+0000] {dag.py:3239} INFO - Sync 1 DAGs
[2024-12-22T11:53:55.153+0000] {logging_mixin.py:190} INFO - [2024-12-22T11:53:55.152+0000] {dag.py:4180} INFO - Setting next_dagrun for example_bash_operator to 2024-12-21 00:00:00+00:00, run_after=2024-12-22 00:00:00+00:00
[2024-12-22T11:53:55.175+0000] {processor.py:208} INFO - Processing /home/airflow/.local/lib/python3.12/site-packages/airflow/example_dags/example_bash_operator.py took 0.109 seconds
[2024-12-22T11:54:28.389+0000] {processor.py:186} INFO - Started process (PID=635) to work on /home/airflow/.local/lib/python3.12/site-packages/airflow/example_dags/example_bash_operator.py
[2024-12-22T11:54:28.391+0000] {processor.py:914} INFO - Processing file /home/airflow/.local/lib/python3.12/site-packages/airflow/example_dags/example_bash_operator.py for tasks to queue
[2024-12-22T11:54:28.394+0000] {logging_mixin.py:190} INFO - [2024-12-22T11:54:28.394+0000] {dagbag.py:588} INFO - Filling up the DagBag from /home/airflow/.local/lib/python3.12/site-packages/airflow/example_dags/example_bash_operator.py
[2024-12-22T11:54:28.415+0000] {processor.py:925} INFO - DAG(s) 'example_bash_operator' retrieved from /home/airflow/.local/lib/python3.12/site-packages/airflow/example_dags/example_bash_operator.py
[2024-12-22T11:54:28.447+0000] {logging_mixin.py:190} INFO - [2024-12-22T11:54:28.446+0000] {dag.py:3239} INFO - Sync 1 DAGs
[2024-12-22T11:54:28.475+0000] {logging_mixin.py:190} INFO - [2024-12-22T11:54:28.475+0000] {dag.py:4180} INFO - Setting next_dagrun for example_bash_operator to 2024-12-21 00:00:00+00:00, run_after=2024-12-22 00:00:00+00:00
[2024-12-22T11:54:28.501+0000] {processor.py:208} INFO - Processing /home/airflow/.local/lib/python3.12/site-packages/airflow/example_dags/example_bash_operator.py took 0.120 seconds
[2024-12-22T11:54:58.975+0000] {processor.py:186} INFO - Started process (PID=700) to work on /home/airflow/.local/lib/python3.12/site-packages/airflow/example_dags/example_bash_operator.py
[2024-12-22T11:54:58.976+0000] {processor.py:914} INFO - Processing file /home/airflow/.local/lib/python3.12/site-packages/airflow/example_dags/example_bash_operator.py for tasks to queue
[2024-12-22T11:54:58.980+0000] {logging_mixin.py:190} INFO - [2024-12-22T11:54:58.979+0000] {dagbag.py:588} INFO - Filling up the DagBag from /home/airflow/.local/lib/python3.12/site-packages/airflow/example_dags/example_bash_operator.py
[2024-12-22T11:54:58.996+0000] {processor.py:925} INFO - DAG(s) 'example_bash_operator' retrieved from /home/airflow/.local/lib/python3.12/site-packages/airflow/example_dags/example_bash_operator.py
[2024-12-22T11:54:59.027+0000] {logging_mixin.py:190} INFO - [2024-12-22T11:54:59.026+0000] {dag.py:3239} INFO - Sync 1 DAGs
[2024-12-22T11:54:59.059+0000] {logging_mixin.py:190} INFO - [2024-12-22T11:54:59.058+0000] {dag.py:4180} INFO - Setting next_dagrun for example_bash_operator to 2024-12-21 00:00:00+00:00, run_after=2024-12-22 00:00:00+00:00
[2024-12-22T11:54:59.081+0000] {processor.py:208} INFO - Processing /home/airflow/.local/lib/python3.12/site-packages/airflow/example_dags/example_bash_operator.py took 0.114 seconds
[2024-12-22T11:56:38.589+0000] {processor.py:186} INFO - Started process (PID=111) to work on /home/airflow/.local/lib/python3.12/site-packages/airflow/example_dags/example_bash_operator.py
[2024-12-22T11:56:38.590+0000] {processor.py:914} INFO - Processing file /home/airflow/.local/lib/python3.12/site-packages/airflow/example_dags/example_bash_operator.py for tasks to queue
[2024-12-22T11:56:38.594+0000] {logging_mixin.py:190} INFO - [2024-12-22T11:56:38.594+0000] {dagbag.py:588} INFO - Filling up the DagBag from /home/airflow/.local/lib/python3.12/site-packages/airflow/example_dags/example_bash_operator.py
[2024-12-22T11:56:38.622+0000] {processor.py:925} INFO - DAG(s) 'example_bash_operator' retrieved from /home/airflow/.local/lib/python3.12/site-packages/airflow/example_dags/example_bash_operator.py
[2024-12-22T11:56:38.678+0000] {logging_mixin.py:190} INFO - [2024-12-22T11:56:38.678+0000] {dag.py:3239} INFO - Sync 1 DAGs
[2024-12-22T11:56:38.731+0000] {logging_mixin.py:190} INFO - [2024-12-22T11:56:38.730+0000] {dag.py:4180} INFO - Setting next_dagrun for example_bash_operator to 2024-12-21 00:00:00+00:00, run_after=2024-12-22 00:00:00+00:00
[2024-12-22T11:56:38.765+0000] {processor.py:208} INFO - Processing /home/airflow/.local/lib/python3.12/site-packages/airflow/example_dags/example_bash_operator.py took 0.187 seconds
[2024-12-22T11:57:11.420+0000] {processor.py:186} INFO - Started process (PID=177) to work on /home/airflow/.local/lib/python3.12/site-packages/airflow/example_dags/example_bash_operator.py
[2024-12-22T11:57:11.422+0000] {processor.py:914} INFO - Processing file /home/airflow/.local/lib/python3.12/site-packages/airflow/example_dags/example_bash_operator.py for tasks to queue
[2024-12-22T11:57:11.428+0000] {logging_mixin.py:190} INFO - [2024-12-22T11:57:11.427+0000] {dagbag.py:588} INFO - Filling up the DagBag from /home/airflow/.local/lib/python3.12/site-packages/airflow/example_dags/example_bash_operator.py
[2024-12-22T11:57:11.452+0000] {processor.py:925} INFO - DAG(s) 'example_bash_operator' retrieved from /home/airflow/.local/lib/python3.12/site-packages/airflow/example_dags/example_bash_operator.py
[2024-12-22T11:57:11.503+0000] {logging_mixin.py:190} INFO - [2024-12-22T11:57:11.502+0000] {dag.py:3239} INFO - Sync 1 DAGs
[2024-12-22T11:57:11.541+0000] {logging_mixin.py:190} INFO - [2024-12-22T11:57:11.541+0000] {dag.py:4180} INFO - Setting next_dagrun for example_bash_operator to 2024-12-21 00:00:00+00:00, run_after=2024-12-22 00:00:00+00:00
[2024-12-22T11:57:11.568+0000] {processor.py:208} INFO - Processing /home/airflow/.local/lib/python3.12/site-packages/airflow/example_dags/example_bash_operator.py took 0.159 seconds
