[2024-12-22T11:18:00.881+0000] {processor.py:186} INFO - Started process (PID=95) to work on /home/airflow/.local/lib/python3.12/site-packages/airflow/example_dags/example_sensor_decorator.py
[2024-12-22T11:18:00.883+0000] {processor.py:914} INFO - Processing file /home/airflow/.local/lib/python3.12/site-packages/airflow/example_dags/example_sensor_decorator.py for tasks to queue
[2024-12-22T11:18:00.888+0000] {logging_mixin.py:190} INFO - [2024-12-22T11:18:00.888+0000] {dagbag.py:588} INFO - Filling up the DagBag from /home/airflow/.local/lib/python3.12/site-packages/airflow/example_dags/example_sensor_decorator.py
[2024-12-22T11:18:00.907+0000] {processor.py:925} INFO - DAG(s) 'example_sensor_decorator' retrieved from /home/airflow/.local/lib/python3.12/site-packages/airflow/example_dags/example_sensor_decorator.py
[2024-12-22T11:18:00.989+0000] {logging_mixin.py:190} INFO - [2024-12-22T11:18:00.988+0000] {dag.py:3239} INFO - Sync 1 DAGs
[2024-12-22T11:18:01.022+0000] {logging_mixin.py:190} INFO - [2024-12-22T11:18:01.022+0000] {dag.py:4180} INFO - Setting next_dagrun for example_sensor_decorator to None, run_after=None
[2024-12-22T11:18:01.084+0000] {processor.py:208} INFO - Processing /home/airflow/.local/lib/python3.12/site-packages/airflow/example_dags/example_sensor_decorator.py took 0.219 seconds
[2024-12-22T11:18:31.701+0000] {processor.py:186} INFO - Started process (PID=160) to work on /home/airflow/.local/lib/python3.12/site-packages/airflow/example_dags/example_sensor_decorator.py
[2024-12-22T11:18:31.707+0000] {processor.py:914} INFO - Processing file /home/airflow/.local/lib/python3.12/site-packages/airflow/example_dags/example_sensor_decorator.py for tasks to queue
[2024-12-22T11:18:31.719+0000] {logging_mixin.py:190} INFO - [2024-12-22T11:18:31.718+0000] {dagbag.py:588} INFO - Filling up the DagBag from /home/airflow/.local/lib/python3.12/site-packages/airflow/example_dags/example_sensor_decorator.py
[2024-12-22T11:18:31.761+0000] {processor.py:925} INFO - DAG(s) 'example_sensor_decorator' retrieved from /home/airflow/.local/lib/python3.12/site-packages/airflow/example_dags/example_sensor_decorator.py
[2024-12-22T11:18:31.850+0000] {logging_mixin.py:190} INFO - [2024-12-22T11:18:31.849+0000] {dag.py:3239} INFO - Sync 1 DAGs
[2024-12-22T11:18:31.925+0000] {logging_mixin.py:190} INFO - [2024-12-22T11:18:31.924+0000] {dag.py:4180} INFO - Setting next_dagrun for example_sensor_decorator to None, run_after=None
[2024-12-22T11:18:32.995+0000] {processor.py:208} INFO - Processing /home/airflow/.local/lib/python3.12/site-packages/airflow/example_dags/example_sensor_decorator.py took 1.322 seconds
[2024-12-22T11:19:08.023+0000] {processor.py:186} INFO - Started process (PID=231) to work on /home/airflow/.local/lib/python3.12/site-packages/airflow/example_dags/example_sensor_decorator.py
[2024-12-22T11:19:08.028+0000] {processor.py:914} INFO - Processing file /home/airflow/.local/lib/python3.12/site-packages/airflow/example_dags/example_sensor_decorator.py for tasks to queue
[2024-12-22T11:19:08.040+0000] {logging_mixin.py:190} INFO - [2024-12-22T11:19:08.039+0000] {dagbag.py:588} INFO - Filling up the DagBag from /home/airflow/.local/lib/python3.12/site-packages/airflow/example_dags/example_sensor_decorator.py
[2024-12-22T11:19:08.076+0000] {processor.py:925} INFO - DAG(s) 'example_sensor_decorator' retrieved from /home/airflow/.local/lib/python3.12/site-packages/airflow/example_dags/example_sensor_decorator.py
[2024-12-22T11:19:08.162+0000] {logging_mixin.py:190} INFO - [2024-12-22T11:19:08.161+0000] {dag.py:3239} INFO - Sync 1 DAGs
[2024-12-22T11:19:08.209+0000] {logging_mixin.py:190} INFO - [2024-12-22T11:19:08.208+0000] {dag.py:4180} INFO - Setting next_dagrun for example_sensor_decorator to None, run_after=None
[2024-12-22T11:19:09.095+0000] {processor.py:208} INFO - Processing /home/airflow/.local/lib/python3.12/site-packages/airflow/example_dags/example_sensor_decorator.py took 1.101 seconds
[2024-12-22T11:19:40.898+0000] {processor.py:186} INFO - Started process (PID=297) to work on /home/airflow/.local/lib/python3.12/site-packages/airflow/example_dags/example_sensor_decorator.py
[2024-12-22T11:19:40.901+0000] {processor.py:914} INFO - Processing file /home/airflow/.local/lib/python3.12/site-packages/airflow/example_dags/example_sensor_decorator.py for tasks to queue
[2024-12-22T11:19:40.908+0000] {logging_mixin.py:190} INFO - [2024-12-22T11:19:40.906+0000] {dagbag.py:588} INFO - Filling up the DagBag from /home/airflow/.local/lib/python3.12/site-packages/airflow/example_dags/example_sensor_decorator.py
[2024-12-22T11:19:40.938+0000] {processor.py:925} INFO - DAG(s) 'example_sensor_decorator' retrieved from /home/airflow/.local/lib/python3.12/site-packages/airflow/example_dags/example_sensor_decorator.py
[2024-12-22T11:19:40.994+0000] {logging_mixin.py:190} INFO - [2024-12-22T11:19:40.994+0000] {dag.py:3239} INFO - Sync 1 DAGs
[2024-12-22T11:19:41.040+0000] {logging_mixin.py:190} INFO - [2024-12-22T11:19:41.039+0000] {dag.py:4180} INFO - Setting next_dagrun for example_sensor_decorator to None, run_after=None
[2024-12-22T11:19:41.087+0000] {processor.py:208} INFO - Processing /home/airflow/.local/lib/python3.12/site-packages/airflow/example_dags/example_sensor_decorator.py took 0.208 seconds
[2024-12-22T11:20:20.029+0000] {processor.py:186} INFO - Started process (PID=363) to work on /home/airflow/.local/lib/python3.12/site-packages/airflow/example_dags/example_sensor_decorator.py
[2024-12-22T11:20:20.032+0000] {processor.py:914} INFO - Processing file /home/airflow/.local/lib/python3.12/site-packages/airflow/example_dags/example_sensor_decorator.py for tasks to queue
[2024-12-22T11:20:20.041+0000] {logging_mixin.py:190} INFO - [2024-12-22T11:20:20.040+0000] {dagbag.py:588} INFO - Filling up the DagBag from /home/airflow/.local/lib/python3.12/site-packages/airflow/example_dags/example_sensor_decorator.py
[2024-12-22T11:20:20.067+0000] {processor.py:925} INFO - DAG(s) 'example_sensor_decorator' retrieved from /home/airflow/.local/lib/python3.12/site-packages/airflow/example_dags/example_sensor_decorator.py
[2024-12-22T11:20:20.118+0000] {logging_mixin.py:190} INFO - [2024-12-22T11:20:20.118+0000] {dag.py:3239} INFO - Sync 1 DAGs
[2024-12-22T11:20:20.163+0000] {logging_mixin.py:190} INFO - [2024-12-22T11:20:20.163+0000] {dag.py:4180} INFO - Setting next_dagrun for example_sensor_decorator to None, run_after=None
[2024-12-22T11:20:20.212+0000] {processor.py:208} INFO - Processing /home/airflow/.local/lib/python3.12/site-packages/airflow/example_dags/example_sensor_decorator.py took 0.200 seconds
[2024-12-22T11:20:51.189+0000] {processor.py:186} INFO - Started process (PID=428) to work on /home/airflow/.local/lib/python3.12/site-packages/airflow/example_dags/example_sensor_decorator.py
[2024-12-22T11:20:51.192+0000] {processor.py:914} INFO - Processing file /home/airflow/.local/lib/python3.12/site-packages/airflow/example_dags/example_sensor_decorator.py for tasks to queue
[2024-12-22T11:20:51.200+0000] {logging_mixin.py:190} INFO - [2024-12-22T11:20:51.199+0000] {dagbag.py:588} INFO - Filling up the DagBag from /home/airflow/.local/lib/python3.12/site-packages/airflow/example_dags/example_sensor_decorator.py
[2024-12-22T11:20:51.223+0000] {processor.py:925} INFO - DAG(s) 'example_sensor_decorator' retrieved from /home/airflow/.local/lib/python3.12/site-packages/airflow/example_dags/example_sensor_decorator.py
[2024-12-22T11:20:51.268+0000] {logging_mixin.py:190} INFO - [2024-12-22T11:20:51.268+0000] {dag.py:3239} INFO - Sync 1 DAGs
[2024-12-22T11:20:51.313+0000] {logging_mixin.py:190} INFO - [2024-12-22T11:20:51.312+0000] {dag.py:4180} INFO - Setting next_dagrun for example_sensor_decorator to None, run_after=None
[2024-12-22T11:20:51.352+0000] {processor.py:208} INFO - Processing /home/airflow/.local/lib/python3.12/site-packages/airflow/example_dags/example_sensor_decorator.py took 0.176 seconds
[2024-12-22T11:21:28.674+0000] {processor.py:186} INFO - Started process (PID=493) to work on /home/airflow/.local/lib/python3.12/site-packages/airflow/example_dags/example_sensor_decorator.py
[2024-12-22T11:21:28.677+0000] {processor.py:914} INFO - Processing file /home/airflow/.local/lib/python3.12/site-packages/airflow/example_dags/example_sensor_decorator.py for tasks to queue
[2024-12-22T11:21:28.685+0000] {logging_mixin.py:190} INFO - [2024-12-22T11:21:28.683+0000] {dagbag.py:588} INFO - Filling up the DagBag from /home/airflow/.local/lib/python3.12/site-packages/airflow/example_dags/example_sensor_decorator.py
[2024-12-22T11:21:28.710+0000] {processor.py:925} INFO - DAG(s) 'example_sensor_decorator' retrieved from /home/airflow/.local/lib/python3.12/site-packages/airflow/example_dags/example_sensor_decorator.py
[2024-12-22T11:21:28.760+0000] {logging_mixin.py:190} INFO - [2024-12-22T11:21:28.760+0000] {dag.py:3239} INFO - Sync 1 DAGs
[2024-12-22T11:21:28.800+0000] {logging_mixin.py:190} INFO - [2024-12-22T11:21:28.800+0000] {dag.py:4180} INFO - Setting next_dagrun for example_sensor_decorator to None, run_after=None
[2024-12-22T11:21:29.821+0000] {processor.py:208} INFO - Processing /home/airflow/.local/lib/python3.12/site-packages/airflow/example_dags/example_sensor_decorator.py took 1.164 seconds
[2024-12-22T11:22:06.690+0000] {processor.py:186} INFO - Started process (PID=565) to work on /home/airflow/.local/lib/python3.12/site-packages/airflow/example_dags/example_sensor_decorator.py
[2024-12-22T11:22:06.693+0000] {processor.py:914} INFO - Processing file /home/airflow/.local/lib/python3.12/site-packages/airflow/example_dags/example_sensor_decorator.py for tasks to queue
[2024-12-22T11:22:06.703+0000] {logging_mixin.py:190} INFO - [2024-12-22T11:22:06.702+0000] {dagbag.py:588} INFO - Filling up the DagBag from /home/airflow/.local/lib/python3.12/site-packages/airflow/example_dags/example_sensor_decorator.py
[2024-12-22T11:22:06.736+0000] {processor.py:925} INFO - DAG(s) 'example_sensor_decorator' retrieved from /home/airflow/.local/lib/python3.12/site-packages/airflow/example_dags/example_sensor_decorator.py
[2024-12-22T11:22:06.807+0000] {logging_mixin.py:190} INFO - [2024-12-22T11:22:06.807+0000] {dag.py:3239} INFO - Sync 1 DAGs
[2024-12-22T11:22:06.867+0000] {logging_mixin.py:190} INFO - [2024-12-22T11:22:06.867+0000] {dag.py:4180} INFO - Setting next_dagrun for example_sensor_decorator to None, run_after=None
[2024-12-22T11:22:07.921+0000] {processor.py:208} INFO - Processing /home/airflow/.local/lib/python3.12/site-packages/airflow/example_dags/example_sensor_decorator.py took 1.249 seconds
[2024-12-22T11:22:39.104+0000] {processor.py:186} INFO - Started process (PID=630) to work on /home/airflow/.local/lib/python3.12/site-packages/airflow/example_dags/example_sensor_decorator.py
[2024-12-22T11:22:39.107+0000] {processor.py:914} INFO - Processing file /home/airflow/.local/lib/python3.12/site-packages/airflow/example_dags/example_sensor_decorator.py for tasks to queue
[2024-12-22T11:22:39.119+0000] {logging_mixin.py:190} INFO - [2024-12-22T11:22:39.118+0000] {dagbag.py:588} INFO - Filling up the DagBag from /home/airflow/.local/lib/python3.12/site-packages/airflow/example_dags/example_sensor_decorator.py
[2024-12-22T11:22:39.161+0000] {processor.py:925} INFO - DAG(s) 'example_sensor_decorator' retrieved from /home/airflow/.local/lib/python3.12/site-packages/airflow/example_dags/example_sensor_decorator.py
[2024-12-22T11:22:39.237+0000] {logging_mixin.py:190} INFO - [2024-12-22T11:22:39.236+0000] {dag.py:3239} INFO - Sync 1 DAGs
[2024-12-22T11:22:39.288+0000] {logging_mixin.py:190} INFO - [2024-12-22T11:22:39.288+0000] {dag.py:4180} INFO - Setting next_dagrun for example_sensor_decorator to None, run_after=None
[2024-12-22T11:22:39.341+0000] {processor.py:208} INFO - Processing /home/airflow/.local/lib/python3.12/site-packages/airflow/example_dags/example_sensor_decorator.py took 0.265 seconds
[2024-12-22T11:23:22.522+0000] {processor.py:186} INFO - Started process (PID=694) to work on /home/airflow/.local/lib/python3.12/site-packages/airflow/example_dags/example_sensor_decorator.py
[2024-12-22T11:23:22.527+0000] {processor.py:914} INFO - Processing file /home/airflow/.local/lib/python3.12/site-packages/airflow/example_dags/example_sensor_decorator.py for tasks to queue
[2024-12-22T11:23:22.541+0000] {logging_mixin.py:190} INFO - [2024-12-22T11:23:22.540+0000] {dagbag.py:588} INFO - Filling up the DagBag from /home/airflow/.local/lib/python3.12/site-packages/airflow/example_dags/example_sensor_decorator.py
[2024-12-22T11:23:22.591+0000] {processor.py:925} INFO - DAG(s) 'example_sensor_decorator' retrieved from /home/airflow/.local/lib/python3.12/site-packages/airflow/example_dags/example_sensor_decorator.py
[2024-12-22T11:23:22.694+0000] {logging_mixin.py:190} INFO - [2024-12-22T11:23:22.693+0000] {dag.py:3239} INFO - Sync 1 DAGs
[2024-12-22T11:23:22.768+0000] {logging_mixin.py:190} INFO - [2024-12-22T11:23:22.767+0000] {dag.py:4180} INFO - Setting next_dagrun for example_sensor_decorator to None, run_after=None
[2024-12-22T11:23:22.867+0000] {processor.py:208} INFO - Processing /home/airflow/.local/lib/python3.12/site-packages/airflow/example_dags/example_sensor_decorator.py took 0.382 seconds
[2024-12-22T11:23:53.260+0000] {processor.py:186} INFO - Started process (PID=761) to work on /home/airflow/.local/lib/python3.12/site-packages/airflow/example_dags/example_sensor_decorator.py
[2024-12-22T11:23:53.264+0000] {processor.py:914} INFO - Processing file /home/airflow/.local/lib/python3.12/site-packages/airflow/example_dags/example_sensor_decorator.py for tasks to queue
[2024-12-22T11:23:53.271+0000] {logging_mixin.py:190} INFO - [2024-12-22T11:23:53.270+0000] {dagbag.py:588} INFO - Filling up the DagBag from /home/airflow/.local/lib/python3.12/site-packages/airflow/example_dags/example_sensor_decorator.py
[2024-12-22T11:23:53.301+0000] {processor.py:925} INFO - DAG(s) 'example_sensor_decorator' retrieved from /home/airflow/.local/lib/python3.12/site-packages/airflow/example_dags/example_sensor_decorator.py
[2024-12-22T11:23:53.358+0000] {logging_mixin.py:190} INFO - [2024-12-22T11:23:53.357+0000] {dag.py:3239} INFO - Sync 1 DAGs
[2024-12-22T11:23:53.407+0000] {logging_mixin.py:190} INFO - [2024-12-22T11:23:53.407+0000] {dag.py:4180} INFO - Setting next_dagrun for example_sensor_decorator to None, run_after=None
[2024-12-22T11:23:53.463+0000] {processor.py:208} INFO - Processing /home/airflow/.local/lib/python3.12/site-packages/airflow/example_dags/example_sensor_decorator.py took 0.225 seconds
[2024-12-22T11:24:25.757+0000] {processor.py:186} INFO - Started process (PID=826) to work on /home/airflow/.local/lib/python3.12/site-packages/airflow/example_dags/example_sensor_decorator.py
[2024-12-22T11:24:25.760+0000] {processor.py:914} INFO - Processing file /home/airflow/.local/lib/python3.12/site-packages/airflow/example_dags/example_sensor_decorator.py for tasks to queue
[2024-12-22T11:24:25.767+0000] {logging_mixin.py:190} INFO - [2024-12-22T11:24:25.766+0000] {dagbag.py:588} INFO - Filling up the DagBag from /home/airflow/.local/lib/python3.12/site-packages/airflow/example_dags/example_sensor_decorator.py
[2024-12-22T11:24:25.788+0000] {processor.py:925} INFO - DAG(s) 'example_sensor_decorator' retrieved from /home/airflow/.local/lib/python3.12/site-packages/airflow/example_dags/example_sensor_decorator.py
[2024-12-22T11:24:25.840+0000] {logging_mixin.py:190} INFO - [2024-12-22T11:24:25.839+0000] {dag.py:3239} INFO - Sync 1 DAGs
[2024-12-22T11:24:25.875+0000] {logging_mixin.py:190} INFO - [2024-12-22T11:24:25.875+0000] {dag.py:4180} INFO - Setting next_dagrun for example_sensor_decorator to None, run_after=None
[2024-12-22T11:24:25.916+0000] {processor.py:208} INFO - Processing /home/airflow/.local/lib/python3.12/site-packages/airflow/example_dags/example_sensor_decorator.py took 0.175 seconds
[2024-12-22T11:24:56.437+0000] {processor.py:186} INFO - Started process (PID=891) to work on /home/airflow/.local/lib/python3.12/site-packages/airflow/example_dags/example_sensor_decorator.py
[2024-12-22T11:24:56.440+0000] {processor.py:914} INFO - Processing file /home/airflow/.local/lib/python3.12/site-packages/airflow/example_dags/example_sensor_decorator.py for tasks to queue
[2024-12-22T11:24:56.446+0000] {logging_mixin.py:190} INFO - [2024-12-22T11:24:56.445+0000] {dagbag.py:588} INFO - Filling up the DagBag from /home/airflow/.local/lib/python3.12/site-packages/airflow/example_dags/example_sensor_decorator.py
[2024-12-22T11:24:56.471+0000] {processor.py:925} INFO - DAG(s) 'example_sensor_decorator' retrieved from /home/airflow/.local/lib/python3.12/site-packages/airflow/example_dags/example_sensor_decorator.py
[2024-12-22T11:24:56.525+0000] {logging_mixin.py:190} INFO - [2024-12-22T11:24:56.524+0000] {dag.py:3239} INFO - Sync 1 DAGs
[2024-12-22T11:24:56.569+0000] {logging_mixin.py:190} INFO - [2024-12-22T11:24:56.569+0000] {dag.py:4180} INFO - Setting next_dagrun for example_sensor_decorator to None, run_after=None
[2024-12-22T11:24:56.624+0000] {processor.py:208} INFO - Processing /home/airflow/.local/lib/python3.12/site-packages/airflow/example_dags/example_sensor_decorator.py took 0.203 seconds
[2024-12-22T11:25:31.388+0000] {processor.py:186} INFO - Started process (PID=956) to work on /home/airflow/.local/lib/python3.12/site-packages/airflow/example_dags/example_sensor_decorator.py
[2024-12-22T11:25:31.391+0000] {processor.py:914} INFO - Processing file /home/airflow/.local/lib/python3.12/site-packages/airflow/example_dags/example_sensor_decorator.py for tasks to queue
[2024-12-22T11:25:31.401+0000] {logging_mixin.py:190} INFO - [2024-12-22T11:25:31.399+0000] {dagbag.py:588} INFO - Filling up the DagBag from /home/airflow/.local/lib/python3.12/site-packages/airflow/example_dags/example_sensor_decorator.py
[2024-12-22T11:25:31.425+0000] {processor.py:925} INFO - DAG(s) 'example_sensor_decorator' retrieved from /home/airflow/.local/lib/python3.12/site-packages/airflow/example_dags/example_sensor_decorator.py
[2024-12-22T11:25:31.470+0000] {logging_mixin.py:190} INFO - [2024-12-22T11:25:31.469+0000] {dag.py:3239} INFO - Sync 1 DAGs
[2024-12-22T11:25:31.504+0000] {logging_mixin.py:190} INFO - [2024-12-22T11:25:31.503+0000] {dag.py:4180} INFO - Setting next_dagrun for example_sensor_decorator to None, run_after=None
[2024-12-22T11:25:31.558+0000] {processor.py:208} INFO - Processing /home/airflow/.local/lib/python3.12/site-packages/airflow/example_dags/example_sensor_decorator.py took 0.194 seconds
[2024-12-22T11:26:32.739+0000] {processor.py:186} INFO - Started process (PID=1038) to work on /home/airflow/.local/lib/python3.12/site-packages/airflow/example_dags/example_sensor_decorator.py
[2024-12-22T11:26:32.742+0000] {processor.py:914} INFO - Processing file /home/airflow/.local/lib/python3.12/site-packages/airflow/example_dags/example_sensor_decorator.py for tasks to queue
[2024-12-22T11:26:32.749+0000] {logging_mixin.py:190} INFO - [2024-12-22T11:26:32.748+0000] {dagbag.py:588} INFO - Filling up the DagBag from /home/airflow/.local/lib/python3.12/site-packages/airflow/example_dags/example_sensor_decorator.py
[2024-12-22T11:26:32.776+0000] {processor.py:925} INFO - DAG(s) 'example_sensor_decorator' retrieved from /home/airflow/.local/lib/python3.12/site-packages/airflow/example_dags/example_sensor_decorator.py
[2024-12-22T11:26:32.835+0000] {logging_mixin.py:190} INFO - [2024-12-22T11:26:32.834+0000] {dag.py:3239} INFO - Sync 1 DAGs
[2024-12-22T11:26:32.878+0000] {logging_mixin.py:190} INFO - [2024-12-22T11:26:32.877+0000] {dag.py:4180} INFO - Setting next_dagrun for example_sensor_decorator to None, run_after=None
[2024-12-22T11:26:32.929+0000] {processor.py:208} INFO - Processing /home/airflow/.local/lib/python3.12/site-packages/airflow/example_dags/example_sensor_decorator.py took 0.208 seconds
[2024-12-22T11:27:08.825+0000] {processor.py:186} INFO - Started process (PID=1103) to work on /home/airflow/.local/lib/python3.12/site-packages/airflow/example_dags/example_sensor_decorator.py
[2024-12-22T11:27:08.828+0000] {processor.py:914} INFO - Processing file /home/airflow/.local/lib/python3.12/site-packages/airflow/example_dags/example_sensor_decorator.py for tasks to queue
[2024-12-22T11:27:08.831+0000] {logging_mixin.py:190} INFO - [2024-12-22T11:27:08.830+0000] {dagbag.py:588} INFO - Filling up the DagBag from /home/airflow/.local/lib/python3.12/site-packages/airflow/example_dags/example_sensor_decorator.py
[2024-12-22T11:27:08.854+0000] {processor.py:925} INFO - DAG(s) 'example_sensor_decorator' retrieved from /home/airflow/.local/lib/python3.12/site-packages/airflow/example_dags/example_sensor_decorator.py
[2024-12-22T11:27:08.904+0000] {logging_mixin.py:190} INFO - [2024-12-22T11:27:08.904+0000] {dag.py:3239} INFO - Sync 1 DAGs
[2024-12-22T11:27:08.949+0000] {logging_mixin.py:190} INFO - [2024-12-22T11:27:08.949+0000] {dag.py:4180} INFO - Setting next_dagrun for example_sensor_decorator to None, run_after=None
[2024-12-22T11:27:08.993+0000] {processor.py:208} INFO - Processing /home/airflow/.local/lib/python3.12/site-packages/airflow/example_dags/example_sensor_decorator.py took 0.188 seconds
[2024-12-22T11:27:48.087+0000] {processor.py:186} INFO - Started process (PID=1168) to work on /home/airflow/.local/lib/python3.12/site-packages/airflow/example_dags/example_sensor_decorator.py
[2024-12-22T11:27:48.089+0000] {processor.py:914} INFO - Processing file /home/airflow/.local/lib/python3.12/site-packages/airflow/example_dags/example_sensor_decorator.py for tasks to queue
[2024-12-22T11:27:48.092+0000] {logging_mixin.py:190} INFO - [2024-12-22T11:27:48.092+0000] {dagbag.py:588} INFO - Filling up the DagBag from /home/airflow/.local/lib/python3.12/site-packages/airflow/example_dags/example_sensor_decorator.py
[2024-12-22T11:27:48.114+0000] {processor.py:925} INFO - DAG(s) 'example_sensor_decorator' retrieved from /home/airflow/.local/lib/python3.12/site-packages/airflow/example_dags/example_sensor_decorator.py
[2024-12-22T11:27:48.164+0000] {logging_mixin.py:190} INFO - [2024-12-22T11:27:48.164+0000] {dag.py:3239} INFO - Sync 1 DAGs
[2024-12-22T11:27:48.209+0000] {logging_mixin.py:190} INFO - [2024-12-22T11:27:48.209+0000] {dag.py:4180} INFO - Setting next_dagrun for example_sensor_decorator to None, run_after=None
[2024-12-22T11:27:48.252+0000] {processor.py:208} INFO - Processing /home/airflow/.local/lib/python3.12/site-packages/airflow/example_dags/example_sensor_decorator.py took 0.178 seconds
[2024-12-22T11:28:27.338+0000] {processor.py:186} INFO - Started process (PID=1235) to work on /home/airflow/.local/lib/python3.12/site-packages/airflow/example_dags/example_sensor_decorator.py
[2024-12-22T11:28:27.340+0000] {processor.py:914} INFO - Processing file /home/airflow/.local/lib/python3.12/site-packages/airflow/example_dags/example_sensor_decorator.py for tasks to queue
[2024-12-22T11:28:27.344+0000] {logging_mixin.py:190} INFO - [2024-12-22T11:28:27.343+0000] {dagbag.py:588} INFO - Filling up the DagBag from /home/airflow/.local/lib/python3.12/site-packages/airflow/example_dags/example_sensor_decorator.py
[2024-12-22T11:28:27.364+0000] {processor.py:925} INFO - DAG(s) 'example_sensor_decorator' retrieved from /home/airflow/.local/lib/python3.12/site-packages/airflow/example_dags/example_sensor_decorator.py
[2024-12-22T11:28:27.406+0000] {logging_mixin.py:190} INFO - [2024-12-22T11:28:27.405+0000] {dag.py:3239} INFO - Sync 1 DAGs
[2024-12-22T11:28:27.447+0000] {logging_mixin.py:190} INFO - [2024-12-22T11:28:27.447+0000] {dag.py:4180} INFO - Setting next_dagrun for example_sensor_decorator to None, run_after=None
[2024-12-22T11:28:27.496+0000] {processor.py:208} INFO - Processing /home/airflow/.local/lib/python3.12/site-packages/airflow/example_dags/example_sensor_decorator.py took 0.177 seconds
[2024-12-22T11:29:02.414+0000] {processor.py:186} INFO - Started process (PID=1306) to work on /home/airflow/.local/lib/python3.12/site-packages/airflow/example_dags/example_sensor_decorator.py
[2024-12-22T11:29:02.417+0000] {processor.py:914} INFO - Processing file /home/airflow/.local/lib/python3.12/site-packages/airflow/example_dags/example_sensor_decorator.py for tasks to queue
[2024-12-22T11:29:02.422+0000] {logging_mixin.py:190} INFO - [2024-12-22T11:29:02.421+0000] {dagbag.py:588} INFO - Filling up the DagBag from /home/airflow/.local/lib/python3.12/site-packages/airflow/example_dags/example_sensor_decorator.py
[2024-12-22T11:29:02.449+0000] {processor.py:925} INFO - DAG(s) 'example_sensor_decorator' retrieved from /home/airflow/.local/lib/python3.12/site-packages/airflow/example_dags/example_sensor_decorator.py
[2024-12-22T11:29:02.507+0000] {logging_mixin.py:190} INFO - [2024-12-22T11:29:02.505+0000] {dag.py:3239} INFO - Sync 1 DAGs
[2024-12-22T11:29:02.557+0000] {logging_mixin.py:190} INFO - [2024-12-22T11:29:02.557+0000] {dag.py:4180} INFO - Setting next_dagrun for example_sensor_decorator to None, run_after=None
[2024-12-22T11:29:02.608+0000] {processor.py:208} INFO - Processing /home/airflow/.local/lib/python3.12/site-packages/airflow/example_dags/example_sensor_decorator.py took 0.211 seconds
[2024-12-22T11:29:35.225+0000] {processor.py:186} INFO - Started process (PID=1373) to work on /home/airflow/.local/lib/python3.12/site-packages/airflow/example_dags/example_sensor_decorator.py
[2024-12-22T11:29:35.230+0000] {processor.py:914} INFO - Processing file /home/airflow/.local/lib/python3.12/site-packages/airflow/example_dags/example_sensor_decorator.py for tasks to queue
[2024-12-22T11:29:35.238+0000] {logging_mixin.py:190} INFO - [2024-12-22T11:29:35.236+0000] {dagbag.py:588} INFO - Filling up the DagBag from /home/airflow/.local/lib/python3.12/site-packages/airflow/example_dags/example_sensor_decorator.py
[2024-12-22T11:29:35.284+0000] {processor.py:925} INFO - DAG(s) 'example_sensor_decorator' retrieved from /home/airflow/.local/lib/python3.12/site-packages/airflow/example_dags/example_sensor_decorator.py
[2024-12-22T11:29:35.395+0000] {logging_mixin.py:190} INFO - [2024-12-22T11:29:35.394+0000] {dag.py:3239} INFO - Sync 1 DAGs
[2024-12-22T11:29:35.485+0000] {logging_mixin.py:190} INFO - [2024-12-22T11:29:35.483+0000] {dag.py:4180} INFO - Setting next_dagrun for example_sensor_decorator to None, run_after=None
[2024-12-22T11:29:36.441+0000] {processor.py:208} INFO - Processing /home/airflow/.local/lib/python3.12/site-packages/airflow/example_dags/example_sensor_decorator.py took 1.248 seconds
[2024-12-22T11:30:08.975+0000] {processor.py:186} INFO - Started process (PID=1438) to work on /home/airflow/.local/lib/python3.12/site-packages/airflow/example_dags/example_sensor_decorator.py
[2024-12-22T11:30:08.980+0000] {processor.py:914} INFO - Processing file /home/airflow/.local/lib/python3.12/site-packages/airflow/example_dags/example_sensor_decorator.py for tasks to queue
[2024-12-22T11:30:08.989+0000] {logging_mixin.py:190} INFO - [2024-12-22T11:30:08.987+0000] {dagbag.py:588} INFO - Filling up the DagBag from /home/airflow/.local/lib/python3.12/site-packages/airflow/example_dags/example_sensor_decorator.py
[2024-12-22T11:30:10.051+0000] {processor.py:925} INFO - DAG(s) 'example_sensor_decorator' retrieved from /home/airflow/.local/lib/python3.12/site-packages/airflow/example_dags/example_sensor_decorator.py
[2024-12-22T11:30:10.113+0000] {logging_mixin.py:190} INFO - [2024-12-22T11:30:10.112+0000] {dag.py:3239} INFO - Sync 1 DAGs
[2024-12-22T11:30:10.160+0000] {logging_mixin.py:190} INFO - [2024-12-22T11:30:10.160+0000] {dag.py:4180} INFO - Setting next_dagrun for example_sensor_decorator to None, run_after=None
[2024-12-22T11:30:10.242+0000] {processor.py:208} INFO - Processing /home/airflow/.local/lib/python3.12/site-packages/airflow/example_dags/example_sensor_decorator.py took 1.301 seconds
[2024-12-22T11:30:41.574+0000] {processor.py:186} INFO - Started process (PID=1503) to work on /home/airflow/.local/lib/python3.12/site-packages/airflow/example_dags/example_sensor_decorator.py
[2024-12-22T11:30:41.575+0000] {processor.py:914} INFO - Processing file /home/airflow/.local/lib/python3.12/site-packages/airflow/example_dags/example_sensor_decorator.py for tasks to queue
[2024-12-22T11:30:41.578+0000] {logging_mixin.py:190} INFO - [2024-12-22T11:30:41.578+0000] {dagbag.py:588} INFO - Filling up the DagBag from /home/airflow/.local/lib/python3.12/site-packages/airflow/example_dags/example_sensor_decorator.py
[2024-12-22T11:30:41.596+0000] {processor.py:925} INFO - DAG(s) 'example_sensor_decorator' retrieved from /home/airflow/.local/lib/python3.12/site-packages/airflow/example_dags/example_sensor_decorator.py
[2024-12-22T11:30:41.635+0000] {logging_mixin.py:190} INFO - [2024-12-22T11:30:41.635+0000] {dag.py:3239} INFO - Sync 1 DAGs
[2024-12-22T11:30:41.679+0000] {logging_mixin.py:190} INFO - [2024-12-22T11:30:41.679+0000] {dag.py:4180} INFO - Setting next_dagrun for example_sensor_decorator to None, run_after=None
[2024-12-22T11:30:41.726+0000] {processor.py:208} INFO - Processing /home/airflow/.local/lib/python3.12/site-packages/airflow/example_dags/example_sensor_decorator.py took 0.165 seconds
[2024-12-22T11:31:14.389+0000] {processor.py:186} INFO - Started process (PID=1568) to work on /home/airflow/.local/lib/python3.12/site-packages/airflow/example_dags/example_sensor_decorator.py
[2024-12-22T11:31:14.391+0000] {processor.py:914} INFO - Processing file /home/airflow/.local/lib/python3.12/site-packages/airflow/example_dags/example_sensor_decorator.py for tasks to queue
[2024-12-22T11:31:14.394+0000] {logging_mixin.py:190} INFO - [2024-12-22T11:31:14.393+0000] {dagbag.py:588} INFO - Filling up the DagBag from /home/airflow/.local/lib/python3.12/site-packages/airflow/example_dags/example_sensor_decorator.py
[2024-12-22T11:31:14.418+0000] {processor.py:925} INFO - DAG(s) 'example_sensor_decorator' retrieved from /home/airflow/.local/lib/python3.12/site-packages/airflow/example_dags/example_sensor_decorator.py
[2024-12-22T11:31:14.476+0000] {logging_mixin.py:190} INFO - [2024-12-22T11:31:14.475+0000] {dag.py:3239} INFO - Sync 1 DAGs
[2024-12-22T11:31:14.526+0000] {logging_mixin.py:190} INFO - [2024-12-22T11:31:14.525+0000] {dag.py:4180} INFO - Setting next_dagrun for example_sensor_decorator to None, run_after=None
[2024-12-22T11:31:14.572+0000] {processor.py:208} INFO - Processing /home/airflow/.local/lib/python3.12/site-packages/airflow/example_dags/example_sensor_decorator.py took 0.202 seconds
[2024-12-22T11:31:51.347+0000] {processor.py:186} INFO - Started process (PID=1633) to work on /home/airflow/.local/lib/python3.12/site-packages/airflow/example_dags/example_sensor_decorator.py
[2024-12-22T11:31:51.350+0000] {processor.py:914} INFO - Processing file /home/airflow/.local/lib/python3.12/site-packages/airflow/example_dags/example_sensor_decorator.py for tasks to queue
[2024-12-22T11:31:51.353+0000] {logging_mixin.py:190} INFO - [2024-12-22T11:31:51.352+0000] {dagbag.py:588} INFO - Filling up the DagBag from /home/airflow/.local/lib/python3.12/site-packages/airflow/example_dags/example_sensor_decorator.py
[2024-12-22T11:31:51.377+0000] {processor.py:925} INFO - DAG(s) 'example_sensor_decorator' retrieved from /home/airflow/.local/lib/python3.12/site-packages/airflow/example_dags/example_sensor_decorator.py
[2024-12-22T11:31:51.435+0000] {logging_mixin.py:190} INFO - [2024-12-22T11:31:51.434+0000] {dag.py:3239} INFO - Sync 1 DAGs
[2024-12-22T11:31:51.488+0000] {logging_mixin.py:190} INFO - [2024-12-22T11:31:51.488+0000] {dag.py:4180} INFO - Setting next_dagrun for example_sensor_decorator to None, run_after=None
[2024-12-22T11:31:51.536+0000] {processor.py:208} INFO - Processing /home/airflow/.local/lib/python3.12/site-packages/airflow/example_dags/example_sensor_decorator.py took 0.203 seconds
[2024-12-22T11:32:27.219+0000] {processor.py:186} INFO - Started process (PID=1687) to work on /home/airflow/.local/lib/python3.12/site-packages/airflow/example_dags/example_sensor_decorator.py
[2024-12-22T11:32:27.221+0000] {processor.py:914} INFO - Processing file /home/airflow/.local/lib/python3.12/site-packages/airflow/example_dags/example_sensor_decorator.py for tasks to queue
[2024-12-22T11:32:27.224+0000] {logging_mixin.py:190} INFO - [2024-12-22T11:32:27.224+0000] {dagbag.py:588} INFO - Filling up the DagBag from /home/airflow/.local/lib/python3.12/site-packages/airflow/example_dags/example_sensor_decorator.py
[2024-12-22T11:32:27.245+0000] {processor.py:925} INFO - DAG(s) 'example_sensor_decorator' retrieved from /home/airflow/.local/lib/python3.12/site-packages/airflow/example_dags/example_sensor_decorator.py
[2024-12-22T11:32:27.295+0000] {logging_mixin.py:190} INFO - [2024-12-22T11:32:27.294+0000] {dag.py:3239} INFO - Sync 1 DAGs
[2024-12-22T11:32:27.338+0000] {logging_mixin.py:190} INFO - [2024-12-22T11:32:27.338+0000] {dag.py:4180} INFO - Setting next_dagrun for example_sensor_decorator to None, run_after=None
[2024-12-22T11:32:27.382+0000] {processor.py:208} INFO - Processing /home/airflow/.local/lib/python3.12/site-packages/airflow/example_dags/example_sensor_decorator.py took 0.179 seconds
[2024-12-22T11:33:05.833+0000] {processor.py:186} INFO - Started process (PID=1757) to work on /home/airflow/.local/lib/python3.12/site-packages/airflow/example_dags/example_sensor_decorator.py
[2024-12-22T11:33:05.836+0000] {processor.py:914} INFO - Processing file /home/airflow/.local/lib/python3.12/site-packages/airflow/example_dags/example_sensor_decorator.py for tasks to queue
[2024-12-22T11:33:05.839+0000] {logging_mixin.py:190} INFO - [2024-12-22T11:33:05.839+0000] {dagbag.py:588} INFO - Filling up the DagBag from /home/airflow/.local/lib/python3.12/site-packages/airflow/example_dags/example_sensor_decorator.py
[2024-12-22T11:33:05.862+0000] {processor.py:925} INFO - DAG(s) 'example_sensor_decorator' retrieved from /home/airflow/.local/lib/python3.12/site-packages/airflow/example_dags/example_sensor_decorator.py
[2024-12-22T11:33:05.904+0000] {logging_mixin.py:190} INFO - [2024-12-22T11:33:05.903+0000] {dag.py:3239} INFO - Sync 1 DAGs
[2024-12-22T11:33:05.939+0000] {logging_mixin.py:190} INFO - [2024-12-22T11:33:05.938+0000] {dag.py:4180} INFO - Setting next_dagrun for example_sensor_decorator to None, run_after=None
[2024-12-22T11:33:05.984+0000] {processor.py:208} INFO - Processing /home/airflow/.local/lib/python3.12/site-packages/airflow/example_dags/example_sensor_decorator.py took 0.172 seconds
[2024-12-22T11:33:46.999+0000] {processor.py:186} INFO - Started process (PID=1825) to work on /home/airflow/.local/lib/python3.12/site-packages/airflow/example_dags/example_sensor_decorator.py
[2024-12-22T11:33:47.001+0000] {processor.py:914} INFO - Processing file /home/airflow/.local/lib/python3.12/site-packages/airflow/example_dags/example_sensor_decorator.py for tasks to queue
[2024-12-22T11:33:47.005+0000] {logging_mixin.py:190} INFO - [2024-12-22T11:33:47.004+0000] {dagbag.py:588} INFO - Filling up the DagBag from /home/airflow/.local/lib/python3.12/site-packages/airflow/example_dags/example_sensor_decorator.py
[2024-12-22T11:33:47.025+0000] {processor.py:925} INFO - DAG(s) 'example_sensor_decorator' retrieved from /home/airflow/.local/lib/python3.12/site-packages/airflow/example_dags/example_sensor_decorator.py
[2024-12-22T11:33:47.086+0000] {logging_mixin.py:190} INFO - [2024-12-22T11:33:47.085+0000] {dag.py:3239} INFO - Sync 1 DAGs
[2024-12-22T11:33:47.134+0000] {logging_mixin.py:190} INFO - [2024-12-22T11:33:47.134+0000] {dag.py:4180} INFO - Setting next_dagrun for example_sensor_decorator to None, run_after=None
[2024-12-22T11:33:47.199+0000] {processor.py:208} INFO - Processing /home/airflow/.local/lib/python3.12/site-packages/airflow/example_dags/example_sensor_decorator.py took 0.219 seconds
[2024-12-22T11:34:25.789+0000] {processor.py:186} INFO - Started process (PID=1890) to work on /home/airflow/.local/lib/python3.12/site-packages/airflow/example_dags/example_sensor_decorator.py
[2024-12-22T11:34:25.791+0000] {processor.py:914} INFO - Processing file /home/airflow/.local/lib/python3.12/site-packages/airflow/example_dags/example_sensor_decorator.py for tasks to queue
[2024-12-22T11:34:25.794+0000] {logging_mixin.py:190} INFO - [2024-12-22T11:34:25.794+0000] {dagbag.py:588} INFO - Filling up the DagBag from /home/airflow/.local/lib/python3.12/site-packages/airflow/example_dags/example_sensor_decorator.py
[2024-12-22T11:34:25.813+0000] {processor.py:925} INFO - DAG(s) 'example_sensor_decorator' retrieved from /home/airflow/.local/lib/python3.12/site-packages/airflow/example_dags/example_sensor_decorator.py
[2024-12-22T11:34:25.855+0000] {logging_mixin.py:190} INFO - [2024-12-22T11:34:25.855+0000] {dag.py:3239} INFO - Sync 1 DAGs
[2024-12-22T11:34:25.890+0000] {logging_mixin.py:190} INFO - [2024-12-22T11:34:25.889+0000] {dag.py:4180} INFO - Setting next_dagrun for example_sensor_decorator to None, run_after=None
[2024-12-22T11:34:25.937+0000] {processor.py:208} INFO - Processing /home/airflow/.local/lib/python3.12/site-packages/airflow/example_dags/example_sensor_decorator.py took 0.166 seconds
[2024-12-22T11:35:00.316+0000] {processor.py:186} INFO - Started process (PID=1961) to work on /home/airflow/.local/lib/python3.12/site-packages/airflow/example_dags/example_sensor_decorator.py
[2024-12-22T11:35:00.318+0000] {processor.py:914} INFO - Processing file /home/airflow/.local/lib/python3.12/site-packages/airflow/example_dags/example_sensor_decorator.py for tasks to queue
[2024-12-22T11:35:00.322+0000] {logging_mixin.py:190} INFO - [2024-12-22T11:35:00.321+0000] {dagbag.py:588} INFO - Filling up the DagBag from /home/airflow/.local/lib/python3.12/site-packages/airflow/example_dags/example_sensor_decorator.py
[2024-12-22T11:35:00.345+0000] {processor.py:925} INFO - DAG(s) 'example_sensor_decorator' retrieved from /home/airflow/.local/lib/python3.12/site-packages/airflow/example_dags/example_sensor_decorator.py
[2024-12-22T11:35:00.417+0000] {logging_mixin.py:190} INFO - [2024-12-22T11:35:00.416+0000] {dag.py:3239} INFO - Sync 1 DAGs
[2024-12-22T11:35:00.465+0000] {logging_mixin.py:190} INFO - [2024-12-22T11:35:00.464+0000] {dag.py:4180} INFO - Setting next_dagrun for example_sensor_decorator to None, run_after=None
[2024-12-22T11:35:00.515+0000] {processor.py:208} INFO - Processing /home/airflow/.local/lib/python3.12/site-packages/airflow/example_dags/example_sensor_decorator.py took 0.215 seconds
[2024-12-22T11:35:33.762+0000] {processor.py:186} INFO - Started process (PID=2026) to work on /home/airflow/.local/lib/python3.12/site-packages/airflow/example_dags/example_sensor_decorator.py
[2024-12-22T11:35:33.764+0000] {processor.py:914} INFO - Processing file /home/airflow/.local/lib/python3.12/site-packages/airflow/example_dags/example_sensor_decorator.py for tasks to queue
[2024-12-22T11:35:33.768+0000] {logging_mixin.py:190} INFO - [2024-12-22T11:35:33.767+0000] {dagbag.py:588} INFO - Filling up the DagBag from /home/airflow/.local/lib/python3.12/site-packages/airflow/example_dags/example_sensor_decorator.py
[2024-12-22T11:35:33.788+0000] {processor.py:925} INFO - DAG(s) 'example_sensor_decorator' retrieved from /home/airflow/.local/lib/python3.12/site-packages/airflow/example_dags/example_sensor_decorator.py
[2024-12-22T11:35:33.844+0000] {logging_mixin.py:190} INFO - [2024-12-22T11:35:33.843+0000] {dag.py:3239} INFO - Sync 1 DAGs
[2024-12-22T11:35:33.897+0000] {logging_mixin.py:190} INFO - [2024-12-22T11:35:33.897+0000] {dag.py:4180} INFO - Setting next_dagrun for example_sensor_decorator to None, run_after=None
[2024-12-22T11:35:34.950+0000] {processor.py:208} INFO - Processing /home/airflow/.local/lib/python3.12/site-packages/airflow/example_dags/example_sensor_decorator.py took 1.204 seconds
[2024-12-22T11:36:31.574+0000] {processor.py:186} INFO - Started process (PID=2092) to work on /home/airflow/.local/lib/python3.12/site-packages/airflow/example_dags/example_sensor_decorator.py
[2024-12-22T11:36:31.577+0000] {processor.py:914} INFO - Processing file /home/airflow/.local/lib/python3.12/site-packages/airflow/example_dags/example_sensor_decorator.py for tasks to queue
[2024-12-22T11:36:31.581+0000] {logging_mixin.py:190} INFO - [2024-12-22T11:36:31.580+0000] {dagbag.py:588} INFO - Filling up the DagBag from /home/airflow/.local/lib/python3.12/site-packages/airflow/example_dags/example_sensor_decorator.py
[2024-12-22T11:36:31.611+0000] {processor.py:925} INFO - DAG(s) 'example_sensor_decorator' retrieved from /home/airflow/.local/lib/python3.12/site-packages/airflow/example_dags/example_sensor_decorator.py
[2024-12-22T11:36:31.667+0000] {logging_mixin.py:190} INFO - [2024-12-22T11:36:31.666+0000] {dag.py:3239} INFO - Sync 1 DAGs
[2024-12-22T11:36:31.753+0000] {logging_mixin.py:190} INFO - [2024-12-22T11:36:31.749+0000] {dag.py:4180} INFO - Setting next_dagrun for example_sensor_decorator to None, run_after=None
[2024-12-22T11:36:32.861+0000] {processor.py:208} INFO - Processing /home/airflow/.local/lib/python3.12/site-packages/airflow/example_dags/example_sensor_decorator.py took 1.304 seconds
[2024-12-22T11:37:03.025+0000] {processor.py:186} INFO - Started process (PID=2157) to work on /home/airflow/.local/lib/python3.12/site-packages/airflow/example_dags/example_sensor_decorator.py
[2024-12-22T11:37:03.028+0000] {processor.py:914} INFO - Processing file /home/airflow/.local/lib/python3.12/site-packages/airflow/example_dags/example_sensor_decorator.py for tasks to queue
[2024-12-22T11:37:03.033+0000] {logging_mixin.py:190} INFO - [2024-12-22T11:37:03.032+0000] {dagbag.py:588} INFO - Filling up the DagBag from /home/airflow/.local/lib/python3.12/site-packages/airflow/example_dags/example_sensor_decorator.py
[2024-12-22T11:37:03.074+0000] {processor.py:925} INFO - DAG(s) 'example_sensor_decorator' retrieved from /home/airflow/.local/lib/python3.12/site-packages/airflow/example_dags/example_sensor_decorator.py
[2024-12-22T11:37:03.133+0000] {logging_mixin.py:190} INFO - [2024-12-22T11:37:03.133+0000] {dag.py:3239} INFO - Sync 1 DAGs
[2024-12-22T11:37:03.177+0000] {logging_mixin.py:190} INFO - [2024-12-22T11:37:03.176+0000] {dag.py:4180} INFO - Setting next_dagrun for example_sensor_decorator to None, run_after=None
[2024-12-22T11:37:03.225+0000] {processor.py:208} INFO - Processing /home/airflow/.local/lib/python3.12/site-packages/airflow/example_dags/example_sensor_decorator.py took 0.222 seconds
[2024-12-22T11:37:40.373+0000] {processor.py:186} INFO - Started process (PID=2222) to work on /home/airflow/.local/lib/python3.12/site-packages/airflow/example_dags/example_sensor_decorator.py
[2024-12-22T11:37:40.376+0000] {processor.py:914} INFO - Processing file /home/airflow/.local/lib/python3.12/site-packages/airflow/example_dags/example_sensor_decorator.py for tasks to queue
[2024-12-22T11:37:40.379+0000] {logging_mixin.py:190} INFO - [2024-12-22T11:37:40.378+0000] {dagbag.py:588} INFO - Filling up the DagBag from /home/airflow/.local/lib/python3.12/site-packages/airflow/example_dags/example_sensor_decorator.py
[2024-12-22T11:37:40.399+0000] {processor.py:925} INFO - DAG(s) 'example_sensor_decorator' retrieved from /home/airflow/.local/lib/python3.12/site-packages/airflow/example_dags/example_sensor_decorator.py
[2024-12-22T11:37:40.444+0000] {logging_mixin.py:190} INFO - [2024-12-22T11:37:40.443+0000] {dag.py:3239} INFO - Sync 1 DAGs
[2024-12-22T11:37:40.493+0000] {logging_mixin.py:190} INFO - [2024-12-22T11:37:40.493+0000] {dag.py:4180} INFO - Setting next_dagrun for example_sensor_decorator to None, run_after=None
[2024-12-22T11:37:40.537+0000] {processor.py:208} INFO - Processing /home/airflow/.local/lib/python3.12/site-packages/airflow/example_dags/example_sensor_decorator.py took 0.178 seconds
[2024-12-22T11:38:18.627+0000] {processor.py:186} INFO - Started process (PID=2278) to work on /home/airflow/.local/lib/python3.12/site-packages/airflow/example_dags/example_sensor_decorator.py
[2024-12-22T11:38:18.629+0000] {processor.py:914} INFO - Processing file /home/airflow/.local/lib/python3.12/site-packages/airflow/example_dags/example_sensor_decorator.py for tasks to queue
[2024-12-22T11:38:18.632+0000] {logging_mixin.py:190} INFO - [2024-12-22T11:38:18.631+0000] {dagbag.py:588} INFO - Filling up the DagBag from /home/airflow/.local/lib/python3.12/site-packages/airflow/example_dags/example_sensor_decorator.py
[2024-12-22T11:38:18.657+0000] {processor.py:925} INFO - DAG(s) 'example_sensor_decorator' retrieved from /home/airflow/.local/lib/python3.12/site-packages/airflow/example_dags/example_sensor_decorator.py
[2024-12-22T11:38:18.715+0000] {logging_mixin.py:190} INFO - [2024-12-22T11:38:18.714+0000] {dag.py:3239} INFO - Sync 1 DAGs
[2024-12-22T11:38:18.761+0000] {logging_mixin.py:190} INFO - [2024-12-22T11:38:18.760+0000] {dag.py:4180} INFO - Setting next_dagrun for example_sensor_decorator to None, run_after=None
[2024-12-22T11:38:18.820+0000] {processor.py:208} INFO - Processing /home/airflow/.local/lib/python3.12/site-packages/airflow/example_dags/example_sensor_decorator.py took 0.212 seconds
[2024-12-22T11:39:00.305+0000] {processor.py:186} INFO - Started process (PID=2343) to work on /home/airflow/.local/lib/python3.12/site-packages/airflow/example_dags/example_sensor_decorator.py
[2024-12-22T11:39:00.308+0000] {processor.py:914} INFO - Processing file /home/airflow/.local/lib/python3.12/site-packages/airflow/example_dags/example_sensor_decorator.py for tasks to queue
[2024-12-22T11:39:00.312+0000] {logging_mixin.py:190} INFO - [2024-12-22T11:39:00.311+0000] {dagbag.py:588} INFO - Filling up the DagBag from /home/airflow/.local/lib/python3.12/site-packages/airflow/example_dags/example_sensor_decorator.py
[2024-12-22T11:39:00.336+0000] {processor.py:925} INFO - DAG(s) 'example_sensor_decorator' retrieved from /home/airflow/.local/lib/python3.12/site-packages/airflow/example_dags/example_sensor_decorator.py
[2024-12-22T11:39:00.389+0000] {logging_mixin.py:190} INFO - [2024-12-22T11:39:00.388+0000] {dag.py:3239} INFO - Sync 1 DAGs
[2024-12-22T11:39:00.428+0000] {logging_mixin.py:190} INFO - [2024-12-22T11:39:00.427+0000] {dag.py:4180} INFO - Setting next_dagrun for example_sensor_decorator to None, run_after=None
[2024-12-22T11:39:00.475+0000] {processor.py:208} INFO - Processing /home/airflow/.local/lib/python3.12/site-packages/airflow/example_dags/example_sensor_decorator.py took 0.190 seconds
[2024-12-22T11:39:36.801+0000] {processor.py:186} INFO - Started process (PID=2413) to work on /home/airflow/.local/lib/python3.12/site-packages/airflow/example_dags/example_sensor_decorator.py
[2024-12-22T11:39:36.804+0000] {processor.py:914} INFO - Processing file /home/airflow/.local/lib/python3.12/site-packages/airflow/example_dags/example_sensor_decorator.py for tasks to queue
[2024-12-22T11:39:36.809+0000] {logging_mixin.py:190} INFO - [2024-12-22T11:39:36.807+0000] {dagbag.py:588} INFO - Filling up the DagBag from /home/airflow/.local/lib/python3.12/site-packages/airflow/example_dags/example_sensor_decorator.py
[2024-12-22T11:39:36.832+0000] {processor.py:925} INFO - DAG(s) 'example_sensor_decorator' retrieved from /home/airflow/.local/lib/python3.12/site-packages/airflow/example_dags/example_sensor_decorator.py
[2024-12-22T11:39:36.885+0000] {logging_mixin.py:190} INFO - [2024-12-22T11:39:36.884+0000] {dag.py:3239} INFO - Sync 1 DAGs
[2024-12-22T11:39:36.936+0000] {logging_mixin.py:190} INFO - [2024-12-22T11:39:36.935+0000] {dag.py:4180} INFO - Setting next_dagrun for example_sensor_decorator to None, run_after=None
[2024-12-22T11:39:36.986+0000] {processor.py:208} INFO - Processing /home/airflow/.local/lib/python3.12/site-packages/airflow/example_dags/example_sensor_decorator.py took 0.201 seconds
[2024-12-22T11:40:17.900+0000] {processor.py:186} INFO - Started process (PID=2480) to work on /home/airflow/.local/lib/python3.12/site-packages/airflow/example_dags/example_sensor_decorator.py
[2024-12-22T11:40:17.903+0000] {processor.py:914} INFO - Processing file /home/airflow/.local/lib/python3.12/site-packages/airflow/example_dags/example_sensor_decorator.py for tasks to queue
[2024-12-22T11:40:17.907+0000] {logging_mixin.py:190} INFO - [2024-12-22T11:40:17.906+0000] {dagbag.py:588} INFO - Filling up the DagBag from /home/airflow/.local/lib/python3.12/site-packages/airflow/example_dags/example_sensor_decorator.py
[2024-12-22T11:40:17.937+0000] {processor.py:925} INFO - DAG(s) 'example_sensor_decorator' retrieved from /home/airflow/.local/lib/python3.12/site-packages/airflow/example_dags/example_sensor_decorator.py
[2024-12-22T11:40:17.996+0000] {logging_mixin.py:190} INFO - [2024-12-22T11:40:17.995+0000] {dag.py:3239} INFO - Sync 1 DAGs
[2024-12-22T11:40:18.040+0000] {logging_mixin.py:190} INFO - [2024-12-22T11:40:18.039+0000] {dag.py:4180} INFO - Setting next_dagrun for example_sensor_decorator to None, run_after=None
[2024-12-22T11:40:18.082+0000] {processor.py:208} INFO - Processing /home/airflow/.local/lib/python3.12/site-packages/airflow/example_dags/example_sensor_decorator.py took 0.202 seconds
[2024-12-22T11:40:57.247+0000] {processor.py:186} INFO - Started process (PID=2545) to work on /home/airflow/.local/lib/python3.12/site-packages/airflow/example_dags/example_sensor_decorator.py
[2024-12-22T11:40:57.250+0000] {processor.py:914} INFO - Processing file /home/airflow/.local/lib/python3.12/site-packages/airflow/example_dags/example_sensor_decorator.py for tasks to queue
[2024-12-22T11:40:57.253+0000] {logging_mixin.py:190} INFO - [2024-12-22T11:40:57.252+0000] {dagbag.py:588} INFO - Filling up the DagBag from /home/airflow/.local/lib/python3.12/site-packages/airflow/example_dags/example_sensor_decorator.py
[2024-12-22T11:40:57.276+0000] {processor.py:925} INFO - DAG(s) 'example_sensor_decorator' retrieved from /home/airflow/.local/lib/python3.12/site-packages/airflow/example_dags/example_sensor_decorator.py
[2024-12-22T11:40:57.323+0000] {logging_mixin.py:190} INFO - [2024-12-22T11:40:57.323+0000] {dag.py:3239} INFO - Sync 1 DAGs
[2024-12-22T11:40:57.375+0000] {logging_mixin.py:190} INFO - [2024-12-22T11:40:57.374+0000] {dag.py:4180} INFO - Setting next_dagrun for example_sensor_decorator to None, run_after=None
[2024-12-22T11:40:57.424+0000] {processor.py:208} INFO - Processing /home/airflow/.local/lib/python3.12/site-packages/airflow/example_dags/example_sensor_decorator.py took 0.196 seconds
[2024-12-22T11:41:32.371+0000] {processor.py:186} INFO - Started process (PID=2616) to work on /home/airflow/.local/lib/python3.12/site-packages/airflow/example_dags/example_sensor_decorator.py
[2024-12-22T11:41:32.373+0000] {processor.py:914} INFO - Processing file /home/airflow/.local/lib/python3.12/site-packages/airflow/example_dags/example_sensor_decorator.py for tasks to queue
[2024-12-22T11:41:32.376+0000] {logging_mixin.py:190} INFO - [2024-12-22T11:41:32.375+0000] {dagbag.py:588} INFO - Filling up the DagBag from /home/airflow/.local/lib/python3.12/site-packages/airflow/example_dags/example_sensor_decorator.py
[2024-12-22T11:41:32.397+0000] {processor.py:925} INFO - DAG(s) 'example_sensor_decorator' retrieved from /home/airflow/.local/lib/python3.12/site-packages/airflow/example_dags/example_sensor_decorator.py
[2024-12-22T11:41:32.448+0000] {logging_mixin.py:190} INFO - [2024-12-22T11:41:32.447+0000] {dag.py:3239} INFO - Sync 1 DAGs
[2024-12-22T11:41:32.493+0000] {logging_mixin.py:190} INFO - [2024-12-22T11:41:32.493+0000] {dag.py:4180} INFO - Setting next_dagrun for example_sensor_decorator to None, run_after=None
[2024-12-22T11:41:32.534+0000] {processor.py:208} INFO - Processing /home/airflow/.local/lib/python3.12/site-packages/airflow/example_dags/example_sensor_decorator.py took 0.177 seconds
[2024-12-22T11:43:17.260+0000] {processor.py:186} INFO - Started process (PID=2678) to work on /home/airflow/.local/lib/python3.12/site-packages/airflow/example_dags/example_sensor_decorator.py
[2024-12-22T11:43:17.263+0000] {processor.py:914} INFO - Processing file /home/airflow/.local/lib/python3.12/site-packages/airflow/example_dags/example_sensor_decorator.py for tasks to queue
[2024-12-22T11:43:17.266+0000] {logging_mixin.py:190} INFO - [2024-12-22T11:43:17.265+0000] {dagbag.py:588} INFO - Filling up the DagBag from /home/airflow/.local/lib/python3.12/site-packages/airflow/example_dags/example_sensor_decorator.py
[2024-12-22T11:43:17.291+0000] {processor.py:925} INFO - DAG(s) 'example_sensor_decorator' retrieved from /home/airflow/.local/lib/python3.12/site-packages/airflow/example_dags/example_sensor_decorator.py
[2024-12-22T11:43:17.350+0000] {logging_mixin.py:190} INFO - [2024-12-22T11:43:17.350+0000] {dag.py:3239} INFO - Sync 1 DAGs
[2024-12-22T11:43:17.408+0000] {logging_mixin.py:190} INFO - [2024-12-22T11:43:17.407+0000] {dag.py:4180} INFO - Setting next_dagrun for example_sensor_decorator to None, run_after=None
[2024-12-22T11:43:17.486+0000] {processor.py:208} INFO - Processing /home/airflow/.local/lib/python3.12/site-packages/airflow/example_dags/example_sensor_decorator.py took 0.243 seconds
[2024-12-22T11:45:50.201+0000] {processor.py:186} INFO - Started process (PID=2746) to work on /home/airflow/.local/lib/python3.12/site-packages/airflow/example_dags/example_sensor_decorator.py
[2024-12-22T11:45:50.204+0000] {processor.py:914} INFO - Processing file /home/airflow/.local/lib/python3.12/site-packages/airflow/example_dags/example_sensor_decorator.py for tasks to queue
[2024-12-22T11:45:50.211+0000] {logging_mixin.py:190} INFO - [2024-12-22T11:45:50.210+0000] {dagbag.py:588} INFO - Filling up the DagBag from /home/airflow/.local/lib/python3.12/site-packages/airflow/example_dags/example_sensor_decorator.py
[2024-12-22T11:45:50.252+0000] {processor.py:925} INFO - DAG(s) 'example_sensor_decorator' retrieved from /home/airflow/.local/lib/python3.12/site-packages/airflow/example_dags/example_sensor_decorator.py
[2024-12-22T11:45:50.384+0000] {logging_mixin.py:190} INFO - [2024-12-22T11:45:50.383+0000] {dag.py:3239} INFO - Sync 1 DAGs
[2024-12-22T11:45:50.469+0000] {logging_mixin.py:190} INFO - [2024-12-22T11:45:50.468+0000] {dag.py:4180} INFO - Setting next_dagrun for example_sensor_decorator to None, run_after=None
[2024-12-22T11:45:50.568+0000] {processor.py:208} INFO - Processing /home/airflow/.local/lib/python3.12/site-packages/airflow/example_dags/example_sensor_decorator.py took 0.400 seconds
[2024-12-22T11:50:05.910+0000] {processor.py:186} INFO - Started process (PID=93) to work on /home/airflow/.local/lib/python3.12/site-packages/airflow/example_dags/example_sensor_decorator.py
[2024-12-22T11:50:05.912+0000] {processor.py:914} INFO - Processing file /home/airflow/.local/lib/python3.12/site-packages/airflow/example_dags/example_sensor_decorator.py for tasks to queue
[2024-12-22T11:50:05.915+0000] {logging_mixin.py:190} INFO - [2024-12-22T11:50:05.915+0000] {dagbag.py:588} INFO - Filling up the DagBag from /home/airflow/.local/lib/python3.12/site-packages/airflow/example_dags/example_sensor_decorator.py
[2024-12-22T11:50:05.925+0000] {processor.py:925} INFO - DAG(s) 'example_sensor_decorator' retrieved from /home/airflow/.local/lib/python3.12/site-packages/airflow/example_dags/example_sensor_decorator.py
[2024-12-22T11:50:05.949+0000] {logging_mixin.py:190} INFO - [2024-12-22T11:50:05.948+0000] {dag.py:3239} INFO - Sync 1 DAGs
[2024-12-22T11:50:05.968+0000] {logging_mixin.py:190} INFO - [2024-12-22T11:50:05.967+0000] {dag.py:4180} INFO - Setting next_dagrun for example_sensor_decorator to None, run_after=None
[2024-12-22T11:50:05.996+0000] {processor.py:208} INFO - Processing /home/airflow/.local/lib/python3.12/site-packages/airflow/example_dags/example_sensor_decorator.py took 0.093 seconds
[2024-12-22T11:50:37.249+0000] {processor.py:186} INFO - Started process (PID=158) to work on /home/airflow/.local/lib/python3.12/site-packages/airflow/example_dags/example_sensor_decorator.py
[2024-12-22T11:50:37.251+0000] {processor.py:914} INFO - Processing file /home/airflow/.local/lib/python3.12/site-packages/airflow/example_dags/example_sensor_decorator.py for tasks to queue
[2024-12-22T11:50:37.255+0000] {logging_mixin.py:190} INFO - [2024-12-22T11:50:37.254+0000] {dagbag.py:588} INFO - Filling up the DagBag from /home/airflow/.local/lib/python3.12/site-packages/airflow/example_dags/example_sensor_decorator.py
[2024-12-22T11:50:37.274+0000] {processor.py:925} INFO - DAG(s) 'example_sensor_decorator' retrieved from /home/airflow/.local/lib/python3.12/site-packages/airflow/example_dags/example_sensor_decorator.py
[2024-12-22T11:50:37.310+0000] {logging_mixin.py:190} INFO - [2024-12-22T11:50:37.310+0000] {dag.py:3239} INFO - Sync 1 DAGs
[2024-12-22T11:50:37.347+0000] {logging_mixin.py:190} INFO - [2024-12-22T11:50:37.347+0000] {dag.py:4180} INFO - Setting next_dagrun for example_sensor_decorator to None, run_after=None
[2024-12-22T11:50:37.385+0000] {processor.py:208} INFO - Processing /home/airflow/.local/lib/python3.12/site-packages/airflow/example_dags/example_sensor_decorator.py took 0.148 seconds
[2024-12-22T11:51:15.946+0000] {processor.py:186} INFO - Started process (PID=223) to work on /home/airflow/.local/lib/python3.12/site-packages/airflow/example_dags/example_sensor_decorator.py
[2024-12-22T11:51:15.948+0000] {processor.py:914} INFO - Processing file /home/airflow/.local/lib/python3.12/site-packages/airflow/example_dags/example_sensor_decorator.py for tasks to queue
[2024-12-22T11:51:15.951+0000] {logging_mixin.py:190} INFO - [2024-12-22T11:51:15.950+0000] {dagbag.py:588} INFO - Filling up the DagBag from /home/airflow/.local/lib/python3.12/site-packages/airflow/example_dags/example_sensor_decorator.py
[2024-12-22T11:51:15.960+0000] {processor.py:925} INFO - DAG(s) 'example_sensor_decorator' retrieved from /home/airflow/.local/lib/python3.12/site-packages/airflow/example_dags/example_sensor_decorator.py
[2024-12-22T11:51:15.982+0000] {logging_mixin.py:190} INFO - [2024-12-22T11:51:15.982+0000] {dag.py:3239} INFO - Sync 1 DAGs
[2024-12-22T11:51:16.000+0000] {logging_mixin.py:190} INFO - [2024-12-22T11:51:16.000+0000] {dag.py:4180} INFO - Setting next_dagrun for example_sensor_decorator to None, run_after=None
[2024-12-22T11:51:16.022+0000] {processor.py:208} INFO - Processing /home/airflow/.local/lib/python3.12/site-packages/airflow/example_dags/example_sensor_decorator.py took 0.083 seconds
[2024-12-22T11:51:47.584+0000] {processor.py:186} INFO - Started process (PID=294) to work on /home/airflow/.local/lib/python3.12/site-packages/airflow/example_dags/example_sensor_decorator.py
[2024-12-22T11:51:47.585+0000] {processor.py:914} INFO - Processing file /home/airflow/.local/lib/python3.12/site-packages/airflow/example_dags/example_sensor_decorator.py for tasks to queue
[2024-12-22T11:51:47.588+0000] {logging_mixin.py:190} INFO - [2024-12-22T11:51:47.587+0000] {dagbag.py:588} INFO - Filling up the DagBag from /home/airflow/.local/lib/python3.12/site-packages/airflow/example_dags/example_sensor_decorator.py
[2024-12-22T11:51:47.597+0000] {processor.py:925} INFO - DAG(s) 'example_sensor_decorator' retrieved from /home/airflow/.local/lib/python3.12/site-packages/airflow/example_dags/example_sensor_decorator.py
[2024-12-22T11:51:47.618+0000] {logging_mixin.py:190} INFO - [2024-12-22T11:51:47.617+0000] {dag.py:3239} INFO - Sync 1 DAGs
[2024-12-22T11:51:47.635+0000] {logging_mixin.py:190} INFO - [2024-12-22T11:51:47.634+0000] {dag.py:4180} INFO - Setting next_dagrun for example_sensor_decorator to None, run_after=None
[2024-12-22T11:51:47.655+0000] {processor.py:208} INFO - Processing /home/airflow/.local/lib/python3.12/site-packages/airflow/example_dags/example_sensor_decorator.py took 0.080 seconds
[2024-12-22T11:52:18.851+0000] {processor.py:186} INFO - Started process (PID=359) to work on /home/airflow/.local/lib/python3.12/site-packages/airflow/example_dags/example_sensor_decorator.py
[2024-12-22T11:52:18.852+0000] {processor.py:914} INFO - Processing file /home/airflow/.local/lib/python3.12/site-packages/airflow/example_dags/example_sensor_decorator.py for tasks to queue
[2024-12-22T11:52:18.857+0000] {logging_mixin.py:190} INFO - [2024-12-22T11:52:18.856+0000] {dagbag.py:588} INFO - Filling up the DagBag from /home/airflow/.local/lib/python3.12/site-packages/airflow/example_dags/example_sensor_decorator.py
[2024-12-22T11:52:18.868+0000] {processor.py:925} INFO - DAG(s) 'example_sensor_decorator' retrieved from /home/airflow/.local/lib/python3.12/site-packages/airflow/example_dags/example_sensor_decorator.py
[2024-12-22T11:52:18.892+0000] {logging_mixin.py:190} INFO - [2024-12-22T11:52:18.892+0000] {dag.py:3239} INFO - Sync 1 DAGs
[2024-12-22T11:52:18.910+0000] {logging_mixin.py:190} INFO - [2024-12-22T11:52:18.910+0000] {dag.py:4180} INFO - Setting next_dagrun for example_sensor_decorator to None, run_after=None
[2024-12-22T11:52:18.933+0000] {processor.py:208} INFO - Processing /home/airflow/.local/lib/python3.12/site-packages/airflow/example_dags/example_sensor_decorator.py took 0.088 seconds
[2024-12-22T11:52:50.625+0000] {processor.py:186} INFO - Started process (PID=424) to work on /home/airflow/.local/lib/python3.12/site-packages/airflow/example_dags/example_sensor_decorator.py
[2024-12-22T11:52:50.626+0000] {processor.py:914} INFO - Processing file /home/airflow/.local/lib/python3.12/site-packages/airflow/example_dags/example_sensor_decorator.py for tasks to queue
[2024-12-22T11:52:50.629+0000] {logging_mixin.py:190} INFO - [2024-12-22T11:52:50.629+0000] {dagbag.py:588} INFO - Filling up the DagBag from /home/airflow/.local/lib/python3.12/site-packages/airflow/example_dags/example_sensor_decorator.py
[2024-12-22T11:52:50.643+0000] {processor.py:925} INFO - DAG(s) 'example_sensor_decorator' retrieved from /home/airflow/.local/lib/python3.12/site-packages/airflow/example_dags/example_sensor_decorator.py
[2024-12-22T11:52:50.671+0000] {logging_mixin.py:190} INFO - [2024-12-22T11:52:50.671+0000] {dag.py:3239} INFO - Sync 1 DAGs
[2024-12-22T11:52:50.692+0000] {logging_mixin.py:190} INFO - [2024-12-22T11:52:50.691+0000] {dag.py:4180} INFO - Setting next_dagrun for example_sensor_decorator to None, run_after=None
[2024-12-22T11:52:50.717+0000] {processor.py:208} INFO - Processing /home/airflow/.local/lib/python3.12/site-packages/airflow/example_dags/example_sensor_decorator.py took 0.101 seconds
[2024-12-22T11:53:21.959+0000] {processor.py:186} INFO - Started process (PID=489) to work on /home/airflow/.local/lib/python3.12/site-packages/airflow/example_dags/example_sensor_decorator.py
[2024-12-22T11:53:21.960+0000] {processor.py:914} INFO - Processing file /home/airflow/.local/lib/python3.12/site-packages/airflow/example_dags/example_sensor_decorator.py for tasks to queue
[2024-12-22T11:53:21.964+0000] {logging_mixin.py:190} INFO - [2024-12-22T11:53:21.963+0000] {dagbag.py:588} INFO - Filling up the DagBag from /home/airflow/.local/lib/python3.12/site-packages/airflow/example_dags/example_sensor_decorator.py
[2024-12-22T11:53:21.977+0000] {processor.py:925} INFO - DAG(s) 'example_sensor_decorator' retrieved from /home/airflow/.local/lib/python3.12/site-packages/airflow/example_dags/example_sensor_decorator.py
[2024-12-22T11:53:22.000+0000] {logging_mixin.py:190} INFO - [2024-12-22T11:53:21.999+0000] {dag.py:3239} INFO - Sync 1 DAGs
[2024-12-22T11:53:22.017+0000] {logging_mixin.py:190} INFO - [2024-12-22T11:53:22.017+0000] {dag.py:4180} INFO - Setting next_dagrun for example_sensor_decorator to None, run_after=None
[2024-12-22T11:53:22.041+0000] {processor.py:208} INFO - Processing /home/airflow/.local/lib/python3.12/site-packages/airflow/example_dags/example_sensor_decorator.py took 0.089 seconds
[2024-12-22T11:53:53.965+0000] {processor.py:186} INFO - Started process (PID=554) to work on /home/airflow/.local/lib/python3.12/site-packages/airflow/example_dags/example_sensor_decorator.py
[2024-12-22T11:53:53.966+0000] {processor.py:914} INFO - Processing file /home/airflow/.local/lib/python3.12/site-packages/airflow/example_dags/example_sensor_decorator.py for tasks to queue
[2024-12-22T11:53:53.969+0000] {logging_mixin.py:190} INFO - [2024-12-22T11:53:53.969+0000] {dagbag.py:588} INFO - Filling up the DagBag from /home/airflow/.local/lib/python3.12/site-packages/airflow/example_dags/example_sensor_decorator.py
[2024-12-22T11:53:53.979+0000] {processor.py:925} INFO - DAG(s) 'example_sensor_decorator' retrieved from /home/airflow/.local/lib/python3.12/site-packages/airflow/example_dags/example_sensor_decorator.py
[2024-12-22T11:53:54.001+0000] {logging_mixin.py:190} INFO - [2024-12-22T11:53:54.000+0000] {dag.py:3239} INFO - Sync 1 DAGs
[2024-12-22T11:53:54.018+0000] {logging_mixin.py:190} INFO - [2024-12-22T11:53:54.018+0000] {dag.py:4180} INFO - Setting next_dagrun for example_sensor_decorator to None, run_after=None
[2024-12-22T11:53:54.040+0000] {processor.py:208} INFO - Processing /home/airflow/.local/lib/python3.12/site-packages/airflow/example_dags/example_sensor_decorator.py took 0.083 seconds
[2024-12-22T11:54:26.478+0000] {processor.py:186} INFO - Started process (PID=619) to work on /home/airflow/.local/lib/python3.12/site-packages/airflow/example_dags/example_sensor_decorator.py
[2024-12-22T11:54:26.479+0000] {processor.py:914} INFO - Processing file /home/airflow/.local/lib/python3.12/site-packages/airflow/example_dags/example_sensor_decorator.py for tasks to queue
[2024-12-22T11:54:26.483+0000] {logging_mixin.py:190} INFO - [2024-12-22T11:54:26.482+0000] {dagbag.py:588} INFO - Filling up the DagBag from /home/airflow/.local/lib/python3.12/site-packages/airflow/example_dags/example_sensor_decorator.py
[2024-12-22T11:54:26.497+0000] {processor.py:925} INFO - DAG(s) 'example_sensor_decorator' retrieved from /home/airflow/.local/lib/python3.12/site-packages/airflow/example_dags/example_sensor_decorator.py
[2024-12-22T11:54:26.521+0000] {logging_mixin.py:190} INFO - [2024-12-22T11:54:26.521+0000] {dag.py:3239} INFO - Sync 1 DAGs
[2024-12-22T11:54:26.542+0000] {logging_mixin.py:190} INFO - [2024-12-22T11:54:26.541+0000] {dag.py:4180} INFO - Setting next_dagrun for example_sensor_decorator to None, run_after=None
[2024-12-22T11:54:26.567+0000] {processor.py:208} INFO - Processing /home/airflow/.local/lib/python3.12/site-packages/airflow/example_dags/example_sensor_decorator.py took 0.099 seconds
[2024-12-22T11:54:57.812+0000] {processor.py:186} INFO - Started process (PID=684) to work on /home/airflow/.local/lib/python3.12/site-packages/airflow/example_dags/example_sensor_decorator.py
[2024-12-22T11:54:57.814+0000] {processor.py:914} INFO - Processing file /home/airflow/.local/lib/python3.12/site-packages/airflow/example_dags/example_sensor_decorator.py for tasks to queue
[2024-12-22T11:54:57.817+0000] {logging_mixin.py:190} INFO - [2024-12-22T11:54:57.817+0000] {dagbag.py:588} INFO - Filling up the DagBag from /home/airflow/.local/lib/python3.12/site-packages/airflow/example_dags/example_sensor_decorator.py
[2024-12-22T11:54:57.828+0000] {processor.py:925} INFO - DAG(s) 'example_sensor_decorator' retrieved from /home/airflow/.local/lib/python3.12/site-packages/airflow/example_dags/example_sensor_decorator.py
[2024-12-22T11:54:57.851+0000] {logging_mixin.py:190} INFO - [2024-12-22T11:54:57.850+0000] {dag.py:3239} INFO - Sync 1 DAGs
[2024-12-22T11:54:57.871+0000] {logging_mixin.py:190} INFO - [2024-12-22T11:54:57.871+0000] {dag.py:4180} INFO - Setting next_dagrun for example_sensor_decorator to None, run_after=None
[2024-12-22T11:54:57.894+0000] {processor.py:208} INFO - Processing /home/airflow/.local/lib/python3.12/site-packages/airflow/example_dags/example_sensor_decorator.py took 0.090 seconds
[2024-12-22T11:56:36.716+0000] {processor.py:186} INFO - Started process (PID=95) to work on /home/airflow/.local/lib/python3.12/site-packages/airflow/example_dags/example_sensor_decorator.py
[2024-12-22T11:56:36.718+0000] {processor.py:914} INFO - Processing file /home/airflow/.local/lib/python3.12/site-packages/airflow/example_dags/example_sensor_decorator.py for tasks to queue
[2024-12-22T11:56:36.723+0000] {logging_mixin.py:190} INFO - [2024-12-22T11:56:36.722+0000] {dagbag.py:588} INFO - Filling up the DagBag from /home/airflow/.local/lib/python3.12/site-packages/airflow/example_dags/example_sensor_decorator.py
[2024-12-22T11:56:36.742+0000] {processor.py:925} INFO - DAG(s) 'example_sensor_decorator' retrieved from /home/airflow/.local/lib/python3.12/site-packages/airflow/example_dags/example_sensor_decorator.py
[2024-12-22T11:56:36.776+0000] {logging_mixin.py:190} INFO - [2024-12-22T11:56:36.775+0000] {dag.py:3239} INFO - Sync 1 DAGs
[2024-12-22T11:56:36.804+0000] {logging_mixin.py:190} INFO - [2024-12-22T11:56:36.803+0000] {dag.py:4180} INFO - Setting next_dagrun for example_sensor_decorator to None, run_after=None
[2024-12-22T11:56:36.836+0000] {processor.py:208} INFO - Processing /home/airflow/.local/lib/python3.12/site-packages/airflow/example_dags/example_sensor_decorator.py took 0.131 seconds
[2024-12-22T11:57:09.599+0000] {processor.py:186} INFO - Started process (PID=161) to work on /home/airflow/.local/lib/python3.12/site-packages/airflow/example_dags/example_sensor_decorator.py
[2024-12-22T11:57:09.602+0000] {processor.py:914} INFO - Processing file /home/airflow/.local/lib/python3.12/site-packages/airflow/example_dags/example_sensor_decorator.py for tasks to queue
[2024-12-22T11:57:09.605+0000] {logging_mixin.py:190} INFO - [2024-12-22T11:57:09.605+0000] {dagbag.py:588} INFO - Filling up the DagBag from /home/airflow/.local/lib/python3.12/site-packages/airflow/example_dags/example_sensor_decorator.py
[2024-12-22T11:57:09.619+0000] {processor.py:925} INFO - DAG(s) 'example_sensor_decorator' retrieved from /home/airflow/.local/lib/python3.12/site-packages/airflow/example_dags/example_sensor_decorator.py
[2024-12-22T11:57:09.662+0000] {logging_mixin.py:190} INFO - [2024-12-22T11:57:09.662+0000] {dag.py:3239} INFO - Sync 1 DAGs
[2024-12-22T11:57:09.691+0000] {logging_mixin.py:190} INFO - [2024-12-22T11:57:09.690+0000] {dag.py:4180} INFO - Setting next_dagrun for example_sensor_decorator to None, run_after=None
[2024-12-22T11:57:09.720+0000] {processor.py:208} INFO - Processing /home/airflow/.local/lib/python3.12/site-packages/airflow/example_dags/example_sensor_decorator.py took 0.131 seconds
