[2024-12-22T11:17:53.172+0000] {processor.py:186} INFO - Started process (PID=79) to work on /home/airflow/.local/lib/python3.12/site-packages/airflow/example_dags/example_python_operator.py
[2024-12-22T11:17:53.176+0000] {processor.py:914} INFO - Processing file /home/airflow/.local/lib/python3.12/site-packages/airflow/example_dags/example_python_operator.py for tasks to queue
[2024-12-22T11:17:53.184+0000] {logging_mixin.py:190} INFO - [2024-12-22T11:17:53.183+0000] {dagbag.py:588} INFO - Filling up the DagBag from /home/airflow/.local/lib/python3.12/site-packages/airflow/example_dags/example_python_operator.py
[2024-12-22T11:17:53.237+0000] {processor.py:925} INFO - DAG(s) 'example_python_operator' retrieved from /home/airflow/.local/lib/python3.12/site-packages/airflow/example_dags/example_python_operator.py
[2024-12-22T11:17:53.706+0000] {logging_mixin.py:190} INFO - [2024-12-22T11:17:53.705+0000] {dag.py:3239} INFO - Sync 1 DAGs
[2024-12-22T11:17:53.745+0000] {logging_mixin.py:190} INFO - [2024-12-22T11:17:53.744+0000] {dag.py:4180} INFO - Setting next_dagrun for example_python_operator to None, run_after=None
[2024-12-22T11:17:53.824+0000] {processor.py:208} INFO - Processing /home/airflow/.local/lib/python3.12/site-packages/airflow/example_dags/example_python_operator.py took 0.669 seconds
[2024-12-22T11:18:27.254+0000] {processor.py:186} INFO - Started process (PID=144) to work on /home/airflow/.local/lib/python3.12/site-packages/airflow/example_dags/example_python_operator.py
[2024-12-22T11:18:27.257+0000] {processor.py:914} INFO - Processing file /home/airflow/.local/lib/python3.12/site-packages/airflow/example_dags/example_python_operator.py for tasks to queue
[2024-12-22T11:18:27.263+0000] {logging_mixin.py:190} INFO - [2024-12-22T11:18:27.262+0000] {dagbag.py:588} INFO - Filling up the DagBag from /home/airflow/.local/lib/python3.12/site-packages/airflow/example_dags/example_python_operator.py
[2024-12-22T11:18:27.300+0000] {processor.py:925} INFO - DAG(s) 'example_python_operator' retrieved from /home/airflow/.local/lib/python3.12/site-packages/airflow/example_dags/example_python_operator.py
[2024-12-22T11:18:27.362+0000] {logging_mixin.py:190} INFO - [2024-12-22T11:18:27.361+0000] {dag.py:3239} INFO - Sync 1 DAGs
[2024-12-22T11:18:27.402+0000] {logging_mixin.py:190} INFO - [2024-12-22T11:18:27.401+0000] {dag.py:4180} INFO - Setting next_dagrun for example_python_operator to None, run_after=None
[2024-12-22T11:18:27.448+0000] {processor.py:208} INFO - Processing /home/airflow/.local/lib/python3.12/site-packages/airflow/example_dags/example_python_operator.py took 0.209 seconds
[2024-12-22T11:19:02.127+0000] {processor.py:186} INFO - Started process (PID=209) to work on /home/airflow/.local/lib/python3.12/site-packages/airflow/example_dags/example_python_operator.py
[2024-12-22T11:19:02.129+0000] {processor.py:914} INFO - Processing file /home/airflow/.local/lib/python3.12/site-packages/airflow/example_dags/example_python_operator.py for tasks to queue
[2024-12-22T11:19:02.189+0000] {logging_mixin.py:190} INFO - [2024-12-22T11:19:02.186+0000] {dagbag.py:588} INFO - Filling up the DagBag from /home/airflow/.local/lib/python3.12/site-packages/airflow/example_dags/example_python_operator.py
[2024-12-22T11:19:02.557+0000] {processor.py:925} INFO - DAG(s) 'example_python_operator' retrieved from /home/airflow/.local/lib/python3.12/site-packages/airflow/example_dags/example_python_operator.py
[2024-12-22T11:19:02.901+0000] {logging_mixin.py:190} INFO - [2024-12-22T11:19:02.900+0000] {dag.py:3239} INFO - Sync 1 DAGs
[2024-12-22T11:19:03.034+0000] {logging_mixin.py:190} INFO - [2024-12-22T11:19:03.034+0000] {dag.py:4180} INFO - Setting next_dagrun for example_python_operator to None, run_after=None
[2024-12-22T11:19:03.158+0000] {processor.py:208} INFO - Processing /home/airflow/.local/lib/python3.12/site-packages/airflow/example_dags/example_python_operator.py took 1.045 seconds
[2024-12-22T11:19:35.986+0000] {processor.py:186} INFO - Started process (PID=281) to work on /home/airflow/.local/lib/python3.12/site-packages/airflow/example_dags/example_python_operator.py
[2024-12-22T11:19:35.991+0000] {processor.py:914} INFO - Processing file /home/airflow/.local/lib/python3.12/site-packages/airflow/example_dags/example_python_operator.py for tasks to queue
[2024-12-22T11:19:36.004+0000] {logging_mixin.py:190} INFO - [2024-12-22T11:19:36.003+0000] {dagbag.py:588} INFO - Filling up the DagBag from /home/airflow/.local/lib/python3.12/site-packages/airflow/example_dags/example_python_operator.py
[2024-12-22T11:19:36.098+0000] {processor.py:925} INFO - DAG(s) 'example_python_operator' retrieved from /home/airflow/.local/lib/python3.12/site-packages/airflow/example_dags/example_python_operator.py
[2024-12-22T11:19:36.259+0000] {logging_mixin.py:190} INFO - [2024-12-22T11:19:36.258+0000] {dag.py:3239} INFO - Sync 1 DAGs
[2024-12-22T11:19:36.338+0000] {logging_mixin.py:190} INFO - [2024-12-22T11:19:36.335+0000] {dag.py:4180} INFO - Setting next_dagrun for example_python_operator to None, run_after=None
[2024-12-22T11:19:36.420+0000] {processor.py:208} INFO - Processing /home/airflow/.local/lib/python3.12/site-packages/airflow/example_dags/example_python_operator.py took 0.463 seconds
[2024-12-22T11:20:10.335+0000] {processor.py:186} INFO - Started process (PID=347) to work on /home/airflow/.local/lib/python3.12/site-packages/airflow/example_dags/example_python_operator.py
[2024-12-22T11:20:10.337+0000] {processor.py:914} INFO - Processing file /home/airflow/.local/lib/python3.12/site-packages/airflow/example_dags/example_python_operator.py for tasks to queue
[2024-12-22T11:20:10.344+0000] {logging_mixin.py:190} INFO - [2024-12-22T11:20:10.343+0000] {dagbag.py:588} INFO - Filling up the DagBag from /home/airflow/.local/lib/python3.12/site-packages/airflow/example_dags/example_python_operator.py
[2024-12-22T11:20:10.375+0000] {processor.py:925} INFO - DAG(s) 'example_python_operator' retrieved from /home/airflow/.local/lib/python3.12/site-packages/airflow/example_dags/example_python_operator.py
[2024-12-22T11:20:10.432+0000] {logging_mixin.py:190} INFO - [2024-12-22T11:20:10.432+0000] {dag.py:3239} INFO - Sync 1 DAGs
[2024-12-22T11:20:10.476+0000] {logging_mixin.py:190} INFO - [2024-12-22T11:20:10.475+0000] {dag.py:4180} INFO - Setting next_dagrun for example_python_operator to None, run_after=None
[2024-12-22T11:20:11.552+0000] {processor.py:208} INFO - Processing /home/airflow/.local/lib/python3.12/site-packages/airflow/example_dags/example_python_operator.py took 1.238 seconds
[2024-12-22T11:20:42.980+0000] {processor.py:186} INFO - Started process (PID=412) to work on /home/airflow/.local/lib/python3.12/site-packages/airflow/example_dags/example_python_operator.py
[2024-12-22T11:20:42.983+0000] {processor.py:914} INFO - Processing file /home/airflow/.local/lib/python3.12/site-packages/airflow/example_dags/example_python_operator.py for tasks to queue
[2024-12-22T11:20:42.993+0000] {logging_mixin.py:190} INFO - [2024-12-22T11:20:42.992+0000] {dagbag.py:588} INFO - Filling up the DagBag from /home/airflow/.local/lib/python3.12/site-packages/airflow/example_dags/example_python_operator.py
[2024-12-22T11:20:43.038+0000] {processor.py:925} INFO - DAG(s) 'example_python_operator' retrieved from /home/airflow/.local/lib/python3.12/site-packages/airflow/example_dags/example_python_operator.py
[2024-12-22T11:20:43.102+0000] {logging_mixin.py:190} INFO - [2024-12-22T11:20:43.102+0000] {dag.py:3239} INFO - Sync 1 DAGs
[2024-12-22T11:20:43.152+0000] {logging_mixin.py:190} INFO - [2024-12-22T11:20:43.151+0000] {dag.py:4180} INFO - Setting next_dagrun for example_python_operator to None, run_after=None
[2024-12-22T11:20:43.204+0000] {processor.py:208} INFO - Processing /home/airflow/.local/lib/python3.12/site-packages/airflow/example_dags/example_python_operator.py took 0.242 seconds
[2024-12-22T11:21:21.550+0000] {processor.py:186} INFO - Started process (PID=477) to work on /home/airflow/.local/lib/python3.12/site-packages/airflow/example_dags/example_python_operator.py
[2024-12-22T11:21:21.556+0000] {processor.py:914} INFO - Processing file /home/airflow/.local/lib/python3.12/site-packages/airflow/example_dags/example_python_operator.py for tasks to queue
[2024-12-22T11:21:21.570+0000] {logging_mixin.py:190} INFO - [2024-12-22T11:21:21.568+0000] {dagbag.py:588} INFO - Filling up the DagBag from /home/airflow/.local/lib/python3.12/site-packages/airflow/example_dags/example_python_operator.py
[2024-12-22T11:21:21.610+0000] {processor.py:925} INFO - DAG(s) 'example_python_operator' retrieved from /home/airflow/.local/lib/python3.12/site-packages/airflow/example_dags/example_python_operator.py
[2024-12-22T11:21:21.659+0000] {logging_mixin.py:190} INFO - [2024-12-22T11:21:21.658+0000] {dag.py:3239} INFO - Sync 1 DAGs
[2024-12-22T11:21:21.693+0000] {logging_mixin.py:190} INFO - [2024-12-22T11:21:21.692+0000] {dag.py:4180} INFO - Setting next_dagrun for example_python_operator to None, run_after=None
[2024-12-22T11:21:22.720+0000] {processor.py:208} INFO - Processing /home/airflow/.local/lib/python3.12/site-packages/airflow/example_dags/example_python_operator.py took 1.208 seconds
[2024-12-22T11:21:53.474+0000] {processor.py:186} INFO - Started process (PID=542) to work on /home/airflow/.local/lib/python3.12/site-packages/airflow/example_dags/example_python_operator.py
[2024-12-22T11:21:53.477+0000] {processor.py:914} INFO - Processing file /home/airflow/.local/lib/python3.12/site-packages/airflow/example_dags/example_python_operator.py for tasks to queue
[2024-12-22T11:21:53.484+0000] {logging_mixin.py:190} INFO - [2024-12-22T11:21:53.483+0000] {dagbag.py:588} INFO - Filling up the DagBag from /home/airflow/.local/lib/python3.12/site-packages/airflow/example_dags/example_python_operator.py
[2024-12-22T11:21:53.524+0000] {processor.py:925} INFO - DAG(s) 'example_python_operator' retrieved from /home/airflow/.local/lib/python3.12/site-packages/airflow/example_dags/example_python_operator.py
[2024-12-22T11:21:53.584+0000] {logging_mixin.py:190} INFO - [2024-12-22T11:21:53.584+0000] {dag.py:3239} INFO - Sync 1 DAGs
[2024-12-22T11:21:53.626+0000] {logging_mixin.py:190} INFO - [2024-12-22T11:21:53.625+0000] {dag.py:4180} INFO - Setting next_dagrun for example_python_operator to None, run_after=None
[2024-12-22T11:21:54.584+0000] {processor.py:208} INFO - Processing /home/airflow/.local/lib/python3.12/site-packages/airflow/example_dags/example_python_operator.py took 1.128 seconds
[2024-12-22T11:22:26.645+0000] {processor.py:186} INFO - Started process (PID=607) to work on /home/airflow/.local/lib/python3.12/site-packages/airflow/example_dags/example_python_operator.py
[2024-12-22T11:22:26.648+0000] {processor.py:914} INFO - Processing file /home/airflow/.local/lib/python3.12/site-packages/airflow/example_dags/example_python_operator.py for tasks to queue
[2024-12-22T11:22:26.656+0000] {logging_mixin.py:190} INFO - [2024-12-22T11:22:26.655+0000] {dagbag.py:588} INFO - Filling up the DagBag from /home/airflow/.local/lib/python3.12/site-packages/airflow/example_dags/example_python_operator.py
[2024-12-22T11:22:26.692+0000] {processor.py:925} INFO - DAG(s) 'example_python_operator' retrieved from /home/airflow/.local/lib/python3.12/site-packages/airflow/example_dags/example_python_operator.py
[2024-12-22T11:22:26.782+0000] {logging_mixin.py:190} INFO - [2024-12-22T11:22:26.781+0000] {dag.py:3239} INFO - Sync 1 DAGs
[2024-12-22T11:22:26.876+0000] {logging_mixin.py:190} INFO - [2024-12-22T11:22:26.875+0000] {dag.py:4180} INFO - Setting next_dagrun for example_python_operator to None, run_after=None
[2024-12-22T11:22:27.872+0000] {processor.py:208} INFO - Processing /home/airflow/.local/lib/python3.12/site-packages/airflow/example_dags/example_python_operator.py took 1.244 seconds
[2024-12-22T11:23:13.932+0000] {processor.py:186} INFO - Started process (PID=672) to work on /home/airflow/.local/lib/python3.12/site-packages/airflow/example_dags/example_python_operator.py
[2024-12-22T11:23:13.935+0000] {processor.py:914} INFO - Processing file /home/airflow/.local/lib/python3.12/site-packages/airflow/example_dags/example_python_operator.py for tasks to queue
[2024-12-22T11:23:13.941+0000] {logging_mixin.py:190} INFO - [2024-12-22T11:23:13.940+0000] {dagbag.py:588} INFO - Filling up the DagBag from /home/airflow/.local/lib/python3.12/site-packages/airflow/example_dags/example_python_operator.py
[2024-12-22T11:23:13.998+0000] {processor.py:925} INFO - DAG(s) 'example_python_operator' retrieved from /home/airflow/.local/lib/python3.12/site-packages/airflow/example_dags/example_python_operator.py
[2024-12-22T11:23:14.102+0000] {logging_mixin.py:190} INFO - [2024-12-22T11:23:14.101+0000] {dag.py:3239} INFO - Sync 1 DAGs
[2024-12-22T11:23:14.150+0000] {logging_mixin.py:190} INFO - [2024-12-22T11:23:14.149+0000] {dag.py:4180} INFO - Setting next_dagrun for example_python_operator to None, run_after=None
[2024-12-22T11:23:14.200+0000] {processor.py:208} INFO - Processing /home/airflow/.local/lib/python3.12/site-packages/airflow/example_dags/example_python_operator.py took 0.298 seconds
[2024-12-22T11:23:46.420+0000] {processor.py:186} INFO - Started process (PID=742) to work on /home/airflow/.local/lib/python3.12/site-packages/airflow/example_dags/example_python_operator.py
[2024-12-22T11:23:46.422+0000] {processor.py:914} INFO - Processing file /home/airflow/.local/lib/python3.12/site-packages/airflow/example_dags/example_python_operator.py for tasks to queue
[2024-12-22T11:23:46.429+0000] {logging_mixin.py:190} INFO - [2024-12-22T11:23:46.428+0000] {dagbag.py:588} INFO - Filling up the DagBag from /home/airflow/.local/lib/python3.12/site-packages/airflow/example_dags/example_python_operator.py
[2024-12-22T11:23:46.469+0000] {processor.py:925} INFO - DAG(s) 'example_python_operator' retrieved from /home/airflow/.local/lib/python3.12/site-packages/airflow/example_dags/example_python_operator.py
[2024-12-22T11:23:46.530+0000] {logging_mixin.py:190} INFO - [2024-12-22T11:23:46.529+0000] {dag.py:3239} INFO - Sync 1 DAGs
[2024-12-22T11:23:46.575+0000] {logging_mixin.py:190} INFO - [2024-12-22T11:23:46.574+0000] {dag.py:4180} INFO - Setting next_dagrun for example_python_operator to None, run_after=None
[2024-12-22T11:23:46.622+0000] {processor.py:208} INFO - Processing /home/airflow/.local/lib/python3.12/site-packages/airflow/example_dags/example_python_operator.py took 0.219 seconds
[2024-12-22T11:24:18.103+0000] {processor.py:186} INFO - Started process (PID=807) to work on /home/airflow/.local/lib/python3.12/site-packages/airflow/example_dags/example_python_operator.py
[2024-12-22T11:24:18.143+0000] {processor.py:914} INFO - Processing file /home/airflow/.local/lib/python3.12/site-packages/airflow/example_dags/example_python_operator.py for tasks to queue
[2024-12-22T11:24:18.150+0000] {logging_mixin.py:190} INFO - [2024-12-22T11:24:18.149+0000] {dagbag.py:588} INFO - Filling up the DagBag from /home/airflow/.local/lib/python3.12/site-packages/airflow/example_dags/example_python_operator.py
[2024-12-22T11:24:18.185+0000] {processor.py:925} INFO - DAG(s) 'example_python_operator' retrieved from /home/airflow/.local/lib/python3.12/site-packages/airflow/example_dags/example_python_operator.py
[2024-12-22T11:24:18.237+0000] {logging_mixin.py:190} INFO - [2024-12-22T11:24:18.236+0000] {dag.py:3239} INFO - Sync 1 DAGs
[2024-12-22T11:24:18.275+0000] {logging_mixin.py:190} INFO - [2024-12-22T11:24:18.274+0000] {dag.py:4180} INFO - Setting next_dagrun for example_python_operator to None, run_after=None
[2024-12-22T11:24:18.318+0000] {processor.py:208} INFO - Processing /home/airflow/.local/lib/python3.12/site-packages/airflow/example_dags/example_python_operator.py took 0.231 seconds
[2024-12-22T11:24:49.120+0000] {processor.py:186} INFO - Started process (PID=871) to work on /home/airflow/.local/lib/python3.12/site-packages/airflow/example_dags/example_python_operator.py
[2024-12-22T11:24:49.122+0000] {processor.py:914} INFO - Processing file /home/airflow/.local/lib/python3.12/site-packages/airflow/example_dags/example_python_operator.py for tasks to queue
[2024-12-22T11:24:49.129+0000] {logging_mixin.py:190} INFO - [2024-12-22T11:24:49.128+0000] {dagbag.py:588} INFO - Filling up the DagBag from /home/airflow/.local/lib/python3.12/site-packages/airflow/example_dags/example_python_operator.py
[2024-12-22T11:24:49.164+0000] {processor.py:925} INFO - DAG(s) 'example_python_operator' retrieved from /home/airflow/.local/lib/python3.12/site-packages/airflow/example_dags/example_python_operator.py
[2024-12-22T11:24:49.220+0000] {logging_mixin.py:190} INFO - [2024-12-22T11:24:49.219+0000] {dag.py:3239} INFO - Sync 1 DAGs
[2024-12-22T11:24:49.254+0000] {logging_mixin.py:190} INFO - [2024-12-22T11:24:49.254+0000] {dag.py:4180} INFO - Setting next_dagrun for example_python_operator to None, run_after=None
[2024-12-22T11:24:49.297+0000] {processor.py:208} INFO - Processing /home/airflow/.local/lib/python3.12/site-packages/airflow/example_dags/example_python_operator.py took 0.193 seconds
[2024-12-22T11:25:20.788+0000] {processor.py:186} INFO - Started process (PID=929) to work on /home/airflow/.local/lib/python3.12/site-packages/airflow/example_dags/example_python_operator.py
[2024-12-22T11:25:20.790+0000] {processor.py:914} INFO - Processing file /home/airflow/.local/lib/python3.12/site-packages/airflow/example_dags/example_python_operator.py for tasks to queue
[2024-12-22T11:25:20.796+0000] {logging_mixin.py:190} INFO - [2024-12-22T11:25:20.795+0000] {dagbag.py:588} INFO - Filling up the DagBag from /home/airflow/.local/lib/python3.12/site-packages/airflow/example_dags/example_python_operator.py
[2024-12-22T11:25:20.827+0000] {processor.py:925} INFO - DAG(s) 'example_python_operator' retrieved from /home/airflow/.local/lib/python3.12/site-packages/airflow/example_dags/example_python_operator.py
[2024-12-22T11:25:20.897+0000] {logging_mixin.py:190} INFO - [2024-12-22T11:25:20.897+0000] {dag.py:3239} INFO - Sync 1 DAGs
[2024-12-22T11:25:20.945+0000] {logging_mixin.py:190} INFO - [2024-12-22T11:25:20.944+0000] {dag.py:4180} INFO - Setting next_dagrun for example_python_operator to None, run_after=None
[2024-12-22T11:25:20.999+0000] {processor.py:208} INFO - Processing /home/airflow/.local/lib/python3.12/site-packages/airflow/example_dags/example_python_operator.py took 0.226 seconds
[2024-12-22T11:25:51.442+0000] {processor.py:186} INFO - Started process (PID=993) to work on /home/airflow/.local/lib/python3.12/site-packages/airflow/example_dags/example_python_operator.py
[2024-12-22T11:25:51.444+0000] {processor.py:914} INFO - Processing file /home/airflow/.local/lib/python3.12/site-packages/airflow/example_dags/example_python_operator.py for tasks to queue
[2024-12-22T11:25:51.449+0000] {logging_mixin.py:190} INFO - [2024-12-22T11:25:51.448+0000] {dagbag.py:588} INFO - Filling up the DagBag from /home/airflow/.local/lib/python3.12/site-packages/airflow/example_dags/example_python_operator.py
[2024-12-22T11:25:51.482+0000] {processor.py:925} INFO - DAG(s) 'example_python_operator' retrieved from /home/airflow/.local/lib/python3.12/site-packages/airflow/example_dags/example_python_operator.py
[2024-12-22T11:25:51.533+0000] {logging_mixin.py:190} INFO - [2024-12-22T11:25:51.533+0000] {dag.py:3239} INFO - Sync 1 DAGs
[2024-12-22T11:25:51.571+0000] {logging_mixin.py:190} INFO - [2024-12-22T11:25:51.570+0000] {dag.py:4180} INFO - Setting next_dagrun for example_python_operator to None, run_after=None
[2024-12-22T11:25:51.622+0000] {processor.py:208} INFO - Processing /home/airflow/.local/lib/python3.12/site-packages/airflow/example_dags/example_python_operator.py took 0.211 seconds
[2024-12-22T11:26:29.086+0000] {processor.py:186} INFO - Started process (PID=1025) to work on /home/airflow/.local/lib/python3.12/site-packages/airflow/example_dags/example_python_operator.py
[2024-12-22T11:26:29.089+0000] {processor.py:914} INFO - Processing file /home/airflow/.local/lib/python3.12/site-packages/airflow/example_dags/example_python_operator.py for tasks to queue
[2024-12-22T11:26:29.096+0000] {logging_mixin.py:190} INFO - [2024-12-22T11:26:29.094+0000] {dagbag.py:588} INFO - Filling up the DagBag from /home/airflow/.local/lib/python3.12/site-packages/airflow/example_dags/example_python_operator.py
[2024-12-22T11:26:29.136+0000] {processor.py:925} INFO - DAG(s) 'example_python_operator' retrieved from /home/airflow/.local/lib/python3.12/site-packages/airflow/example_dags/example_python_operator.py
[2024-12-22T11:26:29.198+0000] {logging_mixin.py:190} INFO - [2024-12-22T11:26:29.198+0000] {dag.py:3239} INFO - Sync 1 DAGs
[2024-12-22T11:26:29.238+0000] {logging_mixin.py:190} INFO - [2024-12-22T11:26:29.237+0000] {dag.py:4180} INFO - Setting next_dagrun for example_python_operator to None, run_after=None
[2024-12-22T11:26:29.287+0000] {processor.py:208} INFO - Processing /home/airflow/.local/lib/python3.12/site-packages/airflow/example_dags/example_python_operator.py took 0.223 seconds
[2024-12-22T11:27:04.071+0000] {processor.py:186} INFO - Started process (PID=1090) to work on /home/airflow/.local/lib/python3.12/site-packages/airflow/example_dags/example_python_operator.py
[2024-12-22T11:27:04.073+0000] {processor.py:914} INFO - Processing file /home/airflow/.local/lib/python3.12/site-packages/airflow/example_dags/example_python_operator.py for tasks to queue
[2024-12-22T11:27:04.076+0000] {logging_mixin.py:190} INFO - [2024-12-22T11:27:04.076+0000] {dagbag.py:588} INFO - Filling up the DagBag from /home/airflow/.local/lib/python3.12/site-packages/airflow/example_dags/example_python_operator.py
[2024-12-22T11:27:04.107+0000] {processor.py:925} INFO - DAG(s) 'example_python_operator' retrieved from /home/airflow/.local/lib/python3.12/site-packages/airflow/example_dags/example_python_operator.py
[2024-12-22T11:27:04.158+0000] {logging_mixin.py:190} INFO - [2024-12-22T11:27:04.158+0000] {dag.py:3239} INFO - Sync 1 DAGs
[2024-12-22T11:27:04.195+0000] {logging_mixin.py:190} INFO - [2024-12-22T11:27:04.195+0000] {dag.py:4180} INFO - Setting next_dagrun for example_python_operator to None, run_after=None
[2024-12-22T11:27:04.235+0000] {processor.py:208} INFO - Processing /home/airflow/.local/lib/python3.12/site-packages/airflow/example_dags/example_python_operator.py took 0.177 seconds
[2024-12-22T11:27:38.886+0000] {processor.py:186} INFO - Started process (PID=1154) to work on /home/airflow/.local/lib/python3.12/site-packages/airflow/example_dags/example_python_operator.py
[2024-12-22T11:27:38.889+0000] {processor.py:914} INFO - Processing file /home/airflow/.local/lib/python3.12/site-packages/airflow/example_dags/example_python_operator.py for tasks to queue
[2024-12-22T11:27:38.893+0000] {logging_mixin.py:190} INFO - [2024-12-22T11:27:38.892+0000] {dagbag.py:588} INFO - Filling up the DagBag from /home/airflow/.local/lib/python3.12/site-packages/airflow/example_dags/example_python_operator.py
[2024-12-22T11:27:38.944+0000] {processor.py:925} INFO - DAG(s) 'example_python_operator' retrieved from /home/airflow/.local/lib/python3.12/site-packages/airflow/example_dags/example_python_operator.py
[2024-12-22T11:27:39.040+0000] {logging_mixin.py:190} INFO - [2024-12-22T11:27:39.039+0000] {dag.py:3239} INFO - Sync 1 DAGs
[2024-12-22T11:27:39.119+0000] {logging_mixin.py:190} INFO - [2024-12-22T11:27:39.119+0000] {dag.py:4180} INFO - Setting next_dagrun for example_python_operator to None, run_after=None
[2024-12-22T11:27:39.201+0000] {processor.py:208} INFO - Processing /home/airflow/.local/lib/python3.12/site-packages/airflow/example_dags/example_python_operator.py took 0.338 seconds
[2024-12-22T11:28:14.471+0000] {processor.py:186} INFO - Started process (PID=1218) to work on /home/airflow/.local/lib/python3.12/site-packages/airflow/example_dags/example_python_operator.py
[2024-12-22T11:28:14.478+0000] {processor.py:914} INFO - Processing file /home/airflow/.local/lib/python3.12/site-packages/airflow/example_dags/example_python_operator.py for tasks to queue
[2024-12-22T11:28:14.486+0000] {logging_mixin.py:190} INFO - [2024-12-22T11:28:14.483+0000] {dagbag.py:588} INFO - Filling up the DagBag from /home/airflow/.local/lib/python3.12/site-packages/airflow/example_dags/example_python_operator.py
[2024-12-22T11:28:15.587+0000] {processor.py:925} INFO - DAG(s) 'example_python_operator' retrieved from /home/airflow/.local/lib/python3.12/site-packages/airflow/example_dags/example_python_operator.py
[2024-12-22T11:28:15.707+0000] {logging_mixin.py:190} INFO - [2024-12-22T11:28:15.706+0000] {dag.py:3239} INFO - Sync 1 DAGs
[2024-12-22T11:28:15.795+0000] {logging_mixin.py:190} INFO - [2024-12-22T11:28:15.794+0000] {dag.py:4180} INFO - Setting next_dagrun for example_python_operator to None, run_after=None
[2024-12-22T11:28:16.812+0000] {processor.py:208} INFO - Processing /home/airflow/.local/lib/python3.12/site-packages/airflow/example_dags/example_python_operator.py took 2.381 seconds
[2024-12-22T11:28:47.624+0000] {processor.py:186} INFO - Started process (PID=1283) to work on /home/airflow/.local/lib/python3.12/site-packages/airflow/example_dags/example_python_operator.py
[2024-12-22T11:28:47.629+0000] {processor.py:914} INFO - Processing file /home/airflow/.local/lib/python3.12/site-packages/airflow/example_dags/example_python_operator.py for tasks to queue
[2024-12-22T11:28:47.638+0000] {logging_mixin.py:190} INFO - [2024-12-22T11:28:47.636+0000] {dagbag.py:588} INFO - Filling up the DagBag from /home/airflow/.local/lib/python3.12/site-packages/airflow/example_dags/example_python_operator.py
[2024-12-22T11:28:47.725+0000] {processor.py:925} INFO - DAG(s) 'example_python_operator' retrieved from /home/airflow/.local/lib/python3.12/site-packages/airflow/example_dags/example_python_operator.py
[2024-12-22T11:28:47.849+0000] {logging_mixin.py:190} INFO - [2024-12-22T11:28:47.848+0000] {dag.py:3239} INFO - Sync 1 DAGs
[2024-12-22T11:28:47.932+0000] {logging_mixin.py:190} INFO - [2024-12-22T11:28:47.931+0000] {dag.py:4180} INFO - Setting next_dagrun for example_python_operator to None, run_after=None
[2024-12-22T11:28:49.024+0000] {processor.py:208} INFO - Processing /home/airflow/.local/lib/python3.12/site-packages/airflow/example_dags/example_python_operator.py took 1.433 seconds
[2024-12-22T11:29:20.303+0000] {processor.py:186} INFO - Started process (PID=1348) to work on /home/airflow/.local/lib/python3.12/site-packages/airflow/example_dags/example_python_operator.py
[2024-12-22T11:29:20.306+0000] {processor.py:914} INFO - Processing file /home/airflow/.local/lib/python3.12/site-packages/airflow/example_dags/example_python_operator.py for tasks to queue
[2024-12-22T11:29:20.311+0000] {logging_mixin.py:190} INFO - [2024-12-22T11:29:20.309+0000] {dagbag.py:588} INFO - Filling up the DagBag from /home/airflow/.local/lib/python3.12/site-packages/airflow/example_dags/example_python_operator.py
[2024-12-22T11:29:20.347+0000] {processor.py:925} INFO - DAG(s) 'example_python_operator' retrieved from /home/airflow/.local/lib/python3.12/site-packages/airflow/example_dags/example_python_operator.py
[2024-12-22T11:29:20.406+0000] {logging_mixin.py:190} INFO - [2024-12-22T11:29:20.406+0000] {dag.py:3239} INFO - Sync 1 DAGs
[2024-12-22T11:29:20.452+0000] {logging_mixin.py:190} INFO - [2024-12-22T11:29:20.452+0000] {dag.py:4180} INFO - Setting next_dagrun for example_python_operator to None, run_after=None
[2024-12-22T11:29:20.499+0000] {processor.py:208} INFO - Processing /home/airflow/.local/lib/python3.12/site-packages/airflow/example_dags/example_python_operator.py took 0.217 seconds
[2024-12-22T11:29:55.380+0000] {processor.py:186} INFO - Started process (PID=1415) to work on /home/airflow/.local/lib/python3.12/site-packages/airflow/example_dags/example_python_operator.py
[2024-12-22T11:29:55.383+0000] {processor.py:914} INFO - Processing file /home/airflow/.local/lib/python3.12/site-packages/airflow/example_dags/example_python_operator.py for tasks to queue
[2024-12-22T11:29:55.386+0000] {logging_mixin.py:190} INFO - [2024-12-22T11:29:55.385+0000] {dagbag.py:588} INFO - Filling up the DagBag from /home/airflow/.local/lib/python3.12/site-packages/airflow/example_dags/example_python_operator.py
[2024-12-22T11:29:55.429+0000] {processor.py:925} INFO - DAG(s) 'example_python_operator' retrieved from /home/airflow/.local/lib/python3.12/site-packages/airflow/example_dags/example_python_operator.py
[2024-12-22T11:29:55.501+0000] {logging_mixin.py:190} INFO - [2024-12-22T11:29:55.500+0000] {dag.py:3239} INFO - Sync 1 DAGs
[2024-12-22T11:29:55.593+0000] {logging_mixin.py:190} INFO - [2024-12-22T11:29:55.592+0000] {dag.py:4180} INFO - Setting next_dagrun for example_python_operator to None, run_after=None
[2024-12-22T11:29:55.659+0000] {processor.py:208} INFO - Processing /home/airflow/.local/lib/python3.12/site-packages/airflow/example_dags/example_python_operator.py took 0.295 seconds
[2024-12-22T11:30:30.337+0000] {processor.py:186} INFO - Started process (PID=1478) to work on /home/airflow/.local/lib/python3.12/site-packages/airflow/example_dags/example_python_operator.py
[2024-12-22T11:30:30.340+0000] {processor.py:914} INFO - Processing file /home/airflow/.local/lib/python3.12/site-packages/airflow/example_dags/example_python_operator.py for tasks to queue
[2024-12-22T11:30:30.343+0000] {logging_mixin.py:190} INFO - [2024-12-22T11:30:30.342+0000] {dagbag.py:588} INFO - Filling up the DagBag from /home/airflow/.local/lib/python3.12/site-packages/airflow/example_dags/example_python_operator.py
[2024-12-22T11:30:30.375+0000] {processor.py:925} INFO - DAG(s) 'example_python_operator' retrieved from /home/airflow/.local/lib/python3.12/site-packages/airflow/example_dags/example_python_operator.py
[2024-12-22T11:30:30.435+0000] {logging_mixin.py:190} INFO - [2024-12-22T11:30:30.435+0000] {dag.py:3239} INFO - Sync 1 DAGs
[2024-12-22T11:30:30.472+0000] {logging_mixin.py:190} INFO - [2024-12-22T11:30:30.472+0000] {dag.py:4180} INFO - Setting next_dagrun for example_python_operator to None, run_after=None
[2024-12-22T11:30:30.522+0000] {processor.py:208} INFO - Processing /home/airflow/.local/lib/python3.12/site-packages/airflow/example_dags/example_python_operator.py took 0.202 seconds
[2024-12-22T11:31:06.799+0000] {processor.py:186} INFO - Started process (PID=1542) to work on /home/airflow/.local/lib/python3.12/site-packages/airflow/example_dags/example_python_operator.py
[2024-12-22T11:31:06.801+0000] {processor.py:914} INFO - Processing file /home/airflow/.local/lib/python3.12/site-packages/airflow/example_dags/example_python_operator.py for tasks to queue
[2024-12-22T11:31:06.805+0000] {logging_mixin.py:190} INFO - [2024-12-22T11:31:06.804+0000] {dagbag.py:588} INFO - Filling up the DagBag from /home/airflow/.local/lib/python3.12/site-packages/airflow/example_dags/example_python_operator.py
[2024-12-22T11:31:06.849+0000] {processor.py:925} INFO - DAG(s) 'example_python_operator' retrieved from /home/airflow/.local/lib/python3.12/site-packages/airflow/example_dags/example_python_operator.py
[2024-12-22T11:31:06.914+0000] {logging_mixin.py:190} INFO - [2024-12-22T11:31:06.913+0000] {dag.py:3239} INFO - Sync 1 DAGs
[2024-12-22T11:31:06.958+0000] {logging_mixin.py:190} INFO - [2024-12-22T11:31:06.957+0000] {dag.py:4180} INFO - Setting next_dagrun for example_python_operator to None, run_after=None
[2024-12-22T11:31:07.006+0000] {processor.py:208} INFO - Processing /home/airflow/.local/lib/python3.12/site-packages/airflow/example_dags/example_python_operator.py took 0.227 seconds
[2024-12-22T11:31:45.491+0000] {processor.py:186} INFO - Started process (PID=1607) to work on /home/airflow/.local/lib/python3.12/site-packages/airflow/example_dags/example_python_operator.py
[2024-12-22T11:31:45.495+0000] {processor.py:914} INFO - Processing file /home/airflow/.local/lib/python3.12/site-packages/airflow/example_dags/example_python_operator.py for tasks to queue
[2024-12-22T11:31:45.500+0000] {logging_mixin.py:190} INFO - [2024-12-22T11:31:45.499+0000] {dagbag.py:588} INFO - Filling up the DagBag from /home/airflow/.local/lib/python3.12/site-packages/airflow/example_dags/example_python_operator.py
[2024-12-22T11:31:45.549+0000] {processor.py:925} INFO - DAG(s) 'example_python_operator' retrieved from /home/airflow/.local/lib/python3.12/site-packages/airflow/example_dags/example_python_operator.py
[2024-12-22T11:31:45.602+0000] {logging_mixin.py:190} INFO - [2024-12-22T11:31:45.601+0000] {dag.py:3239} INFO - Sync 1 DAGs
[2024-12-22T11:31:45.640+0000] {logging_mixin.py:190} INFO - [2024-12-22T11:31:45.640+0000] {dag.py:4180} INFO - Setting next_dagrun for example_python_operator to None, run_after=None
[2024-12-22T11:31:45.681+0000] {processor.py:208} INFO - Processing /home/airflow/.local/lib/python3.12/site-packages/airflow/example_dags/example_python_operator.py took 0.216 seconds
[2024-12-22T11:32:20.080+0000] {processor.py:186} INFO - Started process (PID=1670) to work on /home/airflow/.local/lib/python3.12/site-packages/airflow/example_dags/example_python_operator.py
[2024-12-22T11:32:20.084+0000] {processor.py:914} INFO - Processing file /home/airflow/.local/lib/python3.12/site-packages/airflow/example_dags/example_python_operator.py for tasks to queue
[2024-12-22T11:32:20.090+0000] {logging_mixin.py:190} INFO - [2024-12-22T11:32:20.088+0000] {dagbag.py:588} INFO - Filling up the DagBag from /home/airflow/.local/lib/python3.12/site-packages/airflow/example_dags/example_python_operator.py
[2024-12-22T11:32:20.140+0000] {processor.py:925} INFO - DAG(s) 'example_python_operator' retrieved from /home/airflow/.local/lib/python3.12/site-packages/airflow/example_dags/example_python_operator.py
[2024-12-22T11:32:20.211+0000] {logging_mixin.py:190} INFO - [2024-12-22T11:32:20.211+0000] {dag.py:3239} INFO - Sync 1 DAGs
[2024-12-22T11:32:20.260+0000] {logging_mixin.py:190} INFO - [2024-12-22T11:32:20.259+0000] {dag.py:4180} INFO - Setting next_dagrun for example_python_operator to None, run_after=None
[2024-12-22T11:32:21.304+0000] {processor.py:208} INFO - Processing /home/airflow/.local/lib/python3.12/site-packages/airflow/example_dags/example_python_operator.py took 1.246 seconds
[2024-12-22T11:32:58.119+0000] {processor.py:186} INFO - Started process (PID=1735) to work on /home/airflow/.local/lib/python3.12/site-packages/airflow/example_dags/example_python_operator.py
[2024-12-22T11:32:58.124+0000] {processor.py:914} INFO - Processing file /home/airflow/.local/lib/python3.12/site-packages/airflow/example_dags/example_python_operator.py for tasks to queue
[2024-12-22T11:32:58.130+0000] {logging_mixin.py:190} INFO - [2024-12-22T11:32:58.129+0000] {dagbag.py:588} INFO - Filling up the DagBag from /home/airflow/.local/lib/python3.12/site-packages/airflow/example_dags/example_python_operator.py
[2024-12-22T11:32:58.673+0000] {processor.py:925} INFO - DAG(s) 'example_python_operator' retrieved from /home/airflow/.local/lib/python3.12/site-packages/airflow/example_dags/example_python_operator.py
[2024-12-22T11:32:58.803+0000] {logging_mixin.py:190} INFO - [2024-12-22T11:32:58.801+0000] {dag.py:3239} INFO - Sync 1 DAGs
[2024-12-22T11:32:58.908+0000] {logging_mixin.py:190} INFO - [2024-12-22T11:32:58.907+0000] {dag.py:4180} INFO - Setting next_dagrun for example_python_operator to None, run_after=None
[2024-12-22T11:32:59.811+0000] {processor.py:208} INFO - Processing /home/airflow/.local/lib/python3.12/site-packages/airflow/example_dags/example_python_operator.py took 1.723 seconds
[2024-12-22T11:33:36.542+0000] {processor.py:186} INFO - Started process (PID=1806) to work on /home/airflow/.local/lib/python3.12/site-packages/airflow/example_dags/example_python_operator.py
[2024-12-22T11:33:36.548+0000] {processor.py:914} INFO - Processing file /home/airflow/.local/lib/python3.12/site-packages/airflow/example_dags/example_python_operator.py for tasks to queue
[2024-12-22T11:33:36.560+0000] {logging_mixin.py:190} INFO - [2024-12-22T11:33:36.557+0000] {dagbag.py:588} INFO - Filling up the DagBag from /home/airflow/.local/lib/python3.12/site-packages/airflow/example_dags/example_python_operator.py
[2024-12-22T11:33:36.640+0000] {processor.py:925} INFO - DAG(s) 'example_python_operator' retrieved from /home/airflow/.local/lib/python3.12/site-packages/airflow/example_dags/example_python_operator.py
[2024-12-22T11:33:36.774+0000] {logging_mixin.py:190} INFO - [2024-12-22T11:33:36.773+0000] {dag.py:3239} INFO - Sync 1 DAGs
[2024-12-22T11:33:36.834+0000] {logging_mixin.py:190} INFO - [2024-12-22T11:33:36.833+0000] {dag.py:4180} INFO - Setting next_dagrun for example_python_operator to None, run_after=None
[2024-12-22T11:33:37.918+0000] {processor.py:208} INFO - Processing /home/airflow/.local/lib/python3.12/site-packages/airflow/example_dags/example_python_operator.py took 1.419 seconds
[2024-12-22T11:34:15.487+0000] {processor.py:186} INFO - Started process (PID=1871) to work on /home/airflow/.local/lib/python3.12/site-packages/airflow/example_dags/example_python_operator.py
[2024-12-22T11:34:15.489+0000] {processor.py:914} INFO - Processing file /home/airflow/.local/lib/python3.12/site-packages/airflow/example_dags/example_python_operator.py for tasks to queue
[2024-12-22T11:34:15.493+0000] {logging_mixin.py:190} INFO - [2024-12-22T11:34:15.492+0000] {dagbag.py:588} INFO - Filling up the DagBag from /home/airflow/.local/lib/python3.12/site-packages/airflow/example_dags/example_python_operator.py
[2024-12-22T11:34:15.524+0000] {processor.py:925} INFO - DAG(s) 'example_python_operator' retrieved from /home/airflow/.local/lib/python3.12/site-packages/airflow/example_dags/example_python_operator.py
[2024-12-22T11:34:15.580+0000] {logging_mixin.py:190} INFO - [2024-12-22T11:34:15.580+0000] {dag.py:3239} INFO - Sync 1 DAGs
[2024-12-22T11:34:15.619+0000] {logging_mixin.py:190} INFO - [2024-12-22T11:34:15.618+0000] {dag.py:4180} INFO - Setting next_dagrun for example_python_operator to None, run_after=None
[2024-12-22T11:34:15.668+0000] {processor.py:208} INFO - Processing /home/airflow/.local/lib/python3.12/site-packages/airflow/example_dags/example_python_operator.py took 0.198 seconds
[2024-12-22T11:34:49.675+0000] {processor.py:186} INFO - Started process (PID=1936) to work on /home/airflow/.local/lib/python3.12/site-packages/airflow/example_dags/example_python_operator.py
[2024-12-22T11:34:49.678+0000] {processor.py:914} INFO - Processing file /home/airflow/.local/lib/python3.12/site-packages/airflow/example_dags/example_python_operator.py for tasks to queue
[2024-12-22T11:34:49.682+0000] {logging_mixin.py:190} INFO - [2024-12-22T11:34:49.681+0000] {dagbag.py:588} INFO - Filling up the DagBag from /home/airflow/.local/lib/python3.12/site-packages/airflow/example_dags/example_python_operator.py
[2024-12-22T11:34:49.736+0000] {processor.py:925} INFO - DAG(s) 'example_python_operator' retrieved from /home/airflow/.local/lib/python3.12/site-packages/airflow/example_dags/example_python_operator.py
[2024-12-22T11:34:49.781+0000] {logging_mixin.py:190} INFO - [2024-12-22T11:34:49.781+0000] {dag.py:3239} INFO - Sync 1 DAGs
[2024-12-22T11:34:49.826+0000] {logging_mixin.py:190} INFO - [2024-12-22T11:34:49.825+0000] {dag.py:4180} INFO - Setting next_dagrun for example_python_operator to None, run_after=None
[2024-12-22T11:34:50.937+0000] {processor.py:208} INFO - Processing /home/airflow/.local/lib/python3.12/site-packages/airflow/example_dags/example_python_operator.py took 1.289 seconds
[2024-12-22T11:35:23.230+0000] {processor.py:186} INFO - Started process (PID=2001) to work on /home/airflow/.local/lib/python3.12/site-packages/airflow/example_dags/example_python_operator.py
[2024-12-22T11:35:23.233+0000] {processor.py:914} INFO - Processing file /home/airflow/.local/lib/python3.12/site-packages/airflow/example_dags/example_python_operator.py for tasks to queue
[2024-12-22T11:35:23.247+0000] {logging_mixin.py:190} INFO - [2024-12-22T11:35:23.244+0000] {dagbag.py:588} INFO - Filling up the DagBag from /home/airflow/.local/lib/python3.12/site-packages/airflow/example_dags/example_python_operator.py
[2024-12-22T11:35:23.314+0000] {processor.py:925} INFO - DAG(s) 'example_python_operator' retrieved from /home/airflow/.local/lib/python3.12/site-packages/airflow/example_dags/example_python_operator.py
[2024-12-22T11:35:23.409+0000] {logging_mixin.py:190} INFO - [2024-12-22T11:35:23.407+0000] {dag.py:3239} INFO - Sync 1 DAGs
[2024-12-22T11:35:23.068+0000] {logging_mixin.py:190} INFO - [2024-12-22T11:35:23.067+0000] {dag.py:4180} INFO - Setting next_dagrun for example_python_operator to None, run_after=None
[2024-12-22T11:35:23.140+0000] {processor.py:208} INFO - Processing /home/airflow/.local/lib/python3.12/site-packages/airflow/example_dags/example_python_operator.py took 0.398 seconds
[2024-12-22T11:36:22.061+0000] {processor.py:186} INFO - Started process (PID=2066) to work on /home/airflow/.local/lib/python3.12/site-packages/airflow/example_dags/example_python_operator.py
[2024-12-22T11:36:22.064+0000] {processor.py:914} INFO - Processing file /home/airflow/.local/lib/python3.12/site-packages/airflow/example_dags/example_python_operator.py for tasks to queue
[2024-12-22T11:36:22.068+0000] {logging_mixin.py:190} INFO - [2024-12-22T11:36:22.067+0000] {dagbag.py:588} INFO - Filling up the DagBag from /home/airflow/.local/lib/python3.12/site-packages/airflow/example_dags/example_python_operator.py
[2024-12-22T11:36:22.155+0000] {processor.py:925} INFO - DAG(s) 'example_python_operator' retrieved from /home/airflow/.local/lib/python3.12/site-packages/airflow/example_dags/example_python_operator.py
[2024-12-22T11:36:22.454+0000] {logging_mixin.py:190} INFO - [2024-12-22T11:36:22.453+0000] {dag.py:3239} INFO - Sync 1 DAGs
[2024-12-22T11:36:22.526+0000] {logging_mixin.py:190} INFO - [2024-12-22T11:36:22.526+0000] {dag.py:4180} INFO - Setting next_dagrun for example_python_operator to None, run_after=None
[2024-12-22T11:36:22.663+0000] {processor.py:208} INFO - Processing /home/airflow/.local/lib/python3.12/site-packages/airflow/example_dags/example_python_operator.py took 0.745 seconds
[2024-12-22T11:36:53.934+0000] {processor.py:186} INFO - Started process (PID=2136) to work on /home/airflow/.local/lib/python3.12/site-packages/airflow/example_dags/example_python_operator.py
[2024-12-22T11:36:53.936+0000] {processor.py:914} INFO - Processing file /home/airflow/.local/lib/python3.12/site-packages/airflow/example_dags/example_python_operator.py for tasks to queue
[2024-12-22T11:36:53.940+0000] {logging_mixin.py:190} INFO - [2024-12-22T11:36:53.939+0000] {dagbag.py:588} INFO - Filling up the DagBag from /home/airflow/.local/lib/python3.12/site-packages/airflow/example_dags/example_python_operator.py
[2024-12-22T11:36:53.972+0000] {processor.py:925} INFO - DAG(s) 'example_python_operator' retrieved from /home/airflow/.local/lib/python3.12/site-packages/airflow/example_dags/example_python_operator.py
[2024-12-22T11:36:54.030+0000] {logging_mixin.py:190} INFO - [2024-12-22T11:36:54.030+0000] {dag.py:3239} INFO - Sync 1 DAGs
[2024-12-22T11:36:54.078+0000] {logging_mixin.py:190} INFO - [2024-12-22T11:36:54.077+0000] {dag.py:4180} INFO - Setting next_dagrun for example_python_operator to None, run_after=None
[2024-12-22T11:36:54.119+0000] {processor.py:208} INFO - Processing /home/airflow/.local/lib/python3.12/site-packages/airflow/example_dags/example_python_operator.py took 0.200 seconds
[2024-12-22T11:37:35.003+0000] {processor.py:186} INFO - Started process (PID=2206) to work on /home/airflow/.local/lib/python3.12/site-packages/airflow/example_dags/example_python_operator.py
[2024-12-22T11:37:35.006+0000] {processor.py:914} INFO - Processing file /home/airflow/.local/lib/python3.12/site-packages/airflow/example_dags/example_python_operator.py for tasks to queue
[2024-12-22T11:37:35.011+0000] {logging_mixin.py:190} INFO - [2024-12-22T11:37:35.010+0000] {dagbag.py:588} INFO - Filling up the DagBag from /home/airflow/.local/lib/python3.12/site-packages/airflow/example_dags/example_python_operator.py
[2024-12-22T11:37:35.103+0000] {processor.py:925} INFO - DAG(s) 'example_python_operator' retrieved from /home/airflow/.local/lib/python3.12/site-packages/airflow/example_dags/example_python_operator.py
[2024-12-22T11:37:35.229+0000] {logging_mixin.py:190} INFO - [2024-12-22T11:37:35.228+0000] {dag.py:3239} INFO - Sync 1 DAGs
[2024-12-22T11:37:35.354+0000] {logging_mixin.py:190} INFO - [2024-12-22T11:37:35.353+0000] {dag.py:4180} INFO - Setting next_dagrun for example_python_operator to None, run_after=None
[2024-12-22T11:37:35.481+0000] {processor.py:208} INFO - Processing /home/airflow/.local/lib/python3.12/site-packages/airflow/example_dags/example_python_operator.py took 0.515 seconds
[2024-12-22T11:38:15.771+0000] {processor.py:186} INFO - Started process (PID=2262) to work on /home/airflow/.local/lib/python3.12/site-packages/airflow/example_dags/example_python_operator.py
[2024-12-22T11:38:15.773+0000] {processor.py:914} INFO - Processing file /home/airflow/.local/lib/python3.12/site-packages/airflow/example_dags/example_python_operator.py for tasks to queue
[2024-12-22T11:38:15.777+0000] {logging_mixin.py:190} INFO - [2024-12-22T11:38:15.776+0000] {dagbag.py:588} INFO - Filling up the DagBag from /home/airflow/.local/lib/python3.12/site-packages/airflow/example_dags/example_python_operator.py
[2024-12-22T11:38:15.822+0000] {processor.py:925} INFO - DAG(s) 'example_python_operator' retrieved from /home/airflow/.local/lib/python3.12/site-packages/airflow/example_dags/example_python_operator.py
[2024-12-22T11:38:15.884+0000] {logging_mixin.py:190} INFO - [2024-12-22T11:38:15.883+0000] {dag.py:3239} INFO - Sync 1 DAGs
[2024-12-22T11:38:15.926+0000] {logging_mixin.py:190} INFO - [2024-12-22T11:38:15.925+0000] {dag.py:4180} INFO - Setting next_dagrun for example_python_operator to None, run_after=None
[2024-12-22T11:38:15.987+0000] {processor.py:208} INFO - Processing /home/airflow/.local/lib/python3.12/site-packages/airflow/example_dags/example_python_operator.py took 0.234 seconds
[2024-12-22T11:38:58.347+0000] {processor.py:186} INFO - Started process (PID=2327) to work on /home/airflow/.local/lib/python3.12/site-packages/airflow/example_dags/example_python_operator.py
[2024-12-22T11:38:58.349+0000] {processor.py:914} INFO - Processing file /home/airflow/.local/lib/python3.12/site-packages/airflow/example_dags/example_python_operator.py for tasks to queue
[2024-12-22T11:38:58.352+0000] {logging_mixin.py:190} INFO - [2024-12-22T11:38:58.352+0000] {dagbag.py:588} INFO - Filling up the DagBag from /home/airflow/.local/lib/python3.12/site-packages/airflow/example_dags/example_python_operator.py
[2024-12-22T11:38:58.388+0000] {processor.py:925} INFO - DAG(s) 'example_python_operator' retrieved from /home/airflow/.local/lib/python3.12/site-packages/airflow/example_dags/example_python_operator.py
[2024-12-22T11:38:58.452+0000] {logging_mixin.py:190} INFO - [2024-12-22T11:38:58.452+0000] {dag.py:3239} INFO - Sync 1 DAGs
[2024-12-22T11:38:58.500+0000] {logging_mixin.py:190} INFO - [2024-12-22T11:38:58.499+0000] {dag.py:4180} INFO - Setting next_dagrun for example_python_operator to None, run_after=None
[2024-12-22T11:38:58.542+0000] {processor.py:208} INFO - Processing /home/airflow/.local/lib/python3.12/site-packages/airflow/example_dags/example_python_operator.py took 0.214 seconds
[2024-12-22T11:39:32.768+0000] {processor.py:186} INFO - Started process (PID=2397) to work on /home/airflow/.local/lib/python3.12/site-packages/airflow/example_dags/example_python_operator.py
[2024-12-22T11:39:32.771+0000] {processor.py:914} INFO - Processing file /home/airflow/.local/lib/python3.12/site-packages/airflow/example_dags/example_python_operator.py for tasks to queue
[2024-12-22T11:39:32.781+0000] {logging_mixin.py:190} INFO - [2024-12-22T11:39:32.779+0000] {dagbag.py:588} INFO - Filling up the DagBag from /home/airflow/.local/lib/python3.12/site-packages/airflow/example_dags/example_python_operator.py
[2024-12-22T11:39:32.823+0000] {processor.py:925} INFO - DAG(s) 'example_python_operator' retrieved from /home/airflow/.local/lib/python3.12/site-packages/airflow/example_dags/example_python_operator.py
[2024-12-22T11:39:32.872+0000] {logging_mixin.py:190} INFO - [2024-12-22T11:39:32.872+0000] {dag.py:3239} INFO - Sync 1 DAGs
[2024-12-22T11:39:32.907+0000] {logging_mixin.py:190} INFO - [2024-12-22T11:39:32.906+0000] {dag.py:4180} INFO - Setting next_dagrun for example_python_operator to None, run_after=None
[2024-12-22T11:39:32.981+0000] {processor.py:208} INFO - Processing /home/airflow/.local/lib/python3.12/site-packages/airflow/example_dags/example_python_operator.py took 0.274 seconds
[2024-12-22T11:40:11.647+0000] {processor.py:186} INFO - Started process (PID=2463) to work on /home/airflow/.local/lib/python3.12/site-packages/airflow/example_dags/example_python_operator.py
[2024-12-22T11:40:11.651+0000] {processor.py:914} INFO - Processing file /home/airflow/.local/lib/python3.12/site-packages/airflow/example_dags/example_python_operator.py for tasks to queue
[2024-12-22T11:40:11.661+0000] {logging_mixin.py:190} INFO - [2024-12-22T11:40:11.658+0000] {dagbag.py:588} INFO - Filling up the DagBag from /home/airflow/.local/lib/python3.12/site-packages/airflow/example_dags/example_python_operator.py
[2024-12-22T11:40:11.728+0000] {processor.py:925} INFO - DAG(s) 'example_python_operator' retrieved from /home/airflow/.local/lib/python3.12/site-packages/airflow/example_dags/example_python_operator.py
[2024-12-22T11:40:11.781+0000] {logging_mixin.py:190} INFO - [2024-12-22T11:40:11.780+0000] {dag.py:3239} INFO - Sync 1 DAGs
[2024-12-22T11:40:11.822+0000] {logging_mixin.py:190} INFO - [2024-12-22T11:40:11.821+0000] {dag.py:4180} INFO - Setting next_dagrun for example_python_operator to None, run_after=None
[2024-12-22T11:40:12.875+0000] {processor.py:208} INFO - Processing /home/airflow/.local/lib/python3.12/site-packages/airflow/example_dags/example_python_operator.py took 1.273 seconds
[2024-12-22T11:40:48.133+0000] {processor.py:186} INFO - Started process (PID=2527) to work on /home/airflow/.local/lib/python3.12/site-packages/airflow/example_dags/example_python_operator.py
[2024-12-22T11:40:48.136+0000] {processor.py:914} INFO - Processing file /home/airflow/.local/lib/python3.12/site-packages/airflow/example_dags/example_python_operator.py for tasks to queue
[2024-12-22T11:40:48.140+0000] {logging_mixin.py:190} INFO - [2024-12-22T11:40:48.139+0000] {dagbag.py:588} INFO - Filling up the DagBag from /home/airflow/.local/lib/python3.12/site-packages/airflow/example_dags/example_python_operator.py
[2024-12-22T11:40:48.182+0000] {processor.py:925} INFO - DAG(s) 'example_python_operator' retrieved from /home/airflow/.local/lib/python3.12/site-packages/airflow/example_dags/example_python_operator.py
[2024-12-22T11:40:48.245+0000] {logging_mixin.py:190} INFO - [2024-12-22T11:40:48.245+0000] {dag.py:3239} INFO - Sync 1 DAGs
[2024-12-22T11:40:48.291+0000] {logging_mixin.py:190} INFO - [2024-12-22T11:40:48.291+0000] {dag.py:4180} INFO - Setting next_dagrun for example_python_operator to None, run_after=None
[2024-12-22T11:40:49.376+0000] {processor.py:208} INFO - Processing /home/airflow/.local/lib/python3.12/site-packages/airflow/example_dags/example_python_operator.py took 1.261 seconds
[2024-12-22T11:41:25.292+0000] {processor.py:186} INFO - Started process (PID=2592) to work on /home/airflow/.local/lib/python3.12/site-packages/airflow/example_dags/example_python_operator.py
[2024-12-22T11:41:25.295+0000] {processor.py:914} INFO - Processing file /home/airflow/.local/lib/python3.12/site-packages/airflow/example_dags/example_python_operator.py for tasks to queue
[2024-12-22T11:41:25.299+0000] {logging_mixin.py:190} INFO - [2024-12-22T11:41:25.297+0000] {dagbag.py:588} INFO - Filling up the DagBag from /home/airflow/.local/lib/python3.12/site-packages/airflow/example_dags/example_python_operator.py
[2024-12-22T11:41:26.437+0000] {processor.py:925} INFO - DAG(s) 'example_python_operator' retrieved from /home/airflow/.local/lib/python3.12/site-packages/airflow/example_dags/example_python_operator.py
[2024-12-22T11:41:26.515+0000] {logging_mixin.py:190} INFO - [2024-12-22T11:41:26.515+0000] {dag.py:3239} INFO - Sync 1 DAGs
[2024-12-22T11:41:26.563+0000] {logging_mixin.py:190} INFO - [2024-12-22T11:41:26.563+0000] {dag.py:4180} INFO - Setting next_dagrun for example_python_operator to None, run_after=None
[2024-12-22T11:41:26.607+0000] {processor.py:208} INFO - Processing /home/airflow/.local/lib/python3.12/site-packages/airflow/example_dags/example_python_operator.py took 1.345 seconds
[2024-12-22T11:43:09.262+0000] {processor.py:186} INFO - Started process (PID=2662) to work on /home/airflow/.local/lib/python3.12/site-packages/airflow/example_dags/example_python_operator.py
[2024-12-22T11:43:09.267+0000] {processor.py:914} INFO - Processing file /home/airflow/.local/lib/python3.12/site-packages/airflow/example_dags/example_python_operator.py for tasks to queue
[2024-12-22T11:43:09.273+0000] {logging_mixin.py:190} INFO - [2024-12-22T11:43:09.272+0000] {dagbag.py:588} INFO - Filling up the DagBag from /home/airflow/.local/lib/python3.12/site-packages/airflow/example_dags/example_python_operator.py
[2024-12-22T11:43:10.415+0000] {processor.py:925} INFO - DAG(s) 'example_python_operator' retrieved from /home/airflow/.local/lib/python3.12/site-packages/airflow/example_dags/example_python_operator.py
[2024-12-22T11:43:10.570+0000] {logging_mixin.py:190} INFO - [2024-12-22T11:43:10.568+0000] {dag.py:3239} INFO - Sync 1 DAGs
[2024-12-22T11:43:10.695+0000] {logging_mixin.py:190} INFO - [2024-12-22T11:43:10.695+0000] {dag.py:4180} INFO - Setting next_dagrun for example_python_operator to None, run_after=None
[2024-12-22T11:43:11.820+0000] {processor.py:208} INFO - Processing /home/airflow/.local/lib/python3.12/site-packages/airflow/example_dags/example_python_operator.py took 2.587 seconds
[2024-12-22T11:45:44.586+0000] {processor.py:186} INFO - Started process (PID=2724) to work on /home/airflow/.local/lib/python3.12/site-packages/airflow/example_dags/example_python_operator.py
[2024-12-22T11:45:44.590+0000] {processor.py:914} INFO - Processing file /home/airflow/.local/lib/python3.12/site-packages/airflow/example_dags/example_python_operator.py for tasks to queue
[2024-12-22T11:45:44.599+0000] {logging_mixin.py:190} INFO - [2024-12-22T11:45:44.598+0000] {dagbag.py:588} INFO - Filling up the DagBag from /home/airflow/.local/lib/python3.12/site-packages/airflow/example_dags/example_python_operator.py
[2024-12-22T11:45:44.706+0000] {processor.py:925} INFO - DAG(s) 'example_python_operator' retrieved from /home/airflow/.local/lib/python3.12/site-packages/airflow/example_dags/example_python_operator.py
[2024-12-22T11:45:44.814+0000] {logging_mixin.py:190} INFO - [2024-12-22T11:45:44.813+0000] {dag.py:3239} INFO - Sync 1 DAGs
[2024-12-22T11:45:44.888+0000] {logging_mixin.py:190} INFO - [2024-12-22T11:45:44.887+0000] {dag.py:4180} INFO - Setting next_dagrun for example_python_operator to None, run_after=None
[2024-12-22T11:45:44.978+0000] {processor.py:208} INFO - Processing /home/airflow/.local/lib/python3.12/site-packages/airflow/example_dags/example_python_operator.py took 0.419 seconds
[2024-12-22T11:50:03.869+0000] {processor.py:186} INFO - Started process (PID=77) to work on /home/airflow/.local/lib/python3.12/site-packages/airflow/example_dags/example_python_operator.py
[2024-12-22T11:50:03.962+0000] {processor.py:914} INFO - Processing file /home/airflow/.local/lib/python3.12/site-packages/airflow/example_dags/example_python_operator.py for tasks to queue
[2024-12-22T11:50:03.967+0000] {logging_mixin.py:190} INFO - [2024-12-22T11:50:03.966+0000] {dagbag.py:588} INFO - Filling up the DagBag from /home/airflow/.local/lib/python3.12/site-packages/airflow/example_dags/example_python_operator.py
[2024-12-22T11:50:04.002+0000] {processor.py:925} INFO - DAG(s) 'example_python_operator' retrieved from /home/airflow/.local/lib/python3.12/site-packages/airflow/example_dags/example_python_operator.py
[2024-12-22T11:50:04.267+0000] {logging_mixin.py:190} INFO - [2024-12-22T11:50:04.267+0000] {dag.py:3239} INFO - Sync 1 DAGs
[2024-12-22T11:50:04.285+0000] {logging_mixin.py:190} INFO - [2024-12-22T11:50:04.285+0000] {dag.py:4180} INFO - Setting next_dagrun for example_python_operator to None, run_after=None
[2024-12-22T11:50:04.315+0000] {processor.py:208} INFO - Processing /home/airflow/.local/lib/python3.12/site-packages/airflow/example_dags/example_python_operator.py took 0.454 seconds
[2024-12-22T11:50:35.849+0000] {processor.py:186} INFO - Started process (PID=142) to work on /home/airflow/.local/lib/python3.12/site-packages/airflow/example_dags/example_python_operator.py
[2024-12-22T11:50:35.851+0000] {processor.py:914} INFO - Processing file /home/airflow/.local/lib/python3.12/site-packages/airflow/example_dags/example_python_operator.py for tasks to queue
[2024-12-22T11:50:35.854+0000] {logging_mixin.py:190} INFO - [2024-12-22T11:50:35.853+0000] {dagbag.py:588} INFO - Filling up the DagBag from /home/airflow/.local/lib/python3.12/site-packages/airflow/example_dags/example_python_operator.py
[2024-12-22T11:50:35.873+0000] {processor.py:925} INFO - DAG(s) 'example_python_operator' retrieved from /home/airflow/.local/lib/python3.12/site-packages/airflow/example_dags/example_python_operator.py
[2024-12-22T11:50:35.901+0000] {logging_mixin.py:190} INFO - [2024-12-22T11:50:35.901+0000] {dag.py:3239} INFO - Sync 1 DAGs
[2024-12-22T11:50:35.923+0000] {logging_mixin.py:190} INFO - [2024-12-22T11:50:35.922+0000] {dag.py:4180} INFO - Setting next_dagrun for example_python_operator to None, run_after=None
[2024-12-22T11:50:35.950+0000] {processor.py:208} INFO - Processing /home/airflow/.local/lib/python3.12/site-packages/airflow/example_dags/example_python_operator.py took 0.110 seconds
[2024-12-22T11:51:14.718+0000] {processor.py:186} INFO - Started process (PID=207) to work on /home/airflow/.local/lib/python3.12/site-packages/airflow/example_dags/example_python_operator.py
[2024-12-22T11:51:14.720+0000] {processor.py:914} INFO - Processing file /home/airflow/.local/lib/python3.12/site-packages/airflow/example_dags/example_python_operator.py for tasks to queue
[2024-12-22T11:51:14.722+0000] {logging_mixin.py:190} INFO - [2024-12-22T11:51:14.722+0000] {dagbag.py:588} INFO - Filling up the DagBag from /home/airflow/.local/lib/python3.12/site-packages/airflow/example_dags/example_python_operator.py
[2024-12-22T11:51:14.745+0000] {processor.py:925} INFO - DAG(s) 'example_python_operator' retrieved from /home/airflow/.local/lib/python3.12/site-packages/airflow/example_dags/example_python_operator.py
[2024-12-22T11:51:14.775+0000] {logging_mixin.py:190} INFO - [2024-12-22T11:51:14.774+0000] {dag.py:3239} INFO - Sync 1 DAGs
[2024-12-22T11:51:14.791+0000] {logging_mixin.py:190} INFO - [2024-12-22T11:51:14.791+0000] {dag.py:4180} INFO - Setting next_dagrun for example_python_operator to None, run_after=None
[2024-12-22T11:51:14.816+0000] {processor.py:208} INFO - Processing /home/airflow/.local/lib/python3.12/site-packages/airflow/example_dags/example_python_operator.py took 0.106 seconds
[2024-12-22T11:51:46.410+0000] {processor.py:186} INFO - Started process (PID=272) to work on /home/airflow/.local/lib/python3.12/site-packages/airflow/example_dags/example_python_operator.py
[2024-12-22T11:51:46.411+0000] {processor.py:914} INFO - Processing file /home/airflow/.local/lib/python3.12/site-packages/airflow/example_dags/example_python_operator.py for tasks to queue
[2024-12-22T11:51:46.414+0000] {logging_mixin.py:190} INFO - [2024-12-22T11:51:46.413+0000] {dagbag.py:588} INFO - Filling up the DagBag from /home/airflow/.local/lib/python3.12/site-packages/airflow/example_dags/example_python_operator.py
[2024-12-22T11:51:46.428+0000] {processor.py:925} INFO - DAG(s) 'example_python_operator' retrieved from /home/airflow/.local/lib/python3.12/site-packages/airflow/example_dags/example_python_operator.py
[2024-12-22T11:51:46.453+0000] {logging_mixin.py:190} INFO - [2024-12-22T11:51:46.453+0000] {dag.py:3239} INFO - Sync 1 DAGs
[2024-12-22T11:51:46.470+0000] {logging_mixin.py:190} INFO - [2024-12-22T11:51:46.470+0000] {dag.py:4180} INFO - Setting next_dagrun for example_python_operator to None, run_after=None
[2024-12-22T11:51:46.491+0000] {processor.py:208} INFO - Processing /home/airflow/.local/lib/python3.12/site-packages/airflow/example_dags/example_python_operator.py took 0.088 seconds
[2024-12-22T11:52:17.633+0000] {processor.py:186} INFO - Started process (PID=343) to work on /home/airflow/.local/lib/python3.12/site-packages/airflow/example_dags/example_python_operator.py
[2024-12-22T11:52:17.634+0000] {processor.py:914} INFO - Processing file /home/airflow/.local/lib/python3.12/site-packages/airflow/example_dags/example_python_operator.py for tasks to queue
[2024-12-22T11:52:17.637+0000] {logging_mixin.py:190} INFO - [2024-12-22T11:52:17.636+0000] {dagbag.py:588} INFO - Filling up the DagBag from /home/airflow/.local/lib/python3.12/site-packages/airflow/example_dags/example_python_operator.py
[2024-12-22T11:52:17.653+0000] {processor.py:925} INFO - DAG(s) 'example_python_operator' retrieved from /home/airflow/.local/lib/python3.12/site-packages/airflow/example_dags/example_python_operator.py
[2024-12-22T11:52:17.680+0000] {logging_mixin.py:190} INFO - [2024-12-22T11:52:17.679+0000] {dag.py:3239} INFO - Sync 1 DAGs
[2024-12-22T11:52:17.700+0000] {logging_mixin.py:190} INFO - [2024-12-22T11:52:17.700+0000] {dag.py:4180} INFO - Setting next_dagrun for example_python_operator to None, run_after=None
[2024-12-22T11:52:17.730+0000] {processor.py:208} INFO - Processing /home/airflow/.local/lib/python3.12/site-packages/airflow/example_dags/example_python_operator.py took 0.105 seconds
[2024-12-22T11:52:49.425+0000] {processor.py:186} INFO - Started process (PID=408) to work on /home/airflow/.local/lib/python3.12/site-packages/airflow/example_dags/example_python_operator.py
[2024-12-22T11:52:49.426+0000] {processor.py:914} INFO - Processing file /home/airflow/.local/lib/python3.12/site-packages/airflow/example_dags/example_python_operator.py for tasks to queue
[2024-12-22T11:52:49.429+0000] {logging_mixin.py:190} INFO - [2024-12-22T11:52:49.429+0000] {dagbag.py:588} INFO - Filling up the DagBag from /home/airflow/.local/lib/python3.12/site-packages/airflow/example_dags/example_python_operator.py
[2024-12-22T11:52:49.459+0000] {processor.py:925} INFO - DAG(s) 'example_python_operator' retrieved from /home/airflow/.local/lib/python3.12/site-packages/airflow/example_dags/example_python_operator.py
[2024-12-22T11:52:49.492+0000] {logging_mixin.py:190} INFO - [2024-12-22T11:52:49.491+0000] {dag.py:3239} INFO - Sync 1 DAGs
[2024-12-22T11:52:49.514+0000] {logging_mixin.py:190} INFO - [2024-12-22T11:52:49.513+0000] {dag.py:4180} INFO - Setting next_dagrun for example_python_operator to None, run_after=None
[2024-12-22T11:52:49.536+0000] {processor.py:208} INFO - Processing /home/airflow/.local/lib/python3.12/site-packages/airflow/example_dags/example_python_operator.py took 0.119 seconds
[2024-12-22T11:53:20.769+0000] {processor.py:186} INFO - Started process (PID=473) to work on /home/airflow/.local/lib/python3.12/site-packages/airflow/example_dags/example_python_operator.py
[2024-12-22T11:53:20.771+0000] {processor.py:914} INFO - Processing file /home/airflow/.local/lib/python3.12/site-packages/airflow/example_dags/example_python_operator.py for tasks to queue
[2024-12-22T11:53:20.773+0000] {logging_mixin.py:190} INFO - [2024-12-22T11:53:20.773+0000] {dagbag.py:588} INFO - Filling up the DagBag from /home/airflow/.local/lib/python3.12/site-packages/airflow/example_dags/example_python_operator.py
[2024-12-22T11:53:20.788+0000] {processor.py:925} INFO - DAG(s) 'example_python_operator' retrieved from /home/airflow/.local/lib/python3.12/site-packages/airflow/example_dags/example_python_operator.py
[2024-12-22T11:53:20.818+0000] {logging_mixin.py:190} INFO - [2024-12-22T11:53:20.818+0000] {dag.py:3239} INFO - Sync 1 DAGs
[2024-12-22T11:53:20.837+0000] {logging_mixin.py:190} INFO - [2024-12-22T11:53:20.836+0000] {dag.py:4180} INFO - Setting next_dagrun for example_python_operator to None, run_after=None
[2024-12-22T11:53:20.860+0000] {processor.py:208} INFO - Processing /home/airflow/.local/lib/python3.12/site-packages/airflow/example_dags/example_python_operator.py took 0.098 seconds
[2024-12-22T11:53:52.314+0000] {processor.py:186} INFO - Started process (PID=538) to work on /home/airflow/.local/lib/python3.12/site-packages/airflow/example_dags/example_python_operator.py
[2024-12-22T11:53:52.316+0000] {processor.py:914} INFO - Processing file /home/airflow/.local/lib/python3.12/site-packages/airflow/example_dags/example_python_operator.py for tasks to queue
[2024-12-22T11:53:52.322+0000] {logging_mixin.py:190} INFO - [2024-12-22T11:53:52.321+0000] {dagbag.py:588} INFO - Filling up the DagBag from /home/airflow/.local/lib/python3.12/site-packages/airflow/example_dags/example_python_operator.py
[2024-12-22T11:53:52.349+0000] {processor.py:925} INFO - DAG(s) 'example_python_operator' retrieved from /home/airflow/.local/lib/python3.12/site-packages/airflow/example_dags/example_python_operator.py
[2024-12-22T11:53:52.397+0000] {logging_mixin.py:190} INFO - [2024-12-22T11:53:52.396+0000] {dag.py:3239} INFO - Sync 1 DAGs
[2024-12-22T11:53:52.446+0000] {logging_mixin.py:190} INFO - [2024-12-22T11:53:52.446+0000] {dag.py:4180} INFO - Setting next_dagrun for example_python_operator to None, run_after=None
[2024-12-22T11:53:52.480+0000] {processor.py:208} INFO - Processing /home/airflow/.local/lib/python3.12/site-packages/airflow/example_dags/example_python_operator.py took 0.178 seconds
[2024-12-22T11:54:25.103+0000] {processor.py:186} INFO - Started process (PID=603) to work on /home/airflow/.local/lib/python3.12/site-packages/airflow/example_dags/example_python_operator.py
[2024-12-22T11:54:25.110+0000] {processor.py:914} INFO - Processing file /home/airflow/.local/lib/python3.12/site-packages/airflow/example_dags/example_python_operator.py for tasks to queue
[2024-12-22T11:54:25.114+0000] {logging_mixin.py:190} INFO - [2024-12-22T11:54:25.114+0000] {dagbag.py:588} INFO - Filling up the DagBag from /home/airflow/.local/lib/python3.12/site-packages/airflow/example_dags/example_python_operator.py
[2024-12-22T11:54:25.143+0000] {processor.py:925} INFO - DAG(s) 'example_python_operator' retrieved from /home/airflow/.local/lib/python3.12/site-packages/airflow/example_dags/example_python_operator.py
[2024-12-22T11:54:25.183+0000] {logging_mixin.py:190} INFO - [2024-12-22T11:54:25.183+0000] {dag.py:3239} INFO - Sync 1 DAGs
[2024-12-22T11:54:25.206+0000] {logging_mixin.py:190} INFO - [2024-12-22T11:54:25.206+0000] {dag.py:4180} INFO - Setting next_dagrun for example_python_operator to None, run_after=None
[2024-12-22T11:54:25.237+0000] {processor.py:208} INFO - Processing /home/airflow/.local/lib/python3.12/site-packages/airflow/example_dags/example_python_operator.py took 0.142 seconds
[2024-12-22T11:54:56.685+0000] {processor.py:186} INFO - Started process (PID=668) to work on /home/airflow/.local/lib/python3.12/site-packages/airflow/example_dags/example_python_operator.py
[2024-12-22T11:54:56.687+0000] {processor.py:914} INFO - Processing file /home/airflow/.local/lib/python3.12/site-packages/airflow/example_dags/example_python_operator.py for tasks to queue
[2024-12-22T11:54:56.690+0000] {logging_mixin.py:190} INFO - [2024-12-22T11:54:56.689+0000] {dagbag.py:588} INFO - Filling up the DagBag from /home/airflow/.local/lib/python3.12/site-packages/airflow/example_dags/example_python_operator.py
[2024-12-22T11:54:56.710+0000] {processor.py:925} INFO - DAG(s) 'example_python_operator' retrieved from /home/airflow/.local/lib/python3.12/site-packages/airflow/example_dags/example_python_operator.py
[2024-12-22T11:54:56.738+0000] {logging_mixin.py:190} INFO - [2024-12-22T11:54:56.738+0000] {dag.py:3239} INFO - Sync 1 DAGs
[2024-12-22T11:54:56.758+0000] {logging_mixin.py:190} INFO - [2024-12-22T11:54:56.758+0000] {dag.py:4180} INFO - Setting next_dagrun for example_python_operator to None, run_after=None
[2024-12-22T11:54:56.781+0000] {processor.py:208} INFO - Processing /home/airflow/.local/lib/python3.12/site-packages/airflow/example_dags/example_python_operator.py took 0.103 seconds
[2024-12-22T11:56:34.828+0000] {processor.py:186} INFO - Started process (PID=73) to work on /home/airflow/.local/lib/python3.12/site-packages/airflow/example_dags/example_python_operator.py
[2024-12-22T11:56:34.830+0000] {processor.py:914} INFO - Processing file /home/airflow/.local/lib/python3.12/site-packages/airflow/example_dags/example_python_operator.py for tasks to queue
[2024-12-22T11:56:34.834+0000] {logging_mixin.py:190} INFO - [2024-12-22T11:56:34.833+0000] {dagbag.py:588} INFO - Filling up the DagBag from /home/airflow/.local/lib/python3.12/site-packages/airflow/example_dags/example_python_operator.py
[2024-12-22T11:56:34.860+0000] {processor.py:925} INFO - DAG(s) 'example_python_operator' retrieved from /home/airflow/.local/lib/python3.12/site-packages/airflow/example_dags/example_python_operator.py
[2024-12-22T11:56:35.054+0000] {logging_mixin.py:190} INFO - [2024-12-22T11:56:35.053+0000] {dag.py:3239} INFO - Sync 1 DAGs
[2024-12-22T11:56:35.071+0000] {logging_mixin.py:190} INFO - [2024-12-22T11:56:35.071+0000] {dag.py:4180} INFO - Setting next_dagrun for example_python_operator to None, run_after=None
[2024-12-22T11:56:35.099+0000] {processor.py:208} INFO - Processing /home/airflow/.local/lib/python3.12/site-packages/airflow/example_dags/example_python_operator.py took 0.280 seconds
[2024-12-22T11:57:07.870+0000] {processor.py:186} INFO - Started process (PID=145) to work on /home/airflow/.local/lib/python3.12/site-packages/airflow/example_dags/example_python_operator.py
[2024-12-22T11:57:07.885+0000] {processor.py:914} INFO - Processing file /home/airflow/.local/lib/python3.12/site-packages/airflow/example_dags/example_python_operator.py for tasks to queue
[2024-12-22T11:57:07.890+0000] {logging_mixin.py:190} INFO - [2024-12-22T11:57:07.889+0000] {dagbag.py:588} INFO - Filling up the DagBag from /home/airflow/.local/lib/python3.12/site-packages/airflow/example_dags/example_python_operator.py
[2024-12-22T11:57:07.915+0000] {processor.py:925} INFO - DAG(s) 'example_python_operator' retrieved from /home/airflow/.local/lib/python3.12/site-packages/airflow/example_dags/example_python_operator.py
[2024-12-22T11:57:07.965+0000] {logging_mixin.py:190} INFO - [2024-12-22T11:57:07.964+0000] {dag.py:3239} INFO - Sync 1 DAGs
[2024-12-22T11:57:07.993+0000] {logging_mixin.py:190} INFO - [2024-12-22T11:57:07.993+0000] {dag.py:4180} INFO - Setting next_dagrun for example_python_operator to None, run_after=None
[2024-12-22T11:57:08.027+0000] {processor.py:208} INFO - Processing /home/airflow/.local/lib/python3.12/site-packages/airflow/example_dags/example_python_operator.py took 0.168 seconds
