[2024-12-22T11:17:53.991+0000] {processor.py:186} INFO - Started process (PID=81) to work on /home/airflow/.local/lib/python3.12/site-packages/airflow/example_dags/example_bash_decorator.py
[2024-12-22T11:17:53.996+0000] {processor.py:914} INFO - Processing file /home/airflow/.local/lib/python3.12/site-packages/airflow/example_dags/example_bash_decorator.py for tasks to queue
[2024-12-22T11:17:54.006+0000] {logging_mixin.py:190} INFO - [2024-12-22T11:17:54.005+0000] {dagbag.py:588} INFO - Filling up the DagBag from /home/airflow/.local/lib/python3.12/site-packages/airflow/example_dags/example_bash_decorator.py
[2024-12-22T11:17:54.079+0000] {processor.py:925} INFO - DAG(s) 'example_bash_decorator' retrieved from /home/airflow/.local/lib/python3.12/site-packages/airflow/example_dags/example_bash_decorator.py
[2024-12-22T11:17:54.622+0000] {logging_mixin.py:190} INFO - [2024-12-22T11:17:54.621+0000] {dag.py:3239} INFO - Sync 1 DAGs
[2024-12-22T11:17:54.663+0000] {logging_mixin.py:190} INFO - [2024-12-22T11:17:54.662+0000] {dag.py:4180} INFO - Setting next_dagrun for example_bash_decorator to None, run_after=None
[2024-12-22T11:17:54.745+0000] {processor.py:208} INFO - Processing /home/airflow/.local/lib/python3.12/site-packages/airflow/example_dags/example_bash_decorator.py took 0.791 seconds
[2024-12-22T11:18:27.531+0000] {processor.py:186} INFO - Started process (PID=146) to work on /home/airflow/.local/lib/python3.12/site-packages/airflow/example_dags/example_bash_decorator.py
[2024-12-22T11:18:27.535+0000] {processor.py:914} INFO - Processing file /home/airflow/.local/lib/python3.12/site-packages/airflow/example_dags/example_bash_decorator.py for tasks to queue
[2024-12-22T11:18:27.541+0000] {logging_mixin.py:190} INFO - [2024-12-22T11:18:27.540+0000] {dagbag.py:588} INFO - Filling up the DagBag from /home/airflow/.local/lib/python3.12/site-packages/airflow/example_dags/example_bash_decorator.py
[2024-12-22T11:18:27.588+0000] {processor.py:925} INFO - DAG(s) 'example_bash_decorator' retrieved from /home/airflow/.local/lib/python3.12/site-packages/airflow/example_dags/example_bash_decorator.py
[2024-12-22T11:18:27.659+0000] {logging_mixin.py:190} INFO - [2024-12-22T11:18:27.659+0000] {dag.py:3239} INFO - Sync 1 DAGs
[2024-12-22T11:18:27.697+0000] {logging_mixin.py:190} INFO - [2024-12-22T11:18:27.697+0000] {dag.py:4180} INFO - Setting next_dagrun for example_bash_decorator to None, run_after=None
[2024-12-22T11:18:27.740+0000] {processor.py:208} INFO - Processing /home/airflow/.local/lib/python3.12/site-packages/airflow/example_dags/example_bash_decorator.py took 0.227 seconds
[2024-12-22T11:19:03.647+0000] {processor.py:186} INFO - Started process (PID=217) to work on /home/airflow/.local/lib/python3.12/site-packages/airflow/example_dags/example_bash_decorator.py
[2024-12-22T11:19:03.649+0000] {processor.py:914} INFO - Processing file /home/airflow/.local/lib/python3.12/site-packages/airflow/example_dags/example_bash_decorator.py for tasks to queue
[2024-12-22T11:19:03.656+0000] {logging_mixin.py:190} INFO - [2024-12-22T11:19:03.655+0000] {dagbag.py:588} INFO - Filling up the DagBag from /home/airflow/.local/lib/python3.12/site-packages/airflow/example_dags/example_bash_decorator.py
[2024-12-22T11:19:03.702+0000] {processor.py:925} INFO - DAG(s) 'example_bash_decorator' retrieved from /home/airflow/.local/lib/python3.12/site-packages/airflow/example_dags/example_bash_decorator.py
[2024-12-22T11:19:03.801+0000] {logging_mixin.py:190} INFO - [2024-12-22T11:19:03.801+0000] {dag.py:3239} INFO - Sync 1 DAGs
[2024-12-22T11:19:03.834+0000] {logging_mixin.py:190} INFO - [2024-12-22T11:19:03.833+0000] {dag.py:4180} INFO - Setting next_dagrun for example_bash_decorator to None, run_after=None
[2024-12-22T11:19:03.878+0000] {processor.py:208} INFO - Processing /home/airflow/.local/lib/python3.12/site-packages/airflow/example_dags/example_bash_decorator.py took 0.247 seconds
[2024-12-22T11:19:36.587+0000] {processor.py:186} INFO - Started process (PID=283) to work on /home/airflow/.local/lib/python3.12/site-packages/airflow/example_dags/example_bash_decorator.py
[2024-12-22T11:19:36.595+0000] {processor.py:914} INFO - Processing file /home/airflow/.local/lib/python3.12/site-packages/airflow/example_dags/example_bash_decorator.py for tasks to queue
[2024-12-22T11:19:36.602+0000] {logging_mixin.py:190} INFO - [2024-12-22T11:19:36.601+0000] {dagbag.py:588} INFO - Filling up the DagBag from /home/airflow/.local/lib/python3.12/site-packages/airflow/example_dags/example_bash_decorator.py
[2024-12-22T11:19:36.659+0000] {processor.py:925} INFO - DAG(s) 'example_bash_decorator' retrieved from /home/airflow/.local/lib/python3.12/site-packages/airflow/example_dags/example_bash_decorator.py
[2024-12-22T11:19:36.729+0000] {logging_mixin.py:190} INFO - [2024-12-22T11:19:36.728+0000] {dag.py:3239} INFO - Sync 1 DAGs
[2024-12-22T11:19:36.814+0000] {logging_mixin.py:190} INFO - [2024-12-22T11:19:36.813+0000] {dag.py:4180} INFO - Setting next_dagrun for example_bash_decorator to None, run_after=None
[2024-12-22T11:19:36.886+0000] {processor.py:208} INFO - Processing /home/airflow/.local/lib/python3.12/site-packages/airflow/example_dags/example_bash_decorator.py took 0.320 seconds
[2024-12-22T11:20:12.810+0000] {processor.py:186} INFO - Started process (PID=349) to work on /home/airflow/.local/lib/python3.12/site-packages/airflow/example_dags/example_bash_decorator.py
[2024-12-22T11:20:12.825+0000] {processor.py:914} INFO - Processing file /home/airflow/.local/lib/python3.12/site-packages/airflow/example_dags/example_bash_decorator.py for tasks to queue
[2024-12-22T11:20:12.853+0000] {logging_mixin.py:190} INFO - [2024-12-22T11:20:12.849+0000] {dagbag.py:588} INFO - Filling up the DagBag from /home/airflow/.local/lib/python3.12/site-packages/airflow/example_dags/example_bash_decorator.py
[2024-12-22T11:20:12.929+0000] {processor.py:925} INFO - DAG(s) 'example_bash_decorator' retrieved from /home/airflow/.local/lib/python3.12/site-packages/airflow/example_dags/example_bash_decorator.py
[2024-12-22T11:20:12.988+0000] {logging_mixin.py:190} INFO - [2024-12-22T11:20:12.987+0000] {dag.py:3239} INFO - Sync 1 DAGs
[2024-12-22T11:20:13.033+0000] {logging_mixin.py:190} INFO - [2024-12-22T11:20:13.033+0000] {dag.py:4180} INFO - Setting next_dagrun for example_bash_decorator to None, run_after=None
[2024-12-22T11:20:14.103+0000] {processor.py:208} INFO - Processing /home/airflow/.local/lib/python3.12/site-packages/airflow/example_dags/example_bash_decorator.py took 1.371 seconds
[2024-12-22T11:20:45.469+0000] {processor.py:186} INFO - Started process (PID=414) to work on /home/airflow/.local/lib/python3.12/site-packages/airflow/example_dags/example_bash_decorator.py
[2024-12-22T11:20:45.471+0000] {processor.py:914} INFO - Processing file /home/airflow/.local/lib/python3.12/site-packages/airflow/example_dags/example_bash_decorator.py for tasks to queue
[2024-12-22T11:20:45.478+0000] {logging_mixin.py:190} INFO - [2024-12-22T11:20:45.477+0000] {dagbag.py:588} INFO - Filling up the DagBag from /home/airflow/.local/lib/python3.12/site-packages/airflow/example_dags/example_bash_decorator.py
[2024-12-22T11:20:45.523+0000] {processor.py:925} INFO - DAG(s) 'example_bash_decorator' retrieved from /home/airflow/.local/lib/python3.12/site-packages/airflow/example_dags/example_bash_decorator.py
[2024-12-22T11:20:45.578+0000] {logging_mixin.py:190} INFO - [2024-12-22T11:20:45.578+0000] {dag.py:3239} INFO - Sync 1 DAGs
[2024-12-22T11:20:45.612+0000] {logging_mixin.py:190} INFO - [2024-12-22T11:20:45.611+0000] {dag.py:4180} INFO - Setting next_dagrun for example_bash_decorator to None, run_after=None
[2024-12-22T11:20:45.661+0000] {processor.py:208} INFO - Processing /home/airflow/.local/lib/python3.12/site-packages/airflow/example_dags/example_bash_decorator.py took 0.212 seconds
[2024-12-22T11:21:24.256+0000] {processor.py:186} INFO - Started process (PID=479) to work on /home/airflow/.local/lib/python3.12/site-packages/airflow/example_dags/example_bash_decorator.py
[2024-12-22T11:21:24.259+0000] {processor.py:914} INFO - Processing file /home/airflow/.local/lib/python3.12/site-packages/airflow/example_dags/example_bash_decorator.py for tasks to queue
[2024-12-22T11:21:24.272+0000] {logging_mixin.py:190} INFO - [2024-12-22T11:21:24.271+0000] {dagbag.py:588} INFO - Filling up the DagBag from /home/airflow/.local/lib/python3.12/site-packages/airflow/example_dags/example_bash_decorator.py
[2024-12-22T11:21:24.307+0000] {processor.py:925} INFO - DAG(s) 'example_bash_decorator' retrieved from /home/airflow/.local/lib/python3.12/site-packages/airflow/example_dags/example_bash_decorator.py
[2024-12-22T11:21:24.356+0000] {logging_mixin.py:190} INFO - [2024-12-22T11:21:24.356+0000] {dag.py:3239} INFO - Sync 1 DAGs
[2024-12-22T11:21:24.408+0000] {logging_mixin.py:190} INFO - [2024-12-22T11:21:24.407+0000] {dag.py:4180} INFO - Setting next_dagrun for example_bash_decorator to None, run_after=None
[2024-12-22T11:21:25.476+0000] {processor.py:208} INFO - Processing /home/airflow/.local/lib/python3.12/site-packages/airflow/example_dags/example_bash_decorator.py took 1.248 seconds
[2024-12-22T11:21:56.123+0000] {processor.py:186} INFO - Started process (PID=545) to work on /home/airflow/.local/lib/python3.12/site-packages/airflow/example_dags/example_bash_decorator.py
[2024-12-22T11:21:56.130+0000] {processor.py:914} INFO - Processing file /home/airflow/.local/lib/python3.12/site-packages/airflow/example_dags/example_bash_decorator.py for tasks to queue
[2024-12-22T11:21:56.142+0000] {logging_mixin.py:190} INFO - [2024-12-22T11:21:56.141+0000] {dagbag.py:588} INFO - Filling up the DagBag from /home/airflow/.local/lib/python3.12/site-packages/airflow/example_dags/example_bash_decorator.py
[2024-12-22T11:21:56.193+0000] {processor.py:925} INFO - DAG(s) 'example_bash_decorator' retrieved from /home/airflow/.local/lib/python3.12/site-packages/airflow/example_dags/example_bash_decorator.py
[2024-12-22T11:21:56.246+0000] {logging_mixin.py:190} INFO - [2024-12-22T11:21:56.246+0000] {dag.py:3239} INFO - Sync 1 DAGs
[2024-12-22T11:21:56.278+0000] {logging_mixin.py:190} INFO - [2024-12-22T11:21:56.278+0000] {dag.py:4180} INFO - Setting next_dagrun for example_bash_decorator to None, run_after=None
[2024-12-22T11:21:57.111+0000] {processor.py:208} INFO - Processing /home/airflow/.local/lib/python3.12/site-packages/airflow/example_dags/example_bash_decorator.py took 1.038 seconds
[2024-12-22T11:22:28.018+0000] {processor.py:186} INFO - Started process (PID=609) to work on /home/airflow/.local/lib/python3.12/site-packages/airflow/example_dags/example_bash_decorator.py
[2024-12-22T11:22:28.022+0000] {processor.py:914} INFO - Processing file /home/airflow/.local/lib/python3.12/site-packages/airflow/example_dags/example_bash_decorator.py for tasks to queue
[2024-12-22T11:22:28.035+0000] {logging_mixin.py:190} INFO - [2024-12-22T11:22:28.034+0000] {dagbag.py:588} INFO - Filling up the DagBag from /home/airflow/.local/lib/python3.12/site-packages/airflow/example_dags/example_bash_decorator.py
[2024-12-22T11:22:28.124+0000] {processor.py:925} INFO - DAG(s) 'example_bash_decorator' retrieved from /home/airflow/.local/lib/python3.12/site-packages/airflow/example_dags/example_bash_decorator.py
[2024-12-22T11:22:28.193+0000] {logging_mixin.py:190} INFO - [2024-12-22T11:22:28.193+0000] {dag.py:3239} INFO - Sync 1 DAGs
[2024-12-22T11:22:28.226+0000] {logging_mixin.py:190} INFO - [2024-12-22T11:22:28.226+0000] {dag.py:4180} INFO - Setting next_dagrun for example_bash_decorator to None, run_after=None
[2024-12-22T11:22:29.124+0000] {processor.py:208} INFO - Processing /home/airflow/.local/lib/python3.12/site-packages/airflow/example_dags/example_bash_decorator.py took 1.138 seconds
[2024-12-22T11:23:14.685+0000] {processor.py:186} INFO - Started process (PID=680) to work on /home/airflow/.local/lib/python3.12/site-packages/airflow/example_dags/example_bash_decorator.py
[2024-12-22T11:23:14.687+0000] {processor.py:914} INFO - Processing file /home/airflow/.local/lib/python3.12/site-packages/airflow/example_dags/example_bash_decorator.py for tasks to queue
[2024-12-22T11:23:14.694+0000] {logging_mixin.py:190} INFO - [2024-12-22T11:23:14.693+0000] {dagbag.py:588} INFO - Filling up the DagBag from /home/airflow/.local/lib/python3.12/site-packages/airflow/example_dags/example_bash_decorator.py
[2024-12-22T11:23:14.734+0000] {processor.py:925} INFO - DAG(s) 'example_bash_decorator' retrieved from /home/airflow/.local/lib/python3.12/site-packages/airflow/example_dags/example_bash_decorator.py
[2024-12-22T11:23:14.802+0000] {logging_mixin.py:190} INFO - [2024-12-22T11:23:14.801+0000] {dag.py:3239} INFO - Sync 1 DAGs
[2024-12-22T11:23:14.838+0000] {logging_mixin.py:190} INFO - [2024-12-22T11:23:14.838+0000] {dag.py:4180} INFO - Setting next_dagrun for example_bash_decorator to None, run_after=None
[2024-12-22T11:23:14.879+0000] {processor.py:208} INFO - Processing /home/airflow/.local/lib/python3.12/site-packages/airflow/example_dags/example_bash_decorator.py took 0.210 seconds
[2024-12-22T11:23:46.705+0000] {processor.py:186} INFO - Started process (PID=744) to work on /home/airflow/.local/lib/python3.12/site-packages/airflow/example_dags/example_bash_decorator.py
[2024-12-22T11:23:46.707+0000] {processor.py:914} INFO - Processing file /home/airflow/.local/lib/python3.12/site-packages/airflow/example_dags/example_bash_decorator.py for tasks to queue
[2024-12-22T11:23:46.714+0000] {logging_mixin.py:190} INFO - [2024-12-22T11:23:46.712+0000] {dagbag.py:588} INFO - Filling up the DagBag from /home/airflow/.local/lib/python3.12/site-packages/airflow/example_dags/example_bash_decorator.py
[2024-12-22T11:23:46.759+0000] {processor.py:925} INFO - DAG(s) 'example_bash_decorator' retrieved from /home/airflow/.local/lib/python3.12/site-packages/airflow/example_dags/example_bash_decorator.py
[2024-12-22T11:23:46.820+0000] {logging_mixin.py:190} INFO - [2024-12-22T11:23:46.819+0000] {dag.py:3239} INFO - Sync 1 DAGs
[2024-12-22T11:23:46.861+0000] {logging_mixin.py:190} INFO - [2024-12-22T11:23:46.861+0000] {dag.py:4180} INFO - Setting next_dagrun for example_bash_decorator to None, run_after=None
[2024-12-22T11:23:46.906+0000] {processor.py:208} INFO - Processing /home/airflow/.local/lib/python3.12/site-packages/airflow/example_dags/example_bash_decorator.py took 0.217 seconds
[2024-12-22T11:24:18.395+0000] {processor.py:186} INFO - Started process (PID=809) to work on /home/airflow/.local/lib/python3.12/site-packages/airflow/example_dags/example_bash_decorator.py
[2024-12-22T11:24:18.397+0000] {processor.py:914} INFO - Processing file /home/airflow/.local/lib/python3.12/site-packages/airflow/example_dags/example_bash_decorator.py for tasks to queue
[2024-12-22T11:24:18.412+0000] {logging_mixin.py:190} INFO - [2024-12-22T11:24:18.411+0000] {dagbag.py:588} INFO - Filling up the DagBag from /home/airflow/.local/lib/python3.12/site-packages/airflow/example_dags/example_bash_decorator.py
[2024-12-22T11:24:18.461+0000] {processor.py:925} INFO - DAG(s) 'example_bash_decorator' retrieved from /home/airflow/.local/lib/python3.12/site-packages/airflow/example_dags/example_bash_decorator.py
[2024-12-22T11:24:18.522+0000] {logging_mixin.py:190} INFO - [2024-12-22T11:24:18.521+0000] {dag.py:3239} INFO - Sync 1 DAGs
[2024-12-22T11:24:18.556+0000] {logging_mixin.py:190} INFO - [2024-12-22T11:24:18.556+0000] {dag.py:4180} INFO - Setting next_dagrun for example_bash_decorator to None, run_after=None
[2024-12-22T11:24:18.595+0000] {processor.py:208} INFO - Processing /home/airflow/.local/lib/python3.12/site-packages/airflow/example_dags/example_bash_decorator.py took 0.220 seconds
[2024-12-22T11:24:49.654+0000] {processor.py:186} INFO - Started process (PID=873) to work on /home/airflow/.local/lib/python3.12/site-packages/airflow/example_dags/example_bash_decorator.py
[2024-12-22T11:24:49.656+0000] {processor.py:914} INFO - Processing file /home/airflow/.local/lib/python3.12/site-packages/airflow/example_dags/example_bash_decorator.py for tasks to queue
[2024-12-22T11:24:49.662+0000] {logging_mixin.py:190} INFO - [2024-12-22T11:24:49.661+0000] {dagbag.py:588} INFO - Filling up the DagBag from /home/airflow/.local/lib/python3.12/site-packages/airflow/example_dags/example_bash_decorator.py
[2024-12-22T11:24:49.702+0000] {processor.py:925} INFO - DAG(s) 'example_bash_decorator' retrieved from /home/airflow/.local/lib/python3.12/site-packages/airflow/example_dags/example_bash_decorator.py
[2024-12-22T11:24:49.817+0000] {logging_mixin.py:190} INFO - [2024-12-22T11:24:49.816+0000] {dag.py:3239} INFO - Sync 1 DAGs
[2024-12-22T11:24:49.867+0000] {logging_mixin.py:190} INFO - [2024-12-22T11:24:49.866+0000] {dag.py:4180} INFO - Setting next_dagrun for example_bash_decorator to None, run_after=None
[2024-12-22T11:24:49.922+0000] {processor.py:208} INFO - Processing /home/airflow/.local/lib/python3.12/site-packages/airflow/example_dags/example_bash_decorator.py took 0.284 seconds
[2024-12-22T11:25:22.476+0000] {processor.py:186} INFO - Started process (PID=931) to work on /home/airflow/.local/lib/python3.12/site-packages/airflow/example_dags/example_bash_decorator.py
[2024-12-22T11:25:22.479+0000] {processor.py:914} INFO - Processing file /home/airflow/.local/lib/python3.12/site-packages/airflow/example_dags/example_bash_decorator.py for tasks to queue
[2024-12-22T11:25:22.486+0000] {logging_mixin.py:190} INFO - [2024-12-22T11:25:22.485+0000] {dagbag.py:588} INFO - Filling up the DagBag from /home/airflow/.local/lib/python3.12/site-packages/airflow/example_dags/example_bash_decorator.py
[2024-12-22T11:25:22.559+0000] {processor.py:925} INFO - DAG(s) 'example_bash_decorator' retrieved from /home/airflow/.local/lib/python3.12/site-packages/airflow/example_dags/example_bash_decorator.py
[2024-12-22T11:25:22.688+0000] {logging_mixin.py:190} INFO - [2024-12-22T11:25:22.688+0000] {dag.py:3239} INFO - Sync 1 DAGs
[2024-12-22T11:25:22.751+0000] {logging_mixin.py:190} INFO - [2024-12-22T11:25:22.751+0000] {dag.py:4180} INFO - Setting next_dagrun for example_bash_decorator to None, run_after=None
[2024-12-22T11:25:22.801+0000] {processor.py:208} INFO - Processing /home/airflow/.local/lib/python3.12/site-packages/airflow/example_dags/example_bash_decorator.py took 0.339 seconds
[2024-12-22T11:25:53.787+0000] {processor.py:186} INFO - Started process (PID=995) to work on /home/airflow/.local/lib/python3.12/site-packages/airflow/example_dags/example_bash_decorator.py
[2024-12-22T11:25:53.790+0000] {processor.py:914} INFO - Processing file /home/airflow/.local/lib/python3.12/site-packages/airflow/example_dags/example_bash_decorator.py for tasks to queue
[2024-12-22T11:25:53.797+0000] {logging_mixin.py:190} INFO - [2024-12-22T11:25:53.796+0000] {dagbag.py:588} INFO - Filling up the DagBag from /home/airflow/.local/lib/python3.12/site-packages/airflow/example_dags/example_bash_decorator.py
[2024-12-22T11:25:53.860+0000] {processor.py:925} INFO - DAG(s) 'example_bash_decorator' retrieved from /home/airflow/.local/lib/python3.12/site-packages/airflow/example_dags/example_bash_decorator.py
[2024-12-22T11:25:53.930+0000] {logging_mixin.py:190} INFO - [2024-12-22T11:25:53.929+0000] {dag.py:3239} INFO - Sync 1 DAGs
[2024-12-22T11:25:53.980+0000] {logging_mixin.py:190} INFO - [2024-12-22T11:25:53.980+0000] {dag.py:4180} INFO - Setting next_dagrun for example_bash_decorator to None, run_after=None
[2024-12-22T11:25:54.034+0000] {processor.py:208} INFO - Processing /home/airflow/.local/lib/python3.12/site-packages/airflow/example_dags/example_bash_decorator.py took 0.265 seconds
[2024-12-22T11:26:29.757+0000] {processor.py:186} INFO - Started process (PID=1027) to work on /home/airflow/.local/lib/python3.12/site-packages/airflow/example_dags/example_bash_decorator.py
[2024-12-22T11:26:29.760+0000] {processor.py:914} INFO - Processing file /home/airflow/.local/lib/python3.12/site-packages/airflow/example_dags/example_bash_decorator.py for tasks to queue
[2024-12-22T11:26:29.766+0000] {logging_mixin.py:190} INFO - [2024-12-22T11:26:29.765+0000] {dagbag.py:588} INFO - Filling up the DagBag from /home/airflow/.local/lib/python3.12/site-packages/airflow/example_dags/example_bash_decorator.py
[2024-12-22T11:26:29.807+0000] {processor.py:925} INFO - DAG(s) 'example_bash_decorator' retrieved from /home/airflow/.local/lib/python3.12/site-packages/airflow/example_dags/example_bash_decorator.py
[2024-12-22T11:26:29.882+0000] {logging_mixin.py:190} INFO - [2024-12-22T11:26:29.881+0000] {dag.py:3239} INFO - Sync 1 DAGs
[2024-12-22T11:26:29.931+0000] {logging_mixin.py:190} INFO - [2024-12-22T11:26:29.930+0000] {dag.py:4180} INFO - Setting next_dagrun for example_bash_decorator to None, run_after=None
[2024-12-22T11:26:29.997+0000] {processor.py:208} INFO - Processing /home/airflow/.local/lib/python3.12/site-packages/airflow/example_dags/example_bash_decorator.py took 0.261 seconds
[2024-12-22T11:27:05.772+0000] {processor.py:186} INFO - Started process (PID=1092) to work on /home/airflow/.local/lib/python3.12/site-packages/airflow/example_dags/example_bash_decorator.py
[2024-12-22T11:27:05.777+0000] {processor.py:914} INFO - Processing file /home/airflow/.local/lib/python3.12/site-packages/airflow/example_dags/example_bash_decorator.py for tasks to queue
[2024-12-22T11:27:05.783+0000] {logging_mixin.py:190} INFO - [2024-12-22T11:27:05.782+0000] {dagbag.py:588} INFO - Filling up the DagBag from /home/airflow/.local/lib/python3.12/site-packages/airflow/example_dags/example_bash_decorator.py
[2024-12-22T11:27:07.029+0000] {processor.py:925} INFO - DAG(s) 'example_bash_decorator' retrieved from /home/airflow/.local/lib/python3.12/site-packages/airflow/example_dags/example_bash_decorator.py
[2024-12-22T11:27:07.094+0000] {logging_mixin.py:190} INFO - [2024-12-22T11:27:07.094+0000] {dag.py:3239} INFO - Sync 1 DAGs
[2024-12-22T11:27:07.135+0000] {logging_mixin.py:190} INFO - [2024-12-22T11:27:07.134+0000] {dag.py:4180} INFO - Setting next_dagrun for example_bash_decorator to None, run_after=None
[2024-12-22T11:27:07.177+0000] {processor.py:208} INFO - Processing /home/airflow/.local/lib/python3.12/site-packages/airflow/example_dags/example_bash_decorator.py took 1.435 seconds
[2024-12-22T11:27:40.873+0000] {processor.py:186} INFO - Started process (PID=1157) to work on /home/airflow/.local/lib/python3.12/site-packages/airflow/example_dags/example_bash_decorator.py
[2024-12-22T11:27:40.875+0000] {processor.py:914} INFO - Processing file /home/airflow/.local/lib/python3.12/site-packages/airflow/example_dags/example_bash_decorator.py for tasks to queue
[2024-12-22T11:27:40.879+0000] {logging_mixin.py:190} INFO - [2024-12-22T11:27:40.878+0000] {dagbag.py:588} INFO - Filling up the DagBag from /home/airflow/.local/lib/python3.12/site-packages/airflow/example_dags/example_bash_decorator.py
[2024-12-22T11:27:40.916+0000] {processor.py:925} INFO - DAG(s) 'example_bash_decorator' retrieved from /home/airflow/.local/lib/python3.12/site-packages/airflow/example_dags/example_bash_decorator.py
[2024-12-22T11:27:40.970+0000] {logging_mixin.py:190} INFO - [2024-12-22T11:27:40.970+0000] {dag.py:3239} INFO - Sync 1 DAGs
[2024-12-22T11:27:41.032+0000] {logging_mixin.py:190} INFO - [2024-12-22T11:27:41.031+0000] {dag.py:4180} INFO - Setting next_dagrun for example_bash_decorator to None, run_after=None
[2024-12-22T11:27:42.112+0000] {processor.py:208} INFO - Processing /home/airflow/.local/lib/python3.12/site-packages/airflow/example_dags/example_bash_decorator.py took 1.253 seconds
[2024-12-22T11:28:18.338+0000] {processor.py:186} INFO - Started process (PID=1221) to work on /home/airflow/.local/lib/python3.12/site-packages/airflow/example_dags/example_bash_decorator.py
[2024-12-22T11:28:18.341+0000] {processor.py:914} INFO - Processing file /home/airflow/.local/lib/python3.12/site-packages/airflow/example_dags/example_bash_decorator.py for tasks to queue
[2024-12-22T11:28:18.345+0000] {logging_mixin.py:190} INFO - [2024-12-22T11:28:18.344+0000] {dagbag.py:588} INFO - Filling up the DagBag from /home/airflow/.local/lib/python3.12/site-packages/airflow/example_dags/example_bash_decorator.py
[2024-12-22T11:28:18.391+0000] {processor.py:925} INFO - DAG(s) 'example_bash_decorator' retrieved from /home/airflow/.local/lib/python3.12/site-packages/airflow/example_dags/example_bash_decorator.py
[2024-12-22T11:28:18.443+0000] {logging_mixin.py:190} INFO - [2024-12-22T11:28:18.442+0000] {dag.py:3239} INFO - Sync 1 DAGs
[2024-12-22T11:28:18.497+0000] {logging_mixin.py:190} INFO - [2024-12-22T11:28:18.497+0000] {dag.py:4180} INFO - Setting next_dagrun for example_bash_decorator to None, run_after=None
[2024-12-22T11:28:19.544+0000] {processor.py:208} INFO - Processing /home/airflow/.local/lib/python3.12/site-packages/airflow/example_dags/example_bash_decorator.py took 1.231 seconds
[2024-12-22T11:28:50.543+0000] {processor.py:186} INFO - Started process (PID=1286) to work on /home/airflow/.local/lib/python3.12/site-packages/airflow/example_dags/example_bash_decorator.py
[2024-12-22T11:28:50.545+0000] {processor.py:914} INFO - Processing file /home/airflow/.local/lib/python3.12/site-packages/airflow/example_dags/example_bash_decorator.py for tasks to queue
[2024-12-22T11:28:50.548+0000] {logging_mixin.py:190} INFO - [2024-12-22T11:28:50.548+0000] {dagbag.py:588} INFO - Filling up the DagBag from /home/airflow/.local/lib/python3.12/site-packages/airflow/example_dags/example_bash_decorator.py
[2024-12-22T11:28:50.586+0000] {processor.py:925} INFO - DAG(s) 'example_bash_decorator' retrieved from /home/airflow/.local/lib/python3.12/site-packages/airflow/example_dags/example_bash_decorator.py
[2024-12-22T11:28:50.642+0000] {logging_mixin.py:190} INFO - [2024-12-22T11:28:50.641+0000] {dag.py:3239} INFO - Sync 1 DAGs
[2024-12-22T11:28:50.679+0000] {logging_mixin.py:190} INFO - [2024-12-22T11:28:50.678+0000] {dag.py:4180} INFO - Setting next_dagrun for example_bash_decorator to None, run_after=None
[2024-12-22T11:28:50.722+0000] {processor.py:208} INFO - Processing /home/airflow/.local/lib/python3.12/site-packages/airflow/example_dags/example_bash_decorator.py took 0.195 seconds
[2024-12-22T11:29:21.927+0000] {processor.py:186} INFO - Started process (PID=1350) to work on /home/airflow/.local/lib/python3.12/site-packages/airflow/example_dags/example_bash_decorator.py
[2024-12-22T11:29:21.930+0000] {processor.py:914} INFO - Processing file /home/airflow/.local/lib/python3.12/site-packages/airflow/example_dags/example_bash_decorator.py for tasks to queue
[2024-12-22T11:29:21.934+0000] {logging_mixin.py:190} INFO - [2024-12-22T11:29:21.933+0000] {dagbag.py:588} INFO - Filling up the DagBag from /home/airflow/.local/lib/python3.12/site-packages/airflow/example_dags/example_bash_decorator.py
[2024-12-22T11:29:21.984+0000] {processor.py:925} INFO - DAG(s) 'example_bash_decorator' retrieved from /home/airflow/.local/lib/python3.12/site-packages/airflow/example_dags/example_bash_decorator.py
[2024-12-22T11:29:22.039+0000] {logging_mixin.py:190} INFO - [2024-12-22T11:29:22.039+0000] {dag.py:3239} INFO - Sync 1 DAGs
[2024-12-22T11:29:22.085+0000] {logging_mixin.py:190} INFO - [2024-12-22T11:29:22.085+0000] {dag.py:4180} INFO - Setting next_dagrun for example_bash_decorator to None, run_after=None
[2024-12-22T11:29:22.134+0000] {processor.py:208} INFO - Processing /home/airflow/.local/lib/python3.12/site-packages/airflow/example_dags/example_bash_decorator.py took 0.231 seconds
[2024-12-22T11:29:55.775+0000] {processor.py:186} INFO - Started process (PID=1417) to work on /home/airflow/.local/lib/python3.12/site-packages/airflow/example_dags/example_bash_decorator.py
[2024-12-22T11:29:55.777+0000] {processor.py:914} INFO - Processing file /home/airflow/.local/lib/python3.12/site-packages/airflow/example_dags/example_bash_decorator.py for tasks to queue
[2024-12-22T11:29:55.782+0000] {logging_mixin.py:190} INFO - [2024-12-22T11:29:55.780+0000] {dagbag.py:588} INFO - Filling up the DagBag from /home/airflow/.local/lib/python3.12/site-packages/airflow/example_dags/example_bash_decorator.py
[2024-12-22T11:29:55.838+0000] {processor.py:925} INFO - DAG(s) 'example_bash_decorator' retrieved from /home/airflow/.local/lib/python3.12/site-packages/airflow/example_dags/example_bash_decorator.py
[2024-12-22T11:29:55.902+0000] {logging_mixin.py:190} INFO - [2024-12-22T11:29:55.901+0000] {dag.py:3239} INFO - Sync 1 DAGs
[2024-12-22T11:29:55.950+0000] {logging_mixin.py:190} INFO - [2024-12-22T11:29:55.949+0000] {dag.py:4180} INFO - Setting next_dagrun for example_bash_decorator to None, run_after=None
[2024-12-22T11:29:56.011+0000] {processor.py:208} INFO - Processing /home/airflow/.local/lib/python3.12/site-packages/airflow/example_dags/example_bash_decorator.py took 0.265 seconds
[2024-12-22T11:30:30.867+0000] {processor.py:186} INFO - Started process (PID=1480) to work on /home/airflow/.local/lib/python3.12/site-packages/airflow/example_dags/example_bash_decorator.py
[2024-12-22T11:30:30.869+0000] {processor.py:914} INFO - Processing file /home/airflow/.local/lib/python3.12/site-packages/airflow/example_dags/example_bash_decorator.py for tasks to queue
[2024-12-22T11:30:30.873+0000] {logging_mixin.py:190} INFO - [2024-12-22T11:30:30.872+0000] {dagbag.py:588} INFO - Filling up the DagBag from /home/airflow/.local/lib/python3.12/site-packages/airflow/example_dags/example_bash_decorator.py
[2024-12-22T11:30:30.922+0000] {processor.py:925} INFO - DAG(s) 'example_bash_decorator' retrieved from /home/airflow/.local/lib/python3.12/site-packages/airflow/example_dags/example_bash_decorator.py
[2024-12-22T11:30:30.985+0000] {logging_mixin.py:190} INFO - [2024-12-22T11:30:30.984+0000] {dag.py:3239} INFO - Sync 1 DAGs
[2024-12-22T11:30:31.027+0000] {logging_mixin.py:190} INFO - [2024-12-22T11:30:31.026+0000] {dag.py:4180} INFO - Setting next_dagrun for example_bash_decorator to None, run_after=None
[2024-12-22T11:30:31.075+0000] {processor.py:208} INFO - Processing /home/airflow/.local/lib/python3.12/site-packages/airflow/example_dags/example_bash_decorator.py took 0.224 seconds
[2024-12-22T11:31:07.088+0000] {processor.py:186} INFO - Started process (PID=1544) to work on /home/airflow/.local/lib/python3.12/site-packages/airflow/example_dags/example_bash_decorator.py
[2024-12-22T11:31:07.091+0000] {processor.py:914} INFO - Processing file /home/airflow/.local/lib/python3.12/site-packages/airflow/example_dags/example_bash_decorator.py for tasks to queue
[2024-12-22T11:31:07.094+0000] {logging_mixin.py:190} INFO - [2024-12-22T11:31:07.093+0000] {dagbag.py:588} INFO - Filling up the DagBag from /home/airflow/.local/lib/python3.12/site-packages/airflow/example_dags/example_bash_decorator.py
[2024-12-22T11:31:07.139+0000] {processor.py:925} INFO - DAG(s) 'example_bash_decorator' retrieved from /home/airflow/.local/lib/python3.12/site-packages/airflow/example_dags/example_bash_decorator.py
[2024-12-22T11:31:07.198+0000] {logging_mixin.py:190} INFO - [2024-12-22T11:31:07.198+0000] {dag.py:3239} INFO - Sync 1 DAGs
[2024-12-22T11:31:07.239+0000] {logging_mixin.py:190} INFO - [2024-12-22T11:31:07.238+0000] {dag.py:4180} INFO - Setting next_dagrun for example_bash_decorator to None, run_after=None
[2024-12-22T11:31:07.287+0000] {processor.py:208} INFO - Processing /home/airflow/.local/lib/python3.12/site-packages/airflow/example_dags/example_bash_decorator.py took 0.213 seconds
[2024-12-22T11:31:45.755+0000] {processor.py:186} INFO - Started process (PID=1609) to work on /home/airflow/.local/lib/python3.12/site-packages/airflow/example_dags/example_bash_decorator.py
[2024-12-22T11:31:45.758+0000] {processor.py:914} INFO - Processing file /home/airflow/.local/lib/python3.12/site-packages/airflow/example_dags/example_bash_decorator.py for tasks to queue
[2024-12-22T11:31:45.761+0000] {logging_mixin.py:190} INFO - [2024-12-22T11:31:45.760+0000] {dagbag.py:588} INFO - Filling up the DagBag from /home/airflow/.local/lib/python3.12/site-packages/airflow/example_dags/example_bash_decorator.py
[2024-12-22T11:31:45.808+0000] {processor.py:925} INFO - DAG(s) 'example_bash_decorator' retrieved from /home/airflow/.local/lib/python3.12/site-packages/airflow/example_dags/example_bash_decorator.py
[2024-12-22T11:31:45.876+0000] {logging_mixin.py:190} INFO - [2024-12-22T11:31:45.875+0000] {dag.py:3239} INFO - Sync 1 DAGs
[2024-12-22T11:31:45.930+0000] {logging_mixin.py:190} INFO - [2024-12-22T11:31:45.930+0000] {dag.py:4180} INFO - Setting next_dagrun for example_bash_decorator to None, run_after=None
[2024-12-22T11:31:45.978+0000] {processor.py:208} INFO - Processing /home/airflow/.local/lib/python3.12/site-packages/airflow/example_dags/example_bash_decorator.py took 0.237 seconds
[2024-12-22T11:32:23.091+0000] {processor.py:186} INFO - Started process (PID=1673) to work on /home/airflow/.local/lib/python3.12/site-packages/airflow/example_dags/example_bash_decorator.py
[2024-12-22T11:32:23.094+0000] {processor.py:914} INFO - Processing file /home/airflow/.local/lib/python3.12/site-packages/airflow/example_dags/example_bash_decorator.py for tasks to queue
[2024-12-22T11:32:23.098+0000] {logging_mixin.py:190} INFO - [2024-12-22T11:32:23.097+0000] {dagbag.py:588} INFO - Filling up the DagBag from /home/airflow/.local/lib/python3.12/site-packages/airflow/example_dags/example_bash_decorator.py
[2024-12-22T11:32:23.163+0000] {processor.py:925} INFO - DAG(s) 'example_bash_decorator' retrieved from /home/airflow/.local/lib/python3.12/site-packages/airflow/example_dags/example_bash_decorator.py
[2024-12-22T11:32:23.236+0000] {logging_mixin.py:190} INFO - [2024-12-22T11:32:23.235+0000] {dag.py:3239} INFO - Sync 1 DAGs
[2024-12-22T11:32:23.292+0000] {logging_mixin.py:190} INFO - [2024-12-22T11:32:23.291+0000] {dag.py:4180} INFO - Setting next_dagrun for example_bash_decorator to None, run_after=None
[2024-12-22T11:32:24.145+0000] {processor.py:208} INFO - Processing /home/airflow/.local/lib/python3.12/site-packages/airflow/example_dags/example_bash_decorator.py took 1.235 seconds
[2024-12-22T11:32:59.998+0000] {processor.py:186} INFO - Started process (PID=1737) to work on /home/airflow/.local/lib/python3.12/site-packages/airflow/example_dags/example_bash_decorator.py
[2024-12-22T11:33:00.003+0000] {processor.py:914} INFO - Processing file /home/airflow/.local/lib/python3.12/site-packages/airflow/example_dags/example_bash_decorator.py for tasks to queue
[2024-12-22T11:33:00.010+0000] {logging_mixin.py:190} INFO - [2024-12-22T11:33:00.008+0000] {dagbag.py:588} INFO - Filling up the DagBag from /home/airflow/.local/lib/python3.12/site-packages/airflow/example_dags/example_bash_decorator.py
[2024-12-22T11:33:00.085+0000] {processor.py:925} INFO - DAG(s) 'example_bash_decorator' retrieved from /home/airflow/.local/lib/python3.12/site-packages/airflow/example_dags/example_bash_decorator.py
[2024-12-22T11:33:00.152+0000] {logging_mixin.py:190} INFO - [2024-12-22T11:33:00.152+0000] {dag.py:3239} INFO - Sync 1 DAGs
[2024-12-22T11:33:00.197+0000] {logging_mixin.py:190} INFO - [2024-12-22T11:33:00.196+0000] {dag.py:4180} INFO - Setting next_dagrun for example_bash_decorator to None, run_after=None
[2024-12-22T11:33:00.965+0000] {processor.py:208} INFO - Processing /home/airflow/.local/lib/python3.12/site-packages/airflow/example_dags/example_bash_decorator.py took 0.998 seconds
[2024-12-22T11:33:38.081+0000] {processor.py:186} INFO - Started process (PID=1808) to work on /home/airflow/.local/lib/python3.12/site-packages/airflow/example_dags/example_bash_decorator.py
[2024-12-22T11:33:38.084+0000] {processor.py:914} INFO - Processing file /home/airflow/.local/lib/python3.12/site-packages/airflow/example_dags/example_bash_decorator.py for tasks to queue
[2024-12-22T11:33:38.088+0000] {logging_mixin.py:190} INFO - [2024-12-22T11:33:38.087+0000] {dagbag.py:588} INFO - Filling up the DagBag from /home/airflow/.local/lib/python3.12/site-packages/airflow/example_dags/example_bash_decorator.py
[2024-12-22T11:33:39.290+0000] {processor.py:925} INFO - DAG(s) 'example_bash_decorator' retrieved from /home/airflow/.local/lib/python3.12/site-packages/airflow/example_dags/example_bash_decorator.py
[2024-12-22T11:33:39.380+0000] {logging_mixin.py:190} INFO - [2024-12-22T11:33:39.379+0000] {dag.py:3239} INFO - Sync 1 DAGs
[2024-12-22T11:33:39.419+0000] {logging_mixin.py:190} INFO - [2024-12-22T11:33:39.419+0000] {dag.py:4180} INFO - Setting next_dagrun for example_bash_decorator to None, run_after=None
[2024-12-22T11:33:39.464+0000] {processor.py:208} INFO - Processing /home/airflow/.local/lib/python3.12/site-packages/airflow/example_dags/example_bash_decorator.py took 1.400 seconds
[2024-12-22T11:34:15.787+0000] {processor.py:186} INFO - Started process (PID=1873) to work on /home/airflow/.local/lib/python3.12/site-packages/airflow/example_dags/example_bash_decorator.py
[2024-12-22T11:34:15.791+0000] {processor.py:914} INFO - Processing file /home/airflow/.local/lib/python3.12/site-packages/airflow/example_dags/example_bash_decorator.py for tasks to queue
[2024-12-22T11:34:15.797+0000] {logging_mixin.py:190} INFO - [2024-12-22T11:34:15.795+0000] {dagbag.py:588} INFO - Filling up the DagBag from /home/airflow/.local/lib/python3.12/site-packages/airflow/example_dags/example_bash_decorator.py
[2024-12-22T11:34:15.875+0000] {processor.py:925} INFO - DAG(s) 'example_bash_decorator' retrieved from /home/airflow/.local/lib/python3.12/site-packages/airflow/example_dags/example_bash_decorator.py
[2024-12-22T11:34:15.971+0000] {logging_mixin.py:190} INFO - [2024-12-22T11:34:15.970+0000] {dag.py:3239} INFO - Sync 1 DAGs
[2024-12-22T11:34:16.036+0000] {logging_mixin.py:190} INFO - [2024-12-22T11:34:16.035+0000] {dag.py:4180} INFO - Setting next_dagrun for example_bash_decorator to None, run_after=None
[2024-12-22T11:34:17.115+0000] {processor.py:208} INFO - Processing /home/airflow/.local/lib/python3.12/site-packages/airflow/example_dags/example_bash_decorator.py took 1.356 seconds
[2024-12-22T11:34:52.191+0000] {processor.py:186} INFO - Started process (PID=1938) to work on /home/airflow/.local/lib/python3.12/site-packages/airflow/example_dags/example_bash_decorator.py
[2024-12-22T11:34:52.197+0000] {processor.py:914} INFO - Processing file /home/airflow/.local/lib/python3.12/site-packages/airflow/example_dags/example_bash_decorator.py for tasks to queue
[2024-12-22T11:34:52.204+0000] {logging_mixin.py:190} INFO - [2024-12-22T11:34:52.203+0000] {dagbag.py:588} INFO - Filling up the DagBag from /home/airflow/.local/lib/python3.12/site-packages/airflow/example_dags/example_bash_decorator.py
[2024-12-22T11:34:53.245+0000] {processor.py:925} INFO - DAG(s) 'example_bash_decorator' retrieved from /home/airflow/.local/lib/python3.12/site-packages/airflow/example_dags/example_bash_decorator.py
[2024-12-22T11:34:53.315+0000] {logging_mixin.py:190} INFO - [2024-12-22T11:34:53.314+0000] {dag.py:3239} INFO - Sync 1 DAGs
[2024-12-22T11:34:53.363+0000] {logging_mixin.py:190} INFO - [2024-12-22T11:34:53.363+0000] {dag.py:4180} INFO - Setting next_dagrun for example_bash_decorator to None, run_after=None
[2024-12-22T11:34:53.404+0000] {processor.py:208} INFO - Processing /home/airflow/.local/lib/python3.12/site-packages/airflow/example_dags/example_bash_decorator.py took 1.353 seconds
[2024-12-22T11:35:23.734+0000] {processor.py:186} INFO - Started process (PID=2006) to work on /home/airflow/.local/lib/python3.12/site-packages/airflow/example_dags/example_bash_decorator.py
[2024-12-22T11:35:23.738+0000] {processor.py:914} INFO - Processing file /home/airflow/.local/lib/python3.12/site-packages/airflow/example_dags/example_bash_decorator.py for tasks to queue
[2024-12-22T11:35:23.743+0000] {logging_mixin.py:190} INFO - [2024-12-22T11:35:23.742+0000] {dagbag.py:588} INFO - Filling up the DagBag from /home/airflow/.local/lib/python3.12/site-packages/airflow/example_dags/example_bash_decorator.py
[2024-12-22T11:35:23.801+0000] {processor.py:925} INFO - DAG(s) 'example_bash_decorator' retrieved from /home/airflow/.local/lib/python3.12/site-packages/airflow/example_dags/example_bash_decorator.py
[2024-12-22T11:35:23.884+0000] {logging_mixin.py:190} INFO - [2024-12-22T11:35:23.883+0000] {dag.py:3239} INFO - Sync 1 DAGs
[2024-12-22T11:35:23.934+0000] {logging_mixin.py:190} INFO - [2024-12-22T11:35:23.934+0000] {dag.py:4180} INFO - Setting next_dagrun for example_bash_decorator to None, run_after=None
[2024-12-22T11:35:25.052+0000] {processor.py:208} INFO - Processing /home/airflow/.local/lib/python3.12/site-packages/airflow/example_dags/example_bash_decorator.py took 1.338 seconds
[2024-12-22T11:36:23.481+0000] {processor.py:186} INFO - Started process (PID=2078) to work on /home/airflow/.local/lib/python3.12/site-packages/airflow/example_dags/example_bash_decorator.py
[2024-12-22T11:36:23.484+0000] {processor.py:914} INFO - Processing file /home/airflow/.local/lib/python3.12/site-packages/airflow/example_dags/example_bash_decorator.py for tasks to queue
[2024-12-22T11:36:23.490+0000] {logging_mixin.py:190} INFO - [2024-12-22T11:36:23.488+0000] {dagbag.py:588} INFO - Filling up the DagBag from /home/airflow/.local/lib/python3.12/site-packages/airflow/example_dags/example_bash_decorator.py
[2024-12-22T11:36:23.542+0000] {processor.py:925} INFO - DAG(s) 'example_bash_decorator' retrieved from /home/airflow/.local/lib/python3.12/site-packages/airflow/example_dags/example_bash_decorator.py
[2024-12-22T11:36:23.629+0000] {logging_mixin.py:190} INFO - [2024-12-22T11:36:23.629+0000] {dag.py:3239} INFO - Sync 1 DAGs
[2024-12-22T11:36:23.674+0000] {logging_mixin.py:190} INFO - [2024-12-22T11:36:23.674+0000] {dag.py:4180} INFO - Setting next_dagrun for example_bash_decorator to None, run_after=None
[2024-12-22T11:36:23.715+0000] {processor.py:208} INFO - Processing /home/airflow/.local/lib/python3.12/site-packages/airflow/example_dags/example_bash_decorator.py took 0.256 seconds
[2024-12-22T11:36:54.991+0000] {processor.py:186} INFO - Started process (PID=2142) to work on /home/airflow/.local/lib/python3.12/site-packages/airflow/example_dags/example_bash_decorator.py
[2024-12-22T11:36:54.994+0000] {processor.py:914} INFO - Processing file /home/airflow/.local/lib/python3.12/site-packages/airflow/example_dags/example_bash_decorator.py for tasks to queue
[2024-12-22T11:36:54.997+0000] {logging_mixin.py:190} INFO - [2024-12-22T11:36:54.996+0000] {dagbag.py:588} INFO - Filling up the DagBag from /home/airflow/.local/lib/python3.12/site-packages/airflow/example_dags/example_bash_decorator.py
[2024-12-22T11:36:55.048+0000] {processor.py:925} INFO - DAG(s) 'example_bash_decorator' retrieved from /home/airflow/.local/lib/python3.12/site-packages/airflow/example_dags/example_bash_decorator.py
[2024-12-22T11:36:55.119+0000] {logging_mixin.py:190} INFO - [2024-12-22T11:36:55.118+0000] {dag.py:3239} INFO - Sync 1 DAGs
[2024-12-22T11:36:55.163+0000] {logging_mixin.py:190} INFO - [2024-12-22T11:36:55.162+0000] {dag.py:4180} INFO - Setting next_dagrun for example_bash_decorator to None, run_after=None
[2024-12-22T11:36:55.204+0000] {processor.py:208} INFO - Processing /home/airflow/.local/lib/python3.12/site-packages/airflow/example_dags/example_bash_decorator.py took 0.229 seconds
[2024-12-22T11:37:36.082+0000] {processor.py:186} INFO - Started process (PID=2208) to work on /home/airflow/.local/lib/python3.12/site-packages/airflow/example_dags/example_bash_decorator.py
[2024-12-22T11:37:36.084+0000] {processor.py:914} INFO - Processing file /home/airflow/.local/lib/python3.12/site-packages/airflow/example_dags/example_bash_decorator.py for tasks to queue
[2024-12-22T11:37:36.091+0000] {logging_mixin.py:190} INFO - [2024-12-22T11:37:36.089+0000] {dagbag.py:588} INFO - Filling up the DagBag from /home/airflow/.local/lib/python3.12/site-packages/airflow/example_dags/example_bash_decorator.py
[2024-12-22T11:37:36.157+0000] {processor.py:925} INFO - DAG(s) 'example_bash_decorator' retrieved from /home/airflow/.local/lib/python3.12/site-packages/airflow/example_dags/example_bash_decorator.py
[2024-12-22T11:37:36.279+0000] {logging_mixin.py:190} INFO - [2024-12-22T11:37:36.279+0000] {dag.py:3239} INFO - Sync 1 DAGs
[2024-12-22T11:37:36.346+0000] {logging_mixin.py:190} INFO - [2024-12-22T11:37:36.346+0000] {dag.py:4180} INFO - Setting next_dagrun for example_bash_decorator to None, run_after=None
[2024-12-22T11:37:36.422+0000] {processor.py:208} INFO - Processing /home/airflow/.local/lib/python3.12/site-packages/airflow/example_dags/example_bash_decorator.py took 0.363 seconds
[2024-12-22T11:38:16.074+0000] {processor.py:186} INFO - Started process (PID=2264) to work on /home/airflow/.local/lib/python3.12/site-packages/airflow/example_dags/example_bash_decorator.py
[2024-12-22T11:38:16.077+0000] {processor.py:914} INFO - Processing file /home/airflow/.local/lib/python3.12/site-packages/airflow/example_dags/example_bash_decorator.py for tasks to queue
[2024-12-22T11:38:16.081+0000] {logging_mixin.py:190} INFO - [2024-12-22T11:38:16.080+0000] {dagbag.py:588} INFO - Filling up the DagBag from /home/airflow/.local/lib/python3.12/site-packages/airflow/example_dags/example_bash_decorator.py
[2024-12-22T11:38:16.127+0000] {processor.py:925} INFO - DAG(s) 'example_bash_decorator' retrieved from /home/airflow/.local/lib/python3.12/site-packages/airflow/example_dags/example_bash_decorator.py
[2024-12-22T11:38:16.195+0000] {logging_mixin.py:190} INFO - [2024-12-22T11:38:16.194+0000] {dag.py:3239} INFO - Sync 1 DAGs
[2024-12-22T11:38:16.243+0000] {logging_mixin.py:190} INFO - [2024-12-22T11:38:16.242+0000] {dag.py:4180} INFO - Setting next_dagrun for example_bash_decorator to None, run_after=None
[2024-12-22T11:38:16.296+0000] {processor.py:208} INFO - Processing /home/airflow/.local/lib/python3.12/site-packages/airflow/example_dags/example_bash_decorator.py took 0.245 seconds
[2024-12-22T11:38:58.621+0000] {processor.py:186} INFO - Started process (PID=2329) to work on /home/airflow/.local/lib/python3.12/site-packages/airflow/example_dags/example_bash_decorator.py
[2024-12-22T11:38:58.623+0000] {processor.py:914} INFO - Processing file /home/airflow/.local/lib/python3.12/site-packages/airflow/example_dags/example_bash_decorator.py for tasks to queue
[2024-12-22T11:38:58.627+0000] {logging_mixin.py:190} INFO - [2024-12-22T11:38:58.626+0000] {dagbag.py:588} INFO - Filling up the DagBag from /home/airflow/.local/lib/python3.12/site-packages/airflow/example_dags/example_bash_decorator.py
[2024-12-22T11:38:58.673+0000] {processor.py:925} INFO - DAG(s) 'example_bash_decorator' retrieved from /home/airflow/.local/lib/python3.12/site-packages/airflow/example_dags/example_bash_decorator.py
[2024-12-22T11:38:58.740+0000] {logging_mixin.py:190} INFO - [2024-12-22T11:38:58.739+0000] {dag.py:3239} INFO - Sync 1 DAGs
[2024-12-22T11:38:58.781+0000] {logging_mixin.py:190} INFO - [2024-12-22T11:38:58.780+0000] {dag.py:4180} INFO - Setting next_dagrun for example_bash_decorator to None, run_after=None
[2024-12-22T11:38:58.823+0000] {processor.py:208} INFO - Processing /home/airflow/.local/lib/python3.12/site-packages/airflow/example_dags/example_bash_decorator.py took 0.218 seconds
[2024-12-22T11:39:33.149+0000] {processor.py:186} INFO - Started process (PID=2399) to work on /home/airflow/.local/lib/python3.12/site-packages/airflow/example_dags/example_bash_decorator.py
[2024-12-22T11:39:33.154+0000] {processor.py:914} INFO - Processing file /home/airflow/.local/lib/python3.12/site-packages/airflow/example_dags/example_bash_decorator.py for tasks to queue
[2024-12-22T11:39:33.161+0000] {logging_mixin.py:190} INFO - [2024-12-22T11:39:33.160+0000] {dagbag.py:588} INFO - Filling up the DagBag from /home/airflow/.local/lib/python3.12/site-packages/airflow/example_dags/example_bash_decorator.py
[2024-12-22T11:39:33.237+0000] {processor.py:925} INFO - DAG(s) 'example_bash_decorator' retrieved from /home/airflow/.local/lib/python3.12/site-packages/airflow/example_dags/example_bash_decorator.py
[2024-12-22T11:39:33.351+0000] {logging_mixin.py:190} INFO - [2024-12-22T11:39:33.350+0000] {dag.py:3239} INFO - Sync 1 DAGs
[2024-12-22T11:39:33.425+0000] {logging_mixin.py:190} INFO - [2024-12-22T11:39:33.424+0000] {dag.py:4180} INFO - Setting next_dagrun for example_bash_decorator to None, run_after=None
[2024-12-22T11:39:34.382+0000] {processor.py:208} INFO - Processing /home/airflow/.local/lib/python3.12/site-packages/airflow/example_dags/example_bash_decorator.py took 1.263 seconds
[2024-12-22T11:40:14.252+0000] {processor.py:186} INFO - Started process (PID=2465) to work on /home/airflow/.local/lib/python3.12/site-packages/airflow/example_dags/example_bash_decorator.py
[2024-12-22T11:40:14.257+0000] {processor.py:914} INFO - Processing file /home/airflow/.local/lib/python3.12/site-packages/airflow/example_dags/example_bash_decorator.py for tasks to queue
[2024-12-22T11:40:14.264+0000] {logging_mixin.py:190} INFO - [2024-12-22T11:40:14.262+0000] {dagbag.py:588} INFO - Filling up the DagBag from /home/airflow/.local/lib/python3.12/site-packages/airflow/example_dags/example_bash_decorator.py
[2024-12-22T11:40:14.327+0000] {processor.py:925} INFO - DAG(s) 'example_bash_decorator' retrieved from /home/airflow/.local/lib/python3.12/site-packages/airflow/example_dags/example_bash_decorator.py
[2024-12-22T11:40:14.388+0000] {logging_mixin.py:190} INFO - [2024-12-22T11:40:14.387+0000] {dag.py:3239} INFO - Sync 1 DAGs
[2024-12-22T11:40:14.429+0000] {logging_mixin.py:190} INFO - [2024-12-22T11:40:14.428+0000] {dag.py:4180} INFO - Setting next_dagrun for example_bash_decorator to None, run_after=None
[2024-12-22T11:40:15.526+0000] {processor.py:208} INFO - Processing /home/airflow/.local/lib/python3.12/site-packages/airflow/example_dags/example_bash_decorator.py took 1.351 seconds
[2024-12-22T11:40:51.269+0000] {processor.py:186} INFO - Started process (PID=2531) to work on /home/airflow/.local/lib/python3.12/site-packages/airflow/example_dags/example_bash_decorator.py
[2024-12-22T11:40:51.272+0000] {processor.py:914} INFO - Processing file /home/airflow/.local/lib/python3.12/site-packages/airflow/example_dags/example_bash_decorator.py for tasks to queue
[2024-12-22T11:40:51.275+0000] {logging_mixin.py:190} INFO - [2024-12-22T11:40:51.274+0000] {dagbag.py:588} INFO - Filling up the DagBag from /home/airflow/.local/lib/python3.12/site-packages/airflow/example_dags/example_bash_decorator.py
[2024-12-22T11:40:51.328+0000] {processor.py:925} INFO - DAG(s) 'example_bash_decorator' retrieved from /home/airflow/.local/lib/python3.12/site-packages/airflow/example_dags/example_bash_decorator.py
[2024-12-22T11:40:51.417+0000] {logging_mixin.py:190} INFO - [2024-12-22T11:40:51.416+0000] {dag.py:3239} INFO - Sync 1 DAGs
[2024-12-22T11:40:51.478+0000] {logging_mixin.py:190} INFO - [2024-12-22T11:40:51.477+0000] {dag.py:4180} INFO - Setting next_dagrun for example_bash_decorator to None, run_after=None
[2024-12-22T11:40:52.491+0000] {processor.py:208} INFO - Processing /home/airflow/.local/lib/python3.12/site-packages/airflow/example_dags/example_bash_decorator.py took 1.240 seconds
[2024-12-22T11:41:26.677+0000] {processor.py:186} INFO - Started process (PID=2595) to work on /home/airflow/.local/lib/python3.12/site-packages/airflow/example_dags/example_bash_decorator.py
[2024-12-22T11:41:26.679+0000] {processor.py:914} INFO - Processing file /home/airflow/.local/lib/python3.12/site-packages/airflow/example_dags/example_bash_decorator.py for tasks to queue
[2024-12-22T11:41:26.682+0000] {logging_mixin.py:190} INFO - [2024-12-22T11:41:26.681+0000] {dagbag.py:588} INFO - Filling up the DagBag from /home/airflow/.local/lib/python3.12/site-packages/airflow/example_dags/example_bash_decorator.py
[2024-12-22T11:41:26.726+0000] {processor.py:925} INFO - DAG(s) 'example_bash_decorator' retrieved from /home/airflow/.local/lib/python3.12/site-packages/airflow/example_dags/example_bash_decorator.py
[2024-12-22T11:41:26.783+0000] {logging_mixin.py:190} INFO - [2024-12-22T11:41:26.782+0000] {dag.py:3239} INFO - Sync 1 DAGs
[2024-12-22T11:41:26.819+0000] {logging_mixin.py:190} INFO - [2024-12-22T11:41:26.819+0000] {dag.py:4180} INFO - Setting next_dagrun for example_bash_decorator to None, run_after=None
[2024-12-22T11:41:26.861+0000] {processor.py:208} INFO - Processing /home/airflow/.local/lib/python3.12/site-packages/airflow/example_dags/example_bash_decorator.py took 0.198 seconds
[2024-12-22T11:43:12.026+0000] {processor.py:186} INFO - Started process (PID=2664) to work on /home/airflow/.local/lib/python3.12/site-packages/airflow/example_dags/example_bash_decorator.py
[2024-12-22T11:43:12.032+0000] {processor.py:914} INFO - Processing file /home/airflow/.local/lib/python3.12/site-packages/airflow/example_dags/example_bash_decorator.py for tasks to queue
[2024-12-22T11:43:12.040+0000] {logging_mixin.py:190} INFO - [2024-12-22T11:43:12.038+0000] {dagbag.py:588} INFO - Filling up the DagBag from /home/airflow/.local/lib/python3.12/site-packages/airflow/example_dags/example_bash_decorator.py
[2024-12-22T11:43:12.127+0000] {processor.py:925} INFO - DAG(s) 'example_bash_decorator' retrieved from /home/airflow/.local/lib/python3.12/site-packages/airflow/example_dags/example_bash_decorator.py
[2024-12-22T11:43:12.233+0000] {logging_mixin.py:190} INFO - [2024-12-22T11:43:12.232+0000] {dag.py:3239} INFO - Sync 1 DAGs
[2024-12-22T11:43:12.277+0000] {logging_mixin.py:190} INFO - [2024-12-22T11:43:12.277+0000] {dag.py:4180} INFO - Setting next_dagrun for example_bash_decorator to None, run_after=None
[2024-12-22T11:43:13.255+0000] {processor.py:208} INFO - Processing /home/airflow/.local/lib/python3.12/site-packages/airflow/example_dags/example_bash_decorator.py took 1.270 seconds
[2024-12-22T11:45:45.700+0000] {processor.py:186} INFO - Started process (PID=2732) to work on /home/airflow/.local/lib/python3.12/site-packages/airflow/example_dags/example_bash_decorator.py
[2024-12-22T11:45:45.703+0000] {processor.py:914} INFO - Processing file /home/airflow/.local/lib/python3.12/site-packages/airflow/example_dags/example_bash_decorator.py for tasks to queue
[2024-12-22T11:45:45.710+0000] {logging_mixin.py:190} INFO - [2024-12-22T11:45:45.709+0000] {dagbag.py:588} INFO - Filling up the DagBag from /home/airflow/.local/lib/python3.12/site-packages/airflow/example_dags/example_bash_decorator.py
[2024-12-22T11:45:45.817+0000] {processor.py:925} INFO - DAG(s) 'example_bash_decorator' retrieved from /home/airflow/.local/lib/python3.12/site-packages/airflow/example_dags/example_bash_decorator.py
[2024-12-22T11:45:46.009+0000] {logging_mixin.py:190} INFO - [2024-12-22T11:45:46.008+0000] {dag.py:3239} INFO - Sync 1 DAGs
[2024-12-22T11:45:46.197+0000] {logging_mixin.py:190} INFO - [2024-12-22T11:45:46.196+0000] {dag.py:4180} INFO - Setting next_dagrun for example_bash_decorator to None, run_after=None
[2024-12-22T11:45:46.306+0000] {processor.py:208} INFO - Processing /home/airflow/.local/lib/python3.12/site-packages/airflow/example_dags/example_bash_decorator.py took 0.660 seconds
[2024-12-22T11:50:04.359+0000] {processor.py:186} INFO - Started process (PID=79) to work on /home/airflow/.local/lib/python3.12/site-packages/airflow/example_dags/example_bash_decorator.py
[2024-12-22T11:50:04.361+0000] {processor.py:914} INFO - Processing file /home/airflow/.local/lib/python3.12/site-packages/airflow/example_dags/example_bash_decorator.py for tasks to queue
[2024-12-22T11:50:04.365+0000] {logging_mixin.py:190} INFO - [2024-12-22T11:50:04.365+0000] {dagbag.py:588} INFO - Filling up the DagBag from /home/airflow/.local/lib/python3.12/site-packages/airflow/example_dags/example_bash_decorator.py
[2024-12-22T11:50:04.388+0000] {processor.py:925} INFO - DAG(s) 'example_bash_decorator' retrieved from /home/airflow/.local/lib/python3.12/site-packages/airflow/example_dags/example_bash_decorator.py
[2024-12-22T11:50:04.558+0000] {logging_mixin.py:190} INFO - [2024-12-22T11:50:04.557+0000] {dag.py:3239} INFO - Sync 1 DAGs
[2024-12-22T11:50:04.580+0000] {logging_mixin.py:190} INFO - [2024-12-22T11:50:04.580+0000] {dag.py:4180} INFO - Setting next_dagrun for example_bash_decorator to None, run_after=None
[2024-12-22T11:50:04.609+0000] {processor.py:208} INFO - Processing /home/airflow/.local/lib/python3.12/site-packages/airflow/example_dags/example_bash_decorator.py took 0.260 seconds
[2024-12-22T11:50:35.998+0000] {processor.py:186} INFO - Started process (PID=144) to work on /home/airflow/.local/lib/python3.12/site-packages/airflow/example_dags/example_bash_decorator.py
[2024-12-22T11:50:35.999+0000] {processor.py:914} INFO - Processing file /home/airflow/.local/lib/python3.12/site-packages/airflow/example_dags/example_bash_decorator.py for tasks to queue
[2024-12-22T11:50:36.003+0000] {logging_mixin.py:190} INFO - [2024-12-22T11:50:36.002+0000] {dagbag.py:588} INFO - Filling up the DagBag from /home/airflow/.local/lib/python3.12/site-packages/airflow/example_dags/example_bash_decorator.py
[2024-12-22T11:50:36.027+0000] {processor.py:925} INFO - DAG(s) 'example_bash_decorator' retrieved from /home/airflow/.local/lib/python3.12/site-packages/airflow/example_dags/example_bash_decorator.py
[2024-12-22T11:50:36.064+0000] {logging_mixin.py:190} INFO - [2024-12-22T11:50:36.064+0000] {dag.py:3239} INFO - Sync 1 DAGs
[2024-12-22T11:50:36.087+0000] {logging_mixin.py:190} INFO - [2024-12-22T11:50:36.087+0000] {dag.py:4180} INFO - Setting next_dagrun for example_bash_decorator to None, run_after=None
[2024-12-22T11:50:36.111+0000] {processor.py:208} INFO - Processing /home/airflow/.local/lib/python3.12/site-packages/airflow/example_dags/example_bash_decorator.py took 0.123 seconds
[2024-12-22T11:51:14.858+0000] {processor.py:186} INFO - Started process (PID=209) to work on /home/airflow/.local/lib/python3.12/site-packages/airflow/example_dags/example_bash_decorator.py
[2024-12-22T11:51:14.860+0000] {processor.py:914} INFO - Processing file /home/airflow/.local/lib/python3.12/site-packages/airflow/example_dags/example_bash_decorator.py for tasks to queue
[2024-12-22T11:51:14.863+0000] {logging_mixin.py:190} INFO - [2024-12-22T11:51:14.862+0000] {dagbag.py:588} INFO - Filling up the DagBag from /home/airflow/.local/lib/python3.12/site-packages/airflow/example_dags/example_bash_decorator.py
[2024-12-22T11:51:14.880+0000] {processor.py:925} INFO - DAG(s) 'example_bash_decorator' retrieved from /home/airflow/.local/lib/python3.12/site-packages/airflow/example_dags/example_bash_decorator.py
[2024-12-22T11:51:14.908+0000] {logging_mixin.py:190} INFO - [2024-12-22T11:51:14.907+0000] {dag.py:3239} INFO - Sync 1 DAGs
[2024-12-22T11:51:14.925+0000] {logging_mixin.py:190} INFO - [2024-12-22T11:51:14.924+0000] {dag.py:4180} INFO - Setting next_dagrun for example_bash_decorator to None, run_after=None
[2024-12-22T11:51:14.947+0000] {processor.py:208} INFO - Processing /home/airflow/.local/lib/python3.12/site-packages/airflow/example_dags/example_bash_decorator.py took 0.098 seconds
[2024-12-22T11:51:46.533+0000] {processor.py:186} INFO - Started process (PID=274) to work on /home/airflow/.local/lib/python3.12/site-packages/airflow/example_dags/example_bash_decorator.py
[2024-12-22T11:51:46.534+0000] {processor.py:914} INFO - Processing file /home/airflow/.local/lib/python3.12/site-packages/airflow/example_dags/example_bash_decorator.py for tasks to queue
[2024-12-22T11:51:46.537+0000] {logging_mixin.py:190} INFO - [2024-12-22T11:51:46.536+0000] {dagbag.py:588} INFO - Filling up the DagBag from /home/airflow/.local/lib/python3.12/site-packages/airflow/example_dags/example_bash_decorator.py
[2024-12-22T11:51:46.554+0000] {processor.py:925} INFO - DAG(s) 'example_bash_decorator' retrieved from /home/airflow/.local/lib/python3.12/site-packages/airflow/example_dags/example_bash_decorator.py
[2024-12-22T11:51:46.580+0000] {logging_mixin.py:190} INFO - [2024-12-22T11:51:46.579+0000] {dag.py:3239} INFO - Sync 1 DAGs
[2024-12-22T11:51:46.596+0000] {logging_mixin.py:190} INFO - [2024-12-22T11:51:46.596+0000] {dag.py:4180} INFO - Setting next_dagrun for example_bash_decorator to None, run_after=None
[2024-12-22T11:51:46.615+0000] {processor.py:208} INFO - Processing /home/airflow/.local/lib/python3.12/site-packages/airflow/example_dags/example_bash_decorator.py took 0.089 seconds
[2024-12-22T11:52:17.778+0000] {processor.py:186} INFO - Started process (PID=345) to work on /home/airflow/.local/lib/python3.12/site-packages/airflow/example_dags/example_bash_decorator.py
[2024-12-22T11:52:17.780+0000] {processor.py:914} INFO - Processing file /home/airflow/.local/lib/python3.12/site-packages/airflow/example_dags/example_bash_decorator.py for tasks to queue
[2024-12-22T11:52:17.782+0000] {logging_mixin.py:190} INFO - [2024-12-22T11:52:17.782+0000] {dagbag.py:588} INFO - Filling up the DagBag from /home/airflow/.local/lib/python3.12/site-packages/airflow/example_dags/example_bash_decorator.py
[2024-12-22T11:52:17.802+0000] {processor.py:925} INFO - DAG(s) 'example_bash_decorator' retrieved from /home/airflow/.local/lib/python3.12/site-packages/airflow/example_dags/example_bash_decorator.py
[2024-12-22T11:52:17.838+0000] {logging_mixin.py:190} INFO - [2024-12-22T11:52:17.838+0000] {dag.py:3239} INFO - Sync 1 DAGs
[2024-12-22T11:52:17.861+0000] {logging_mixin.py:190} INFO - [2024-12-22T11:52:17.860+0000] {dag.py:4180} INFO - Setting next_dagrun for example_bash_decorator to None, run_after=None
[2024-12-22T11:52:17.885+0000] {processor.py:208} INFO - Processing /home/airflow/.local/lib/python3.12/site-packages/airflow/example_dags/example_bash_decorator.py took 0.116 seconds
[2024-12-22T11:52:49.578+0000] {processor.py:186} INFO - Started process (PID=410) to work on /home/airflow/.local/lib/python3.12/site-packages/airflow/example_dags/example_bash_decorator.py
[2024-12-22T11:52:49.580+0000] {processor.py:914} INFO - Processing file /home/airflow/.local/lib/python3.12/site-packages/airflow/example_dags/example_bash_decorator.py for tasks to queue
[2024-12-22T11:52:49.582+0000] {logging_mixin.py:190} INFO - [2024-12-22T11:52:49.582+0000] {dagbag.py:588} INFO - Filling up the DagBag from /home/airflow/.local/lib/python3.12/site-packages/airflow/example_dags/example_bash_decorator.py
[2024-12-22T11:52:49.601+0000] {processor.py:925} INFO - DAG(s) 'example_bash_decorator' retrieved from /home/airflow/.local/lib/python3.12/site-packages/airflow/example_dags/example_bash_decorator.py
[2024-12-22T11:52:49.636+0000] {logging_mixin.py:190} INFO - [2024-12-22T11:52:49.635+0000] {dag.py:3239} INFO - Sync 1 DAGs
[2024-12-22T11:52:49.664+0000] {logging_mixin.py:190} INFO - [2024-12-22T11:52:49.663+0000] {dag.py:4180} INFO - Setting next_dagrun for example_bash_decorator to None, run_after=None
[2024-12-22T11:52:49.688+0000] {processor.py:208} INFO - Processing /home/airflow/.local/lib/python3.12/site-packages/airflow/example_dags/example_bash_decorator.py took 0.118 seconds
[2024-12-22T11:53:20.901+0000] {processor.py:186} INFO - Started process (PID=475) to work on /home/airflow/.local/lib/python3.12/site-packages/airflow/example_dags/example_bash_decorator.py
[2024-12-22T11:53:20.902+0000] {processor.py:914} INFO - Processing file /home/airflow/.local/lib/python3.12/site-packages/airflow/example_dags/example_bash_decorator.py for tasks to queue
[2024-12-22T11:53:20.906+0000] {logging_mixin.py:190} INFO - [2024-12-22T11:53:20.905+0000] {dagbag.py:588} INFO - Filling up the DagBag from /home/airflow/.local/lib/python3.12/site-packages/airflow/example_dags/example_bash_decorator.py
[2024-12-22T11:53:20.925+0000] {processor.py:925} INFO - DAG(s) 'example_bash_decorator' retrieved from /home/airflow/.local/lib/python3.12/site-packages/airflow/example_dags/example_bash_decorator.py
[2024-12-22T11:53:20.956+0000] {logging_mixin.py:190} INFO - [2024-12-22T11:53:20.956+0000] {dag.py:3239} INFO - Sync 1 DAGs
[2024-12-22T11:53:20.976+0000] {logging_mixin.py:190} INFO - [2024-12-22T11:53:20.976+0000] {dag.py:4180} INFO - Setting next_dagrun for example_bash_decorator to None, run_after=None
[2024-12-22T11:53:20.999+0000] {processor.py:208} INFO - Processing /home/airflow/.local/lib/python3.12/site-packages/airflow/example_dags/example_bash_decorator.py took 0.106 seconds
[2024-12-22T11:53:52.867+0000] {processor.py:186} INFO - Started process (PID=540) to work on /home/airflow/.local/lib/python3.12/site-packages/airflow/example_dags/example_bash_decorator.py
[2024-12-22T11:53:52.869+0000] {processor.py:914} INFO - Processing file /home/airflow/.local/lib/python3.12/site-packages/airflow/example_dags/example_bash_decorator.py for tasks to queue
[2024-12-22T11:53:52.874+0000] {logging_mixin.py:190} INFO - [2024-12-22T11:53:52.873+0000] {dagbag.py:588} INFO - Filling up the DagBag from /home/airflow/.local/lib/python3.12/site-packages/airflow/example_dags/example_bash_decorator.py
[2024-12-22T11:53:52.910+0000] {processor.py:925} INFO - DAG(s) 'example_bash_decorator' retrieved from /home/airflow/.local/lib/python3.12/site-packages/airflow/example_dags/example_bash_decorator.py
[2024-12-22T11:53:52.971+0000] {logging_mixin.py:190} INFO - [2024-12-22T11:53:52.971+0000] {dag.py:3239} INFO - Sync 1 DAGs
[2024-12-22T11:53:53.003+0000] {logging_mixin.py:190} INFO - [2024-12-22T11:53:53.003+0000] {dag.py:4180} INFO - Setting next_dagrun for example_bash_decorator to None, run_after=None
[2024-12-22T11:53:53.039+0000] {processor.py:208} INFO - Processing /home/airflow/.local/lib/python3.12/site-packages/airflow/example_dags/example_bash_decorator.py took 0.187 seconds
[2024-12-22T11:54:25.281+0000] {processor.py:186} INFO - Started process (PID=605) to work on /home/airflow/.local/lib/python3.12/site-packages/airflow/example_dags/example_bash_decorator.py
[2024-12-22T11:54:25.293+0000] {processor.py:914} INFO - Processing file /home/airflow/.local/lib/python3.12/site-packages/airflow/example_dags/example_bash_decorator.py for tasks to queue
[2024-12-22T11:54:25.296+0000] {logging_mixin.py:190} INFO - [2024-12-22T11:54:25.296+0000] {dagbag.py:588} INFO - Filling up the DagBag from /home/airflow/.local/lib/python3.12/site-packages/airflow/example_dags/example_bash_decorator.py
[2024-12-22T11:54:25.318+0000] {processor.py:925} INFO - DAG(s) 'example_bash_decorator' retrieved from /home/airflow/.local/lib/python3.12/site-packages/airflow/example_dags/example_bash_decorator.py
[2024-12-22T11:54:25.345+0000] {logging_mixin.py:190} INFO - [2024-12-22T11:54:25.345+0000] {dag.py:3239} INFO - Sync 1 DAGs
[2024-12-22T11:54:25.363+0000] {logging_mixin.py:190} INFO - [2024-12-22T11:54:25.363+0000] {dag.py:4180} INFO - Setting next_dagrun for example_bash_decorator to None, run_after=None
[2024-12-22T11:54:25.387+0000] {processor.py:208} INFO - Processing /home/airflow/.local/lib/python3.12/site-packages/airflow/example_dags/example_bash_decorator.py took 0.113 seconds
[2024-12-22T11:54:56.821+0000] {processor.py:186} INFO - Started process (PID=670) to work on /home/airflow/.local/lib/python3.12/site-packages/airflow/example_dags/example_bash_decorator.py
[2024-12-22T11:54:56.822+0000] {processor.py:914} INFO - Processing file /home/airflow/.local/lib/python3.12/site-packages/airflow/example_dags/example_bash_decorator.py for tasks to queue
[2024-12-22T11:54:56.825+0000] {logging_mixin.py:190} INFO - [2024-12-22T11:54:56.825+0000] {dagbag.py:588} INFO - Filling up the DagBag from /home/airflow/.local/lib/python3.12/site-packages/airflow/example_dags/example_bash_decorator.py
[2024-12-22T11:54:56.844+0000] {processor.py:925} INFO - DAG(s) 'example_bash_decorator' retrieved from /home/airflow/.local/lib/python3.12/site-packages/airflow/example_dags/example_bash_decorator.py
[2024-12-22T11:54:56.874+0000] {logging_mixin.py:190} INFO - [2024-12-22T11:54:56.874+0000] {dag.py:3239} INFO - Sync 1 DAGs
[2024-12-22T11:54:56.892+0000] {logging_mixin.py:190} INFO - [2024-12-22T11:54:56.892+0000] {dag.py:4180} INFO - Setting next_dagrun for example_bash_decorator to None, run_after=None
[2024-12-22T11:54:56.915+0000] {processor.py:208} INFO - Processing /home/airflow/.local/lib/python3.12/site-packages/airflow/example_dags/example_bash_decorator.py took 0.101 seconds
[2024-12-22T11:56:35.114+0000] {processor.py:186} INFO - Started process (PID=75) to work on /home/airflow/.local/lib/python3.12/site-packages/airflow/example_dags/example_bash_decorator.py
[2024-12-22T11:56:35.116+0000] {processor.py:914} INFO - Processing file /home/airflow/.local/lib/python3.12/site-packages/airflow/example_dags/example_bash_decorator.py for tasks to queue
[2024-12-22T11:56:35.120+0000] {logging_mixin.py:190} INFO - [2024-12-22T11:56:35.120+0000] {dagbag.py:588} INFO - Filling up the DagBag from /home/airflow/.local/lib/python3.12/site-packages/airflow/example_dags/example_bash_decorator.py
[2024-12-22T11:56:35.148+0000] {processor.py:925} INFO - DAG(s) 'example_bash_decorator' retrieved from /home/airflow/.local/lib/python3.12/site-packages/airflow/example_dags/example_bash_decorator.py
[2024-12-22T11:56:35.324+0000] {logging_mixin.py:190} INFO - [2024-12-22T11:56:35.324+0000] {dag.py:3239} INFO - Sync 1 DAGs
[2024-12-22T11:56:35.342+0000] {logging_mixin.py:190} INFO - [2024-12-22T11:56:35.342+0000] {dag.py:4180} INFO - Setting next_dagrun for example_bash_decorator to None, run_after=None
[2024-12-22T11:56:35.369+0000] {processor.py:208} INFO - Processing /home/airflow/.local/lib/python3.12/site-packages/airflow/example_dags/example_bash_decorator.py took 0.265 seconds
[2024-12-22T11:57:08.090+0000] {processor.py:186} INFO - Started process (PID=147) to work on /home/airflow/.local/lib/python3.12/site-packages/airflow/example_dags/example_bash_decorator.py
[2024-12-22T11:57:08.101+0000] {processor.py:914} INFO - Processing file /home/airflow/.local/lib/python3.12/site-packages/airflow/example_dags/example_bash_decorator.py for tasks to queue
[2024-12-22T11:57:08.106+0000] {logging_mixin.py:190} INFO - [2024-12-22T11:57:08.105+0000] {dagbag.py:588} INFO - Filling up the DagBag from /home/airflow/.local/lib/python3.12/site-packages/airflow/example_dags/example_bash_decorator.py
[2024-12-22T11:57:08.137+0000] {processor.py:925} INFO - DAG(s) 'example_bash_decorator' retrieved from /home/airflow/.local/lib/python3.12/site-packages/airflow/example_dags/example_bash_decorator.py
[2024-12-22T11:57:08.180+0000] {logging_mixin.py:190} INFO - [2024-12-22T11:57:08.180+0000] {dag.py:3239} INFO - Sync 1 DAGs
[2024-12-22T11:57:08.220+0000] {logging_mixin.py:190} INFO - [2024-12-22T11:57:08.219+0000] {dag.py:4180} INFO - Setting next_dagrun for example_bash_decorator to None, run_after=None
[2024-12-22T11:57:08.258+0000] {processor.py:208} INFO - Processing /home/airflow/.local/lib/python3.12/site-packages/airflow/example_dags/example_bash_decorator.py took 0.179 seconds
