[2024-12-22T11:17:54.076+0000] {processor.py:186} INFO - Started process (PID=82) to work on /home/airflow/.local/lib/python3.12/site-packages/airflow/example_dags/example_dynamic_task_mapping.py
[2024-12-22T11:17:54.078+0000] {processor.py:914} INFO - Processing file /home/airflow/.local/lib/python3.12/site-packages/airflow/example_dags/example_dynamic_task_mapping.py for tasks to queue
[2024-12-22T11:17:54.086+0000] {logging_mixin.py:190} INFO - [2024-12-22T11:17:54.085+0000] {dagbag.py:588} INFO - Filling up the DagBag from /home/airflow/.local/lib/python3.12/site-packages/airflow/example_dags/example_dynamic_task_mapping.py
[2024-12-22T11:17:54.211+0000] {processor.py:925} INFO - DAG(s) 'example_dynamic_task_mapping' retrieved from /home/airflow/.local/lib/python3.12/site-packages/airflow/example_dags/example_dynamic_task_mapping.py
[2024-12-22T11:17:54.376+0000] {logging_mixin.py:190} INFO - [2024-12-22T11:17:54.375+0000] {dag.py:3239} INFO - Sync 1 DAGs
[2024-12-22T11:17:54.448+0000] {logging_mixin.py:190} INFO - [2024-12-22T11:17:54.448+0000] {dag.py:4180} INFO - Setting next_dagrun for example_dynamic_task_mapping to None, run_after=None
[2024-12-22T11:17:54.573+0000] {processor.py:208} INFO - Processing /home/airflow/.local/lib/python3.12/site-packages/airflow/example_dags/example_dynamic_task_mapping.py took 0.512 seconds
[2024-12-22T11:18:27.654+0000] {processor.py:186} INFO - Started process (PID=147) to work on /home/airflow/.local/lib/python3.12/site-packages/airflow/example_dags/example_dynamic_task_mapping.py
[2024-12-22T11:18:27.657+0000] {processor.py:914} INFO - Processing file /home/airflow/.local/lib/python3.12/site-packages/airflow/example_dags/example_dynamic_task_mapping.py for tasks to queue
[2024-12-22T11:18:27.663+0000] {logging_mixin.py:190} INFO - [2024-12-22T11:18:27.662+0000] {dagbag.py:588} INFO - Filling up the DagBag from /home/airflow/.local/lib/python3.12/site-packages/airflow/example_dags/example_dynamic_task_mapping.py
[2024-12-22T11:18:27.685+0000] {processor.py:925} INFO - DAG(s) 'example_dynamic_task_mapping' retrieved from /home/airflow/.local/lib/python3.12/site-packages/airflow/example_dags/example_dynamic_task_mapping.py
[2024-12-22T11:18:27.729+0000] {logging_mixin.py:190} INFO - [2024-12-22T11:18:27.728+0000] {dag.py:3239} INFO - Sync 1 DAGs
[2024-12-22T11:18:27.781+0000] {logging_mixin.py:190} INFO - [2024-12-22T11:18:27.781+0000] {dag.py:4180} INFO - Setting next_dagrun for example_dynamic_task_mapping to None, run_after=None
[2024-12-22T11:18:27.832+0000] {processor.py:208} INFO - Processing /home/airflow/.local/lib/python3.12/site-packages/airflow/example_dags/example_dynamic_task_mapping.py took 0.192 seconds
[2024-12-22T11:19:03.653+0000] {processor.py:186} INFO - Started process (PID=218) to work on /home/airflow/.local/lib/python3.12/site-packages/airflow/example_dags/example_dynamic_task_mapping.py
[2024-12-22T11:19:03.656+0000] {processor.py:914} INFO - Processing file /home/airflow/.local/lib/python3.12/site-packages/airflow/example_dags/example_dynamic_task_mapping.py for tasks to queue
[2024-12-22T11:19:03.664+0000] {logging_mixin.py:190} INFO - [2024-12-22T11:19:03.663+0000] {dagbag.py:588} INFO - Filling up the DagBag from /home/airflow/.local/lib/python3.12/site-packages/airflow/example_dags/example_dynamic_task_mapping.py
[2024-12-22T11:19:03.751+0000] {processor.py:925} INFO - DAG(s) 'example_dynamic_task_mapping' retrieved from /home/airflow/.local/lib/python3.12/site-packages/airflow/example_dags/example_dynamic_task_mapping.py
[2024-12-22T11:19:03.796+0000] {logging_mixin.py:190} INFO - [2024-12-22T11:19:03.795+0000] {dag.py:3239} INFO - Sync 1 DAGs
[2024-12-22T11:19:03.829+0000] {logging_mixin.py:190} INFO - [2024-12-22T11:19:03.828+0000] {dag.py:4180} INFO - Setting next_dagrun for example_dynamic_task_mapping to None, run_after=None
[2024-12-22T11:19:03.871+0000] {processor.py:208} INFO - Processing /home/airflow/.local/lib/python3.12/site-packages/airflow/example_dags/example_dynamic_task_mapping.py took 0.238 seconds
[2024-12-22T11:19:37.008+0000] {processor.py:186} INFO - Started process (PID=284) to work on /home/airflow/.local/lib/python3.12/site-packages/airflow/example_dags/example_dynamic_task_mapping.py
[2024-12-22T11:19:37.014+0000] {processor.py:914} INFO - Processing file /home/airflow/.local/lib/python3.12/site-packages/airflow/example_dags/example_dynamic_task_mapping.py for tasks to queue
[2024-12-22T11:19:37.021+0000] {logging_mixin.py:190} INFO - [2024-12-22T11:19:37.020+0000] {dagbag.py:588} INFO - Filling up the DagBag from /home/airflow/.local/lib/python3.12/site-packages/airflow/example_dags/example_dynamic_task_mapping.py
[2024-12-22T11:19:37.048+0000] {processor.py:925} INFO - DAG(s) 'example_dynamic_task_mapping' retrieved from /home/airflow/.local/lib/python3.12/site-packages/airflow/example_dags/example_dynamic_task_mapping.py
[2024-12-22T11:19:37.144+0000] {logging_mixin.py:190} INFO - [2024-12-22T11:19:37.143+0000] {dag.py:3239} INFO - Sync 1 DAGs
[2024-12-22T11:19:37.213+0000] {logging_mixin.py:190} INFO - [2024-12-22T11:19:37.212+0000] {dag.py:4180} INFO - Setting next_dagrun for example_dynamic_task_mapping to None, run_after=None
[2024-12-22T11:19:37.277+0000] {processor.py:208} INFO - Processing /home/airflow/.local/lib/python3.12/site-packages/airflow/example_dags/example_dynamic_task_mapping.py took 0.292 seconds
[2024-12-22T11:20:12.913+0000] {processor.py:186} INFO - Started process (PID=350) to work on /home/airflow/.local/lib/python3.12/site-packages/airflow/example_dags/example_dynamic_task_mapping.py
[2024-12-22T11:20:12.916+0000] {processor.py:914} INFO - Processing file /home/airflow/.local/lib/python3.12/site-packages/airflow/example_dags/example_dynamic_task_mapping.py for tasks to queue
[2024-12-22T11:20:12.923+0000] {logging_mixin.py:190} INFO - [2024-12-22T11:20:12.922+0000] {dagbag.py:588} INFO - Filling up the DagBag from /home/airflow/.local/lib/python3.12/site-packages/airflow/example_dags/example_dynamic_task_mapping.py
[2024-12-22T11:20:12.949+0000] {processor.py:925} INFO - DAG(s) 'example_dynamic_task_mapping' retrieved from /home/airflow/.local/lib/python3.12/site-packages/airflow/example_dags/example_dynamic_task_mapping.py
[2024-12-22T11:20:12.995+0000] {logging_mixin.py:190} INFO - [2024-12-22T11:20:12.994+0000] {dag.py:3239} INFO - Sync 1 DAGs
[2024-12-22T11:20:13.031+0000] {logging_mixin.py:190} INFO - [2024-12-22T11:20:13.030+0000] {dag.py:4180} INFO - Setting next_dagrun for example_dynamic_task_mapping to None, run_after=None
[2024-12-22T11:20:14.103+0000] {processor.py:208} INFO - Processing /home/airflow/.local/lib/python3.12/site-packages/airflow/example_dags/example_dynamic_task_mapping.py took 1.218 seconds
[2024-12-22T11:20:45.471+0000] {processor.py:186} INFO - Started process (PID=415) to work on /home/airflow/.local/lib/python3.12/site-packages/airflow/example_dags/example_dynamic_task_mapping.py
[2024-12-22T11:20:45.473+0000] {processor.py:914} INFO - Processing file /home/airflow/.local/lib/python3.12/site-packages/airflow/example_dags/example_dynamic_task_mapping.py for tasks to queue
[2024-12-22T11:20:45.480+0000] {logging_mixin.py:190} INFO - [2024-12-22T11:20:45.479+0000] {dagbag.py:588} INFO - Filling up the DagBag from /home/airflow/.local/lib/python3.12/site-packages/airflow/example_dags/example_dynamic_task_mapping.py
[2024-12-22T11:20:45.505+0000] {processor.py:925} INFO - DAG(s) 'example_dynamic_task_mapping' retrieved from /home/airflow/.local/lib/python3.12/site-packages/airflow/example_dags/example_dynamic_task_mapping.py
[2024-12-22T11:20:45.546+0000] {logging_mixin.py:190} INFO - [2024-12-22T11:20:45.546+0000] {dag.py:3239} INFO - Sync 1 DAGs
[2024-12-22T11:20:45.586+0000] {logging_mixin.py:190} INFO - [2024-12-22T11:20:45.586+0000] {dag.py:4180} INFO - Setting next_dagrun for example_dynamic_task_mapping to None, run_after=None
[2024-12-22T11:20:45.625+0000] {processor.py:208} INFO - Processing /home/airflow/.local/lib/python3.12/site-packages/airflow/example_dags/example_dynamic_task_mapping.py took 0.174 seconds
[2024-12-22T11:21:24.891+0000] {processor.py:186} INFO - Started process (PID=480) to work on /home/airflow/.local/lib/python3.12/site-packages/airflow/example_dags/example_dynamic_task_mapping.py
[2024-12-22T11:21:24.897+0000] {processor.py:914} INFO - Processing file /home/airflow/.local/lib/python3.12/site-packages/airflow/example_dags/example_dynamic_task_mapping.py for tasks to queue
[2024-12-22T11:21:24.910+0000] {logging_mixin.py:190} INFO - [2024-12-22T11:21:24.908+0000] {dagbag.py:588} INFO - Filling up the DagBag from /home/airflow/.local/lib/python3.12/site-packages/airflow/example_dags/example_dynamic_task_mapping.py
[2024-12-22T11:21:24.953+0000] {processor.py:925} INFO - DAG(s) 'example_dynamic_task_mapping' retrieved from /home/airflow/.local/lib/python3.12/site-packages/airflow/example_dags/example_dynamic_task_mapping.py
[2024-12-22T11:21:25.053+0000] {logging_mixin.py:190} INFO - [2024-12-22T11:21:25.051+0000] {dag.py:3239} INFO - Sync 1 DAGs
[2024-12-22T11:21:25.121+0000] {logging_mixin.py:190} INFO - [2024-12-22T11:21:25.120+0000] {dag.py:4180} INFO - Setting next_dagrun for example_dynamic_task_mapping to None, run_after=None
[2024-12-22T11:21:25.482+0000] {processor.py:208} INFO - Processing /home/airflow/.local/lib/python3.12/site-packages/airflow/example_dags/example_dynamic_task_mapping.py took 0.619 seconds
[2024-12-22T11:21:57.300+0000] {processor.py:186} INFO - Started process (PID=546) to work on /home/airflow/.local/lib/python3.12/site-packages/airflow/example_dags/example_dynamic_task_mapping.py
[2024-12-22T11:21:57.303+0000] {processor.py:914} INFO - Processing file /home/airflow/.local/lib/python3.12/site-packages/airflow/example_dags/example_dynamic_task_mapping.py for tasks to queue
[2024-12-22T11:21:57.309+0000] {logging_mixin.py:190} INFO - [2024-12-22T11:21:57.308+0000] {dagbag.py:588} INFO - Filling up the DagBag from /home/airflow/.local/lib/python3.12/site-packages/airflow/example_dags/example_dynamic_task_mapping.py
[2024-12-22T11:21:57.336+0000] {processor.py:925} INFO - DAG(s) 'example_dynamic_task_mapping' retrieved from /home/airflow/.local/lib/python3.12/site-packages/airflow/example_dags/example_dynamic_task_mapping.py
[2024-12-22T11:21:57.386+0000] {logging_mixin.py:190} INFO - [2024-12-22T11:21:57.385+0000] {dag.py:3239} INFO - Sync 1 DAGs
[2024-12-22T11:21:57.438+0000] {logging_mixin.py:190} INFO - [2024-12-22T11:21:57.437+0000] {dag.py:4180} INFO - Setting next_dagrun for example_dynamic_task_mapping to None, run_after=None
[2024-12-22T11:21:58.305+0000] {processor.py:208} INFO - Processing /home/airflow/.local/lib/python3.12/site-packages/airflow/example_dags/example_dynamic_task_mapping.py took 1.033 seconds
[2024-12-22T11:22:30.586+0000] {processor.py:186} INFO - Started process (PID=611) to work on /home/airflow/.local/lib/python3.12/site-packages/airflow/example_dags/example_dynamic_task_mapping.py
[2024-12-22T11:22:30.589+0000] {processor.py:914} INFO - Processing file /home/airflow/.local/lib/python3.12/site-packages/airflow/example_dags/example_dynamic_task_mapping.py for tasks to queue
[2024-12-22T11:22:30.595+0000] {logging_mixin.py:190} INFO - [2024-12-22T11:22:30.594+0000] {dagbag.py:588} INFO - Filling up the DagBag from /home/airflow/.local/lib/python3.12/site-packages/airflow/example_dags/example_dynamic_task_mapping.py
[2024-12-22T11:22:30.618+0000] {processor.py:925} INFO - DAG(s) 'example_dynamic_task_mapping' retrieved from /home/airflow/.local/lib/python3.12/site-packages/airflow/example_dags/example_dynamic_task_mapping.py
[2024-12-22T11:22:30.658+0000] {logging_mixin.py:190} INFO - [2024-12-22T11:22:30.657+0000] {dag.py:3239} INFO - Sync 1 DAGs
[2024-12-22T11:22:30.692+0000] {logging_mixin.py:190} INFO - [2024-12-22T11:22:30.692+0000] {dag.py:4180} INFO - Setting next_dagrun for example_dynamic_task_mapping to None, run_after=None
[2024-12-22T11:22:30.729+0000] {processor.py:208} INFO - Processing /home/airflow/.local/lib/python3.12/site-packages/airflow/example_dags/example_dynamic_task_mapping.py took 0.161 seconds
[2024-12-22T11:23:14.946+0000] {processor.py:186} INFO - Started process (PID=681) to work on /home/airflow/.local/lib/python3.12/site-packages/airflow/example_dags/example_dynamic_task_mapping.py
[2024-12-22T11:23:14.949+0000] {processor.py:914} INFO - Processing file /home/airflow/.local/lib/python3.12/site-packages/airflow/example_dags/example_dynamic_task_mapping.py for tasks to queue
[2024-12-22T11:23:14.956+0000] {logging_mixin.py:190} INFO - [2024-12-22T11:23:14.955+0000] {dagbag.py:588} INFO - Filling up the DagBag from /home/airflow/.local/lib/python3.12/site-packages/airflow/example_dags/example_dynamic_task_mapping.py
[2024-12-22T11:23:14.977+0000] {processor.py:925} INFO - DAG(s) 'example_dynamic_task_mapping' retrieved from /home/airflow/.local/lib/python3.12/site-packages/airflow/example_dags/example_dynamic_task_mapping.py
[2024-12-22T11:23:15.023+0000] {logging_mixin.py:190} INFO - [2024-12-22T11:23:15.023+0000] {dag.py:3239} INFO - Sync 1 DAGs
[2024-12-22T11:23:15.066+0000] {logging_mixin.py:190} INFO - [2024-12-22T11:23:15.065+0000] {dag.py:4180} INFO - Setting next_dagrun for example_dynamic_task_mapping to None, run_after=None
[2024-12-22T11:23:15.108+0000] {processor.py:208} INFO - Processing /home/airflow/.local/lib/python3.12/site-packages/airflow/example_dags/example_dynamic_task_mapping.py took 0.178 seconds
[2024-12-22T11:23:46.802+0000] {processor.py:186} INFO - Started process (PID=745) to work on /home/airflow/.local/lib/python3.12/site-packages/airflow/example_dags/example_dynamic_task_mapping.py
[2024-12-22T11:23:46.805+0000] {processor.py:914} INFO - Processing file /home/airflow/.local/lib/python3.12/site-packages/airflow/example_dags/example_dynamic_task_mapping.py for tasks to queue
[2024-12-22T11:23:46.811+0000] {logging_mixin.py:190} INFO - [2024-12-22T11:23:46.810+0000] {dagbag.py:588} INFO - Filling up the DagBag from /home/airflow/.local/lib/python3.12/site-packages/airflow/example_dags/example_dynamic_task_mapping.py
[2024-12-22T11:23:46.836+0000] {processor.py:925} INFO - DAG(s) 'example_dynamic_task_mapping' retrieved from /home/airflow/.local/lib/python3.12/site-packages/airflow/example_dags/example_dynamic_task_mapping.py
[2024-12-22T11:23:46.886+0000] {logging_mixin.py:190} INFO - [2024-12-22T11:23:46.885+0000] {dag.py:3239} INFO - Sync 1 DAGs
[2024-12-22T11:23:46.946+0000] {logging_mixin.py:190} INFO - [2024-12-22T11:23:46.946+0000] {dag.py:4180} INFO - Setting next_dagrun for example_dynamic_task_mapping to None, run_after=None
[2024-12-22T11:23:46.994+0000] {processor.py:208} INFO - Processing /home/airflow/.local/lib/python3.12/site-packages/airflow/example_dags/example_dynamic_task_mapping.py took 0.209 seconds
[2024-12-22T11:24:18.464+0000] {processor.py:186} INFO - Started process (PID=810) to work on /home/airflow/.local/lib/python3.12/site-packages/airflow/example_dags/example_dynamic_task_mapping.py
[2024-12-22T11:24:18.466+0000] {processor.py:914} INFO - Processing file /home/airflow/.local/lib/python3.12/site-packages/airflow/example_dags/example_dynamic_task_mapping.py for tasks to queue
[2024-12-22T11:24:18.473+0000] {logging_mixin.py:190} INFO - [2024-12-22T11:24:18.473+0000] {dagbag.py:588} INFO - Filling up the DagBag from /home/airflow/.local/lib/python3.12/site-packages/airflow/example_dags/example_dynamic_task_mapping.py
[2024-12-22T11:24:18.496+0000] {processor.py:925} INFO - DAG(s) 'example_dynamic_task_mapping' retrieved from /home/airflow/.local/lib/python3.12/site-packages/airflow/example_dags/example_dynamic_task_mapping.py
[2024-12-22T11:24:18.545+0000] {logging_mixin.py:190} INFO - [2024-12-22T11:24:18.545+0000] {dag.py:3239} INFO - Sync 1 DAGs
[2024-12-22T11:24:18.581+0000] {logging_mixin.py:190} INFO - [2024-12-22T11:24:18.581+0000] {dag.py:4180} INFO - Setting next_dagrun for example_dynamic_task_mapping to None, run_after=None
[2024-12-22T11:24:18.628+0000] {processor.py:208} INFO - Processing /home/airflow/.local/lib/python3.12/site-packages/airflow/example_dags/example_dynamic_task_mapping.py took 0.182 seconds
[2024-12-22T11:24:50.001+0000] {processor.py:186} INFO - Started process (PID=874) to work on /home/airflow/.local/lib/python3.12/site-packages/airflow/example_dags/example_dynamic_task_mapping.py
[2024-12-22T11:24:50.004+0000] {processor.py:914} INFO - Processing file /home/airflow/.local/lib/python3.12/site-packages/airflow/example_dags/example_dynamic_task_mapping.py for tasks to queue
[2024-12-22T11:24:50.011+0000] {logging_mixin.py:190} INFO - [2024-12-22T11:24:50.010+0000] {dagbag.py:588} INFO - Filling up the DagBag from /home/airflow/.local/lib/python3.12/site-packages/airflow/example_dags/example_dynamic_task_mapping.py
[2024-12-22T11:24:50.035+0000] {processor.py:925} INFO - DAG(s) 'example_dynamic_task_mapping' retrieved from /home/airflow/.local/lib/python3.12/site-packages/airflow/example_dags/example_dynamic_task_mapping.py
[2024-12-22T11:24:50.079+0000] {logging_mixin.py:190} INFO - [2024-12-22T11:24:50.078+0000] {dag.py:3239} INFO - Sync 1 DAGs
[2024-12-22T11:24:50.128+0000] {logging_mixin.py:190} INFO - [2024-12-22T11:24:50.127+0000] {dag.py:4180} INFO - Setting next_dagrun for example_dynamic_task_mapping to None, run_after=None
[2024-12-22T11:24:50.170+0000] {processor.py:208} INFO - Processing /home/airflow/.local/lib/python3.12/site-packages/airflow/example_dags/example_dynamic_task_mapping.py took 0.187 seconds
[2024-12-22T11:25:22.881+0000] {processor.py:186} INFO - Started process (PID=932) to work on /home/airflow/.local/lib/python3.12/site-packages/airflow/example_dags/example_dynamic_task_mapping.py
[2024-12-22T11:25:22.883+0000] {processor.py:914} INFO - Processing file /home/airflow/.local/lib/python3.12/site-packages/airflow/example_dags/example_dynamic_task_mapping.py for tasks to queue
[2024-12-22T11:25:22.890+0000] {logging_mixin.py:190} INFO - [2024-12-22T11:25:22.889+0000] {dagbag.py:588} INFO - Filling up the DagBag from /home/airflow/.local/lib/python3.12/site-packages/airflow/example_dags/example_dynamic_task_mapping.py
[2024-12-22T11:25:22.911+0000] {processor.py:925} INFO - DAG(s) 'example_dynamic_task_mapping' retrieved from /home/airflow/.local/lib/python3.12/site-packages/airflow/example_dags/example_dynamic_task_mapping.py
[2024-12-22T11:25:22.958+0000] {logging_mixin.py:190} INFO - [2024-12-22T11:25:22.957+0000] {dag.py:3239} INFO - Sync 1 DAGs
[2024-12-22T11:25:23.006+0000] {logging_mixin.py:190} INFO - [2024-12-22T11:25:23.006+0000] {dag.py:4180} INFO - Setting next_dagrun for example_dynamic_task_mapping to None, run_after=None
[2024-12-22T11:25:23.072+0000] {processor.py:208} INFO - Processing /home/airflow/.local/lib/python3.12/site-packages/airflow/example_dags/example_dynamic_task_mapping.py took 0.207 seconds
[2024-12-22T11:25:53.796+0000] {processor.py:186} INFO - Started process (PID=996) to work on /home/airflow/.local/lib/python3.12/site-packages/airflow/example_dags/example_dynamic_task_mapping.py
[2024-12-22T11:25:53.799+0000] {processor.py:914} INFO - Processing file /home/airflow/.local/lib/python3.12/site-packages/airflow/example_dags/example_dynamic_task_mapping.py for tasks to queue
[2024-12-22T11:25:53.807+0000] {logging_mixin.py:190} INFO - [2024-12-22T11:25:53.805+0000] {dagbag.py:588} INFO - Filling up the DagBag from /home/airflow/.local/lib/python3.12/site-packages/airflow/example_dags/example_dynamic_task_mapping.py
[2024-12-22T11:25:53.844+0000] {processor.py:925} INFO - DAG(s) 'example_dynamic_task_mapping' retrieved from /home/airflow/.local/lib/python3.12/site-packages/airflow/example_dags/example_dynamic_task_mapping.py
[2024-12-22T11:25:53.910+0000] {logging_mixin.py:190} INFO - [2024-12-22T11:25:53.909+0000] {dag.py:3239} INFO - Sync 1 DAGs
[2024-12-22T11:25:53.963+0000] {logging_mixin.py:190} INFO - [2024-12-22T11:25:53.962+0000] {dag.py:4180} INFO - Setting next_dagrun for example_dynamic_task_mapping to None, run_after=None
[2024-12-22T11:25:54.013+0000] {processor.py:208} INFO - Processing /home/airflow/.local/lib/python3.12/site-packages/airflow/example_dags/example_dynamic_task_mapping.py took 0.236 seconds
[2024-12-22T11:26:30.086+0000] {processor.py:186} INFO - Started process (PID=1028) to work on /home/airflow/.local/lib/python3.12/site-packages/airflow/example_dags/example_dynamic_task_mapping.py
[2024-12-22T11:26:30.089+0000] {processor.py:914} INFO - Processing file /home/airflow/.local/lib/python3.12/site-packages/airflow/example_dags/example_dynamic_task_mapping.py for tasks to queue
[2024-12-22T11:26:30.098+0000] {logging_mixin.py:190} INFO - [2024-12-22T11:26:30.097+0000] {dagbag.py:588} INFO - Filling up the DagBag from /home/airflow/.local/lib/python3.12/site-packages/airflow/example_dags/example_dynamic_task_mapping.py
[2024-12-22T11:26:30.127+0000] {processor.py:925} INFO - DAG(s) 'example_dynamic_task_mapping' retrieved from /home/airflow/.local/lib/python3.12/site-packages/airflow/example_dags/example_dynamic_task_mapping.py
[2024-12-22T11:26:30.185+0000] {logging_mixin.py:190} INFO - [2024-12-22T11:26:30.184+0000] {dag.py:3239} INFO - Sync 1 DAGs
[2024-12-22T11:26:30.225+0000] {logging_mixin.py:190} INFO - [2024-12-22T11:26:30.224+0000] {dag.py:4180} INFO - Setting next_dagrun for example_dynamic_task_mapping to None, run_after=None
[2024-12-22T11:26:30.277+0000] {processor.py:208} INFO - Processing /home/airflow/.local/lib/python3.12/site-packages/airflow/example_dags/example_dynamic_task_mapping.py took 0.209 seconds
[2024-12-22T11:27:07.037+0000] {processor.py:186} INFO - Started process (PID=1093) to work on /home/airflow/.local/lib/python3.12/site-packages/airflow/example_dags/example_dynamic_task_mapping.py
[2024-12-22T11:27:07.040+0000] {processor.py:914} INFO - Processing file /home/airflow/.local/lib/python3.12/site-packages/airflow/example_dags/example_dynamic_task_mapping.py for tasks to queue
[2024-12-22T11:27:07.044+0000] {logging_mixin.py:190} INFO - [2024-12-22T11:27:07.043+0000] {dagbag.py:588} INFO - Filling up the DagBag from /home/airflow/.local/lib/python3.12/site-packages/airflow/example_dags/example_dynamic_task_mapping.py
[2024-12-22T11:27:07.074+0000] {processor.py:925} INFO - DAG(s) 'example_dynamic_task_mapping' retrieved from /home/airflow/.local/lib/python3.12/site-packages/airflow/example_dags/example_dynamic_task_mapping.py
[2024-12-22T11:27:07.120+0000] {logging_mixin.py:190} INFO - [2024-12-22T11:27:07.119+0000] {dag.py:3239} INFO - Sync 1 DAGs
[2024-12-22T11:27:07.161+0000] {logging_mixin.py:190} INFO - [2024-12-22T11:27:07.161+0000] {dag.py:4180} INFO - Setting next_dagrun for example_dynamic_task_mapping to None, run_after=None
[2024-12-22T11:27:07.206+0000] {processor.py:208} INFO - Processing /home/airflow/.local/lib/python3.12/site-packages/airflow/example_dags/example_dynamic_task_mapping.py took 0.190 seconds
[2024-12-22T11:27:40.928+0000] {processor.py:186} INFO - Started process (PID=1158) to work on /home/airflow/.local/lib/python3.12/site-packages/airflow/example_dags/example_dynamic_task_mapping.py
[2024-12-22T11:27:40.930+0000] {processor.py:914} INFO - Processing file /home/airflow/.local/lib/python3.12/site-packages/airflow/example_dags/example_dynamic_task_mapping.py for tasks to queue
[2024-12-22T11:27:40.933+0000] {logging_mixin.py:190} INFO - [2024-12-22T11:27:40.932+0000] {dagbag.py:588} INFO - Filling up the DagBag from /home/airflow/.local/lib/python3.12/site-packages/airflow/example_dags/example_dynamic_task_mapping.py
[2024-12-22T11:27:40.957+0000] {processor.py:925} INFO - DAG(s) 'example_dynamic_task_mapping' retrieved from /home/airflow/.local/lib/python3.12/site-packages/airflow/example_dags/example_dynamic_task_mapping.py
[2024-12-22T11:27:41.019+0000] {logging_mixin.py:190} INFO - [2024-12-22T11:27:41.018+0000] {dag.py:3239} INFO - Sync 1 DAGs
[2024-12-22T11:27:41.094+0000] {logging_mixin.py:190} INFO - [2024-12-22T11:27:41.093+0000] {dag.py:4180} INFO - Setting next_dagrun for example_dynamic_task_mapping to None, run_after=None
[2024-12-22T11:27:42.115+0000] {processor.py:208} INFO - Processing /home/airflow/.local/lib/python3.12/site-packages/airflow/example_dags/example_dynamic_task_mapping.py took 1.202 seconds
[2024-12-22T11:28:19.735+0000] {processor.py:186} INFO - Started process (PID=1222) to work on /home/airflow/.local/lib/python3.12/site-packages/airflow/example_dags/example_dynamic_task_mapping.py
[2024-12-22T11:28:19.741+0000] {processor.py:914} INFO - Processing file /home/airflow/.local/lib/python3.12/site-packages/airflow/example_dags/example_dynamic_task_mapping.py for tasks to queue
[2024-12-22T11:28:19.747+0000] {logging_mixin.py:190} INFO - [2024-12-22T11:28:19.746+0000] {dagbag.py:588} INFO - Filling up the DagBag from /home/airflow/.local/lib/python3.12/site-packages/airflow/example_dags/example_dynamic_task_mapping.py
[2024-12-22T11:28:19.782+0000] {processor.py:925} INFO - DAG(s) 'example_dynamic_task_mapping' retrieved from /home/airflow/.local/lib/python3.12/site-packages/airflow/example_dags/example_dynamic_task_mapping.py
[2024-12-22T11:28:19.843+0000] {logging_mixin.py:190} INFO - [2024-12-22T11:28:19.842+0000] {dag.py:3239} INFO - Sync 1 DAGs
[2024-12-22T11:28:19.892+0000] {logging_mixin.py:190} INFO - [2024-12-22T11:28:19.891+0000] {dag.py:4180} INFO - Setting next_dagrun for example_dynamic_task_mapping to None, run_after=None
[2024-12-22T11:28:21.008+0000] {processor.py:208} INFO - Processing /home/airflow/.local/lib/python3.12/site-packages/airflow/example_dags/example_dynamic_task_mapping.py took 1.304 seconds
[2024-12-22T11:28:51.597+0000] {processor.py:186} INFO - Started process (PID=1287) to work on /home/airflow/.local/lib/python3.12/site-packages/airflow/example_dags/example_dynamic_task_mapping.py
[2024-12-22T11:28:51.601+0000] {processor.py:914} INFO - Processing file /home/airflow/.local/lib/python3.12/site-packages/airflow/example_dags/example_dynamic_task_mapping.py for tasks to queue
[2024-12-22T11:28:51.605+0000] {logging_mixin.py:190} INFO - [2024-12-22T11:28:51.604+0000] {dagbag.py:588} INFO - Filling up the DagBag from /home/airflow/.local/lib/python3.12/site-packages/airflow/example_dags/example_dynamic_task_mapping.py
[2024-12-22T11:28:51.642+0000] {processor.py:925} INFO - DAG(s) 'example_dynamic_task_mapping' retrieved from /home/airflow/.local/lib/python3.12/site-packages/airflow/example_dags/example_dynamic_task_mapping.py
[2024-12-22T11:28:51.708+0000] {logging_mixin.py:190} INFO - [2024-12-22T11:28:51.708+0000] {dag.py:3239} INFO - Sync 1 DAGs
[2024-12-22T11:28:51.763+0000] {logging_mixin.py:190} INFO - [2024-12-22T11:28:51.763+0000] {dag.py:4180} INFO - Setting next_dagrun for example_dynamic_task_mapping to None, run_after=None
[2024-12-22T11:28:51.816+0000] {processor.py:208} INFO - Processing /home/airflow/.local/lib/python3.12/site-packages/airflow/example_dags/example_dynamic_task_mapping.py took 0.243 seconds
[2024-12-22T11:29:21.974+0000] {processor.py:186} INFO - Started process (PID=1351) to work on /home/airflow/.local/lib/python3.12/site-packages/airflow/example_dags/example_dynamic_task_mapping.py
[2024-12-22T11:29:21.977+0000] {processor.py:914} INFO - Processing file /home/airflow/.local/lib/python3.12/site-packages/airflow/example_dags/example_dynamic_task_mapping.py for tasks to queue
[2024-12-22T11:29:21.982+0000] {logging_mixin.py:190} INFO - [2024-12-22T11:29:21.981+0000] {dagbag.py:588} INFO - Filling up the DagBag from /home/airflow/.local/lib/python3.12/site-packages/airflow/example_dags/example_dynamic_task_mapping.py
[2024-12-22T11:29:22.008+0000] {processor.py:925} INFO - DAG(s) 'example_dynamic_task_mapping' retrieved from /home/airflow/.local/lib/python3.12/site-packages/airflow/example_dags/example_dynamic_task_mapping.py
[2024-12-22T11:29:22.059+0000] {logging_mixin.py:190} INFO - [2024-12-22T11:29:22.059+0000] {dag.py:3239} INFO - Sync 1 DAGs
[2024-12-22T11:29:22.114+0000] {logging_mixin.py:190} INFO - [2024-12-22T11:29:22.113+0000] {dag.py:4180} INFO - Setting next_dagrun for example_dynamic_task_mapping to None, run_after=None
[2024-12-22T11:29:22.155+0000] {processor.py:208} INFO - Processing /home/airflow/.local/lib/python3.12/site-packages/airflow/example_dags/example_dynamic_task_mapping.py took 0.195 seconds
[2024-12-22T11:29:56.090+0000] {processor.py:186} INFO - Started process (PID=1418) to work on /home/airflow/.local/lib/python3.12/site-packages/airflow/example_dags/example_dynamic_task_mapping.py
[2024-12-22T11:29:56.092+0000] {processor.py:914} INFO - Processing file /home/airflow/.local/lib/python3.12/site-packages/airflow/example_dags/example_dynamic_task_mapping.py for tasks to queue
[2024-12-22T11:29:56.095+0000] {logging_mixin.py:190} INFO - [2024-12-22T11:29:56.094+0000] {dagbag.py:588} INFO - Filling up the DagBag from /home/airflow/.local/lib/python3.12/site-packages/airflow/example_dags/example_dynamic_task_mapping.py
[2024-12-22T11:29:56.125+0000] {processor.py:925} INFO - DAG(s) 'example_dynamic_task_mapping' retrieved from /home/airflow/.local/lib/python3.12/site-packages/airflow/example_dags/example_dynamic_task_mapping.py
[2024-12-22T11:29:56.191+0000] {logging_mixin.py:190} INFO - [2024-12-22T11:29:56.190+0000] {dag.py:3239} INFO - Sync 1 DAGs
[2024-12-22T11:29:56.233+0000] {logging_mixin.py:190} INFO - [2024-12-22T11:29:56.233+0000] {dag.py:4180} INFO - Setting next_dagrun for example_dynamic_task_mapping to None, run_after=None
[2024-12-22T11:29:56.287+0000] {processor.py:208} INFO - Processing /home/airflow/.local/lib/python3.12/site-packages/airflow/example_dags/example_dynamic_task_mapping.py took 0.217 seconds
[2024-12-22T11:30:31.003+0000] {processor.py:186} INFO - Started process (PID=1481) to work on /home/airflow/.local/lib/python3.12/site-packages/airflow/example_dags/example_dynamic_task_mapping.py
[2024-12-22T11:30:31.006+0000] {processor.py:914} INFO - Processing file /home/airflow/.local/lib/python3.12/site-packages/airflow/example_dags/example_dynamic_task_mapping.py for tasks to queue
[2024-12-22T11:30:31.009+0000] {logging_mixin.py:190} INFO - [2024-12-22T11:30:31.008+0000] {dagbag.py:588} INFO - Filling up the DagBag from /home/airflow/.local/lib/python3.12/site-packages/airflow/example_dags/example_dynamic_task_mapping.py
[2024-12-22T11:30:31.041+0000] {processor.py:925} INFO - DAG(s) 'example_dynamic_task_mapping' retrieved from /home/airflow/.local/lib/python3.12/site-packages/airflow/example_dags/example_dynamic_task_mapping.py
[2024-12-22T11:30:31.096+0000] {logging_mixin.py:190} INFO - [2024-12-22T11:30:31.096+0000] {dag.py:3239} INFO - Sync 1 DAGs
[2024-12-22T11:30:31.147+0000] {logging_mixin.py:190} INFO - [2024-12-22T11:30:31.146+0000] {dag.py:4180} INFO - Setting next_dagrun for example_dynamic_task_mapping to None, run_after=None
[2024-12-22T11:30:31.201+0000] {processor.py:208} INFO - Processing /home/airflow/.local/lib/python3.12/site-packages/airflow/example_dags/example_dynamic_task_mapping.py took 0.214 seconds
[2024-12-22T11:31:07.335+0000] {processor.py:186} INFO - Started process (PID=1545) to work on /home/airflow/.local/lib/python3.12/site-packages/airflow/example_dags/example_dynamic_task_mapping.py
[2024-12-22T11:31:07.338+0000] {processor.py:914} INFO - Processing file /home/airflow/.local/lib/python3.12/site-packages/airflow/example_dags/example_dynamic_task_mapping.py for tasks to queue
[2024-12-22T11:31:07.343+0000] {logging_mixin.py:190} INFO - [2024-12-22T11:31:07.342+0000] {dagbag.py:588} INFO - Filling up the DagBag from /home/airflow/.local/lib/python3.12/site-packages/airflow/example_dags/example_dynamic_task_mapping.py
[2024-12-22T11:31:07.370+0000] {processor.py:925} INFO - DAG(s) 'example_dynamic_task_mapping' retrieved from /home/airflow/.local/lib/python3.12/site-packages/airflow/example_dags/example_dynamic_task_mapping.py
[2024-12-22T11:31:07.414+0000] {logging_mixin.py:190} INFO - [2024-12-22T11:31:07.414+0000] {dag.py:3239} INFO - Sync 1 DAGs
[2024-12-22T11:31:07.458+0000] {logging_mixin.py:190} INFO - [2024-12-22T11:31:07.458+0000] {dag.py:4180} INFO - Setting next_dagrun for example_dynamic_task_mapping to None, run_after=None
[2024-12-22T11:31:07.504+0000] {processor.py:208} INFO - Processing /home/airflow/.local/lib/python3.12/site-packages/airflow/example_dags/example_dynamic_task_mapping.py took 0.192 seconds
[2024-12-22T11:31:45.965+0000] {processor.py:186} INFO - Started process (PID=1610) to work on /home/airflow/.local/lib/python3.12/site-packages/airflow/example_dags/example_dynamic_task_mapping.py
[2024-12-22T11:31:45.967+0000] {processor.py:914} INFO - Processing file /home/airflow/.local/lib/python3.12/site-packages/airflow/example_dags/example_dynamic_task_mapping.py for tasks to queue
[2024-12-22T11:31:45.971+0000] {logging_mixin.py:190} INFO - [2024-12-22T11:31:45.970+0000] {dagbag.py:588} INFO - Filling up the DagBag from /home/airflow/.local/lib/python3.12/site-packages/airflow/example_dags/example_dynamic_task_mapping.py
[2024-12-22T11:31:46.001+0000] {processor.py:925} INFO - DAG(s) 'example_dynamic_task_mapping' retrieved from /home/airflow/.local/lib/python3.12/site-packages/airflow/example_dags/example_dynamic_task_mapping.py
[2024-12-22T11:31:46.059+0000] {logging_mixin.py:190} INFO - [2024-12-22T11:31:46.058+0000] {dag.py:3239} INFO - Sync 1 DAGs
[2024-12-22T11:31:46.103+0000] {logging_mixin.py:190} INFO - [2024-12-22T11:31:46.103+0000] {dag.py:4180} INFO - Setting next_dagrun for example_dynamic_task_mapping to None, run_after=None
[2024-12-22T11:31:46.152+0000] {processor.py:208} INFO - Processing /home/airflow/.local/lib/python3.12/site-packages/airflow/example_dags/example_dynamic_task_mapping.py took 0.206 seconds
[2024-12-22T11:32:23.923+0000] {processor.py:186} INFO - Started process (PID=1674) to work on /home/airflow/.local/lib/python3.12/site-packages/airflow/example_dags/example_dynamic_task_mapping.py
[2024-12-22T11:32:23.928+0000] {processor.py:914} INFO - Processing file /home/airflow/.local/lib/python3.12/site-packages/airflow/example_dags/example_dynamic_task_mapping.py for tasks to queue
[2024-12-22T11:32:23.934+0000] {logging_mixin.py:190} INFO - [2024-12-22T11:32:23.933+0000] {dagbag.py:588} INFO - Filling up the DagBag from /home/airflow/.local/lib/python3.12/site-packages/airflow/example_dags/example_dynamic_task_mapping.py
[2024-12-22T11:32:23.985+0000] {processor.py:925} INFO - DAG(s) 'example_dynamic_task_mapping' retrieved from /home/airflow/.local/lib/python3.12/site-packages/airflow/example_dags/example_dynamic_task_mapping.py
[2024-12-22T11:32:24.086+0000] {logging_mixin.py:190} INFO - [2024-12-22T11:32:24.085+0000] {dag.py:3239} INFO - Sync 1 DAGs
[2024-12-22T11:32:24.163+0000] {logging_mixin.py:190} INFO - [2024-12-22T11:32:24.162+0000] {dag.py:4180} INFO - Setting next_dagrun for example_dynamic_task_mapping to None, run_after=None
[2024-12-22T11:32:25.152+0000] {processor.py:208} INFO - Processing /home/airflow/.local/lib/python3.12/site-packages/airflow/example_dags/example_dynamic_task_mapping.py took 1.273 seconds
[2024-12-22T11:33:00.846+0000] {processor.py:186} INFO - Started process (PID=1738) to work on /home/airflow/.local/lib/python3.12/site-packages/airflow/example_dags/example_dynamic_task_mapping.py
[2024-12-22T11:33:00.849+0000] {processor.py:914} INFO - Processing file /home/airflow/.local/lib/python3.12/site-packages/airflow/example_dags/example_dynamic_task_mapping.py for tasks to queue
[2024-12-22T11:33:00.852+0000] {logging_mixin.py:190} INFO - [2024-12-22T11:33:00.851+0000] {dagbag.py:588} INFO - Filling up the DagBag from /home/airflow/.local/lib/python3.12/site-packages/airflow/example_dags/example_dynamic_task_mapping.py
[2024-12-22T11:33:00.878+0000] {processor.py:925} INFO - DAG(s) 'example_dynamic_task_mapping' retrieved from /home/airflow/.local/lib/python3.12/site-packages/airflow/example_dags/example_dynamic_task_mapping.py
[2024-12-22T11:33:00.986+0000] {logging_mixin.py:190} INFO - [2024-12-22T11:33:00.985+0000] {dag.py:3239} INFO - Sync 1 DAGs
[2024-12-22T11:33:01.067+0000] {logging_mixin.py:190} INFO - [2024-12-22T11:33:01.067+0000] {dag.py:4180} INFO - Setting next_dagrun for example_dynamic_task_mapping to None, run_after=None
[2024-12-22T11:33:01.133+0000] {processor.py:208} INFO - Processing /home/airflow/.local/lib/python3.12/site-packages/airflow/example_dags/example_dynamic_task_mapping.py took 0.305 seconds
[2024-12-22T11:33:39.287+0000] {processor.py:186} INFO - Started process (PID=1809) to work on /home/airflow/.local/lib/python3.12/site-packages/airflow/example_dags/example_dynamic_task_mapping.py
[2024-12-22T11:33:39.294+0000] {processor.py:914} INFO - Processing file /home/airflow/.local/lib/python3.12/site-packages/airflow/example_dags/example_dynamic_task_mapping.py for tasks to queue
[2024-12-22T11:33:39.306+0000] {logging_mixin.py:190} INFO - [2024-12-22T11:33:39.302+0000] {dagbag.py:588} INFO - Filling up the DagBag from /home/airflow/.local/lib/python3.12/site-packages/airflow/example_dags/example_dynamic_task_mapping.py
[2024-12-22T11:33:39.354+0000] {processor.py:925} INFO - DAG(s) 'example_dynamic_task_mapping' retrieved from /home/airflow/.local/lib/python3.12/site-packages/airflow/example_dags/example_dynamic_task_mapping.py
[2024-12-22T11:33:39.393+0000] {logging_mixin.py:190} INFO - [2024-12-22T11:33:39.392+0000] {dag.py:3239} INFO - Sync 1 DAGs
[2024-12-22T11:33:39.431+0000] {logging_mixin.py:190} INFO - [2024-12-22T11:33:39.430+0000] {dag.py:4180} INFO - Setting next_dagrun for example_dynamic_task_mapping to None, run_after=None
[2024-12-22T11:33:39.475+0000] {processor.py:208} INFO - Processing /home/airflow/.local/lib/python3.12/site-packages/airflow/example_dags/example_dynamic_task_mapping.py took 0.258 seconds
[2024-12-22T11:34:15.908+0000] {processor.py:186} INFO - Started process (PID=1874) to work on /home/airflow/.local/lib/python3.12/site-packages/airflow/example_dags/example_dynamic_task_mapping.py
[2024-12-22T11:34:15.912+0000] {processor.py:914} INFO - Processing file /home/airflow/.local/lib/python3.12/site-packages/airflow/example_dags/example_dynamic_task_mapping.py for tasks to queue
[2024-12-22T11:34:15.919+0000] {logging_mixin.py:190} INFO - [2024-12-22T11:34:15.917+0000] {dagbag.py:588} INFO - Filling up the DagBag from /home/airflow/.local/lib/python3.12/site-packages/airflow/example_dags/example_dynamic_task_mapping.py
[2024-12-22T11:34:15.961+0000] {processor.py:925} INFO - DAG(s) 'example_dynamic_task_mapping' retrieved from /home/airflow/.local/lib/python3.12/site-packages/airflow/example_dags/example_dynamic_task_mapping.py
[2024-12-22T11:34:16.037+0000] {logging_mixin.py:190} INFO - [2024-12-22T11:34:16.036+0000] {dag.py:3239} INFO - Sync 1 DAGs
[2024-12-22T11:34:16.100+0000] {logging_mixin.py:190} INFO - [2024-12-22T11:34:16.099+0000] {dag.py:4180} INFO - Setting next_dagrun for example_dynamic_task_mapping to None, run_after=None
[2024-12-22T11:34:17.115+0000] {processor.py:208} INFO - Processing /home/airflow/.local/lib/python3.12/site-packages/airflow/example_dags/example_dynamic_task_mapping.py took 1.232 seconds
[2024-12-22T11:34:53.307+0000] {processor.py:186} INFO - Started process (PID=1939) to work on /home/airflow/.local/lib/python3.12/site-packages/airflow/example_dags/example_dynamic_task_mapping.py
[2024-12-22T11:34:53.309+0000] {processor.py:914} INFO - Processing file /home/airflow/.local/lib/python3.12/site-packages/airflow/example_dags/example_dynamic_task_mapping.py for tasks to queue
[2024-12-22T11:34:53.313+0000] {logging_mixin.py:190} INFO - [2024-12-22T11:34:53.312+0000] {dagbag.py:588} INFO - Filling up the DagBag from /home/airflow/.local/lib/python3.12/site-packages/airflow/example_dags/example_dynamic_task_mapping.py
[2024-12-22T11:34:53.346+0000] {processor.py:925} INFO - DAG(s) 'example_dynamic_task_mapping' retrieved from /home/airflow/.local/lib/python3.12/site-packages/airflow/example_dags/example_dynamic_task_mapping.py
[2024-12-22T11:34:53.396+0000] {logging_mixin.py:190} INFO - [2024-12-22T11:34:53.395+0000] {dag.py:3239} INFO - Sync 1 DAGs
[2024-12-22T11:34:53.434+0000] {logging_mixin.py:190} INFO - [2024-12-22T11:34:53.433+0000] {dag.py:4180} INFO - Setting next_dagrun for example_dynamic_task_mapping to None, run_after=None
[2024-12-22T11:34:53.041+0000] {processor.py:208} INFO - Processing /home/airflow/.local/lib/python3.12/site-packages/airflow/example_dags/example_dynamic_task_mapping.py took 0.199 seconds
[2024-12-22T11:35:23.222+0000] {processor.py:186} INFO - Started process (PID=2003) to work on /home/airflow/.local/lib/python3.12/site-packages/airflow/example_dags/example_dynamic_task_mapping.py
[2024-12-22T11:35:23.224+0000] {processor.py:914} INFO - Processing file /home/airflow/.local/lib/python3.12/site-packages/airflow/example_dags/example_dynamic_task_mapping.py for tasks to queue
[2024-12-22T11:35:23.230+0000] {logging_mixin.py:190} INFO - [2024-12-22T11:35:23.229+0000] {dagbag.py:588} INFO - Filling up the DagBag from /home/airflow/.local/lib/python3.12/site-packages/airflow/example_dags/example_dynamic_task_mapping.py
[2024-12-22T11:35:23.318+0000] {processor.py:925} INFO - DAG(s) 'example_dynamic_task_mapping' retrieved from /home/airflow/.local/lib/python3.12/site-packages/airflow/example_dags/example_dynamic_task_mapping.py
[2024-12-22T11:35:23.395+0000] {logging_mixin.py:190} INFO - [2024-12-22T11:35:23.394+0000] {dag.py:3239} INFO - Sync 1 DAGs
[2024-12-22T11:35:23.458+0000] {logging_mixin.py:190} INFO - [2024-12-22T11:35:23.457+0000] {dag.py:4180} INFO - Setting next_dagrun for example_dynamic_task_mapping to None, run_after=None
[2024-12-22T11:35:23.500+0000] {processor.py:208} INFO - Processing /home/airflow/.local/lib/python3.12/site-packages/airflow/example_dags/example_dynamic_task_mapping.py took 0.297 seconds
[2024-12-22T11:36:23.794+0000] {processor.py:186} INFO - Started process (PID=2079) to work on /home/airflow/.local/lib/python3.12/site-packages/airflow/example_dags/example_dynamic_task_mapping.py
[2024-12-22T11:36:23.796+0000] {processor.py:914} INFO - Processing file /home/airflow/.local/lib/python3.12/site-packages/airflow/example_dags/example_dynamic_task_mapping.py for tasks to queue
[2024-12-22T11:36:23.799+0000] {logging_mixin.py:190} INFO - [2024-12-22T11:36:23.798+0000] {dagbag.py:588} INFO - Filling up the DagBag from /home/airflow/.local/lib/python3.12/site-packages/airflow/example_dags/example_dynamic_task_mapping.py
[2024-12-22T11:36:23.822+0000] {processor.py:925} INFO - DAG(s) 'example_dynamic_task_mapping' retrieved from /home/airflow/.local/lib/python3.12/site-packages/airflow/example_dags/example_dynamic_task_mapping.py
[2024-12-22T11:36:23.867+0000] {logging_mixin.py:190} INFO - [2024-12-22T11:36:23.866+0000] {dag.py:3239} INFO - Sync 1 DAGs
[2024-12-22T11:36:23.903+0000] {logging_mixin.py:190} INFO - [2024-12-22T11:36:23.903+0000] {dag.py:4180} INFO - Setting next_dagrun for example_dynamic_task_mapping to None, run_after=None
[2024-12-22T11:36:23.948+0000] {processor.py:208} INFO - Processing /home/airflow/.local/lib/python3.12/site-packages/airflow/example_dags/example_dynamic_task_mapping.py took 0.169 seconds
[2024-12-22T11:36:55.135+0000] {processor.py:186} INFO - Started process (PID=2143) to work on /home/airflow/.local/lib/python3.12/site-packages/airflow/example_dags/example_dynamic_task_mapping.py
[2024-12-22T11:36:55.137+0000] {processor.py:914} INFO - Processing file /home/airflow/.local/lib/python3.12/site-packages/airflow/example_dags/example_dynamic_task_mapping.py for tasks to queue
[2024-12-22T11:36:55.141+0000] {logging_mixin.py:190} INFO - [2024-12-22T11:36:55.140+0000] {dagbag.py:588} INFO - Filling up the DagBag from /home/airflow/.local/lib/python3.12/site-packages/airflow/example_dags/example_dynamic_task_mapping.py
[2024-12-22T11:36:55.170+0000] {processor.py:925} INFO - DAG(s) 'example_dynamic_task_mapping' retrieved from /home/airflow/.local/lib/python3.12/site-packages/airflow/example_dags/example_dynamic_task_mapping.py
[2024-12-22T11:36:55.216+0000] {logging_mixin.py:190} INFO - [2024-12-22T11:36:55.216+0000] {dag.py:3239} INFO - Sync 1 DAGs
[2024-12-22T11:36:55.258+0000] {logging_mixin.py:190} INFO - [2024-12-22T11:36:55.258+0000] {dag.py:4180} INFO - Setting next_dagrun for example_dynamic_task_mapping to None, run_after=None
[2024-12-22T11:36:55.295+0000] {processor.py:208} INFO - Processing /home/airflow/.local/lib/python3.12/site-packages/airflow/example_dags/example_dynamic_task_mapping.py took 0.179 seconds
[2024-12-22T11:37:36.569+0000] {processor.py:186} INFO - Started process (PID=2209) to work on /home/airflow/.local/lib/python3.12/site-packages/airflow/example_dags/example_dynamic_task_mapping.py
[2024-12-22T11:37:36.572+0000] {processor.py:914} INFO - Processing file /home/airflow/.local/lib/python3.12/site-packages/airflow/example_dags/example_dynamic_task_mapping.py for tasks to queue
[2024-12-22T11:37:36.577+0000] {logging_mixin.py:190} INFO - [2024-12-22T11:37:36.576+0000] {dagbag.py:588} INFO - Filling up the DagBag from /home/airflow/.local/lib/python3.12/site-packages/airflow/example_dags/example_dynamic_task_mapping.py
[2024-12-22T11:37:36.643+0000] {processor.py:925} INFO - DAG(s) 'example_dynamic_task_mapping' retrieved from /home/airflow/.local/lib/python3.12/site-packages/airflow/example_dags/example_dynamic_task_mapping.py
[2024-12-22T11:37:36.710+0000] {logging_mixin.py:190} INFO - [2024-12-22T11:37:36.710+0000] {dag.py:3239} INFO - Sync 1 DAGs
[2024-12-22T11:37:36.774+0000] {logging_mixin.py:190} INFO - [2024-12-22T11:37:36.774+0000] {dag.py:4180} INFO - Setting next_dagrun for example_dynamic_task_mapping to None, run_after=None
[2024-12-22T11:37:36.839+0000] {processor.py:208} INFO - Processing /home/airflow/.local/lib/python3.12/site-packages/airflow/example_dags/example_dynamic_task_mapping.py took 0.300 seconds
[2024-12-22T11:38:16.339+0000] {processor.py:186} INFO - Started process (PID=2265) to work on /home/airflow/.local/lib/python3.12/site-packages/airflow/example_dags/example_dynamic_task_mapping.py
[2024-12-22T11:38:16.341+0000] {processor.py:914} INFO - Processing file /home/airflow/.local/lib/python3.12/site-packages/airflow/example_dags/example_dynamic_task_mapping.py for tasks to queue
[2024-12-22T11:38:16.345+0000] {logging_mixin.py:190} INFO - [2024-12-22T11:38:16.344+0000] {dagbag.py:588} INFO - Filling up the DagBag from /home/airflow/.local/lib/python3.12/site-packages/airflow/example_dags/example_dynamic_task_mapping.py
[2024-12-22T11:38:16.369+0000] {processor.py:925} INFO - DAG(s) 'example_dynamic_task_mapping' retrieved from /home/airflow/.local/lib/python3.12/site-packages/airflow/example_dags/example_dynamic_task_mapping.py
[2024-12-22T11:38:16.417+0000] {logging_mixin.py:190} INFO - [2024-12-22T11:38:16.416+0000] {dag.py:3239} INFO - Sync 1 DAGs
[2024-12-22T11:38:16.468+0000] {logging_mixin.py:190} INFO - [2024-12-22T11:38:16.467+0000] {dag.py:4180} INFO - Setting next_dagrun for example_dynamic_task_mapping to None, run_after=None
[2024-12-22T11:38:16.517+0000] {processor.py:208} INFO - Processing /home/airflow/.local/lib/python3.12/site-packages/airflow/example_dags/example_dynamic_task_mapping.py took 0.197 seconds
[2024-12-22T11:38:58.766+0000] {processor.py:186} INFO - Started process (PID=2330) to work on /home/airflow/.local/lib/python3.12/site-packages/airflow/example_dags/example_dynamic_task_mapping.py
[2024-12-22T11:38:58.768+0000] {processor.py:914} INFO - Processing file /home/airflow/.local/lib/python3.12/site-packages/airflow/example_dags/example_dynamic_task_mapping.py for tasks to queue
[2024-12-22T11:38:58.772+0000] {logging_mixin.py:190} INFO - [2024-12-22T11:38:58.771+0000] {dagbag.py:588} INFO - Filling up the DagBag from /home/airflow/.local/lib/python3.12/site-packages/airflow/example_dags/example_dynamic_task_mapping.py
[2024-12-22T11:38:58.795+0000] {processor.py:925} INFO - DAG(s) 'example_dynamic_task_mapping' retrieved from /home/airflow/.local/lib/python3.12/site-packages/airflow/example_dags/example_dynamic_task_mapping.py
[2024-12-22T11:38:58.844+0000] {logging_mixin.py:190} INFO - [2024-12-22T11:38:58.844+0000] {dag.py:3239} INFO - Sync 1 DAGs
[2024-12-22T11:38:58.891+0000] {logging_mixin.py:190} INFO - [2024-12-22T11:38:58.891+0000] {dag.py:4180} INFO - Setting next_dagrun for example_dynamic_task_mapping to None, run_after=None
[2024-12-22T11:38:58.938+0000] {processor.py:208} INFO - Processing /home/airflow/.local/lib/python3.12/site-packages/airflow/example_dags/example_dynamic_task_mapping.py took 0.189 seconds
[2024-12-22T11:39:34.563+0000] {processor.py:186} INFO - Started process (PID=2400) to work on /home/airflow/.local/lib/python3.12/site-packages/airflow/example_dags/example_dynamic_task_mapping.py
[2024-12-22T11:39:34.565+0000] {processor.py:914} INFO - Processing file /home/airflow/.local/lib/python3.12/site-packages/airflow/example_dags/example_dynamic_task_mapping.py for tasks to queue
[2024-12-22T11:39:34.569+0000] {logging_mixin.py:190} INFO - [2024-12-22T11:39:34.568+0000] {dagbag.py:588} INFO - Filling up the DagBag from /home/airflow/.local/lib/python3.12/site-packages/airflow/example_dags/example_dynamic_task_mapping.py
[2024-12-22T11:39:34.601+0000] {processor.py:925} INFO - DAG(s) 'example_dynamic_task_mapping' retrieved from /home/airflow/.local/lib/python3.12/site-packages/airflow/example_dags/example_dynamic_task_mapping.py
[2024-12-22T11:39:34.669+0000] {logging_mixin.py:190} INFO - [2024-12-22T11:39:34.669+0000] {dag.py:3239} INFO - Sync 1 DAGs
[2024-12-22T11:39:34.718+0000] {logging_mixin.py:190} INFO - [2024-12-22T11:39:34.718+0000] {dag.py:4180} INFO - Setting next_dagrun for example_dynamic_task_mapping to None, run_after=None
[2024-12-22T11:39:34.769+0000] {processor.py:208} INFO - Processing /home/airflow/.local/lib/python3.12/site-packages/airflow/example_dags/example_dynamic_task_mapping.py took 0.226 seconds
[2024-12-22T11:40:15.658+0000] {processor.py:186} INFO - Started process (PID=2466) to work on /home/airflow/.local/lib/python3.12/site-packages/airflow/example_dags/example_dynamic_task_mapping.py
[2024-12-22T11:40:15.660+0000] {processor.py:914} INFO - Processing file /home/airflow/.local/lib/python3.12/site-packages/airflow/example_dags/example_dynamic_task_mapping.py for tasks to queue
[2024-12-22T11:40:15.663+0000] {logging_mixin.py:190} INFO - [2024-12-22T11:40:15.662+0000] {dagbag.py:588} INFO - Filling up the DagBag from /home/airflow/.local/lib/python3.12/site-packages/airflow/example_dags/example_dynamic_task_mapping.py
[2024-12-22T11:40:15.686+0000] {processor.py:925} INFO - DAG(s) 'example_dynamic_task_mapping' retrieved from /home/airflow/.local/lib/python3.12/site-packages/airflow/example_dags/example_dynamic_task_mapping.py
[2024-12-22T11:40:15.728+0000] {logging_mixin.py:190} INFO - [2024-12-22T11:40:15.727+0000] {dag.py:3239} INFO - Sync 1 DAGs
[2024-12-22T11:40:15.762+0000] {logging_mixin.py:190} INFO - [2024-12-22T11:40:15.762+0000] {dag.py:4180} INFO - Setting next_dagrun for example_dynamic_task_mapping to None, run_after=None
[2024-12-22T11:40:15.804+0000] {processor.py:208} INFO - Processing /home/airflow/.local/lib/python3.12/site-packages/airflow/example_dags/example_dynamic_task_mapping.py took 0.160 seconds
[2024-12-22T11:40:52.679+0000] {processor.py:186} INFO - Started process (PID=2532) to work on /home/airflow/.local/lib/python3.12/site-packages/airflow/example_dags/example_dynamic_task_mapping.py
[2024-12-22T11:40:52.682+0000] {processor.py:914} INFO - Processing file /home/airflow/.local/lib/python3.12/site-packages/airflow/example_dags/example_dynamic_task_mapping.py for tasks to queue
[2024-12-22T11:40:52.687+0000] {logging_mixin.py:190} INFO - [2024-12-22T11:40:52.685+0000] {dagbag.py:588} INFO - Filling up the DagBag from /home/airflow/.local/lib/python3.12/site-packages/airflow/example_dags/example_dynamic_task_mapping.py
[2024-12-22T11:40:53.752+0000] {processor.py:925} INFO - DAG(s) 'example_dynamic_task_mapping' retrieved from /home/airflow/.local/lib/python3.12/site-packages/airflow/example_dags/example_dynamic_task_mapping.py
[2024-12-22T11:40:53.873+0000] {logging_mixin.py:190} INFO - [2024-12-22T11:40:53.872+0000] {dag.py:3239} INFO - Sync 1 DAGs
[2024-12-22T11:40:53.961+0000] {logging_mixin.py:190} INFO - [2024-12-22T11:40:53.960+0000] {dag.py:4180} INFO - Setting next_dagrun for example_dynamic_task_mapping to None, run_after=None
[2024-12-22T11:40:55.057+0000] {processor.py:208} INFO - Processing /home/airflow/.local/lib/python3.12/site-packages/airflow/example_dags/example_dynamic_task_mapping.py took 2.404 seconds
[2024-12-22T11:41:26.788+0000] {processor.py:186} INFO - Started process (PID=2596) to work on /home/airflow/.local/lib/python3.12/site-packages/airflow/example_dags/example_dynamic_task_mapping.py
[2024-12-22T11:41:26.790+0000] {processor.py:914} INFO - Processing file /home/airflow/.local/lib/python3.12/site-packages/airflow/example_dags/example_dynamic_task_mapping.py for tasks to queue
[2024-12-22T11:41:26.794+0000] {logging_mixin.py:190} INFO - [2024-12-22T11:41:26.793+0000] {dagbag.py:588} INFO - Filling up the DagBag from /home/airflow/.local/lib/python3.12/site-packages/airflow/example_dags/example_dynamic_task_mapping.py
[2024-12-22T11:41:26.816+0000] {processor.py:925} INFO - DAG(s) 'example_dynamic_task_mapping' retrieved from /home/airflow/.local/lib/python3.12/site-packages/airflow/example_dags/example_dynamic_task_mapping.py
[2024-12-22T11:41:26.864+0000] {logging_mixin.py:190} INFO - [2024-12-22T11:41:26.863+0000] {dag.py:3239} INFO - Sync 1 DAGs
[2024-12-22T11:41:26.905+0000] {logging_mixin.py:190} INFO - [2024-12-22T11:41:26.904+0000] {dag.py:4180} INFO - Setting next_dagrun for example_dynamic_task_mapping to None, run_after=None
[2024-12-22T11:41:26.951+0000] {processor.py:208} INFO - Processing /home/airflow/.local/lib/python3.12/site-packages/airflow/example_dags/example_dynamic_task_mapping.py took 0.178 seconds
[2024-12-22T11:43:13.328+0000] {processor.py:186} INFO - Started process (PID=2665) to work on /home/airflow/.local/lib/python3.12/site-packages/airflow/example_dags/example_dynamic_task_mapping.py
[2024-12-22T11:43:13.336+0000] {processor.py:914} INFO - Processing file /home/airflow/.local/lib/python3.12/site-packages/airflow/example_dags/example_dynamic_task_mapping.py for tasks to queue
[2024-12-22T11:43:13.345+0000] {logging_mixin.py:190} INFO - [2024-12-22T11:43:13.343+0000] {dagbag.py:588} INFO - Filling up the DagBag from /home/airflow/.local/lib/python3.12/site-packages/airflow/example_dags/example_dynamic_task_mapping.py
[2024-12-22T11:43:13.422+0000] {processor.py:925} INFO - DAG(s) 'example_dynamic_task_mapping' retrieved from /home/airflow/.local/lib/python3.12/site-packages/airflow/example_dags/example_dynamic_task_mapping.py
[2024-12-22T11:43:13.523+0000] {logging_mixin.py:190} INFO - [2024-12-22T11:43:13.521+0000] {dag.py:3239} INFO - Sync 1 DAGs
[2024-12-22T11:43:13.583+0000] {logging_mixin.py:190} INFO - [2024-12-22T11:43:13.583+0000] {dag.py:4180} INFO - Setting next_dagrun for example_dynamic_task_mapping to None, run_after=None
[2024-12-22T11:43:13.641+0000] {processor.py:208} INFO - Processing /home/airflow/.local/lib/python3.12/site-packages/airflow/example_dags/example_dynamic_task_mapping.py took 0.373 seconds
[2024-12-22T11:45:46.275+0000] {processor.py:186} INFO - Started process (PID=2733) to work on /home/airflow/.local/lib/python3.12/site-packages/airflow/example_dags/example_dynamic_task_mapping.py
[2024-12-22T11:45:46.279+0000] {processor.py:914} INFO - Processing file /home/airflow/.local/lib/python3.12/site-packages/airflow/example_dags/example_dynamic_task_mapping.py for tasks to queue
[2024-12-22T11:45:46.285+0000] {logging_mixin.py:190} INFO - [2024-12-22T11:45:46.283+0000] {dagbag.py:588} INFO - Filling up the DagBag from /home/airflow/.local/lib/python3.12/site-packages/airflow/example_dags/example_dynamic_task_mapping.py
[2024-12-22T11:45:46.343+0000] {processor.py:925} INFO - DAG(s) 'example_dynamic_task_mapping' retrieved from /home/airflow/.local/lib/python3.12/site-packages/airflow/example_dags/example_dynamic_task_mapping.py
[2024-12-22T11:45:46.434+0000] {logging_mixin.py:190} INFO - [2024-12-22T11:45:46.434+0000] {dag.py:3239} INFO - Sync 1 DAGs
[2024-12-22T11:45:46.591+0000] {logging_mixin.py:190} INFO - [2024-12-22T11:45:46.562+0000] {dag.py:4180} INFO - Setting next_dagrun for example_dynamic_task_mapping to None, run_after=None
[2024-12-22T11:45:46.765+0000] {processor.py:208} INFO - Processing /home/airflow/.local/lib/python3.12/site-packages/airflow/example_dags/example_dynamic_task_mapping.py took 0.571 seconds
[2024-12-22T11:50:04.688+0000] {processor.py:186} INFO - Started process (PID=80) to work on /home/airflow/.local/lib/python3.12/site-packages/airflow/example_dags/example_dynamic_task_mapping.py
[2024-12-22T11:50:04.691+0000] {processor.py:914} INFO - Processing file /home/airflow/.local/lib/python3.12/site-packages/airflow/example_dags/example_dynamic_task_mapping.py for tasks to queue
[2024-12-22T11:50:04.694+0000] {logging_mixin.py:190} INFO - [2024-12-22T11:50:04.694+0000] {dagbag.py:588} INFO - Filling up the DagBag from /home/airflow/.local/lib/python3.12/site-packages/airflow/example_dags/example_dynamic_task_mapping.py
[2024-12-22T11:50:04.708+0000] {processor.py:925} INFO - DAG(s) 'example_dynamic_task_mapping' retrieved from /home/airflow/.local/lib/python3.12/site-packages/airflow/example_dags/example_dynamic_task_mapping.py
[2024-12-22T11:50:04.746+0000] {logging_mixin.py:190} INFO - [2024-12-22T11:50:04.746+0000] {dag.py:3239} INFO - Sync 1 DAGs
[2024-12-22T11:50:04.775+0000] {logging_mixin.py:190} INFO - [2024-12-22T11:50:04.775+0000] {dag.py:4180} INFO - Setting next_dagrun for example_dynamic_task_mapping to None, run_after=None
[2024-12-22T11:50:04.802+0000] {processor.py:208} INFO - Processing /home/airflow/.local/lib/python3.12/site-packages/airflow/example_dags/example_dynamic_task_mapping.py took 0.124 seconds
[2024-12-22T11:50:36.110+0000] {processor.py:186} INFO - Started process (PID=145) to work on /home/airflow/.local/lib/python3.12/site-packages/airflow/example_dags/example_dynamic_task_mapping.py
[2024-12-22T11:50:36.112+0000] {processor.py:914} INFO - Processing file /home/airflow/.local/lib/python3.12/site-packages/airflow/example_dags/example_dynamic_task_mapping.py for tasks to queue
[2024-12-22T11:50:36.116+0000] {logging_mixin.py:190} INFO - [2024-12-22T11:50:36.115+0000] {dagbag.py:588} INFO - Filling up the DagBag from /home/airflow/.local/lib/python3.12/site-packages/airflow/example_dags/example_dynamic_task_mapping.py
[2024-12-22T11:50:36.130+0000] {processor.py:925} INFO - DAG(s) 'example_dynamic_task_mapping' retrieved from /home/airflow/.local/lib/python3.12/site-packages/airflow/example_dags/example_dynamic_task_mapping.py
[2024-12-22T11:50:36.157+0000] {logging_mixin.py:190} INFO - [2024-12-22T11:50:36.157+0000] {dag.py:3239} INFO - Sync 1 DAGs
[2024-12-22T11:50:36.176+0000] {logging_mixin.py:190} INFO - [2024-12-22T11:50:36.176+0000] {dag.py:4180} INFO - Setting next_dagrun for example_dynamic_task_mapping to None, run_after=None
[2024-12-22T11:50:36.198+0000] {processor.py:208} INFO - Processing /home/airflow/.local/lib/python3.12/site-packages/airflow/example_dags/example_dynamic_task_mapping.py took 0.096 seconds
[2024-12-22T11:51:14.957+0000] {processor.py:186} INFO - Started process (PID=210) to work on /home/airflow/.local/lib/python3.12/site-packages/airflow/example_dags/example_dynamic_task_mapping.py
[2024-12-22T11:51:14.958+0000] {processor.py:914} INFO - Processing file /home/airflow/.local/lib/python3.12/site-packages/airflow/example_dags/example_dynamic_task_mapping.py for tasks to queue
[2024-12-22T11:51:14.961+0000] {logging_mixin.py:190} INFO - [2024-12-22T11:51:14.961+0000] {dagbag.py:588} INFO - Filling up the DagBag from /home/airflow/.local/lib/python3.12/site-packages/airflow/example_dags/example_dynamic_task_mapping.py
[2024-12-22T11:51:14.972+0000] {processor.py:925} INFO - DAG(s) 'example_dynamic_task_mapping' retrieved from /home/airflow/.local/lib/python3.12/site-packages/airflow/example_dags/example_dynamic_task_mapping.py
[2024-12-22T11:51:14.993+0000] {logging_mixin.py:190} INFO - [2024-12-22T11:51:14.992+0000] {dag.py:3239} INFO - Sync 1 DAGs
[2024-12-22T11:51:15.010+0000] {logging_mixin.py:190} INFO - [2024-12-22T11:51:15.010+0000] {dag.py:4180} INFO - Setting next_dagrun for example_dynamic_task_mapping to None, run_after=None
[2024-12-22T11:51:15.030+0000] {processor.py:208} INFO - Processing /home/airflow/.local/lib/python3.12/site-packages/airflow/example_dags/example_dynamic_task_mapping.py took 0.080 seconds
[2024-12-22T11:51:46.656+0000] {processor.py:186} INFO - Started process (PID=275) to work on /home/airflow/.local/lib/python3.12/site-packages/airflow/example_dags/example_dynamic_task_mapping.py
[2024-12-22T11:51:46.657+0000] {processor.py:914} INFO - Processing file /home/airflow/.local/lib/python3.12/site-packages/airflow/example_dags/example_dynamic_task_mapping.py for tasks to queue
[2024-12-22T11:51:46.660+0000] {logging_mixin.py:190} INFO - [2024-12-22T11:51:46.659+0000] {dagbag.py:588} INFO - Filling up the DagBag from /home/airflow/.local/lib/python3.12/site-packages/airflow/example_dags/example_dynamic_task_mapping.py
[2024-12-22T11:51:46.670+0000] {processor.py:925} INFO - DAG(s) 'example_dynamic_task_mapping' retrieved from /home/airflow/.local/lib/python3.12/site-packages/airflow/example_dags/example_dynamic_task_mapping.py
[2024-12-22T11:51:46.692+0000] {logging_mixin.py:190} INFO - [2024-12-22T11:51:46.692+0000] {dag.py:3239} INFO - Sync 1 DAGs
[2024-12-22T11:51:46.710+0000] {logging_mixin.py:190} INFO - [2024-12-22T11:51:46.710+0000] {dag.py:4180} INFO - Setting next_dagrun for example_dynamic_task_mapping to None, run_after=None
[2024-12-22T11:51:46.731+0000] {processor.py:208} INFO - Processing /home/airflow/.local/lib/python3.12/site-packages/airflow/example_dags/example_dynamic_task_mapping.py took 0.082 seconds
[2024-12-22T11:52:17.865+0000] {processor.py:186} INFO - Started process (PID=346) to work on /home/airflow/.local/lib/python3.12/site-packages/airflow/example_dags/example_dynamic_task_mapping.py
[2024-12-22T11:52:17.866+0000] {processor.py:914} INFO - Processing file /home/airflow/.local/lib/python3.12/site-packages/airflow/example_dags/example_dynamic_task_mapping.py for tasks to queue
[2024-12-22T11:52:17.869+0000] {logging_mixin.py:190} INFO - [2024-12-22T11:52:17.869+0000] {dagbag.py:588} INFO - Filling up the DagBag from /home/airflow/.local/lib/python3.12/site-packages/airflow/example_dags/example_dynamic_task_mapping.py
[2024-12-22T11:52:17.881+0000] {processor.py:925} INFO - DAG(s) 'example_dynamic_task_mapping' retrieved from /home/airflow/.local/lib/python3.12/site-packages/airflow/example_dags/example_dynamic_task_mapping.py
[2024-12-22T11:52:17.915+0000] {logging_mixin.py:190} INFO - [2024-12-22T11:52:17.915+0000] {dag.py:3239} INFO - Sync 1 DAGs
[2024-12-22T11:52:17.934+0000] {logging_mixin.py:190} INFO - [2024-12-22T11:52:17.933+0000] {dag.py:4180} INFO - Setting next_dagrun for example_dynamic_task_mapping to None, run_after=None
[2024-12-22T11:52:17.959+0000] {processor.py:208} INFO - Processing /home/airflow/.local/lib/python3.12/site-packages/airflow/example_dags/example_dynamic_task_mapping.py took 0.101 seconds
[2024-12-22T11:52:49.683+0000] {processor.py:186} INFO - Started process (PID=411) to work on /home/airflow/.local/lib/python3.12/site-packages/airflow/example_dags/example_dynamic_task_mapping.py
[2024-12-22T11:52:49.684+0000] {processor.py:914} INFO - Processing file /home/airflow/.local/lib/python3.12/site-packages/airflow/example_dags/example_dynamic_task_mapping.py for tasks to queue
[2024-12-22T11:52:49.688+0000] {logging_mixin.py:190} INFO - [2024-12-22T11:52:49.687+0000] {dagbag.py:588} INFO - Filling up the DagBag from /home/airflow/.local/lib/python3.12/site-packages/airflow/example_dags/example_dynamic_task_mapping.py
[2024-12-22T11:52:49.704+0000] {processor.py:925} INFO - DAG(s) 'example_dynamic_task_mapping' retrieved from /home/airflow/.local/lib/python3.12/site-packages/airflow/example_dags/example_dynamic_task_mapping.py
[2024-12-22T11:52:49.729+0000] {logging_mixin.py:190} INFO - [2024-12-22T11:52:49.729+0000] {dag.py:3239} INFO - Sync 1 DAGs
[2024-12-22T11:52:49.747+0000] {logging_mixin.py:190} INFO - [2024-12-22T11:52:49.747+0000] {dag.py:4180} INFO - Setting next_dagrun for example_dynamic_task_mapping to None, run_after=None
[2024-12-22T11:52:49.768+0000] {processor.py:208} INFO - Processing /home/airflow/.local/lib/python3.12/site-packages/airflow/example_dags/example_dynamic_task_mapping.py took 0.095 seconds
[2024-12-22T11:53:21.004+0000] {processor.py:186} INFO - Started process (PID=476) to work on /home/airflow/.local/lib/python3.12/site-packages/airflow/example_dags/example_dynamic_task_mapping.py
[2024-12-22T11:53:21.005+0000] {processor.py:914} INFO - Processing file /home/airflow/.local/lib/python3.12/site-packages/airflow/example_dags/example_dynamic_task_mapping.py for tasks to queue
[2024-12-22T11:53:21.009+0000] {logging_mixin.py:190} INFO - [2024-12-22T11:53:21.009+0000] {dagbag.py:588} INFO - Filling up the DagBag from /home/airflow/.local/lib/python3.12/site-packages/airflow/example_dags/example_dynamic_task_mapping.py
[2024-12-22T11:53:21.021+0000] {processor.py:925} INFO - DAG(s) 'example_dynamic_task_mapping' retrieved from /home/airflow/.local/lib/python3.12/site-packages/airflow/example_dags/example_dynamic_task_mapping.py
[2024-12-22T11:53:21.044+0000] {logging_mixin.py:190} INFO - [2024-12-22T11:53:21.044+0000] {dag.py:3239} INFO - Sync 1 DAGs
[2024-12-22T11:53:21.062+0000] {logging_mixin.py:190} INFO - [2024-12-22T11:53:21.062+0000] {dag.py:4180} INFO - Setting next_dagrun for example_dynamic_task_mapping to None, run_after=None
[2024-12-22T11:53:21.084+0000] {processor.py:208} INFO - Processing /home/airflow/.local/lib/python3.12/site-packages/airflow/example_dags/example_dynamic_task_mapping.py took 0.087 seconds
[2024-12-22T11:53:52.951+0000] {processor.py:186} INFO - Started process (PID=541) to work on /home/airflow/.local/lib/python3.12/site-packages/airflow/example_dags/example_dynamic_task_mapping.py
[2024-12-22T11:53:52.953+0000] {processor.py:914} INFO - Processing file /home/airflow/.local/lib/python3.12/site-packages/airflow/example_dags/example_dynamic_task_mapping.py for tasks to queue
[2024-12-22T11:53:52.957+0000] {logging_mixin.py:190} INFO - [2024-12-22T11:53:52.957+0000] {dagbag.py:588} INFO - Filling up the DagBag from /home/airflow/.local/lib/python3.12/site-packages/airflow/example_dags/example_dynamic_task_mapping.py
[2024-12-22T11:53:52.978+0000] {processor.py:925} INFO - DAG(s) 'example_dynamic_task_mapping' retrieved from /home/airflow/.local/lib/python3.12/site-packages/airflow/example_dags/example_dynamic_task_mapping.py
[2024-12-22T11:53:53.014+0000] {logging_mixin.py:190} INFO - [2024-12-22T11:53:53.014+0000] {dag.py:3239} INFO - Sync 1 DAGs
[2024-12-22T11:53:53.046+0000] {logging_mixin.py:190} INFO - [2024-12-22T11:53:53.045+0000] {dag.py:4180} INFO - Setting next_dagrun for example_dynamic_task_mapping to None, run_after=None
[2024-12-22T11:53:53.085+0000] {processor.py:208} INFO - Processing /home/airflow/.local/lib/python3.12/site-packages/airflow/example_dags/example_dynamic_task_mapping.py took 0.146 seconds
[2024-12-22T11:54:25.428+0000] {processor.py:186} INFO - Started process (PID=606) to work on /home/airflow/.local/lib/python3.12/site-packages/airflow/example_dags/example_dynamic_task_mapping.py
[2024-12-22T11:54:25.439+0000] {processor.py:914} INFO - Processing file /home/airflow/.local/lib/python3.12/site-packages/airflow/example_dags/example_dynamic_task_mapping.py for tasks to queue
[2024-12-22T11:54:25.442+0000] {logging_mixin.py:190} INFO - [2024-12-22T11:54:25.442+0000] {dagbag.py:588} INFO - Filling up the DagBag from /home/airflow/.local/lib/python3.12/site-packages/airflow/example_dags/example_dynamic_task_mapping.py
[2024-12-22T11:54:25.454+0000] {processor.py:925} INFO - DAG(s) 'example_dynamic_task_mapping' retrieved from /home/airflow/.local/lib/python3.12/site-packages/airflow/example_dags/example_dynamic_task_mapping.py
[2024-12-22T11:54:25.484+0000] {logging_mixin.py:190} INFO - [2024-12-22T11:54:25.484+0000] {dag.py:3239} INFO - Sync 1 DAGs
[2024-12-22T11:54:25.504+0000] {logging_mixin.py:190} INFO - [2024-12-22T11:54:25.504+0000] {dag.py:4180} INFO - Setting next_dagrun for example_dynamic_task_mapping to None, run_after=None
[2024-12-22T11:54:25.529+0000] {processor.py:208} INFO - Processing /home/airflow/.local/lib/python3.12/site-packages/airflow/example_dags/example_dynamic_task_mapping.py took 0.110 seconds
[2024-12-22T11:54:56.906+0000] {processor.py:186} INFO - Started process (PID=671) to work on /home/airflow/.local/lib/python3.12/site-packages/airflow/example_dags/example_dynamic_task_mapping.py
[2024-12-22T11:54:56.907+0000] {processor.py:914} INFO - Processing file /home/airflow/.local/lib/python3.12/site-packages/airflow/example_dags/example_dynamic_task_mapping.py for tasks to queue
[2024-12-22T11:54:56.910+0000] {logging_mixin.py:190} INFO - [2024-12-22T11:54:56.910+0000] {dagbag.py:588} INFO - Filling up the DagBag from /home/airflow/.local/lib/python3.12/site-packages/airflow/example_dags/example_dynamic_task_mapping.py
[2024-12-22T11:54:56.922+0000] {processor.py:925} INFO - DAG(s) 'example_dynamic_task_mapping' retrieved from /home/airflow/.local/lib/python3.12/site-packages/airflow/example_dags/example_dynamic_task_mapping.py
[2024-12-22T11:54:56.946+0000] {logging_mixin.py:190} INFO - [2024-12-22T11:54:56.945+0000] {dag.py:3239} INFO - Sync 1 DAGs
[2024-12-22T11:54:56.965+0000] {logging_mixin.py:190} INFO - [2024-12-22T11:54:56.965+0000] {dag.py:4180} INFO - Setting next_dagrun for example_dynamic_task_mapping to None, run_after=None
[2024-12-22T11:54:56.987+0000] {processor.py:208} INFO - Processing /home/airflow/.local/lib/python3.12/site-packages/airflow/example_dags/example_dynamic_task_mapping.py took 0.089 seconds
[2024-12-22T11:56:35.146+0000] {processor.py:186} INFO - Started process (PID=76) to work on /home/airflow/.local/lib/python3.12/site-packages/airflow/example_dags/example_dynamic_task_mapping.py
[2024-12-22T11:56:35.148+0000] {processor.py:914} INFO - Processing file /home/airflow/.local/lib/python3.12/site-packages/airflow/example_dags/example_dynamic_task_mapping.py for tasks to queue
[2024-12-22T11:56:35.152+0000] {logging_mixin.py:190} INFO - [2024-12-22T11:56:35.151+0000] {dagbag.py:588} INFO - Filling up the DagBag from /home/airflow/.local/lib/python3.12/site-packages/airflow/example_dags/example_dynamic_task_mapping.py
[2024-12-22T11:56:35.164+0000] {processor.py:925} INFO - DAG(s) 'example_dynamic_task_mapping' retrieved from /home/airflow/.local/lib/python3.12/site-packages/airflow/example_dags/example_dynamic_task_mapping.py
[2024-12-22T11:56:35.201+0000] {logging_mixin.py:190} INFO - [2024-12-22T11:56:35.201+0000] {dag.py:3239} INFO - Sync 1 DAGs
[2024-12-22T11:56:35.224+0000] {logging_mixin.py:190} INFO - [2024-12-22T11:56:35.223+0000] {dag.py:4180} INFO - Setting next_dagrun for example_dynamic_task_mapping to None, run_after=None
[2024-12-22T11:56:35.248+0000] {processor.py:208} INFO - Processing /home/airflow/.local/lib/python3.12/site-packages/airflow/example_dags/example_dynamic_task_mapping.py took 0.111 seconds
[2024-12-22T11:57:08.262+0000] {processor.py:186} INFO - Started process (PID=148) to work on /home/airflow/.local/lib/python3.12/site-packages/airflow/example_dags/example_dynamic_task_mapping.py
[2024-12-22T11:57:08.273+0000] {processor.py:914} INFO - Processing file /home/airflow/.local/lib/python3.12/site-packages/airflow/example_dags/example_dynamic_task_mapping.py for tasks to queue
[2024-12-22T11:57:08.278+0000] {logging_mixin.py:190} INFO - [2024-12-22T11:57:08.277+0000] {dagbag.py:588} INFO - Filling up the DagBag from /home/airflow/.local/lib/python3.12/site-packages/airflow/example_dags/example_dynamic_task_mapping.py
[2024-12-22T11:57:08.298+0000] {processor.py:925} INFO - DAG(s) 'example_dynamic_task_mapping' retrieved from /home/airflow/.local/lib/python3.12/site-packages/airflow/example_dags/example_dynamic_task_mapping.py
[2024-12-22T11:57:08.335+0000] {logging_mixin.py:190} INFO - [2024-12-22T11:57:08.335+0000] {dag.py:3239} INFO - Sync 1 DAGs
[2024-12-22T11:57:08.365+0000] {logging_mixin.py:190} INFO - [2024-12-22T11:57:08.364+0000] {dag.py:4180} INFO - Setting next_dagrun for example_dynamic_task_mapping to None, run_after=None
[2024-12-22T11:57:08.403+0000] {processor.py:208} INFO - Processing /home/airflow/.local/lib/python3.12/site-packages/airflow/example_dags/example_dynamic_task_mapping.py took 0.155 seconds
