[2024-12-22T11:18:00.595+0000] {processor.py:186} INFO - Started process (PID=94) to work on /home/airflow/.local/lib/python3.12/site-packages/airflow/example_dags/tutorial.py
[2024-12-22T11:18:00.598+0000] {processor.py:914} INFO - Processing file /home/airflow/.local/lib/python3.12/site-packages/airflow/example_dags/tutorial.py for tasks to queue
[2024-12-22T11:18:00.604+0000] {logging_mixin.py:190} INFO - [2024-12-22T11:18:00.604+0000] {dagbag.py:588} INFO - Filling up the DagBag from /home/airflow/.local/lib/python3.12/site-packages/airflow/example_dags/tutorial.py
[2024-12-22T11:18:00.626+0000] {processor.py:925} INFO - DAG(s) 'tutorial' retrieved from /home/airflow/.local/lib/python3.12/site-packages/airflow/example_dags/tutorial.py
[2024-12-22T11:18:00.675+0000] {logging_mixin.py:190} INFO - [2024-12-22T11:18:00.675+0000] {dag.py:3239} INFO - Sync 1 DAGs
[2024-12-22T11:18:00.747+0000] {logging_mixin.py:190} INFO - [2024-12-22T11:18:00.746+0000] {dag.py:4180} INFO - Setting next_dagrun for tutorial to 2024-12-21 00:00:00+00:00, run_after=2024-12-22 00:00:00+00:00
[2024-12-22T11:18:00.802+0000] {processor.py:208} INFO - Processing /home/airflow/.local/lib/python3.12/site-packages/airflow/example_dags/tutorial.py took 0.229 seconds
[2024-12-22T11:18:31.386+0000] {processor.py:186} INFO - Started process (PID=159) to work on /home/airflow/.local/lib/python3.12/site-packages/airflow/example_dags/tutorial.py
[2024-12-22T11:18:31.391+0000] {processor.py:914} INFO - Processing file /home/airflow/.local/lib/python3.12/site-packages/airflow/example_dags/tutorial.py for tasks to queue
[2024-12-22T11:18:31.403+0000] {logging_mixin.py:190} INFO - [2024-12-22T11:18:31.402+0000] {dagbag.py:588} INFO - Filling up the DagBag from /home/airflow/.local/lib/python3.12/site-packages/airflow/example_dags/tutorial.py
[2024-12-22T11:18:31.443+0000] {processor.py:925} INFO - DAG(s) 'tutorial' retrieved from /home/airflow/.local/lib/python3.12/site-packages/airflow/example_dags/tutorial.py
[2024-12-22T11:18:31.530+0000] {logging_mixin.py:190} INFO - [2024-12-22T11:18:31.529+0000] {dag.py:3239} INFO - Sync 1 DAGs
[2024-12-22T11:18:31.674+0000] {logging_mixin.py:190} INFO - [2024-12-22T11:18:31.673+0000] {dag.py:4180} INFO - Setting next_dagrun for tutorial to 2024-12-21 00:00:00+00:00, run_after=2024-12-22 00:00:00+00:00
[2024-12-22T11:18:31.755+0000] {processor.py:208} INFO - Processing /home/airflow/.local/lib/python3.12/site-packages/airflow/example_dags/tutorial.py took 0.394 seconds
[2024-12-22T11:19:06.665+0000] {processor.py:186} INFO - Started process (PID=230) to work on /home/airflow/.local/lib/python3.12/site-packages/airflow/example_dags/tutorial.py
[2024-12-22T11:19:06.669+0000] {processor.py:914} INFO - Processing file /home/airflow/.local/lib/python3.12/site-packages/airflow/example_dags/tutorial.py for tasks to queue
[2024-12-22T11:19:06.675+0000] {logging_mixin.py:190} INFO - [2024-12-22T11:19:06.675+0000] {dagbag.py:588} INFO - Filling up the DagBag from /home/airflow/.local/lib/python3.12/site-packages/airflow/example_dags/tutorial.py
[2024-12-22T11:19:06.696+0000] {processor.py:925} INFO - DAG(s) 'tutorial' retrieved from /home/airflow/.local/lib/python3.12/site-packages/airflow/example_dags/tutorial.py
[2024-12-22T11:19:06.740+0000] {logging_mixin.py:190} INFO - [2024-12-22T11:19:06.739+0000] {dag.py:3239} INFO - Sync 1 DAGs
[2024-12-22T11:19:06.800+0000] {logging_mixin.py:190} INFO - [2024-12-22T11:19:06.799+0000] {dag.py:4180} INFO - Setting next_dagrun for tutorial to 2024-12-21 00:00:00+00:00, run_after=2024-12-22 00:00:00+00:00
[2024-12-22T11:19:07.842+0000] {processor.py:208} INFO - Processing /home/airflow/.local/lib/python3.12/site-packages/airflow/example_dags/tutorial.py took 1.191 seconds
[2024-12-22T11:19:39.394+0000] {processor.py:186} INFO - Started process (PID=296) to work on /home/airflow/.local/lib/python3.12/site-packages/airflow/example_dags/tutorial.py
[2024-12-22T11:19:39.397+0000] {processor.py:914} INFO - Processing file /home/airflow/.local/lib/python3.12/site-packages/airflow/example_dags/tutorial.py for tasks to queue
[2024-12-22T11:19:39.405+0000] {logging_mixin.py:190} INFO - [2024-12-22T11:19:39.403+0000] {dagbag.py:588} INFO - Filling up the DagBag from /home/airflow/.local/lib/python3.12/site-packages/airflow/example_dags/tutorial.py
[2024-12-22T11:19:39.436+0000] {processor.py:925} INFO - DAG(s) 'tutorial' retrieved from /home/airflow/.local/lib/python3.12/site-packages/airflow/example_dags/tutorial.py
[2024-12-22T11:19:39.503+0000] {logging_mixin.py:190} INFO - [2024-12-22T11:19:39.502+0000] {dag.py:3239} INFO - Sync 1 DAGs
[2024-12-22T11:19:39.584+0000] {logging_mixin.py:190} INFO - [2024-12-22T11:19:39.583+0000] {dag.py:4180} INFO - Setting next_dagrun for tutorial to 2024-12-21 00:00:00+00:00, run_after=2024-12-22 00:00:00+00:00
[2024-12-22T11:19:40.721+0000] {processor.py:208} INFO - Processing /home/airflow/.local/lib/python3.12/site-packages/airflow/example_dags/tutorial.py took 1.346 seconds
[2024-12-22T11:20:19.823+0000] {processor.py:186} INFO - Started process (PID=362) to work on /home/airflow/.local/lib/python3.12/site-packages/airflow/example_dags/tutorial.py
[2024-12-22T11:20:19.825+0000] {processor.py:914} INFO - Processing file /home/airflow/.local/lib/python3.12/site-packages/airflow/example_dags/tutorial.py for tasks to queue
[2024-12-22T11:20:19.832+0000] {logging_mixin.py:190} INFO - [2024-12-22T11:20:19.831+0000] {dagbag.py:588} INFO - Filling up the DagBag from /home/airflow/.local/lib/python3.12/site-packages/airflow/example_dags/tutorial.py
[2024-12-22T11:20:19.857+0000] {processor.py:925} INFO - DAG(s) 'tutorial' retrieved from /home/airflow/.local/lib/python3.12/site-packages/airflow/example_dags/tutorial.py
[2024-12-22T11:20:19.909+0000] {logging_mixin.py:190} INFO - [2024-12-22T11:20:19.909+0000] {dag.py:3239} INFO - Sync 1 DAGs
[2024-12-22T11:20:19.973+0000] {logging_mixin.py:190} INFO - [2024-12-22T11:20:19.973+0000] {dag.py:4180} INFO - Setting next_dagrun for tutorial to 2024-12-21 00:00:00+00:00, run_after=2024-12-22 00:00:00+00:00
[2024-12-22T11:20:20.029+0000] {processor.py:208} INFO - Processing /home/airflow/.local/lib/python3.12/site-packages/airflow/example_dags/tutorial.py took 0.220 seconds
[2024-12-22T11:20:50.589+0000] {processor.py:186} INFO - Started process (PID=427) to work on /home/airflow/.local/lib/python3.12/site-packages/airflow/example_dags/tutorial.py
[2024-12-22T11:20:50.591+0000] {processor.py:914} INFO - Processing file /home/airflow/.local/lib/python3.12/site-packages/airflow/example_dags/tutorial.py for tasks to queue
[2024-12-22T11:20:50.597+0000] {logging_mixin.py:190} INFO - [2024-12-22T11:20:50.596+0000] {dagbag.py:588} INFO - Filling up the DagBag from /home/airflow/.local/lib/python3.12/site-packages/airflow/example_dags/tutorial.py
[2024-12-22T11:20:50.622+0000] {processor.py:925} INFO - DAG(s) 'tutorial' retrieved from /home/airflow/.local/lib/python3.12/site-packages/airflow/example_dags/tutorial.py
[2024-12-22T11:20:51.126+0000] {logging_mixin.py:190} INFO - [2024-12-22T11:20:51.125+0000] {dag.py:3239} INFO - Sync 1 DAGs
[2024-12-22T11:20:51.204+0000] {logging_mixin.py:190} INFO - [2024-12-22T11:20:51.203+0000] {dag.py:4180} INFO - Setting next_dagrun for tutorial to 2024-12-21 00:00:00+00:00, run_after=2024-12-22 00:00:00+00:00
[2024-12-22T11:20:51.252+0000] {processor.py:208} INFO - Processing /home/airflow/.local/lib/python3.12/site-packages/airflow/example_dags/tutorial.py took 1.246 seconds
[2024-12-22T11:21:28.503+0000] {processor.py:186} INFO - Started process (PID=492) to work on /home/airflow/.local/lib/python3.12/site-packages/airflow/example_dags/tutorial.py
[2024-12-22T11:21:28.520+0000] {processor.py:914} INFO - Processing file /home/airflow/.local/lib/python3.12/site-packages/airflow/example_dags/tutorial.py for tasks to queue
[2024-12-22T11:21:28.525+0000] {logging_mixin.py:190} INFO - [2024-12-22T11:21:28.524+0000] {dagbag.py:588} INFO - Filling up the DagBag from /home/airflow/.local/lib/python3.12/site-packages/airflow/example_dags/tutorial.py
[2024-12-22T11:21:28.544+0000] {processor.py:925} INFO - DAG(s) 'tutorial' retrieved from /home/airflow/.local/lib/python3.12/site-packages/airflow/example_dags/tutorial.py
[2024-12-22T11:21:28.591+0000] {logging_mixin.py:190} INFO - [2024-12-22T11:21:28.591+0000] {dag.py:3239} INFO - Sync 1 DAGs
[2024-12-22T11:21:28.661+0000] {logging_mixin.py:190} INFO - [2024-12-22T11:21:28.661+0000] {dag.py:4180} INFO - Setting next_dagrun for tutorial to 2024-12-21 00:00:00+00:00, run_after=2024-12-22 00:00:00+00:00
[2024-12-22T11:21:29.813+0000] {processor.py:208} INFO - Processing /home/airflow/.local/lib/python3.12/site-packages/airflow/example_dags/tutorial.py took 1.324 seconds
[2024-12-22T11:22:06.474+0000] {processor.py:186} INFO - Started process (PID=564) to work on /home/airflow/.local/lib/python3.12/site-packages/airflow/example_dags/tutorial.py
[2024-12-22T11:22:06.477+0000] {processor.py:914} INFO - Processing file /home/airflow/.local/lib/python3.12/site-packages/airflow/example_dags/tutorial.py for tasks to queue
[2024-12-22T11:22:06.485+0000] {logging_mixin.py:190} INFO - [2024-12-22T11:22:06.483+0000] {dagbag.py:588} INFO - Filling up the DagBag from /home/airflow/.local/lib/python3.12/site-packages/airflow/example_dags/tutorial.py
[2024-12-22T11:22:06.508+0000] {processor.py:925} INFO - DAG(s) 'tutorial' retrieved from /home/airflow/.local/lib/python3.12/site-packages/airflow/example_dags/tutorial.py
[2024-12-22T11:22:06.565+0000] {logging_mixin.py:190} INFO - [2024-12-22T11:22:06.565+0000] {dag.py:3239} INFO - Sync 1 DAGs
[2024-12-22T11:22:06.648+0000] {logging_mixin.py:190} INFO - [2024-12-22T11:22:06.647+0000] {dag.py:4180} INFO - Setting next_dagrun for tutorial to 2024-12-21 00:00:00+00:00, run_after=2024-12-22 00:00:00+00:00
[2024-12-22T11:22:06.711+0000] {processor.py:208} INFO - Processing /home/airflow/.local/lib/python3.12/site-packages/airflow/example_dags/tutorial.py took 0.256 seconds
[2024-12-22T11:22:37.891+0000] {processor.py:186} INFO - Started process (PID=629) to work on /home/airflow/.local/lib/python3.12/site-packages/airflow/example_dags/tutorial.py
[2024-12-22T11:22:37.894+0000] {processor.py:914} INFO - Processing file /home/airflow/.local/lib/python3.12/site-packages/airflow/example_dags/tutorial.py for tasks to queue
[2024-12-22T11:22:37.901+0000] {logging_mixin.py:190} INFO - [2024-12-22T11:22:37.900+0000] {dagbag.py:588} INFO - Filling up the DagBag from /home/airflow/.local/lib/python3.12/site-packages/airflow/example_dags/tutorial.py
[2024-12-22T11:22:37.925+0000] {processor.py:925} INFO - DAG(s) 'tutorial' retrieved from /home/airflow/.local/lib/python3.12/site-packages/airflow/example_dags/tutorial.py
[2024-12-22T11:22:37.977+0000] {logging_mixin.py:190} INFO - [2024-12-22T11:22:37.976+0000] {dag.py:3239} INFO - Sync 1 DAGs
[2024-12-22T11:22:38.047+0000] {logging_mixin.py:190} INFO - [2024-12-22T11:22:38.047+0000] {dag.py:4180} INFO - Setting next_dagrun for tutorial to 2024-12-21 00:00:00+00:00, run_after=2024-12-22 00:00:00+00:00
[2024-12-22T11:22:38.945+0000] {processor.py:208} INFO - Processing /home/airflow/.local/lib/python3.12/site-packages/airflow/example_dags/tutorial.py took 1.072 seconds
[2024-12-22T11:23:22.353+0000] {processor.py:186} INFO - Started process (PID=693) to work on /home/airflow/.local/lib/python3.12/site-packages/airflow/example_dags/tutorial.py
[2024-12-22T11:23:22.358+0000] {processor.py:914} INFO - Processing file /home/airflow/.local/lib/python3.12/site-packages/airflow/example_dags/tutorial.py for tasks to queue
[2024-12-22T11:23:22.373+0000] {logging_mixin.py:190} INFO - [2024-12-22T11:23:22.371+0000] {dagbag.py:588} INFO - Filling up the DagBag from /home/airflow/.local/lib/python3.12/site-packages/airflow/example_dags/tutorial.py
[2024-12-22T11:23:22.421+0000] {processor.py:925} INFO - DAG(s) 'tutorial' retrieved from /home/airflow/.local/lib/python3.12/site-packages/airflow/example_dags/tutorial.py
[2024-12-22T11:23:22.535+0000] {logging_mixin.py:190} INFO - [2024-12-22T11:23:22.533+0000] {dag.py:3239} INFO - Sync 1 DAGs
[2024-12-22T11:23:22.678+0000] {logging_mixin.py:190} INFO - [2024-12-22T11:23:22.677+0000] {dag.py:4180} INFO - Setting next_dagrun for tutorial to 2024-12-21 00:00:00+00:00, run_after=2024-12-22 00:00:00+00:00
[2024-12-22T11:23:22.757+0000] {processor.py:208} INFO - Processing /home/airflow/.local/lib/python3.12/site-packages/airflow/example_dags/tutorial.py took 0.438 seconds
[2024-12-22T11:23:53.042+0000] {processor.py:186} INFO - Started process (PID=760) to work on /home/airflow/.local/lib/python3.12/site-packages/airflow/example_dags/tutorial.py
[2024-12-22T11:23:53.045+0000] {processor.py:914} INFO - Processing file /home/airflow/.local/lib/python3.12/site-packages/airflow/example_dags/tutorial.py for tasks to queue
[2024-12-22T11:23:53.051+0000] {logging_mixin.py:190} INFO - [2024-12-22T11:23:53.050+0000] {dagbag.py:588} INFO - Filling up the DagBag from /home/airflow/.local/lib/python3.12/site-packages/airflow/example_dags/tutorial.py
[2024-12-22T11:23:53.081+0000] {processor.py:925} INFO - DAG(s) 'tutorial' retrieved from /home/airflow/.local/lib/python3.12/site-packages/airflow/example_dags/tutorial.py
[2024-12-22T11:23:53.135+0000] {logging_mixin.py:190} INFO - [2024-12-22T11:23:53.132+0000] {dag.py:3239} INFO - Sync 1 DAGs
[2024-12-22T11:23:53.245+0000] {logging_mixin.py:190} INFO - [2024-12-22T11:23:53.245+0000] {dag.py:4180} INFO - Setting next_dagrun for tutorial to 2024-12-21 00:00:00+00:00, run_after=2024-12-22 00:00:00+00:00
[2024-12-22T11:23:53.304+0000] {processor.py:208} INFO - Processing /home/airflow/.local/lib/python3.12/site-packages/airflow/example_dags/tutorial.py took 0.282 seconds
[2024-12-22T11:24:25.605+0000] {processor.py:186} INFO - Started process (PID=825) to work on /home/airflow/.local/lib/python3.12/site-packages/airflow/example_dags/tutorial.py
[2024-12-22T11:24:25.608+0000] {processor.py:914} INFO - Processing file /home/airflow/.local/lib/python3.12/site-packages/airflow/example_dags/tutorial.py for tasks to queue
[2024-12-22T11:24:25.613+0000] {logging_mixin.py:190} INFO - [2024-12-22T11:24:25.613+0000] {dagbag.py:588} INFO - Filling up the DagBag from /home/airflow/.local/lib/python3.12/site-packages/airflow/example_dags/tutorial.py
[2024-12-22T11:24:25.638+0000] {processor.py:925} INFO - DAG(s) 'tutorial' retrieved from /home/airflow/.local/lib/python3.12/site-packages/airflow/example_dags/tutorial.py
[2024-12-22T11:24:25.684+0000] {logging_mixin.py:190} INFO - [2024-12-22T11:24:25.683+0000] {dag.py:3239} INFO - Sync 1 DAGs
[2024-12-22T11:24:25.752+0000] {logging_mixin.py:190} INFO - [2024-12-22T11:24:25.751+0000] {dag.py:4180} INFO - Setting next_dagrun for tutorial to 2024-12-21 00:00:00+00:00, run_after=2024-12-22 00:00:00+00:00
[2024-12-22T11:24:25.791+0000] {processor.py:208} INFO - Processing /home/airflow/.local/lib/python3.12/site-packages/airflow/example_dags/tutorial.py took 0.199 seconds
[2024-12-22T11:24:56.162+0000] {processor.py:186} INFO - Started process (PID=890) to work on /home/airflow/.local/lib/python3.12/site-packages/airflow/example_dags/tutorial.py
[2024-12-22T11:24:56.165+0000] {processor.py:914} INFO - Processing file /home/airflow/.local/lib/python3.12/site-packages/airflow/example_dags/tutorial.py for tasks to queue
[2024-12-22T11:24:56.170+0000] {logging_mixin.py:190} INFO - [2024-12-22T11:24:56.170+0000] {dagbag.py:588} INFO - Filling up the DagBag from /home/airflow/.local/lib/python3.12/site-packages/airflow/example_dags/tutorial.py
[2024-12-22T11:24:56.189+0000] {processor.py:925} INFO - DAG(s) 'tutorial' retrieved from /home/airflow/.local/lib/python3.12/site-packages/airflow/example_dags/tutorial.py
[2024-12-22T11:24:56.240+0000] {logging_mixin.py:190} INFO - [2024-12-22T11:24:56.240+0000] {dag.py:3239} INFO - Sync 1 DAGs
[2024-12-22T11:24:56.311+0000] {logging_mixin.py:190} INFO - [2024-12-22T11:24:56.311+0000] {dag.py:4180} INFO - Setting next_dagrun for tutorial to 2024-12-21 00:00:00+00:00, run_after=2024-12-22 00:00:00+00:00
[2024-12-22T11:24:56.363+0000] {processor.py:208} INFO - Processing /home/airflow/.local/lib/python3.12/site-packages/airflow/example_dags/tutorial.py took 0.218 seconds
[2024-12-22T11:25:31.225+0000] {processor.py:186} INFO - Started process (PID=955) to work on /home/airflow/.local/lib/python3.12/site-packages/airflow/example_dags/tutorial.py
[2024-12-22T11:25:31.230+0000] {processor.py:914} INFO - Processing file /home/airflow/.local/lib/python3.12/site-packages/airflow/example_dags/tutorial.py for tasks to queue
[2024-12-22T11:25:31.240+0000] {logging_mixin.py:190} INFO - [2024-12-22T11:25:31.238+0000] {dagbag.py:588} INFO - Filling up the DagBag from /home/airflow/.local/lib/python3.12/site-packages/airflow/example_dags/tutorial.py
[2024-12-22T11:25:31.274+0000] {processor.py:925} INFO - DAG(s) 'tutorial' retrieved from /home/airflow/.local/lib/python3.12/site-packages/airflow/example_dags/tutorial.py
[2024-12-22T11:25:31.375+0000] {logging_mixin.py:190} INFO - [2024-12-22T11:25:31.374+0000] {dag.py:3239} INFO - Sync 1 DAGs
[2024-12-22T11:25:31.451+0000] {logging_mixin.py:190} INFO - [2024-12-22T11:25:31.450+0000] {dag.py:4180} INFO - Setting next_dagrun for tutorial to 2024-12-21 00:00:00+00:00, run_after=2024-12-22 00:00:00+00:00
[2024-12-22T11:25:31.493+0000] {processor.py:208} INFO - Processing /home/airflow/.local/lib/python3.12/site-packages/airflow/example_dags/tutorial.py took 0.293 seconds
[2024-12-22T11:26:32.658+0000] {processor.py:186} INFO - Started process (PID=1037) to work on /home/airflow/.local/lib/python3.12/site-packages/airflow/example_dags/tutorial.py
[2024-12-22T11:26:32.661+0000] {processor.py:914} INFO - Processing file /home/airflow/.local/lib/python3.12/site-packages/airflow/example_dags/tutorial.py for tasks to queue
[2024-12-22T11:26:32.668+0000] {logging_mixin.py:190} INFO - [2024-12-22T11:26:32.667+0000] {dagbag.py:588} INFO - Filling up the DagBag from /home/airflow/.local/lib/python3.12/site-packages/airflow/example_dags/tutorial.py
[2024-12-22T11:26:32.691+0000] {processor.py:925} INFO - DAG(s) 'tutorial' retrieved from /home/airflow/.local/lib/python3.12/site-packages/airflow/example_dags/tutorial.py
[2024-12-22T11:26:32.744+0000] {logging_mixin.py:190} INFO - [2024-12-22T11:26:32.743+0000] {dag.py:3239} INFO - Sync 1 DAGs
[2024-12-22T11:26:32.823+0000] {logging_mixin.py:190} INFO - [2024-12-22T11:26:32.822+0000] {dag.py:4180} INFO - Setting next_dagrun for tutorial to 2024-12-21 00:00:00+00:00, run_after=2024-12-22 00:00:00+00:00
[2024-12-22T11:26:32.872+0000] {processor.py:208} INFO - Processing /home/airflow/.local/lib/python3.12/site-packages/airflow/example_dags/tutorial.py took 0.232 seconds
[2024-12-22T11:27:08.815+0000] {processor.py:186} INFO - Started process (PID=1102) to work on /home/airflow/.local/lib/python3.12/site-packages/airflow/example_dags/tutorial.py
[2024-12-22T11:27:08.818+0000] {processor.py:914} INFO - Processing file /home/airflow/.local/lib/python3.12/site-packages/airflow/example_dags/tutorial.py for tasks to queue
[2024-12-22T11:27:08.821+0000] {logging_mixin.py:190} INFO - [2024-12-22T11:27:08.820+0000] {dagbag.py:588} INFO - Filling up the DagBag from /home/airflow/.local/lib/python3.12/site-packages/airflow/example_dags/tutorial.py
[2024-12-22T11:27:08.845+0000] {processor.py:925} INFO - DAG(s) 'tutorial' retrieved from /home/airflow/.local/lib/python3.12/site-packages/airflow/example_dags/tutorial.py
[2024-12-22T11:27:08.901+0000] {logging_mixin.py:190} INFO - [2024-12-22T11:27:08.900+0000] {dag.py:3239} INFO - Sync 1 DAGs
[2024-12-22T11:27:08.967+0000] {logging_mixin.py:190} INFO - [2024-12-22T11:27:08.967+0000] {dag.py:4180} INFO - Setting next_dagrun for tutorial to 2024-12-21 00:00:00+00:00, run_after=2024-12-22 00:00:00+00:00
[2024-12-22T11:27:09.015+0000] {processor.py:208} INFO - Processing /home/airflow/.local/lib/python3.12/site-packages/airflow/example_dags/tutorial.py took 0.214 seconds
[2024-12-22T11:27:47.939+0000] {processor.py:186} INFO - Started process (PID=1167) to work on /home/airflow/.local/lib/python3.12/site-packages/airflow/example_dags/tutorial.py
[2024-12-22T11:27:47.942+0000] {processor.py:914} INFO - Processing file /home/airflow/.local/lib/python3.12/site-packages/airflow/example_dags/tutorial.py for tasks to queue
[2024-12-22T11:27:47.945+0000] {logging_mixin.py:190} INFO - [2024-12-22T11:27:47.944+0000] {dagbag.py:588} INFO - Filling up the DagBag from /home/airflow/.local/lib/python3.12/site-packages/airflow/example_dags/tutorial.py
[2024-12-22T11:27:47.970+0000] {processor.py:925} INFO - DAG(s) 'tutorial' retrieved from /home/airflow/.local/lib/python3.12/site-packages/airflow/example_dags/tutorial.py
[2024-12-22T11:27:48.016+0000] {logging_mixin.py:190} INFO - [2024-12-22T11:27:48.015+0000] {dag.py:3239} INFO - Sync 1 DAGs
[2024-12-22T11:27:48.078+0000] {logging_mixin.py:190} INFO - [2024-12-22T11:27:48.077+0000] {dag.py:4180} INFO - Setting next_dagrun for tutorial to 2024-12-21 00:00:00+00:00, run_after=2024-12-22 00:00:00+00:00
[2024-12-22T11:27:48.117+0000] {processor.py:208} INFO - Processing /home/airflow/.local/lib/python3.12/site-packages/airflow/example_dags/tutorial.py took 0.201 seconds
[2024-12-22T11:28:27.080+0000] {processor.py:186} INFO - Started process (PID=1234) to work on /home/airflow/.local/lib/python3.12/site-packages/airflow/example_dags/tutorial.py
[2024-12-22T11:28:27.082+0000] {processor.py:914} INFO - Processing file /home/airflow/.local/lib/python3.12/site-packages/airflow/example_dags/tutorial.py for tasks to queue
[2024-12-22T11:28:27.086+0000] {logging_mixin.py:190} INFO - [2024-12-22T11:28:27.085+0000] {dagbag.py:588} INFO - Filling up the DagBag from /home/airflow/.local/lib/python3.12/site-packages/airflow/example_dags/tutorial.py
[2024-12-22T11:28:27.111+0000] {processor.py:925} INFO - DAG(s) 'tutorial' retrieved from /home/airflow/.local/lib/python3.12/site-packages/airflow/example_dags/tutorial.py
[2024-12-22T11:28:27.157+0000] {logging_mixin.py:190} INFO - [2024-12-22T11:28:27.156+0000] {dag.py:3239} INFO - Sync 1 DAGs
[2024-12-22T11:28:27.215+0000] {logging_mixin.py:190} INFO - [2024-12-22T11:28:27.214+0000] {dag.py:4180} INFO - Setting next_dagrun for tutorial to 2024-12-21 00:00:00+00:00, run_after=2024-12-22 00:00:00+00:00
[2024-12-22T11:28:27.254+0000] {processor.py:208} INFO - Processing /home/airflow/.local/lib/python3.12/site-packages/airflow/example_dags/tutorial.py took 0.194 seconds
[2024-12-22T11:29:01.163+0000] {processor.py:186} INFO - Started process (PID=1305) to work on /home/airflow/.local/lib/python3.12/site-packages/airflow/example_dags/tutorial.py
[2024-12-22T11:29:01.166+0000] {processor.py:914} INFO - Processing file /home/airflow/.local/lib/python3.12/site-packages/airflow/example_dags/tutorial.py for tasks to queue
[2024-12-22T11:29:01.170+0000] {logging_mixin.py:190} INFO - [2024-12-22T11:29:01.169+0000] {dagbag.py:588} INFO - Filling up the DagBag from /home/airflow/.local/lib/python3.12/site-packages/airflow/example_dags/tutorial.py
[2024-12-22T11:29:01.199+0000] {processor.py:925} INFO - DAG(s) 'tutorial' retrieved from /home/airflow/.local/lib/python3.12/site-packages/airflow/example_dags/tutorial.py
[2024-12-22T11:29:01.255+0000] {logging_mixin.py:190} INFO - [2024-12-22T11:29:01.254+0000] {dag.py:3239} INFO - Sync 1 DAGs
[2024-12-22T11:29:02.312+0000] {logging_mixin.py:190} INFO - [2024-12-22T11:29:02.311+0000] {dag.py:4180} INFO - Setting next_dagrun for tutorial to 2024-12-21 00:00:00+00:00, run_after=2024-12-22 00:00:00+00:00
[2024-12-22T11:29:02.364+0000] {processor.py:208} INFO - Processing /home/airflow/.local/lib/python3.12/site-packages/airflow/example_dags/tutorial.py took 1.220 seconds
[2024-12-22T11:29:34.925+0000] {processor.py:186} INFO - Started process (PID=1372) to work on /home/airflow/.local/lib/python3.12/site-packages/airflow/example_dags/tutorial.py
[2024-12-22T11:29:34.928+0000] {processor.py:914} INFO - Processing file /home/airflow/.local/lib/python3.12/site-packages/airflow/example_dags/tutorial.py for tasks to queue
[2024-12-22T11:29:34.932+0000] {logging_mixin.py:190} INFO - [2024-12-22T11:29:34.931+0000] {dagbag.py:588} INFO - Filling up the DagBag from /home/airflow/.local/lib/python3.12/site-packages/airflow/example_dags/tutorial.py
[2024-12-22T11:29:34.963+0000] {processor.py:925} INFO - DAG(s) 'tutorial' retrieved from /home/airflow/.local/lib/python3.12/site-packages/airflow/example_dags/tutorial.py
[2024-12-22T11:29:35.015+0000] {logging_mixin.py:190} INFO - [2024-12-22T11:29:35.014+0000] {dag.py:3239} INFO - Sync 1 DAGs
[2024-12-22T11:29:35.069+0000] {logging_mixin.py:190} INFO - [2024-12-22T11:29:35.068+0000] {dag.py:4180} INFO - Setting next_dagrun for tutorial to 2024-12-21 00:00:00+00:00, run_after=2024-12-22 00:00:00+00:00
[2024-12-22T11:29:35.109+0000] {processor.py:208} INFO - Processing /home/airflow/.local/lib/python3.12/site-packages/airflow/example_dags/tutorial.py took 0.205 seconds
[2024-12-22T11:30:08.651+0000] {processor.py:186} INFO - Started process (PID=1437) to work on /home/airflow/.local/lib/python3.12/site-packages/airflow/example_dags/tutorial.py
[2024-12-22T11:30:08.654+0000] {processor.py:914} INFO - Processing file /home/airflow/.local/lib/python3.12/site-packages/airflow/example_dags/tutorial.py for tasks to queue
[2024-12-22T11:30:08.660+0000] {logging_mixin.py:190} INFO - [2024-12-22T11:30:08.659+0000] {dagbag.py:588} INFO - Filling up the DagBag from /home/airflow/.local/lib/python3.12/site-packages/airflow/example_dags/tutorial.py
[2024-12-22T11:30:08.699+0000] {processor.py:925} INFO - DAG(s) 'tutorial' retrieved from /home/airflow/.local/lib/python3.12/site-packages/airflow/example_dags/tutorial.py
[2024-12-22T11:30:08.748+0000] {logging_mixin.py:190} INFO - [2024-12-22T11:30:08.748+0000] {dag.py:3239} INFO - Sync 1 DAGs
[2024-12-22T11:30:08.813+0000] {logging_mixin.py:190} INFO - [2024-12-22T11:30:08.812+0000] {dag.py:4180} INFO - Setting next_dagrun for tutorial to 2024-12-21 00:00:00+00:00, run_after=2024-12-22 00:00:00+00:00
[2024-12-22T11:30:08.850+0000] {processor.py:208} INFO - Processing /home/airflow/.local/lib/python3.12/site-packages/airflow/example_dags/tutorial.py took 0.236 seconds
[2024-12-22T11:30:38.955+0000] {processor.py:186} INFO - Started process (PID=1501) to work on /home/airflow/.local/lib/python3.12/site-packages/airflow/example_dags/tutorial.py
[2024-12-22T11:30:38.959+0000] {processor.py:914} INFO - Processing file /home/airflow/.local/lib/python3.12/site-packages/airflow/example_dags/tutorial.py for tasks to queue
[2024-12-22T11:30:38.964+0000] {logging_mixin.py:190} INFO - [2024-12-22T11:30:38.962+0000] {dagbag.py:588} INFO - Filling up the DagBag from /home/airflow/.local/lib/python3.12/site-packages/airflow/example_dags/tutorial.py
[2024-12-22T11:30:38.992+0000] {processor.py:925} INFO - DAG(s) 'tutorial' retrieved from /home/airflow/.local/lib/python3.12/site-packages/airflow/example_dags/tutorial.py
[2024-12-22T11:30:39.058+0000] {logging_mixin.py:190} INFO - [2024-12-22T11:30:39.058+0000] {dag.py:3239} INFO - Sync 1 DAGs
[2024-12-22T11:30:39.154+0000] {logging_mixin.py:190} INFO - [2024-12-22T11:30:39.153+0000] {dag.py:4180} INFO - Setting next_dagrun for tutorial to 2024-12-21 00:00:00+00:00, run_after=2024-12-22 00:00:00+00:00
[2024-12-22T11:30:39.208+0000] {processor.py:208} INFO - Processing /home/airflow/.local/lib/python3.12/site-packages/airflow/example_dags/tutorial.py took 0.273 seconds
[2024-12-22T11:31:14.019+0000] {processor.py:186} INFO - Started process (PID=1567) to work on /home/airflow/.local/lib/python3.12/site-packages/airflow/example_dags/tutorial.py
[2024-12-22T11:31:14.021+0000] {processor.py:914} INFO - Processing file /home/airflow/.local/lib/python3.12/site-packages/airflow/example_dags/tutorial.py for tasks to queue
[2024-12-22T11:31:14.028+0000] {logging_mixin.py:190} INFO - [2024-12-22T11:31:14.027+0000] {dagbag.py:588} INFO - Filling up the DagBag from /home/airflow/.local/lib/python3.12/site-packages/airflow/example_dags/tutorial.py
[2024-12-22T11:31:14.068+0000] {processor.py:925} INFO - DAG(s) 'tutorial' retrieved from /home/airflow/.local/lib/python3.12/site-packages/airflow/example_dags/tutorial.py
[2024-12-22T11:31:14.145+0000] {logging_mixin.py:190} INFO - [2024-12-22T11:31:14.145+0000] {dag.py:3239} INFO - Sync 1 DAGs
[2024-12-22T11:31:14.295+0000] {logging_mixin.py:190} INFO - [2024-12-22T11:31:14.294+0000] {dag.py:4180} INFO - Setting next_dagrun for tutorial to 2024-12-21 00:00:00+00:00, run_after=2024-12-22 00:00:00+00:00
[2024-12-22T11:31:14.353+0000] {processor.py:208} INFO - Processing /home/airflow/.local/lib/python3.12/site-packages/airflow/example_dags/tutorial.py took 0.358 seconds
[2024-12-22T11:31:51.048+0000] {processor.py:186} INFO - Started process (PID=1632) to work on /home/airflow/.local/lib/python3.12/site-packages/airflow/example_dags/tutorial.py
[2024-12-22T11:31:51.050+0000] {processor.py:914} INFO - Processing file /home/airflow/.local/lib/python3.12/site-packages/airflow/example_dags/tutorial.py for tasks to queue
[2024-12-22T11:31:51.053+0000] {logging_mixin.py:190} INFO - [2024-12-22T11:31:51.052+0000] {dagbag.py:588} INFO - Filling up the DagBag from /home/airflow/.local/lib/python3.12/site-packages/airflow/example_dags/tutorial.py
[2024-12-22T11:31:51.075+0000] {processor.py:925} INFO - DAG(s) 'tutorial' retrieved from /home/airflow/.local/lib/python3.12/site-packages/airflow/example_dags/tutorial.py
[2024-12-22T11:31:51.133+0000] {logging_mixin.py:190} INFO - [2024-12-22T11:31:51.133+0000] {dag.py:3239} INFO - Sync 1 DAGs
[2024-12-22T11:31:51.219+0000] {logging_mixin.py:190} INFO - [2024-12-22T11:31:51.218+0000] {dag.py:4180} INFO - Setting next_dagrun for tutorial to 2024-12-21 00:00:00+00:00, run_after=2024-12-22 00:00:00+00:00
[2024-12-22T11:31:51.276+0000] {processor.py:208} INFO - Processing /home/airflow/.local/lib/python3.12/site-packages/airflow/example_dags/tutorial.py took 0.244 seconds
[2024-12-22T11:32:26.965+0000] {processor.py:186} INFO - Started process (PID=1686) to work on /home/airflow/.local/lib/python3.12/site-packages/airflow/example_dags/tutorial.py
[2024-12-22T11:32:26.967+0000] {processor.py:914} INFO - Processing file /home/airflow/.local/lib/python3.12/site-packages/airflow/example_dags/tutorial.py for tasks to queue
[2024-12-22T11:32:26.971+0000] {logging_mixin.py:190} INFO - [2024-12-22T11:32:26.970+0000] {dagbag.py:588} INFO - Filling up the DagBag from /home/airflow/.local/lib/python3.12/site-packages/airflow/example_dags/tutorial.py
[2024-12-22T11:32:26.999+0000] {processor.py:925} INFO - DAG(s) 'tutorial' retrieved from /home/airflow/.local/lib/python3.12/site-packages/airflow/example_dags/tutorial.py
[2024-12-22T11:32:27.043+0000] {logging_mixin.py:190} INFO - [2024-12-22T11:32:27.042+0000] {dag.py:3239} INFO - Sync 1 DAGs
[2024-12-22T11:32:27.100+0000] {logging_mixin.py:190} INFO - [2024-12-22T11:32:27.099+0000] {dag.py:4180} INFO - Setting next_dagrun for tutorial to 2024-12-21 00:00:00+00:00, run_after=2024-12-22 00:00:00+00:00
[2024-12-22T11:32:27.143+0000] {processor.py:208} INFO - Processing /home/airflow/.local/lib/python3.12/site-packages/airflow/example_dags/tutorial.py took 0.199 seconds
[2024-12-22T11:33:04.745+0000] {processor.py:186} INFO - Started process (PID=1756) to work on /home/airflow/.local/lib/python3.12/site-packages/airflow/example_dags/tutorial.py
[2024-12-22T11:33:04.748+0000] {processor.py:914} INFO - Processing file /home/airflow/.local/lib/python3.12/site-packages/airflow/example_dags/tutorial.py for tasks to queue
[2024-12-22T11:33:04.752+0000] {logging_mixin.py:190} INFO - [2024-12-22T11:33:04.751+0000] {dagbag.py:588} INFO - Filling up the DagBag from /home/airflow/.local/lib/python3.12/site-packages/airflow/example_dags/tutorial.py
[2024-12-22T11:33:04.772+0000] {processor.py:925} INFO - DAG(s) 'tutorial' retrieved from /home/airflow/.local/lib/python3.12/site-packages/airflow/example_dags/tutorial.py
[2024-12-22T11:33:04.819+0000] {logging_mixin.py:190} INFO - [2024-12-22T11:33:04.819+0000] {dag.py:3239} INFO - Sync 1 DAGs
[2024-12-22T11:33:04.897+0000] {logging_mixin.py:190} INFO - [2024-12-22T11:33:04.896+0000] {dag.py:4180} INFO - Setting next_dagrun for tutorial to 2024-12-21 00:00:00+00:00, run_after=2024-12-22 00:00:00+00:00
[2024-12-22T11:33:05.737+0000] {processor.py:208} INFO - Processing /home/airflow/.local/lib/python3.12/site-packages/airflow/example_dags/tutorial.py took 1.021 seconds
[2024-12-22T11:33:46.598+0000] {processor.py:186} INFO - Started process (PID=1824) to work on /home/airflow/.local/lib/python3.12/site-packages/airflow/example_dags/tutorial.py
[2024-12-22T11:33:46.600+0000] {processor.py:914} INFO - Processing file /home/airflow/.local/lib/python3.12/site-packages/airflow/example_dags/tutorial.py for tasks to queue
[2024-12-22T11:33:46.604+0000] {logging_mixin.py:190} INFO - [2024-12-22T11:33:46.603+0000] {dagbag.py:588} INFO - Filling up the DagBag from /home/airflow/.local/lib/python3.12/site-packages/airflow/example_dags/tutorial.py
[2024-12-22T11:33:46.633+0000] {processor.py:925} INFO - DAG(s) 'tutorial' retrieved from /home/airflow/.local/lib/python3.12/site-packages/airflow/example_dags/tutorial.py
[2024-12-22T11:33:46.742+0000] {logging_mixin.py:190} INFO - [2024-12-22T11:33:46.741+0000] {dag.py:3239} INFO - Sync 1 DAGs
[2024-12-22T11:33:46.860+0000] {logging_mixin.py:190} INFO - [2024-12-22T11:33:46.859+0000] {dag.py:4180} INFO - Setting next_dagrun for tutorial to 2024-12-21 00:00:00+00:00, run_after=2024-12-22 00:00:00+00:00
[2024-12-22T11:33:46.914+0000] {processor.py:208} INFO - Processing /home/airflow/.local/lib/python3.12/site-packages/airflow/example_dags/tutorial.py took 0.332 seconds
[2024-12-22T11:34:25.720+0000] {processor.py:186} INFO - Started process (PID=1889) to work on /home/airflow/.local/lib/python3.12/site-packages/airflow/example_dags/tutorial.py
[2024-12-22T11:34:25.722+0000] {processor.py:914} INFO - Processing file /home/airflow/.local/lib/python3.12/site-packages/airflow/example_dags/tutorial.py for tasks to queue
[2024-12-22T11:34:25.725+0000] {logging_mixin.py:190} INFO - [2024-12-22T11:34:25.724+0000] {dagbag.py:588} INFO - Filling up the DagBag from /home/airflow/.local/lib/python3.12/site-packages/airflow/example_dags/tutorial.py
[2024-12-22T11:34:25.753+0000] {processor.py:925} INFO - DAG(s) 'tutorial' retrieved from /home/airflow/.local/lib/python3.12/site-packages/airflow/example_dags/tutorial.py
[2024-12-22T11:34:25.797+0000] {logging_mixin.py:190} INFO - [2024-12-22T11:34:25.797+0000] {dag.py:3239} INFO - Sync 1 DAGs
[2024-12-22T11:34:25.852+0000] {logging_mixin.py:190} INFO - [2024-12-22T11:34:25.851+0000] {dag.py:4180} INFO - Setting next_dagrun for tutorial to 2024-12-21 00:00:00+00:00, run_after=2024-12-22 00:00:00+00:00
[2024-12-22T11:34:25.887+0000] {processor.py:208} INFO - Processing /home/airflow/.local/lib/python3.12/site-packages/airflow/example_dags/tutorial.py took 0.187 seconds
[2024-12-22T11:34:58.974+0000] {processor.py:186} INFO - Started process (PID=1954) to work on /home/airflow/.local/lib/python3.12/site-packages/airflow/example_dags/tutorial.py
[2024-12-22T11:34:58.976+0000] {processor.py:914} INFO - Processing file /home/airflow/.local/lib/python3.12/site-packages/airflow/example_dags/tutorial.py for tasks to queue
[2024-12-22T11:34:58.980+0000] {logging_mixin.py:190} INFO - [2024-12-22T11:34:58.979+0000] {dagbag.py:588} INFO - Filling up the DagBag from /home/airflow/.local/lib/python3.12/site-packages/airflow/example_dags/tutorial.py
[2024-12-22T11:34:59.016+0000] {processor.py:925} INFO - DAG(s) 'tutorial' retrieved from /home/airflow/.local/lib/python3.12/site-packages/airflow/example_dags/tutorial.py
[2024-12-22T11:34:59.137+0000] {logging_mixin.py:190} INFO - [2024-12-22T11:34:59.136+0000] {dag.py:3239} INFO - Sync 1 DAGs
[2024-12-22T11:35:00.136+0000] {logging_mixin.py:190} INFO - [2024-12-22T11:35:00.135+0000] {dag.py:4180} INFO - Setting next_dagrun for tutorial to 2024-12-21 00:00:00+00:00, run_after=2024-12-22 00:00:00+00:00
[2024-12-22T11:35:00.240+0000] {processor.py:208} INFO - Processing /home/airflow/.local/lib/python3.12/site-packages/airflow/example_dags/tutorial.py took 1.313 seconds
[2024-12-22T11:35:31.454+0000] {processor.py:186} INFO - Started process (PID=2025) to work on /home/airflow/.local/lib/python3.12/site-packages/airflow/example_dags/tutorial.py
[2024-12-22T11:35:31.458+0000] {processor.py:914} INFO - Processing file /home/airflow/.local/lib/python3.12/site-packages/airflow/example_dags/tutorial.py for tasks to queue
[2024-12-22T11:35:31.463+0000] {logging_mixin.py:190} INFO - [2024-12-22T11:35:31.461+0000] {dagbag.py:588} INFO - Filling up the DagBag from /home/airflow/.local/lib/python3.12/site-packages/airflow/example_dags/tutorial.py
[2024-12-22T11:35:32.515+0000] {processor.py:925} INFO - DAG(s) 'tutorial' retrieved from /home/airflow/.local/lib/python3.12/site-packages/airflow/example_dags/tutorial.py
[2024-12-22T11:35:32.640+0000] {logging_mixin.py:190} INFO - [2024-12-22T11:35:32.638+0000] {dag.py:3239} INFO - Sync 1 DAGs
[2024-12-22T11:35:33.642+0000] {logging_mixin.py:190} INFO - [2024-12-22T11:35:33.642+0000] {dag.py:4180} INFO - Setting next_dagrun for tutorial to 2024-12-21 00:00:00+00:00, run_after=2024-12-22 00:00:00+00:00
[2024-12-22T11:35:33.692+0000] {processor.py:208} INFO - Processing /home/airflow/.local/lib/python3.12/site-packages/airflow/example_dags/tutorial.py took 2.263 seconds
[2024-12-22T11:36:31.293+0000] {processor.py:186} INFO - Started process (PID=2091) to work on /home/airflow/.local/lib/python3.12/site-packages/airflow/example_dags/tutorial.py
[2024-12-22T11:36:31.296+0000] {processor.py:914} INFO - Processing file /home/airflow/.local/lib/python3.12/site-packages/airflow/example_dags/tutorial.py for tasks to queue
[2024-12-22T11:36:31.300+0000] {logging_mixin.py:190} INFO - [2024-12-22T11:36:31.299+0000] {dagbag.py:588} INFO - Filling up the DagBag from /home/airflow/.local/lib/python3.12/site-packages/airflow/example_dags/tutorial.py
[2024-12-22T11:36:31.330+0000] {processor.py:925} INFO - DAG(s) 'tutorial' retrieved from /home/airflow/.local/lib/python3.12/site-packages/airflow/example_dags/tutorial.py
[2024-12-22T11:36:31.379+0000] {logging_mixin.py:190} INFO - [2024-12-22T11:36:31.379+0000] {dag.py:3239} INFO - Sync 1 DAGs
[2024-12-22T11:36:31.445+0000] {logging_mixin.py:190} INFO - [2024-12-22T11:36:31.444+0000] {dag.py:4180} INFO - Setting next_dagrun for tutorial to 2024-12-21 00:00:00+00:00, run_after=2024-12-22 00:00:00+00:00
[2024-12-22T11:36:31.495+0000] {processor.py:208} INFO - Processing /home/airflow/.local/lib/python3.12/site-packages/airflow/example_dags/tutorial.py took 0.221 seconds
[2024-12-22T11:37:02.736+0000] {processor.py:186} INFO - Started process (PID=2156) to work on /home/airflow/.local/lib/python3.12/site-packages/airflow/example_dags/tutorial.py
[2024-12-22T11:37:02.738+0000] {processor.py:914} INFO - Processing file /home/airflow/.local/lib/python3.12/site-packages/airflow/example_dags/tutorial.py for tasks to queue
[2024-12-22T11:37:02.741+0000] {logging_mixin.py:190} INFO - [2024-12-22T11:37:02.740+0000] {dagbag.py:588} INFO - Filling up the DagBag from /home/airflow/.local/lib/python3.12/site-packages/airflow/example_dags/tutorial.py
[2024-12-22T11:37:02.768+0000] {processor.py:925} INFO - DAG(s) 'tutorial' retrieved from /home/airflow/.local/lib/python3.12/site-packages/airflow/example_dags/tutorial.py
[2024-12-22T11:37:02.827+0000] {logging_mixin.py:190} INFO - [2024-12-22T11:37:02.826+0000] {dag.py:3239} INFO - Sync 1 DAGs
[2024-12-22T11:37:02.886+0000] {logging_mixin.py:190} INFO - [2024-12-22T11:37:02.886+0000] {dag.py:4180} INFO - Setting next_dagrun for tutorial to 2024-12-21 00:00:00+00:00, run_after=2024-12-22 00:00:00+00:00
[2024-12-22T11:37:02.926+0000] {processor.py:208} INFO - Processing /home/airflow/.local/lib/python3.12/site-packages/airflow/example_dags/tutorial.py took 0.207 seconds
[2024-12-22T11:37:40.067+0000] {processor.py:186} INFO - Started process (PID=2221) to work on /home/airflow/.local/lib/python3.12/site-packages/airflow/example_dags/tutorial.py
[2024-12-22T11:37:40.070+0000] {processor.py:914} INFO - Processing file /home/airflow/.local/lib/python3.12/site-packages/airflow/example_dags/tutorial.py for tasks to queue
[2024-12-22T11:37:40.074+0000] {logging_mixin.py:190} INFO - [2024-12-22T11:37:40.073+0000] {dagbag.py:588} INFO - Filling up the DagBag from /home/airflow/.local/lib/python3.12/site-packages/airflow/example_dags/tutorial.py
[2024-12-22T11:37:40.102+0000] {processor.py:925} INFO - DAG(s) 'tutorial' retrieved from /home/airflow/.local/lib/python3.12/site-packages/airflow/example_dags/tutorial.py
[2024-12-22T11:37:40.158+0000] {logging_mixin.py:190} INFO - [2024-12-22T11:37:40.158+0000] {dag.py:3239} INFO - Sync 1 DAGs
[2024-12-22T11:37:40.238+0000] {logging_mixin.py:190} INFO - [2024-12-22T11:37:40.237+0000] {dag.py:4180} INFO - Setting next_dagrun for tutorial to 2024-12-21 00:00:00+00:00, run_after=2024-12-22 00:00:00+00:00
[2024-12-22T11:37:40.289+0000] {processor.py:208} INFO - Processing /home/airflow/.local/lib/python3.12/site-packages/airflow/example_dags/tutorial.py took 0.238 seconds
[2024-12-22T11:38:18.267+0000] {processor.py:186} INFO - Started process (PID=2277) to work on /home/airflow/.local/lib/python3.12/site-packages/airflow/example_dags/tutorial.py
[2024-12-22T11:38:18.270+0000] {processor.py:914} INFO - Processing file /home/airflow/.local/lib/python3.12/site-packages/airflow/example_dags/tutorial.py for tasks to queue
[2024-12-22T11:38:18.275+0000] {logging_mixin.py:190} INFO - [2024-12-22T11:38:18.273+0000] {dagbag.py:588} INFO - Filling up the DagBag from /home/airflow/.local/lib/python3.12/site-packages/airflow/example_dags/tutorial.py
[2024-12-22T11:38:18.310+0000] {processor.py:925} INFO - DAG(s) 'tutorial' retrieved from /home/airflow/.local/lib/python3.12/site-packages/airflow/example_dags/tutorial.py
[2024-12-22T11:38:18.370+0000] {logging_mixin.py:190} INFO - [2024-12-22T11:38:18.369+0000] {dag.py:3239} INFO - Sync 1 DAGs
[2024-12-22T11:38:18.457+0000] {logging_mixin.py:190} INFO - [2024-12-22T11:38:18.456+0000] {dag.py:4180} INFO - Setting next_dagrun for tutorial to 2024-12-21 00:00:00+00:00, run_after=2024-12-22 00:00:00+00:00
[2024-12-22T11:38:18.524+0000] {processor.py:208} INFO - Processing /home/airflow/.local/lib/python3.12/site-packages/airflow/example_dags/tutorial.py took 0.279 seconds
[2024-12-22T11:39:00.088+0000] {processor.py:186} INFO - Started process (PID=2342) to work on /home/airflow/.local/lib/python3.12/site-packages/airflow/example_dags/tutorial.py
[2024-12-22T11:39:00.090+0000] {processor.py:914} INFO - Processing file /home/airflow/.local/lib/python3.12/site-packages/airflow/example_dags/tutorial.py for tasks to queue
[2024-12-22T11:39:00.093+0000] {logging_mixin.py:190} INFO - [2024-12-22T11:39:00.093+0000] {dagbag.py:588} INFO - Filling up the DagBag from /home/airflow/.local/lib/python3.12/site-packages/airflow/example_dags/tutorial.py
[2024-12-22T11:39:00.115+0000] {processor.py:925} INFO - DAG(s) 'tutorial' retrieved from /home/airflow/.local/lib/python3.12/site-packages/airflow/example_dags/tutorial.py
[2024-12-22T11:39:00.168+0000] {logging_mixin.py:190} INFO - [2024-12-22T11:39:00.168+0000] {dag.py:3239} INFO - Sync 1 DAGs
[2024-12-22T11:39:00.239+0000] {logging_mixin.py:190} INFO - [2024-12-22T11:39:00.238+0000] {dag.py:4180} INFO - Setting next_dagrun for tutorial to 2024-12-21 00:00:00+00:00, run_after=2024-12-22 00:00:00+00:00
[2024-12-22T11:39:00.292+0000] {processor.py:208} INFO - Processing /home/airflow/.local/lib/python3.12/site-packages/airflow/example_dags/tutorial.py took 0.218 seconds
[2024-12-22T11:39:36.595+0000] {processor.py:186} INFO - Started process (PID=2412) to work on /home/airflow/.local/lib/python3.12/site-packages/airflow/example_dags/tutorial.py
[2024-12-22T11:39:36.598+0000] {processor.py:914} INFO - Processing file /home/airflow/.local/lib/python3.12/site-packages/airflow/example_dags/tutorial.py for tasks to queue
[2024-12-22T11:39:36.601+0000] {logging_mixin.py:190} INFO - [2024-12-22T11:39:36.600+0000] {dagbag.py:588} INFO - Filling up the DagBag from /home/airflow/.local/lib/python3.12/site-packages/airflow/example_dags/tutorial.py
[2024-12-22T11:39:36.624+0000] {processor.py:925} INFO - DAG(s) 'tutorial' retrieved from /home/airflow/.local/lib/python3.12/site-packages/airflow/example_dags/tutorial.py
[2024-12-22T11:39:36.668+0000] {logging_mixin.py:190} INFO - [2024-12-22T11:39:36.667+0000] {dag.py:3239} INFO - Sync 1 DAGs
[2024-12-22T11:39:36.739+0000] {logging_mixin.py:190} INFO - [2024-12-22T11:39:36.738+0000] {dag.py:4180} INFO - Setting next_dagrun for tutorial to 2024-12-21 00:00:00+00:00, run_after=2024-12-22 00:00:00+00:00
[2024-12-22T11:39:36.787+0000] {processor.py:208} INFO - Processing /home/airflow/.local/lib/python3.12/site-packages/airflow/example_dags/tutorial.py took 0.210 seconds
[2024-12-22T11:40:17.572+0000] {processor.py:186} INFO - Started process (PID=2479) to work on /home/airflow/.local/lib/python3.12/site-packages/airflow/example_dags/tutorial.py
[2024-12-22T11:40:17.575+0000] {processor.py:914} INFO - Processing file /home/airflow/.local/lib/python3.12/site-packages/airflow/example_dags/tutorial.py for tasks to queue
[2024-12-22T11:40:17.580+0000] {logging_mixin.py:190} INFO - [2024-12-22T11:40:17.579+0000] {dagbag.py:588} INFO - Filling up the DagBag from /home/airflow/.local/lib/python3.12/site-packages/airflow/example_dags/tutorial.py
[2024-12-22T11:40:17.615+0000] {processor.py:925} INFO - DAG(s) 'tutorial' retrieved from /home/airflow/.local/lib/python3.12/site-packages/airflow/example_dags/tutorial.py
[2024-12-22T11:40:17.682+0000] {logging_mixin.py:190} INFO - [2024-12-22T11:40:17.681+0000] {dag.py:3239} INFO - Sync 1 DAGs
[2024-12-22T11:40:17.823+0000] {logging_mixin.py:190} INFO - [2024-12-22T11:40:17.822+0000] {dag.py:4180} INFO - Setting next_dagrun for tutorial to 2024-12-21 00:00:00+00:00, run_after=2024-12-22 00:00:00+00:00
[2024-12-22T11:40:17.889+0000] {processor.py:208} INFO - Processing /home/airflow/.local/lib/python3.12/site-packages/airflow/example_dags/tutorial.py took 0.344 seconds
[2024-12-22T11:40:56.925+0000] {processor.py:186} INFO - Started process (PID=2544) to work on /home/airflow/.local/lib/python3.12/site-packages/airflow/example_dags/tutorial.py
[2024-12-22T11:40:56.928+0000] {processor.py:914} INFO - Processing file /home/airflow/.local/lib/python3.12/site-packages/airflow/example_dags/tutorial.py for tasks to queue
[2024-12-22T11:40:56.932+0000] {logging_mixin.py:190} INFO - [2024-12-22T11:40:56.931+0000] {dagbag.py:588} INFO - Filling up the DagBag from /home/airflow/.local/lib/python3.12/site-packages/airflow/example_dags/tutorial.py
[2024-12-22T11:40:56.957+0000] {processor.py:925} INFO - DAG(s) 'tutorial' retrieved from /home/airflow/.local/lib/python3.12/site-packages/airflow/example_dags/tutorial.py
[2024-12-22T11:40:57.011+0000] {logging_mixin.py:190} INFO - [2024-12-22T11:40:57.010+0000] {dag.py:3239} INFO - Sync 1 DAGs
[2024-12-22T11:40:57.080+0000] {logging_mixin.py:190} INFO - [2024-12-22T11:40:57.079+0000] {dag.py:4180} INFO - Setting next_dagrun for tutorial to 2024-12-21 00:00:00+00:00, run_after=2024-12-22 00:00:00+00:00
[2024-12-22T11:40:57.149+0000] {processor.py:208} INFO - Processing /home/airflow/.local/lib/python3.12/site-packages/airflow/example_dags/tutorial.py took 0.241 seconds
[2024-12-22T11:41:32.230+0000] {processor.py:186} INFO - Started process (PID=2615) to work on /home/airflow/.local/lib/python3.12/site-packages/airflow/example_dags/tutorial.py
[2024-12-22T11:41:32.232+0000] {processor.py:914} INFO - Processing file /home/airflow/.local/lib/python3.12/site-packages/airflow/example_dags/tutorial.py for tasks to queue
[2024-12-22T11:41:32.236+0000] {logging_mixin.py:190} INFO - [2024-12-22T11:41:32.235+0000] {dagbag.py:588} INFO - Filling up the DagBag from /home/airflow/.local/lib/python3.12/site-packages/airflow/example_dags/tutorial.py
[2024-12-22T11:41:32.258+0000] {processor.py:925} INFO - DAG(s) 'tutorial' retrieved from /home/airflow/.local/lib/python3.12/site-packages/airflow/example_dags/tutorial.py
[2024-12-22T11:41:32.303+0000] {logging_mixin.py:190} INFO - [2024-12-22T11:41:32.302+0000] {dag.py:3239} INFO - Sync 1 DAGs
[2024-12-22T11:41:32.365+0000] {logging_mixin.py:190} INFO - [2024-12-22T11:41:32.364+0000] {dag.py:4180} INFO - Setting next_dagrun for tutorial to 2024-12-21 00:00:00+00:00, run_after=2024-12-22 00:00:00+00:00
[2024-12-22T11:41:32.409+0000] {processor.py:208} INFO - Processing /home/airflow/.local/lib/python3.12/site-packages/airflow/example_dags/tutorial.py took 0.192 seconds
[2024-12-22T11:43:17.113+0000] {processor.py:186} INFO - Started process (PID=2677) to work on /home/airflow/.local/lib/python3.12/site-packages/airflow/example_dags/tutorial.py
[2024-12-22T11:43:17.117+0000] {processor.py:914} INFO - Processing file /home/airflow/.local/lib/python3.12/site-packages/airflow/example_dags/tutorial.py for tasks to queue
[2024-12-22T11:43:17.121+0000] {logging_mixin.py:190} INFO - [2024-12-22T11:43:17.120+0000] {dagbag.py:588} INFO - Filling up the DagBag from /home/airflow/.local/lib/python3.12/site-packages/airflow/example_dags/tutorial.py
[2024-12-22T11:43:17.155+0000] {processor.py:925} INFO - DAG(s) 'tutorial' retrieved from /home/airflow/.local/lib/python3.12/site-packages/airflow/example_dags/tutorial.py
[2024-12-22T11:43:17.209+0000] {logging_mixin.py:190} INFO - [2024-12-22T11:43:17.208+0000] {dag.py:3239} INFO - Sync 1 DAGs
[2024-12-22T11:43:17.293+0000] {logging_mixin.py:190} INFO - [2024-12-22T11:43:17.292+0000] {dag.py:4180} INFO - Setting next_dagrun for tutorial to 2024-12-21 00:00:00+00:00, run_after=2024-12-22 00:00:00+00:00
[2024-12-22T11:43:17.347+0000] {processor.py:208} INFO - Processing /home/airflow/.local/lib/python3.12/site-packages/airflow/example_dags/tutorial.py took 0.262 seconds
[2024-12-22T11:45:49.787+0000] {processor.py:186} INFO - Started process (PID=2745) to work on /home/airflow/.local/lib/python3.12/site-packages/airflow/example_dags/tutorial.py
[2024-12-22T11:45:49.791+0000] {processor.py:914} INFO - Processing file /home/airflow/.local/lib/python3.12/site-packages/airflow/example_dags/tutorial.py for tasks to queue
[2024-12-22T11:45:49.798+0000] {logging_mixin.py:190} INFO - [2024-12-22T11:45:49.795+0000] {dagbag.py:588} INFO - Filling up the DagBag from /home/airflow/.local/lib/python3.12/site-packages/airflow/example_dags/tutorial.py
[2024-12-22T11:45:49.847+0000] {processor.py:925} INFO - DAG(s) 'tutorial' retrieved from /home/airflow/.local/lib/python3.12/site-packages/airflow/example_dags/tutorial.py
[2024-12-22T11:45:49.959+0000] {logging_mixin.py:190} INFO - [2024-12-22T11:45:49.958+0000] {dag.py:3239} INFO - Sync 1 DAGs
[2024-12-22T11:45:50.147+0000] {logging_mixin.py:190} INFO - [2024-12-22T11:45:50.146+0000] {dag.py:4180} INFO - Setting next_dagrun for tutorial to 2024-12-21 00:00:00+00:00, run_after=2024-12-22 00:00:00+00:00
[2024-12-22T11:45:50.237+0000] {processor.py:208} INFO - Processing /home/airflow/.local/lib/python3.12/site-packages/airflow/example_dags/tutorial.py took 0.482 seconds
[2024-12-22T11:50:05.871+0000] {processor.py:186} INFO - Started process (PID=92) to work on /home/airflow/.local/lib/python3.12/site-packages/airflow/example_dags/tutorial.py
[2024-12-22T11:50:05.873+0000] {processor.py:914} INFO - Processing file /home/airflow/.local/lib/python3.12/site-packages/airflow/example_dags/tutorial.py for tasks to queue
[2024-12-22T11:50:05.877+0000] {logging_mixin.py:190} INFO - [2024-12-22T11:50:05.876+0000] {dagbag.py:588} INFO - Filling up the DagBag from /home/airflow/.local/lib/python3.12/site-packages/airflow/example_dags/tutorial.py
[2024-12-22T11:50:05.888+0000] {processor.py:925} INFO - DAG(s) 'tutorial' retrieved from /home/airflow/.local/lib/python3.12/site-packages/airflow/example_dags/tutorial.py
[2024-12-22T11:50:05.913+0000] {logging_mixin.py:190} INFO - [2024-12-22T11:50:05.913+0000] {dag.py:3239} INFO - Sync 1 DAGs
[2024-12-22T11:50:05.943+0000] {logging_mixin.py:190} INFO - [2024-12-22T11:50:05.943+0000] {dag.py:4180} INFO - Setting next_dagrun for tutorial to 2024-12-21 00:00:00+00:00, run_after=2024-12-22 00:00:00+00:00
[2024-12-22T11:50:05.967+0000] {processor.py:208} INFO - Processing /home/airflow/.local/lib/python3.12/site-packages/airflow/example_dags/tutorial.py took 0.104 seconds
[2024-12-22T11:50:37.070+0000] {processor.py:186} INFO - Started process (PID=157) to work on /home/airflow/.local/lib/python3.12/site-packages/airflow/example_dags/tutorial.py
[2024-12-22T11:50:37.072+0000] {processor.py:914} INFO - Processing file /home/airflow/.local/lib/python3.12/site-packages/airflow/example_dags/tutorial.py for tasks to queue
[2024-12-22T11:50:37.076+0000] {logging_mixin.py:190} INFO - [2024-12-22T11:50:37.076+0000] {dagbag.py:588} INFO - Filling up the DagBag from /home/airflow/.local/lib/python3.12/site-packages/airflow/example_dags/tutorial.py
[2024-12-22T11:50:37.089+0000] {processor.py:925} INFO - DAG(s) 'tutorial' retrieved from /home/airflow/.local/lib/python3.12/site-packages/airflow/example_dags/tutorial.py
[2024-12-22T11:50:37.118+0000] {logging_mixin.py:190} INFO - [2024-12-22T11:50:37.117+0000] {dag.py:3239} INFO - Sync 1 DAGs
[2024-12-22T11:50:37.157+0000] {logging_mixin.py:190} INFO - [2024-12-22T11:50:37.157+0000] {dag.py:4180} INFO - Setting next_dagrun for tutorial to 2024-12-21 00:00:00+00:00, run_after=2024-12-22 00:00:00+00:00
[2024-12-22T11:50:37.199+0000] {processor.py:208} INFO - Processing /home/airflow/.local/lib/python3.12/site-packages/airflow/example_dags/tutorial.py took 0.138 seconds
[2024-12-22T11:51:15.906+0000] {processor.py:186} INFO - Started process (PID=222) to work on /home/airflow/.local/lib/python3.12/site-packages/airflow/example_dags/tutorial.py
[2024-12-22T11:51:15.908+0000] {processor.py:914} INFO - Processing file /home/airflow/.local/lib/python3.12/site-packages/airflow/example_dags/tutorial.py for tasks to queue
[2024-12-22T11:51:15.911+0000] {logging_mixin.py:190} INFO - [2024-12-22T11:51:15.910+0000] {dagbag.py:588} INFO - Filling up the DagBag from /home/airflow/.local/lib/python3.12/site-packages/airflow/example_dags/tutorial.py
[2024-12-22T11:51:15.921+0000] {processor.py:925} INFO - DAG(s) 'tutorial' retrieved from /home/airflow/.local/lib/python3.12/site-packages/airflow/example_dags/tutorial.py
[2024-12-22T11:51:15.944+0000] {logging_mixin.py:190} INFO - [2024-12-22T11:51:15.944+0000] {dag.py:3239} INFO - Sync 1 DAGs
[2024-12-22T11:51:15.972+0000] {logging_mixin.py:190} INFO - [2024-12-22T11:51:15.972+0000] {dag.py:4180} INFO - Setting next_dagrun for tutorial to 2024-12-21 00:00:00+00:00, run_after=2024-12-22 00:00:00+00:00
[2024-12-22T11:51:15.993+0000] {processor.py:208} INFO - Processing /home/airflow/.local/lib/python3.12/site-packages/airflow/example_dags/tutorial.py took 0.094 seconds
[2024-12-22T11:51:47.460+0000] {processor.py:186} INFO - Started process (PID=293) to work on /home/airflow/.local/lib/python3.12/site-packages/airflow/example_dags/tutorial.py
[2024-12-22T11:51:47.461+0000] {processor.py:914} INFO - Processing file /home/airflow/.local/lib/python3.12/site-packages/airflow/example_dags/tutorial.py for tasks to queue
[2024-12-22T11:51:47.464+0000] {logging_mixin.py:190} INFO - [2024-12-22T11:51:47.464+0000] {dagbag.py:588} INFO - Filling up the DagBag from /home/airflow/.local/lib/python3.12/site-packages/airflow/example_dags/tutorial.py
[2024-12-22T11:51:47.473+0000] {processor.py:925} INFO - DAG(s) 'tutorial' retrieved from /home/airflow/.local/lib/python3.12/site-packages/airflow/example_dags/tutorial.py
[2024-12-22T11:51:47.494+0000] {logging_mixin.py:190} INFO - [2024-12-22T11:51:47.494+0000] {dag.py:3239} INFO - Sync 1 DAGs
[2024-12-22T11:51:47.522+0000] {logging_mixin.py:190} INFO - [2024-12-22T11:51:47.522+0000] {dag.py:4180} INFO - Setting next_dagrun for tutorial to 2024-12-21 00:00:00+00:00, run_after=2024-12-22 00:00:00+00:00
[2024-12-22T11:51:47.543+0000] {processor.py:208} INFO - Processing /home/airflow/.local/lib/python3.12/site-packages/airflow/example_dags/tutorial.py took 0.090 seconds
[2024-12-22T11:52:18.762+0000] {processor.py:186} INFO - Started process (PID=358) to work on /home/airflow/.local/lib/python3.12/site-packages/airflow/example_dags/tutorial.py
[2024-12-22T11:52:18.763+0000] {processor.py:914} INFO - Processing file /home/airflow/.local/lib/python3.12/site-packages/airflow/example_dags/tutorial.py for tasks to queue
[2024-12-22T11:52:18.766+0000] {logging_mixin.py:190} INFO - [2024-12-22T11:52:18.766+0000] {dagbag.py:588} INFO - Filling up the DagBag from /home/airflow/.local/lib/python3.12/site-packages/airflow/example_dags/tutorial.py
[2024-12-22T11:52:18.776+0000] {processor.py:925} INFO - DAG(s) 'tutorial' retrieved from /home/airflow/.local/lib/python3.12/site-packages/airflow/example_dags/tutorial.py
[2024-12-22T11:52:18.799+0000] {logging_mixin.py:190} INFO - [2024-12-22T11:52:18.798+0000] {dag.py:3239} INFO - Sync 1 DAGs
[2024-12-22T11:52:18.829+0000] {logging_mixin.py:190} INFO - [2024-12-22T11:52:18.829+0000] {dag.py:4180} INFO - Setting next_dagrun for tutorial to 2024-12-21 00:00:00+00:00, run_after=2024-12-22 00:00:00+00:00
[2024-12-22T11:52:18.853+0000] {processor.py:208} INFO - Processing /home/airflow/.local/lib/python3.12/site-packages/airflow/example_dags/tutorial.py took 0.099 seconds
[2024-12-22T11:52:50.519+0000] {processor.py:186} INFO - Started process (PID=423) to work on /home/airflow/.local/lib/python3.12/site-packages/airflow/example_dags/tutorial.py
[2024-12-22T11:52:50.521+0000] {processor.py:914} INFO - Processing file /home/airflow/.local/lib/python3.12/site-packages/airflow/example_dags/tutorial.py for tasks to queue
[2024-12-22T11:52:50.525+0000] {logging_mixin.py:190} INFO - [2024-12-22T11:52:50.525+0000] {dagbag.py:588} INFO - Filling up the DagBag from /home/airflow/.local/lib/python3.12/site-packages/airflow/example_dags/tutorial.py
[2024-12-22T11:52:50.540+0000] {processor.py:925} INFO - DAG(s) 'tutorial' retrieved from /home/airflow/.local/lib/python3.12/site-packages/airflow/example_dags/tutorial.py
[2024-12-22T11:52:50.568+0000] {logging_mixin.py:190} INFO - [2024-12-22T11:52:50.567+0000] {dag.py:3239} INFO - Sync 1 DAGs
[2024-12-22T11:52:50.603+0000] {logging_mixin.py:190} INFO - [2024-12-22T11:52:50.603+0000] {dag.py:4180} INFO - Setting next_dagrun for tutorial to 2024-12-21 00:00:00+00:00, run_after=2024-12-22 00:00:00+00:00
[2024-12-22T11:52:50.634+0000] {processor.py:208} INFO - Processing /home/airflow/.local/lib/python3.12/site-packages/airflow/example_dags/tutorial.py took 0.125 seconds
[2024-12-22T11:53:21.862+0000] {processor.py:186} INFO - Started process (PID=488) to work on /home/airflow/.local/lib/python3.12/site-packages/airflow/example_dags/tutorial.py
[2024-12-22T11:53:21.863+0000] {processor.py:914} INFO - Processing file /home/airflow/.local/lib/python3.12/site-packages/airflow/example_dags/tutorial.py for tasks to queue
[2024-12-22T11:53:21.866+0000] {logging_mixin.py:190} INFO - [2024-12-22T11:53:21.866+0000] {dagbag.py:588} INFO - Filling up the DagBag from /home/airflow/.local/lib/python3.12/site-packages/airflow/example_dags/tutorial.py
[2024-12-22T11:53:21.884+0000] {processor.py:925} INFO - DAG(s) 'tutorial' retrieved from /home/airflow/.local/lib/python3.12/site-packages/airflow/example_dags/tutorial.py
[2024-12-22T11:53:21.913+0000] {logging_mixin.py:190} INFO - [2024-12-22T11:53:21.913+0000] {dag.py:3239} INFO - Sync 1 DAGs
[2024-12-22T11:53:21.942+0000] {logging_mixin.py:190} INFO - [2024-12-22T11:53:21.941+0000] {dag.py:4180} INFO - Setting next_dagrun for tutorial to 2024-12-21 00:00:00+00:00, run_after=2024-12-22 00:00:00+00:00
[2024-12-22T11:53:21.962+0000] {processor.py:208} INFO - Processing /home/airflow/.local/lib/python3.12/site-packages/airflow/example_dags/tutorial.py took 0.107 seconds
[2024-12-22T11:53:53.862+0000] {processor.py:186} INFO - Started process (PID=553) to work on /home/airflow/.local/lib/python3.12/site-packages/airflow/example_dags/tutorial.py
[2024-12-22T11:53:53.863+0000] {processor.py:914} INFO - Processing file /home/airflow/.local/lib/python3.12/site-packages/airflow/example_dags/tutorial.py for tasks to queue
[2024-12-22T11:53:53.866+0000] {logging_mixin.py:190} INFO - [2024-12-22T11:53:53.866+0000] {dagbag.py:588} INFO - Filling up the DagBag from /home/airflow/.local/lib/python3.12/site-packages/airflow/example_dags/tutorial.py
[2024-12-22T11:53:53.876+0000] {processor.py:925} INFO - DAG(s) 'tutorial' retrieved from /home/airflow/.local/lib/python3.12/site-packages/airflow/example_dags/tutorial.py
[2024-12-22T11:53:53.899+0000] {logging_mixin.py:190} INFO - [2024-12-22T11:53:53.898+0000] {dag.py:3239} INFO - Sync 1 DAGs
[2024-12-22T11:53:53.927+0000] {logging_mixin.py:190} INFO - [2024-12-22T11:53:53.927+0000] {dag.py:4180} INFO - Setting next_dagrun for tutorial to 2024-12-21 00:00:00+00:00, run_after=2024-12-22 00:00:00+00:00
[2024-12-22T11:53:53.952+0000] {processor.py:208} INFO - Processing /home/airflow/.local/lib/python3.12/site-packages/airflow/example_dags/tutorial.py took 0.096 seconds
[2024-12-22T11:54:26.332+0000] {processor.py:186} INFO - Started process (PID=618) to work on /home/airflow/.local/lib/python3.12/site-packages/airflow/example_dags/tutorial.py
[2024-12-22T11:54:26.334+0000] {processor.py:914} INFO - Processing file /home/airflow/.local/lib/python3.12/site-packages/airflow/example_dags/tutorial.py for tasks to queue
[2024-12-22T11:54:26.337+0000] {logging_mixin.py:190} INFO - [2024-12-22T11:54:26.336+0000] {dagbag.py:588} INFO - Filling up the DagBag from /home/airflow/.local/lib/python3.12/site-packages/airflow/example_dags/tutorial.py
[2024-12-22T11:54:26.347+0000] {processor.py:925} INFO - DAG(s) 'tutorial' retrieved from /home/airflow/.local/lib/python3.12/site-packages/airflow/example_dags/tutorial.py
[2024-12-22T11:54:26.371+0000] {logging_mixin.py:190} INFO - [2024-12-22T11:54:26.371+0000] {dag.py:3239} INFO - Sync 1 DAGs
[2024-12-22T11:54:26.404+0000] {logging_mixin.py:190} INFO - [2024-12-22T11:54:26.403+0000] {dag.py:4180} INFO - Setting next_dagrun for tutorial to 2024-12-21 00:00:00+00:00, run_after=2024-12-22 00:00:00+00:00
[2024-12-22T11:54:26.434+0000] {processor.py:208} INFO - Processing /home/airflow/.local/lib/python3.12/site-packages/airflow/example_dags/tutorial.py took 0.109 seconds
[2024-12-22T11:54:57.706+0000] {processor.py:186} INFO - Started process (PID=683) to work on /home/airflow/.local/lib/python3.12/site-packages/airflow/example_dags/tutorial.py
[2024-12-22T11:54:57.707+0000] {processor.py:914} INFO - Processing file /home/airflow/.local/lib/python3.12/site-packages/airflow/example_dags/tutorial.py for tasks to queue
[2024-12-22T11:54:57.710+0000] {logging_mixin.py:190} INFO - [2024-12-22T11:54:57.710+0000] {dagbag.py:588} INFO - Filling up the DagBag from /home/airflow/.local/lib/python3.12/site-packages/airflow/example_dags/tutorial.py
[2024-12-22T11:54:57.720+0000] {processor.py:925} INFO - DAG(s) 'tutorial' retrieved from /home/airflow/.local/lib/python3.12/site-packages/airflow/example_dags/tutorial.py
[2024-12-22T11:54:57.743+0000] {logging_mixin.py:190} INFO - [2024-12-22T11:54:57.742+0000] {dag.py:3239} INFO - Sync 1 DAGs
[2024-12-22T11:54:57.773+0000] {logging_mixin.py:190} INFO - [2024-12-22T11:54:57.773+0000] {dag.py:4180} INFO - Setting next_dagrun for tutorial to 2024-12-21 00:00:00+00:00, run_after=2024-12-22 00:00:00+00:00
[2024-12-22T11:54:57.798+0000] {processor.py:208} INFO - Processing /home/airflow/.local/lib/python3.12/site-packages/airflow/example_dags/tutorial.py took 0.100 seconds
[2024-12-22T11:56:36.635+0000] {processor.py:186} INFO - Started process (PID=94) to work on /home/airflow/.local/lib/python3.12/site-packages/airflow/example_dags/tutorial.py
[2024-12-22T11:56:36.637+0000] {processor.py:914} INFO - Processing file /home/airflow/.local/lib/python3.12/site-packages/airflow/example_dags/tutorial.py for tasks to queue
[2024-12-22T11:56:36.641+0000] {logging_mixin.py:190} INFO - [2024-12-22T11:56:36.641+0000] {dagbag.py:588} INFO - Filling up the DagBag from /home/airflow/.local/lib/python3.12/site-packages/airflow/example_dags/tutorial.py
[2024-12-22T11:56:36.655+0000] {processor.py:925} INFO - DAG(s) 'tutorial' retrieved from /home/airflow/.local/lib/python3.12/site-packages/airflow/example_dags/tutorial.py
[2024-12-22T11:56:36.691+0000] {logging_mixin.py:190} INFO - [2024-12-22T11:56:36.691+0000] {dag.py:3239} INFO - Sync 1 DAGs
[2024-12-22T11:56:36.737+0000] {logging_mixin.py:190} INFO - [2024-12-22T11:56:36.737+0000] {dag.py:4180} INFO - Setting next_dagrun for tutorial to 2024-12-21 00:00:00+00:00, run_after=2024-12-22 00:00:00+00:00
[2024-12-22T11:56:36.769+0000] {processor.py:208} INFO - Processing /home/airflow/.local/lib/python3.12/site-packages/airflow/example_dags/tutorial.py took 0.144 seconds
[2024-12-22T11:57:09.499+0000] {processor.py:186} INFO - Started process (PID=160) to work on /home/airflow/.local/lib/python3.12/site-packages/airflow/example_dags/tutorial.py
[2024-12-22T11:57:09.501+0000] {processor.py:914} INFO - Processing file /home/airflow/.local/lib/python3.12/site-packages/airflow/example_dags/tutorial.py for tasks to queue
[2024-12-22T11:57:09.506+0000] {logging_mixin.py:190} INFO - [2024-12-22T11:57:09.505+0000] {dagbag.py:588} INFO - Filling up the DagBag from /home/airflow/.local/lib/python3.12/site-packages/airflow/example_dags/tutorial.py
[2024-12-22T11:57:09.525+0000] {processor.py:925} INFO - DAG(s) 'tutorial' retrieved from /home/airflow/.local/lib/python3.12/site-packages/airflow/example_dags/tutorial.py
[2024-12-22T11:57:09.555+0000] {logging_mixin.py:190} INFO - [2024-12-22T11:57:09.555+0000] {dag.py:3239} INFO - Sync 1 DAGs
[2024-12-22T11:57:09.595+0000] {logging_mixin.py:190} INFO - [2024-12-22T11:57:09.594+0000] {dag.py:4180} INFO - Setting next_dagrun for tutorial to 2024-12-21 00:00:00+00:00, run_after=2024-12-22 00:00:00+00:00
[2024-12-22T11:57:09.625+0000] {processor.py:208} INFO - Processing /home/airflow/.local/lib/python3.12/site-packages/airflow/example_dags/tutorial.py took 0.136 seconds
