[2024-12-22T11:21:01.425+0000] {local_task_job_runner.py:123} INFO - ::group::Pre task execution logs
[2024-12-22T11:21:01.467+0000] {taskinstance.py:2613} INFO - Dependencies all met for dep_context=non-requeueable deps ti=<TaskInstance: simulator_1.send_kpi_value_to_django manual__2024-12-22T11:20:51.687195+00:00 [queued]>
[2024-12-22T11:21:01.492+0000] {taskinstance.py:2613} INFO - Dependencies all met for dep_context=requeueable deps ti=<TaskInstance: simulator_1.send_kpi_value_to_django manual__2024-12-22T11:20:51.687195+00:00 [queued]>
[2024-12-22T11:21:01.494+0000] {taskinstance.py:2866} INFO - Starting attempt 1 of 2
[2024-12-22T11:21:01.545+0000] {taskinstance.py:2889} INFO - Executing <Task(PythonOperator): send_kpi_value_to_django> on 2024-12-22 11:20:51.687195+00:00
[2024-12-22T11:21:01.564+0000] {warnings.py:112} WARNING - /home/***/.local/lib/python3.12/site-packages/***/task/task_runner/standard_task_runner.py:70: DeprecationWarning: This process (pid=108) is multi-threaded, use of fork() may lead to deadlocks in the child.
  pid = os.fork()

[2024-12-22T11:21:01.569+0000] {standard_task_runner.py:72} INFO - Started process 110 to run task
[2024-12-22T11:21:01.571+0000] {standard_task_runner.py:104} INFO - Running: ['***', 'tasks', 'run', 'simulator_1', 'send_kpi_value_to_django', 'manual__2024-12-22T11:20:51.687195+00:00', '--job-id', '60', '--raw', '--subdir', 'DAGS_FOLDER/simulator_1.py', '--cfg-path', '/tmp/tmpwwbav_fi']
[2024-12-22T11:21:01.575+0000] {standard_task_runner.py:105} INFO - Job 60: Subtask send_kpi_value_to_django
[2024-12-22T11:21:02.255+0000] {task_command.py:467} INFO - Running <TaskInstance: simulator_1.send_kpi_value_to_django manual__2024-12-22T11:20:51.687195+00:00 [running]> on host 6c02c561556a
[2024-12-22T11:21:02.518+0000] {taskinstance.py:3132} INFO - Exporting env vars: AIRFLOW_CTX_DAG_OWNER='***' AIRFLOW_CTX_DAG_ID='simulator_1' AIRFLOW_CTX_TASK_ID='send_kpi_value_to_django' AIRFLOW_CTX_EXECUTION_DATE='2024-12-22T11:20:51.687195+00:00' AIRFLOW_CTX_TRY_NUMBER='1' AIRFLOW_CTX_DAG_RUN_ID='manual__2024-12-22T11:20:51.687195+00:00'
[2024-12-22T11:21:02.522+0000] {logging_mixin.py:190} INFO - Task instance is in running state
[2024-12-22T11:21:02.524+0000] {logging_mixin.py:190} INFO -  Previous state of the Task instance: queued
[2024-12-22T11:21:02.526+0000] {logging_mixin.py:190} INFO - Current task name:send_kpi_value_to_django state:running start_date:2024-12-22 11:21:01.469114+00:00
[2024-12-22T11:21:02.528+0000] {logging_mixin.py:190} INFO - Dag name:simulator_1 and current dag run status:running
[2024-12-22T11:21:02.530+0000] {taskinstance.py:731} INFO - ::endgroup::
[2024-12-22T11:21:03.146+0000] {logging_mixin.py:190} INFO - Response: {'detail': 'Expecting value: line 1 column 1 (char 0)'}
[2024-12-22T11:21:03.149+0000] {python.py:240} INFO - Done. Returned value was: None
[2024-12-22T11:21:03.179+0000] {taskinstance.py:340} INFO - ::group::Post task execution logs
[2024-12-22T11:21:03.181+0000] {taskinstance.py:352} INFO - Marking task as SUCCESS. dag_id=simulator_1, task_id=send_kpi_value_to_django, run_id=manual__2024-12-22T11:20:51.687195+00:00, execution_date=20241222T112051, start_date=20241222T112101, end_date=20241222T112103
[2024-12-22T11:21:03.217+0000] {logging_mixin.py:190} INFO - Task instance in success state
[2024-12-22T11:21:03.219+0000] {logging_mixin.py:190} INFO -  Previous state of the Task instance: running
[2024-12-22T11:21:03.220+0000] {logging_mixin.py:190} INFO - Dag name:simulator_1 queued_at:2024-12-22 11:20:51.776880+00:00
[2024-12-22T11:21:03.222+0000] {logging_mixin.py:190} INFO - Task hostname:6c02c561556a operator:PythonOperator
[2024-12-22T11:21:03.290+0000] {local_task_job_runner.py:266} INFO - Task exited with return code 0
[2024-12-22T11:21:03.675+0000] {taskinstance.py:3895} INFO - 0 downstream tasks scheduled from follow-on schedule check
[2024-12-22T11:21:03.680+0000] {local_task_job_runner.py:245} INFO - ::endgroup::
