[2024-12-21T20:14:25.860+0000] {local_task_job_runner.py:123} INFO - ::group::Pre task execution logs
[2024-12-21T20:14:25.910+0000] {taskinstance.py:2613} INFO - Dependencies all met for dep_context=non-requeueable deps ti=<TaskInstance: simulator_1.call_kpi_endpoint manual__2024-12-21T20:07:40.795280+00:00 [queued]>
[2024-12-21T20:14:25.931+0000] {taskinstance.py:2613} INFO - Dependencies all met for dep_context=requeueable deps ti=<TaskInstance: simulator_1.call_kpi_endpoint manual__2024-12-21T20:07:40.795280+00:00 [queued]>
[2024-12-21T20:14:25.933+0000] {taskinstance.py:2866} INFO - Starting attempt 3 of 4
[2024-12-21T20:14:25.978+0000] {taskinstance.py:2889} INFO - Executing <Task(PythonOperator): call_kpi_endpoint> on 2024-12-21 20:07:40.795280+00:00
[2024-12-21T20:14:25.993+0000] {warnings.py:112} WARNING - /home/***/.local/lib/python3.12/site-packages/***/task/task_runner/standard_task_runner.py:70: DeprecationWarning: This process (pid=230) is multi-threaded, use of fork() may lead to deadlocks in the child.
  pid = os.fork()

[2024-12-21T20:14:25.997+0000] {standard_task_runner.py:72} INFO - Started process 234 to run task
[2024-12-21T20:14:25.998+0000] {standard_task_runner.py:104} INFO - Running: ['***', 'tasks', 'run', 'simulator_1', 'call_kpi_endpoint', 'manual__2024-12-21T20:07:40.795280+00:00', '--job-id', '49', '--raw', '--subdir', 'DAGS_FOLDER/simulator_1.py', '--cfg-path', '/tmp/tmprqsxclbt']
[2024-12-21T20:14:26.001+0000] {standard_task_runner.py:105} INFO - Job 49: Subtask call_kpi_endpoint
[2024-12-21T20:14:29.524+0000] {task_command.py:467} INFO - Running <TaskInstance: simulator_1.call_kpi_endpoint manual__2024-12-21T20:07:40.795280+00:00 [running]> on host 6c02c561556a
[2024-12-21T20:14:29.793+0000] {taskinstance.py:3132} INFO - Exporting env vars: AIRFLOW_CTX_DAG_OWNER='***' AIRFLOW_CTX_DAG_ID='simulator_1' AIRFLOW_CTX_TASK_ID='call_kpi_endpoint' AIRFLOW_CTX_EXECUTION_DATE='2024-12-21T20:07:40.795280+00:00' AIRFLOW_CTX_TRY_NUMBER='3' AIRFLOW_CTX_DAG_RUN_ID='manual__2024-12-21T20:07:40.795280+00:00'
[2024-12-21T20:14:29.795+0000] {logging_mixin.py:190} INFO - Task instance is in running state
[2024-12-21T20:14:29.797+0000] {logging_mixin.py:190} INFO -  Previous state of the Task instance: queued
[2024-12-21T20:14:29.798+0000] {logging_mixin.py:190} INFO - Current task name:call_kpi_endpoint state:running start_date:2024-12-21 20:14:25.911708+00:00
[2024-12-21T20:14:29.799+0000] {logging_mixin.py:190} INFO - Dag name:simulator_1 and current dag run status:running
[2024-12-21T20:14:29.800+0000] {taskinstance.py:731} INFO - ::endgroup::
[2024-12-21T20:14:29.883+0000] {logging_mixin.py:190} INFO - {'status': 'success', 'input_value': 19.0, 'calculated_kpi': 47.5}
[2024-12-21T20:14:29.885+0000] {python.py:240} INFO - Done. Returned value was: None
[2024-12-21T20:14:29.918+0000] {taskinstance.py:340} INFO - ::group::Post task execution logs
[2024-12-21T20:14:29.919+0000] {taskinstance.py:352} INFO - Marking task as SUCCESS. dag_id=simulator_1, task_id=call_kpi_endpoint, run_id=manual__2024-12-21T20:07:40.795280+00:00, execution_date=20241221T200740, start_date=20241221T201425, end_date=20241221T201429
[2024-12-21T20:14:29.951+0000] {logging_mixin.py:190} INFO - Task instance in success state
[2024-12-21T20:14:29.952+0000] {logging_mixin.py:190} INFO -  Previous state of the Task instance: running
[2024-12-21T20:14:29.953+0000] {logging_mixin.py:190} INFO - Dag name:simulator_1 queued_at:2024-12-21 20:07:46.274686+00:00
[2024-12-21T20:14:29.953+0000] {logging_mixin.py:190} INFO - Task hostname:6c02c561556a operator:PythonOperator
[2024-12-21T20:14:29.995+0000] {local_task_job_runner.py:266} INFO - Task exited with return code 0
[2024-12-21T20:14:30.392+0000] {taskinstance.py:3895} INFO - 0 downstream tasks scheduled from follow-on schedule check
[2024-12-21T20:14:30.439+0000] {local_task_job_runner.py:245} INFO - ::endgroup::
