[2024-12-21T20:15:00.389+0000] {local_task_job_runner.py:123} INFO - ::group::Pre task execution logs
[2024-12-21T20:15:00.453+0000] {taskinstance.py:2613} INFO - Dependencies all met for dep_context=non-requeueable deps ti=<TaskInstance: simulator_1.call_kpi_endpoint manual__2024-12-21T20:14:19.520315+00:00 [queued]>
[2024-12-21T20:15:00.476+0000] {taskinstance.py:2613} INFO - Dependencies all met for dep_context=requeueable deps ti=<TaskInstance: simulator_1.call_kpi_endpoint manual__2024-12-21T20:14:19.520315+00:00 [queued]>
[2024-12-21T20:15:00.478+0000] {taskinstance.py:2866} INFO - Starting attempt 1 of 2
[2024-12-21T20:15:00.534+0000] {taskinstance.py:2889} INFO - Executing <Task(PythonOperator): call_kpi_endpoint> on 2024-12-21 20:14:19.520315+00:00
[2024-12-21T20:15:00.553+0000] {warnings.py:112} WARNING - /home/***/.local/lib/python3.12/site-packages/***/task/task_runner/standard_task_runner.py:70: DeprecationWarning: This process (pid=232) is multi-threaded, use of fork() may lead to deadlocks in the child.
  pid = os.fork()

[2024-12-21T20:15:00.558+0000] {standard_task_runner.py:72} INFO - Started process 243 to run task
[2024-12-21T20:15:00.562+0000] {standard_task_runner.py:104} INFO - Running: ['***', 'tasks', 'run', 'simulator_1', 'call_kpi_endpoint', 'manual__2024-12-21T20:14:19.520315+00:00', '--job-id', '50', '--raw', '--subdir', 'DAGS_FOLDER/simulator_1.py', '--cfg-path', '/tmp/tmpbp19ue2u']
[2024-12-21T20:15:00.566+0000] {standard_task_runner.py:105} INFO - Job 50: Subtask call_kpi_endpoint
[2024-12-21T20:15:01.552+0000] {task_command.py:467} INFO - Running <TaskInstance: simulator_1.call_kpi_endpoint manual__2024-12-21T20:14:19.520315+00:00 [running]> on host 6c02c561556a
[2024-12-21T20:15:01.795+0000] {taskinstance.py:3132} INFO - Exporting env vars: AIRFLOW_CTX_DAG_OWNER='***' AIRFLOW_CTX_DAG_ID='simulator_1' AIRFLOW_CTX_TASK_ID='call_kpi_endpoint' AIRFLOW_CTX_EXECUTION_DATE='2024-12-21T20:14:19.520315+00:00' AIRFLOW_CTX_TRY_NUMBER='1' AIRFLOW_CTX_DAG_RUN_ID='manual__2024-12-21T20:14:19.520315+00:00'
[2024-12-21T20:15:01.798+0000] {logging_mixin.py:190} INFO - Task instance is in running state
[2024-12-21T20:15:01.799+0000] {logging_mixin.py:190} INFO -  Previous state of the Task instance: queued
[2024-12-21T20:15:01.800+0000] {logging_mixin.py:190} INFO - Current task name:call_kpi_endpoint state:running start_date:2024-12-21 20:15:00.454849+00:00
[2024-12-21T20:15:01.801+0000] {logging_mixin.py:190} INFO - Dag name:simulator_1 and current dag run status:running
[2024-12-21T20:15:01.802+0000] {taskinstance.py:731} INFO - ::endgroup::
[2024-12-21T20:15:01.878+0000] {logging_mixin.py:190} INFO - {'status': 'success', 'input_value': 19.0, 'calculated_kpi': 47.5}
[2024-12-21T20:15:01.880+0000] {python.py:240} INFO - Done. Returned value was: None
[2024-12-21T20:15:01.910+0000] {taskinstance.py:340} INFO - ::group::Post task execution logs
[2024-12-21T20:15:01.911+0000] {taskinstance.py:352} INFO - Marking task as SUCCESS. dag_id=simulator_1, task_id=call_kpi_endpoint, run_id=manual__2024-12-21T20:14:19.520315+00:00, execution_date=20241221T201419, start_date=20241221T201500, end_date=20241221T201501
[2024-12-21T20:15:01.936+0000] {logging_mixin.py:190} INFO - Task instance in success state
[2024-12-21T20:15:01.937+0000] {logging_mixin.py:190} INFO -  Previous state of the Task instance: running
[2024-12-21T20:15:01.938+0000] {logging_mixin.py:190} INFO - Dag name:simulator_1 queued_at:2024-12-21 20:14:19.585809+00:00
[2024-12-21T20:15:01.939+0000] {logging_mixin.py:190} INFO - Task hostname:6c02c561556a operator:PythonOperator
[2024-12-21T20:15:01.988+0000] {local_task_job_runner.py:266} INFO - Task exited with return code 0
[2024-12-21T20:15:02.360+0000] {taskinstance.py:3895} INFO - 0 downstream tasks scheduled from follow-on schedule check
[2024-12-21T20:15:02.364+0000] {local_task_job_runner.py:245} INFO - ::endgroup::
