[2024-12-22T11:17:45.879+0000] {processor.py:186} INFO - Started process (PID=72) to work on /opt/airflow/dags/simulator_2.py
[2024-12-22T11:17:45.886+0000] {processor.py:914} INFO - Processing file /opt/airflow/dags/simulator_2.py for tasks to queue
[2024-12-22T11:17:45.938+0000] {logging_mixin.py:190} INFO - [2024-12-22T11:17:45.936+0000] {dagbag.py:588} INFO - Filling up the DagBag from /opt/airflow/dags/simulator_2.py
[2024-12-22T11:17:46.127+0000] {processor.py:925} INFO - DAG(s) 'simulator_2' retrieved from /opt/airflow/dags/simulator_2.py
[2024-12-22T11:17:46.347+0000] {logging_mixin.py:190} INFO - [2024-12-22T11:17:46.346+0000] {dag.py:3239} INFO - Sync 1 DAGs
[2024-12-22T11:17:46.473+0000] {logging_mixin.py:190} INFO - [2024-12-22T11:17:46.472+0000] {dag.py:4180} INFO - Setting next_dagrun for simulator_2 to 2024-12-23 00:00:00+00:00, run_after=2024-12-24 00:00:00+00:00
[2024-12-22T11:17:46.578+0000] {processor.py:208} INFO - Processing /opt/airflow/dags/simulator_2.py took 0.785 seconds
[2024-12-22T11:18:17.350+0000] {processor.py:186} INFO - Started process (PID=137) to work on /opt/airflow/dags/simulator_2.py
[2024-12-22T11:18:17.353+0000] {processor.py:914} INFO - Processing file /opt/airflow/dags/simulator_2.py for tasks to queue
[2024-12-22T11:18:17.360+0000] {logging_mixin.py:190} INFO - [2024-12-22T11:18:17.359+0000] {dagbag.py:588} INFO - Filling up the DagBag from /opt/airflow/dags/simulator_2.py
[2024-12-22T11:18:17.403+0000] {processor.py:925} INFO - DAG(s) 'simulator_2' retrieved from /opt/airflow/dags/simulator_2.py
[2024-12-22T11:18:17.450+0000] {logging_mixin.py:190} INFO - [2024-12-22T11:18:17.449+0000] {dag.py:3239} INFO - Sync 1 DAGs
[2024-12-22T11:18:17.534+0000] {logging_mixin.py:190} INFO - [2024-12-22T11:18:17.534+0000] {dag.py:4180} INFO - Setting next_dagrun for simulator_2 to 2024-12-23 00:00:00+00:00, run_after=2024-12-24 00:00:00+00:00
[2024-12-22T11:18:17.578+0000] {processor.py:208} INFO - Processing /opt/airflow/dags/simulator_2.py took 0.292 seconds
[2024-12-22T11:18:50.250+0000] {processor.py:186} INFO - Started process (PID=202) to work on /opt/airflow/dags/simulator_2.py
[2024-12-22T11:18:50.253+0000] {processor.py:914} INFO - Processing file /opt/airflow/dags/simulator_2.py for tasks to queue
[2024-12-22T11:18:50.259+0000] {logging_mixin.py:190} INFO - [2024-12-22T11:18:50.259+0000] {dagbag.py:588} INFO - Filling up the DagBag from /opt/airflow/dags/simulator_2.py
[2024-12-22T11:18:50.309+0000] {processor.py:925} INFO - DAG(s) 'simulator_2' retrieved from /opt/airflow/dags/simulator_2.py
[2024-12-22T11:18:51.052+0000] {logging_mixin.py:190} INFO - [2024-12-22T11:18:51.050+0000] {dag.py:3239} INFO - Sync 1 DAGs
[2024-12-22T11:18:51.135+0000] {logging_mixin.py:190} INFO - [2024-12-22T11:18:51.134+0000] {dag.py:4180} INFO - Setting next_dagrun for simulator_2 to 2024-12-23 00:00:00+00:00, run_after=2024-12-24 00:00:00+00:00
[2024-12-22T11:18:52.215+0000] {processor.py:208} INFO - Processing /opt/airflow/dags/simulator_2.py took 2.008 seconds
[2024-12-22T11:19:31.904+0000] {processor.py:186} INFO - Started process (PID=267) to work on /opt/airflow/dags/simulator_2.py
[2024-12-22T11:19:31.906+0000] {processor.py:914} INFO - Processing file /opt/airflow/dags/simulator_2.py for tasks to queue
[2024-12-22T11:19:31.912+0000] {logging_mixin.py:190} INFO - [2024-12-22T11:19:31.911+0000] {dagbag.py:588} INFO - Filling up the DagBag from /opt/airflow/dags/simulator_2.py
[2024-12-22T11:19:31.958+0000] {processor.py:925} INFO - DAG(s) 'simulator_2' retrieved from /opt/airflow/dags/simulator_2.py
[2024-12-22T11:19:32.010+0000] {logging_mixin.py:190} INFO - [2024-12-22T11:19:32.009+0000] {dag.py:3239} INFO - Sync 1 DAGs
[2024-12-22T11:19:32.196+0000] {logging_mixin.py:190} INFO - [2024-12-22T11:19:32.195+0000] {dag.py:4180} INFO - Setting next_dagrun for simulator_2 to 2024-12-23 00:00:00+00:00, run_after=2024-12-24 00:00:00+00:00
[2024-12-22T11:19:32.300+0000] {processor.py:208} INFO - Processing /opt/airflow/dags/simulator_2.py took 0.410 seconds
[2024-12-22T11:20:04.327+0000] {processor.py:186} INFO - Started process (PID=335) to work on /opt/airflow/dags/simulator_2.py
[2024-12-22T11:20:04.333+0000] {processor.py:914} INFO - Processing file /opt/airflow/dags/simulator_2.py for tasks to queue
[2024-12-22T11:20:04.355+0000] {logging_mixin.py:190} INFO - [2024-12-22T11:20:04.353+0000] {dagbag.py:588} INFO - Filling up the DagBag from /opt/airflow/dags/simulator_2.py
[2024-12-22T11:20:04.432+0000] {processor.py:925} INFO - DAG(s) 'simulator_2' retrieved from /opt/airflow/dags/simulator_2.py
[2024-12-22T11:20:04.477+0000] {logging_mixin.py:190} INFO - [2024-12-22T11:20:04.476+0000] {dag.py:3239} INFO - Sync 1 DAGs
[2024-12-22T11:20:04.537+0000] {logging_mixin.py:190} INFO - [2024-12-22T11:20:04.537+0000] {dag.py:4180} INFO - Setting next_dagrun for simulator_2 to 2024-12-23 00:00:00+00:00, run_after=2024-12-24 00:00:00+00:00
[2024-12-22T11:20:05.207+0000] {processor.py:208} INFO - Processing /opt/airflow/dags/simulator_2.py took 0.911 seconds
[2024-12-22T11:20:37.352+0000] {processor.py:186} INFO - Started process (PID=400) to work on /opt/airflow/dags/simulator_2.py
[2024-12-22T11:20:37.365+0000] {processor.py:914} INFO - Processing file /opt/airflow/dags/simulator_2.py for tasks to queue
[2024-12-22T11:20:37.380+0000] {logging_mixin.py:190} INFO - [2024-12-22T11:20:37.374+0000] {dagbag.py:588} INFO - Filling up the DagBag from /opt/airflow/dags/simulator_2.py
[2024-12-22T11:20:37.452+0000] {processor.py:925} INFO - DAG(s) 'simulator_2' retrieved from /opt/airflow/dags/simulator_2.py
[2024-12-22T11:20:37.533+0000] {logging_mixin.py:190} INFO - [2024-12-22T11:20:37.532+0000] {dag.py:3239} INFO - Sync 1 DAGs
[2024-12-22T11:20:37.619+0000] {logging_mixin.py:190} INFO - [2024-12-22T11:20:37.618+0000] {dag.py:4180} INFO - Setting next_dagrun for simulator_2 to 2024-12-23 00:00:00+00:00, run_after=2024-12-24 00:00:00+00:00
[2024-12-22T11:20:37.668+0000] {processor.py:208} INFO - Processing /opt/airflow/dags/simulator_2.py took 0.369 seconds
[2024-12-22T11:21:13.381+0000] {processor.py:186} INFO - Started process (PID=462) to work on /opt/airflow/dags/simulator_2.py
[2024-12-22T11:21:13.389+0000] {processor.py:914} INFO - Processing file /opt/airflow/dags/simulator_2.py for tasks to queue
[2024-12-22T11:21:13.407+0000] {logging_mixin.py:190} INFO - [2024-12-22T11:21:13.405+0000] {dagbag.py:588} INFO - Filling up the DagBag from /opt/airflow/dags/simulator_2.py
[2024-12-22T11:21:13.516+0000] {processor.py:925} INFO - DAG(s) 'simulator_2' retrieved from /opt/airflow/dags/simulator_2.py
[2024-12-22T11:21:13.572+0000] {logging_mixin.py:190} INFO - [2024-12-22T11:21:13.572+0000] {dag.py:3239} INFO - Sync 1 DAGs
[2024-12-22T11:21:13.635+0000] {logging_mixin.py:190} INFO - [2024-12-22T11:21:13.635+0000] {dag.py:4180} INFO - Setting next_dagrun for simulator_2 to 2024-12-23 00:00:00+00:00, run_after=2024-12-24 00:00:00+00:00
[2024-12-22T11:21:13.702+0000] {processor.py:208} INFO - Processing /opt/airflow/dags/simulator_2.py took 0.367 seconds
[2024-12-22T11:21:45.189+0000] {processor.py:186} INFO - Started process (PID=527) to work on /opt/airflow/dags/simulator_2.py
[2024-12-22T11:21:45.191+0000] {processor.py:914} INFO - Processing file /opt/airflow/dags/simulator_2.py for tasks to queue
[2024-12-22T11:21:45.197+0000] {logging_mixin.py:190} INFO - [2024-12-22T11:21:45.197+0000] {dagbag.py:588} INFO - Filling up the DagBag from /opt/airflow/dags/simulator_2.py
[2024-12-22T11:21:45.246+0000] {processor.py:925} INFO - DAG(s) 'simulator_2' retrieved from /opt/airflow/dags/simulator_2.py
[2024-12-22T11:21:45.293+0000] {logging_mixin.py:190} INFO - [2024-12-22T11:21:45.293+0000] {dag.py:3239} INFO - Sync 1 DAGs
[2024-12-22T11:21:45.353+0000] {logging_mixin.py:190} INFO - [2024-12-22T11:21:45.352+0000] {dag.py:4180} INFO - Setting next_dagrun for simulator_2 to 2024-12-23 00:00:00+00:00, run_after=2024-12-24 00:00:00+00:00
[2024-12-22T11:21:45.395+0000] {processor.py:208} INFO - Processing /opt/airflow/dags/simulator_2.py took 0.220 seconds
[2024-12-22T11:22:15.676+0000] {processor.py:186} INFO - Started process (PID=590) to work on /opt/airflow/dags/simulator_2.py
[2024-12-22T11:22:15.679+0000] {processor.py:914} INFO - Processing file /opt/airflow/dags/simulator_2.py for tasks to queue
[2024-12-22T11:22:15.701+0000] {logging_mixin.py:190} INFO - [2024-12-22T11:22:15.697+0000] {dagbag.py:588} INFO - Filling up the DagBag from /opt/airflow/dags/simulator_2.py
[2024-12-22T11:22:16.218+0000] {processor.py:925} INFO - DAG(s) 'simulator_2' retrieved from /opt/airflow/dags/simulator_2.py
[2024-12-22T11:22:16.359+0000] {logging_mixin.py:190} INFO - [2024-12-22T11:22:16.359+0000] {dag.py:3239} INFO - Sync 1 DAGs
[2024-12-22T11:22:16.479+0000] {logging_mixin.py:190} INFO - [2024-12-22T11:22:16.478+0000] {dag.py:4180} INFO - Setting next_dagrun for simulator_2 to 2024-12-23 00:00:00+00:00, run_after=2024-12-24 00:00:00+00:00
[2024-12-22T11:22:16.547+0000] {processor.py:208} INFO - Processing /opt/airflow/dags/simulator_2.py took 0.894 seconds
[2024-12-22T11:22:48.774+0000] {processor.py:186} INFO - Started process (PID=648) to work on /opt/airflow/dags/simulator_2.py
[2024-12-22T11:22:48.778+0000] {processor.py:914} INFO - Processing file /opt/airflow/dags/simulator_2.py for tasks to queue
[2024-12-22T11:22:48.788+0000] {logging_mixin.py:190} INFO - [2024-12-22T11:22:48.786+0000] {dagbag.py:588} INFO - Filling up the DagBag from /opt/airflow/dags/simulator_2.py
[2024-12-22T11:22:48.852+0000] {processor.py:925} INFO - DAG(s) 'simulator_2' retrieved from /opt/airflow/dags/simulator_2.py
[2024-12-22T11:22:48.925+0000] {logging_mixin.py:190} INFO - [2024-12-22T11:22:48.923+0000] {dag.py:3239} INFO - Sync 1 DAGs
[2024-12-22T11:22:49.015+0000] {logging_mixin.py:190} INFO - [2024-12-22T11:22:49.014+0000] {dag.py:4180} INFO - Setting next_dagrun for simulator_2 to 2024-12-23 00:00:00+00:00, run_after=2024-12-24 00:00:00+00:00
[2024-12-22T11:22:49.102+0000] {processor.py:208} INFO - Processing /opt/airflow/dags/simulator_2.py took 0.398 seconds
[2024-12-22T11:23:26.660+0000] {processor.py:186} INFO - Started process (PID=701) to work on /opt/airflow/dags/simulator_2.py
[2024-12-22T11:23:26.663+0000] {processor.py:914} INFO - Processing file /opt/airflow/dags/simulator_2.py for tasks to queue
[2024-12-22T11:23:26.672+0000] {logging_mixin.py:190} INFO - [2024-12-22T11:23:26.671+0000] {dagbag.py:588} INFO - Filling up the DagBag from /opt/airflow/dags/simulator_2.py
[2024-12-22T11:23:26.745+0000] {processor.py:925} INFO - DAG(s) 'simulator_2' retrieved from /opt/airflow/dags/simulator_2.py
[2024-12-22T11:23:26.803+0000] {logging_mixin.py:190} INFO - [2024-12-22T11:23:26.802+0000] {dag.py:3239} INFO - Sync 1 DAGs
[2024-12-22T11:23:26.872+0000] {logging_mixin.py:190} INFO - [2024-12-22T11:23:26.871+0000] {dag.py:4180} INFO - Setting next_dagrun for simulator_2 to 2024-12-23 00:00:00+00:00, run_after=2024-12-24 00:00:00+00:00
[2024-12-22T11:23:26.926+0000] {processor.py:208} INFO - Processing /opt/airflow/dags/simulator_2.py took 0.287 seconds
[2024-12-22T11:23:51.895+0000] {processor.py:186} INFO - Started process (PID=754) to work on /opt/airflow/dags/simulator_2.py
[2024-12-22T11:23:51.899+0000] {processor.py:914} INFO - Processing file /opt/airflow/dags/simulator_2.py for tasks to queue
[2024-12-22T11:23:51.916+0000] {logging_mixin.py:190} INFO - [2024-12-22T11:23:51.915+0000] {dagbag.py:588} INFO - Filling up the DagBag from /opt/airflow/dags/simulator_2.py
[2024-12-22T11:23:52.002+0000] {processor.py:925} INFO - DAG(s) 'simulator_2' retrieved from /opt/airflow/dags/simulator_2.py
[2024-12-22T11:23:52.057+0000] {logging_mixin.py:190} INFO - [2024-12-22T11:23:52.056+0000] {dag.py:3239} INFO - Sync 1 DAGs
[2024-12-22T11:23:52.135+0000] {logging_mixin.py:190} INFO - [2024-12-22T11:23:52.134+0000] {dag.py:4180} INFO - Setting next_dagrun for simulator_2 to 2024-12-23 00:00:00+00:00, run_after=2024-12-24 00:00:00+00:00
[2024-12-22T11:23:52.189+0000] {processor.py:208} INFO - Processing /opt/airflow/dags/simulator_2.py took 0.317 seconds
[2024-12-22T11:24:23.766+0000] {processor.py:186} INFO - Started process (PID=819) to work on /opt/airflow/dags/simulator_2.py
[2024-12-22T11:24:23.769+0000] {processor.py:914} INFO - Processing file /opt/airflow/dags/simulator_2.py for tasks to queue
[2024-12-22T11:24:23.776+0000] {logging_mixin.py:190} INFO - [2024-12-22T11:24:23.775+0000] {dagbag.py:588} INFO - Filling up the DagBag from /opt/airflow/dags/simulator_2.py
[2024-12-22T11:24:23.830+0000] {processor.py:925} INFO - DAG(s) 'simulator_2' retrieved from /opt/airflow/dags/simulator_2.py
[2024-12-22T11:24:23.887+0000] {logging_mixin.py:190} INFO - [2024-12-22T11:24:23.886+0000] {dag.py:3239} INFO - Sync 1 DAGs
[2024-12-22T11:24:23.976+0000] {logging_mixin.py:190} INFO - [2024-12-22T11:24:23.975+0000] {dag.py:4180} INFO - Setting next_dagrun for simulator_2 to 2024-12-23 00:00:00+00:00, run_after=2024-12-24 00:00:00+00:00
[2024-12-22T11:24:24.047+0000] {processor.py:208} INFO - Processing /opt/airflow/dags/simulator_2.py took 0.303 seconds
[2024-12-22T11:24:54.445+0000] {processor.py:186} INFO - Started process (PID=883) to work on /opt/airflow/dags/simulator_2.py
[2024-12-22T11:24:54.447+0000] {processor.py:914} INFO - Processing file /opt/airflow/dags/simulator_2.py for tasks to queue
[2024-12-22T11:24:54.454+0000] {logging_mixin.py:190} INFO - [2024-12-22T11:24:54.453+0000] {dagbag.py:588} INFO - Filling up the DagBag from /opt/airflow/dags/simulator_2.py
[2024-12-22T11:24:54.492+0000] {processor.py:925} INFO - DAG(s) 'simulator_2' retrieved from /opt/airflow/dags/simulator_2.py
[2024-12-22T11:24:54.541+0000] {logging_mixin.py:190} INFO - [2024-12-22T11:24:54.540+0000] {dag.py:3239} INFO - Sync 1 DAGs
[2024-12-22T11:24:54.661+0000] {logging_mixin.py:190} INFO - [2024-12-22T11:24:54.660+0000] {dag.py:4180} INFO - Setting next_dagrun for simulator_2 to 2024-12-23 00:00:00+00:00, run_after=2024-12-24 00:00:00+00:00
[2024-12-22T11:24:54.714+0000] {processor.py:208} INFO - Processing /opt/airflow/dags/simulator_2.py took 0.285 seconds
[2024-12-22T11:25:28.090+0000] {processor.py:186} INFO - Started process (PID=948) to work on /opt/airflow/dags/simulator_2.py
[2024-12-22T11:25:28.094+0000] {processor.py:914} INFO - Processing file /opt/airflow/dags/simulator_2.py for tasks to queue
[2024-12-22T11:25:28.107+0000] {logging_mixin.py:190} INFO - [2024-12-22T11:25:28.106+0000] {dagbag.py:588} INFO - Filling up the DagBag from /opt/airflow/dags/simulator_2.py
[2024-12-22T11:25:28.199+0000] {processor.py:925} INFO - DAG(s) 'simulator_2' retrieved from /opt/airflow/dags/simulator_2.py
[2024-12-22T11:25:28.268+0000] {logging_mixin.py:190} INFO - [2024-12-22T11:25:28.268+0000] {dag.py:3239} INFO - Sync 1 DAGs
[2024-12-22T11:25:28.325+0000] {logging_mixin.py:190} INFO - [2024-12-22T11:25:28.324+0000] {dag.py:4180} INFO - Setting next_dagrun for simulator_2 to 2024-12-23 00:00:00+00:00, run_after=2024-12-24 00:00:00+00:00
[2024-12-22T11:25:28.360+0000] {processor.py:208} INFO - Processing /opt/airflow/dags/simulator_2.py took 0.310 seconds
[2024-12-22T11:26:27.665+0000] {processor.py:186} INFO - Started process (PID=1019) to work on /opt/airflow/dags/simulator_2.py
[2024-12-22T11:26:27.669+0000] {processor.py:914} INFO - Processing file /opt/airflow/dags/simulator_2.py for tasks to queue
[2024-12-22T11:26:27.682+0000] {logging_mixin.py:190} INFO - [2024-12-22T11:26:27.680+0000] {dagbag.py:588} INFO - Filling up the DagBag from /opt/airflow/dags/simulator_2.py
[2024-12-22T11:26:27.749+0000] {processor.py:925} INFO - DAG(s) 'simulator_2' retrieved from /opt/airflow/dags/simulator_2.py
[2024-12-22T11:26:27.796+0000] {logging_mixin.py:190} INFO - [2024-12-22T11:26:27.795+0000] {dag.py:3239} INFO - Sync 1 DAGs
[2024-12-22T11:26:27.859+0000] {logging_mixin.py:190} INFO - [2024-12-22T11:26:27.859+0000] {dag.py:4180} INFO - Setting next_dagrun for simulator_2 to 2024-12-23 00:00:00+00:00, run_after=2024-12-24 00:00:00+00:00
[2024-12-22T11:26:27.904+0000] {processor.py:208} INFO - Processing /opt/airflow/dags/simulator_2.py took 0.276 seconds
[2024-12-22T11:27:00.737+0000] {processor.py:186} INFO - Started process (PID=1083) to work on /opt/airflow/dags/simulator_2.py
[2024-12-22T11:27:00.739+0000] {processor.py:914} INFO - Processing file /opt/airflow/dags/simulator_2.py for tasks to queue
[2024-12-22T11:27:00.742+0000] {logging_mixin.py:190} INFO - [2024-12-22T11:27:00.741+0000] {dagbag.py:588} INFO - Filling up the DagBag from /opt/airflow/dags/simulator_2.py
[2024-12-22T11:27:00.795+0000] {processor.py:925} INFO - DAG(s) 'simulator_2' retrieved from /opt/airflow/dags/simulator_2.py
[2024-12-22T11:27:00.843+0000] {logging_mixin.py:190} INFO - [2024-12-22T11:27:00.842+0000] {dag.py:3239} INFO - Sync 1 DAGs
[2024-12-22T11:27:00.935+0000] {logging_mixin.py:190} INFO - [2024-12-22T11:27:00.934+0000] {dag.py:4180} INFO - Setting next_dagrun for simulator_2 to 2024-12-23 00:00:00+00:00, run_after=2024-12-24 00:00:00+00:00
[2024-12-22T11:27:00.973+0000] {processor.py:208} INFO - Processing /opt/airflow/dags/simulator_2.py took 0.255 seconds
[2024-12-22T11:27:35.340+0000] {processor.py:186} INFO - Started process (PID=1148) to work on /opt/airflow/dags/simulator_2.py
[2024-12-22T11:27:35.344+0000] {processor.py:914} INFO - Processing file /opt/airflow/dags/simulator_2.py for tasks to queue
[2024-12-22T11:27:35.350+0000] {logging_mixin.py:190} INFO - [2024-12-22T11:27:35.349+0000] {dagbag.py:588} INFO - Filling up the DagBag from /opt/airflow/dags/simulator_2.py
[2024-12-22T11:27:35.395+0000] {processor.py:925} INFO - DAG(s) 'simulator_2' retrieved from /opt/airflow/dags/simulator_2.py
[2024-12-22T11:27:35.439+0000] {logging_mixin.py:190} INFO - [2024-12-22T11:27:35.439+0000] {dag.py:3239} INFO - Sync 1 DAGs
[2024-12-22T11:27:35.548+0000] {logging_mixin.py:190} INFO - [2024-12-22T11:27:35.547+0000] {dag.py:4180} INFO - Setting next_dagrun for simulator_2 to 2024-12-23 00:00:00+00:00, run_after=2024-12-24 00:00:00+00:00
[2024-12-22T11:27:36.635+0000] {processor.py:208} INFO - Processing /opt/airflow/dags/simulator_2.py took 1.321 seconds
[2024-12-22T11:28:08.541+0000] {processor.py:186} INFO - Started process (PID=1213) to work on /opt/airflow/dags/simulator_2.py
[2024-12-22T11:28:08.545+0000] {processor.py:914} INFO - Processing file /opt/airflow/dags/simulator_2.py for tasks to queue
[2024-12-22T11:28:08.552+0000] {logging_mixin.py:190} INFO - [2024-12-22T11:28:08.550+0000] {dagbag.py:588} INFO - Filling up the DagBag from /opt/airflow/dags/simulator_2.py
[2024-12-22T11:28:09.511+0000] {processor.py:925} INFO - DAG(s) 'simulator_2' retrieved from /opt/airflow/dags/simulator_2.py
[2024-12-22T11:28:09.610+0000] {logging_mixin.py:190} INFO - [2024-12-22T11:28:09.609+0000] {dag.py:3239} INFO - Sync 1 DAGs
[2024-12-22T11:28:09.787+0000] {logging_mixin.py:190} INFO - [2024-12-22T11:28:09.787+0000] {dag.py:4180} INFO - Setting next_dagrun for simulator_2 to 2024-12-23 00:00:00+00:00, run_after=2024-12-24 00:00:00+00:00
[2024-12-22T11:28:10.638+0000] {processor.py:208} INFO - Processing /opt/airflow/dags/simulator_2.py took 2.127 seconds
[2024-12-22T11:28:42.152+0000] {processor.py:186} INFO - Started process (PID=1278) to work on /opt/airflow/dags/simulator_2.py
[2024-12-22T11:28:42.155+0000] {processor.py:914} INFO - Processing file /opt/airflow/dags/simulator_2.py for tasks to queue
[2024-12-22T11:28:42.161+0000] {logging_mixin.py:190} INFO - [2024-12-22T11:28:42.159+0000] {dagbag.py:588} INFO - Filling up the DagBag from /opt/airflow/dags/simulator_2.py
[2024-12-22T11:28:42.266+0000] {processor.py:925} INFO - DAG(s) 'simulator_2' retrieved from /opt/airflow/dags/simulator_2.py
[2024-12-22T11:28:42.396+0000] {logging_mixin.py:190} INFO - [2024-12-22T11:28:42.395+0000] {dag.py:3239} INFO - Sync 1 DAGs
[2024-12-22T11:28:42.593+0000] {logging_mixin.py:190} INFO - [2024-12-22T11:28:42.591+0000] {dag.py:4180} INFO - Setting next_dagrun for simulator_2 to 2024-12-23 00:00:00+00:00, run_after=2024-12-24 00:00:00+00:00
[2024-12-22T11:28:42.720+0000] {processor.py:208} INFO - Processing /opt/airflow/dags/simulator_2.py took 0.586 seconds
[2024-12-22T11:29:15.842+0000] {processor.py:186} INFO - Started process (PID=1343) to work on /opt/airflow/dags/simulator_2.py
[2024-12-22T11:29:15.845+0000] {processor.py:914} INFO - Processing file /opt/airflow/dags/simulator_2.py for tasks to queue
[2024-12-22T11:29:15.849+0000] {logging_mixin.py:190} INFO - [2024-12-22T11:29:15.848+0000] {dagbag.py:588} INFO - Filling up the DagBag from /opt/airflow/dags/simulator_2.py
[2024-12-22T11:29:15.907+0000] {processor.py:925} INFO - DAG(s) 'simulator_2' retrieved from /opt/airflow/dags/simulator_2.py
[2024-12-22T11:29:16.065+0000] {logging_mixin.py:190} INFO - [2024-12-22T11:29:16.065+0000] {dag.py:3239} INFO - Sync 1 DAGs
[2024-12-22T11:29:16.142+0000] {logging_mixin.py:190} INFO - [2024-12-22T11:29:16.142+0000] {dag.py:4180} INFO - Setting next_dagrun for simulator_2 to 2024-12-23 00:00:00+00:00, run_after=2024-12-24 00:00:00+00:00
[2024-12-22T11:29:16.192+0000] {processor.py:208} INFO - Processing /opt/airflow/dags/simulator_2.py took 0.373 seconds
[2024-12-22T11:29:47.725+0000] {processor.py:186} INFO - Started process (PID=1398) to work on /opt/airflow/dags/simulator_2.py
[2024-12-22T11:29:47.728+0000] {processor.py:914} INFO - Processing file /opt/airflow/dags/simulator_2.py for tasks to queue
[2024-12-22T11:29:47.732+0000] {logging_mixin.py:190} INFO - [2024-12-22T11:29:47.731+0000] {dagbag.py:588} INFO - Filling up the DagBag from /opt/airflow/dags/simulator_2.py
[2024-12-22T11:29:47.787+0000] {processor.py:925} INFO - DAG(s) 'simulator_2' retrieved from /opt/airflow/dags/simulator_2.py
[2024-12-22T11:29:47.846+0000] {logging_mixin.py:190} INFO - [2024-12-22T11:29:47.846+0000] {dag.py:3239} INFO - Sync 1 DAGs
[2024-12-22T11:29:47.939+0000] {logging_mixin.py:190} INFO - [2024-12-22T11:29:47.938+0000] {dag.py:4180} INFO - Setting next_dagrun for simulator_2 to 2024-12-23 00:00:00+00:00, run_after=2024-12-24 00:00:00+00:00
[2024-12-22T11:29:48.011+0000] {processor.py:208} INFO - Processing /opt/airflow/dags/simulator_2.py took 0.306 seconds
[2024-12-22T11:30:18.349+0000] {processor.py:186} INFO - Started process (PID=1454) to work on /opt/airflow/dags/simulator_2.py
[2024-12-22T11:30:18.351+0000] {processor.py:914} INFO - Processing file /opt/airflow/dags/simulator_2.py for tasks to queue
[2024-12-22T11:30:18.355+0000] {logging_mixin.py:190} INFO - [2024-12-22T11:30:18.355+0000] {dagbag.py:588} INFO - Filling up the DagBag from /opt/airflow/dags/simulator_2.py
[2024-12-22T11:30:18.405+0000] {processor.py:925} INFO - DAG(s) 'simulator_2' retrieved from /opt/airflow/dags/simulator_2.py
[2024-12-22T11:30:18.450+0000] {logging_mixin.py:190} INFO - [2024-12-22T11:30:18.449+0000] {dag.py:3239} INFO - Sync 1 DAGs
[2024-12-22T11:30:18.540+0000] {logging_mixin.py:190} INFO - [2024-12-22T11:30:18.539+0000] {dag.py:4180} INFO - Setting next_dagrun for simulator_2 to 2024-12-23 00:00:00+00:00, run_after=2024-12-24 00:00:00+00:00
[2024-12-22T11:30:18.587+0000] {processor.py:208} INFO - Processing /opt/airflow/dags/simulator_2.py took 0.252 seconds
[2024-12-22T11:30:50.142+0000] {processor.py:186} INFO - Started process (PID=1517) to work on /opt/airflow/dags/simulator_2.py
[2024-12-22T11:30:50.147+0000] {processor.py:914} INFO - Processing file /opt/airflow/dags/simulator_2.py for tasks to queue
[2024-12-22T11:30:50.152+0000] {logging_mixin.py:190} INFO - [2024-12-22T11:30:50.151+0000] {dagbag.py:588} INFO - Filling up the DagBag from /opt/airflow/dags/simulator_2.py
[2024-12-22T11:30:51.170+0000] {processor.py:925} INFO - DAG(s) 'simulator_2' retrieved from /opt/airflow/dags/simulator_2.py
[2024-12-22T11:30:51.281+0000] {logging_mixin.py:190} INFO - [2024-12-22T11:30:51.279+0000] {dag.py:3239} INFO - Sync 1 DAGs
[2024-12-22T11:30:51.461+0000] {logging_mixin.py:190} INFO - [2024-12-22T11:30:51.459+0000] {dag.py:4180} INFO - Setting next_dagrun for simulator_2 to 2024-12-23 00:00:00+00:00, run_after=2024-12-24 00:00:00+00:00
[2024-12-22T11:30:52.428+0000] {processor.py:208} INFO - Processing /opt/airflow/dags/simulator_2.py took 2.320 seconds
[2024-12-22T11:31:23.071+0000] {processor.py:186} INFO - Started process (PID=1582) to work on /opt/airflow/dags/simulator_2.py
[2024-12-22T11:31:23.076+0000] {processor.py:914} INFO - Processing file /opt/airflow/dags/simulator_2.py for tasks to queue
[2024-12-22T11:31:23.086+0000] {logging_mixin.py:190} INFO - [2024-12-22T11:31:23.084+0000] {dagbag.py:588} INFO - Filling up the DagBag from /opt/airflow/dags/simulator_2.py
[2024-12-22T11:31:23.204+0000] {processor.py:925} INFO - DAG(s) 'simulator_2' retrieved from /opt/airflow/dags/simulator_2.py
[2024-12-22T11:31:23.323+0000] {logging_mixin.py:190} INFO - [2024-12-22T11:31:23.322+0000] {dag.py:3239} INFO - Sync 1 DAGs
[2024-12-22T11:31:23.476+0000] {logging_mixin.py:190} INFO - [2024-12-22T11:31:23.475+0000] {dag.py:4180} INFO - Setting next_dagrun for simulator_2 to 2024-12-23 00:00:00+00:00, run_after=2024-12-24 00:00:00+00:00
[2024-12-22T11:31:24.308+0000] {processor.py:208} INFO - Processing /opt/airflow/dags/simulator_2.py took 1.268 seconds
[2024-12-22T11:31:54.751+0000] {processor.py:186} INFO - Started process (PID=1646) to work on /opt/airflow/dags/simulator_2.py
[2024-12-22T11:31:54.754+0000] {processor.py:914} INFO - Processing file /opt/airflow/dags/simulator_2.py for tasks to queue
[2024-12-22T11:31:54.757+0000] {logging_mixin.py:190} INFO - [2024-12-22T11:31:54.757+0000] {dagbag.py:588} INFO - Filling up the DagBag from /opt/airflow/dags/simulator_2.py
[2024-12-22T11:31:54.826+0000] {processor.py:925} INFO - DAG(s) 'simulator_2' retrieved from /opt/airflow/dags/simulator_2.py
[2024-12-22T11:31:54.923+0000] {logging_mixin.py:190} INFO - [2024-12-22T11:31:54.922+0000] {dag.py:3239} INFO - Sync 1 DAGs
[2024-12-22T11:31:55.028+0000] {logging_mixin.py:190} INFO - [2024-12-22T11:31:55.027+0000] {dag.py:4180} INFO - Setting next_dagrun for simulator_2 to 2024-12-23 00:00:00+00:00, run_after=2024-12-24 00:00:00+00:00
[2024-12-22T11:31:55.095+0000] {processor.py:208} INFO - Processing /opt/airflow/dags/simulator_2.py took 0.365 seconds
[2024-12-22T11:32:30.503+0000] {processor.py:186} INFO - Started process (PID=1698) to work on /opt/airflow/dags/simulator_2.py
[2024-12-22T11:32:30.507+0000] {processor.py:914} INFO - Processing file /opt/airflow/dags/simulator_2.py for tasks to queue
[2024-12-22T11:32:30.512+0000] {logging_mixin.py:190} INFO - [2024-12-22T11:32:30.511+0000] {dagbag.py:588} INFO - Filling up the DagBag from /opt/airflow/dags/simulator_2.py
[2024-12-22T11:32:30.575+0000] {processor.py:925} INFO - DAG(s) 'simulator_2' retrieved from /opt/airflow/dags/simulator_2.py
[2024-12-22T11:32:30.671+0000] {logging_mixin.py:190} INFO - [2024-12-22T11:32:30.671+0000] {dag.py:3239} INFO - Sync 1 DAGs
[2024-12-22T11:32:30.736+0000] {logging_mixin.py:190} INFO - [2024-12-22T11:32:30.736+0000] {dag.py:4180} INFO - Setting next_dagrun for simulator_2 to 2024-12-23 00:00:00+00:00, run_after=2024-12-24 00:00:00+00:00
[2024-12-22T11:32:30.778+0000] {processor.py:208} INFO - Processing /opt/airflow/dags/simulator_2.py took 0.307 seconds
[2024-12-22T11:33:06.306+0000] {processor.py:186} INFO - Started process (PID=1760) to work on /opt/airflow/dags/simulator_2.py
[2024-12-22T11:33:06.309+0000] {processor.py:914} INFO - Processing file /opt/airflow/dags/simulator_2.py for tasks to queue
[2024-12-22T11:33:06.313+0000] {logging_mixin.py:190} INFO - [2024-12-22T11:33:06.311+0000] {dagbag.py:588} INFO - Filling up the DagBag from /opt/airflow/dags/simulator_2.py
[2024-12-22T11:33:06.364+0000] {processor.py:925} INFO - DAG(s) 'simulator_2' retrieved from /opt/airflow/dags/simulator_2.py
[2024-12-22T11:33:06.416+0000] {logging_mixin.py:190} INFO - [2024-12-22T11:33:06.415+0000] {dag.py:3239} INFO - Sync 1 DAGs
[2024-12-22T11:33:06.489+0000] {logging_mixin.py:190} INFO - [2024-12-22T11:33:06.488+0000] {dag.py:4180} INFO - Setting next_dagrun for simulator_2 to 2024-12-23 00:00:00+00:00, run_after=2024-12-24 00:00:00+00:00
[2024-12-22T11:33:06.542+0000] {processor.py:208} INFO - Processing /opt/airflow/dags/simulator_2.py took 0.254 seconds
[2024-12-22T11:33:44.538+0000] {processor.py:186} INFO - Started process (PID=1820) to work on /opt/airflow/dags/simulator_2.py
[2024-12-22T11:33:44.540+0000] {processor.py:914} INFO - Processing file /opt/airflow/dags/simulator_2.py for tasks to queue
[2024-12-22T11:33:44.543+0000] {logging_mixin.py:190} INFO - [2024-12-22T11:33:44.542+0000] {dagbag.py:588} INFO - Filling up the DagBag from /opt/airflow/dags/simulator_2.py
[2024-12-22T11:33:45.600+0000] {processor.py:925} INFO - DAG(s) 'simulator_2' retrieved from /opt/airflow/dags/simulator_2.py
[2024-12-22T11:33:45.675+0000] {logging_mixin.py:190} INFO - [2024-12-22T11:33:45.675+0000] {dag.py:3239} INFO - Sync 1 DAGs
[2024-12-22T11:33:45.776+0000] {logging_mixin.py:190} INFO - [2024-12-22T11:33:45.775+0000] {dag.py:4180} INFO - Setting next_dagrun for simulator_2 to 2024-12-23 00:00:00+00:00, run_after=2024-12-24 00:00:00+00:00
[2024-12-22T11:33:45.816+0000] {processor.py:208} INFO - Processing /opt/airflow/dags/simulator_2.py took 1.298 seconds
[2024-12-22T11:34:21.294+0000] {processor.py:186} INFO - Started process (PID=1884) to work on /opt/airflow/dags/simulator_2.py
[2024-12-22T11:34:21.298+0000] {processor.py:914} INFO - Processing file /opt/airflow/dags/simulator_2.py for tasks to queue
[2024-12-22T11:34:21.303+0000] {logging_mixin.py:190} INFO - [2024-12-22T11:34:21.301+0000] {dagbag.py:588} INFO - Filling up the DagBag from /opt/airflow/dags/simulator_2.py
[2024-12-22T11:34:21.377+0000] {processor.py:925} INFO - DAG(s) 'simulator_2' retrieved from /opt/airflow/dags/simulator_2.py
[2024-12-22T11:34:21.473+0000] {logging_mixin.py:190} INFO - [2024-12-22T11:34:21.471+0000] {dag.py:3239} INFO - Sync 1 DAGs
[2024-12-22T11:34:21.590+0000] {logging_mixin.py:190} INFO - [2024-12-22T11:34:21.589+0000] {dag.py:4180} INFO - Setting next_dagrun for simulator_2 to 2024-12-23 00:00:00+00:00, run_after=2024-12-24 00:00:00+00:00
[2024-12-22T11:34:22.648+0000] {processor.py:208} INFO - Processing /opt/airflow/dags/simulator_2.py took 1.377 seconds
[2024-12-22T11:34:53.124+0000] {processor.py:186} INFO - Started process (PID=1941) to work on /opt/airflow/dags/simulator_2.py
[2024-12-22T11:34:53.126+0000] {processor.py:914} INFO - Processing file /opt/airflow/dags/simulator_2.py for tasks to queue
[2024-12-22T11:34:53.130+0000] {logging_mixin.py:190} INFO - [2024-12-22T11:34:53.129+0000] {dagbag.py:588} INFO - Filling up the DagBag from /opt/airflow/dags/simulator_2.py
[2024-12-22T11:34:53.177+0000] {processor.py:925} INFO - DAG(s) 'simulator_2' retrieved from /opt/airflow/dags/simulator_2.py
[2024-12-22T11:34:53.226+0000] {logging_mixin.py:190} INFO - [2024-12-22T11:34:53.226+0000] {dag.py:3239} INFO - Sync 1 DAGs
[2024-12-22T11:34:53.330+0000] {logging_mixin.py:190} INFO - [2024-12-22T11:34:53.329+0000] {dag.py:4180} INFO - Setting next_dagrun for simulator_2 to 2024-12-23 00:00:00+00:00, run_after=2024-12-24 00:00:00+00:00
[2024-12-22T11:34:53.394+0000] {processor.py:208} INFO - Processing /opt/airflow/dags/simulator_2.py took 0.284 seconds
[2024-12-22T11:35:23.590+0000] {processor.py:186} INFO - Started process (PID=2005) to work on /opt/airflow/dags/simulator_2.py
[2024-12-22T11:35:23.593+0000] {processor.py:914} INFO - Processing file /opt/airflow/dags/simulator_2.py for tasks to queue
[2024-12-22T11:35:23.597+0000] {logging_mixin.py:190} INFO - [2024-12-22T11:35:23.595+0000] {dagbag.py:588} INFO - Filling up the DagBag from /opt/airflow/dags/simulator_2.py
[2024-12-22T11:35:23.645+0000] {processor.py:925} INFO - DAG(s) 'simulator_2' retrieved from /opt/airflow/dags/simulator_2.py
[2024-12-22T11:35:23.713+0000] {logging_mixin.py:190} INFO - [2024-12-22T11:35:23.712+0000] {dag.py:3239} INFO - Sync 1 DAGs
[2024-12-22T11:35:23.795+0000] {logging_mixin.py:190} INFO - [2024-12-22T11:35:23.795+0000] {dag.py:4180} INFO - Setting next_dagrun for simulator_2 to 2024-12-23 00:00:00+00:00, run_after=2024-12-24 00:00:00+00:00
[2024-12-22T11:35:23.847+0000] {processor.py:208} INFO - Processing /opt/airflow/dags/simulator_2.py took 0.272 seconds
[2024-12-22T11:36:22.547+0000] {processor.py:186} INFO - Started process (PID=2068) to work on /opt/airflow/dags/simulator_2.py
[2024-12-22T11:36:22.550+0000] {processor.py:914} INFO - Processing file /opt/airflow/dags/simulator_2.py for tasks to queue
[2024-12-22T11:36:22.555+0000] {logging_mixin.py:190} INFO - [2024-12-22T11:36:22.554+0000] {dagbag.py:588} INFO - Filling up the DagBag from /opt/airflow/dags/simulator_2.py
[2024-12-22T11:36:22.619+0000] {processor.py:925} INFO - DAG(s) 'simulator_2' retrieved from /opt/airflow/dags/simulator_2.py
[2024-12-22T11:36:22.696+0000] {logging_mixin.py:190} INFO - [2024-12-22T11:36:22.695+0000] {dag.py:3239} INFO - Sync 1 DAGs
[2024-12-22T11:36:22.809+0000] {logging_mixin.py:190} INFO - [2024-12-22T11:36:22.809+0000] {dag.py:4180} INFO - Setting next_dagrun for simulator_2 to 2024-12-23 00:00:00+00:00, run_after=2024-12-24 00:00:00+00:00
[2024-12-22T11:36:22.897+0000] {processor.py:208} INFO - Processing /opt/airflow/dags/simulator_2.py took 0.375 seconds
[2024-12-22T11:36:54.202+0000] {processor.py:186} INFO - Started process (PID=2137) to work on /opt/airflow/dags/simulator_2.py
[2024-12-22T11:36:54.204+0000] {processor.py:914} INFO - Processing file /opt/airflow/dags/simulator_2.py for tasks to queue
[2024-12-22T11:36:54.207+0000] {logging_mixin.py:190} INFO - [2024-12-22T11:36:54.206+0000] {dagbag.py:588} INFO - Filling up the DagBag from /opt/airflow/dags/simulator_2.py
[2024-12-22T11:36:54.249+0000] {processor.py:925} INFO - DAG(s) 'simulator_2' retrieved from /opt/airflow/dags/simulator_2.py
[2024-12-22T11:36:54.299+0000] {logging_mixin.py:190} INFO - [2024-12-22T11:36:54.298+0000] {dag.py:3239} INFO - Sync 1 DAGs
[2024-12-22T11:36:54.361+0000] {logging_mixin.py:190} INFO - [2024-12-22T11:36:54.361+0000] {dag.py:4180} INFO - Setting next_dagrun for simulator_2 to 2024-12-23 00:00:00+00:00, run_after=2024-12-24 00:00:00+00:00
[2024-12-22T11:36:54.406+0000] {processor.py:208} INFO - Processing /opt/airflow/dags/simulator_2.py took 0.220 seconds
[2024-12-22T11:37:33.129+0000] {processor.py:186} INFO - Started process (PID=2200) to work on /opt/airflow/dags/simulator_2.py
[2024-12-22T11:37:33.131+0000] {processor.py:914} INFO - Processing file /opt/airflow/dags/simulator_2.py for tasks to queue
[2024-12-22T11:37:33.135+0000] {logging_mixin.py:190} INFO - [2024-12-22T11:37:33.134+0000] {dagbag.py:588} INFO - Filling up the DagBag from /opt/airflow/dags/simulator_2.py
[2024-12-22T11:37:33.193+0000] {processor.py:925} INFO - DAG(s) 'simulator_2' retrieved from /opt/airflow/dags/simulator_2.py
[2024-12-22T11:37:33.264+0000] {logging_mixin.py:190} INFO - [2024-12-22T11:37:33.264+0000] {dag.py:3239} INFO - Sync 1 DAGs
[2024-12-22T11:37:33.359+0000] {logging_mixin.py:190} INFO - [2024-12-22T11:37:33.358+0000] {dag.py:4180} INFO - Setting next_dagrun for simulator_2 to 2024-12-23 00:00:00+00:00, run_after=2024-12-24 00:00:00+00:00
[2024-12-22T11:37:33.416+0000] {processor.py:208} INFO - Processing /opt/airflow/dags/simulator_2.py took 0.307 seconds
[2024-12-22T11:38:12.409+0000] {processor.py:186} INFO - Started process (PID=2255) to work on /opt/airflow/dags/simulator_2.py
[2024-12-22T11:38:12.411+0000] {processor.py:914} INFO - Processing file /opt/airflow/dags/simulator_2.py for tasks to queue
[2024-12-22T11:38:12.416+0000] {logging_mixin.py:190} INFO - [2024-12-22T11:38:12.414+0000] {dagbag.py:588} INFO - Filling up the DagBag from /opt/airflow/dags/simulator_2.py
[2024-12-22T11:38:12.469+0000] {processor.py:925} INFO - DAG(s) 'simulator_2' retrieved from /opt/airflow/dags/simulator_2.py
[2024-12-22T11:38:12.537+0000] {logging_mixin.py:190} INFO - [2024-12-22T11:38:12.536+0000] {dag.py:3239} INFO - Sync 1 DAGs
[2024-12-22T11:38:12.618+0000] {logging_mixin.py:190} INFO - [2024-12-22T11:38:12.617+0000] {dag.py:4180} INFO - Setting next_dagrun for simulator_2 to 2024-12-23 00:00:00+00:00, run_after=2024-12-24 00:00:00+00:00
[2024-12-22T11:38:12.661+0000] {processor.py:208} INFO - Processing /opt/airflow/dags/simulator_2.py took 0.267 seconds
[2024-12-22T11:38:42.983+0000] {processor.py:186} INFO - Started process (PID=2317) to work on /opt/airflow/dags/simulator_2.py
[2024-12-22T11:38:42.986+0000] {processor.py:914} INFO - Processing file /opt/airflow/dags/simulator_2.py for tasks to queue
[2024-12-22T11:38:42.990+0000] {logging_mixin.py:190} INFO - [2024-12-22T11:38:42.989+0000] {dagbag.py:588} INFO - Filling up the DagBag from /opt/airflow/dags/simulator_2.py
[2024-12-22T11:38:43.056+0000] {processor.py:925} INFO - DAG(s) 'simulator_2' retrieved from /opt/airflow/dags/simulator_2.py
[2024-12-22T11:38:43.118+0000] {logging_mixin.py:190} INFO - [2024-12-22T11:38:43.117+0000] {dag.py:3239} INFO - Sync 1 DAGs
[2024-12-22T11:38:43.195+0000] {logging_mixin.py:190} INFO - [2024-12-22T11:38:43.194+0000] {dag.py:4180} INFO - Setting next_dagrun for simulator_2 to 2024-12-23 00:00:00+00:00, run_after=2024-12-24 00:00:00+00:00
[2024-12-22T11:38:43.246+0000] {processor.py:208} INFO - Processing /opt/airflow/dags/simulator_2.py took 0.284 seconds
[2024-12-22T11:39:13.600+0000] {processor.py:186} INFO - Started process (PID=2381) to work on /opt/airflow/dags/simulator_2.py
[2024-12-22T11:39:13.602+0000] {processor.py:914} INFO - Processing file /opt/airflow/dags/simulator_2.py for tasks to queue
[2024-12-22T11:39:13.605+0000] {logging_mixin.py:190} INFO - [2024-12-22T11:39:13.604+0000] {dagbag.py:588} INFO - Filling up the DagBag from /opt/airflow/dags/simulator_2.py
[2024-12-22T11:39:13.660+0000] {processor.py:925} INFO - DAG(s) 'simulator_2' retrieved from /opt/airflow/dags/simulator_2.py
[2024-12-22T11:39:13.713+0000] {logging_mixin.py:190} INFO - [2024-12-22T11:39:13.712+0000] {dag.py:3239} INFO - Sync 1 DAGs
[2024-12-22T11:39:13.789+0000] {logging_mixin.py:190} INFO - [2024-12-22T11:39:13.788+0000] {dag.py:4180} INFO - Setting next_dagrun for simulator_2 to 2024-12-23 00:00:00+00:00, run_after=2024-12-24 00:00:00+00:00
[2024-12-22T11:39:14.981+0000] {processor.py:208} INFO - Processing /opt/airflow/dags/simulator_2.py took 1.384 seconds
[2024-12-22T11:39:45.163+0000] {processor.py:186} INFO - Started process (PID=2446) to work on /opt/airflow/dags/simulator_2.py
[2024-12-22T11:39:45.165+0000] {processor.py:914} INFO - Processing file /opt/airflow/dags/simulator_2.py for tasks to queue
[2024-12-22T11:39:45.168+0000] {logging_mixin.py:190} INFO - [2024-12-22T11:39:45.168+0000] {dagbag.py:588} INFO - Filling up the DagBag from /opt/airflow/dags/simulator_2.py
[2024-12-22T11:39:45.219+0000] {processor.py:925} INFO - DAG(s) 'simulator_2' retrieved from /opt/airflow/dags/simulator_2.py
[2024-12-22T11:39:45.302+0000] {logging_mixin.py:190} INFO - [2024-12-22T11:39:45.302+0000] {dag.py:3239} INFO - Sync 1 DAGs
[2024-12-22T11:39:45.420+0000] {logging_mixin.py:190} INFO - [2024-12-22T11:39:45.419+0000] {dag.py:4180} INFO - Setting next_dagrun for simulator_2 to 2024-12-23 00:00:00+00:00, run_after=2024-12-24 00:00:00+00:00
[2024-12-22T11:39:45.473+0000] {processor.py:208} INFO - Processing /opt/airflow/dags/simulator_2.py took 0.328 seconds
[2024-12-22T11:40:16.376+0000] {processor.py:186} INFO - Started process (PID=2471) to work on /opt/airflow/dags/simulator_2.py
[2024-12-22T11:40:16.379+0000] {processor.py:914} INFO - Processing file /opt/airflow/dags/simulator_2.py for tasks to queue
[2024-12-22T11:40:16.382+0000] {logging_mixin.py:190} INFO - [2024-12-22T11:40:16.381+0000] {dagbag.py:588} INFO - Filling up the DagBag from /opt/airflow/dags/simulator_2.py
[2024-12-22T11:40:16.428+0000] {processor.py:925} INFO - DAG(s) 'simulator_2' retrieved from /opt/airflow/dags/simulator_2.py
[2024-12-22T11:40:16.471+0000] {logging_mixin.py:190} INFO - [2024-12-22T11:40:16.470+0000] {dag.py:3239} INFO - Sync 1 DAGs
[2024-12-22T11:40:16.538+0000] {logging_mixin.py:190} INFO - [2024-12-22T11:40:16.537+0000] {dag.py:4180} INFO - Setting next_dagrun for simulator_2 to 2024-12-23 00:00:00+00:00, run_after=2024-12-24 00:00:00+00:00
[2024-12-22T11:40:16.579+0000] {processor.py:208} INFO - Processing /opt/airflow/dags/simulator_2.py took 0.218 seconds
[2024-12-22T11:40:50.984+0000] {processor.py:186} INFO - Started process (PID=2529) to work on /opt/airflow/dags/simulator_2.py
[2024-12-22T11:40:50.987+0000] {processor.py:914} INFO - Processing file /opt/airflow/dags/simulator_2.py for tasks to queue
[2024-12-22T11:40:50.991+0000] {logging_mixin.py:190} INFO - [2024-12-22T11:40:50.990+0000] {dagbag.py:588} INFO - Filling up the DagBag from /opt/airflow/dags/simulator_2.py
[2024-12-22T11:40:51.030+0000] {processor.py:925} INFO - DAG(s) 'simulator_2' retrieved from /opt/airflow/dags/simulator_2.py
[2024-12-22T11:40:51.083+0000] {logging_mixin.py:190} INFO - [2024-12-22T11:40:51.082+0000] {dag.py:3239} INFO - Sync 1 DAGs
[2024-12-22T11:40:51.144+0000] {logging_mixin.py:190} INFO - [2024-12-22T11:40:51.143+0000] {dag.py:4180} INFO - Setting next_dagrun for simulator_2 to 2024-12-23 00:00:00+00:00, run_after=2024-12-24 00:00:00+00:00
[2024-12-22T11:40:51.186+0000] {processor.py:208} INFO - Processing /opt/airflow/dags/simulator_2.py took 0.216 seconds
[2024-12-22T11:41:25.393+0000] {processor.py:186} INFO - Started process (PID=2593) to work on /opt/airflow/dags/simulator_2.py
[2024-12-22T11:41:25.396+0000] {processor.py:914} INFO - Processing file /opt/airflow/dags/simulator_2.py for tasks to queue
[2024-12-22T11:41:25.399+0000] {logging_mixin.py:190} INFO - [2024-12-22T11:41:25.398+0000] {dagbag.py:588} INFO - Filling up the DagBag from /opt/airflow/dags/simulator_2.py
[2024-12-22T11:41:25.454+0000] {processor.py:925} INFO - DAG(s) 'simulator_2' retrieved from /opt/airflow/dags/simulator_2.py
[2024-12-22T11:41:25.549+0000] {logging_mixin.py:190} INFO - [2024-12-22T11:41:25.548+0000] {dag.py:3239} INFO - Sync 1 DAGs
[2024-12-22T11:41:25.695+0000] {logging_mixin.py:190} INFO - [2024-12-22T11:41:25.694+0000] {dag.py:4180} INFO - Setting next_dagrun for simulator_2 to 2024-12-23 00:00:00+00:00, run_after=2024-12-24 00:00:00+00:00
[2024-12-22T11:41:26.415+0000] {processor.py:208} INFO - Processing /opt/airflow/dags/simulator_2.py took 1.044 seconds
[2024-12-22T11:42:47.061+0000] {processor.py:186} INFO - Started process (PID=2649) to work on /opt/airflow/dags/simulator_2.py
[2024-12-22T11:42:47.065+0000] {processor.py:914} INFO - Processing file /opt/airflow/dags/simulator_2.py for tasks to queue
[2024-12-22T11:42:47.072+0000] {logging_mixin.py:190} INFO - [2024-12-22T11:42:47.068+0000] {dagbag.py:588} INFO - Filling up the DagBag from /opt/airflow/dags/simulator_2.py
[2024-12-22T11:42:47.183+0000] {processor.py:925} INFO - DAG(s) 'simulator_2' retrieved from /opt/airflow/dags/simulator_2.py
[2024-12-22T11:43:01.481+0000] {logging_mixin.py:190} INFO - [2024-12-22T11:43:01.471+0000] {dag.py:3239} INFO - Sync 1 DAGs
[2024-12-22T11:43:01.608+0000] {logging_mixin.py:190} INFO - [2024-12-22T11:43:01.607+0000] {dag.py:4180} INFO - Setting next_dagrun for simulator_2 to 2024-12-23 00:00:00+00:00, run_after=2024-12-24 00:00:00+00:00
[2024-12-22T11:43:01.662+0000] {processor.py:208} INFO - Processing /opt/airflow/dags/simulator_2.py took 14.634 seconds
[2024-12-22T11:45:05.506+0000] {processor.py:186} INFO - Started process (PID=2712) to work on /opt/airflow/dags/simulator_2.py
[2024-12-22T11:45:05.531+0000] {processor.py:914} INFO - Processing file /opt/airflow/dags/simulator_2.py for tasks to queue
[2024-12-22T11:45:05.535+0000] {logging_mixin.py:190} INFO - [2024-12-22T11:45:05.534+0000] {dagbag.py:588} INFO - Filling up the DagBag from /opt/airflow/dags/simulator_2.py
[2024-12-22T11:45:05.244+0000] {processor.py:925} INFO - DAG(s) 'simulator_2' retrieved from /opt/airflow/dags/simulator_2.py
[2024-12-22T11:45:05.912+0000] {logging_mixin.py:190} INFO - [2024-12-22T11:45:05.910+0000] {dag.py:3239} INFO - Sync 1 DAGs
[2024-12-22T11:45:06.061+0000] {logging_mixin.py:190} INFO - [2024-12-22T11:45:06.061+0000] {dag.py:4180} INFO - Setting next_dagrun for simulator_2 to 2024-12-23 00:00:00+00:00, run_after=2024-12-24 00:00:00+00:00
[2024-12-22T11:45:06.136+0000] {processor.py:208} INFO - Processing /opt/airflow/dags/simulator_2.py took 1.092 seconds
[2024-12-22T11:50:00.423+0000] {processor.py:186} INFO - Started process (PID=70) to work on /opt/airflow/dags/simulator_2.py
[2024-12-22T11:50:00.426+0000] {processor.py:914} INFO - Processing file /opt/airflow/dags/simulator_2.py for tasks to queue
[2024-12-22T11:50:00.431+0000] {logging_mixin.py:190} INFO - [2024-12-22T11:50:00.430+0000] {dagbag.py:588} INFO - Filling up the DagBag from /opt/airflow/dags/simulator_2.py
[2024-12-22T11:50:00.492+0000] {processor.py:925} INFO - DAG(s) 'simulator_2' retrieved from /opt/airflow/dags/simulator_2.py
[2024-12-22T11:50:00.551+0000] {logging_mixin.py:190} INFO - [2024-12-22T11:50:00.551+0000] {dag.py:3239} INFO - Sync 1 DAGs
[2024-12-22T11:50:00.602+0000] {logging_mixin.py:190} INFO - [2024-12-22T11:50:00.601+0000] {dag.py:4180} INFO - Setting next_dagrun for simulator_2 to 2024-12-23 00:00:00+00:00, run_after=2024-12-24 00:00:00+00:00
[2024-12-22T11:50:00.635+0000] {processor.py:208} INFO - Processing /opt/airflow/dags/simulator_2.py took 0.225 seconds
[2024-12-22T11:50:31.327+0000] {processor.py:186} INFO - Started process (PID=135) to work on /opt/airflow/dags/simulator_2.py
[2024-12-22T11:50:31.498+0000] {processor.py:914} INFO - Processing file /opt/airflow/dags/simulator_2.py for tasks to queue
[2024-12-22T11:50:31.515+0000] {logging_mixin.py:190} INFO - [2024-12-22T11:50:31.501+0000] {dagbag.py:588} INFO - Filling up the DagBag from /opt/airflow/dags/simulator_2.py
[2024-12-22T11:50:31.551+0000] {processor.py:925} INFO - DAG(s) 'simulator_2' retrieved from /opt/airflow/dags/simulator_2.py
[2024-12-22T11:50:31.605+0000] {logging_mixin.py:190} INFO - [2024-12-22T11:50:31.605+0000] {dag.py:3239} INFO - Sync 1 DAGs
[2024-12-22T11:50:31.644+0000] {logging_mixin.py:190} INFO - [2024-12-22T11:50:31.644+0000] {dag.py:4180} INFO - Setting next_dagrun for simulator_2 to 2024-12-23 00:00:00+00:00, run_after=2024-12-24 00:00:00+00:00
[2024-12-22T11:50:31.684+0000] {processor.py:208} INFO - Processing /opt/airflow/dags/simulator_2.py took 0.368 seconds
[2024-12-22T11:51:02.400+0000] {processor.py:186} INFO - Started process (PID=200) to work on /opt/airflow/dags/simulator_2.py
[2024-12-22T11:51:02.402+0000] {processor.py:914} INFO - Processing file /opt/airflow/dags/simulator_2.py for tasks to queue
[2024-12-22T11:51:02.408+0000] {logging_mixin.py:190} INFO - [2024-12-22T11:51:02.407+0000] {dagbag.py:588} INFO - Filling up the DagBag from /opt/airflow/dags/simulator_2.py
[2024-12-22T11:51:02.441+0000] {processor.py:925} INFO - DAG(s) 'simulator_2' retrieved from /opt/airflow/dags/simulator_2.py
[2024-12-22T11:51:02.491+0000] {logging_mixin.py:190} INFO - [2024-12-22T11:51:02.491+0000] {dag.py:3239} INFO - Sync 1 DAGs
[2024-12-22T11:51:02.529+0000] {logging_mixin.py:190} INFO - [2024-12-22T11:51:02.529+0000] {dag.py:4180} INFO - Setting next_dagrun for simulator_2 to 2024-12-23 00:00:00+00:00, run_after=2024-12-24 00:00:00+00:00
[2024-12-22T11:51:02.555+0000] {processor.py:208} INFO - Processing /opt/airflow/dags/simulator_2.py took 0.170 seconds
[2024-12-22T11:51:32.876+0000] {processor.py:186} INFO - Started process (PID=265) to work on /opt/airflow/dags/simulator_2.py
[2024-12-22T11:51:32.878+0000] {processor.py:914} INFO - Processing file /opt/airflow/dags/simulator_2.py for tasks to queue
[2024-12-22T11:51:32.884+0000] {logging_mixin.py:190} INFO - [2024-12-22T11:51:32.883+0000] {dagbag.py:588} INFO - Filling up the DagBag from /opt/airflow/dags/simulator_2.py
[2024-12-22T11:51:32.929+0000] {processor.py:925} INFO - DAG(s) 'simulator_2' retrieved from /opt/airflow/dags/simulator_2.py
[2024-12-22T11:51:32.966+0000] {logging_mixin.py:190} INFO - [2024-12-22T11:51:32.965+0000] {dag.py:3239} INFO - Sync 1 DAGs
[2024-12-22T11:51:33.003+0000] {logging_mixin.py:190} INFO - [2024-12-22T11:51:33.003+0000] {dag.py:4180} INFO - Setting next_dagrun for simulator_2 to 2024-12-23 00:00:00+00:00, run_after=2024-12-24 00:00:00+00:00
[2024-12-22T11:51:33.028+0000] {processor.py:208} INFO - Processing /opt/airflow/dags/simulator_2.py took 0.166 seconds
[2024-12-22T11:52:03.463+0000] {processor.py:186} INFO - Started process (PID=330) to work on /opt/airflow/dags/simulator_2.py
[2024-12-22T11:52:03.466+0000] {processor.py:914} INFO - Processing file /opt/airflow/dags/simulator_2.py for tasks to queue
[2024-12-22T11:52:03.474+0000] {logging_mixin.py:190} INFO - [2024-12-22T11:52:03.473+0000] {dagbag.py:588} INFO - Filling up the DagBag from /opt/airflow/dags/simulator_2.py
[2024-12-22T11:52:03.509+0000] {processor.py:925} INFO - DAG(s) 'simulator_2' retrieved from /opt/airflow/dags/simulator_2.py
[2024-12-22T11:52:03.548+0000] {logging_mixin.py:190} INFO - [2024-12-22T11:52:03.547+0000] {dag.py:3239} INFO - Sync 1 DAGs
[2024-12-22T11:52:03.593+0000] {logging_mixin.py:190} INFO - [2024-12-22T11:52:03.593+0000] {dag.py:4180} INFO - Setting next_dagrun for simulator_2 to 2024-12-23 00:00:00+00:00, run_after=2024-12-24 00:00:00+00:00
[2024-12-22T11:52:03.628+0000] {processor.py:208} INFO - Processing /opt/airflow/dags/simulator_2.py took 0.189 seconds
[2024-12-22T11:52:34.333+0000] {processor.py:186} INFO - Started process (PID=395) to work on /opt/airflow/dags/simulator_2.py
[2024-12-22T11:52:34.335+0000] {processor.py:914} INFO - Processing file /opt/airflow/dags/simulator_2.py for tasks to queue
[2024-12-22T11:52:34.338+0000] {logging_mixin.py:190} INFO - [2024-12-22T11:52:34.337+0000] {dagbag.py:588} INFO - Filling up the DagBag from /opt/airflow/dags/simulator_2.py
[2024-12-22T11:52:34.359+0000] {processor.py:925} INFO - DAG(s) 'simulator_2' retrieved from /opt/airflow/dags/simulator_2.py
[2024-12-22T11:52:34.382+0000] {logging_mixin.py:190} INFO - [2024-12-22T11:52:34.381+0000] {dag.py:3239} INFO - Sync 1 DAGs
[2024-12-22T11:52:34.410+0000] {logging_mixin.py:190} INFO - [2024-12-22T11:52:34.410+0000] {dag.py:4180} INFO - Setting next_dagrun for simulator_2 to 2024-12-23 00:00:00+00:00, run_after=2024-12-24 00:00:00+00:00
[2024-12-22T11:52:34.442+0000] {processor.py:208} INFO - Processing /opt/airflow/dags/simulator_2.py took 0.116 seconds
[2024-12-22T11:53:04.856+0000] {processor.py:186} INFO - Started process (PID=460) to work on /opt/airflow/dags/simulator_2.py
[2024-12-22T11:53:04.857+0000] {processor.py:914} INFO - Processing file /opt/airflow/dags/simulator_2.py for tasks to queue
[2024-12-22T11:53:04.860+0000] {logging_mixin.py:190} INFO - [2024-12-22T11:53:04.860+0000] {dagbag.py:588} INFO - Filling up the DagBag from /opt/airflow/dags/simulator_2.py
[2024-12-22T11:53:04.884+0000] {processor.py:925} INFO - DAG(s) 'simulator_2' retrieved from /opt/airflow/dags/simulator_2.py
[2024-12-22T11:53:04.914+0000] {logging_mixin.py:190} INFO - [2024-12-22T11:53:04.914+0000] {dag.py:3239} INFO - Sync 1 DAGs
[2024-12-22T11:53:04.945+0000] {logging_mixin.py:190} INFO - [2024-12-22T11:53:04.945+0000] {dag.py:4180} INFO - Setting next_dagrun for simulator_2 to 2024-12-23 00:00:00+00:00, run_after=2024-12-24 00:00:00+00:00
[2024-12-22T11:53:04.968+0000] {processor.py:208} INFO - Processing /opt/airflow/dags/simulator_2.py took 0.122 seconds
[2024-12-22T11:53:35.612+0000] {processor.py:186} INFO - Started process (PID=525) to work on /opt/airflow/dags/simulator_2.py
[2024-12-22T11:53:35.614+0000] {processor.py:914} INFO - Processing file /opt/airflow/dags/simulator_2.py for tasks to queue
[2024-12-22T11:53:35.618+0000] {logging_mixin.py:190} INFO - [2024-12-22T11:53:35.617+0000] {dagbag.py:588} INFO - Filling up the DagBag from /opt/airflow/dags/simulator_2.py
[2024-12-22T11:53:35.642+0000] {processor.py:925} INFO - DAG(s) 'simulator_2' retrieved from /opt/airflow/dags/simulator_2.py
[2024-12-22T11:53:35.666+0000] {logging_mixin.py:190} INFO - [2024-12-22T11:53:35.666+0000] {dag.py:3239} INFO - Sync 1 DAGs
[2024-12-22T11:53:35.708+0000] {logging_mixin.py:190} INFO - [2024-12-22T11:53:35.707+0000] {dag.py:4180} INFO - Setting next_dagrun for simulator_2 to 2024-12-23 00:00:00+00:00, run_after=2024-12-24 00:00:00+00:00
[2024-12-22T11:53:35.732+0000] {processor.py:208} INFO - Processing /opt/airflow/dags/simulator_2.py took 0.130 seconds
[2024-12-22T11:54:06.327+0000] {processor.py:186} INFO - Started process (PID=590) to work on /opt/airflow/dags/simulator_2.py
[2024-12-22T11:54:06.328+0000] {processor.py:914} INFO - Processing file /opt/airflow/dags/simulator_2.py for tasks to queue
[2024-12-22T11:54:06.331+0000] {logging_mixin.py:190} INFO - [2024-12-22T11:54:06.331+0000] {dagbag.py:588} INFO - Filling up the DagBag from /opt/airflow/dags/simulator_2.py
[2024-12-22T11:54:06.352+0000] {processor.py:925} INFO - DAG(s) 'simulator_2' retrieved from /opt/airflow/dags/simulator_2.py
[2024-12-22T11:54:06.377+0000] {logging_mixin.py:190} INFO - [2024-12-22T11:54:06.377+0000] {dag.py:3239} INFO - Sync 1 DAGs
[2024-12-22T11:54:06.407+0000] {logging_mixin.py:190} INFO - [2024-12-22T11:54:06.407+0000] {dag.py:4180} INFO - Setting next_dagrun for simulator_2 to 2024-12-23 00:00:00+00:00, run_after=2024-12-24 00:00:00+00:00
[2024-12-22T11:54:06.428+0000] {processor.py:208} INFO - Processing /opt/airflow/dags/simulator_2.py took 0.109 seconds
[2024-12-22T11:54:36.783+0000] {processor.py:186} INFO - Started process (PID=655) to work on /opt/airflow/dags/simulator_2.py
[2024-12-22T11:54:36.889+0000] {processor.py:914} INFO - Processing file /opt/airflow/dags/simulator_2.py for tasks to queue
[2024-12-22T11:54:36.892+0000] {logging_mixin.py:190} INFO - [2024-12-22T11:54:36.892+0000] {dagbag.py:588} INFO - Filling up the DagBag from /opt/airflow/dags/simulator_2.py
[2024-12-22T11:54:36.919+0000] {processor.py:925} INFO - DAG(s) 'simulator_2' retrieved from /opt/airflow/dags/simulator_2.py
[2024-12-22T11:54:36.942+0000] {logging_mixin.py:190} INFO - [2024-12-22T11:54:36.942+0000] {dag.py:3239} INFO - Sync 1 DAGs
[2024-12-22T11:54:36.973+0000] {logging_mixin.py:190} INFO - [2024-12-22T11:54:36.973+0000] {dag.py:4180} INFO - Setting next_dagrun for simulator_2 to 2024-12-23 00:00:00+00:00, run_after=2024-12-24 00:00:00+00:00
[2024-12-22T11:54:36.997+0000] {processor.py:208} INFO - Processing /opt/airflow/dags/simulator_2.py took 0.223 seconds
[2024-12-22T11:55:55.971+0000] {processor.py:186} INFO - Started process (PID=714) to work on /opt/airflow/dags/simulator_2.py
[2024-12-22T11:55:55.974+0000] {processor.py:914} INFO - Processing file /opt/airflow/dags/simulator_2.py for tasks to queue
[2024-12-22T11:55:55.986+0000] {logging_mixin.py:190} INFO - [2024-12-22T11:55:55.985+0000] {dagbag.py:588} INFO - Filling up the DagBag from /opt/airflow/dags/simulator_2.py
[2024-12-22T11:55:56.059+0000] {processor.py:925} INFO - DAG(s) 'simulator_2' retrieved from /opt/airflow/dags/simulator_2.py
[2024-12-22T11:55:56.115+0000] {logging_mixin.py:190} INFO - [2024-12-22T11:55:56.114+0000] {dag.py:3239} INFO - Sync 1 DAGs
[2024-12-22T11:55:56.238+0000] {logging_mixin.py:190} INFO - [2024-12-22T11:55:56.238+0000] {dag.py:4180} INFO - Setting next_dagrun for simulator_2 to 2024-12-23 00:00:00+00:00, run_after=2024-12-24 00:00:00+00:00
[2024-12-22T11:55:56.316+0000] {processor.py:208} INFO - Processing /opt/airflow/dags/simulator_2.py took 0.364 seconds
[2024-12-22T11:56:32.674+0000] {processor.py:186} INFO - Started process (PID=66) to work on /opt/airflow/dags/simulator_2.py
[2024-12-22T11:56:32.675+0000] {processor.py:914} INFO - Processing file /opt/airflow/dags/simulator_2.py for tasks to queue
[2024-12-22T11:56:32.679+0000] {logging_mixin.py:190} INFO - [2024-12-22T11:56:32.678+0000] {dagbag.py:588} INFO - Filling up the DagBag from /opt/airflow/dags/simulator_2.py
[2024-12-22T11:56:32.705+0000] {processor.py:925} INFO - DAG(s) 'simulator_2' retrieved from /opt/airflow/dags/simulator_2.py
[2024-12-22T11:56:32.743+0000] {logging_mixin.py:190} INFO - [2024-12-22T11:56:32.743+0000] {dag.py:3239} INFO - Sync 1 DAGs
[2024-12-22T11:56:32.778+0000] {logging_mixin.py:190} INFO - [2024-12-22T11:56:32.778+0000] {dag.py:4180} INFO - Setting next_dagrun for simulator_2 to 2024-12-23 00:00:00+00:00, run_after=2024-12-24 00:00:00+00:00
[2024-12-22T11:56:32.806+0000] {processor.py:208} INFO - Processing /opt/airflow/dags/simulator_2.py took 0.142 seconds
[2024-12-22T11:57:03.867+0000] {processor.py:186} INFO - Started process (PID=132) to work on /opt/airflow/dags/simulator_2.py
[2024-12-22T11:57:03.868+0000] {processor.py:914} INFO - Processing file /opt/airflow/dags/simulator_2.py for tasks to queue
[2024-12-22T11:57:03.872+0000] {logging_mixin.py:190} INFO - [2024-12-22T11:57:03.871+0000] {dagbag.py:588} INFO - Filling up the DagBag from /opt/airflow/dags/simulator_2.py
[2024-12-22T11:57:03.950+0000] {processor.py:925} INFO - DAG(s) 'simulator_2' retrieved from /opt/airflow/dags/simulator_2.py
[2024-12-22T11:57:04.000+0000] {logging_mixin.py:190} INFO - [2024-12-22T11:57:03.999+0000] {dag.py:3239} INFO - Sync 1 DAGs
[2024-12-22T11:57:04.055+0000] {logging_mixin.py:190} INFO - [2024-12-22T11:57:04.054+0000] {dag.py:4180} INFO - Setting next_dagrun for simulator_2 to 2024-12-23 00:00:00+00:00, run_after=2024-12-24 00:00:00+00:00
[2024-12-22T11:57:04.302+0000] {processor.py:208} INFO - Processing /opt/airflow/dags/simulator_2.py took 0.444 seconds
