[2024-12-22T11:17:45.903+0000] {processor.py:186} INFO - Started process (PID=73) to work on /opt/airflow/dags/simulator_1.py
[2024-12-22T11:17:45.921+0000] {processor.py:914} INFO - Processing file /opt/airflow/dags/simulator_1.py for tasks to queue
[2024-12-22T11:17:45.942+0000] {logging_mixin.py:190} INFO - [2024-12-22T11:17:45.940+0000] {dagbag.py:588} INFO - Filling up the DagBag from /opt/airflow/dags/simulator_1.py
[2024-12-22T11:17:46.122+0000] {processor.py:925} INFO - DAG(s) 'simulator_1' retrieved from /opt/airflow/dags/simulator_1.py
[2024-12-22T11:17:46.336+0000] {logging_mixin.py:190} INFO - [2024-12-22T11:17:46.334+0000] {dag.py:3239} INFO - Sync 1 DAGs
[2024-12-22T11:17:46.478+0000] {logging_mixin.py:190} INFO - [2024-12-22T11:17:46.477+0000] {dag.py:4180} INFO - Setting next_dagrun for simulator_1 to 2024-12-22 00:00:00+00:00, run_after=2024-12-23 00:00:00+00:00
[2024-12-22T11:17:46.578+0000] {processor.py:208} INFO - Processing /opt/airflow/dags/simulator_1.py took 0.737 seconds
[2024-12-22T11:18:17.335+0000] {processor.py:186} INFO - Started process (PID=138) to work on /opt/airflow/dags/simulator_1.py
[2024-12-22T11:18:17.338+0000] {processor.py:914} INFO - Processing file /opt/airflow/dags/simulator_1.py for tasks to queue
[2024-12-22T11:18:17.345+0000] {logging_mixin.py:190} INFO - [2024-12-22T11:18:17.344+0000] {dagbag.py:588} INFO - Filling up the DagBag from /opt/airflow/dags/simulator_1.py
[2024-12-22T11:18:17.388+0000] {processor.py:925} INFO - DAG(s) 'simulator_1' retrieved from /opt/airflow/dags/simulator_1.py
[2024-12-22T11:18:17.433+0000] {logging_mixin.py:190} INFO - [2024-12-22T11:18:17.432+0000] {dag.py:3239} INFO - Sync 1 DAGs
[2024-12-22T11:18:17.489+0000] {logging_mixin.py:190} INFO - [2024-12-22T11:18:17.489+0000] {dag.py:4180} INFO - Setting next_dagrun for simulator_1 to 2024-12-22 00:00:00+00:00, run_after=2024-12-23 00:00:00+00:00
[2024-12-22T11:18:17.541+0000] {processor.py:208} INFO - Processing /opt/airflow/dags/simulator_1.py took 0.225 seconds
[2024-12-22T11:18:50.262+0000] {processor.py:186} INFO - Started process (PID=203) to work on /opt/airflow/dags/simulator_1.py
[2024-12-22T11:18:50.265+0000] {processor.py:914} INFO - Processing file /opt/airflow/dags/simulator_1.py for tasks to queue
[2024-12-22T11:18:50.272+0000] {logging_mixin.py:190} INFO - [2024-12-22T11:18:50.271+0000] {dagbag.py:588} INFO - Filling up the DagBag from /opt/airflow/dags/simulator_1.py
[2024-12-22T11:18:50.982+0000] {processor.py:925} INFO - DAG(s) 'simulator_1' retrieved from /opt/airflow/dags/simulator_1.py
[2024-12-22T11:18:51.094+0000] {logging_mixin.py:190} INFO - [2024-12-22T11:18:51.094+0000] {dag.py:3239} INFO - Sync 1 DAGs
[2024-12-22T11:18:51.153+0000] {logging_mixin.py:190} INFO - [2024-12-22T11:18:51.153+0000] {dag.py:4180} INFO - Setting next_dagrun for simulator_1 to 2024-12-22 00:00:00+00:00, run_after=2024-12-23 00:00:00+00:00
[2024-12-22T11:18:52.221+0000] {processor.py:208} INFO - Processing /opt/airflow/dags/simulator_1.py took 2.002 seconds
[2024-12-22T11:19:31.976+0000] {processor.py:186} INFO - Started process (PID=268) to work on /opt/airflow/dags/simulator_1.py
[2024-12-22T11:19:31.978+0000] {processor.py:914} INFO - Processing file /opt/airflow/dags/simulator_1.py for tasks to queue
[2024-12-22T11:19:31.985+0000] {logging_mixin.py:190} INFO - [2024-12-22T11:19:31.984+0000] {dagbag.py:588} INFO - Filling up the DagBag from /opt/airflow/dags/simulator_1.py
[2024-12-22T11:19:32.077+0000] {processor.py:925} INFO - DAG(s) 'simulator_1' retrieved from /opt/airflow/dags/simulator_1.py
[2024-12-22T11:19:32.184+0000] {logging_mixin.py:190} INFO - [2024-12-22T11:19:32.183+0000] {dag.py:3239} INFO - Sync 1 DAGs
[2024-12-22T11:19:32.323+0000] {logging_mixin.py:190} INFO - [2024-12-22T11:19:32.323+0000] {dag.py:4180} INFO - Setting next_dagrun for simulator_1 to 2024-12-22 00:00:00+00:00, run_after=2024-12-23 00:00:00+00:00
[2024-12-22T11:19:32.386+0000] {processor.py:208} INFO - Processing /opt/airflow/dags/simulator_1.py took 0.428 seconds
[2024-12-22T11:20:04.388+0000] {processor.py:186} INFO - Started process (PID=336) to work on /opt/airflow/dags/simulator_1.py
[2024-12-22T11:20:04.397+0000] {processor.py:914} INFO - Processing file /opt/airflow/dags/simulator_1.py for tasks to queue
[2024-12-22T11:20:04.404+0000] {logging_mixin.py:190} INFO - [2024-12-22T11:20:04.403+0000] {dagbag.py:588} INFO - Filling up the DagBag from /opt/airflow/dags/simulator_1.py
[2024-12-22T11:20:04.456+0000] {processor.py:925} INFO - DAG(s) 'simulator_1' retrieved from /opt/airflow/dags/simulator_1.py
[2024-12-22T11:20:04.495+0000] {logging_mixin.py:190} INFO - [2024-12-22T11:20:04.495+0000] {dag.py:3239} INFO - Sync 1 DAGs
[2024-12-22T11:20:04.557+0000] {logging_mixin.py:190} INFO - [2024-12-22T11:20:04.556+0000] {dag.py:4180} INFO - Setting next_dagrun for simulator_1 to 2024-12-22 00:00:00+00:00, run_after=2024-12-23 00:00:00+00:00
[2024-12-22T11:20:05.210+0000] {processor.py:208} INFO - Processing /opt/airflow/dags/simulator_1.py took 0.883 seconds
[2024-12-22T11:20:37.452+0000] {processor.py:186} INFO - Started process (PID=401) to work on /opt/airflow/dags/simulator_1.py
[2024-12-22T11:20:37.454+0000] {processor.py:914} INFO - Processing file /opt/airflow/dags/simulator_1.py for tasks to queue
[2024-12-22T11:20:37.469+0000] {logging_mixin.py:190} INFO - [2024-12-22T11:20:37.468+0000] {dagbag.py:588} INFO - Filling up the DagBag from /opt/airflow/dags/simulator_1.py
[2024-12-22T11:20:37.543+0000] {processor.py:925} INFO - DAG(s) 'simulator_1' retrieved from /opt/airflow/dags/simulator_1.py
[2024-12-22T11:20:37.608+0000] {logging_mixin.py:190} INFO - [2024-12-22T11:20:37.608+0000] {dag.py:3239} INFO - Sync 1 DAGs
[2024-12-22T11:20:37.679+0000] {logging_mixin.py:190} INFO - [2024-12-22T11:20:37.678+0000] {dag.py:4180} INFO - Setting next_dagrun for simulator_1 to 2024-12-22 00:00:00+00:00, run_after=2024-12-23 00:00:00+00:00
[2024-12-22T11:20:37.730+0000] {processor.py:208} INFO - Processing /opt/airflow/dags/simulator_1.py took 0.306 seconds
[2024-12-22T11:21:13.793+0000] {processor.py:186} INFO - Started process (PID=463) to work on /opt/airflow/dags/simulator_1.py
[2024-12-22T11:21:13.797+0000] {processor.py:914} INFO - Processing file /opt/airflow/dags/simulator_1.py for tasks to queue
[2024-12-22T11:21:13.809+0000] {logging_mixin.py:190} INFO - [2024-12-22T11:21:13.808+0000] {dagbag.py:588} INFO - Filling up the DagBag from /opt/airflow/dags/simulator_1.py
[2024-12-22T11:21:13.896+0000] {processor.py:925} INFO - DAG(s) 'simulator_1' retrieved from /opt/airflow/dags/simulator_1.py
[2024-12-22T11:21:13.989+0000] {logging_mixin.py:190} INFO - [2024-12-22T11:21:13.988+0000] {dag.py:3239} INFO - Sync 1 DAGs
[2024-12-22T11:21:14.073+0000] {logging_mixin.py:190} INFO - [2024-12-22T11:21:14.073+0000] {dag.py:4180} INFO - Setting next_dagrun for simulator_1 to 2024-12-22 00:00:00+00:00, run_after=2024-12-23 00:00:00+00:00
[2024-12-22T11:21:15.009+0000] {processor.py:208} INFO - Processing /opt/airflow/dags/simulator_1.py took 1.247 seconds
[2024-12-22T11:21:45.603+0000] {processor.py:186} INFO - Started process (PID=529) to work on /opt/airflow/dags/simulator_1.py
[2024-12-22T11:21:45.605+0000] {processor.py:914} INFO - Processing file /opt/airflow/dags/simulator_1.py for tasks to queue
[2024-12-22T11:21:45.611+0000] {logging_mixin.py:190} INFO - [2024-12-22T11:21:45.610+0000] {dagbag.py:588} INFO - Filling up the DagBag from /opt/airflow/dags/simulator_1.py
[2024-12-22T11:21:45.654+0000] {processor.py:925} INFO - DAG(s) 'simulator_1' retrieved from /opt/airflow/dags/simulator_1.py
[2024-12-22T11:21:45.697+0000] {logging_mixin.py:190} INFO - [2024-12-22T11:21:45.697+0000] {dag.py:3239} INFO - Sync 1 DAGs
[2024-12-22T11:21:45.753+0000] {logging_mixin.py:190} INFO - [2024-12-22T11:21:45.752+0000] {dag.py:4180} INFO - Setting next_dagrun for simulator_1 to 2024-12-22 00:00:00+00:00, run_after=2024-12-23 00:00:00+00:00
[2024-12-22T11:21:46.807+0000] {processor.py:208} INFO - Processing /opt/airflow/dags/simulator_1.py took 1.223 seconds
[2024-12-22T11:22:19.139+0000] {processor.py:186} INFO - Started process (PID=594) to work on /opt/airflow/dags/simulator_1.py
[2024-12-22T11:22:19.142+0000] {processor.py:914} INFO - Processing file /opt/airflow/dags/simulator_1.py for tasks to queue
[2024-12-22T11:22:19.153+0000] {logging_mixin.py:190} INFO - [2024-12-22T11:22:19.152+0000] {dagbag.py:588} INFO - Filling up the DagBag from /opt/airflow/dags/simulator_1.py
[2024-12-22T11:22:19.209+0000] {processor.py:925} INFO - DAG(s) 'simulator_1' retrieved from /opt/airflow/dags/simulator_1.py
[2024-12-22T11:22:19.320+0000] {logging_mixin.py:190} INFO - [2024-12-22T11:22:19.319+0000] {dag.py:3239} INFO - Sync 1 DAGs
[2024-12-22T11:22:19.495+0000] {logging_mixin.py:190} INFO - [2024-12-22T11:22:19.494+0000] {dag.py:4180} INFO - Setting next_dagrun for simulator_1 to 2024-12-22 00:00:00+00:00, run_after=2024-12-23 00:00:00+00:00
[2024-12-22T11:22:19.543+0000] {processor.py:208} INFO - Processing /opt/airflow/dags/simulator_1.py took 0.426 seconds
[2024-12-22T11:22:50.101+0000] {processor.py:186} INFO - Started process (PID=656) to work on /opt/airflow/dags/simulator_1.py
[2024-12-22T11:22:50.104+0000] {processor.py:914} INFO - Processing file /opt/airflow/dags/simulator_1.py for tasks to queue
[2024-12-22T11:22:50.113+0000] {logging_mixin.py:190} INFO - [2024-12-22T11:22:50.112+0000] {dagbag.py:588} INFO - Filling up the DagBag from /opt/airflow/dags/simulator_1.py
[2024-12-22T11:22:50.170+0000] {processor.py:925} INFO - DAG(s) 'simulator_1' retrieved from /opt/airflow/dags/simulator_1.py
[2024-12-22T11:22:50.233+0000] {logging_mixin.py:190} INFO - [2024-12-22T11:22:50.232+0000] {dag.py:3239} INFO - Sync 1 DAGs
[2024-12-22T11:22:50.325+0000] {logging_mixin.py:190} INFO - [2024-12-22T11:22:50.325+0000] {dag.py:4180} INFO - Setting next_dagrun for simulator_1 to 2024-12-22 00:00:00+00:00, run_after=2024-12-23 00:00:00+00:00
[2024-12-22T11:22:50.401+0000] {processor.py:208} INFO - Processing /opt/airflow/dags/simulator_1.py took 0.322 seconds
[2024-12-22T11:23:26.682+0000] {processor.py:186} INFO - Started process (PID=702) to work on /opt/airflow/dags/simulator_1.py
[2024-12-22T11:23:26.685+0000] {processor.py:914} INFO - Processing file /opt/airflow/dags/simulator_1.py for tasks to queue
[2024-12-22T11:23:26.695+0000] {logging_mixin.py:190} INFO - [2024-12-22T11:23:26.694+0000] {dagbag.py:588} INFO - Filling up the DagBag from /opt/airflow/dags/simulator_1.py
[2024-12-22T11:23:26.764+0000] {processor.py:925} INFO - DAG(s) 'simulator_1' retrieved from /opt/airflow/dags/simulator_1.py
[2024-12-22T11:23:26.819+0000] {logging_mixin.py:190} INFO - [2024-12-22T11:23:26.819+0000] {dag.py:3239} INFO - Sync 1 DAGs
[2024-12-22T11:23:26.880+0000] {logging_mixin.py:190} INFO - [2024-12-22T11:23:26.879+0000] {dag.py:4180} INFO - Setting next_dagrun for simulator_1 to 2024-12-22 00:00:00+00:00, run_after=2024-12-23 00:00:00+00:00
[2024-12-22T11:23:26.935+0000] {processor.py:208} INFO - Processing /opt/airflow/dags/simulator_1.py took 0.278 seconds
[2024-12-22T11:23:51.602+0000] {processor.py:186} INFO - Started process (PID=753) to work on /opt/airflow/dags/simulator_1.py
[2024-12-22T11:23:51.607+0000] {processor.py:914} INFO - Processing file /opt/airflow/dags/simulator_1.py for tasks to queue
[2024-12-22T11:23:51.614+0000] {logging_mixin.py:190} INFO - [2024-12-22T11:23:51.613+0000] {dagbag.py:588} INFO - Filling up the DagBag from /opt/airflow/dags/simulator_1.py
[2024-12-22T11:23:51.692+0000] {processor.py:925} INFO - DAG(s) 'simulator_1' retrieved from /opt/airflow/dags/simulator_1.py
[2024-12-22T11:23:51.749+0000] {logging_mixin.py:190} INFO - [2024-12-22T11:23:51.748+0000] {dag.py:3239} INFO - Sync 1 DAGs
[2024-12-22T11:23:51.826+0000] {logging_mixin.py:190} INFO - [2024-12-22T11:23:51.826+0000] {dag.py:4180} INFO - Setting next_dagrun for simulator_1 to 2024-12-22 00:00:00+00:00, run_after=2024-12-23 00:00:00+00:00
[2024-12-22T11:23:51.877+0000] {processor.py:208} INFO - Processing /opt/airflow/dags/simulator_1.py took 0.301 seconds
[2024-12-22T11:24:22.275+0000] {processor.py:186} INFO - Started process (PID=818) to work on /opt/airflow/dags/simulator_1.py
[2024-12-22T11:24:22.282+0000] {processor.py:914} INFO - Processing file /opt/airflow/dags/simulator_1.py for tasks to queue
[2024-12-22T11:24:22.290+0000] {logging_mixin.py:190} INFO - [2024-12-22T11:24:22.289+0000] {dagbag.py:588} INFO - Filling up the DagBag from /opt/airflow/dags/simulator_1.py
[2024-12-22T11:24:23.320+0000] {processor.py:925} INFO - DAG(s) 'simulator_1' retrieved from /opt/airflow/dags/simulator_1.py
[2024-12-22T11:24:23.402+0000] {logging_mixin.py:190} INFO - [2024-12-22T11:24:23.401+0000] {dag.py:3239} INFO - Sync 1 DAGs
[2024-12-22T11:24:23.516+0000] {logging_mixin.py:190} INFO - [2024-12-22T11:24:23.515+0000] {dag.py:4180} INFO - Setting next_dagrun for simulator_1 to 2024-12-22 00:00:00+00:00, run_after=2024-12-23 00:00:00+00:00
[2024-12-22T11:24:23.573+0000] {processor.py:208} INFO - Processing /opt/airflow/dags/simulator_1.py took 1.327 seconds
[2024-12-22T11:24:54.062+0000] {processor.py:186} INFO - Started process (PID=882) to work on /opt/airflow/dags/simulator_1.py
[2024-12-22T11:24:54.067+0000] {processor.py:914} INFO - Processing file /opt/airflow/dags/simulator_1.py for tasks to queue
[2024-12-22T11:24:54.079+0000] {logging_mixin.py:190} INFO - [2024-12-22T11:24:54.078+0000] {dagbag.py:588} INFO - Filling up the DagBag from /opt/airflow/dags/simulator_1.py
[2024-12-22T11:24:54.234+0000] {processor.py:925} INFO - DAG(s) 'simulator_1' retrieved from /opt/airflow/dags/simulator_1.py
[2024-12-22T11:24:54.325+0000] {logging_mixin.py:190} INFO - [2024-12-22T11:24:54.325+0000] {dag.py:3239} INFO - Sync 1 DAGs
[2024-12-22T11:24:54.394+0000] {logging_mixin.py:190} INFO - [2024-12-22T11:24:54.393+0000] {dag.py:4180} INFO - Setting next_dagrun for simulator_1 to 2024-12-22 00:00:00+00:00, run_after=2024-12-23 00:00:00+00:00
[2024-12-22T11:24:54.437+0000] {processor.py:208} INFO - Processing /opt/airflow/dags/simulator_1.py took 0.407 seconds
[2024-12-22T11:25:24.527+0000] {processor.py:186} INFO - Started process (PID=941) to work on /opt/airflow/dags/simulator_1.py
[2024-12-22T11:25:24.529+0000] {processor.py:914} INFO - Processing file /opt/airflow/dags/simulator_1.py for tasks to queue
[2024-12-22T11:25:24.537+0000] {logging_mixin.py:190} INFO - [2024-12-22T11:25:24.536+0000] {dagbag.py:588} INFO - Filling up the DagBag from /opt/airflow/dags/simulator_1.py
[2024-12-22T11:25:24.588+0000] {processor.py:925} INFO - DAG(s) 'simulator_1' retrieved from /opt/airflow/dags/simulator_1.py
[2024-12-22T11:25:24.655+0000] {logging_mixin.py:190} INFO - [2024-12-22T11:25:24.654+0000] {dag.py:3239} INFO - Sync 1 DAGs
[2024-12-22T11:25:24.720+0000] {logging_mixin.py:190} INFO - [2024-12-22T11:25:24.719+0000] {dag.py:4180} INFO - Setting next_dagrun for simulator_1 to 2024-12-22 00:00:00+00:00, run_after=2024-12-23 00:00:00+00:00
[2024-12-22T11:25:24.761+0000] {processor.py:208} INFO - Processing /opt/airflow/dags/simulator_1.py took 0.252 seconds
[2024-12-22T11:25:55.639+0000] {processor.py:186} INFO - Started process (PID=999) to work on /opt/airflow/dags/simulator_1.py
[2024-12-22T11:25:55.645+0000] {processor.py:914} INFO - Processing file /opt/airflow/dags/simulator_1.py for tasks to queue
[2024-12-22T11:25:55.656+0000] {logging_mixin.py:190} INFO - [2024-12-22T11:25:55.655+0000] {dagbag.py:588} INFO - Filling up the DagBag from /opt/airflow/dags/simulator_1.py
[2024-12-22T11:25:55.709+0000] {processor.py:925} INFO - DAG(s) 'simulator_1' retrieved from /opt/airflow/dags/simulator_1.py
[2024-12-22T11:25:55.768+0000] {logging_mixin.py:190} INFO - [2024-12-22T11:25:55.768+0000] {dag.py:3239} INFO - Sync 1 DAGs
[2024-12-22T11:25:55.855+0000] {logging_mixin.py:190} INFO - [2024-12-22T11:25:55.854+0000] {dag.py:4180} INFO - Setting next_dagrun for simulator_1 to 2024-12-22 00:00:00+00:00, run_after=2024-12-23 00:00:00+00:00
[2024-12-22T11:25:55.905+0000] {processor.py:208} INFO - Processing /opt/airflow/dags/simulator_1.py took 0.320 seconds
[2024-12-22T11:26:27.972+0000] {processor.py:186} INFO - Started process (PID=1020) to work on /opt/airflow/dags/simulator_1.py
[2024-12-22T11:26:27.975+0000] {processor.py:914} INFO - Processing file /opt/airflow/dags/simulator_1.py for tasks to queue
[2024-12-22T11:26:27.982+0000] {logging_mixin.py:190} INFO - [2024-12-22T11:26:27.981+0000] {dagbag.py:588} INFO - Filling up the DagBag from /opt/airflow/dags/simulator_1.py
[2024-12-22T11:26:28.020+0000] {processor.py:925} INFO - DAG(s) 'simulator_1' retrieved from /opt/airflow/dags/simulator_1.py
[2024-12-22T11:26:28.063+0000] {logging_mixin.py:190} INFO - [2024-12-22T11:26:28.063+0000] {dag.py:3239} INFO - Sync 1 DAGs
[2024-12-22T11:26:28.219+0000] {logging_mixin.py:190} INFO - [2024-12-22T11:26:28.217+0000] {dag.py:4180} INFO - Setting next_dagrun for simulator_1 to 2024-12-22 00:00:00+00:00, run_after=2024-12-23 00:00:00+00:00
[2024-12-22T11:26:28.270+0000] {processor.py:208} INFO - Processing /opt/airflow/dags/simulator_1.py took 0.313 seconds
[2024-12-22T11:27:00.818+0000] {processor.py:186} INFO - Started process (PID=1084) to work on /opt/airflow/dags/simulator_1.py
[2024-12-22T11:27:00.820+0000] {processor.py:914} INFO - Processing file /opt/airflow/dags/simulator_1.py for tasks to queue
[2024-12-22T11:27:00.823+0000] {logging_mixin.py:190} INFO - [2024-12-22T11:27:00.822+0000] {dagbag.py:588} INFO - Filling up the DagBag from /opt/airflow/dags/simulator_1.py
[2024-12-22T11:27:00.889+0000] {processor.py:925} INFO - DAG(s) 'simulator_1' retrieved from /opt/airflow/dags/simulator_1.py
[2024-12-22T11:27:00.935+0000] {logging_mixin.py:190} INFO - [2024-12-22T11:27:00.935+0000] {dag.py:3239} INFO - Sync 1 DAGs
[2024-12-22T11:27:00.994+0000] {logging_mixin.py:190} INFO - [2024-12-22T11:27:00.993+0000] {dag.py:4180} INFO - Setting next_dagrun for simulator_1 to 2024-12-22 00:00:00+00:00, run_after=2024-12-23 00:00:00+00:00
[2024-12-22T11:27:01.043+0000] {processor.py:208} INFO - Processing /opt/airflow/dags/simulator_1.py took 0.242 seconds
[2024-12-22T11:27:36.347+0000] {processor.py:186} INFO - Started process (PID=1149) to work on /opt/airflow/dags/simulator_1.py
[2024-12-22T11:27:36.351+0000] {processor.py:914} INFO - Processing file /opt/airflow/dags/simulator_1.py for tasks to queue
[2024-12-22T11:27:36.359+0000] {logging_mixin.py:190} INFO - [2024-12-22T11:27:36.357+0000] {dagbag.py:588} INFO - Filling up the DagBag from /opt/airflow/dags/simulator_1.py
[2024-12-22T11:27:36.464+0000] {processor.py:925} INFO - DAG(s) 'simulator_1' retrieved from /opt/airflow/dags/simulator_1.py
[2024-12-22T11:27:36.569+0000] {logging_mixin.py:190} INFO - [2024-12-22T11:27:36.568+0000] {dag.py:3239} INFO - Sync 1 DAGs
[2024-12-22T11:27:36.745+0000] {logging_mixin.py:190} INFO - [2024-12-22T11:27:36.744+0000] {dag.py:4180} INFO - Setting next_dagrun for simulator_1 to 2024-12-22 00:00:00+00:00, run_after=2024-12-23 00:00:00+00:00
[2024-12-22T11:27:36.850+0000] {processor.py:208} INFO - Processing /opt/airflow/dags/simulator_1.py took 0.539 seconds
[2024-12-22T11:28:09.556+0000] {processor.py:186} INFO - Started process (PID=1214) to work on /opt/airflow/dags/simulator_1.py
[2024-12-22T11:28:09.562+0000] {processor.py:914} INFO - Processing file /opt/airflow/dags/simulator_1.py for tasks to queue
[2024-12-22T11:28:09.569+0000] {logging_mixin.py:190} INFO - [2024-12-22T11:28:09.568+0000] {dagbag.py:588} INFO - Filling up the DagBag from /opt/airflow/dags/simulator_1.py
[2024-12-22T11:28:09.673+0000] {processor.py:925} INFO - DAG(s) 'simulator_1' retrieved from /opt/airflow/dags/simulator_1.py
[2024-12-22T11:28:09.785+0000] {logging_mixin.py:190} INFO - [2024-12-22T11:28:09.785+0000] {dag.py:3239} INFO - Sync 1 DAGs
[2024-12-22T11:28:09.845+0000] {logging_mixin.py:190} INFO - [2024-12-22T11:28:09.845+0000] {dag.py:4180} INFO - Setting next_dagrun for simulator_1 to 2024-12-22 00:00:00+00:00, run_after=2024-12-23 00:00:00+00:00
[2024-12-22T11:28:10.643+0000] {processor.py:208} INFO - Processing /opt/airflow/dags/simulator_1.py took 1.120 seconds
[2024-12-22T11:28:42.833+0000] {processor.py:186} INFO - Started process (PID=1279) to work on /opt/airflow/dags/simulator_1.py
[2024-12-22T11:28:42.836+0000] {processor.py:914} INFO - Processing file /opt/airflow/dags/simulator_1.py for tasks to queue
[2024-12-22T11:28:42.842+0000] {logging_mixin.py:190} INFO - [2024-12-22T11:28:42.841+0000] {dagbag.py:588} INFO - Filling up the DagBag from /opt/airflow/dags/simulator_1.py
[2024-12-22T11:28:42.894+0000] {processor.py:925} INFO - DAG(s) 'simulator_1' retrieved from /opt/airflow/dags/simulator_1.py
[2024-12-22T11:28:42.944+0000] {logging_mixin.py:190} INFO - [2024-12-22T11:28:42.943+0000] {dag.py:3239} INFO - Sync 1 DAGs
[2024-12-22T11:28:43.012+0000] {logging_mixin.py:190} INFO - [2024-12-22T11:28:43.012+0000] {dag.py:4180} INFO - Setting next_dagrun for simulator_1 to 2024-12-22 00:00:00+00:00, run_after=2024-12-23 00:00:00+00:00
[2024-12-22T11:28:43.054+0000] {processor.py:208} INFO - Processing /opt/airflow/dags/simulator_1.py took 0.240 seconds
[2024-12-22T11:29:16.294+0000] {processor.py:186} INFO - Started process (PID=1344) to work on /opt/airflow/dags/simulator_1.py
[2024-12-22T11:29:16.297+0000] {processor.py:914} INFO - Processing file /opt/airflow/dags/simulator_1.py for tasks to queue
[2024-12-22T11:29:16.301+0000] {logging_mixin.py:190} INFO - [2024-12-22T11:29:16.300+0000] {dagbag.py:588} INFO - Filling up the DagBag from /opt/airflow/dags/simulator_1.py
[2024-12-22T11:29:16.352+0000] {processor.py:925} INFO - DAG(s) 'simulator_1' retrieved from /opt/airflow/dags/simulator_1.py
[2024-12-22T11:29:16.409+0000] {logging_mixin.py:190} INFO - [2024-12-22T11:29:16.408+0000] {dag.py:3239} INFO - Sync 1 DAGs
[2024-12-22T11:29:16.478+0000] {logging_mixin.py:190} INFO - [2024-12-22T11:29:16.478+0000] {dag.py:4180} INFO - Setting next_dagrun for simulator_1 to 2024-12-22 00:00:00+00:00, run_after=2024-12-23 00:00:00+00:00
[2024-12-22T11:29:16.526+0000] {processor.py:208} INFO - Processing /opt/airflow/dags/simulator_1.py took 0.249 seconds
[2024-12-22T11:29:47.906+0000] {processor.py:186} INFO - Started process (PID=1399) to work on /opt/airflow/dags/simulator_1.py
[2024-12-22T11:29:47.909+0000] {processor.py:914} INFO - Processing file /opt/airflow/dags/simulator_1.py for tasks to queue
[2024-12-22T11:29:47.913+0000] {logging_mixin.py:190} INFO - [2024-12-22T11:29:47.912+0000] {dagbag.py:588} INFO - Filling up the DagBag from /opt/airflow/dags/simulator_1.py
[2024-12-22T11:29:47.983+0000] {processor.py:925} INFO - DAG(s) 'simulator_1' retrieved from /opt/airflow/dags/simulator_1.py
[2024-12-22T11:29:48.063+0000] {logging_mixin.py:190} INFO - [2024-12-22T11:29:48.062+0000] {dag.py:3239} INFO - Sync 1 DAGs
[2024-12-22T11:29:48.165+0000] {logging_mixin.py:190} INFO - [2024-12-22T11:29:48.164+0000] {dag.py:4180} INFO - Setting next_dagrun for simulator_1 to 2024-12-22 00:00:00+00:00, run_after=2024-12-23 00:00:00+00:00
[2024-12-22T11:29:48.291+0000] {processor.py:208} INFO - Processing /opt/airflow/dags/simulator_1.py took 0.404 seconds
[2024-12-22T11:30:24.718+0000] {processor.py:186} INFO - Started process (PID=1464) to work on /opt/airflow/dags/simulator_1.py
[2024-12-22T11:30:24.722+0000] {processor.py:914} INFO - Processing file /opt/airflow/dags/simulator_1.py for tasks to queue
[2024-12-22T11:30:24.729+0000] {logging_mixin.py:190} INFO - [2024-12-22T11:30:24.727+0000] {dagbag.py:588} INFO - Filling up the DagBag from /opt/airflow/dags/simulator_1.py
[2024-12-22T11:30:24.819+0000] {processor.py:925} INFO - DAG(s) 'simulator_1' retrieved from /opt/airflow/dags/simulator_1.py
[2024-12-22T11:30:24.908+0000] {logging_mixin.py:190} INFO - [2024-12-22T11:30:24.907+0000] {dag.py:3239} INFO - Sync 1 DAGs
[2024-12-22T11:30:24.998+0000] {logging_mixin.py:190} INFO - [2024-12-22T11:30:24.997+0000] {dag.py:4180} INFO - Setting next_dagrun for simulator_1 to 2024-12-22 00:00:00+00:00, run_after=2024-12-23 00:00:00+00:00
[2024-12-22T11:30:25.395+0000] {processor.py:208} INFO - Processing /opt/airflow/dags/simulator_1.py took 0.716 seconds
[2024-12-22T11:30:55.888+0000] {processor.py:186} INFO - Started process (PID=1528) to work on /opt/airflow/dags/simulator_1.py
[2024-12-22T11:30:55.892+0000] {processor.py:914} INFO - Processing file /opt/airflow/dags/simulator_1.py for tasks to queue
[2024-12-22T11:30:55.899+0000] {logging_mixin.py:190} INFO - [2024-12-22T11:30:55.898+0000] {dagbag.py:588} INFO - Filling up the DagBag from /opt/airflow/dags/simulator_1.py
[2024-12-22T11:30:56.022+0000] {processor.py:925} INFO - DAG(s) 'simulator_1' retrieved from /opt/airflow/dags/simulator_1.py
[2024-12-22T11:30:56.151+0000] {logging_mixin.py:190} INFO - [2024-12-22T11:30:56.149+0000] {dag.py:3239} INFO - Sync 1 DAGs
[2024-12-22T11:30:56.231+0000] {logging_mixin.py:190} INFO - [2024-12-22T11:30:56.230+0000] {dag.py:4180} INFO - Setting next_dagrun for simulator_1 to 2024-12-22 00:00:00+00:00, run_after=2024-12-23 00:00:00+00:00
[2024-12-22T11:30:56.271+0000] {processor.py:208} INFO - Processing /opt/airflow/dags/simulator_1.py took 0.414 seconds
[2024-12-22T11:31:26.809+0000] {processor.py:186} INFO - Started process (PID=1592) to work on /opt/airflow/dags/simulator_1.py
[2024-12-22T11:31:26.816+0000] {processor.py:914} INFO - Processing file /opt/airflow/dags/simulator_1.py for tasks to queue
[2024-12-22T11:31:26.822+0000] {logging_mixin.py:190} INFO - [2024-12-22T11:31:26.820+0000] {dagbag.py:588} INFO - Filling up the DagBag from /opt/airflow/dags/simulator_1.py
[2024-12-22T11:31:26.907+0000] {processor.py:925} INFO - DAG(s) 'simulator_1' retrieved from /opt/airflow/dags/simulator_1.py
[2024-12-22T11:31:26.990+0000] {logging_mixin.py:190} INFO - [2024-12-22T11:31:26.989+0000] {dag.py:3239} INFO - Sync 1 DAGs
[2024-12-22T11:31:27.104+0000] {logging_mixin.py:190} INFO - [2024-12-22T11:31:27.104+0000] {dag.py:4180} INFO - Setting next_dagrun for simulator_1 to 2024-12-22 00:00:00+00:00, run_after=2024-12-23 00:00:00+00:00
[2024-12-22T11:31:27.949+0000] {processor.py:208} INFO - Processing /opt/airflow/dags/simulator_1.py took 1.170 seconds
[2024-12-22T11:31:58.710+0000] {processor.py:186} INFO - Started process (PID=1656) to work on /opt/airflow/dags/simulator_1.py
[2024-12-22T11:31:58.713+0000] {processor.py:914} INFO - Processing file /opt/airflow/dags/simulator_1.py for tasks to queue
[2024-12-22T11:31:58.717+0000] {logging_mixin.py:190} INFO - [2024-12-22T11:31:58.716+0000] {dagbag.py:588} INFO - Filling up the DagBag from /opt/airflow/dags/simulator_1.py
[2024-12-22T11:31:58.761+0000] {processor.py:925} INFO - DAG(s) 'simulator_1' retrieved from /opt/airflow/dags/simulator_1.py
[2024-12-22T11:31:58.822+0000] {logging_mixin.py:190} INFO - [2024-12-22T11:31:58.822+0000] {dag.py:3239} INFO - Sync 1 DAGs
[2024-12-22T11:31:59.046+0000] {logging_mixin.py:190} INFO - [2024-12-22T11:31:59.046+0000] {dag.py:4180} INFO - Setting next_dagrun for simulator_1 to 2024-12-22 00:00:00+00:00, run_after=2024-12-23 00:00:00+00:00
[2024-12-22T11:31:59.097+0000] {processor.py:208} INFO - Processing /opt/airflow/dags/simulator_1.py took 0.413 seconds
[2024-12-22T11:32:30.529+0000] {processor.py:186} INFO - Started process (PID=1700) to work on /opt/airflow/dags/simulator_1.py
[2024-12-22T11:32:30.533+0000] {processor.py:914} INFO - Processing file /opt/airflow/dags/simulator_1.py for tasks to queue
[2024-12-22T11:32:30.540+0000] {logging_mixin.py:190} INFO - [2024-12-22T11:32:30.538+0000] {dagbag.py:588} INFO - Filling up the DagBag from /opt/airflow/dags/simulator_1.py
[2024-12-22T11:32:30.597+0000] {processor.py:925} INFO - DAG(s) 'simulator_1' retrieved from /opt/airflow/dags/simulator_1.py
[2024-12-22T11:32:30.675+0000] {logging_mixin.py:190} INFO - [2024-12-22T11:32:30.675+0000] {dag.py:3239} INFO - Sync 1 DAGs
[2024-12-22T11:32:30.749+0000] {logging_mixin.py:190} INFO - [2024-12-22T11:32:30.749+0000] {dag.py:4180} INFO - Setting next_dagrun for simulator_1 to 2024-12-22 00:00:00+00:00, run_after=2024-12-23 00:00:00+00:00
[2024-12-22T11:32:30.795+0000] {processor.py:208} INFO - Processing /opt/airflow/dags/simulator_1.py took 0.294 seconds
[2024-12-22T11:33:06.383+0000] {processor.py:186} INFO - Started process (PID=1761) to work on /opt/airflow/dags/simulator_1.py
[2024-12-22T11:33:06.385+0000] {processor.py:914} INFO - Processing file /opt/airflow/dags/simulator_1.py for tasks to queue
[2024-12-22T11:33:06.389+0000] {logging_mixin.py:190} INFO - [2024-12-22T11:33:06.388+0000] {dagbag.py:588} INFO - Filling up the DagBag from /opt/airflow/dags/simulator_1.py
[2024-12-22T11:33:06.434+0000] {processor.py:925} INFO - DAG(s) 'simulator_1' retrieved from /opt/airflow/dags/simulator_1.py
[2024-12-22T11:33:06.487+0000] {logging_mixin.py:190} INFO - [2024-12-22T11:33:06.487+0000] {dag.py:3239} INFO - Sync 1 DAGs
[2024-12-22T11:33:06.576+0000] {logging_mixin.py:190} INFO - [2024-12-22T11:33:06.576+0000] {dag.py:4180} INFO - Setting next_dagrun for simulator_1 to 2024-12-22 00:00:00+00:00, run_after=2024-12-23 00:00:00+00:00
[2024-12-22T11:33:06.637+0000] {processor.py:208} INFO - Processing /opt/airflow/dags/simulator_1.py took 0.275 seconds
[2024-12-22T11:33:45.735+0000] {processor.py:186} INFO - Started process (PID=1821) to work on /opt/airflow/dags/simulator_1.py
[2024-12-22T11:33:45.738+0000] {processor.py:914} INFO - Processing file /opt/airflow/dags/simulator_1.py for tasks to queue
[2024-12-22T11:33:45.741+0000] {logging_mixin.py:190} INFO - [2024-12-22T11:33:45.741+0000] {dagbag.py:588} INFO - Filling up the DagBag from /opt/airflow/dags/simulator_1.py
[2024-12-22T11:33:45.781+0000] {processor.py:925} INFO - DAG(s) 'simulator_1' retrieved from /opt/airflow/dags/simulator_1.py
[2024-12-22T11:33:45.828+0000] {logging_mixin.py:190} INFO - [2024-12-22T11:33:45.827+0000] {dag.py:3239} INFO - Sync 1 DAGs
[2024-12-22T11:33:45.926+0000] {logging_mixin.py:190} INFO - [2024-12-22T11:33:45.925+0000] {dag.py:4180} INFO - Setting next_dagrun for simulator_1 to 2024-12-22 00:00:00+00:00, run_after=2024-12-23 00:00:00+00:00
[2024-12-22T11:33:46.081+0000] {processor.py:208} INFO - Processing /opt/airflow/dags/simulator_1.py took 0.371 seconds
[2024-12-22T11:34:21.500+0000] {processor.py:186} INFO - Started process (PID=1885) to work on /opt/airflow/dags/simulator_1.py
[2024-12-22T11:34:21.504+0000] {processor.py:914} INFO - Processing file /opt/airflow/dags/simulator_1.py for tasks to queue
[2024-12-22T11:34:21.509+0000] {logging_mixin.py:190} INFO - [2024-12-22T11:34:21.508+0000] {dagbag.py:588} INFO - Filling up the DagBag from /opt/airflow/dags/simulator_1.py
[2024-12-22T11:34:21.587+0000] {processor.py:925} INFO - DAG(s) 'simulator_1' retrieved from /opt/airflow/dags/simulator_1.py
[2024-12-22T11:34:21.666+0000] {logging_mixin.py:190} INFO - [2024-12-22T11:34:21.665+0000] {dag.py:3239} INFO - Sync 1 DAGs
[2024-12-22T11:34:21.775+0000] {logging_mixin.py:190} INFO - [2024-12-22T11:34:21.775+0000] {dag.py:4180} INFO - Setting next_dagrun for simulator_1 to 2024-12-22 00:00:00+00:00, run_after=2024-12-23 00:00:00+00:00
[2024-12-22T11:34:22.650+0000] {processor.py:208} INFO - Processing /opt/airflow/dags/simulator_1.py took 1.174 seconds
[2024-12-22T11:34:53.344+0000] {processor.py:186} INFO - Started process (PID=1942) to work on /opt/airflow/dags/simulator_1.py
[2024-12-22T11:34:53.348+0000] {processor.py:914} INFO - Processing file /opt/airflow/dags/simulator_1.py for tasks to queue
[2024-12-22T11:34:53.353+0000] {logging_mixin.py:190} INFO - [2024-12-22T11:34:53.352+0000] {dagbag.py:588} INFO - Filling up the DagBag from /opt/airflow/dags/simulator_1.py
[2024-12-22T11:34:53.410+0000] {processor.py:925} INFO - DAG(s) 'simulator_1' retrieved from /opt/airflow/dags/simulator_1.py
[2024-12-22T11:34:53.484+0000] {logging_mixin.py:190} INFO - [2024-12-22T11:34:53.483+0000] {dag.py:3239} INFO - Sync 1 DAGs
[2024-12-22T11:34:53.576+0000] {logging_mixin.py:190} INFO - [2024-12-22T11:34:53.575+0000] {dag.py:4180} INFO - Setting next_dagrun for simulator_1 to 2024-12-22 00:00:00+00:00, run_after=2024-12-23 00:00:00+00:00
[2024-12-22T11:34:53.636+0000] {processor.py:208} INFO - Processing /opt/airflow/dags/simulator_1.py took 0.315 seconds
[2024-12-22T11:35:23.950+0000] {processor.py:186} INFO - Started process (PID=2007) to work on /opt/airflow/dags/simulator_1.py
[2024-12-22T11:35:23.953+0000] {processor.py:914} INFO - Processing file /opt/airflow/dags/simulator_1.py for tasks to queue
[2024-12-22T11:35:23.957+0000] {logging_mixin.py:190} INFO - [2024-12-22T11:35:23.956+0000] {dagbag.py:588} INFO - Filling up the DagBag from /opt/airflow/dags/simulator_1.py
[2024-12-22T11:35:24.012+0000] {processor.py:925} INFO - DAG(s) 'simulator_1' retrieved from /opt/airflow/dags/simulator_1.py
[2024-12-22T11:35:24.093+0000] {logging_mixin.py:190} INFO - [2024-12-22T11:35:24.091+0000] {dag.py:3239} INFO - Sync 1 DAGs
[2024-12-22T11:35:24.192+0000] {logging_mixin.py:190} INFO - [2024-12-22T11:35:24.191+0000] {dag.py:4180} INFO - Setting next_dagrun for simulator_1 to 2024-12-22 00:00:00+00:00, run_after=2024-12-23 00:00:00+00:00
[2024-12-22T11:35:25.044+0000] {processor.py:208} INFO - Processing /opt/airflow/dags/simulator_1.py took 1.111 seconds
[2024-12-22T11:36:22.835+0000] {processor.py:186} INFO - Started process (PID=2074) to work on /opt/airflow/dags/simulator_1.py
[2024-12-22T11:36:22.843+0000] {processor.py:914} INFO - Processing file /opt/airflow/dags/simulator_1.py for tasks to queue
[2024-12-22T11:36:22.854+0000] {logging_mixin.py:190} INFO - [2024-12-22T11:36:22.852+0000] {dagbag.py:588} INFO - Filling up the DagBag from /opt/airflow/dags/simulator_1.py
[2024-12-22T11:36:22.953+0000] {processor.py:925} INFO - DAG(s) 'simulator_1' retrieved from /opt/airflow/dags/simulator_1.py
[2024-12-22T11:36:23.016+0000] {logging_mixin.py:190} INFO - [2024-12-22T11:36:23.015+0000] {dag.py:3239} INFO - Sync 1 DAGs
[2024-12-22T11:36:23.087+0000] {logging_mixin.py:190} INFO - [2024-12-22T11:36:23.087+0000] {dag.py:4180} INFO - Setting next_dagrun for simulator_1 to 2024-12-22 00:00:00+00:00, run_after=2024-12-23 00:00:00+00:00
[2024-12-22T11:36:23.135+0000] {processor.py:208} INFO - Processing /opt/airflow/dags/simulator_1.py took 0.325 seconds
[2024-12-22T11:36:54.487+0000] {processor.py:186} INFO - Started process (PID=2138) to work on /opt/airflow/dags/simulator_1.py
[2024-12-22T11:36:54.489+0000] {processor.py:914} INFO - Processing file /opt/airflow/dags/simulator_1.py for tasks to queue
[2024-12-22T11:36:54.493+0000] {logging_mixin.py:190} INFO - [2024-12-22T11:36:54.492+0000] {dagbag.py:588} INFO - Filling up the DagBag from /opt/airflow/dags/simulator_1.py
[2024-12-22T11:36:54.541+0000] {processor.py:925} INFO - DAG(s) 'simulator_1' retrieved from /opt/airflow/dags/simulator_1.py
[2024-12-22T11:36:54.587+0000] {logging_mixin.py:190} INFO - [2024-12-22T11:36:54.586+0000] {dag.py:3239} INFO - Sync 1 DAGs
[2024-12-22T11:36:54.646+0000] {logging_mixin.py:190} INFO - [2024-12-22T11:36:54.646+0000] {dag.py:4180} INFO - Setting next_dagrun for simulator_1 to 2024-12-22 00:00:00+00:00, run_after=2024-12-23 00:00:00+00:00
[2024-12-22T11:36:54.686+0000] {processor.py:208} INFO - Processing /opt/airflow/dags/simulator_1.py took 0.213 seconds
[2024-12-22T11:37:33.529+0000] {processor.py:186} INFO - Started process (PID=2201) to work on /opt/airflow/dags/simulator_1.py
[2024-12-22T11:37:33.533+0000] {processor.py:914} INFO - Processing file /opt/airflow/dags/simulator_1.py for tasks to queue
[2024-12-22T11:37:33.538+0000] {logging_mixin.py:190} INFO - [2024-12-22T11:37:33.537+0000] {dagbag.py:588} INFO - Filling up the DagBag from /opt/airflow/dags/simulator_1.py
[2024-12-22T11:37:33.592+0000] {processor.py:925} INFO - DAG(s) 'simulator_1' retrieved from /opt/airflow/dags/simulator_1.py
[2024-12-22T11:37:33.656+0000] {logging_mixin.py:190} INFO - [2024-12-22T11:37:33.654+0000] {dag.py:3239} INFO - Sync 1 DAGs
[2024-12-22T11:37:33.750+0000] {logging_mixin.py:190} INFO - [2024-12-22T11:37:33.750+0000] {dag.py:4180} INFO - Setting next_dagrun for simulator_1 to 2024-12-22 00:00:00+00:00, run_after=2024-12-23 00:00:00+00:00
[2024-12-22T11:37:33.822+0000] {processor.py:208} INFO - Processing /opt/airflow/dags/simulator_1.py took 0.314 seconds
[2024-12-22T11:38:12.763+0000] {processor.py:186} INFO - Started process (PID=2256) to work on /opt/airflow/dags/simulator_1.py
[2024-12-22T11:38:12.765+0000] {processor.py:914} INFO - Processing file /opt/airflow/dags/simulator_1.py for tasks to queue
[2024-12-22T11:38:12.769+0000] {logging_mixin.py:190} INFO - [2024-12-22T11:38:12.768+0000] {dagbag.py:588} INFO - Filling up the DagBag from /opt/airflow/dags/simulator_1.py
[2024-12-22T11:38:12.806+0000] {processor.py:925} INFO - DAG(s) 'simulator_1' retrieved from /opt/airflow/dags/simulator_1.py
[2024-12-22T11:38:12.850+0000] {logging_mixin.py:190} INFO - [2024-12-22T11:38:12.849+0000] {dag.py:3239} INFO - Sync 1 DAGs
[2024-12-22T11:38:12.912+0000] {logging_mixin.py:190} INFO - [2024-12-22T11:38:12.911+0000] {dag.py:4180} INFO - Setting next_dagrun for simulator_1 to 2024-12-22 00:00:00+00:00, run_after=2024-12-23 00:00:00+00:00
[2024-12-22T11:38:12.952+0000] {processor.py:208} INFO - Processing /opt/airflow/dags/simulator_1.py took 0.219 seconds
[2024-12-22T11:38:51.616+0000] {processor.py:186} INFO - Started process (PID=2321) to work on /opt/airflow/dags/simulator_1.py
[2024-12-22T11:38:51.622+0000] {processor.py:914} INFO - Processing file /opt/airflow/dags/simulator_1.py for tasks to queue
[2024-12-22T11:38:51.630+0000] {logging_mixin.py:190} INFO - [2024-12-22T11:38:51.628+0000] {dagbag.py:588} INFO - Filling up the DagBag from /opt/airflow/dags/simulator_1.py
[2024-12-22T11:38:52.612+0000] {processor.py:925} INFO - DAG(s) 'simulator_1' retrieved from /opt/airflow/dags/simulator_1.py
[2024-12-22T11:38:52.744+0000] {logging_mixin.py:190} INFO - [2024-12-22T11:38:52.742+0000] {dag.py:3239} INFO - Sync 1 DAGs
[2024-12-22T11:38:52.917+0000] {logging_mixin.py:190} INFO - [2024-12-22T11:38:52.916+0000] {dag.py:4180} INFO - Setting next_dagrun for simulator_1 to 2024-12-22 00:00:00+00:00, run_after=2024-12-23 00:00:00+00:00
[2024-12-22T11:38:53.871+0000] {processor.py:208} INFO - Processing /opt/airflow/dags/simulator_1.py took 2.290 seconds
[2024-12-22T11:39:27.379+0000] {processor.py:186} INFO - Started process (PID=2384) to work on /opt/airflow/dags/simulator_1.py
[2024-12-22T11:39:27.383+0000] {processor.py:914} INFO - Processing file /opt/airflow/dags/simulator_1.py for tasks to queue
[2024-12-22T11:39:27.387+0000] {logging_mixin.py:190} INFO - [2024-12-22T11:39:27.386+0000] {dagbag.py:588} INFO - Filling up the DagBag from /opt/airflow/dags/simulator_1.py
[2024-12-22T11:39:27.466+0000] {processor.py:925} INFO - DAG(s) 'simulator_1' retrieved from /opt/airflow/dags/simulator_1.py
[2024-12-22T11:39:27.549+0000] {logging_mixin.py:190} INFO - [2024-12-22T11:39:27.548+0000] {dag.py:3239} INFO - Sync 1 DAGs
[2024-12-22T11:39:27.671+0000] {logging_mixin.py:190} INFO - [2024-12-22T11:39:27.670+0000] {dag.py:4180} INFO - Setting next_dagrun for simulator_1 to 2024-12-22 00:00:00+00:00, run_after=2024-12-23 00:00:00+00:00
[2024-12-22T11:39:27.714+0000] {processor.py:208} INFO - Processing /opt/airflow/dags/simulator_1.py took 0.355 seconds
[2024-12-22T11:40:04.520+0000] {processor.py:186} INFO - Started process (PID=2456) to work on /opt/airflow/dags/simulator_1.py
[2024-12-22T11:40:04.523+0000] {processor.py:914} INFO - Processing file /opt/airflow/dags/simulator_1.py for tasks to queue
[2024-12-22T11:40:04.525+0000] {logging_mixin.py:190} INFO - [2024-12-22T11:40:04.525+0000] {dagbag.py:588} INFO - Filling up the DagBag from /opt/airflow/dags/simulator_1.py
[2024-12-22T11:40:04.573+0000] {processor.py:925} INFO - DAG(s) 'simulator_1' retrieved from /opt/airflow/dags/simulator_1.py
[2024-12-22T11:40:04.647+0000] {logging_mixin.py:190} INFO - [2024-12-22T11:40:04.645+0000] {dag.py:3239} INFO - Sync 1 DAGs
[2024-12-22T11:40:04.840+0000] {logging_mixin.py:190} INFO - [2024-12-22T11:40:04.838+0000] {dag.py:4180} INFO - Setting next_dagrun for simulator_1 to 2024-12-22 00:00:00+00:00, run_after=2024-12-23 00:00:00+00:00
[2024-12-22T11:40:05.604+0000] {processor.py:208} INFO - Processing /opt/airflow/dags/simulator_1.py took 1.113 seconds
[2024-12-22T11:40:42.381+0000] {processor.py:186} INFO - Started process (PID=2521) to work on /opt/airflow/dags/simulator_1.py
[2024-12-22T11:40:42.383+0000] {processor.py:914} INFO - Processing file /opt/airflow/dags/simulator_1.py for tasks to queue
[2024-12-22T11:40:42.386+0000] {logging_mixin.py:190} INFO - [2024-12-22T11:40:42.385+0000] {dagbag.py:588} INFO - Filling up the DagBag from /opt/airflow/dags/simulator_1.py
[2024-12-22T11:40:43.409+0000] {processor.py:925} INFO - DAG(s) 'simulator_1' retrieved from /opt/airflow/dags/simulator_1.py
[2024-12-22T11:40:43.526+0000] {logging_mixin.py:190} INFO - [2024-12-22T11:40:43.525+0000] {dag.py:3239} INFO - Sync 1 DAGs
[2024-12-22T11:40:43.725+0000] {logging_mixin.py:190} INFO - [2024-12-22T11:40:43.724+0000] {dag.py:4180} INFO - Setting next_dagrun for simulator_1 to 2024-12-22 00:00:00+00:00, run_after=2024-12-23 00:00:00+00:00
[2024-12-22T11:40:44.600+0000] {processor.py:208} INFO - Processing /opt/airflow/dags/simulator_1.py took 2.234 seconds
[2024-12-22T11:41:19.195+0000] {processor.py:186} INFO - Started process (PID=2586) to work on /opt/airflow/dags/simulator_1.py
[2024-12-22T11:41:19.198+0000] {processor.py:914} INFO - Processing file /opt/airflow/dags/simulator_1.py for tasks to queue
[2024-12-22T11:41:19.201+0000] {logging_mixin.py:190} INFO - [2024-12-22T11:41:19.201+0000] {dagbag.py:588} INFO - Filling up the DagBag from /opt/airflow/dags/simulator_1.py
[2024-12-22T11:41:20.243+0000] {processor.py:925} INFO - DAG(s) 'simulator_1' retrieved from /opt/airflow/dags/simulator_1.py
[2024-12-22T11:41:20.375+0000] {logging_mixin.py:190} INFO - [2024-12-22T11:41:20.374+0000] {dag.py:3239} INFO - Sync 1 DAGs
[2024-12-22T11:41:20.462+0000] {logging_mixin.py:190} INFO - [2024-12-22T11:41:20.461+0000] {dag.py:4180} INFO - Setting next_dagrun for simulator_1 to 2024-12-22 00:00:00+00:00, run_after=2024-12-23 00:00:00+00:00
[2024-12-22T11:41:20.522+0000] {processor.py:208} INFO - Processing /opt/airflow/dags/simulator_1.py took 1.342 seconds
[2024-12-22T11:42:47.072+0000] {processor.py:186} INFO - Started process (PID=2650) to work on /opt/airflow/dags/simulator_1.py
[2024-12-22T11:42:47.077+0000] {processor.py:914} INFO - Processing file /opt/airflow/dags/simulator_1.py for tasks to queue
[2024-12-22T11:42:47.082+0000] {logging_mixin.py:190} INFO - [2024-12-22T11:42:47.081+0000] {dagbag.py:588} INFO - Filling up the DagBag from /opt/airflow/dags/simulator_1.py
[2024-12-22T11:42:47.183+0000] {processor.py:925} INFO - DAG(s) 'simulator_1' retrieved from /opt/airflow/dags/simulator_1.py
[2024-12-22T11:43:01.481+0000] {logging_mixin.py:190} INFO - [2024-12-22T11:43:01.471+0000] {dag.py:3239} INFO - Sync 1 DAGs
[2024-12-22T11:43:01.607+0000] {logging_mixin.py:190} INFO - [2024-12-22T11:43:01.606+0000] {dag.py:4180} INFO - Setting next_dagrun for simulator_1 to 2024-12-22 00:00:00+00:00, run_after=2024-12-23 00:00:00+00:00
[2024-12-22T11:43:01.658+0000] {processor.py:208} INFO - Processing /opt/airflow/dags/simulator_1.py took 14.612 seconds
[2024-12-22T11:45:06.363+0000] {processor.py:186} INFO - Started process (PID=2713) to work on /opt/airflow/dags/simulator_1.py
[2024-12-22T11:45:06.365+0000] {processor.py:914} INFO - Processing file /opt/airflow/dags/simulator_1.py for tasks to queue
[2024-12-22T11:45:06.370+0000] {logging_mixin.py:190} INFO - [2024-12-22T11:45:06.369+0000] {dagbag.py:588} INFO - Filling up the DagBag from /opt/airflow/dags/simulator_1.py
[2024-12-22T11:45:06.507+0000] {processor.py:925} INFO - DAG(s) 'simulator_1' retrieved from /opt/airflow/dags/simulator_1.py
[2024-12-22T11:45:06.621+0000] {logging_mixin.py:190} INFO - [2024-12-22T11:45:06.620+0000] {dag.py:3239} INFO - Sync 1 DAGs
[2024-12-22T11:45:06.734+0000] {logging_mixin.py:190} INFO - [2024-12-22T11:45:06.734+0000] {dag.py:4180} INFO - Setting next_dagrun for simulator_1 to 2024-12-22 00:00:00+00:00, run_after=2024-12-23 00:00:00+00:00
[2024-12-22T11:45:06.801+0000] {processor.py:208} INFO - Processing /opt/airflow/dags/simulator_1.py took 0.473 seconds
[2024-12-22T11:50:00.440+0000] {processor.py:186} INFO - Started process (PID=71) to work on /opt/airflow/dags/simulator_1.py
[2024-12-22T11:50:00.442+0000] {processor.py:914} INFO - Processing file /opt/airflow/dags/simulator_1.py for tasks to queue
[2024-12-22T11:50:00.447+0000] {logging_mixin.py:190} INFO - [2024-12-22T11:50:00.446+0000] {dagbag.py:588} INFO - Filling up the DagBag from /opt/airflow/dags/simulator_1.py
[2024-12-22T11:50:00.497+0000] {processor.py:925} INFO - DAG(s) 'simulator_1' retrieved from /opt/airflow/dags/simulator_1.py
[2024-12-22T11:50:00.556+0000] {logging_mixin.py:190} INFO - [2024-12-22T11:50:00.555+0000] {dag.py:3239} INFO - Sync 1 DAGs
[2024-12-22T11:50:00.608+0000] {logging_mixin.py:190} INFO - [2024-12-22T11:50:00.608+0000] {dag.py:4180} INFO - Setting next_dagrun for simulator_1 to 2024-12-22 00:00:00+00:00, run_after=2024-12-23 00:00:00+00:00
[2024-12-22T11:50:00.653+0000] {processor.py:208} INFO - Processing /opt/airflow/dags/simulator_1.py took 0.229 seconds
[2024-12-22T11:50:31.340+0000] {processor.py:186} INFO - Started process (PID=136) to work on /opt/airflow/dags/simulator_1.py
[2024-12-22T11:50:31.498+0000] {processor.py:914} INFO - Processing file /opt/airflow/dags/simulator_1.py for tasks to queue
[2024-12-22T11:50:31.503+0000] {logging_mixin.py:190} INFO - [2024-12-22T11:50:31.501+0000] {dagbag.py:588} INFO - Filling up the DagBag from /opt/airflow/dags/simulator_1.py
[2024-12-22T11:50:31.551+0000] {processor.py:925} INFO - DAG(s) 'simulator_1' retrieved from /opt/airflow/dags/simulator_1.py
[2024-12-22T11:50:31.588+0000] {logging_mixin.py:190} INFO - [2024-12-22T11:50:31.588+0000] {dag.py:3239} INFO - Sync 1 DAGs
[2024-12-22T11:50:31.639+0000] {logging_mixin.py:190} INFO - [2024-12-22T11:50:31.638+0000] {dag.py:4180} INFO - Setting next_dagrun for simulator_1 to 2024-12-22 00:00:00+00:00, run_after=2024-12-23 00:00:00+00:00
[2024-12-22T11:50:31.677+0000] {processor.py:208} INFO - Processing /opt/airflow/dags/simulator_1.py took 0.345 seconds
[2024-12-22T11:51:02.415+0000] {processor.py:186} INFO - Started process (PID=201) to work on /opt/airflow/dags/simulator_1.py
[2024-12-22T11:51:02.417+0000] {processor.py:914} INFO - Processing file /opt/airflow/dags/simulator_1.py for tasks to queue
[2024-12-22T11:51:02.422+0000] {logging_mixin.py:190} INFO - [2024-12-22T11:51:02.421+0000] {dagbag.py:588} INFO - Filling up the DagBag from /opt/airflow/dags/simulator_1.py
[2024-12-22T11:51:02.445+0000] {processor.py:925} INFO - DAG(s) 'simulator_1' retrieved from /opt/airflow/dags/simulator_1.py
[2024-12-22T11:51:02.473+0000] {logging_mixin.py:190} INFO - [2024-12-22T11:51:02.473+0000] {dag.py:3239} INFO - Sync 1 DAGs
[2024-12-22T11:51:02.514+0000] {logging_mixin.py:190} INFO - [2024-12-22T11:51:02.514+0000] {dag.py:4180} INFO - Setting next_dagrun for simulator_1 to 2024-12-22 00:00:00+00:00, run_after=2024-12-23 00:00:00+00:00
[2024-12-22T11:51:02.542+0000] {processor.py:208} INFO - Processing /opt/airflow/dags/simulator_1.py took 0.142 seconds
[2024-12-22T11:51:32.893+0000] {processor.py:186} INFO - Started process (PID=266) to work on /opt/airflow/dags/simulator_1.py
[2024-12-22T11:51:32.895+0000] {processor.py:914} INFO - Processing file /opt/airflow/dags/simulator_1.py for tasks to queue
[2024-12-22T11:51:32.902+0000] {logging_mixin.py:190} INFO - [2024-12-22T11:51:32.901+0000] {dagbag.py:588} INFO - Filling up the DagBag from /opt/airflow/dags/simulator_1.py
[2024-12-22T11:51:32.941+0000] {processor.py:925} INFO - DAG(s) 'simulator_1' retrieved from /opt/airflow/dags/simulator_1.py
[2024-12-22T11:51:32.977+0000] {logging_mixin.py:190} INFO - [2024-12-22T11:51:32.976+0000] {dag.py:3239} INFO - Sync 1 DAGs
[2024-12-22T11:51:33.011+0000] {logging_mixin.py:190} INFO - [2024-12-22T11:51:33.010+0000] {dag.py:4180} INFO - Setting next_dagrun for simulator_1 to 2024-12-22 00:00:00+00:00, run_after=2024-12-23 00:00:00+00:00
[2024-12-22T11:51:33.034+0000] {processor.py:208} INFO - Processing /opt/airflow/dags/simulator_1.py took 0.154 seconds
[2024-12-22T11:52:03.481+0000] {processor.py:186} INFO - Started process (PID=331) to work on /opt/airflow/dags/simulator_1.py
[2024-12-22T11:52:03.485+0000] {processor.py:914} INFO - Processing file /opt/airflow/dags/simulator_1.py for tasks to queue
[2024-12-22T11:52:03.491+0000] {logging_mixin.py:190} INFO - [2024-12-22T11:52:03.491+0000] {dagbag.py:588} INFO - Filling up the DagBag from /opt/airflow/dags/simulator_1.py
[2024-12-22T11:52:03.525+0000] {processor.py:925} INFO - DAG(s) 'simulator_1' retrieved from /opt/airflow/dags/simulator_1.py
[2024-12-22T11:52:03.563+0000] {logging_mixin.py:190} INFO - [2024-12-22T11:52:03.563+0000] {dag.py:3239} INFO - Sync 1 DAGs
[2024-12-22T11:52:03.611+0000] {logging_mixin.py:190} INFO - [2024-12-22T11:52:03.611+0000] {dag.py:4180} INFO - Setting next_dagrun for simulator_1 to 2024-12-22 00:00:00+00:00, run_after=2024-12-23 00:00:00+00:00
[2024-12-22T11:52:03.659+0000] {processor.py:208} INFO - Processing /opt/airflow/dags/simulator_1.py took 0.191 seconds
[2024-12-22T11:52:34.342+0000] {processor.py:186} INFO - Started process (PID=396) to work on /opt/airflow/dags/simulator_1.py
[2024-12-22T11:52:34.343+0000] {processor.py:914} INFO - Processing file /opt/airflow/dags/simulator_1.py for tasks to queue
[2024-12-22T11:52:34.346+0000] {logging_mixin.py:190} INFO - [2024-12-22T11:52:34.346+0000] {dagbag.py:588} INFO - Filling up the DagBag from /opt/airflow/dags/simulator_1.py
[2024-12-22T11:52:34.367+0000] {processor.py:925} INFO - DAG(s) 'simulator_1' retrieved from /opt/airflow/dags/simulator_1.py
[2024-12-22T11:52:34.389+0000] {logging_mixin.py:190} INFO - [2024-12-22T11:52:34.389+0000] {dag.py:3239} INFO - Sync 1 DAGs
[2024-12-22T11:52:34.420+0000] {logging_mixin.py:190} INFO - [2024-12-22T11:52:34.420+0000] {dag.py:4180} INFO - Setting next_dagrun for simulator_1 to 2024-12-22 00:00:00+00:00, run_after=2024-12-23 00:00:00+00:00
[2024-12-22T11:52:34.450+0000] {processor.py:208} INFO - Processing /opt/airflow/dags/simulator_1.py took 0.115 seconds
[2024-12-22T11:53:04.867+0000] {processor.py:186} INFO - Started process (PID=461) to work on /opt/airflow/dags/simulator_1.py
[2024-12-22T11:53:04.868+0000] {processor.py:914} INFO - Processing file /opt/airflow/dags/simulator_1.py for tasks to queue
[2024-12-22T11:53:04.872+0000] {logging_mixin.py:190} INFO - [2024-12-22T11:53:04.871+0000] {dagbag.py:588} INFO - Filling up the DagBag from /opt/airflow/dags/simulator_1.py
[2024-12-22T11:53:04.893+0000] {processor.py:925} INFO - DAG(s) 'simulator_1' retrieved from /opt/airflow/dags/simulator_1.py
[2024-12-22T11:53:04.915+0000] {logging_mixin.py:190} INFO - [2024-12-22T11:53:04.914+0000] {dag.py:3239} INFO - Sync 1 DAGs
[2024-12-22T11:53:04.943+0000] {logging_mixin.py:190} INFO - [2024-12-22T11:53:04.942+0000] {dag.py:4180} INFO - Setting next_dagrun for simulator_1 to 2024-12-22 00:00:00+00:00, run_after=2024-12-23 00:00:00+00:00
[2024-12-22T11:53:04.966+0000] {processor.py:208} INFO - Processing /opt/airflow/dags/simulator_1.py took 0.108 seconds
[2024-12-22T11:53:35.625+0000] {processor.py:186} INFO - Started process (PID=526) to work on /opt/airflow/dags/simulator_1.py
[2024-12-22T11:53:35.626+0000] {processor.py:914} INFO - Processing file /opt/airflow/dags/simulator_1.py for tasks to queue
[2024-12-22T11:53:35.629+0000] {logging_mixin.py:190} INFO - [2024-12-22T11:53:35.628+0000] {dagbag.py:588} INFO - Filling up the DagBag from /opt/airflow/dags/simulator_1.py
[2024-12-22T11:53:35.648+0000] {processor.py:925} INFO - DAG(s) 'simulator_1' retrieved from /opt/airflow/dags/simulator_1.py
[2024-12-22T11:53:35.675+0000] {logging_mixin.py:190} INFO - [2024-12-22T11:53:35.674+0000] {dag.py:3239} INFO - Sync 1 DAGs
[2024-12-22T11:53:35.711+0000] {logging_mixin.py:190} INFO - [2024-12-22T11:53:35.711+0000] {dag.py:4180} INFO - Setting next_dagrun for simulator_1 to 2024-12-22 00:00:00+00:00, run_after=2024-12-23 00:00:00+00:00
[2024-12-22T11:53:35.735+0000] {processor.py:208} INFO - Processing /opt/airflow/dags/simulator_1.py took 0.120 seconds
[2024-12-22T11:54:06.336+0000] {processor.py:186} INFO - Started process (PID=591) to work on /opt/airflow/dags/simulator_1.py
[2024-12-22T11:54:06.337+0000] {processor.py:914} INFO - Processing file /opt/airflow/dags/simulator_1.py for tasks to queue
[2024-12-22T11:54:06.339+0000] {logging_mixin.py:190} INFO - [2024-12-22T11:54:06.339+0000] {dagbag.py:588} INFO - Filling up the DagBag from /opt/airflow/dags/simulator_1.py
[2024-12-22T11:54:06.357+0000] {processor.py:925} INFO - DAG(s) 'simulator_1' retrieved from /opt/airflow/dags/simulator_1.py
[2024-12-22T11:54:06.381+0000] {logging_mixin.py:190} INFO - [2024-12-22T11:54:06.381+0000] {dag.py:3239} INFO - Sync 1 DAGs
[2024-12-22T11:54:06.411+0000] {logging_mixin.py:190} INFO - [2024-12-22T11:54:06.411+0000] {dag.py:4180} INFO - Setting next_dagrun for simulator_1 to 2024-12-22 00:00:00+00:00, run_after=2024-12-23 00:00:00+00:00
[2024-12-22T11:54:06.433+0000] {processor.py:208} INFO - Processing /opt/airflow/dags/simulator_1.py took 0.104 seconds
[2024-12-22T11:54:36.795+0000] {processor.py:186} INFO - Started process (PID=656) to work on /opt/airflow/dags/simulator_1.py
[2024-12-22T11:54:36.900+0000] {processor.py:914} INFO - Processing file /opt/airflow/dags/simulator_1.py for tasks to queue
[2024-12-22T11:54:36.904+0000] {logging_mixin.py:190} INFO - [2024-12-22T11:54:36.903+0000] {dagbag.py:588} INFO - Filling up the DagBag from /opt/airflow/dags/simulator_1.py
[2024-12-22T11:54:36.924+0000] {processor.py:925} INFO - DAG(s) 'simulator_1' retrieved from /opt/airflow/dags/simulator_1.py
[2024-12-22T11:54:36.947+0000] {logging_mixin.py:190} INFO - [2024-12-22T11:54:36.946+0000] {dag.py:3239} INFO - Sync 1 DAGs
[2024-12-22T11:54:36.978+0000] {logging_mixin.py:190} INFO - [2024-12-22T11:54:36.978+0000] {dag.py:4180} INFO - Setting next_dagrun for simulator_1 to 2024-12-22 00:00:00+00:00, run_after=2024-12-23 00:00:00+00:00
[2024-12-22T11:54:37.003+0000] {processor.py:208} INFO - Processing /opt/airflow/dags/simulator_1.py took 0.215 seconds
[2024-12-22T11:55:55.790+0000] {processor.py:186} INFO - Started process (PID=713) to work on /opt/airflow/dags/simulator_1.py
[2024-12-22T11:55:55.793+0000] {processor.py:914} INFO - Processing file /opt/airflow/dags/simulator_1.py for tasks to queue
[2024-12-22T11:55:55.806+0000] {logging_mixin.py:190} INFO - [2024-12-22T11:55:55.804+0000] {dagbag.py:588} INFO - Filling up the DagBag from /opt/airflow/dags/simulator_1.py
[2024-12-22T11:55:55.799+0000] {processor.py:925} INFO - DAG(s) 'simulator_1' retrieved from /opt/airflow/dags/simulator_1.py
[2024-12-22T11:55:55.769+0000] {logging_mixin.py:190} INFO - [2024-12-22T11:55:55.768+0000] {dag.py:3239} INFO - Sync 1 DAGs
[2024-12-22T11:55:55.878+0000] {logging_mixin.py:190} INFO - [2024-12-22T11:55:55.877+0000] {dag.py:4180} INFO - Setting next_dagrun for simulator_1 to 2024-12-22 00:00:00+00:00, run_after=2024-12-23 00:00:00+00:00
[2024-12-22T11:55:55.942+0000] {processor.py:208} INFO - Processing /opt/airflow/dags/simulator_1.py took 0.697 seconds
[2024-12-22T11:56:32.657+0000] {processor.py:186} INFO - Started process (PID=65) to work on /opt/airflow/dags/simulator_1.py
[2024-12-22T11:56:32.659+0000] {processor.py:914} INFO - Processing file /opt/airflow/dags/simulator_1.py for tasks to queue
[2024-12-22T11:56:32.663+0000] {logging_mixin.py:190} INFO - [2024-12-22T11:56:32.663+0000] {dagbag.py:588} INFO - Filling up the DagBag from /opt/airflow/dags/simulator_1.py
[2024-12-22T11:56:32.702+0000] {processor.py:925} INFO - DAG(s) 'simulator_1' retrieved from /opt/airflow/dags/simulator_1.py
[2024-12-22T11:56:32.743+0000] {logging_mixin.py:190} INFO - [2024-12-22T11:56:32.743+0000] {dag.py:3239} INFO - Sync 1 DAGs
[2024-12-22T11:56:32.778+0000] {logging_mixin.py:190} INFO - [2024-12-22T11:56:32.778+0000] {dag.py:4180} INFO - Setting next_dagrun for simulator_1 to 2024-12-22 00:00:00+00:00, run_after=2024-12-23 00:00:00+00:00
[2024-12-22T11:56:32.804+0000] {processor.py:208} INFO - Processing /opt/airflow/dags/simulator_1.py took 0.155 seconds
[2024-12-22T11:57:03.858+0000] {processor.py:186} INFO - Started process (PID=131) to work on /opt/airflow/dags/simulator_1.py
[2024-12-22T11:57:03.860+0000] {processor.py:914} INFO - Processing file /opt/airflow/dags/simulator_1.py for tasks to queue
[2024-12-22T11:57:03.864+0000] {logging_mixin.py:190} INFO - [2024-12-22T11:57:03.863+0000] {dagbag.py:588} INFO - Filling up the DagBag from /opt/airflow/dags/simulator_1.py
[2024-12-22T11:57:03.970+0000] {processor.py:925} INFO - DAG(s) 'simulator_1' retrieved from /opt/airflow/dags/simulator_1.py
[2024-12-22T11:57:04.019+0000] {logging_mixin.py:190} INFO - [2024-12-22T11:57:04.018+0000] {dag.py:3239} INFO - Sync 1 DAGs
[2024-12-22T11:57:04.067+0000] {logging_mixin.py:190} INFO - [2024-12-22T11:57:04.067+0000] {dag.py:4180} INFO - Setting next_dagrun for simulator_1 to 2024-12-22 00:00:00+00:00, run_after=2024-12-23 00:00:00+00:00
[2024-12-22T11:57:04.305+0000] {processor.py:208} INFO - Processing /opt/airflow/dags/simulator_1.py took 0.457 seconds
