[2024-12-22T11:38:17.197+0000] {local_task_job_runner.py:123} INFO - ::group::Pre task execution logs
[2024-12-22T11:38:17.249+0000] {taskinstance.py:2613} INFO - Dependencies all met for dep_context=non-requeueable deps ti=<TaskInstance: simulator_1.send_kpi_value_to_django manual__2024-12-22T11:38:00.649881+00:00 [queued]>
[2024-12-22T11:38:17.266+0000] {taskinstance.py:2613} INFO - Dependencies all met for dep_context=requeueable deps ti=<TaskInstance: simulator_1.send_kpi_value_to_django manual__2024-12-22T11:38:00.649881+00:00 [queued]>
[2024-12-22T11:38:17.267+0000] {taskinstance.py:2866} INFO - Starting attempt 1 of 2
[2024-12-22T11:38:17.308+0000] {taskinstance.py:2889} INFO - Executing <Task(PythonOperator): send_kpi_value_to_django> on 2024-12-22 11:38:00.649881+00:00
[2024-12-22T11:38:17.325+0000] {warnings.py:112} WARNING - /home/***/.local/lib/python3.12/site-packages/***/task/task_runner/standard_task_runner.py:70: DeprecationWarning: This process (pid=281) is multi-threaded, use of fork() may lead to deadlocks in the child.
  pid = os.fork()

[2024-12-22T11:38:17.330+0000] {standard_task_runner.py:72} INFO - Started process 290 to run task
[2024-12-22T11:38:17.329+0000] {standard_task_runner.py:104} INFO - Running: ['***', 'tasks', 'run', 'simulator_1', 'send_kpi_value_to_django', 'manual__2024-12-22T11:38:00.649881+00:00', '--job-id', '61', '--raw', '--subdir', 'DAGS_FOLDER/simulator_1.py', '--cfg-path', '/tmp/tmpq0wh1tx0']
[2024-12-22T11:38:17.332+0000] {standard_task_runner.py:105} INFO - Job 61: Subtask send_kpi_value_to_django
[2024-12-22T11:38:17.926+0000] {task_command.py:467} INFO - Running <TaskInstance: simulator_1.send_kpi_value_to_django manual__2024-12-22T11:38:00.649881+00:00 [running]> on host 6c02c561556a
[2024-12-22T11:38:18.249+0000] {taskinstance.py:3132} INFO - Exporting env vars: AIRFLOW_CTX_DAG_OWNER='***' AIRFLOW_CTX_DAG_ID='simulator_1' AIRFLOW_CTX_TASK_ID='send_kpi_value_to_django' AIRFLOW_CTX_EXECUTION_DATE='2024-12-22T11:38:00.649881+00:00' AIRFLOW_CTX_TRY_NUMBER='1' AIRFLOW_CTX_DAG_RUN_ID='manual__2024-12-22T11:38:00.649881+00:00'
[2024-12-22T11:38:18.252+0000] {logging_mixin.py:190} INFO - Task instance is in running state
[2024-12-22T11:38:18.253+0000] {logging_mixin.py:190} INFO -  Previous state of the Task instance: queued
[2024-12-22T11:38:18.255+0000] {logging_mixin.py:190} INFO - Current task name:send_kpi_value_to_django state:running start_date:2024-12-22 11:38:17.250814+00:00
[2024-12-22T11:38:18.257+0000] {logging_mixin.py:190} INFO - Dag name:simulator_1 and current dag run status:running
[2024-12-22T11:38:18.258+0000] {taskinstance.py:731} INFO - ::endgroup::
[2024-12-22T11:38:18.595+0000] {logging_mixin.py:190} INFO - Response: {'detail': 'KPI value saved successfully.'}
[2024-12-22T11:38:18.603+0000] {python.py:240} INFO - Done. Returned value was: None
[2024-12-22T11:38:18.636+0000] {taskinstance.py:340} INFO - ::group::Post task execution logs
[2024-12-22T11:38:18.638+0000] {taskinstance.py:352} INFO - Marking task as SUCCESS. dag_id=simulator_1, task_id=send_kpi_value_to_django, run_id=manual__2024-12-22T11:38:00.649881+00:00, execution_date=20241222T113800, start_date=20241222T113817, end_date=20241222T113818
[2024-12-22T11:38:18.665+0000] {logging_mixin.py:190} INFO - Task instance in success state
[2024-12-22T11:38:18.666+0000] {logging_mixin.py:190} INFO -  Previous state of the Task instance: running
[2024-12-22T11:38:18.668+0000] {logging_mixin.py:190} INFO - Dag name:simulator_1 queued_at:2024-12-22 11:38:00.567206+00:00
[2024-12-22T11:38:18.669+0000] {logging_mixin.py:190} INFO - Task hostname:6c02c561556a operator:PythonOperator
[2024-12-22T11:38:18.720+0000] {local_task_job_runner.py:266} INFO - Task exited with return code 0
[2024-12-22T11:38:19.126+0000] {taskinstance.py:3895} INFO - 0 downstream tasks scheduled from follow-on schedule check
[2024-12-22T11:38:19.130+0000] {local_task_job_runner.py:245} INFO - ::endgroup::
