[2024-12-21T13:00:20.237+0000] {processor.py:186} INFO - Started process (PID=496) to work on /opt/airflow/dags/simulator_4.py
[2024-12-21T13:00:20.240+0000] {processor.py:914} INFO - Processing file /opt/airflow/dags/simulator_4.py for tasks to queue
[2024-12-21T13:00:20.244+0000] {logging_mixin.py:190} INFO - [2024-12-21T13:00:20.243+0000] {dagbag.py:588} INFO - Filling up the DagBag from /opt/airflow/dags/simulator_4.py
[2024-12-21T13:00:20.354+0000] {processor.py:925} INFO - DAG(s) 'simulator_4' retrieved from /opt/airflow/dags/simulator_4.py
[2024-12-21T13:00:21.959+0000] {logging_mixin.py:190} INFO - [2024-12-21T13:00:21.956+0000] {override.py:1911} INFO - Created Permission View: can delete on DAG:simulator_4
[2024-12-21T13:00:21.986+0000] {logging_mixin.py:190} INFO - [2024-12-21T13:00:21.985+0000] {override.py:1911} INFO - Created Permission View: can read on DAG:simulator_4
[2024-12-21T13:00:22.003+0000] {logging_mixin.py:190} INFO - [2024-12-21T13:00:22.003+0000] {override.py:1911} INFO - Created Permission View: can edit on DAG:simulator_4
[2024-12-21T13:00:22.023+0000] {logging_mixin.py:190} INFO - [2024-12-21T13:00:22.022+0000] {override.py:1911} INFO - Created Permission View: can delete on DAG Run:simulator_4
[2024-12-21T13:00:22.038+0000] {logging_mixin.py:190} INFO - [2024-12-21T13:00:22.038+0000] {override.py:1911} INFO - Created Permission View: can read on DAG Run:simulator_4
[2024-12-21T13:00:22.057+0000] {logging_mixin.py:190} INFO - [2024-12-21T13:00:22.056+0000] {override.py:1911} INFO - Created Permission View: menu access on DAG Run:simulator_4
[2024-12-21T13:00:22.074+0000] {logging_mixin.py:190} INFO - [2024-12-21T13:00:22.073+0000] {override.py:1911} INFO - Created Permission View: can create on DAG Run:simulator_4
[2024-12-21T13:00:22.076+0000] {logging_mixin.py:190} INFO - [2024-12-21T13:00:22.075+0000] {dag.py:3239} INFO - Sync 1 DAGs
[2024-12-21T13:00:22.113+0000] {logging_mixin.py:190} INFO - [2024-12-21T13:00:22.112+0000] {dag.py:3262} INFO - Creating ORM DAG for simulator_4
[2024-12-21T13:00:22.143+0000] {logging_mixin.py:190} INFO - [2024-12-21T13:00:22.142+0000] {dag.py:4180} INFO - Setting next_dagrun for simulator_4 to 2025-01-01 00:00:00+00:00, run_after=2025-01-02 00:00:00+00:00
[2024-12-21T13:00:22.190+0000] {processor.py:208} INFO - Processing /opt/airflow/dags/simulator_4.py took 1.971 seconds
[2024-12-21T13:00:52.923+0000] {processor.py:186} INFO - Started process (PID=565) to work on /opt/airflow/dags/simulator_4.py
[2024-12-21T13:00:52.926+0000] {processor.py:914} INFO - Processing file /opt/airflow/dags/simulator_4.py for tasks to queue
[2024-12-21T13:00:52.929+0000] {logging_mixin.py:190} INFO - [2024-12-21T13:00:52.928+0000] {dagbag.py:588} INFO - Filling up the DagBag from /opt/airflow/dags/simulator_4.py
[2024-12-21T13:00:52.995+0000] {processor.py:925} INFO - DAG(s) 'simulator_4' retrieved from /opt/airflow/dags/simulator_4.py
[2024-12-21T13:00:53.051+0000] {logging_mixin.py:190} INFO - [2024-12-21T13:00:53.050+0000] {dag.py:3239} INFO - Sync 1 DAGs
[2024-12-21T13:00:53.139+0000] {logging_mixin.py:190} INFO - [2024-12-21T13:00:53.139+0000] {dag.py:4180} INFO - Setting next_dagrun for simulator_4 to 2025-01-01 00:00:00+00:00, run_after=2025-01-02 00:00:00+00:00
[2024-12-21T13:00:53.186+0000] {processor.py:208} INFO - Processing /opt/airflow/dags/simulator_4.py took 0.283 seconds
[2024-12-21T13:01:29.233+0000] {processor.py:186} INFO - Started process (PID=634) to work on /opt/airflow/dags/simulator_4.py
[2024-12-21T13:01:29.235+0000] {processor.py:914} INFO - Processing file /opt/airflow/dags/simulator_4.py for tasks to queue
[2024-12-21T13:01:29.239+0000] {logging_mixin.py:190} INFO - [2024-12-21T13:01:29.238+0000] {dagbag.py:588} INFO - Filling up the DagBag from /opt/airflow/dags/simulator_4.py
[2024-12-21T13:01:29.280+0000] {processor.py:925} INFO - DAG(s) 'simulator_4' retrieved from /opt/airflow/dags/simulator_4.py
[2024-12-21T13:01:29.327+0000] {logging_mixin.py:190} INFO - [2024-12-21T13:01:29.327+0000] {dag.py:3239} INFO - Sync 1 DAGs
[2024-12-21T13:01:29.394+0000] {logging_mixin.py:190} INFO - [2024-12-21T13:01:29.393+0000] {dag.py:4180} INFO - Setting next_dagrun for simulator_4 to 2025-01-01 00:00:00+00:00, run_after=2025-01-02 00:00:00+00:00
[2024-12-21T13:01:29.435+0000] {processor.py:208} INFO - Processing /opt/airflow/dags/simulator_4.py took 0.220 seconds
[2024-12-21T13:02:01.948+0000] {processor.py:186} INFO - Started process (PID=695) to work on /opt/airflow/dags/simulator_4.py
[2024-12-21T13:02:01.950+0000] {processor.py:914} INFO - Processing file /opt/airflow/dags/simulator_4.py for tasks to queue
[2024-12-21T13:02:01.953+0000] {logging_mixin.py:190} INFO - [2024-12-21T13:02:01.952+0000] {dagbag.py:588} INFO - Filling up the DagBag from /opt/airflow/dags/simulator_4.py
[2024-12-21T13:02:01.996+0000] {processor.py:925} INFO - DAG(s) 'simulator_4' retrieved from /opt/airflow/dags/simulator_4.py
[2024-12-21T13:02:02.035+0000] {logging_mixin.py:190} INFO - [2024-12-21T13:02:02.035+0000] {dag.py:3239} INFO - Sync 1 DAGs
[2024-12-21T13:02:02.092+0000] {logging_mixin.py:190} INFO - [2024-12-21T13:02:02.091+0000] {dag.py:4180} INFO - Setting next_dagrun for simulator_4 to 2025-01-01 00:00:00+00:00, run_after=2025-01-02 00:00:00+00:00
[2024-12-21T13:02:03.024+0000] {processor.py:208} INFO - Processing /opt/airflow/dags/simulator_4.py took 1.089 seconds
[2024-12-21T13:03:27.951+0000] {processor.py:186} INFO - Started process (PID=759) to work on /opt/airflow/dags/simulator_4.py
[2024-12-21T13:03:27.954+0000] {processor.py:914} INFO - Processing file /opt/airflow/dags/simulator_4.py for tasks to queue
[2024-12-21T13:03:27.958+0000] {logging_mixin.py:190} INFO - [2024-12-21T13:03:27.956+0000] {dagbag.py:588} INFO - Filling up the DagBag from /opt/airflow/dags/simulator_4.py
[2024-12-21T13:03:27.995+0000] {processor.py:925} INFO - DAG(s) 'simulator_4' retrieved from /opt/airflow/dags/simulator_4.py
[2024-12-21T13:03:28.037+0000] {logging_mixin.py:190} INFO - [2024-12-21T13:03:28.036+0000] {dag.py:3239} INFO - Sync 1 DAGs
[2024-12-21T13:03:28.096+0000] {logging_mixin.py:190} INFO - [2024-12-21T13:03:28.095+0000] {dag.py:4180} INFO - Setting next_dagrun for simulator_4 to 2025-01-01 00:00:00+00:00, run_after=2025-01-02 00:00:00+00:00
[2024-12-21T13:03:28.135+0000] {processor.py:208} INFO - Processing /opt/airflow/dags/simulator_4.py took 0.202 seconds
[2024-12-21T13:03:58.338+0000] {processor.py:186} INFO - Started process (PID=824) to work on /opt/airflow/dags/simulator_4.py
[2024-12-21T13:03:58.339+0000] {processor.py:914} INFO - Processing file /opt/airflow/dags/simulator_4.py for tasks to queue
[2024-12-21T13:03:58.343+0000] {logging_mixin.py:190} INFO - [2024-12-21T13:03:58.342+0000] {dagbag.py:588} INFO - Filling up the DagBag from /opt/airflow/dags/simulator_4.py
[2024-12-21T13:03:58.380+0000] {processor.py:925} INFO - DAG(s) 'simulator_4' retrieved from /opt/airflow/dags/simulator_4.py
[2024-12-21T13:03:58.420+0000] {logging_mixin.py:190} INFO - [2024-12-21T13:03:58.420+0000] {dag.py:3239} INFO - Sync 1 DAGs
[2024-12-21T13:03:58.521+0000] {logging_mixin.py:190} INFO - [2024-12-21T13:03:58.521+0000] {dag.py:4180} INFO - Setting next_dagrun for simulator_4 to 2025-01-01 00:00:00+00:00, run_after=2025-01-02 00:00:00+00:00
[2024-12-21T13:03:58.569+0000] {processor.py:208} INFO - Processing /opt/airflow/dags/simulator_4.py took 0.249 seconds
[2024-12-21T13:04:35.096+0000] {processor.py:186} INFO - Started process (PID=885) to work on /opt/airflow/dags/simulator_4.py
[2024-12-21T13:04:35.099+0000] {processor.py:914} INFO - Processing file /opt/airflow/dags/simulator_4.py for tasks to queue
[2024-12-21T13:04:35.103+0000] {logging_mixin.py:190} INFO - [2024-12-21T13:04:35.102+0000] {dagbag.py:588} INFO - Filling up the DagBag from /opt/airflow/dags/simulator_4.py
[2024-12-21T13:04:35.156+0000] {processor.py:925} INFO - DAG(s) 'simulator_4' retrieved from /opt/airflow/dags/simulator_4.py
[2024-12-21T13:04:35.201+0000] {logging_mixin.py:190} INFO - [2024-12-21T13:04:35.200+0000] {dag.py:3239} INFO - Sync 1 DAGs
[2024-12-21T13:04:35.311+0000] {logging_mixin.py:190} INFO - [2024-12-21T13:04:35.310+0000] {dag.py:4180} INFO - Setting next_dagrun for simulator_4 to 2025-01-01 00:00:00+00:00, run_after=2025-01-02 00:00:00+00:00
[2024-12-21T13:04:35.358+0000] {processor.py:208} INFO - Processing /opt/airflow/dags/simulator_4.py took 0.281 seconds
[2024-12-21T13:05:06.357+0000] {processor.py:186} INFO - Started process (PID=947) to work on /opt/airflow/dags/simulator_4.py
[2024-12-21T13:05:06.360+0000] {processor.py:914} INFO - Processing file /opt/airflow/dags/simulator_4.py for tasks to queue
[2024-12-21T13:05:06.363+0000] {logging_mixin.py:190} INFO - [2024-12-21T13:05:06.362+0000] {dagbag.py:588} INFO - Filling up the DagBag from /opt/airflow/dags/simulator_4.py
[2024-12-21T13:05:06.407+0000] {processor.py:925} INFO - DAG(s) 'simulator_4' retrieved from /opt/airflow/dags/simulator_4.py
[2024-12-21T13:05:06.453+0000] {logging_mixin.py:190} INFO - [2024-12-21T13:05:06.452+0000] {dag.py:3239} INFO - Sync 1 DAGs
[2024-12-21T13:05:06.512+0000] {logging_mixin.py:190} INFO - [2024-12-21T13:05:06.511+0000] {dag.py:4180} INFO - Setting next_dagrun for simulator_4 to 2025-01-01 00:00:00+00:00, run_after=2025-01-02 00:00:00+00:00
[2024-12-21T13:05:06.551+0000] {processor.py:208} INFO - Processing /opt/airflow/dags/simulator_4.py took 0.226 seconds
[2024-12-21T13:05:37.803+0000] {processor.py:186} INFO - Started process (PID=1003) to work on /opt/airflow/dags/simulator_4.py
[2024-12-21T13:05:37.805+0000] {processor.py:914} INFO - Processing file /opt/airflow/dags/simulator_4.py for tasks to queue
[2024-12-21T13:05:37.807+0000] {logging_mixin.py:190} INFO - [2024-12-21T13:05:37.807+0000] {dagbag.py:588} INFO - Filling up the DagBag from /opt/airflow/dags/simulator_4.py
[2024-12-21T13:05:37.844+0000] {processor.py:925} INFO - DAG(s) 'simulator_4' retrieved from /opt/airflow/dags/simulator_4.py
[2024-12-21T13:05:37.896+0000] {logging_mixin.py:190} INFO - [2024-12-21T13:05:37.895+0000] {dag.py:3239} INFO - Sync 1 DAGs
[2024-12-21T13:05:37.972+0000] {logging_mixin.py:190} INFO - [2024-12-21T13:05:37.972+0000] {dag.py:4180} INFO - Setting next_dagrun for simulator_4 to 2025-01-01 00:00:00+00:00, run_after=2025-01-02 00:00:00+00:00
[2024-12-21T13:05:39.025+0000] {processor.py:208} INFO - Processing /opt/airflow/dags/simulator_4.py took 1.235 seconds
[2024-12-21T16:07:25.347+0000] {processor.py:186} INFO - Started process (PID=1051) to work on /opt/airflow/dags/simulator_4.py
[2024-12-21T16:07:25.350+0000] {processor.py:914} INFO - Processing file /opt/airflow/dags/simulator_4.py for tasks to queue
[2024-12-21T16:07:25.353+0000] {logging_mixin.py:190} INFO - [2024-12-21T16:07:25.352+0000] {dagbag.py:588} INFO - Filling up the DagBag from /opt/airflow/dags/simulator_4.py
[2024-12-21T16:07:25.406+0000] {processor.py:925} INFO - DAG(s) 'simulator_4' retrieved from /opt/airflow/dags/simulator_4.py
[2024-12-21T16:07:25.473+0000] {logging_mixin.py:190} INFO - [2024-12-21T16:07:25.473+0000] {dag.py:3239} INFO - Sync 1 DAGs
[2024-12-21T16:07:25.552+0000] {logging_mixin.py:190} INFO - [2024-12-21T16:07:25.552+0000] {dag.py:4180} INFO - Setting next_dagrun for simulator_4 to 2025-01-01 00:00:00+00:00, run_after=2025-01-02 00:00:00+00:00
[2024-12-21T16:07:25.611+0000] {processor.py:208} INFO - Processing /opt/airflow/dags/simulator_4.py took 0.284 seconds
[2024-12-21T17:52:14.961+0000] {processor.py:186} INFO - Started process (PID=1117) to work on /opt/airflow/dags/simulator_4.py
[2024-12-21T17:52:14.964+0000] {processor.py:914} INFO - Processing file /opt/airflow/dags/simulator_4.py for tasks to queue
[2024-12-21T17:52:14.967+0000] {logging_mixin.py:190} INFO - [2024-12-21T17:52:14.966+0000] {dagbag.py:588} INFO - Filling up the DagBag from /opt/airflow/dags/simulator_4.py
[2024-12-21T17:52:15.034+0000] {processor.py:925} INFO - DAG(s) 'simulator_4' retrieved from /opt/airflow/dags/simulator_4.py
[2024-12-21T17:52:15.081+0000] {logging_mixin.py:190} INFO - [2024-12-21T17:52:15.080+0000] {dag.py:3239} INFO - Sync 1 DAGs
[2024-12-21T17:52:15.156+0000] {logging_mixin.py:190} INFO - [2024-12-21T17:52:15.156+0000] {dag.py:4180} INFO - Setting next_dagrun for simulator_4 to 2025-01-01 00:00:00+00:00, run_after=2025-01-02 00:00:00+00:00
[2024-12-21T17:52:15.209+0000] {processor.py:208} INFO - Processing /opt/airflow/dags/simulator_4.py took 0.264 seconds
[2024-12-21T17:53:24.411+0000] {processor.py:186} INFO - Started process (PID=1160) to work on /opt/airflow/dags/simulator_4.py
[2024-12-21T17:53:24.412+0000] {processor.py:914} INFO - Processing file /opt/airflow/dags/simulator_4.py for tasks to queue
[2024-12-21T17:53:24.414+0000] {logging_mixin.py:190} INFO - [2024-12-21T17:53:24.413+0000] {dagbag.py:588} INFO - Filling up the DagBag from /opt/airflow/dags/simulator_4.py
[2024-12-21T17:53:24.433+0000] {processor.py:925} INFO - DAG(s) 'simulator_4' retrieved from /opt/airflow/dags/simulator_4.py
[2024-12-21T17:53:39.500+0000] {logging_mixin.py:190} INFO - [2024-12-21T17:53:39.499+0000] {dag.py:3239} INFO - Sync 1 DAGs
[2024-12-21T17:53:39.698+0000] {logging_mixin.py:190} INFO - [2024-12-21T17:53:39.697+0000] {dag.py:4180} INFO - Setting next_dagrun for simulator_4 to 2025-01-01 00:00:00+00:00, run_after=2025-01-02 00:00:00+00:00
[2024-12-21T17:53:40.671+0000] {processor.py:208} INFO - Processing /opt/airflow/dags/simulator_4.py took 16.101 seconds
[2024-12-21T17:54:10.803+0000] {processor.py:186} INFO - Started process (PID=1229) to work on /opt/airflow/dags/simulator_4.py
[2024-12-21T17:54:10.804+0000] {processor.py:914} INFO - Processing file /opt/airflow/dags/simulator_4.py for tasks to queue
[2024-12-21T17:54:10.806+0000] {logging_mixin.py:190} INFO - [2024-12-21T17:54:10.806+0000] {dagbag.py:588} INFO - Filling up the DagBag from /opt/airflow/dags/simulator_4.py
[2024-12-21T17:54:10.831+0000] {processor.py:925} INFO - DAG(s) 'simulator_4' retrieved from /opt/airflow/dags/simulator_4.py
[2024-12-21T17:54:10.858+0000] {logging_mixin.py:190} INFO - [2024-12-21T17:54:10.858+0000] {dag.py:3239} INFO - Sync 1 DAGs
[2024-12-21T17:54:10.916+0000] {logging_mixin.py:190} INFO - [2024-12-21T17:54:10.916+0000] {dag.py:4180} INFO - Setting next_dagrun for simulator_4 to 2025-01-01 00:00:00+00:00, run_after=2025-01-02 00:00:00+00:00
[2024-12-21T17:54:10.983+0000] {processor.py:208} INFO - Processing /opt/airflow/dags/simulator_4.py took 0.188 seconds
[2024-12-21T17:54:41.127+0000] {processor.py:186} INFO - Started process (PID=1296) to work on /opt/airflow/dags/simulator_4.py
[2024-12-21T17:54:41.128+0000] {processor.py:914} INFO - Processing file /opt/airflow/dags/simulator_4.py for tasks to queue
[2024-12-21T17:54:41.130+0000] {logging_mixin.py:190} INFO - [2024-12-21T17:54:41.129+0000] {dagbag.py:588} INFO - Filling up the DagBag from /opt/airflow/dags/simulator_4.py
[2024-12-21T17:54:41.149+0000] {processor.py:925} INFO - DAG(s) 'simulator_4' retrieved from /opt/airflow/dags/simulator_4.py
[2024-12-21T17:54:41.171+0000] {logging_mixin.py:190} INFO - [2024-12-21T17:54:41.171+0000] {dag.py:3239} INFO - Sync 1 DAGs
[2024-12-21T17:54:41.200+0000] {logging_mixin.py:190} INFO - [2024-12-21T17:54:41.199+0000] {dag.py:4180} INFO - Setting next_dagrun for simulator_4 to 2025-01-01 00:00:00+00:00, run_after=2025-01-02 00:00:00+00:00
[2024-12-21T17:54:41.222+0000] {processor.py:208} INFO - Processing /opt/airflow/dags/simulator_4.py took 0.102 seconds
[2024-12-21T17:55:11.348+0000] {processor.py:186} INFO - Started process (PID=1364) to work on /opt/airflow/dags/simulator_4.py
[2024-12-21T17:55:11.349+0000] {processor.py:914} INFO - Processing file /opt/airflow/dags/simulator_4.py for tasks to queue
[2024-12-21T17:55:11.351+0000] {logging_mixin.py:190} INFO - [2024-12-21T17:55:11.351+0000] {dagbag.py:588} INFO - Filling up the DagBag from /opt/airflow/dags/simulator_4.py
[2024-12-21T17:55:11.371+0000] {processor.py:925} INFO - DAG(s) 'simulator_4' retrieved from /opt/airflow/dags/simulator_4.py
[2024-12-21T17:55:11.397+0000] {logging_mixin.py:190} INFO - [2024-12-21T17:55:11.397+0000] {dag.py:3239} INFO - Sync 1 DAGs
[2024-12-21T17:55:11.427+0000] {logging_mixin.py:190} INFO - [2024-12-21T17:55:11.427+0000] {dag.py:4180} INFO - Setting next_dagrun for simulator_4 to 2025-01-01 00:00:00+00:00, run_after=2025-01-02 00:00:00+00:00
[2024-12-21T17:55:11.456+0000] {processor.py:208} INFO - Processing /opt/airflow/dags/simulator_4.py took 0.118 seconds
[2024-12-21T17:55:41.580+0000] {processor.py:186} INFO - Started process (PID=1432) to work on /opt/airflow/dags/simulator_4.py
[2024-12-21T17:55:41.581+0000] {processor.py:914} INFO - Processing file /opt/airflow/dags/simulator_4.py for tasks to queue
[2024-12-21T17:55:41.583+0000] {logging_mixin.py:190} INFO - [2024-12-21T17:55:41.582+0000] {dagbag.py:588} INFO - Filling up the DagBag from /opt/airflow/dags/simulator_4.py
[2024-12-21T17:55:41.613+0000] {processor.py:925} INFO - DAG(s) 'simulator_4' retrieved from /opt/airflow/dags/simulator_4.py
[2024-12-21T17:55:41.645+0000] {logging_mixin.py:190} INFO - [2024-12-21T17:55:41.645+0000] {dag.py:3239} INFO - Sync 1 DAGs
[2024-12-21T17:55:41.682+0000] {logging_mixin.py:190} INFO - [2024-12-21T17:55:41.682+0000] {dag.py:4180} INFO - Setting next_dagrun for simulator_4 to 2025-01-01 00:00:00+00:00, run_after=2025-01-02 00:00:00+00:00
[2024-12-21T17:55:41.713+0000] {processor.py:208} INFO - Processing /opt/airflow/dags/simulator_4.py took 0.142 seconds
[2024-12-21T17:56:12.244+0000] {processor.py:186} INFO - Started process (PID=1500) to work on /opt/airflow/dags/simulator_4.py
[2024-12-21T17:56:12.245+0000] {processor.py:914} INFO - Processing file /opt/airflow/dags/simulator_4.py for tasks to queue
[2024-12-21T17:56:12.246+0000] {logging_mixin.py:190} INFO - [2024-12-21T17:56:12.246+0000] {dagbag.py:588} INFO - Filling up the DagBag from /opt/airflow/dags/simulator_4.py
[2024-12-21T17:56:12.266+0000] {processor.py:925} INFO - DAG(s) 'simulator_4' retrieved from /opt/airflow/dags/simulator_4.py
[2024-12-21T17:56:12.308+0000] {logging_mixin.py:190} INFO - [2024-12-21T17:56:12.307+0000] {dag.py:3239} INFO - Sync 1 DAGs
[2024-12-21T17:56:12.350+0000] {logging_mixin.py:190} INFO - [2024-12-21T17:56:12.350+0000] {dag.py:4180} INFO - Setting next_dagrun for simulator_4 to 2025-01-01 00:00:00+00:00, run_after=2025-01-02 00:00:00+00:00
[2024-12-21T17:56:12.373+0000] {processor.py:208} INFO - Processing /opt/airflow/dags/simulator_4.py took 0.136 seconds
[2024-12-21T17:56:42.545+0000] {processor.py:186} INFO - Started process (PID=1568) to work on /opt/airflow/dags/simulator_4.py
[2024-12-21T17:56:42.546+0000] {processor.py:914} INFO - Processing file /opt/airflow/dags/simulator_4.py for tasks to queue
[2024-12-21T17:56:42.548+0000] {logging_mixin.py:190} INFO - [2024-12-21T17:56:42.548+0000] {dagbag.py:588} INFO - Filling up the DagBag from /opt/airflow/dags/simulator_4.py
[2024-12-21T17:56:42.579+0000] {processor.py:925} INFO - DAG(s) 'simulator_4' retrieved from /opt/airflow/dags/simulator_4.py
[2024-12-21T17:56:42.614+0000] {logging_mixin.py:190} INFO - [2024-12-21T17:56:42.613+0000] {dag.py:3239} INFO - Sync 1 DAGs
[2024-12-21T17:56:42.652+0000] {logging_mixin.py:190} INFO - [2024-12-21T17:56:42.651+0000] {dag.py:4180} INFO - Setting next_dagrun for simulator_4 to 2025-01-01 00:00:00+00:00, run_after=2025-01-02 00:00:00+00:00
[2024-12-21T17:56:42.675+0000] {processor.py:208} INFO - Processing /opt/airflow/dags/simulator_4.py took 0.137 seconds
[2024-12-21T17:57:13.042+0000] {processor.py:186} INFO - Started process (PID=1636) to work on /opt/airflow/dags/simulator_4.py
[2024-12-21T17:57:13.043+0000] {processor.py:914} INFO - Processing file /opt/airflow/dags/simulator_4.py for tasks to queue
[2024-12-21T17:57:13.045+0000] {logging_mixin.py:190} INFO - [2024-12-21T17:57:13.045+0000] {dagbag.py:588} INFO - Filling up the DagBag from /opt/airflow/dags/simulator_4.py
[2024-12-21T17:57:13.063+0000] {processor.py:925} INFO - DAG(s) 'simulator_4' retrieved from /opt/airflow/dags/simulator_4.py
[2024-12-21T17:57:13.085+0000] {logging_mixin.py:190} INFO - [2024-12-21T17:57:13.085+0000] {dag.py:3239} INFO - Sync 1 DAGs
[2024-12-21T17:57:13.115+0000] {logging_mixin.py:190} INFO - [2024-12-21T17:57:13.115+0000] {dag.py:4180} INFO - Setting next_dagrun for simulator_4 to 2025-01-01 00:00:00+00:00, run_after=2025-01-02 00:00:00+00:00
[2024-12-21T17:57:13.138+0000] {processor.py:208} INFO - Processing /opt/airflow/dags/simulator_4.py took 0.103 seconds
[2024-12-21T17:57:43.207+0000] {processor.py:186} INFO - Started process (PID=1705) to work on /opt/airflow/dags/simulator_4.py
[2024-12-21T17:57:43.208+0000] {processor.py:914} INFO - Processing file /opt/airflow/dags/simulator_4.py for tasks to queue
[2024-12-21T17:57:43.210+0000] {logging_mixin.py:190} INFO - [2024-12-21T17:57:43.210+0000] {dagbag.py:588} INFO - Filling up the DagBag from /opt/airflow/dags/simulator_4.py
[2024-12-21T17:57:43.233+0000] {processor.py:925} INFO - DAG(s) 'simulator_4' retrieved from /opt/airflow/dags/simulator_4.py
[2024-12-21T17:57:43.256+0000] {logging_mixin.py:190} INFO - [2024-12-21T17:57:43.256+0000] {dag.py:3239} INFO - Sync 1 DAGs
[2024-12-21T17:57:43.287+0000] {logging_mixin.py:190} INFO - [2024-12-21T17:57:43.287+0000] {dag.py:4180} INFO - Setting next_dagrun for simulator_4 to 2025-01-01 00:00:00+00:00, run_after=2025-01-02 00:00:00+00:00
[2024-12-21T17:57:43.311+0000] {processor.py:208} INFO - Processing /opt/airflow/dags/simulator_4.py took 0.110 seconds
[2024-12-21T17:58:13.482+0000] {processor.py:186} INFO - Started process (PID=1773) to work on /opt/airflow/dags/simulator_4.py
[2024-12-21T17:58:13.484+0000] {processor.py:914} INFO - Processing file /opt/airflow/dags/simulator_4.py for tasks to queue
[2024-12-21T17:58:13.486+0000] {logging_mixin.py:190} INFO - [2024-12-21T17:58:13.486+0000] {dagbag.py:588} INFO - Filling up the DagBag from /opt/airflow/dags/simulator_4.py
[2024-12-21T17:58:13.507+0000] {processor.py:925} INFO - DAG(s) 'simulator_4' retrieved from /opt/airflow/dags/simulator_4.py
[2024-12-21T17:58:13.531+0000] {logging_mixin.py:190} INFO - [2024-12-21T17:58:13.531+0000] {dag.py:3239} INFO - Sync 1 DAGs
[2024-12-21T17:58:13.564+0000] {logging_mixin.py:190} INFO - [2024-12-21T17:58:13.564+0000] {dag.py:4180} INFO - Setting next_dagrun for simulator_4 to 2025-01-01 00:00:00+00:00, run_after=2025-01-02 00:00:00+00:00
[2024-12-21T17:58:13.601+0000] {processor.py:208} INFO - Processing /opt/airflow/dags/simulator_4.py took 0.128 seconds
[2024-12-21T17:58:44.112+0000] {processor.py:186} INFO - Started process (PID=1841) to work on /opt/airflow/dags/simulator_4.py
[2024-12-21T17:58:44.114+0000] {processor.py:914} INFO - Processing file /opt/airflow/dags/simulator_4.py for tasks to queue
[2024-12-21T17:58:44.115+0000] {logging_mixin.py:190} INFO - [2024-12-21T17:58:44.115+0000] {dagbag.py:588} INFO - Filling up the DagBag from /opt/airflow/dags/simulator_4.py
[2024-12-21T17:58:44.135+0000] {processor.py:925} INFO - DAG(s) 'simulator_4' retrieved from /opt/airflow/dags/simulator_4.py
[2024-12-21T17:58:44.156+0000] {logging_mixin.py:190} INFO - [2024-12-21T17:58:44.156+0000] {dag.py:3239} INFO - Sync 1 DAGs
[2024-12-21T17:58:44.184+0000] {logging_mixin.py:190} INFO - [2024-12-21T17:58:44.184+0000] {dag.py:4180} INFO - Setting next_dagrun for simulator_4 to 2025-01-01 00:00:00+00:00, run_after=2025-01-02 00:00:00+00:00
[2024-12-21T17:58:44.209+0000] {processor.py:208} INFO - Processing /opt/airflow/dags/simulator_4.py took 0.103 seconds
[2024-12-21T17:59:14.418+0000] {processor.py:186} INFO - Started process (PID=1909) to work on /opt/airflow/dags/simulator_4.py
[2024-12-21T17:59:14.420+0000] {processor.py:914} INFO - Processing file /opt/airflow/dags/simulator_4.py for tasks to queue
[2024-12-21T17:59:14.422+0000] {logging_mixin.py:190} INFO - [2024-12-21T17:59:14.421+0000] {dagbag.py:588} INFO - Filling up the DagBag from /opt/airflow/dags/simulator_4.py
[2024-12-21T17:59:14.447+0000] {processor.py:925} INFO - DAG(s) 'simulator_4' retrieved from /opt/airflow/dags/simulator_4.py
[2024-12-21T17:59:14.473+0000] {logging_mixin.py:190} INFO - [2024-12-21T17:59:14.472+0000] {dag.py:3239} INFO - Sync 1 DAGs
[2024-12-21T17:59:14.505+0000] {logging_mixin.py:190} INFO - [2024-12-21T17:59:14.504+0000] {dag.py:4180} INFO - Setting next_dagrun for simulator_4 to 2025-01-01 00:00:00+00:00, run_after=2025-01-02 00:00:00+00:00
[2024-12-21T17:59:14.528+0000] {processor.py:208} INFO - Processing /opt/airflow/dags/simulator_4.py took 0.118 seconds
[2024-12-21T17:59:44.892+0000] {processor.py:186} INFO - Started process (PID=1977) to work on /opt/airflow/dags/simulator_4.py
[2024-12-21T17:59:44.894+0000] {processor.py:914} INFO - Processing file /opt/airflow/dags/simulator_4.py for tasks to queue
[2024-12-21T17:59:44.897+0000] {logging_mixin.py:190} INFO - [2024-12-21T17:59:44.896+0000] {dagbag.py:588} INFO - Filling up the DagBag from /opt/airflow/dags/simulator_4.py
[2024-12-21T17:59:44.924+0000] {processor.py:925} INFO - DAG(s) 'simulator_4' retrieved from /opt/airflow/dags/simulator_4.py
[2024-12-21T17:59:44.953+0000] {logging_mixin.py:190} INFO - [2024-12-21T17:59:44.952+0000] {dag.py:3239} INFO - Sync 1 DAGs
[2024-12-21T17:59:44.987+0000] {logging_mixin.py:190} INFO - [2024-12-21T17:59:44.986+0000] {dag.py:4180} INFO - Setting next_dagrun for simulator_4 to 2025-01-01 00:00:00+00:00, run_after=2025-01-02 00:00:00+00:00
[2024-12-21T17:59:45.012+0000] {processor.py:208} INFO - Processing /opt/airflow/dags/simulator_4.py took 0.130 seconds
[2024-12-21T18:00:15.325+0000] {processor.py:186} INFO - Started process (PID=2045) to work on /opt/airflow/dags/simulator_4.py
[2024-12-21T18:00:15.327+0000] {processor.py:914} INFO - Processing file /opt/airflow/dags/simulator_4.py for tasks to queue
[2024-12-21T18:00:15.328+0000] {logging_mixin.py:190} INFO - [2024-12-21T18:00:15.328+0000] {dagbag.py:588} INFO - Filling up the DagBag from /opt/airflow/dags/simulator_4.py
[2024-12-21T18:00:15.348+0000] {processor.py:925} INFO - DAG(s) 'simulator_4' retrieved from /opt/airflow/dags/simulator_4.py
[2024-12-21T18:00:15.369+0000] {logging_mixin.py:190} INFO - [2024-12-21T18:00:15.369+0000] {dag.py:3239} INFO - Sync 1 DAGs
[2024-12-21T18:00:15.399+0000] {logging_mixin.py:190} INFO - [2024-12-21T18:00:15.399+0000] {dag.py:4180} INFO - Setting next_dagrun for simulator_4 to 2025-01-01 00:00:00+00:00, run_after=2025-01-02 00:00:00+00:00
[2024-12-21T18:00:15.420+0000] {processor.py:208} INFO - Processing /opt/airflow/dags/simulator_4.py took 0.101 seconds
[2024-12-21T18:00:46.259+0000] {processor.py:186} INFO - Started process (PID=2113) to work on /opt/airflow/dags/simulator_4.py
[2024-12-21T18:00:46.260+0000] {processor.py:914} INFO - Processing file /opt/airflow/dags/simulator_4.py for tasks to queue
[2024-12-21T18:00:46.262+0000] {logging_mixin.py:190} INFO - [2024-12-21T18:00:46.262+0000] {dagbag.py:588} INFO - Filling up the DagBag from /opt/airflow/dags/simulator_4.py
[2024-12-21T18:00:46.282+0000] {processor.py:925} INFO - DAG(s) 'simulator_4' retrieved from /opt/airflow/dags/simulator_4.py
[2024-12-21T18:00:46.304+0000] {logging_mixin.py:190} INFO - [2024-12-21T18:00:46.303+0000] {dag.py:3239} INFO - Sync 1 DAGs
[2024-12-21T18:00:46.336+0000] {logging_mixin.py:190} INFO - [2024-12-21T18:00:46.335+0000] {dag.py:4180} INFO - Setting next_dagrun for simulator_4 to 2025-01-01 00:00:00+00:00, run_after=2025-01-02 00:00:00+00:00
[2024-12-21T18:00:46.357+0000] {processor.py:208} INFO - Processing /opt/airflow/dags/simulator_4.py took 0.104 seconds
[2024-12-21T18:01:16.992+0000] {processor.py:186} INFO - Started process (PID=2181) to work on /opt/airflow/dags/simulator_4.py
[2024-12-21T18:01:16.993+0000] {processor.py:914} INFO - Processing file /opt/airflow/dags/simulator_4.py for tasks to queue
[2024-12-21T18:01:16.995+0000] {logging_mixin.py:190} INFO - [2024-12-21T18:01:16.995+0000] {dagbag.py:588} INFO - Filling up the DagBag from /opt/airflow/dags/simulator_4.py
[2024-12-21T18:01:17.024+0000] {processor.py:925} INFO - DAG(s) 'simulator_4' retrieved from /opt/airflow/dags/simulator_4.py
[2024-12-21T18:01:17.049+0000] {logging_mixin.py:190} INFO - [2024-12-21T18:01:17.049+0000] {dag.py:3239} INFO - Sync 1 DAGs
[2024-12-21T18:01:17.081+0000] {logging_mixin.py:190} INFO - [2024-12-21T18:01:17.081+0000] {dag.py:4180} INFO - Setting next_dagrun for simulator_4 to 2025-01-01 00:00:00+00:00, run_after=2025-01-02 00:00:00+00:00
[2024-12-21T18:01:17.104+0000] {processor.py:208} INFO - Processing /opt/airflow/dags/simulator_4.py took 0.121 seconds
[2024-12-21T18:01:47.256+0000] {processor.py:186} INFO - Started process (PID=2249) to work on /opt/airflow/dags/simulator_4.py
[2024-12-21T18:01:47.257+0000] {processor.py:914} INFO - Processing file /opt/airflow/dags/simulator_4.py for tasks to queue
[2024-12-21T18:01:47.259+0000] {logging_mixin.py:190} INFO - [2024-12-21T18:01:47.259+0000] {dagbag.py:588} INFO - Filling up the DagBag from /opt/airflow/dags/simulator_4.py
[2024-12-21T18:01:47.278+0000] {processor.py:925} INFO - DAG(s) 'simulator_4' retrieved from /opt/airflow/dags/simulator_4.py
[2024-12-21T18:01:47.301+0000] {logging_mixin.py:190} INFO - [2024-12-21T18:01:47.301+0000] {dag.py:3239} INFO - Sync 1 DAGs
[2024-12-21T18:01:47.330+0000] {logging_mixin.py:190} INFO - [2024-12-21T18:01:47.330+0000] {dag.py:4180} INFO - Setting next_dagrun for simulator_4 to 2025-01-01 00:00:00+00:00, run_after=2025-01-02 00:00:00+00:00
[2024-12-21T18:01:47.352+0000] {processor.py:208} INFO - Processing /opt/airflow/dags/simulator_4.py took 0.102 seconds
[2024-12-21T18:02:17.408+0000] {processor.py:186} INFO - Started process (PID=2317) to work on /opt/airflow/dags/simulator_4.py
[2024-12-21T18:02:17.410+0000] {processor.py:914} INFO - Processing file /opt/airflow/dags/simulator_4.py for tasks to queue
[2024-12-21T18:02:17.411+0000] {logging_mixin.py:190} INFO - [2024-12-21T18:02:17.411+0000] {dagbag.py:588} INFO - Filling up the DagBag from /opt/airflow/dags/simulator_4.py
[2024-12-21T18:02:17.433+0000] {processor.py:925} INFO - DAG(s) 'simulator_4' retrieved from /opt/airflow/dags/simulator_4.py
[2024-12-21T18:02:17.454+0000] {logging_mixin.py:190} INFO - [2024-12-21T18:02:17.454+0000] {dag.py:3239} INFO - Sync 1 DAGs
[2024-12-21T18:02:17.490+0000] {logging_mixin.py:190} INFO - [2024-12-21T18:02:17.490+0000] {dag.py:4180} INFO - Setting next_dagrun for simulator_4 to 2025-01-01 00:00:00+00:00, run_after=2025-01-02 00:00:00+00:00
[2024-12-21T18:02:17.512+0000] {processor.py:208} INFO - Processing /opt/airflow/dags/simulator_4.py took 0.110 seconds
[2024-12-21T18:02:47.588+0000] {processor.py:186} INFO - Started process (PID=2385) to work on /opt/airflow/dags/simulator_4.py
[2024-12-21T18:02:47.589+0000] {processor.py:914} INFO - Processing file /opt/airflow/dags/simulator_4.py for tasks to queue
[2024-12-21T18:02:47.591+0000] {logging_mixin.py:190} INFO - [2024-12-21T18:02:47.590+0000] {dagbag.py:588} INFO - Filling up the DagBag from /opt/airflow/dags/simulator_4.py
[2024-12-21T18:02:47.612+0000] {processor.py:925} INFO - DAG(s) 'simulator_4' retrieved from /opt/airflow/dags/simulator_4.py
[2024-12-21T18:02:47.634+0000] {logging_mixin.py:190} INFO - [2024-12-21T18:02:47.633+0000] {dag.py:3239} INFO - Sync 1 DAGs
[2024-12-21T18:02:47.663+0000] {logging_mixin.py:190} INFO - [2024-12-21T18:02:47.663+0000] {dag.py:4180} INFO - Setting next_dagrun for simulator_4 to 2025-01-01 00:00:00+00:00, run_after=2025-01-02 00:00:00+00:00
[2024-12-21T18:02:47.684+0000] {processor.py:208} INFO - Processing /opt/airflow/dags/simulator_4.py took 0.103 seconds
[2024-12-21T18:03:18.629+0000] {processor.py:186} INFO - Started process (PID=2453) to work on /opt/airflow/dags/simulator_4.py
[2024-12-21T18:03:18.630+0000] {processor.py:914} INFO - Processing file /opt/airflow/dags/simulator_4.py for tasks to queue
[2024-12-21T18:03:18.632+0000] {logging_mixin.py:190} INFO - [2024-12-21T18:03:18.631+0000] {dagbag.py:588} INFO - Filling up the DagBag from /opt/airflow/dags/simulator_4.py
[2024-12-21T18:03:18.658+0000] {processor.py:925} INFO - DAG(s) 'simulator_4' retrieved from /opt/airflow/dags/simulator_4.py
[2024-12-21T18:03:18.682+0000] {logging_mixin.py:190} INFO - [2024-12-21T18:03:18.682+0000] {dag.py:3239} INFO - Sync 1 DAGs
[2024-12-21T18:03:18.729+0000] {logging_mixin.py:190} INFO - [2024-12-21T18:03:18.729+0000] {dag.py:4180} INFO - Setting next_dagrun for simulator_4 to 2025-01-01 00:00:00+00:00, run_after=2025-01-02 00:00:00+00:00
[2024-12-21T18:03:18.758+0000] {processor.py:208} INFO - Processing /opt/airflow/dags/simulator_4.py took 0.136 seconds
[2024-12-21T18:03:48.882+0000] {processor.py:186} INFO - Started process (PID=2521) to work on /opt/airflow/dags/simulator_4.py
[2024-12-21T18:03:48.884+0000] {processor.py:914} INFO - Processing file /opt/airflow/dags/simulator_4.py for tasks to queue
[2024-12-21T18:03:48.885+0000] {logging_mixin.py:190} INFO - [2024-12-21T18:03:48.885+0000] {dagbag.py:588} INFO - Filling up the DagBag from /opt/airflow/dags/simulator_4.py
[2024-12-21T18:03:48.905+0000] {processor.py:925} INFO - DAG(s) 'simulator_4' retrieved from /opt/airflow/dags/simulator_4.py
[2024-12-21T18:03:48.926+0000] {logging_mixin.py:190} INFO - [2024-12-21T18:03:48.926+0000] {dag.py:3239} INFO - Sync 1 DAGs
[2024-12-21T18:03:48.953+0000] {logging_mixin.py:190} INFO - [2024-12-21T18:03:48.953+0000] {dag.py:4180} INFO - Setting next_dagrun for simulator_4 to 2025-01-01 00:00:00+00:00, run_after=2025-01-02 00:00:00+00:00
[2024-12-21T18:03:48.975+0000] {processor.py:208} INFO - Processing /opt/airflow/dags/simulator_4.py took 0.100 seconds
[2024-12-21T18:04:19.759+0000] {processor.py:186} INFO - Started process (PID=2589) to work on /opt/airflow/dags/simulator_4.py
[2024-12-21T18:04:19.760+0000] {processor.py:914} INFO - Processing file /opt/airflow/dags/simulator_4.py for tasks to queue
[2024-12-21T18:04:19.761+0000] {logging_mixin.py:190} INFO - [2024-12-21T18:04:19.761+0000] {dagbag.py:588} INFO - Filling up the DagBag from /opt/airflow/dags/simulator_4.py
[2024-12-21T18:04:19.785+0000] {processor.py:925} INFO - DAG(s) 'simulator_4' retrieved from /opt/airflow/dags/simulator_4.py
[2024-12-21T18:04:19.807+0000] {logging_mixin.py:190} INFO - [2024-12-21T18:04:19.806+0000] {dag.py:3239} INFO - Sync 1 DAGs
[2024-12-21T18:04:19.836+0000] {logging_mixin.py:190} INFO - [2024-12-21T18:04:19.835+0000] {dag.py:4180} INFO - Setting next_dagrun for simulator_4 to 2025-01-01 00:00:00+00:00, run_after=2025-01-02 00:00:00+00:00
[2024-12-21T18:04:19.857+0000] {processor.py:208} INFO - Processing /opt/airflow/dags/simulator_4.py took 0.105 seconds
[2024-12-21T18:04:50.092+0000] {processor.py:186} INFO - Started process (PID=2657) to work on /opt/airflow/dags/simulator_4.py
[2024-12-21T18:04:50.094+0000] {processor.py:914} INFO - Processing file /opt/airflow/dags/simulator_4.py for tasks to queue
[2024-12-21T18:04:50.095+0000] {logging_mixin.py:190} INFO - [2024-12-21T18:04:50.095+0000] {dagbag.py:588} INFO - Filling up the DagBag from /opt/airflow/dags/simulator_4.py
[2024-12-21T18:04:50.120+0000] {processor.py:925} INFO - DAG(s) 'simulator_4' retrieved from /opt/airflow/dags/simulator_4.py
[2024-12-21T18:04:50.145+0000] {logging_mixin.py:190} INFO - [2024-12-21T18:04:50.144+0000] {dag.py:3239} INFO - Sync 1 DAGs
[2024-12-21T18:04:50.175+0000] {logging_mixin.py:190} INFO - [2024-12-21T18:04:50.174+0000] {dag.py:4180} INFO - Setting next_dagrun for simulator_4 to 2025-01-01 00:00:00+00:00, run_after=2025-01-02 00:00:00+00:00
[2024-12-21T18:04:50.198+0000] {processor.py:208} INFO - Processing /opt/airflow/dags/simulator_4.py took 0.112 seconds
[2024-12-21T18:05:20.348+0000] {processor.py:186} INFO - Started process (PID=2725) to work on /opt/airflow/dags/simulator_4.py
[2024-12-21T18:05:20.349+0000] {processor.py:914} INFO - Processing file /opt/airflow/dags/simulator_4.py for tasks to queue
[2024-12-21T18:05:20.351+0000] {logging_mixin.py:190} INFO - [2024-12-21T18:05:20.351+0000] {dagbag.py:588} INFO - Filling up the DagBag from /opt/airflow/dags/simulator_4.py
[2024-12-21T18:05:20.376+0000] {processor.py:925} INFO - DAG(s) 'simulator_4' retrieved from /opt/airflow/dags/simulator_4.py
[2024-12-21T18:05:20.399+0000] {logging_mixin.py:190} INFO - [2024-12-21T18:05:20.398+0000] {dag.py:3239} INFO - Sync 1 DAGs
[2024-12-21T18:05:20.428+0000] {logging_mixin.py:190} INFO - [2024-12-21T18:05:20.428+0000] {dag.py:4180} INFO - Setting next_dagrun for simulator_4 to 2025-01-01 00:00:00+00:00, run_after=2025-01-02 00:00:00+00:00
[2024-12-21T18:05:20.452+0000] {processor.py:208} INFO - Processing /opt/airflow/dags/simulator_4.py took 0.113 seconds
[2024-12-21T18:05:50.693+0000] {processor.py:186} INFO - Started process (PID=2793) to work on /opt/airflow/dags/simulator_4.py
[2024-12-21T18:05:50.694+0000] {processor.py:914} INFO - Processing file /opt/airflow/dags/simulator_4.py for tasks to queue
[2024-12-21T18:05:50.695+0000] {logging_mixin.py:190} INFO - [2024-12-21T18:05:50.695+0000] {dagbag.py:588} INFO - Filling up the DagBag from /opt/airflow/dags/simulator_4.py
[2024-12-21T18:05:50.717+0000] {processor.py:925} INFO - DAG(s) 'simulator_4' retrieved from /opt/airflow/dags/simulator_4.py
[2024-12-21T18:05:50.740+0000] {logging_mixin.py:190} INFO - [2024-12-21T18:05:50.740+0000] {dag.py:3239} INFO - Sync 1 DAGs
[2024-12-21T18:05:50.769+0000] {logging_mixin.py:190} INFO - [2024-12-21T18:05:50.769+0000] {dag.py:4180} INFO - Setting next_dagrun for simulator_4 to 2025-01-01 00:00:00+00:00, run_after=2025-01-02 00:00:00+00:00
[2024-12-21T18:05:50.791+0000] {processor.py:208} INFO - Processing /opt/airflow/dags/simulator_4.py took 0.106 seconds
[2024-12-21T18:06:21.165+0000] {processor.py:186} INFO - Started process (PID=2861) to work on /opt/airflow/dags/simulator_4.py
[2024-12-21T18:06:21.166+0000] {processor.py:914} INFO - Processing file /opt/airflow/dags/simulator_4.py for tasks to queue
[2024-12-21T18:06:21.168+0000] {logging_mixin.py:190} INFO - [2024-12-21T18:06:21.168+0000] {dagbag.py:588} INFO - Filling up the DagBag from /opt/airflow/dags/simulator_4.py
[2024-12-21T18:06:21.190+0000] {processor.py:925} INFO - DAG(s) 'simulator_4' retrieved from /opt/airflow/dags/simulator_4.py
[2024-12-21T18:06:21.211+0000] {logging_mixin.py:190} INFO - [2024-12-21T18:06:21.211+0000] {dag.py:3239} INFO - Sync 1 DAGs
[2024-12-21T18:06:21.239+0000] {logging_mixin.py:190} INFO - [2024-12-21T18:06:21.239+0000] {dag.py:4180} INFO - Setting next_dagrun for simulator_4 to 2025-01-01 00:00:00+00:00, run_after=2025-01-02 00:00:00+00:00
[2024-12-21T18:06:21.263+0000] {processor.py:208} INFO - Processing /opt/airflow/dags/simulator_4.py took 0.105 seconds
[2024-12-21T18:06:51.705+0000] {processor.py:186} INFO - Started process (PID=2929) to work on /opt/airflow/dags/simulator_4.py
[2024-12-21T18:06:51.712+0000] {processor.py:914} INFO - Processing file /opt/airflow/dags/simulator_4.py for tasks to queue
[2024-12-21T18:06:51.715+0000] {logging_mixin.py:190} INFO - [2024-12-21T18:06:51.715+0000] {dagbag.py:588} INFO - Filling up the DagBag from /opt/airflow/dags/simulator_4.py
[2024-12-21T18:06:51.748+0000] {processor.py:925} INFO - DAG(s) 'simulator_4' retrieved from /opt/airflow/dags/simulator_4.py
[2024-12-21T18:06:51.791+0000] {logging_mixin.py:190} INFO - [2024-12-21T18:06:51.791+0000] {dag.py:3239} INFO - Sync 1 DAGs
[2024-12-21T18:06:51.851+0000] {logging_mixin.py:190} INFO - [2024-12-21T18:06:51.850+0000] {dag.py:4180} INFO - Setting next_dagrun for simulator_4 to 2025-01-01 00:00:00+00:00, run_after=2025-01-02 00:00:00+00:00
[2024-12-21T18:06:51.884+0000] {processor.py:208} INFO - Processing /opt/airflow/dags/simulator_4.py took 0.200 seconds
[2024-12-21T18:07:23.420+0000] {processor.py:186} INFO - Started process (PID=2996) to work on /opt/airflow/dags/simulator_4.py
[2024-12-21T18:07:23.421+0000] {processor.py:914} INFO - Processing file /opt/airflow/dags/simulator_4.py for tasks to queue
[2024-12-21T18:07:23.423+0000] {logging_mixin.py:190} INFO - [2024-12-21T18:07:23.423+0000] {dagbag.py:588} INFO - Filling up the DagBag from /opt/airflow/dags/simulator_4.py
[2024-12-21T18:07:23.447+0000] {processor.py:925} INFO - DAG(s) 'simulator_4' retrieved from /opt/airflow/dags/simulator_4.py
[2024-12-21T18:07:23.472+0000] {logging_mixin.py:190} INFO - [2024-12-21T18:07:23.472+0000] {dag.py:3239} INFO - Sync 1 DAGs
[2024-12-21T18:07:23.510+0000] {logging_mixin.py:190} INFO - [2024-12-21T18:07:23.510+0000] {dag.py:4180} INFO - Setting next_dagrun for simulator_4 to 2025-01-01 00:00:00+00:00, run_after=2025-01-02 00:00:00+00:00
[2024-12-21T18:07:23.532+0000] {processor.py:208} INFO - Processing /opt/airflow/dags/simulator_4.py took 0.120 seconds
[2024-12-21T18:07:56.502+0000] {processor.py:186} INFO - Started process (PID=3062) to work on /opt/airflow/dags/simulator_4.py
[2024-12-21T18:07:56.505+0000] {processor.py:914} INFO - Processing file /opt/airflow/dags/simulator_4.py for tasks to queue
[2024-12-21T18:07:56.509+0000] {logging_mixin.py:190} INFO - [2024-12-21T18:07:56.508+0000] {dagbag.py:588} INFO - Filling up the DagBag from /opt/airflow/dags/simulator_4.py
[2024-12-21T18:07:56.553+0000] {processor.py:925} INFO - DAG(s) 'simulator_4' retrieved from /opt/airflow/dags/simulator_4.py
[2024-12-21T18:07:56.598+0000] {logging_mixin.py:190} INFO - [2024-12-21T18:07:56.598+0000] {dag.py:3239} INFO - Sync 1 DAGs
[2024-12-21T18:07:56.681+0000] {logging_mixin.py:190} INFO - [2024-12-21T18:07:56.680+0000] {dag.py:4180} INFO - Setting next_dagrun for simulator_4 to 2025-01-01 00:00:00+00:00, run_after=2025-01-02 00:00:00+00:00
[2024-12-21T18:07:56.721+0000] {processor.py:208} INFO - Processing /opt/airflow/dags/simulator_4.py took 0.236 seconds
[2024-12-21T18:08:37.163+0000] {processor.py:186} INFO - Started process (PID=3129) to work on /opt/airflow/dags/simulator_4.py
[2024-12-21T18:08:37.165+0000] {processor.py:914} INFO - Processing file /opt/airflow/dags/simulator_4.py for tasks to queue
[2024-12-21T18:08:37.168+0000] {logging_mixin.py:190} INFO - [2024-12-21T18:08:37.167+0000] {dagbag.py:588} INFO - Filling up the DagBag from /opt/airflow/dags/simulator_4.py
[2024-12-21T18:08:37.208+0000] {processor.py:925} INFO - DAG(s) 'simulator_4' retrieved from /opt/airflow/dags/simulator_4.py
[2024-12-21T18:08:37.255+0000] {logging_mixin.py:190} INFO - [2024-12-21T18:08:37.254+0000] {dag.py:3239} INFO - Sync 1 DAGs
[2024-12-21T18:08:37.319+0000] {logging_mixin.py:190} INFO - [2024-12-21T18:08:37.319+0000] {dag.py:4180} INFO - Setting next_dagrun for simulator_4 to 2025-01-01 00:00:00+00:00, run_after=2025-01-02 00:00:00+00:00
[2024-12-21T18:08:37.388+0000] {processor.py:208} INFO - Processing /opt/airflow/dags/simulator_4.py took 0.239 seconds
[2024-12-21T18:09:07.762+0000] {processor.py:186} INFO - Started process (PID=3191) to work on /opt/airflow/dags/simulator_4.py
[2024-12-21T18:09:07.764+0000] {processor.py:914} INFO - Processing file /opt/airflow/dags/simulator_4.py for tasks to queue
[2024-12-21T18:09:07.767+0000] {logging_mixin.py:190} INFO - [2024-12-21T18:09:07.766+0000] {dagbag.py:588} INFO - Filling up the DagBag from /opt/airflow/dags/simulator_4.py
[2024-12-21T18:09:07.801+0000] {processor.py:925} INFO - DAG(s) 'simulator_4' retrieved from /opt/airflow/dags/simulator_4.py
[2024-12-21T18:09:07.843+0000] {logging_mixin.py:190} INFO - [2024-12-21T18:09:07.843+0000] {dag.py:3239} INFO - Sync 1 DAGs
[2024-12-21T18:09:07.913+0000] {logging_mixin.py:190} INFO - [2024-12-21T18:09:07.912+0000] {dag.py:4180} INFO - Setting next_dagrun for simulator_4 to 2025-01-01 00:00:00+00:00, run_after=2025-01-02 00:00:00+00:00
[2024-12-21T18:09:07.959+0000] {processor.py:208} INFO - Processing /opt/airflow/dags/simulator_4.py took 0.212 seconds
[2024-12-21T18:09:41.818+0000] {processor.py:186} INFO - Started process (PID=3254) to work on /opt/airflow/dags/simulator_4.py
[2024-12-21T18:09:41.820+0000] {processor.py:914} INFO - Processing file /opt/airflow/dags/simulator_4.py for tasks to queue
[2024-12-21T18:09:41.824+0000] {logging_mixin.py:190} INFO - [2024-12-21T18:09:41.823+0000] {dagbag.py:588} INFO - Filling up the DagBag from /opt/airflow/dags/simulator_4.py
[2024-12-21T18:09:41.875+0000] {processor.py:925} INFO - DAG(s) 'simulator_4' retrieved from /opt/airflow/dags/simulator_4.py
[2024-12-21T18:09:41.927+0000] {logging_mixin.py:190} INFO - [2024-12-21T18:09:41.927+0000] {dag.py:3239} INFO - Sync 1 DAGs
[2024-12-21T18:09:42.027+0000] {logging_mixin.py:190} INFO - [2024-12-21T18:09:42.026+0000] {dag.py:4180} INFO - Setting next_dagrun for simulator_4 to 2025-01-01 00:00:00+00:00, run_after=2025-01-02 00:00:00+00:00
[2024-12-21T18:09:42.990+0000] {processor.py:208} INFO - Processing /opt/airflow/dags/simulator_4.py took 1.190 seconds
[2024-12-21T18:10:14.469+0000] {processor.py:186} INFO - Started process (PID=3322) to work on /opt/airflow/dags/simulator_4.py
[2024-12-21T18:10:14.471+0000] {processor.py:914} INFO - Processing file /opt/airflow/dags/simulator_4.py for tasks to queue
[2024-12-21T18:10:14.474+0000] {logging_mixin.py:190} INFO - [2024-12-21T18:10:14.473+0000] {dagbag.py:588} INFO - Filling up the DagBag from /opt/airflow/dags/simulator_4.py
[2024-12-21T18:10:14.513+0000] {processor.py:925} INFO - DAG(s) 'simulator_4' retrieved from /opt/airflow/dags/simulator_4.py
[2024-12-21T18:10:14.565+0000] {logging_mixin.py:190} INFO - [2024-12-21T18:10:14.564+0000] {dag.py:3239} INFO - Sync 1 DAGs
[2024-12-21T18:10:14.688+0000] {logging_mixin.py:190} INFO - [2024-12-21T18:10:14.685+0000] {dag.py:4180} INFO - Setting next_dagrun for simulator_4 to 2025-01-01 00:00:00+00:00, run_after=2025-01-02 00:00:00+00:00
[2024-12-21T18:10:14.769+0000] {processor.py:208} INFO - Processing /opt/airflow/dags/simulator_4.py took 0.313 seconds
[2024-12-21T18:10:45.374+0000] {processor.py:186} INFO - Started process (PID=3397) to work on /opt/airflow/dags/simulator_4.py
[2024-12-21T18:10:45.384+0000] {processor.py:914} INFO - Processing file /opt/airflow/dags/simulator_4.py for tasks to queue
[2024-12-21T18:10:45.391+0000] {logging_mixin.py:190} INFO - [2024-12-21T18:10:45.389+0000] {dagbag.py:588} INFO - Filling up the DagBag from /opt/airflow/dags/simulator_4.py
[2024-12-21T18:10:45.451+0000] {processor.py:925} INFO - DAG(s) 'simulator_4' retrieved from /opt/airflow/dags/simulator_4.py
[2024-12-21T18:10:45.495+0000] {logging_mixin.py:190} INFO - [2024-12-21T18:10:45.495+0000] {dag.py:3239} INFO - Sync 1 DAGs
[2024-12-21T18:10:45.588+0000] {logging_mixin.py:190} INFO - [2024-12-21T18:10:45.587+0000] {dag.py:4180} INFO - Setting next_dagrun for simulator_4 to 2025-01-01 00:00:00+00:00, run_after=2025-01-02 00:00:00+00:00
[2024-12-21T18:10:45.632+0000] {processor.py:208} INFO - Processing /opt/airflow/dags/simulator_4.py took 0.286 seconds
[2024-12-21T18:11:15.726+0000] {processor.py:186} INFO - Started process (PID=3463) to work on /opt/airflow/dags/simulator_4.py
[2024-12-21T18:11:15.728+0000] {processor.py:914} INFO - Processing file /opt/airflow/dags/simulator_4.py for tasks to queue
[2024-12-21T18:11:15.731+0000] {logging_mixin.py:190} INFO - [2024-12-21T18:11:15.730+0000] {dagbag.py:588} INFO - Filling up the DagBag from /opt/airflow/dags/simulator_4.py
[2024-12-21T18:11:15.776+0000] {processor.py:925} INFO - DAG(s) 'simulator_4' retrieved from /opt/airflow/dags/simulator_4.py
[2024-12-21T18:11:15.821+0000] {logging_mixin.py:190} INFO - [2024-12-21T18:11:15.820+0000] {dag.py:3239} INFO - Sync 1 DAGs
[2024-12-21T18:11:15.877+0000] {logging_mixin.py:190} INFO - [2024-12-21T18:11:15.877+0000] {dag.py:4180} INFO - Setting next_dagrun for simulator_4 to 2025-01-01 00:00:00+00:00, run_after=2025-01-02 00:00:00+00:00
[2024-12-21T18:11:15.918+0000] {processor.py:208} INFO - Processing /opt/airflow/dags/simulator_4.py took 0.206 seconds
[2024-12-21T18:11:48.793+0000] {processor.py:186} INFO - Started process (PID=3511) to work on /opt/airflow/dags/simulator_4.py
[2024-12-21T18:11:48.796+0000] {processor.py:914} INFO - Processing file /opt/airflow/dags/simulator_4.py for tasks to queue
[2024-12-21T18:11:48.800+0000] {logging_mixin.py:190} INFO - [2024-12-21T18:11:48.799+0000] {dagbag.py:588} INFO - Filling up the DagBag from /opt/airflow/dags/simulator_4.py
[2024-12-21T18:11:48.854+0000] {processor.py:925} INFO - DAG(s) 'simulator_4' retrieved from /opt/airflow/dags/simulator_4.py
[2024-12-21T18:11:48.908+0000] {logging_mixin.py:190} INFO - [2024-12-21T18:11:48.908+0000] {dag.py:3239} INFO - Sync 1 DAGs
[2024-12-21T18:11:49.290+0000] {logging_mixin.py:190} INFO - [2024-12-21T18:11:49.289+0000] {dag.py:4180} INFO - Setting next_dagrun for simulator_4 to 2025-01-01 00:00:00+00:00, run_after=2025-01-02 00:00:00+00:00
[2024-12-21T18:11:50.068+0000] {processor.py:208} INFO - Processing /opt/airflow/dags/simulator_4.py took 1.293 seconds
[2024-12-21T18:12:20.455+0000] {processor.py:186} INFO - Started process (PID=3579) to work on /opt/airflow/dags/simulator_4.py
[2024-12-21T18:12:20.461+0000] {processor.py:914} INFO - Processing file /opt/airflow/dags/simulator_4.py for tasks to queue
[2024-12-21T18:12:20.469+0000] {logging_mixin.py:190} INFO - [2024-12-21T18:12:20.467+0000] {dagbag.py:588} INFO - Filling up the DagBag from /opt/airflow/dags/simulator_4.py
[2024-12-21T18:12:20.554+0000] {processor.py:925} INFO - DAG(s) 'simulator_4' retrieved from /opt/airflow/dags/simulator_4.py
[2024-12-21T18:12:20.638+0000] {logging_mixin.py:190} INFO - [2024-12-21T18:12:20.637+0000] {dag.py:3239} INFO - Sync 1 DAGs
[2024-12-21T18:12:20.765+0000] {logging_mixin.py:190} INFO - [2024-12-21T18:12:20.764+0000] {dag.py:4180} INFO - Setting next_dagrun for simulator_4 to 2025-01-01 00:00:00+00:00, run_after=2025-01-02 00:00:00+00:00
[2024-12-21T18:12:22.255+0000] {processor.py:208} INFO - Processing /opt/airflow/dags/simulator_4.py took 1.838 seconds
[2024-12-21T18:12:52.799+0000] {processor.py:186} INFO - Started process (PID=3647) to work on /opt/airflow/dags/simulator_4.py
[2024-12-21T18:12:52.801+0000] {processor.py:914} INFO - Processing file /opt/airflow/dags/simulator_4.py for tasks to queue
[2024-12-21T18:12:52.804+0000] {logging_mixin.py:190} INFO - [2024-12-21T18:12:52.804+0000] {dagbag.py:588} INFO - Filling up the DagBag from /opt/airflow/dags/simulator_4.py
[2024-12-21T18:12:52.856+0000] {processor.py:925} INFO - DAG(s) 'simulator_4' retrieved from /opt/airflow/dags/simulator_4.py
[2024-12-21T18:12:52.909+0000] {logging_mixin.py:190} INFO - [2024-12-21T18:12:52.908+0000] {dag.py:3239} INFO - Sync 1 DAGs
[2024-12-21T18:12:52.982+0000] {logging_mixin.py:190} INFO - [2024-12-21T18:12:52.982+0000] {dag.py:4180} INFO - Setting next_dagrun for simulator_4 to 2025-01-01 00:00:00+00:00, run_after=2025-01-02 00:00:00+00:00
[2024-12-21T18:12:53.730+0000] {processor.py:208} INFO - Processing /opt/airflow/dags/simulator_4.py took 0.950 seconds
[2024-12-21T18:13:25.134+0000] {processor.py:186} INFO - Started process (PID=3716) to work on /opt/airflow/dags/simulator_4.py
[2024-12-21T18:13:25.137+0000] {processor.py:914} INFO - Processing file /opt/airflow/dags/simulator_4.py for tasks to queue
[2024-12-21T18:13:25.142+0000] {logging_mixin.py:190} INFO - [2024-12-21T18:13:25.141+0000] {dagbag.py:588} INFO - Filling up the DagBag from /opt/airflow/dags/simulator_4.py
[2024-12-21T18:13:25.558+0000] {processor.py:925} INFO - DAG(s) 'simulator_4' retrieved from /opt/airflow/dags/simulator_4.py
[2024-12-21T18:13:25.595+0000] {logging_mixin.py:190} INFO - [2024-12-21T18:13:25.595+0000] {dag.py:3239} INFO - Sync 1 DAGs
[2024-12-21T18:13:25.655+0000] {logging_mixin.py:190} INFO - [2024-12-21T18:13:25.654+0000] {dag.py:4180} INFO - Setting next_dagrun for simulator_4 to 2025-01-01 00:00:00+00:00, run_after=2025-01-02 00:00:00+00:00
[2024-12-21T18:13:26.066+0000] {processor.py:208} INFO - Processing /opt/airflow/dags/simulator_4.py took 0.952 seconds
[2024-12-21T18:13:56.835+0000] {processor.py:186} INFO - Started process (PID=3783) to work on /opt/airflow/dags/simulator_4.py
[2024-12-21T18:13:56.837+0000] {processor.py:914} INFO - Processing file /opt/airflow/dags/simulator_4.py for tasks to queue
[2024-12-21T18:13:56.841+0000] {logging_mixin.py:190} INFO - [2024-12-21T18:13:56.840+0000] {dagbag.py:588} INFO - Filling up the DagBag from /opt/airflow/dags/simulator_4.py
[2024-12-21T18:13:56.883+0000] {processor.py:925} INFO - DAG(s) 'simulator_4' retrieved from /opt/airflow/dags/simulator_4.py
[2024-12-21T18:13:56.928+0000] {logging_mixin.py:190} INFO - [2024-12-21T18:13:56.927+0000] {dag.py:3239} INFO - Sync 1 DAGs
[2024-12-21T18:13:56.995+0000] {logging_mixin.py:190} INFO - [2024-12-21T18:13:56.994+0000] {dag.py:4180} INFO - Setting next_dagrun for simulator_4 to 2025-01-01 00:00:00+00:00, run_after=2025-01-02 00:00:00+00:00
[2024-12-21T18:13:57.039+0000] {processor.py:208} INFO - Processing /opt/airflow/dags/simulator_4.py took 0.219 seconds
[2024-12-21T18:14:33.518+0000] {processor.py:186} INFO - Started process (PID=3843) to work on /opt/airflow/dags/simulator_4.py
[2024-12-21T18:14:33.522+0000] {processor.py:914} INFO - Processing file /opt/airflow/dags/simulator_4.py for tasks to queue
[2024-12-21T18:14:33.532+0000] {logging_mixin.py:190} INFO - [2024-12-21T18:14:33.531+0000] {dagbag.py:588} INFO - Filling up the DagBag from /opt/airflow/dags/simulator_4.py
[2024-12-21T18:14:33.577+0000] {processor.py:925} INFO - DAG(s) 'simulator_4' retrieved from /opt/airflow/dags/simulator_4.py
[2024-12-21T18:14:34.738+0000] {logging_mixin.py:190} INFO - [2024-12-21T18:14:34.737+0000] {dag.py:3239} INFO - Sync 1 DAGs
[2024-12-21T18:14:34.799+0000] {logging_mixin.py:190} INFO - [2024-12-21T18:14:34.799+0000] {dag.py:4180} INFO - Setting next_dagrun for simulator_4 to 2025-01-01 00:00:00+00:00, run_after=2025-01-02 00:00:00+00:00
[2024-12-21T18:14:34.836+0000] {processor.py:208} INFO - Processing /opt/airflow/dags/simulator_4.py took 1.384 seconds
[2024-12-21T18:15:09.932+0000] {processor.py:186} INFO - Started process (PID=3910) to work on /opt/airflow/dags/simulator_4.py
[2024-12-21T18:15:09.934+0000] {processor.py:914} INFO - Processing file /opt/airflow/dags/simulator_4.py for tasks to queue
[2024-12-21T18:15:09.937+0000] {logging_mixin.py:190} INFO - [2024-12-21T18:15:09.936+0000] {dagbag.py:588} INFO - Filling up the DagBag from /opt/airflow/dags/simulator_4.py
[2024-12-21T18:15:09.975+0000] {processor.py:925} INFO - DAG(s) 'simulator_4' retrieved from /opt/airflow/dags/simulator_4.py
[2024-12-21T18:15:10.041+0000] {logging_mixin.py:190} INFO - [2024-12-21T18:15:10.041+0000] {dag.py:3239} INFO - Sync 1 DAGs
[2024-12-21T18:15:10.101+0000] {logging_mixin.py:190} INFO - [2024-12-21T18:15:10.100+0000] {dag.py:4180} INFO - Setting next_dagrun for simulator_4 to 2025-01-01 00:00:00+00:00, run_after=2025-01-02 00:00:00+00:00
[2024-12-21T18:15:10.138+0000] {processor.py:208} INFO - Processing /opt/airflow/dags/simulator_4.py took 0.220 seconds
[2024-12-21T18:15:41.040+0000] {processor.py:186} INFO - Started process (PID=3969) to work on /opt/airflow/dags/simulator_4.py
[2024-12-21T18:15:41.045+0000] {processor.py:914} INFO - Processing file /opt/airflow/dags/simulator_4.py for tasks to queue
[2024-12-21T18:15:41.056+0000] {logging_mixin.py:190} INFO - [2024-12-21T18:15:41.054+0000] {dagbag.py:588} INFO - Filling up the DagBag from /opt/airflow/dags/simulator_4.py
[2024-12-21T18:15:41.167+0000] {processor.py:925} INFO - DAG(s) 'simulator_4' retrieved from /opt/airflow/dags/simulator_4.py
[2024-12-21T18:15:41.228+0000] {logging_mixin.py:190} INFO - [2024-12-21T18:15:41.228+0000] {dag.py:3239} INFO - Sync 1 DAGs
[2024-12-21T18:15:41.281+0000] {logging_mixin.py:190} INFO - [2024-12-21T18:15:41.281+0000] {dag.py:4180} INFO - Setting next_dagrun for simulator_4 to 2025-01-01 00:00:00+00:00, run_after=2025-01-02 00:00:00+00:00
[2024-12-21T18:15:42.163+0000] {processor.py:208} INFO - Processing /opt/airflow/dags/simulator_4.py took 1.163 seconds
[2024-12-21T18:16:12.275+0000] {processor.py:186} INFO - Started process (PID=4036) to work on /opt/airflow/dags/simulator_4.py
[2024-12-21T18:16:12.278+0000] {processor.py:914} INFO - Processing file /opt/airflow/dags/simulator_4.py for tasks to queue
[2024-12-21T18:16:12.282+0000] {logging_mixin.py:190} INFO - [2024-12-21T18:16:12.281+0000] {dagbag.py:588} INFO - Filling up the DagBag from /opt/airflow/dags/simulator_4.py
[2024-12-21T18:16:12.340+0000] {processor.py:925} INFO - DAG(s) 'simulator_4' retrieved from /opt/airflow/dags/simulator_4.py
[2024-12-21T18:16:12.411+0000] {logging_mixin.py:190} INFO - [2024-12-21T18:16:12.410+0000] {dag.py:3239} INFO - Sync 1 DAGs
[2024-12-21T18:16:12.531+0000] {logging_mixin.py:190} INFO - [2024-12-21T18:16:12.530+0000] {dag.py:4180} INFO - Setting next_dagrun for simulator_4 to 2025-01-01 00:00:00+00:00, run_after=2025-01-02 00:00:00+00:00
[2024-12-21T18:16:12.973+0000] {processor.py:208} INFO - Processing /opt/airflow/dags/simulator_4.py took 0.714 seconds
[2024-12-21T18:16:44.160+0000] {processor.py:186} INFO - Started process (PID=4103) to work on /opt/airflow/dags/simulator_4.py
[2024-12-21T18:16:44.163+0000] {processor.py:914} INFO - Processing file /opt/airflow/dags/simulator_4.py for tasks to queue
[2024-12-21T18:16:44.166+0000] {logging_mixin.py:190} INFO - [2024-12-21T18:16:44.165+0000] {dagbag.py:588} INFO - Filling up the DagBag from /opt/airflow/dags/simulator_4.py
[2024-12-21T18:16:44.208+0000] {processor.py:925} INFO - DAG(s) 'simulator_4' retrieved from /opt/airflow/dags/simulator_4.py
[2024-12-21T18:16:44.244+0000] {logging_mixin.py:190} INFO - [2024-12-21T18:16:44.244+0000] {dag.py:3239} INFO - Sync 1 DAGs
[2024-12-21T18:16:44.297+0000] {logging_mixin.py:190} INFO - [2024-12-21T18:16:44.297+0000] {dag.py:4180} INFO - Setting next_dagrun for simulator_4 to 2025-01-01 00:00:00+00:00, run_after=2025-01-02 00:00:00+00:00
[2024-12-21T18:16:45.335+0000] {processor.py:208} INFO - Processing /opt/airflow/dags/simulator_4.py took 1.199 seconds
[2024-12-21T18:17:19.913+0000] {processor.py:186} INFO - Started process (PID=4171) to work on /opt/airflow/dags/simulator_4.py
[2024-12-21T18:17:19.915+0000] {processor.py:914} INFO - Processing file /opt/airflow/dags/simulator_4.py for tasks to queue
[2024-12-21T18:17:19.917+0000] {logging_mixin.py:190} INFO - [2024-12-21T18:17:19.916+0000] {dagbag.py:588} INFO - Filling up the DagBag from /opt/airflow/dags/simulator_4.py
[2024-12-21T18:17:19.955+0000] {processor.py:925} INFO - DAG(s) 'simulator_4' retrieved from /opt/airflow/dags/simulator_4.py
[2024-12-21T18:17:19.994+0000] {logging_mixin.py:190} INFO - [2024-12-21T18:17:19.993+0000] {dag.py:3239} INFO - Sync 1 DAGs
[2024-12-21T18:17:20.048+0000] {logging_mixin.py:190} INFO - [2024-12-21T18:17:20.048+0000] {dag.py:4180} INFO - Setting next_dagrun for simulator_4 to 2025-01-01 00:00:00+00:00, run_after=2025-01-02 00:00:00+00:00
[2024-12-21T18:17:20.976+0000] {processor.py:208} INFO - Processing /opt/airflow/dags/simulator_4.py took 1.077 seconds
[2024-12-21T18:17:51.373+0000] {processor.py:186} INFO - Started process (PID=4239) to work on /opt/airflow/dags/simulator_4.py
[2024-12-21T18:17:51.374+0000] {processor.py:914} INFO - Processing file /opt/airflow/dags/simulator_4.py for tasks to queue
[2024-12-21T18:17:51.376+0000] {logging_mixin.py:190} INFO - [2024-12-21T18:17:51.375+0000] {dagbag.py:588} INFO - Filling up the DagBag from /opt/airflow/dags/simulator_4.py
[2024-12-21T18:17:51.395+0000] {processor.py:925} INFO - DAG(s) 'simulator_4' retrieved from /opt/airflow/dags/simulator_4.py
[2024-12-21T18:17:51.418+0000] {logging_mixin.py:190} INFO - [2024-12-21T18:17:51.418+0000] {dag.py:3239} INFO - Sync 1 DAGs
[2024-12-21T18:17:51.448+0000] {logging_mixin.py:190} INFO - [2024-12-21T18:17:51.448+0000] {dag.py:4180} INFO - Setting next_dagrun for simulator_4 to 2025-01-01 00:00:00+00:00, run_after=2025-01-02 00:00:00+00:00
[2024-12-21T18:17:51.474+0000] {processor.py:208} INFO - Processing /opt/airflow/dags/simulator_4.py took 0.110 seconds
[2024-12-21T18:18:21.549+0000] {processor.py:186} INFO - Started process (PID=4307) to work on /opt/airflow/dags/simulator_4.py
[2024-12-21T18:18:21.550+0000] {processor.py:914} INFO - Processing file /opt/airflow/dags/simulator_4.py for tasks to queue
[2024-12-21T18:18:21.552+0000] {logging_mixin.py:190} INFO - [2024-12-21T18:18:21.551+0000] {dagbag.py:588} INFO - Filling up the DagBag from /opt/airflow/dags/simulator_4.py
[2024-12-21T18:18:21.571+0000] {processor.py:925} INFO - DAG(s) 'simulator_4' retrieved from /opt/airflow/dags/simulator_4.py
[2024-12-21T18:18:21.591+0000] {logging_mixin.py:190} INFO - [2024-12-21T18:18:21.591+0000] {dag.py:3239} INFO - Sync 1 DAGs
[2024-12-21T18:18:21.620+0000] {logging_mixin.py:190} INFO - [2024-12-21T18:18:21.620+0000] {dag.py:4180} INFO - Setting next_dagrun for simulator_4 to 2025-01-01 00:00:00+00:00, run_after=2025-01-02 00:00:00+00:00
[2024-12-21T18:18:21.641+0000] {processor.py:208} INFO - Processing /opt/airflow/dags/simulator_4.py took 0.099 seconds
[2024-12-21T18:18:51.884+0000] {processor.py:186} INFO - Started process (PID=4368) to work on /opt/airflow/dags/simulator_4.py
[2024-12-21T18:18:51.885+0000] {processor.py:914} INFO - Processing file /opt/airflow/dags/simulator_4.py for tasks to queue
[2024-12-21T18:18:51.888+0000] {logging_mixin.py:190} INFO - [2024-12-21T18:18:51.887+0000] {dagbag.py:588} INFO - Filling up the DagBag from /opt/airflow/dags/simulator_4.py
[2024-12-21T18:18:51.917+0000] {processor.py:925} INFO - DAG(s) 'simulator_4' retrieved from /opt/airflow/dags/simulator_4.py
[2024-12-21T18:18:51.948+0000] {logging_mixin.py:190} INFO - [2024-12-21T18:18:51.948+0000] {dag.py:3239} INFO - Sync 1 DAGs
[2024-12-21T18:18:51.977+0000] {logging_mixin.py:190} INFO - [2024-12-21T18:18:51.977+0000] {dag.py:4180} INFO - Setting next_dagrun for simulator_4 to 2025-01-01 00:00:00+00:00, run_after=2025-01-02 00:00:00+00:00
[2024-12-21T18:18:51.999+0000] {processor.py:208} INFO - Processing /opt/airflow/dags/simulator_4.py took 0.133 seconds
[2024-12-21T18:19:22.046+0000] {processor.py:186} INFO - Started process (PID=4428) to work on /opt/airflow/dags/simulator_4.py
[2024-12-21T18:19:22.047+0000] {processor.py:914} INFO - Processing file /opt/airflow/dags/simulator_4.py for tasks to queue
[2024-12-21T18:19:22.048+0000] {logging_mixin.py:190} INFO - [2024-12-21T18:19:22.048+0000] {dagbag.py:588} INFO - Filling up the DagBag from /opt/airflow/dags/simulator_4.py
[2024-12-21T18:19:22.069+0000] {processor.py:925} INFO - DAG(s) 'simulator_4' retrieved from /opt/airflow/dags/simulator_4.py
[2024-12-21T18:19:22.092+0000] {logging_mixin.py:190} INFO - [2024-12-21T18:19:22.092+0000] {dag.py:3239} INFO - Sync 1 DAGs
[2024-12-21T18:19:22.122+0000] {logging_mixin.py:190} INFO - [2024-12-21T18:19:22.121+0000] {dag.py:4180} INFO - Setting next_dagrun for simulator_4 to 2025-01-01 00:00:00+00:00, run_after=2025-01-02 00:00:00+00:00
[2024-12-21T18:19:22.147+0000] {processor.py:208} INFO - Processing /opt/airflow/dags/simulator_4.py took 0.108 seconds
[2024-12-21T18:19:52.556+0000] {processor.py:186} INFO - Started process (PID=4496) to work on /opt/airflow/dags/simulator_4.py
[2024-12-21T18:19:52.557+0000] {processor.py:914} INFO - Processing file /opt/airflow/dags/simulator_4.py for tasks to queue
[2024-12-21T18:19:52.559+0000] {logging_mixin.py:190} INFO - [2024-12-21T18:19:52.558+0000] {dagbag.py:588} INFO - Filling up the DagBag from /opt/airflow/dags/simulator_4.py
[2024-12-21T18:19:52.580+0000] {processor.py:925} INFO - DAG(s) 'simulator_4' retrieved from /opt/airflow/dags/simulator_4.py
[2024-12-21T18:19:52.602+0000] {logging_mixin.py:190} INFO - [2024-12-21T18:19:52.602+0000] {dag.py:3239} INFO - Sync 1 DAGs
[2024-12-21T18:19:52.631+0000] {logging_mixin.py:190} INFO - [2024-12-21T18:19:52.631+0000] {dag.py:4180} INFO - Setting next_dagrun for simulator_4 to 2025-01-01 00:00:00+00:00, run_after=2025-01-02 00:00:00+00:00
[2024-12-21T18:19:52.657+0000] {processor.py:208} INFO - Processing /opt/airflow/dags/simulator_4.py took 0.109 seconds
[2024-12-21T18:20:22.739+0000] {processor.py:186} INFO - Started process (PID=4564) to work on /opt/airflow/dags/simulator_4.py
[2024-12-21T18:20:22.741+0000] {processor.py:914} INFO - Processing file /opt/airflow/dags/simulator_4.py for tasks to queue
[2024-12-21T18:20:22.743+0000] {logging_mixin.py:190} INFO - [2024-12-21T18:20:22.742+0000] {dagbag.py:588} INFO - Filling up the DagBag from /opt/airflow/dags/simulator_4.py
[2024-12-21T18:20:22.764+0000] {processor.py:925} INFO - DAG(s) 'simulator_4' retrieved from /opt/airflow/dags/simulator_4.py
[2024-12-21T18:20:22.785+0000] {logging_mixin.py:190} INFO - [2024-12-21T18:20:22.785+0000] {dag.py:3239} INFO - Sync 1 DAGs
[2024-12-21T18:20:22.814+0000] {logging_mixin.py:190} INFO - [2024-12-21T18:20:22.814+0000] {dag.py:4180} INFO - Setting next_dagrun for simulator_4 to 2025-01-01 00:00:00+00:00, run_after=2025-01-02 00:00:00+00:00
[2024-12-21T18:20:22.838+0000] {processor.py:208} INFO - Processing /opt/airflow/dags/simulator_4.py took 0.105 seconds
[2024-12-21T18:21:01.773+0000] {processor.py:186} INFO - Started process (PID=4618) to work on /opt/airflow/dags/simulator_4.py
[2024-12-21T18:21:01.777+0000] {processor.py:914} INFO - Processing file /opt/airflow/dags/simulator_4.py for tasks to queue
[2024-12-21T18:21:01.788+0000] {logging_mixin.py:190} INFO - [2024-12-21T18:21:01.787+0000] {dagbag.py:588} INFO - Filling up the DagBag from /opt/airflow/dags/simulator_4.py
[2024-12-21T18:21:01.824+0000] {processor.py:925} INFO - DAG(s) 'simulator_4' retrieved from /opt/airflow/dags/simulator_4.py
[2024-12-21T18:21:01.871+0000] {logging_mixin.py:190} INFO - [2024-12-21T18:21:01.871+0000] {dag.py:3239} INFO - Sync 1 DAGs
[2024-12-21T18:21:01.914+0000] {logging_mixin.py:190} INFO - [2024-12-21T18:21:01.914+0000] {dag.py:4180} INFO - Setting next_dagrun for simulator_4 to 2025-01-01 00:00:00+00:00, run_after=2025-01-02 00:00:00+00:00
[2024-12-21T18:21:01.960+0000] {processor.py:208} INFO - Processing /opt/airflow/dags/simulator_4.py took 0.200 seconds
[2024-12-21T18:21:32.053+0000] {processor.py:186} INFO - Started process (PID=4680) to work on /opt/airflow/dags/simulator_4.py
[2024-12-21T18:21:32.055+0000] {processor.py:914} INFO - Processing file /opt/airflow/dags/simulator_4.py for tasks to queue
[2024-12-21T18:21:32.057+0000] {logging_mixin.py:190} INFO - [2024-12-21T18:21:32.057+0000] {dagbag.py:588} INFO - Filling up the DagBag from /opt/airflow/dags/simulator_4.py
[2024-12-21T18:21:32.083+0000] {processor.py:925} INFO - DAG(s) 'simulator_4' retrieved from /opt/airflow/dags/simulator_4.py
[2024-12-21T18:21:32.109+0000] {logging_mixin.py:190} INFO - [2024-12-21T18:21:32.109+0000] {dag.py:3239} INFO - Sync 1 DAGs
[2024-12-21T18:21:32.141+0000] {logging_mixin.py:190} INFO - [2024-12-21T18:21:32.140+0000] {dag.py:4180} INFO - Setting next_dagrun for simulator_4 to 2025-01-01 00:00:00+00:00, run_after=2025-01-02 00:00:00+00:00
[2024-12-21T18:21:32.165+0000] {processor.py:208} INFO - Processing /opt/airflow/dags/simulator_4.py took 0.119 seconds
[2024-12-21T18:22:02.280+0000] {processor.py:186} INFO - Started process (PID=4747) to work on /opt/airflow/dags/simulator_4.py
[2024-12-21T18:22:02.281+0000] {processor.py:914} INFO - Processing file /opt/airflow/dags/simulator_4.py for tasks to queue
[2024-12-21T18:22:02.283+0000] {logging_mixin.py:190} INFO - [2024-12-21T18:22:02.282+0000] {dagbag.py:588} INFO - Filling up the DagBag from /opt/airflow/dags/simulator_4.py
[2024-12-21T18:22:02.306+0000] {processor.py:925} INFO - DAG(s) 'simulator_4' retrieved from /opt/airflow/dags/simulator_4.py
[2024-12-21T18:22:02.329+0000] {logging_mixin.py:190} INFO - [2024-12-21T18:22:02.329+0000] {dag.py:3239} INFO - Sync 1 DAGs
[2024-12-21T18:22:02.356+0000] {logging_mixin.py:190} INFO - [2024-12-21T18:22:02.356+0000] {dag.py:4180} INFO - Setting next_dagrun for simulator_4 to 2025-01-01 00:00:00+00:00, run_after=2025-01-02 00:00:00+00:00
[2024-12-21T18:22:02.376+0000] {processor.py:208} INFO - Processing /opt/airflow/dags/simulator_4.py took 0.103 seconds
[2024-12-21T18:22:32.443+0000] {processor.py:186} INFO - Started process (PID=4815) to work on /opt/airflow/dags/simulator_4.py
[2024-12-21T18:22:32.444+0000] {processor.py:914} INFO - Processing file /opt/airflow/dags/simulator_4.py for tasks to queue
[2024-12-21T18:22:32.446+0000] {logging_mixin.py:190} INFO - [2024-12-21T18:22:32.446+0000] {dagbag.py:588} INFO - Filling up the DagBag from /opt/airflow/dags/simulator_4.py
[2024-12-21T18:22:32.469+0000] {processor.py:925} INFO - DAG(s) 'simulator_4' retrieved from /opt/airflow/dags/simulator_4.py
[2024-12-21T18:22:32.491+0000] {logging_mixin.py:190} INFO - [2024-12-21T18:22:32.491+0000] {dag.py:3239} INFO - Sync 1 DAGs
[2024-12-21T18:22:32.518+0000] {logging_mixin.py:190} INFO - [2024-12-21T18:22:32.518+0000] {dag.py:4180} INFO - Setting next_dagrun for simulator_4 to 2025-01-01 00:00:00+00:00, run_after=2025-01-02 00:00:00+00:00
[2024-12-21T18:22:32.542+0000] {processor.py:208} INFO - Processing /opt/airflow/dags/simulator_4.py took 0.105 seconds
[2024-12-21T18:23:02.907+0000] {processor.py:186} INFO - Started process (PID=4881) to work on /opt/airflow/dags/simulator_4.py
[2024-12-21T18:23:02.909+0000] {processor.py:914} INFO - Processing file /opt/airflow/dags/simulator_4.py for tasks to queue
[2024-12-21T18:23:02.911+0000] {logging_mixin.py:190} INFO - [2024-12-21T18:23:02.911+0000] {dagbag.py:588} INFO - Filling up the DagBag from /opt/airflow/dags/simulator_4.py
[2024-12-21T18:23:02.937+0000] {processor.py:925} INFO - DAG(s) 'simulator_4' retrieved from /opt/airflow/dags/simulator_4.py
[2024-12-21T18:23:02.960+0000] {logging_mixin.py:190} INFO - [2024-12-21T18:23:02.960+0000] {dag.py:3239} INFO - Sync 1 DAGs
[2024-12-21T18:23:02.990+0000] {logging_mixin.py:190} INFO - [2024-12-21T18:23:02.990+0000] {dag.py:4180} INFO - Setting next_dagrun for simulator_4 to 2025-01-01 00:00:00+00:00, run_after=2025-01-02 00:00:00+00:00
[2024-12-21T18:23:03.013+0000] {processor.py:208} INFO - Processing /opt/airflow/dags/simulator_4.py took 0.113 seconds
[2024-12-21T18:23:33.691+0000] {processor.py:186} INFO - Started process (PID=4949) to work on /opt/airflow/dags/simulator_4.py
[2024-12-21T18:23:33.692+0000] {processor.py:914} INFO - Processing file /opt/airflow/dags/simulator_4.py for tasks to queue
[2024-12-21T18:23:33.693+0000] {logging_mixin.py:190} INFO - [2024-12-21T18:23:33.693+0000] {dagbag.py:588} INFO - Filling up the DagBag from /opt/airflow/dags/simulator_4.py
[2024-12-21T18:23:33.716+0000] {processor.py:925} INFO - DAG(s) 'simulator_4' retrieved from /opt/airflow/dags/simulator_4.py
[2024-12-21T18:23:33.743+0000] {logging_mixin.py:190} INFO - [2024-12-21T18:23:33.742+0000] {dag.py:3239} INFO - Sync 1 DAGs
[2024-12-21T18:23:33.779+0000] {logging_mixin.py:190} INFO - [2024-12-21T18:23:33.779+0000] {dag.py:4180} INFO - Setting next_dagrun for simulator_4 to 2025-01-01 00:00:00+00:00, run_after=2025-01-02 00:00:00+00:00
[2024-12-21T18:23:33.809+0000] {processor.py:208} INFO - Processing /opt/airflow/dags/simulator_4.py took 0.125 seconds
[2024-12-21T18:24:04.418+0000] {processor.py:186} INFO - Started process (PID=5017) to work on /opt/airflow/dags/simulator_4.py
[2024-12-21T18:24:04.420+0000] {processor.py:914} INFO - Processing file /opt/airflow/dags/simulator_4.py for tasks to queue
[2024-12-21T18:24:04.421+0000] {logging_mixin.py:190} INFO - [2024-12-21T18:24:04.421+0000] {dagbag.py:588} INFO - Filling up the DagBag from /opt/airflow/dags/simulator_4.py
[2024-12-21T18:24:04.440+0000] {processor.py:925} INFO - DAG(s) 'simulator_4' retrieved from /opt/airflow/dags/simulator_4.py
[2024-12-21T18:24:04.462+0000] {logging_mixin.py:190} INFO - [2024-12-21T18:24:04.462+0000] {dag.py:3239} INFO - Sync 1 DAGs
[2024-12-21T18:24:04.516+0000] {logging_mixin.py:190} INFO - [2024-12-21T18:24:04.514+0000] {dag.py:4180} INFO - Setting next_dagrun for simulator_4 to 2025-01-01 00:00:00+00:00, run_after=2025-01-02 00:00:00+00:00
[2024-12-21T18:24:04.547+0000] {processor.py:208} INFO - Processing /opt/airflow/dags/simulator_4.py took 0.136 seconds
[2024-12-21T18:24:34.805+0000] {processor.py:186} INFO - Started process (PID=5092) to work on /opt/airflow/dags/simulator_4.py
[2024-12-21T18:24:34.807+0000] {processor.py:914} INFO - Processing file /opt/airflow/dags/simulator_4.py for tasks to queue
[2024-12-21T18:24:34.808+0000] {logging_mixin.py:190} INFO - [2024-12-21T18:24:34.808+0000] {dagbag.py:588} INFO - Filling up the DagBag from /opt/airflow/dags/simulator_4.py
[2024-12-21T18:24:34.829+0000] {processor.py:925} INFO - DAG(s) 'simulator_4' retrieved from /opt/airflow/dags/simulator_4.py
[2024-12-21T18:24:34.874+0000] {logging_mixin.py:190} INFO - [2024-12-21T18:24:34.873+0000] {dag.py:3239} INFO - Sync 1 DAGs
[2024-12-21T18:24:34.916+0000] {logging_mixin.py:190} INFO - [2024-12-21T18:24:34.916+0000] {dag.py:4180} INFO - Setting next_dagrun for simulator_4 to 2025-01-01 00:00:00+00:00, run_after=2025-01-02 00:00:00+00:00
[2024-12-21T18:24:34.938+0000] {processor.py:208} INFO - Processing /opt/airflow/dags/simulator_4.py took 0.141 seconds
[2024-12-21T18:25:05.129+0000] {processor.py:186} INFO - Started process (PID=5160) to work on /opt/airflow/dags/simulator_4.py
[2024-12-21T18:25:05.130+0000] {processor.py:914} INFO - Processing file /opt/airflow/dags/simulator_4.py for tasks to queue
[2024-12-21T18:25:05.131+0000] {logging_mixin.py:190} INFO - [2024-12-21T18:25:05.131+0000] {dagbag.py:588} INFO - Filling up the DagBag from /opt/airflow/dags/simulator_4.py
[2024-12-21T18:25:05.152+0000] {processor.py:925} INFO - DAG(s) 'simulator_4' retrieved from /opt/airflow/dags/simulator_4.py
[2024-12-21T18:25:05.179+0000] {logging_mixin.py:190} INFO - [2024-12-21T18:25:05.179+0000] {dag.py:3239} INFO - Sync 1 DAGs
[2024-12-21T18:25:05.211+0000] {logging_mixin.py:190} INFO - [2024-12-21T18:25:05.211+0000] {dag.py:4180} INFO - Setting next_dagrun for simulator_4 to 2025-01-01 00:00:00+00:00, run_after=2025-01-02 00:00:00+00:00
[2024-12-21T18:25:05.236+0000] {processor.py:208} INFO - Processing /opt/airflow/dags/simulator_4.py took 0.115 seconds
[2024-12-21T18:25:36.005+0000] {processor.py:186} INFO - Started process (PID=5228) to work on /opt/airflow/dags/simulator_4.py
[2024-12-21T18:25:36.007+0000] {processor.py:914} INFO - Processing file /opt/airflow/dags/simulator_4.py for tasks to queue
[2024-12-21T18:25:36.009+0000] {logging_mixin.py:190} INFO - [2024-12-21T18:25:36.008+0000] {dagbag.py:588} INFO - Filling up the DagBag from /opt/airflow/dags/simulator_4.py
[2024-12-21T18:25:36.028+0000] {processor.py:925} INFO - DAG(s) 'simulator_4' retrieved from /opt/airflow/dags/simulator_4.py
[2024-12-21T18:25:36.051+0000] {logging_mixin.py:190} INFO - [2024-12-21T18:25:36.050+0000] {dag.py:3239} INFO - Sync 1 DAGs
[2024-12-21T18:25:36.081+0000] {logging_mixin.py:190} INFO - [2024-12-21T18:25:36.081+0000] {dag.py:4180} INFO - Setting next_dagrun for simulator_4 to 2025-01-01 00:00:00+00:00, run_after=2025-01-02 00:00:00+00:00
[2024-12-21T18:25:36.103+0000] {processor.py:208} INFO - Processing /opt/airflow/dags/simulator_4.py took 0.105 seconds
[2024-12-21T18:26:06.335+0000] {processor.py:186} INFO - Started process (PID=5296) to work on /opt/airflow/dags/simulator_4.py
[2024-12-21T18:26:06.336+0000] {processor.py:914} INFO - Processing file /opt/airflow/dags/simulator_4.py for tasks to queue
[2024-12-21T18:26:06.338+0000] {logging_mixin.py:190} INFO - [2024-12-21T18:26:06.338+0000] {dagbag.py:588} INFO - Filling up the DagBag from /opt/airflow/dags/simulator_4.py
[2024-12-21T18:26:06.357+0000] {processor.py:925} INFO - DAG(s) 'simulator_4' retrieved from /opt/airflow/dags/simulator_4.py
[2024-12-21T18:26:06.381+0000] {logging_mixin.py:190} INFO - [2024-12-21T18:26:06.380+0000] {dag.py:3239} INFO - Sync 1 DAGs
[2024-12-21T18:26:06.414+0000] {logging_mixin.py:190} INFO - [2024-12-21T18:26:06.414+0000] {dag.py:4180} INFO - Setting next_dagrun for simulator_4 to 2025-01-01 00:00:00+00:00, run_after=2025-01-02 00:00:00+00:00
[2024-12-21T18:26:06.437+0000] {processor.py:208} INFO - Processing /opt/airflow/dags/simulator_4.py took 0.109 seconds
[2024-12-21T18:26:36.945+0000] {processor.py:186} INFO - Started process (PID=5364) to work on /opt/airflow/dags/simulator_4.py
[2024-12-21T18:26:36.946+0000] {processor.py:914} INFO - Processing file /opt/airflow/dags/simulator_4.py for tasks to queue
[2024-12-21T18:26:36.948+0000] {logging_mixin.py:190} INFO - [2024-12-21T18:26:36.948+0000] {dagbag.py:588} INFO - Filling up the DagBag from /opt/airflow/dags/simulator_4.py
[2024-12-21T18:26:36.970+0000] {processor.py:925} INFO - DAG(s) 'simulator_4' retrieved from /opt/airflow/dags/simulator_4.py
[2024-12-21T18:26:36.993+0000] {logging_mixin.py:190} INFO - [2024-12-21T18:26:36.992+0000] {dag.py:3239} INFO - Sync 1 DAGs
[2024-12-21T18:26:37.024+0000] {logging_mixin.py:190} INFO - [2024-12-21T18:26:37.023+0000] {dag.py:4180} INFO - Setting next_dagrun for simulator_4 to 2025-01-01 00:00:00+00:00, run_after=2025-01-02 00:00:00+00:00
[2024-12-21T18:26:37.047+0000] {processor.py:208} INFO - Processing /opt/airflow/dags/simulator_4.py took 0.112 seconds
[2024-12-21T18:27:07.559+0000] {processor.py:186} INFO - Started process (PID=5432) to work on /opt/airflow/dags/simulator_4.py
[2024-12-21T18:27:07.561+0000] {processor.py:914} INFO - Processing file /opt/airflow/dags/simulator_4.py for tasks to queue
[2024-12-21T18:27:07.562+0000] {logging_mixin.py:190} INFO - [2024-12-21T18:27:07.562+0000] {dagbag.py:588} INFO - Filling up the DagBag from /opt/airflow/dags/simulator_4.py
[2024-12-21T18:27:07.587+0000] {processor.py:925} INFO - DAG(s) 'simulator_4' retrieved from /opt/airflow/dags/simulator_4.py
[2024-12-21T18:27:07.627+0000] {logging_mixin.py:190} INFO - [2024-12-21T18:27:07.626+0000] {dag.py:3239} INFO - Sync 1 DAGs
[2024-12-21T18:27:07.699+0000] {logging_mixin.py:190} INFO - [2024-12-21T18:27:07.698+0000] {dag.py:4180} INFO - Setting next_dagrun for simulator_4 to 2025-01-01 00:00:00+00:00, run_after=2025-01-02 00:00:00+00:00
[2024-12-21T18:27:07.736+0000] {processor.py:208} INFO - Processing /opt/airflow/dags/simulator_4.py took 0.185 seconds
[2024-12-21T18:27:33.286+0000] {processor.py:186} INFO - Started process (PID=5494) to work on /opt/airflow/dags/simulator_4.py
[2024-12-21T18:27:33.287+0000] {processor.py:914} INFO - Processing file /opt/airflow/dags/simulator_4.py for tasks to queue
[2024-12-21T18:27:33.289+0000] {logging_mixin.py:190} INFO - [2024-12-21T18:27:33.289+0000] {dagbag.py:588} INFO - Filling up the DagBag from /opt/airflow/dags/simulator_4.py
[2024-12-21T18:27:33.326+0000] {processor.py:925} INFO - DAG(s) 'simulator_4' retrieved from /opt/airflow/dags/simulator_4.py
[2024-12-21T18:27:33.358+0000] {logging_mixin.py:190} INFO - [2024-12-21T18:27:33.358+0000] {dag.py:3239} INFO - Sync 1 DAGs
[2024-12-21T18:27:33.396+0000] {logging_mixin.py:190} INFO - [2024-12-21T18:27:33.395+0000] {dag.py:4180} INFO - Setting next_dagrun for simulator_4 to 2025-01-01 00:00:00+00:00, run_after=2025-01-02 00:00:00+00:00
[2024-12-21T18:27:33.428+0000] {processor.py:208} INFO - Processing /opt/airflow/dags/simulator_4.py took 0.151 seconds
[2024-12-21T18:28:03.630+0000] {processor.py:186} INFO - Started process (PID=5562) to work on /opt/airflow/dags/simulator_4.py
[2024-12-21T18:28:03.635+0000] {processor.py:914} INFO - Processing file /opt/airflow/dags/simulator_4.py for tasks to queue
[2024-12-21T18:28:03.636+0000] {logging_mixin.py:190} INFO - [2024-12-21T18:28:03.636+0000] {dagbag.py:588} INFO - Filling up the DagBag from /opt/airflow/dags/simulator_4.py
[2024-12-21T18:28:03.671+0000] {processor.py:925} INFO - DAG(s) 'simulator_4' retrieved from /opt/airflow/dags/simulator_4.py
[2024-12-21T18:28:03.697+0000] {logging_mixin.py:190} INFO - [2024-12-21T18:28:03.696+0000] {dag.py:3239} INFO - Sync 1 DAGs
[2024-12-21T18:28:03.727+0000] {logging_mixin.py:190} INFO - [2024-12-21T18:28:03.726+0000] {dag.py:4180} INFO - Setting next_dagrun for simulator_4 to 2025-01-01 00:00:00+00:00, run_after=2025-01-02 00:00:00+00:00
[2024-12-21T18:28:03.749+0000] {processor.py:208} INFO - Processing /opt/airflow/dags/simulator_4.py took 0.127 seconds
