[2024-12-22T11:57:10.154+0000] {local_task_job_runner.py:123} INFO - ::group::Pre task execution logs
[2024-12-22T11:57:10.189+0000] {taskinstance.py:2613} INFO - Dependencies all met for dep_context=non-requeueable deps ti=<TaskInstance: simulator_5.send_kpi_value_to_django manual__2024-12-22T11:57:01.875661+00:00 [queued]>
[2024-12-22T11:57:10.203+0000] {taskinstance.py:2613} INFO - Dependencies all met for dep_context=requeueable deps ti=<TaskInstance: simulator_5.send_kpi_value_to_django manual__2024-12-22T11:57:01.875661+00:00 [queued]>
[2024-12-22T11:57:10.204+0000] {taskinstance.py:2866} INFO - Starting attempt 1 of 2
[2024-12-22T11:57:10.228+0000] {taskinstance.py:2889} INFO - Executing <Task(PythonOperator): send_kpi_value_to_django> on 2024-12-22 11:57:01.875661+00:00
[2024-12-22T11:57:10.240+0000] {warnings.py:112} WARNING - /home/***/.local/lib/python3.12/site-packages/***/task/task_runner/standard_task_runner.py:70: DeprecationWarning: This process (pid=147) is multi-threaded, use of fork() may lead to deadlocks in the child.
  pid = os.fork()

[2024-12-22T11:57:10.243+0000] {standard_task_runner.py:72} INFO - Started process 149 to run task
[2024-12-22T11:57:10.243+0000] {standard_task_runner.py:104} INFO - Running: ['***', 'tasks', 'run', 'simulator_5', 'send_kpi_value_to_django', 'manual__2024-12-22T11:57:01.875661+00:00', '--job-id', '66', '--raw', '--subdir', 'DAGS_FOLDER/simulator_5.py', '--cfg-path', '/tmp/tmpslm6pix3']
[2024-12-22T11:57:10.245+0000] {standard_task_runner.py:105} INFO - Job 66: Subtask send_kpi_value_to_django
[2024-12-22T11:57:10.341+0000] {task_command.py:467} INFO - Running <TaskInstance: simulator_5.send_kpi_value_to_django manual__2024-12-22T11:57:01.875661+00:00 [running]> on host 6c02c561556a
[2024-12-22T11:57:10.814+0000] {taskinstance.py:3132} INFO - Exporting env vars: AIRFLOW_CTX_DAG_OWNER='***' AIRFLOW_CTX_DAG_ID='simulator_5' AIRFLOW_CTX_TASK_ID='send_kpi_value_to_django' AIRFLOW_CTX_EXECUTION_DATE='2024-12-22T11:57:01.875661+00:00' AIRFLOW_CTX_TRY_NUMBER='1' AIRFLOW_CTX_DAG_RUN_ID='manual__2024-12-22T11:57:01.875661+00:00'
[2024-12-22T11:57:10.815+0000] {logging_mixin.py:190} INFO - Task instance is in running state
[2024-12-22T11:57:10.816+0000] {logging_mixin.py:190} INFO -  Previous state of the Task instance: queued
[2024-12-22T11:57:10.817+0000] {logging_mixin.py:190} INFO - Current task name:send_kpi_value_to_django state:running start_date:2024-12-22 11:57:10.190888+00:00
[2024-12-22T11:57:10.819+0000] {logging_mixin.py:190} INFO - Dag name:simulator_5 and current dag run status:running
[2024-12-22T11:57:10.820+0000] {taskinstance.py:731} INFO - ::endgroup::
[2024-12-22T11:57:10.917+0000] {logging_mixin.py:190} INFO - Response: {'detail': 'KPI value saved successfully.'}
[2024-12-22T11:57:10.918+0000] {python.py:240} INFO - Done. Returned value was: None
[2024-12-22T11:57:10.940+0000] {taskinstance.py:340} INFO - ::group::Post task execution logs
[2024-12-22T11:57:10.941+0000] {taskinstance.py:352} INFO - Marking task as SUCCESS. dag_id=simulator_5, task_id=send_kpi_value_to_django, run_id=manual__2024-12-22T11:57:01.875661+00:00, execution_date=20241222T115701, start_date=20241222T115710, end_date=20241222T115710
[2024-12-22T11:57:10.960+0000] {logging_mixin.py:190} INFO - Task instance in success state
[2024-12-22T11:57:10.961+0000] {logging_mixin.py:190} INFO -  Previous state of the Task instance: running
[2024-12-22T11:57:10.962+0000] {logging_mixin.py:190} INFO - Dag name:simulator_5 queued_at:2024-12-22 11:57:01.904917+00:00
[2024-12-22T11:57:10.963+0000] {logging_mixin.py:190} INFO - Task hostname:6c02c561556a operator:PythonOperator
[2024-12-22T11:57:11.025+0000] {local_task_job_runner.py:266} INFO - Task exited with return code 0
[2024-12-22T11:57:11.056+0000] {taskinstance.py:3895} INFO - 0 downstream tasks scheduled from follow-on schedule check
[2024-12-22T11:57:11.059+0000] {local_task_job_runner.py:245} INFO - ::endgroup::
